<?xml version="1.0" encoding="UTF-8"?>
<testsuite name="com.app.server.service.organization.contactmanagement.EmailCommunicationTestCase" tests="6" skipped="0" failures="0" errors="0" timestamp="2016-09-19T09:45:54" hostname="b68a979f9de0" time="0.665">
  <properties/>
  <testcase name="test1Save" classname="com.app.server.service.organization.contactmanagement.EmailCommunicationTestCase" time="0.296"/>
  <testcase name="test2Update" classname="com.app.server.service.organization.contactmanagement.EmailCommunicationTestCase" time="0.077"/>
  <testcase name="test3FindById" classname="com.app.server.service.organization.contactmanagement.EmailCommunicationTestCase" time="0.023"/>
  <testcase name="test3findBycommType" classname="com.app.server.service.organization.contactmanagement.EmailCommunicationTestCase" time="0.024"/>
  <testcase name="test5NegativeTesting" classname="com.app.server.service.organization.contactmanagement.EmailCommunicationTestCase" time="0.013"/>
  <testcase name="test6Delete" classname="com.app.server.service.organization.contactmanagement.EmailCommunicationTestCase" time="0.23"/>
  <system-out><![CDATA[Mon Sep 19 09:45:54 UTC 2016|Log Manager Factory|Initialization Process started.....
Mon Sep 19 09:45:54 UTC 2016|Log Manager|Initialized with Path = [/home/applifire/workspace/testproject/src/main/webapp/WEB-INF/conf]
Mon Sep 19 09:45:54 UTC 2016|Alarm Manager|Initialized with Path = [/home/applifire/workspace/testproject/src/main/webapp/WEB-INF/conf]
Mon Sep 19 09:45:54 UTC 2016|Alarm Manager|Loading Alarms ......
Mon Sep 19 09:45:54 UTC 2016|Alarm XML Parser|FWA|XML Parsing Complete........ 
Mon Sep 19 09:45:54 UTC 2016|Alarm File Manager|FWA|Alarm File Status.. [ApplicationFrameworkAlarms.xml]|Version=15|Status=Done 
Mon Sep 19 09:45:54 UTC 2016|Alarm File Manager|FWA|Alarm Stats = ( BC/AL=5/786 SYS=5/11 [786/0]  TPL=0/0 [0/0]  APP= A.Map=[875]  E.Map EC/RC=[391/79] )
Mon Sep 19 09:45:54 UTC 2016|Alarm XML Parser|APP|XML Parsing Complete........ 
Mon Sep 19 09:45:54 UTC 2016|Alarm File Manager|APP|Alarm File Status.. [ApplicationAlarms.xml]|Version=1|Status=Done 
Mon Sep 19 09:45:54 UTC 2016|Alarm File Manager|APP|Alarm Stats = ( BC/AL=5/786 SYS=5/11 [786/0]  TPL=0/0 [0/0]  APP=0/0 [0/0]  A.Map=[875]  E.Map EC/RC=[391/79] )
Mon Sep 19 09:45:54 UTC 2016|ApplicationAlarmContext| <><><><><> Create App Alarms ....  <><><><><> 
Mon Sep 19 09:45:54 UTC 2016|ApplicationAlarmContext|Alarms are generated ONLY in Development Mode.. 
Mon Sep 19 09:45:54 UTC 2016|Alarm Manager|APP|Alarm Stats = ( BC/AL=5/786 SYS=5/11 [786/0]  TPL=0/0 [0/0]  APP=0/0 [0/0]  A.Map=[875]  E.Map EC/RC=[391/79] )
Mon Sep 19 09:45:54 UTC 2016|Alarm Manager|Initialized Exception Lookup...
Mon Sep 19 09:45:54 UTC 2016|Log Manager|Initialize Log Config File ......
Mon Sep 19 09:45:54 UTC 2016|Pluggable Connectors|Adding Connectors : StandardOutputConnector isEnabled=true isDefault=false isFallBack=true
Mon Sep 19 09:45:54 UTC 2016|Pluggable Connectors|Adding Connectors : StandardFileConnector isEnabled=true isDefault=false isFallBack=false
Mon Sep 19 09:45:54 UTC 2016|Pluggable Connectors|Adding Connectors : Sprinkler isEnabled=true isDefault=true isFallBack=false
Mon Sep 19 09:45:54 UTC 2016|Pluggable Connectors|Default Connector Name : com.spartan.logger.core.LogMessenger
Mon Sep 19 09:45:54 UTC 2016|Log Config Parser|Connector Least Log Level =[4]  FallBack Log Level =[3]
Mon Sep 19 09:45:54 UTC 2016|Log Manager|Loading Default Connector for Logging ......
Mon Sep 19 09:45:54 UTC 2016|Log Manager|Loading class .. com.spartan.logger.core.LogMessenger
Mon Sep 19 09:45:54 UTC 2016|Plugggable Connector|Connector class com.spartan.logger.core.LogMessenger Initialized... @ Log Level = 3
Mon Sep 19 09:45:54 UTC 2016|Log Manager|Starting the Default Connector [com.spartan.logger.core.LogMessenger@3d1e3977] ....
Mon Sep 19 09:45:54 UTC 2016|Scheduler|Starting the Scheduler ......
Mon Sep 19 09:45:54 UTC 2016|Scheduler|Adding [LMID=[9d233f14-95d4-4cd7-a24f-17ebd1a46f95]] Delay=5 Time Unit=MINUTES
Mon Sep 19 09:45:54 UTC 2016|Scheduler|Adding [App Alarm Manager File=[ApplicationAlarms.xml]] Delay=30 Time Unit=MINUTES
Mon Sep 19 09:45:54 UTC 2016|Scheduler|Adding [FW Alarm Manager File=[ApplicationFrameworkAlarms.xml]] Delay=3 Time Unit=MINUTES
Mon Sep 19 09:45:54 UTC 2016|Scheduler|Startup Completed..
Mon Sep 19 09:45:54 UTC 2016|Log Manager|Initialization Process Complete ......
Mon Sep 19 09:45:54 UTC 2016|Log Manager Factory|Log Manager READY! ID = 9d233f14-95d4-4cd7-a24f-17ebd1a46f95
[EL Finer]: connection: 2016-09-19 09:45:54.666--ServerSession(1800530428)--Thread(Thread[Test worker,5,main])--client acquired: 92549296
[EL Finer]: transaction: 2016-09-19 09:45:54.666--ClientSession(92549296)--Thread(Thread[Test worker,5,main])--acquire unit of work: 697857444
[EL Finest]: connection: 2016-09-19 09:45:54.666--ServerSession(1800530428)--Connection(1481865041)--Thread(Thread[Test worker,5,main])--Connection acquired from connection pool [default].
[EL Finer]: transaction: 2016-09-19 09:45:54.666--ClientSession(92549296)--Connection(1481865041)--Thread(Thread[Test worker,5,main])--begin transaction
[EL Finest]: connection: 2016-09-19 09:45:54.667--ClientSession(92549296)--Thread(Thread[Test worker,5,main])--reconnecting to external connection pool
[EL Finest]: transaction: 2016-09-19 09:45:54.669--UnitOfWork(697857444)--Thread(Thread[Test worker,5,main])--persist() operation called on: JG8dAolhqjW6qeRlGbqjhEbo1SaYkAf90xSgHyUVSgdqULSbRq.
[EL Finest]: sequencing: 2016-09-19 09:45:54.669--UnitOfWork(697857444)--Thread(Thread[Test worker,5,main])--assign sequence to the object (B30088B1-D22A-4EF0-9C2F-279E43A1DDE4 -> JG8dAolhqjW6qeRlGbqjhEbo1SaYkAf90xSgHyUVSgdqULSbRq)
Mon Sep 19 09:45:54 UTC 2016|Unknown Alarm = ORGCM322100200 Alarm Split = ORG-CM-3-2-2-100-200
[EL Finer]: transaction: 2016-09-19 09:45:54.67--UnitOfWork(697857444)--Thread(Thread[Test worker,5,main])--begin unit of work commit
[EL Finest]: query: 2016-09-19 09:45:54.67--UnitOfWork(697857444)--Thread(Thread[Test worker,5,main])--Execute query InsertObjectQuery(JG8dAolhqjW6qeRlGbqjhEbo1SaYkAf90xSgHyUVSgdqULSbRq)
[EL Fine]: sql: 2016-09-19 09:45:54.671--ClientSession(92549296)--Connection(1681685353)--Thread(Thread[Test worker,5,main])--INSERT INTO ast_EmailCategory_M (emailCatId, emailCatName, versionId, createdBy, createdDate, updatedBy, updatedDate, activeStatus, txnAccessCode) VALUES (?, ?, ?, ?, ?, ?, ?, ?, ?)
	bind => [B30088B1-D22A-4EF0-9C2F-279E43A1DDE4, JG8dAolhqjW6qeRlGbqjhEbo1SaYkAf90xSgHyUVSgdqULSbRq, 1, AAAAA, 2016-09-19 09:45:54.652, AAAAA, 2016-09-19 09:45:54.652, 1, 51000]
[EL Finer]: transaction: 2016-09-19 09:45:54.673--ClientSession(92549296)--Connection(1681685353)--Thread(Thread[Test worker,5,main])--commit transaction
[EL Finest]: connection: 2016-09-19 09:45:54.798--ServerSession(1800530428)--Connection(1481865041)--Thread(Thread[Test worker,5,main])--Connection released to connection pool [default].
[EL Finer]: transaction: 2016-09-19 09:45:54.799--UnitOfWork(697857444)--Thread(Thread[Test worker,5,main])--end unit of work commit
[EL Finer]: transaction: 2016-09-19 09:45:54.799--UnitOfWork(697857444)--Thread(Thread[Test worker,5,main])--resume unit of work
[EL Finer]: transaction: 2016-09-19 09:45:54.799--UnitOfWork(697857444)--Thread(Thread[Test worker,5,main])--release unit of work
[EL Finer]: connection: 2016-09-19 09:45:54.799--ClientSession(92549296)--Thread(Thread[Test worker,5,main])--client released
[EL Finer]: connection: 2016-09-19 09:45:54.875--ServerSession(1800530428)--Thread(Thread[Test worker,5,main])--client acquired: 1133915802
[EL Finer]: transaction: 2016-09-19 09:45:54.875--ClientSession(1133915802)--Thread(Thread[Test worker,5,main])--acquire unit of work: 953000736
[EL Finest]: connection: 2016-09-19 09:45:54.875--ServerSession(1800530428)--Connection(1150330626)--Thread(Thread[Test worker,5,main])--Connection acquired from connection pool [default].
[EL Finer]: transaction: 2016-09-19 09:45:54.875--ClientSession(1133915802)--Connection(1150330626)--Thread(Thread[Test worker,5,main])--begin transaction
[EL Finest]: connection: 2016-09-19 09:45:54.875--ClientSession(1133915802)--Thread(Thread[Test worker,5,main])--reconnecting to external connection pool
[EL Finest]: transaction: 2016-09-19 09:45:54.881--UnitOfWork(953000736)--Thread(Thread[Test worker,5,main])--persist() operation called on: .
[EL Finest]: sequencing: 2016-09-19 09:45:54.881--UnitOfWork(953000736)--Thread(Thread[Test worker,5,main])--assign sequence to the object (AEBDB255-87CA-45F6-839B-1BE6C9EEBCD8 -> )
Mon Sep 19 09:45:54 UTC 2016|Unknown Alarm = ORGCM322100200 Alarm Split = ORG-CM-3-2-2-100-200
[EL Finer]: transaction: 2016-09-19 09:45:54.882--UnitOfWork(953000736)--Thread(Thread[Test worker,5,main])--begin unit of work commit
[EL Finest]: query: 2016-09-19 09:45:54.883--UnitOfWork(953000736)--Thread(Thread[Test worker,5,main])--Execute query InsertObjectQuery()
[EL Fine]: sql: 2016-09-19 09:45:54.883--ClientSession(1133915802)--Connection(1555736150)--Thread(Thread[Test worker,5,main])--INSERT INTO ast_EmailCommunication_T (emailCommId, commType, email, versionId, createdBy, createdDate, updatedBy, updatedDate, activeStatus, txnAccessCode) VALUES (?, ?, ?, ?, ?, ?, ?, ?, ?, ?)
	bind => [AEBDB255-87CA-45F6-839B-1BE6C9EEBCD8, B30088B1-D22A-4EF0-9C2F-279E43A1DDE4, UmkntLxqZFoFdpQbYR9IjdaVOXdo5gD3L6ex4exkRz2JkHNf6x, 1, AAAAA, 2016-09-19 09:45:54.799, AAAAA, 2016-09-19 09:45:54.799, 1, 51000]
[EL Finer]: transaction: 2016-09-19 09:45:54.885--ClientSession(1133915802)--Connection(1555736150)--Thread(Thread[Test worker,5,main])--commit transaction
[EL Finest]: connection: 2016-09-19 09:45:54.923--ServerSession(1800530428)--Connection(1150330626)--Thread(Thread[Test worker,5,main])--Connection released to connection pool [default].
[EL Finer]: transaction: 2016-09-19 09:45:54.923--UnitOfWork(953000736)--Thread(Thread[Test worker,5,main])--end unit of work commit
[EL Finer]: transaction: 2016-09-19 09:45:54.923--UnitOfWork(953000736)--Thread(Thread[Test worker,5,main])--resume unit of work
[EL Finer]: transaction: 2016-09-19 09:45:54.923--UnitOfWork(953000736)--Thread(Thread[Test worker,5,main])--release unit of work
[EL Finer]: connection: 2016-09-19 09:45:54.923--ClientSession(1133915802)--Thread(Thread[Test worker,5,main])--client released
[EL Finer]: connection: 2016-09-19 09:45:54.944--ServerSession(1800530428)--Thread(Thread[Test worker,5,main])--client acquired: 268625625
[EL Finer]: transaction: 2016-09-19 09:45:54.944--ClientSession(268625625)--Thread(Thread[Test worker,5,main])--acquire unit of work: 780253381
[EL Finest]: connection: 2016-09-19 09:45:54.944--ServerSession(1800530428)--Connection(1183425885)--Thread(Thread[Test worker,5,main])--Connection acquired from connection pool [default].
[EL Finer]: transaction: 2016-09-19 09:45:54.944--ClientSession(268625625)--Connection(1183425885)--Thread(Thread[Test worker,5,main])--begin transaction
[EL Finest]: connection: 2016-09-19 09:45:54.944--ClientSession(268625625)--Thread(Thread[Test worker,5,main])--reconnecting to external connection pool
[EL Finer]: transaction: 2016-09-19 09:45:54.946--UnitOfWork(780253381)--Thread(Thread[Test worker,5,main])--begin unit of work flush
[EL Finer]: transaction: 2016-09-19 09:45:54.946--UnitOfWork(780253381)--Thread(Thread[Test worker,5,main])--end unit of work flush
[EL Finest]: query: 2016-09-19 09:45:54.946--UnitOfWork(780253381)--Thread(Thread[Test worker,5,main])--Execute query ReadAllQuery(name="EmailCommunication.findById" referenceClass=EmailCommunication sql="SELECT emailCommId, commType, email, versionId, createdBy, createdDate, updatedBy, updatedDate, activeStatus, txnAccessCode FROM ast_EmailCommunication_T WHERE ((activeStatus = ?) AND (emailCommId = ?))")
[EL Fine]: sql: 2016-09-19 09:45:54.946--ClientSession(268625625)--Connection(1713710012)--Thread(Thread[Test worker,5,main])--SELECT emailCommId, commType, email, versionId, createdBy, createdDate, updatedBy, updatedDate, activeStatus, txnAccessCode FROM ast_EmailCommunication_T WHERE ((activeStatus = ?) AND (emailCommId = ?))
	bind => [1, AEBDB255-87CA-45F6-839B-1BE6C9EEBCD8]
Mon Sep 19 09:45:54 UTC 2016|Unknown Alarm = ORGCM324100200 Alarm Split = ORG-CM-3-2-4-100-200
[EL Finer]: transaction: 2016-09-19 09:45:54.948--UnitOfWork(780253381)--Thread(Thread[Test worker,5,main])--begin unit of work commit
[EL Finer]: transaction: 2016-09-19 09:45:54.948--ClientSession(268625625)--Connection(1713710012)--Thread(Thread[Test worker,5,main])--commit transaction
[EL Finest]: connection: 2016-09-19 09:45:54.949--ServerSession(1800530428)--Connection(1183425885)--Thread(Thread[Test worker,5,main])--Connection released to connection pool [default].
[EL Finer]: transaction: 2016-09-19 09:45:54.949--UnitOfWork(780253381)--Thread(Thread[Test worker,5,main])--end unit of work commit
[EL Finer]: transaction: 2016-09-19 09:45:54.949--UnitOfWork(780253381)--Thread(Thread[Test worker,5,main])--resume unit of work
[EL Finer]: transaction: 2016-09-19 09:45:54.949--UnitOfWork(780253381)--Thread(Thread[Test worker,5,main])--release unit of work
[EL Finer]: connection: 2016-09-19 09:45:54.949--ClientSession(268625625)--Thread(Thread[Test worker,5,main])--client released
[EL Finer]: connection: 2016-09-19 09:45:54.95--ServerSession(1800530428)--Thread(Thread[Test worker,5,main])--client acquired: 1973688777
[EL Finer]: transaction: 2016-09-19 09:45:54.95--ClientSession(1973688777)--Thread(Thread[Test worker,5,main])--acquire unit of work: 1754863477
[EL Finest]: connection: 2016-09-19 09:45:54.95--ServerSession(1800530428)--Connection(450050041)--Thread(Thread[Test worker,5,main])--Connection acquired from connection pool [default].
[EL Finer]: transaction: 2016-09-19 09:45:54.95--ClientSession(1973688777)--Connection(450050041)--Thread(Thread[Test worker,5,main])--begin transaction
[EL Finest]: connection: 2016-09-19 09:45:54.95--ClientSession(1973688777)--Thread(Thread[Test worker,5,main])--reconnecting to external connection pool
[EL Finest]: transaction: 2016-09-19 09:45:54.953--UnitOfWork(1754863477)--Thread(Thread[Test worker,5,main])--Merge clone with references 
[EL Finest]: query: 2016-09-19 09:45:54.953--UnitOfWork(1754863477)--Thread(Thread[Test worker,5,main])--Execute query ReadObjectQuery(referenceClass=EmailCommunication )
[EL Fine]: sql: 2016-09-19 09:45:54.954--ClientSession(1973688777)--Connection(301889397)--Thread(Thread[Test worker,5,main])--SELECT emailCommId, commType, email, versionId, createdBy, createdDate, updatedBy, updatedDate, activeStatus, txnAccessCode FROM ast_EmailCommunication_T WHERE (emailCommId = ?)
	bind => [AEBDB255-87CA-45F6-839B-1BE6C9EEBCD8]
Mon Sep 19 09:45:54 UTC 2016|Unknown Alarm = ORGCM321100200 Alarm Split = ORG-CM-3-2-1-100-200
[EL Finer]: transaction: 2016-09-19 09:45:54.955--UnitOfWork(1754863477)--Thread(Thread[Test worker,5,main])--begin unit of work commit
[EL Finest]: query: 2016-09-19 09:45:54.956--UnitOfWork(1754863477)--Thread(Thread[Test worker,5,main])--Execute query UpdateObjectQuery()
[EL Fine]: sql: 2016-09-19 09:45:54.956--ClientSession(1973688777)--Connection(301889397)--Thread(Thread[Test worker,5,main])--UPDATE ast_EmailCommunication_T SET email = ?, versionId = ? WHERE ((emailCommId = ?) AND (versionId = ?))
	bind => [cMdAxKQfc53XOaUFDYqmWh2AXLdJwZRC0WtZfZu9qySe5SkKav, 2, AEBDB255-87CA-45F6-839B-1BE6C9EEBCD8, 1]
[EL Finer]: transaction: 2016-09-19 09:45:54.958--ClientSession(1973688777)--Connection(301889397)--Thread(Thread[Test worker,5,main])--commit transaction
[EL Finest]: connection: 2016-09-19 09:45:55.0--ServerSession(1800530428)--Connection(450050041)--Thread(Thread[Test worker,5,main])--Connection released to connection pool [default].
[EL Finer]: transaction: 2016-09-19 09:45:55.0--UnitOfWork(1754863477)--Thread(Thread[Test worker,5,main])--end unit of work commit
[EL Finer]: transaction: 2016-09-19 09:45:55.001--UnitOfWork(1754863477)--Thread(Thread[Test worker,5,main])--resume unit of work
[EL Finer]: transaction: 2016-09-19 09:45:55.001--UnitOfWork(1754863477)--Thread(Thread[Test worker,5,main])--release unit of work
[EL Finer]: connection: 2016-09-19 09:45:55.001--ClientSession(1973688777)--Thread(Thread[Test worker,5,main])--client released
[EL Finer]: connection: 2016-09-19 09:45:55.02--ServerSession(1800530428)--Thread(Thread[Test worker,5,main])--client acquired: 182589208
[EL Finer]: transaction: 2016-09-19 09:45:55.02--ClientSession(182589208)--Thread(Thread[Test worker,5,main])--acquire unit of work: 22687293
[EL Finest]: connection: 2016-09-19 09:45:55.02--ServerSession(1800530428)--Connection(1200727932)--Thread(Thread[Test worker,5,main])--Connection acquired from connection pool [default].
[EL Finer]: transaction: 2016-09-19 09:45:55.02--ClientSession(182589208)--Connection(1200727932)--Thread(Thread[Test worker,5,main])--begin transaction
[EL Finest]: connection: 2016-09-19 09:45:55.02--ClientSession(182589208)--Thread(Thread[Test worker,5,main])--reconnecting to external connection pool
[EL Finer]: transaction: 2016-09-19 09:45:55.021--UnitOfWork(22687293)--Thread(Thread[Test worker,5,main])--begin unit of work flush
[EL Finer]: transaction: 2016-09-19 09:45:55.021--UnitOfWork(22687293)--Thread(Thread[Test worker,5,main])--end unit of work flush
[EL Finest]: query: 2016-09-19 09:45:55.021--UnitOfWork(22687293)--Thread(Thread[Test worker,5,main])--Execute query ReadAllQuery(name="EmailCommunication.findById" referenceClass=EmailCommunication sql="SELECT emailCommId, commType, email, versionId, createdBy, createdDate, updatedBy, updatedDate, activeStatus, txnAccessCode FROM ast_EmailCommunication_T WHERE ((activeStatus = ?) AND (emailCommId = ?))")
[EL Fine]: sql: 2016-09-19 09:45:55.022--ClientSession(182589208)--Connection(723697956)--Thread(Thread[Test worker,5,main])--SELECT emailCommId, commType, email, versionId, createdBy, createdDate, updatedBy, updatedDate, activeStatus, txnAccessCode FROM ast_EmailCommunication_T WHERE ((activeStatus = ?) AND (emailCommId = ?))
	bind => [1, AEBDB255-87CA-45F6-839B-1BE6C9EEBCD8]
Mon Sep 19 09:45:55 UTC 2016|Unknown Alarm = ORGCM324100200 Alarm Split = ORG-CM-3-2-4-100-200
[EL Finer]: transaction: 2016-09-19 09:45:55.023--UnitOfWork(22687293)--Thread(Thread[Test worker,5,main])--begin unit of work commit
[EL Finer]: transaction: 2016-09-19 09:45:55.023--ClientSession(182589208)--Connection(723697956)--Thread(Thread[Test worker,5,main])--commit transaction
[EL Finest]: connection: 2016-09-19 09:45:55.024--ServerSession(1800530428)--Connection(1200727932)--Thread(Thread[Test worker,5,main])--Connection released to connection pool [default].
[EL Finer]: transaction: 2016-09-19 09:45:55.024--UnitOfWork(22687293)--Thread(Thread[Test worker,5,main])--end unit of work commit
[EL Finer]: transaction: 2016-09-19 09:45:55.024--UnitOfWork(22687293)--Thread(Thread[Test worker,5,main])--resume unit of work
[EL Finer]: transaction: 2016-09-19 09:45:55.024--UnitOfWork(22687293)--Thread(Thread[Test worker,5,main])--release unit of work
[EL Finer]: connection: 2016-09-19 09:45:55.024--ClientSession(182589208)--Thread(Thread[Test worker,5,main])--client released
[EL Finer]: connection: 2016-09-19 09:45:55.043--ServerSession(1800530428)--Thread(Thread[Test worker,5,main])--client acquired: 1553339197
[EL Finer]: transaction: 2016-09-19 09:45:55.043--ClientSession(1553339197)--Thread(Thread[Test worker,5,main])--acquire unit of work: 13187400
[EL Finest]: connection: 2016-09-19 09:45:55.043--ServerSession(1800530428)--Connection(449816159)--Thread(Thread[Test worker,5,main])--Connection acquired from connection pool [default].
[EL Finer]: transaction: 2016-09-19 09:45:55.043--ClientSession(1553339197)--Connection(449816159)--Thread(Thread[Test worker,5,main])--begin transaction
[EL Finest]: connection: 2016-09-19 09:45:55.044--ClientSession(1553339197)--Thread(Thread[Test worker,5,main])--reconnecting to external connection pool
[EL Finer]: transaction: 2016-09-19 09:45:55.045--UnitOfWork(13187400)--Thread(Thread[Test worker,5,main])--begin unit of work flush
[EL Finer]: transaction: 2016-09-19 09:45:55.045--UnitOfWork(13187400)--Thread(Thread[Test worker,5,main])--end unit of work flush
[EL Finest]: query: 2016-09-19 09:45:55.045--UnitOfWork(13187400)--Thread(Thread[Test worker,5,main])--Execute query ReadAllQuery(name="EmailCommunication.findByCommType" referenceClass=EmailCommunication sql="SELECT emailCommId, commType, email, versionId, createdBy, createdDate, updatedBy, updatedDate, activeStatus, txnAccessCode FROM ast_EmailCommunication_T WHERE ((activeStatus = ?) AND (commType = ?))")
[EL Fine]: sql: 2016-09-19 09:45:55.045--ClientSession(1553339197)--Connection(870422816)--Thread(Thread[Test worker,5,main])--SELECT emailCommId, commType, email, versionId, createdBy, createdDate, updatedBy, updatedDate, activeStatus, txnAccessCode FROM ast_EmailCommunication_T WHERE ((activeStatus = ?) AND (commType = ?))
	bind => [1, B30088B1-D22A-4EF0-9C2F-279E43A1DDE4]
Mon Sep 19 09:45:55 UTC 2016|Unknown Alarm = ORGCM324100200 Alarm Split = ORG-CM-3-2-4-100-200
[EL Finer]: transaction: 2016-09-19 09:45:55.047--UnitOfWork(13187400)--Thread(Thread[Test worker,5,main])--begin unit of work commit
[EL Finer]: transaction: 2016-09-19 09:45:55.047--ClientSession(1553339197)--Connection(870422816)--Thread(Thread[Test worker,5,main])--commit transaction
[EL Finest]: connection: 2016-09-19 09:45:55.047--ServerSession(1800530428)--Connection(449816159)--Thread(Thread[Test worker,5,main])--Connection released to connection pool [default].
[EL Finer]: transaction: 2016-09-19 09:45:55.048--UnitOfWork(13187400)--Thread(Thread[Test worker,5,main])--end unit of work commit
[EL Finer]: transaction: 2016-09-19 09:45:55.048--UnitOfWork(13187400)--Thread(Thread[Test worker,5,main])--resume unit of work
[EL Finer]: transaction: 2016-09-19 09:45:55.048--UnitOfWork(13187400)--Thread(Thread[Test worker,5,main])--release unit of work
[EL Finer]: connection: 2016-09-19 09:45:55.048--ClientSession(1553339197)--Thread(Thread[Test worker,5,main])--client released
[EL Finer]: connection: 2016-09-19 09:45:55.094--ServerSession(1800530428)--Thread(Thread[Test worker,5,main])--client acquired: 400134451
[EL Finer]: transaction: 2016-09-19 09:45:55.094--ClientSession(400134451)--Thread(Thread[Test worker,5,main])--acquire unit of work: 1288419200
[EL Finest]: connection: 2016-09-19 09:45:55.094--ServerSession(1800530428)--Connection(1383881699)--Thread(Thread[Test worker,5,main])--Connection acquired from connection pool [default].
[EL Finer]: transaction: 2016-09-19 09:45:55.094--ClientSession(400134451)--Connection(1383881699)--Thread(Thread[Test worker,5,main])--begin transaction
[EL Finest]: connection: 2016-09-19 09:45:55.094--ClientSession(400134451)--Thread(Thread[Test worker,5,main])--reconnecting to external connection pool
[EL Finest]: query: 2016-09-19 09:45:55.096--UnitOfWork(1288419200)--Thread(Thread[Test worker,5,main])--Execute query ReadObjectQuery(name="readEmailCommunication" referenceClass=EmailCommunication sql="SELECT emailCommId, commType, email, versionId, createdBy, createdDate, updatedBy, updatedDate, activeStatus, txnAccessCode FROM ast_EmailCommunication_T WHERE (emailCommId = ?)")
[EL Fine]: sql: 2016-09-19 09:45:55.096--ClientSession(400134451)--Connection(1585416212)--Thread(Thread[Test worker,5,main])--SELECT emailCommId, commType, email, versionId, createdBy, createdDate, updatedBy, updatedDate, activeStatus, txnAccessCode FROM ast_EmailCommunication_T WHERE (emailCommId = ?)
	bind => [AEBDB255-87CA-45F6-839B-1BE6C9EEBCD8]
[EL Finest]: transaction: 2016-09-19 09:45:55.097--UnitOfWork(1288419200)--Thread(Thread[Test worker,5,main])--remove() operation called on: 
Mon Sep 19 09:45:55 UTC 2016|Unknown Alarm = ORGCM328100200 Alarm Split = ORG-CM-3-2-8-100-200
[EL Finer]: transaction: 2016-09-19 09:45:55.098--UnitOfWork(1288419200)--Thread(Thread[Test worker,5,main])--begin unit of work commit
[EL Finest]: query: 2016-09-19 09:45:55.098--UnitOfWork(1288419200)--Thread(Thread[Test worker,5,main])--Execute query DoesExistQuery(referenceClass=EmailCommunication )
[EL Finest]: query: 2016-09-19 09:45:55.099--UnitOfWork(1288419200)--Thread(Thread[Test worker,5,main])--Execute query DeleteObjectQuery()
[EL Fine]: sql: 2016-09-19 09:45:55.099--ClientSession(400134451)--Connection(1585416212)--Thread(Thread[Test worker,5,main])--DELETE FROM ast_EmailCommunication_T WHERE ((emailCommId = ?) AND (versionId = ?))
	bind => [AEBDB255-87CA-45F6-839B-1BE6C9EEBCD8, 2]
[EL Finer]: transaction: 2016-09-19 09:45:55.1--ClientSession(400134451)--Connection(1585416212)--Thread(Thread[Test worker,5,main])--commit transaction
[EL Finest]: connection: 2016-09-19 09:45:55.182--ServerSession(1800530428)--Connection(1383881699)--Thread(Thread[Test worker,5,main])--Connection released to connection pool [default].
[EL Finer]: transaction: 2016-09-19 09:45:55.182--UnitOfWork(1288419200)--Thread(Thread[Test worker,5,main])--end unit of work commit
[EL Finer]: transaction: 2016-09-19 09:45:55.182--UnitOfWork(1288419200)--Thread(Thread[Test worker,5,main])--resume unit of work
[EL Finer]: transaction: 2016-09-19 09:45:55.183--UnitOfWork(1288419200)--Thread(Thread[Test worker,5,main])--release unit of work
[EL Finer]: connection: 2016-09-19 09:45:55.183--ClientSession(400134451)--Thread(Thread[Test worker,5,main])--client released
[EL Finer]: connection: 2016-09-19 09:45:55.202--ServerSession(1800530428)--Thread(Thread[Test worker,5,main])--client acquired: 1974863770
[EL Finer]: transaction: 2016-09-19 09:45:55.202--ClientSession(1974863770)--Thread(Thread[Test worker,5,main])--acquire unit of work: 28134358
[EL Finest]: connection: 2016-09-19 09:45:55.203--ServerSession(1800530428)--Connection(407752566)--Thread(Thread[Test worker,5,main])--Connection acquired from connection pool [default].
[EL Finer]: transaction: 2016-09-19 09:45:55.203--ClientSession(1974863770)--Connection(407752566)--Thread(Thread[Test worker,5,main])--begin transaction
[EL Finest]: connection: 2016-09-19 09:45:55.203--ClientSession(1974863770)--Thread(Thread[Test worker,5,main])--reconnecting to external connection pool
[EL Finest]: query: 2016-09-19 09:45:55.204--UnitOfWork(28134358)--Thread(Thread[Test worker,5,main])--Execute query ReadObjectQuery(name="readEmailCategory" referenceClass=EmailCategory sql="SELECT emailCatId, emailCatName, versionId, createdBy, createdDate, updatedBy, updatedDate, activeStatus, txnAccessCode FROM ast_EmailCategory_M WHERE (emailCatId = ?)")
[EL Fine]: sql: 2016-09-19 09:45:55.205--ClientSession(1974863770)--Connection(1377268044)--Thread(Thread[Test worker,5,main])--SELECT emailCatId, emailCatName, versionId, createdBy, createdDate, updatedBy, updatedDate, activeStatus, txnAccessCode FROM ast_EmailCategory_M WHERE (emailCatId = ?)
	bind => [B30088B1-D22A-4EF0-9C2F-279E43A1DDE4]
[EL Finest]: transaction: 2016-09-19 09:45:55.207--UnitOfWork(28134358)--Thread(Thread[Test worker,5,main])--remove() operation called on: JG8dAolhqjW6qeRlGbqjhEbo1SaYkAf90xSgHyUVSgdqULSbRq
Mon Sep 19 09:45:55 UTC 2016|Unknown Alarm = ORGCM328100200 Alarm Split = ORG-CM-3-2-8-100-200
[EL Finer]: transaction: 2016-09-19 09:45:55.208--UnitOfWork(28134358)--Thread(Thread[Test worker,5,main])--begin unit of work commit
[EL Finest]: query: 2016-09-19 09:45:55.208--UnitOfWork(28134358)--Thread(Thread[Test worker,5,main])--Execute query DoesExistQuery(referenceClass=EmailCategory )
[EL Finest]: query: 2016-09-19 09:45:55.208--UnitOfWork(28134358)--Thread(Thread[Test worker,5,main])--Execute query DeleteObjectQuery(JG8dAolhqjW6qeRlGbqjhEbo1SaYkAf90xSgHyUVSgdqULSbRq)
[EL Fine]: sql: 2016-09-19 09:45:55.209--ClientSession(1974863770)--Connection(1377268044)--Thread(Thread[Test worker,5,main])--DELETE FROM ast_EmailCategory_M WHERE ((emailCatId = ?) AND (versionId = ?))
	bind => [B30088B1-D22A-4EF0-9C2F-279E43A1DDE4, 1]
[EL Finer]: transaction: 2016-09-19 09:45:55.21--ClientSession(1974863770)--Connection(1377268044)--Thread(Thread[Test worker,5,main])--commit transaction
[EL Finest]: connection: 2016-09-19 09:45:55.29--ServerSession(1800530428)--Connection(407752566)--Thread(Thread[Test worker,5,main])--Connection released to connection pool [default].
[EL Finer]: transaction: 2016-09-19 09:45:55.291--UnitOfWork(28134358)--Thread(Thread[Test worker,5,main])--end unit of work commit
[EL Finer]: transaction: 2016-09-19 09:45:55.291--UnitOfWork(28134358)--Thread(Thread[Test worker,5,main])--resume unit of work
[EL Finer]: transaction: 2016-09-19 09:45:55.291--UnitOfWork(28134358)--Thread(Thread[Test worker,5,main])--release unit of work
[EL Finer]: connection: 2016-09-19 09:45:55.291--ClientSession(1974863770)--Thread(Thread[Test worker,5,main])--client released
]]></system-out>
  <system-err><![CDATA[EmailCommunication.email may not be null
java.lang.SecurityException: EmailCommunication.email may not be null
	at com.athena.server.pluggable.utils.helper.EntityValidatorHelper.validateEntity(EntityValidatorHelper.java:37)
	at com.app.shared.organization.contactmanagement.EmailCommunication.isValid(EmailCommunication.java:159)
	at com.app.server.service.organization.contactmanagement.EmailCommunicationTestCase.validateEmailCommunication(EmailCommunicationTestCase.java:230)
	at com.app.server.service.organization.contactmanagement.EmailCommunicationTestCase.test5NegativeTesting(EmailCommunicationTestCase.java:261)
	at sun.reflect.NativeMethodAccessorImpl.invoke0(Native Method)
	at sun.reflect.NativeMethodAccessorImpl.invoke(NativeMethodAccessorImpl.java:57)
	at sun.reflect.DelegatingMethodAccessorImpl.invoke(DelegatingMethodAccessorImpl.java:43)
	at java.lang.reflect.Method.invoke(Method.java:606)
	at org.junit.runners.model.FrameworkMethod$1.runReflectiveCall(FrameworkMethod.java:47)
	at org.junit.internal.runners.model.ReflectiveCallable.run(ReflectiveCallable.java:12)
	at org.junit.runners.model.FrameworkMethod.invokeExplosively(FrameworkMethod.java:44)
	at org.junit.internal.runners.statements.InvokeMethod.evaluate(InvokeMethod.java:17)
	at org.junit.internal.runners.statements.RunBefores.evaluate(RunBefores.java:26)
	at org.springframework.test.context.junit4.statements.RunBeforeTestMethodCallbacks.evaluate(RunBeforeTestMethodCallbacks.java:74)
	at org.junit.internal.runners.statements.RunAfters.evaluate(RunAfters.java:27)
	at org.springframework.test.context.junit4.statements.RunAfterTestMethodCallbacks.evaluate(RunAfterTestMethodCallbacks.java:83)
	at org.springframework.test.context.junit4.statements.SpringRepeat.evaluate(SpringRepeat.java:72)
	at org.springframework.test.context.junit4.SpringJUnit4ClassRunner.runChild(SpringJUnit4ClassRunner.java:233)
	at org.springframework.test.context.junit4.SpringJUnit4ClassRunner.runChild(SpringJUnit4ClassRunner.java:87)
	at org.junit.runners.ParentRunner$3.run(ParentRunner.java:238)
	at org.junit.runners.ParentRunner$1.schedule(ParentRunner.java:63)
	at org.junit.runners.ParentRunner.runChildren(ParentRunner.java:236)
	at org.junit.runners.ParentRunner.access$000(ParentRunner.java:53)
	at org.junit.runners.ParentRunner$2.evaluate(ParentRunner.java:229)
	at org.junit.internal.runners.statements.RunBefores.evaluate(RunBefores.java:26)
	at org.springframework.test.context.junit4.statements.RunBeforeTestClassCallbacks.evaluate(RunBeforeTestClassCallbacks.java:61)
	at org.springframework.test.context.junit4.statements.RunAfterTestClassCallbacks.evaluate(RunAfterTestClassCallbacks.java:71)
	at org.junit.runners.ParentRunner.run(ParentRunner.java:309)
	at org.springframework.test.context.junit4.SpringJUnit4ClassRunner.run(SpringJUnit4ClassRunner.java:176)
	at org.gradle.api.internal.tasks.testing.junit.JUnitTestClassExecuter.runTestClass(JUnitTestClassExecuter.java:86)
	at org.gradle.api.internal.tasks.testing.junit.JUnitTestClassExecuter.execute(JUnitTestClassExecuter.java:49)
	at org.gradle.api.internal.tasks.testing.junit.JUnitTestClassProcessor.processTestClass(JUnitTestClassProcessor.java:64)
	at org.gradle.api.internal.tasks.testing.SuiteTestClassProcessor.processTestClass(SuiteTestClassProcessor.java:50)
	at sun.reflect.GeneratedMethodAccessor109.invoke(Unknown Source)
	at sun.reflect.DelegatingMethodAccessorImpl.invoke(DelegatingMethodAccessorImpl.java:43)
	at java.lang.reflect.Method.invoke(Method.java:606)
	at org.gradle.messaging.dispatch.ReflectionDispatch.dispatch(ReflectionDispatch.java:35)
	at org.gradle.messaging.dispatch.ReflectionDispatch.dispatch(ReflectionDispatch.java:24)
	at org.gradle.messaging.dispatch.ContextClassLoaderDispatch.dispatch(ContextClassLoaderDispatch.java:32)
	at org.gradle.messaging.dispatch.ProxyDispatchAdapter$DispatchingInvocationHandler.invoke(ProxyDispatchAdapter.java:93)
	at com.sun.proxy.$Proxy2.processTestClass(Unknown Source)
	at org.gradle.api.internal.tasks.testing.worker.TestWorker.processTestClass(TestWorker.java:106)
	at sun.reflect.GeneratedMethodAccessor108.invoke(Unknown Source)
	at sun.reflect.DelegatingMethodAccessorImpl.invoke(DelegatingMethodAccessorImpl.java:43)
	at java.lang.reflect.Method.invoke(Method.java:606)
	at org.gradle.messaging.dispatch.ReflectionDispatch.dispatch(ReflectionDispatch.java:35)
	at org.gradle.messaging.dispatch.ReflectionDispatch.dispatch(ReflectionDispatch.java:24)
	at org.gradle.messaging.remote.internal.hub.MessageHub$Handler.run(MessageHub.java:360)
	at org.gradle.internal.concurrent.DefaultExecutorFactory$StoppableExecutorImpl$1.run(DefaultExecutorFactory.java:64)
	at java.util.concurrent.ThreadPoolExecutor.runWorker(ThreadPoolExecutor.java:1145)
	at java.util.concurrent.ThreadPoolExecutor$Worker.run(ThreadPoolExecutor.java:615)
	at java.lang.Thread.run(Thread.java:745)
EmailCommunication.email size must be between 1 and 256
java.lang.SecurityException: EmailCommunication.email size must be between 1 and 256
	at com.athena.server.pluggable.utils.helper.EntityValidatorHelper.validateEntity(EntityValidatorHelper.java:37)
	at com.app.shared.organization.contactmanagement.EmailCommunication.isValid(EmailCommunication.java:159)
	at com.app.server.service.organization.contactmanagement.EmailCommunicationTestCase.validateEmailCommunication(EmailCommunicationTestCase.java:228)
	at com.app.server.service.organization.contactmanagement.EmailCommunicationTestCase.test5NegativeTesting(EmailCommunicationTestCase.java:266)
	at sun.reflect.NativeMethodAccessorImpl.invoke0(Native Method)
	at sun.reflect.NativeMethodAccessorImpl.invoke(NativeMethodAccessorImpl.java:57)
	at sun.reflect.DelegatingMethodAccessorImpl.invoke(DelegatingMethodAccessorImpl.java:43)
	at java.lang.reflect.Method.invoke(Method.java:606)
	at org.junit.runners.model.FrameworkMethod$1.runReflectiveCall(FrameworkMethod.java:47)
	at org.junit.internal.runners.model.ReflectiveCallable.run(ReflectiveCallable.java:12)
	at org.junit.runners.model.FrameworkMethod.invokeExplosively(FrameworkMethod.java:44)
	at org.junit.internal.runners.statements.InvokeMethod.evaluate(InvokeMethod.java:17)
	at org.junit.internal.runners.statements.RunBefores.evaluate(RunBefores.java:26)
	at org.springframework.test.context.junit4.statements.RunBeforeTestMethodCallbacks.evaluate(RunBeforeTestMethodCallbacks.java:74)
	at org.junit.internal.runners.statements.RunAfters.evaluate(RunAfters.java:27)
	at org.springframework.test.context.junit4.statements.RunAfterTestMethodCallbacks.evaluate(RunAfterTestMethodCallbacks.java:83)
	at org.springframework.test.context.junit4.statements.SpringRepeat.evaluate(SpringRepeat.java:72)
	at org.springframework.test.context.junit4.SpringJUnit4ClassRunner.runChild(SpringJUnit4ClassRunner.java:233)
	at org.springframework.test.context.junit4.SpringJUnit4ClassRunner.runChild(SpringJUnit4ClassRunner.java:87)
	at org.junit.runners.ParentRunner$3.run(ParentRunner.java:238)
	at org.junit.runners.ParentRunner$1.schedule(ParentRunner.java:63)
	at org.junit.runners.ParentRunner.runChildren(ParentRunner.java:236)
	at org.junit.runners.ParentRunner.access$000(ParentRunner.java:53)
	at org.junit.runners.ParentRunner$2.evaluate(ParentRunner.java:229)
	at org.junit.internal.runners.statements.RunBefores.evaluate(RunBefores.java:26)
	at org.springframework.test.context.junit4.statements.RunBeforeTestClassCallbacks.evaluate(RunBeforeTestClassCallbacks.java:61)
	at org.springframework.test.context.junit4.statements.RunAfterTestClassCallbacks.evaluate(RunAfterTestClassCallbacks.java:71)
	at org.junit.runners.ParentRunner.run(ParentRunner.java:309)
	at org.springframework.test.context.junit4.SpringJUnit4ClassRunner.run(SpringJUnit4ClassRunner.java:176)
	at org.gradle.api.internal.tasks.testing.junit.JUnitTestClassExecuter.runTestClass(JUnitTestClassExecuter.java:86)
	at org.gradle.api.internal.tasks.testing.junit.JUnitTestClassExecuter.execute(JUnitTestClassExecuter.java:49)
	at org.gradle.api.internal.tasks.testing.junit.JUnitTestClassProcessor.processTestClass(JUnitTestClassProcessor.java:64)
	at org.gradle.api.internal.tasks.testing.SuiteTestClassProcessor.processTestClass(SuiteTestClassProcessor.java:50)
	at sun.reflect.GeneratedMethodAccessor109.invoke(Unknown Source)
	at sun.reflect.DelegatingMethodAccessorImpl.invoke(DelegatingMethodAccessorImpl.java:43)
	at java.lang.reflect.Method.invoke(Method.java:606)
	at org.gradle.messaging.dispatch.ReflectionDispatch.dispatch(ReflectionDispatch.java:35)
	at org.gradle.messaging.dispatch.ReflectionDispatch.dispatch(ReflectionDispatch.java:24)
	at org.gradle.messaging.dispatch.ContextClassLoaderDispatch.dispatch(ContextClassLoaderDispatch.java:32)
	at org.gradle.messaging.dispatch.ProxyDispatchAdapter$DispatchingInvocationHandler.invoke(ProxyDispatchAdapter.java:93)
	at com.sun.proxy.$Proxy2.processTestClass(Unknown Source)
	at org.gradle.api.internal.tasks.testing.worker.TestWorker.processTestClass(TestWorker.java:106)
	at sun.reflect.GeneratedMethodAccessor108.invoke(Unknown Source)
	at sun.reflect.DelegatingMethodAccessorImpl.invoke(DelegatingMethodAccessorImpl.java:43)
	at java.lang.reflect.Method.invoke(Method.java:606)
	at org.gradle.messaging.dispatch.ReflectionDispatch.dispatch(ReflectionDispatch.java:35)
	at org.gradle.messaging.dispatch.ReflectionDispatch.dispatch(ReflectionDispatch.java:24)
	at org.gradle.messaging.remote.internal.hub.MessageHub$Handler.run(MessageHub.java:360)
	at org.gradle.internal.concurrent.DefaultExecutorFactory$StoppableExecutorImpl$1.run(DefaultExecutorFactory.java:64)
	at java.util.concurrent.ThreadPoolExecutor.runWorker(ThreadPoolExecutor.java:1145)
	at java.util.concurrent.ThreadPoolExecutor$Worker.run(ThreadPoolExecutor.java:615)
	at java.lang.Thread.run(Thread.java:745)
]]></system-err>
</testsuite>
