<?xml version="1.0" encoding="UTF-8"?>
<testsuite name="com.app.server.service.appbasicsetup.userrolemanagement.RolesTestCase" tests="5" skipped="0" failures="0" errors="0" timestamp="2016-09-19T09:45:51" hostname="b68a979f9de0" time="0.786">
  <properties/>
  <testcase name="test1Save" classname="com.app.server.service.appbasicsetup.userrolemanagement.RolesTestCase" time="0.302"/>
  <testcase name="test2Update" classname="com.app.server.service.appbasicsetup.userrolemanagement.RolesTestCase" time="0.234"/>
  <testcase name="test3FindById" classname="com.app.server.service.appbasicsetup.userrolemanagement.RolesTestCase" time="0.037"/>
  <testcase name="test5NegativeTesting" classname="com.app.server.service.appbasicsetup.userrolemanagement.RolesTestCase" time="0.035"/>
  <testcase name="test6Delete" classname="com.app.server.service.appbasicsetup.userrolemanagement.RolesTestCase" time="0.176"/>
  <system-out><![CDATA[Mon Sep 19 09:45:51 UTC 2016|Log Manager Factory|Initialization Process started.....
Mon Sep 19 09:45:51 UTC 2016|Log Manager|Initialized with Path = [/home/applifire/workspace/testproject/src/main/webapp/WEB-INF/conf]
Mon Sep 19 09:45:51 UTC 2016|Alarm Manager|Initialized with Path = [/home/applifire/workspace/testproject/src/main/webapp/WEB-INF/conf]
Mon Sep 19 09:45:51 UTC 2016|Alarm Manager|Loading Alarms ......
Mon Sep 19 09:45:51 UTC 2016|Alarm XML Parser|FWA|XML Parsing Complete........ 
Mon Sep 19 09:45:51 UTC 2016|Alarm File Manager|FWA|Alarm File Status.. [ApplicationFrameworkAlarms.xml]|Version=15|Status=Done 
Mon Sep 19 09:45:51 UTC 2016|Alarm File Manager|FWA|Alarm Stats = ( BC/AL=5/786 SYS=5/11 [786/0]  TPL=0/0 [0/0]  APP= A.Map=[875]  E.Map EC/RC=[391/79] )
Mon Sep 19 09:45:51 UTC 2016|Alarm XML Parser|APP|XML Parsing Complete........ 
Mon Sep 19 09:45:51 UTC 2016|Alarm File Manager|APP|Alarm File Status.. [ApplicationAlarms.xml]|Version=1|Status=Done 
Mon Sep 19 09:45:51 UTC 2016|Alarm File Manager|APP|Alarm Stats = ( BC/AL=5/786 SYS=5/11 [786/0]  TPL=0/0 [0/0]  APP=0/0 [0/0]  A.Map=[875]  E.Map EC/RC=[391/79] )
Mon Sep 19 09:45:51 UTC 2016|ApplicationAlarmContext| <><><><><> Create App Alarms ....  <><><><><> 
Mon Sep 19 09:45:51 UTC 2016|ApplicationAlarmContext|Alarms are generated ONLY in Development Mode.. 
Mon Sep 19 09:45:51 UTC 2016|Alarm Manager|APP|Alarm Stats = ( BC/AL=5/786 SYS=5/11 [786/0]  TPL=0/0 [0/0]  APP=0/0 [0/0]  A.Map=[875]  E.Map EC/RC=[391/79] )
Mon Sep 19 09:45:51 UTC 2016|Alarm Manager|Initialized Exception Lookup...
Mon Sep 19 09:45:51 UTC 2016|Log Manager|Initialize Log Config File ......
Mon Sep 19 09:45:51 UTC 2016|Pluggable Connectors|Adding Connectors : StandardOutputConnector isEnabled=true isDefault=false isFallBack=true
Mon Sep 19 09:45:51 UTC 2016|Pluggable Connectors|Adding Connectors : StandardFileConnector isEnabled=true isDefault=false isFallBack=false
Mon Sep 19 09:45:51 UTC 2016|Pluggable Connectors|Adding Connectors : Sprinkler isEnabled=true isDefault=true isFallBack=false
Mon Sep 19 09:45:51 UTC 2016|Pluggable Connectors|Default Connector Name : com.spartan.logger.core.LogMessenger
Mon Sep 19 09:45:51 UTC 2016|Log Config Parser|Connector Least Log Level =[4]  FallBack Log Level =[3]
Mon Sep 19 09:45:51 UTC 2016|Log Manager|Loading Default Connector for Logging ......
Mon Sep 19 09:45:51 UTC 2016|Log Manager|Loading class .. com.spartan.logger.core.LogMessenger
Mon Sep 19 09:45:51 UTC 2016|Plugggable Connector|Connector class com.spartan.logger.core.LogMessenger Initialized... @ Log Level = 3
Mon Sep 19 09:45:51 UTC 2016|Log Manager|Starting the Default Connector [com.spartan.logger.core.LogMessenger@66e1f6b9] ....
Mon Sep 19 09:45:51 UTC 2016|Scheduler|Starting the Scheduler ......
Mon Sep 19 09:45:51 UTC 2016|Scheduler|Adding [LMID=[9d233f14-95d4-4cd7-a24f-17ebd1a46f95]] Delay=5 Time Unit=MINUTES
Mon Sep 19 09:45:51 UTC 2016|Scheduler|Adding [App Alarm Manager File=[ApplicationAlarms.xml]] Delay=30 Time Unit=MINUTES
Mon Sep 19 09:45:51 UTC 2016|Scheduler|Adding [FW Alarm Manager File=[ApplicationFrameworkAlarms.xml]] Delay=3 Time Unit=MINUTES
Mon Sep 19 09:45:51 UTC 2016|Scheduler|Startup Completed..
Mon Sep 19 09:45:51 UTC 2016|Log Manager|Initialization Process Complete ......
Mon Sep 19 09:45:51 UTC 2016|Log Manager Factory|Log Manager READY! ID = 9d233f14-95d4-4cd7-a24f-17ebd1a46f95
[EL Finer]: connection: 2016-09-19 09:45:51.901--ServerSession(1800530428)--Thread(Thread[Test worker,5,main])--client acquired: 1917048723
[EL Finer]: transaction: 2016-09-19 09:45:51.901--ClientSession(1917048723)--Thread(Thread[Test worker,5,main])--acquire unit of work: 1140731520
[EL Finest]: connection: 2016-09-19 09:45:51.901--ServerSession(1800530428)--Connection(1688139871)--Thread(Thread[Test worker,5,main])--Connection acquired from connection pool [default].
[EL Finer]: transaction: 2016-09-19 09:45:51.902--ClientSession(1917048723)--Connection(1688139871)--Thread(Thread[Test worker,5,main])--begin transaction
[EL Finest]: connection: 2016-09-19 09:45:51.902--ClientSession(1917048723)--Thread(Thread[Test worker,5,main])--reconnecting to external connection pool
[EL Finest]: transaction: 2016-09-19 09:45:51.911--UnitOfWork(1140731520)--Thread(Thread[Test worker,5,main])--persist() operation called on: EhxS9k1YKOVhPKqUEYDpwH6rdAokElNLXo2QlJHcBS4kwJRy4x.
[EL Finest]: sequencing: 2016-09-19 09:45:51.911--UnitOfWork(1140731520)--Thread(Thread[Test worker,5,main])--assign sequence to the object (63A6A445-4ED8-4DB9-ACE6-4C31984EFABB -> EhxS9k1YKOVhPKqUEYDpwH6rdAokElNLXo2QlJHcBS4kwJRy4x)
[EL Finer]: transaction: 2016-09-19 09:45:51.911--UnitOfWork(1140731520)--Thread(Thread[Test worker,5,main])--begin unit of work commit
[EL Finest]: query: 2016-09-19 09:45:51.912--UnitOfWork(1140731520)--Thread(Thread[Test worker,5,main])--Execute query InsertObjectQuery(EhxS9k1YKOVhPKqUEYDpwH6rdAokElNLXo2QlJHcBS4kwJRy4x)
[EL Fine]: sql: 2016-09-19 09:45:51.912--ClientSession(1917048723)--Connection(1311036036)--Thread(Thread[Test worker,5,main])--INSERT INTO ast_AppMenus_M (menuId, appId, appType, autoSave, expiryDate, goLiveDate, menuAccessRights, menuAction, menuCommands, menuDisplay, menuHead, menuIcon, menuLabel, menuTreeId, RefObjectId, startDate, uiType, versionId, createdBy, createdDate, updatedBy, updatedDate, activeStatus, txnAccessCode) VALUES (?, ?, ?, ?, ?, ?, ?, ?, ?, ?, ?, ?, ?, ?, ?, ?, ?, ?, ?, ?, ?, ?, ?, ?)
	bind => [63A6A445-4ED8-4DB9-ACE6-4C31984EFABB, QJVJUjCqz0BLOLv78rOgdpb6K31wTntEd7W2Oy4gk4m889HOi4, 2, true, 2016-09-19 09:01:46.376, 2016-09-19 09:01:46.375, 2, b3WsMV5L7AjPpNLi5S3hsU72iOmJHwTzbjB8lBIipHy3cnh4La, 7cd6Bh5izn5Zi55QzErvWUI9KZ1a2t8lsu2hbgCWwlv6wlJtAY, true, true, 2kLDFRcaPH759qbLoETUrhgCzpZiuONbb06tiAR1fd8t9hWq4t, EhxS9k1YKOVhPKqUEYDpwH6rdAokElNLXo2QlJHcBS4kwJRy4x, zMcJuNLJWNWpNZVvlfrqNwdSswfQaCZnrl7tzlaGtgrKH5PDIZ, cygiDq0G8OD7vF9fqABZWq9dehHKW5kx9xarfCjlPy6NjUHDEf, 2016-09-19 09:01:46.375, 6RZ, 1, AAAAA, 2016-09-19 09:45:51.841, AAAAA, 2016-09-19 09:45:51.841, 1, 51000]
[EL Finer]: transaction: 2016-09-19 09:45:51.914--ClientSession(1917048723)--Connection(1311036036)--Thread(Thread[Test worker,5,main])--commit transaction
[EL Finest]: connection: 2016-09-19 09:45:52.033--ServerSession(1800530428)--Connection(1688139871)--Thread(Thread[Test worker,5,main])--Connection released to connection pool [default].
[EL Finer]: transaction: 2016-09-19 09:45:52.033--UnitOfWork(1140731520)--Thread(Thread[Test worker,5,main])--end unit of work commit
[EL Finer]: transaction: 2016-09-19 09:45:52.033--UnitOfWork(1140731520)--Thread(Thread[Test worker,5,main])--resume unit of work
[EL Finer]: transaction: 2016-09-19 09:45:52.033--UnitOfWork(1140731520)--Thread(Thread[Test worker,5,main])--release unit of work
[EL Finer]: connection: 2016-09-19 09:45:52.034--ClientSession(1917048723)--Thread(Thread[Test worker,5,main])--client released
[EL Finer]: connection: 2016-09-19 09:45:52.063--ServerSession(1800530428)--Thread(Thread[Test worker,5,main])--client acquired: 1280344624
[EL Finer]: transaction: 2016-09-19 09:45:52.063--ClientSession(1280344624)--Thread(Thread[Test worker,5,main])--acquire unit of work: 965952628
[EL Finest]: connection: 2016-09-19 09:45:52.063--ServerSession(1800530428)--Connection(1936931123)--Thread(Thread[Test worker,5,main])--Connection acquired from connection pool [default].
[EL Finer]: transaction: 2016-09-19 09:45:52.063--ClientSession(1280344624)--Connection(1936931123)--Thread(Thread[Test worker,5,main])--begin transaction
[EL Finest]: connection: 2016-09-19 09:45:52.063--ClientSession(1280344624)--Thread(Thread[Test worker,5,main])--reconnecting to external connection pool
[EL Finest]: transaction: 2016-09-19 09:45:52.065--UnitOfWork(965952628)--Thread(Thread[Test worker,5,main])--persist() operation called on: X6iKcVWILYxv29Yj1PQ3m6ntJIW2b0svEHqYqkuVukihv1864h.
[EL Finest]: sequencing: 2016-09-19 09:45:52.065--UnitOfWork(965952628)--Thread(Thread[Test worker,5,main])--assign sequence to the object (B45284CE-B068-40BA-A18E-22D8EE4FEA63 -> X6iKcVWILYxv29Yj1PQ3m6ntJIW2b0svEHqYqkuVukihv1864h)
[EL Finest]: transaction: 2016-09-19 09:45:52.065--UnitOfWork(965952628)--Thread(Thread[Test worker,5,main])--persist() operation called on: X6iKcVWILYxv29Yj1PQ3m6ntJIW2b0svEHqYqkuVukihv1864h,63A6A445-4ED8-4DB9-ACE6-4C31984EFABB,true,true,true.
[EL Finest]: sequencing: 2016-09-19 09:45:52.065--UnitOfWork(965952628)--Thread(Thread[Test worker,5,main])--assign sequence to the object (D2B28C28-BFB1-4DB3-9511-CF458B34319B -> X6iKcVWILYxv29Yj1PQ3m6ntJIW2b0svEHqYqkuVukihv1864h,63A6A445-4ED8-4DB9-ACE6-4C31984EFABB,true,true,true)
[EL Finer]: transaction: 2016-09-19 09:45:52.066--UnitOfWork(965952628)--Thread(Thread[Test worker,5,main])--begin unit of work commit
[EL Finest]: query: 2016-09-19 09:45:52.066--UnitOfWork(965952628)--Thread(Thread[Test worker,5,main])--Execute query InsertObjectQuery(X6iKcVWILYxv29Yj1PQ3m6ntJIW2b0svEHqYqkuVukihv1864h)
[EL Finest]: query: 2016-09-19 09:45:52.067--UnitOfWork(965952628)--Thread(Thread[Test worker,5,main])--Execute query InsertObjectQuery(X6iKcVWILYxv29Yj1PQ3m6ntJIW2b0svEHqYqkuVukihv1864h,63A6A445-4ED8-4DB9-ACE6-4C31984EFABB,true,true,true)
[EL Fine]: sql: 2016-09-19 09:45:52.067--ClientSession(1280344624)--Connection(444471079)--Thread(Thread[Test worker,5,main])--INSERT INTO ast_Roles_T (roleId, RoleDescription, roleHelp, RoleIcon, RoleName, versionId, createdBy, createdDate, updatedBy, updatedDate, activeStatus, txnAccessCode) VALUES (?, ?, ?, ?, ?, ?, ?, ?, ?, ?, ?, ?)
	bind => [B45284CE-B068-40BA-A18E-22D8EE4FEA63, VXkBPqlDqRNtyaR1D3aYAfFMWz9sgfoD5aWrUH9kOXPG4b1Gqb, Ff82hBfSbYscPOudIcgizoaZ8bmSC6EB95dXUsILPiwrJmvWXA, YN5VLKLKt8kW2jegJFBg120NFSaHMlDqyfsXR5hJn3p4DeGq6h, X6iKcVWILYxv29Yj1PQ3m6ntJIW2b0svEHqYqkuVukihv1864h, 1, AAAAA, 2016-09-19 09:45:51.841, AAAAA, 2016-09-19 09:45:51.841, 1, 51000]
[EL Fine]: sql: 2016-09-19 09:45:52.069--ClientSession(1280344624)--Connection(444471079)--Thread(Thread[Test worker,5,main])--INSERT INTO ast_RoleMenuBridge_TP (roleMenuMapId, isExecute, isRead, isWrite, menuId, versionId, createdBy, createdDate, updatedBy, updatedDate, activeStatus, txnAccessCode, roleId) VALUES (?, ?, ?, ?, ?, ?, ?, ?, ?, ?, ?, ?, ?)
	bind => [D2B28C28-BFB1-4DB3-9511-CF458B34319B, true, true, true, 63A6A445-4ED8-4DB9-ACE6-4C31984EFABB, 1, AAAAA, 2016-09-19 09:45:51.841, AAAAA, 2016-09-19 09:45:51.841, 1, 51000, B45284CE-B068-40BA-A18E-22D8EE4FEA63]
[EL Finer]: transaction: 2016-09-19 09:45:52.07--ClientSession(1280344624)--Connection(444471079)--Thread(Thread[Test worker,5,main])--commit transaction
[EL Finest]: connection: 2016-09-19 09:45:52.107--ServerSession(1800530428)--Connection(1936931123)--Thread(Thread[Test worker,5,main])--Connection released to connection pool [default].
[EL Finer]: transaction: 2016-09-19 09:45:52.108--UnitOfWork(965952628)--Thread(Thread[Test worker,5,main])--end unit of work commit
[EL Finer]: transaction: 2016-09-19 09:45:52.108--UnitOfWork(965952628)--Thread(Thread[Test worker,5,main])--resume unit of work
[EL Finer]: transaction: 2016-09-19 09:45:52.108--UnitOfWork(965952628)--Thread(Thread[Test worker,5,main])--release unit of work
[EL Finer]: connection: 2016-09-19 09:45:52.108--ClientSession(1280344624)--Thread(Thread[Test worker,5,main])--client released
[EL Finer]: connection: 2016-09-19 09:45:52.137--ServerSession(1800530428)--Thread(Thread[Test worker,5,main])--client acquired: 737250950
[EL Finer]: transaction: 2016-09-19 09:45:52.138--ClientSession(737250950)--Thread(Thread[Test worker,5,main])--acquire unit of work: 2143557107
[EL Finest]: connection: 2016-09-19 09:45:52.138--ServerSession(1800530428)--Connection(578635277)--Thread(Thread[Test worker,5,main])--Connection acquired from connection pool [default].
[EL Finer]: transaction: 2016-09-19 09:45:52.138--ClientSession(737250950)--Connection(578635277)--Thread(Thread[Test worker,5,main])--begin transaction
[EL Finest]: connection: 2016-09-19 09:45:52.138--ClientSession(737250950)--Thread(Thread[Test worker,5,main])--reconnecting to external connection pool
[EL Finer]: transaction: 2016-09-19 09:45:52.14--UnitOfWork(2143557107)--Thread(Thread[Test worker,5,main])--begin unit of work flush
[EL Finer]: transaction: 2016-09-19 09:45:52.14--UnitOfWork(2143557107)--Thread(Thread[Test worker,5,main])--end unit of work flush
[EL Finest]: query: 2016-09-19 09:45:52.14--UnitOfWork(2143557107)--Thread(Thread[Test worker,5,main])--Execute query ReadAllQuery(name="Roles.findById" referenceClass=Roles sql="SELECT roleId, RoleDescription, roleHelp, RoleIcon, RoleName, versionId, createdBy, createdDate, updatedBy, updatedDate, activeStatus, txnAccessCode FROM ast_Roles_T WHERE ((activeStatus = ?) AND (roleId = ?))")
[EL Fine]: sql: 2016-09-19 09:45:52.14--ClientSession(737250950)--Connection(708403213)--Thread(Thread[Test worker,5,main])--SELECT roleId, RoleDescription, roleHelp, RoleIcon, RoleName, versionId, createdBy, createdDate, updatedBy, updatedDate, activeStatus, txnAccessCode FROM ast_Roles_T WHERE ((activeStatus = ?) AND (roleId = ?))
	bind => [1, B45284CE-B068-40BA-A18E-22D8EE4FEA63]
[EL Finest]: query: 2016-09-19 09:45:52.141--UnitOfWork(2143557107)--Thread(Thread[Test worker,5,main])--Execute query ReadAllQuery(name="roleMenuBridge" referenceClass=RoleMenuBridge sql="SELECT roleMenuMapId, isExecute, isRead, isWrite, menuId, versionId, createdBy, createdDate, updatedBy, updatedDate, activeStatus, txnAccessCode, roleId FROM ast_RoleMenuBridge_TP WHERE (roleId = ?)")
[EL Fine]: sql: 2016-09-19 09:45:52.142--ClientSession(737250950)--Connection(708403213)--Thread(Thread[Test worker,5,main])--SELECT roleMenuMapId, isExecute, isRead, isWrite, menuId, versionId, createdBy, createdDate, updatedBy, updatedDate, activeStatus, txnAccessCode, roleId FROM ast_RoleMenuBridge_TP WHERE (roleId = ?)
	bind => [B45284CE-B068-40BA-A18E-22D8EE4FEA63]
[EL Finest]: query: 2016-09-19 09:45:52.143--UnitOfWork(2143557107)--Thread(Thread[Test worker,5,main])--Execute query ReadObjectQuery(name="roles" referenceClass=Roles )
[EL Finer]: transaction: 2016-09-19 09:45:52.144--UnitOfWork(2143557107)--Thread(Thread[Test worker,5,main])--begin unit of work commit
[EL Finer]: transaction: 2016-09-19 09:45:52.144--ClientSession(737250950)--Connection(708403213)--Thread(Thread[Test worker,5,main])--commit transaction
[EL Finest]: connection: 2016-09-19 09:45:52.145--ServerSession(1800530428)--Connection(578635277)--Thread(Thread[Test worker,5,main])--Connection released to connection pool [default].
[EL Finer]: transaction: 2016-09-19 09:45:52.145--UnitOfWork(2143557107)--Thread(Thread[Test worker,5,main])--end unit of work commit
[EL Finer]: transaction: 2016-09-19 09:45:52.145--UnitOfWork(2143557107)--Thread(Thread[Test worker,5,main])--resume unit of work
[EL Finer]: transaction: 2016-09-19 09:45:52.145--UnitOfWork(2143557107)--Thread(Thread[Test worker,5,main])--release unit of work
[EL Finer]: connection: 2016-09-19 09:45:52.145--ClientSession(737250950)--Thread(Thread[Test worker,5,main])--client released
[EL Finer]: connection: 2016-09-19 09:45:52.146--ServerSession(1800530428)--Thread(Thread[Test worker,5,main])--client acquired: 1817306184
[EL Finer]: transaction: 2016-09-19 09:45:52.146--ClientSession(1817306184)--Thread(Thread[Test worker,5,main])--acquire unit of work: 1952606854
[EL Finest]: connection: 2016-09-19 09:45:52.146--ServerSession(1800530428)--Connection(1765785371)--Thread(Thread[Test worker,5,main])--Connection acquired from connection pool [default].
[EL Finer]: transaction: 2016-09-19 09:45:52.146--ClientSession(1817306184)--Connection(1765785371)--Thread(Thread[Test worker,5,main])--begin transaction
[EL Finest]: connection: 2016-09-19 09:45:52.146--ClientSession(1817306184)--Thread(Thread[Test worker,5,main])--reconnecting to external connection pool
[EL Finest]: transaction: 2016-09-19 09:45:52.151--UnitOfWork(1952606854)--Thread(Thread[Test worker,5,main])--Merge clone with references xTwoJylYG6PRWIWhrlHyv3omQ9nh1De04M7Q2e5t0Xox8Dl13o
[EL Finest]: query: 2016-09-19 09:45:52.151--UnitOfWork(1952606854)--Thread(Thread[Test worker,5,main])--Execute query ReadObjectQuery(referenceClass=Roles )
[EL Fine]: sql: 2016-09-19 09:45:52.151--ClientSession(1817306184)--Connection(2145698648)--Thread(Thread[Test worker,5,main])--SELECT roleId, RoleDescription, roleHelp, RoleIcon, RoleName, versionId, createdBy, createdDate, updatedBy, updatedDate, activeStatus, txnAccessCode FROM ast_Roles_T WHERE (roleId = ?)
	bind => [B45284CE-B068-40BA-A18E-22D8EE4FEA63]
[EL Finest]: query: 2016-09-19 09:45:52.153--UnitOfWork(1952606854)--Thread(Thread[Test worker,5,main])--Execute query ReadAllQuery(name="roleMenuBridge" referenceClass=RoleMenuBridge sql="SELECT roleMenuMapId, isExecute, isRead, isWrite, menuId, versionId, createdBy, createdDate, updatedBy, updatedDate, activeStatus, txnAccessCode, roleId FROM ast_RoleMenuBridge_TP WHERE (roleId = ?)")
[EL Fine]: sql: 2016-09-19 09:45:52.153--ClientSession(1817306184)--Connection(2145698648)--Thread(Thread[Test worker,5,main])--SELECT roleMenuMapId, isExecute, isRead, isWrite, menuId, versionId, createdBy, createdDate, updatedBy, updatedDate, activeStatus, txnAccessCode, roleId FROM ast_RoleMenuBridge_TP WHERE (roleId = ?)
	bind => [B45284CE-B068-40BA-A18E-22D8EE4FEA63]
[EL Finest]: query: 2016-09-19 09:45:52.155--UnitOfWork(1952606854)--Thread(Thread[Test worker,5,main])--Execute query ReadObjectQuery(name="roles" referenceClass=Roles )
[EL Finer]: transaction: 2016-09-19 09:45:52.156--UnitOfWork(1952606854)--Thread(Thread[Test worker,5,main])--begin unit of work commit
[EL Finest]: query: 2016-09-19 09:45:52.156--UnitOfWork(1952606854)--Thread(Thread[Test worker,5,main])--Execute query UpdateObjectQuery(xTwoJylYG6PRWIWhrlHyv3omQ9nh1De04M7Q2e5t0Xox8Dl13o)
[EL Fine]: sql: 2016-09-19 09:45:52.157--ClientSession(1817306184)--Connection(2145698648)--Thread(Thread[Test worker,5,main])--UPDATE ast_Roles_T SET RoleDescription = ?, roleHelp = ?, RoleIcon = ?, RoleName = ?, versionId = ? WHERE ((roleId = ?) AND (versionId = ?))
	bind => [ObMzRfHOdwOfHEFNj8BUdfZDjzx0tU2RIzBYNz2o0FAXyChmp2, KPdN1LWBoWfNpIEDu9TUs6lIb1pDOoX09MfR8UxhHYJIYTYFmY, zz8ti8q7U1nGkNRruoWGLGSR03DGjCi9jQ19MgbNynTIHB0KtQ, xTwoJylYG6PRWIWhrlHyv3omQ9nh1De04M7Q2e5t0Xox8Dl13o, 2, B45284CE-B068-40BA-A18E-22D8EE4FEA63, 1]
[EL Finer]: transaction: 2016-09-19 09:45:52.158--ClientSession(1817306184)--Connection(2145698648)--Thread(Thread[Test worker,5,main])--commit transaction
[EL Finest]: connection: 2016-09-19 09:45:52.342--ServerSession(1800530428)--Connection(1765785371)--Thread(Thread[Test worker,5,main])--Connection released to connection pool [default].
[EL Finer]: transaction: 2016-09-19 09:45:52.342--UnitOfWork(1952606854)--Thread(Thread[Test worker,5,main])--end unit of work commit
[EL Finer]: transaction: 2016-09-19 09:45:52.343--UnitOfWork(1952606854)--Thread(Thread[Test worker,5,main])--resume unit of work
[EL Finer]: transaction: 2016-09-19 09:45:52.343--UnitOfWork(1952606854)--Thread(Thread[Test worker,5,main])--release unit of work
[EL Finer]: connection: 2016-09-19 09:45:52.343--ClientSession(1817306184)--Thread(Thread[Test worker,5,main])--client released
[EL Finer]: connection: 2016-09-19 09:45:52.373--ServerSession(1800530428)--Thread(Thread[Test worker,5,main])--client acquired: 1636302325
[EL Finer]: transaction: 2016-09-19 09:45:52.373--ClientSession(1636302325)--Thread(Thread[Test worker,5,main])--acquire unit of work: 657592793
[EL Finest]: connection: 2016-09-19 09:45:52.374--ServerSession(1800530428)--Connection(1211224489)--Thread(Thread[Test worker,5,main])--Connection acquired from connection pool [default].
[EL Finer]: transaction: 2016-09-19 09:45:52.374--ClientSession(1636302325)--Connection(1211224489)--Thread(Thread[Test worker,5,main])--begin transaction
[EL Finest]: connection: 2016-09-19 09:45:52.374--ClientSession(1636302325)--Thread(Thread[Test worker,5,main])--reconnecting to external connection pool
[EL Finer]: transaction: 2016-09-19 09:45:52.375--UnitOfWork(657592793)--Thread(Thread[Test worker,5,main])--begin unit of work flush
[EL Finer]: transaction: 2016-09-19 09:45:52.375--UnitOfWork(657592793)--Thread(Thread[Test worker,5,main])--end unit of work flush
[EL Finest]: query: 2016-09-19 09:45:52.375--UnitOfWork(657592793)--Thread(Thread[Test worker,5,main])--Execute query ReadAllQuery(name="Roles.findById" referenceClass=Roles sql="SELECT roleId, RoleDescription, roleHelp, RoleIcon, RoleName, versionId, createdBy, createdDate, updatedBy, updatedDate, activeStatus, txnAccessCode FROM ast_Roles_T WHERE ((activeStatus = ?) AND (roleId = ?))")
[EL Fine]: sql: 2016-09-19 09:45:52.375--ClientSession(1636302325)--Connection(489404631)--Thread(Thread[Test worker,5,main])--SELECT roleId, RoleDescription, roleHelp, RoleIcon, RoleName, versionId, createdBy, createdDate, updatedBy, updatedDate, activeStatus, txnAccessCode FROM ast_Roles_T WHERE ((activeStatus = ?) AND (roleId = ?))
	bind => [1, B45284CE-B068-40BA-A18E-22D8EE4FEA63]
[EL Finest]: query: 2016-09-19 09:45:52.377--UnitOfWork(657592793)--Thread(Thread[Test worker,5,main])--Execute query ReadAllQuery(name="roleMenuBridge" referenceClass=RoleMenuBridge sql="SELECT roleMenuMapId, isExecute, isRead, isWrite, menuId, versionId, createdBy, createdDate, updatedBy, updatedDate, activeStatus, txnAccessCode, roleId FROM ast_RoleMenuBridge_TP WHERE (roleId = ?)")
[EL Fine]: sql: 2016-09-19 09:45:52.377--ClientSession(1636302325)--Connection(489404631)--Thread(Thread[Test worker,5,main])--SELECT roleMenuMapId, isExecute, isRead, isWrite, menuId, versionId, createdBy, createdDate, updatedBy, updatedDate, activeStatus, txnAccessCode, roleId FROM ast_RoleMenuBridge_TP WHERE (roleId = ?)
	bind => [B45284CE-B068-40BA-A18E-22D8EE4FEA63]
[EL Finest]: query: 2016-09-19 09:45:52.379--UnitOfWork(657592793)--Thread(Thread[Test worker,5,main])--Execute query ReadObjectQuery(name="roles" referenceClass=Roles )
[EL Finer]: transaction: 2016-09-19 09:45:52.379--UnitOfWork(657592793)--Thread(Thread[Test worker,5,main])--begin unit of work commit
[EL Finer]: transaction: 2016-09-19 09:45:52.38--ClientSession(1636302325)--Connection(489404631)--Thread(Thread[Test worker,5,main])--commit transaction
[EL Finest]: connection: 2016-09-19 09:45:52.38--ServerSession(1800530428)--Connection(1211224489)--Thread(Thread[Test worker,5,main])--Connection released to connection pool [default].
[EL Finer]: transaction: 2016-09-19 09:45:52.38--UnitOfWork(657592793)--Thread(Thread[Test worker,5,main])--end unit of work commit
[EL Finer]: transaction: 2016-09-19 09:45:52.38--UnitOfWork(657592793)--Thread(Thread[Test worker,5,main])--resume unit of work
[EL Finer]: transaction: 2016-09-19 09:45:52.381--UnitOfWork(657592793)--Thread(Thread[Test worker,5,main])--release unit of work
[EL Finer]: connection: 2016-09-19 09:45:52.381--ClientSession(1636302325)--Thread(Thread[Test worker,5,main])--client released
[EL Finer]: connection: 2016-09-19 09:45:52.445--ServerSession(1800530428)--Thread(Thread[Test worker,5,main])--client acquired: 2050356400
[EL Finer]: transaction: 2016-09-19 09:45:52.445--ClientSession(2050356400)--Thread(Thread[Test worker,5,main])--acquire unit of work: 1817415038
[EL Finest]: connection: 2016-09-19 09:45:52.445--ServerSession(1800530428)--Connection(1634632385)--Thread(Thread[Test worker,5,main])--Connection acquired from connection pool [default].
[EL Finer]: transaction: 2016-09-19 09:45:52.445--ClientSession(2050356400)--Connection(1634632385)--Thread(Thread[Test worker,5,main])--begin transaction
[EL Finest]: connection: 2016-09-19 09:45:52.445--ClientSession(2050356400)--Thread(Thread[Test worker,5,main])--reconnecting to external connection pool
[EL Finest]: query: 2016-09-19 09:45:52.446--UnitOfWork(1817415038)--Thread(Thread[Test worker,5,main])--Execute query ReadObjectQuery(name="readRoles" referenceClass=Roles sql="SELECT roleId, RoleDescription, roleHelp, RoleIcon, RoleName, versionId, createdBy, createdDate, updatedBy, updatedDate, activeStatus, txnAccessCode FROM ast_Roles_T WHERE (roleId = ?)")
[EL Fine]: sql: 2016-09-19 09:45:52.446--ClientSession(2050356400)--Connection(751809449)--Thread(Thread[Test worker,5,main])--SELECT roleId, RoleDescription, roleHelp, RoleIcon, RoleName, versionId, createdBy, createdDate, updatedBy, updatedDate, activeStatus, txnAccessCode FROM ast_Roles_T WHERE (roleId = ?)
	bind => [B45284CE-B068-40BA-A18E-22D8EE4FEA63]
[EL Finest]: query: 2016-09-19 09:45:52.448--UnitOfWork(1817415038)--Thread(Thread[Test worker,5,main])--Execute query ReadAllQuery(name="roleMenuBridge" referenceClass=RoleMenuBridge sql="SELECT roleMenuMapId, isExecute, isRead, isWrite, menuId, versionId, createdBy, createdDate, updatedBy, updatedDate, activeStatus, txnAccessCode, roleId FROM ast_RoleMenuBridge_TP WHERE (roleId = ?)")
[EL Fine]: sql: 2016-09-19 09:45:52.448--ClientSession(2050356400)--Connection(751809449)--Thread(Thread[Test worker,5,main])--SELECT roleMenuMapId, isExecute, isRead, isWrite, menuId, versionId, createdBy, createdDate, updatedBy, updatedDate, activeStatus, txnAccessCode, roleId FROM ast_RoleMenuBridge_TP WHERE (roleId = ?)
	bind => [B45284CE-B068-40BA-A18E-22D8EE4FEA63]
[EL Finest]: query: 2016-09-19 09:45:52.45--UnitOfWork(1817415038)--Thread(Thread[Test worker,5,main])--Execute query ReadObjectQuery(name="roles" referenceClass=Roles )
[EL Finest]: transaction: 2016-09-19 09:45:52.45--UnitOfWork(1817415038)--Thread(Thread[Test worker,5,main])--remove() operation called on: xTwoJylYG6PRWIWhrlHyv3omQ9nh1De04M7Q2e5t0Xox8Dl13o
[EL Finest]: transaction: 2016-09-19 09:45:52.45--UnitOfWork(1817415038)--Thread(Thread[Test worker,5,main])--remove() operation called on: xTwoJylYG6PRWIWhrlHyv3omQ9nh1De04M7Q2e5t0Xox8Dl13o,63A6A445-4ED8-4DB9-ACE6-4C31984EFABB,true,true,true
[EL Finer]: transaction: 2016-09-19 09:45:52.451--UnitOfWork(1817415038)--Thread(Thread[Test worker,5,main])--begin unit of work commit
[EL Finest]: query: 2016-09-19 09:45:52.451--UnitOfWork(1817415038)--Thread(Thread[Test worker,5,main])--Execute query DoesExistQuery(referenceClass=RoleMenuBridge )
[EL Finest]: query: 2016-09-19 09:45:52.451--UnitOfWork(1817415038)--Thread(Thread[Test worker,5,main])--Execute query DoesExistQuery(referenceClass=Roles )
[EL Finest]: query: 2016-09-19 09:45:52.452--UnitOfWork(1817415038)--Thread(Thread[Test worker,5,main])--Execute query DeleteObjectQuery(xTwoJylYG6PRWIWhrlHyv3omQ9nh1De04M7Q2e5t0Xox8Dl13o,63A6A445-4ED8-4DB9-ACE6-4C31984EFABB,true,true,true)
[EL Finest]: query: 2016-09-19 09:45:52.452--UnitOfWork(1817415038)--Thread(Thread[Test worker,5,main])--Execute query DeleteObjectQuery(xTwoJylYG6PRWIWhrlHyv3omQ9nh1De04M7Q2e5t0Xox8Dl13o)
[EL Fine]: sql: 2016-09-19 09:45:52.452--ClientSession(2050356400)--Connection(751809449)--Thread(Thread[Test worker,5,main])--DELETE FROM ast_RoleMenuBridge_TP WHERE ((roleMenuMapId = ?) AND (versionId = ?))
	bind => [D2B28C28-BFB1-4DB3-9511-CF458B34319B, 1]
[EL Fine]: sql: 2016-09-19 09:45:52.454--ClientSession(2050356400)--Connection(751809449)--Thread(Thread[Test worker,5,main])--DELETE FROM ast_Roles_T WHERE ((roleId = ?) AND (versionId = ?))
	bind => [B45284CE-B068-40BA-A18E-22D8EE4FEA63, 2]
[EL Finer]: transaction: 2016-09-19 09:45:52.455--ClientSession(2050356400)--Connection(751809449)--Thread(Thread[Test worker,5,main])--commit transaction
[EL Finest]: connection: 2016-09-19 09:45:52.508--ServerSession(1800530428)--Connection(1634632385)--Thread(Thread[Test worker,5,main])--Connection released to connection pool [default].
[EL Finer]: transaction: 2016-09-19 09:45:52.509--UnitOfWork(1817415038)--Thread(Thread[Test worker,5,main])--end unit of work commit
[EL Finer]: transaction: 2016-09-19 09:45:52.509--UnitOfWork(1817415038)--Thread(Thread[Test worker,5,main])--resume unit of work
[EL Finer]: transaction: 2016-09-19 09:45:52.509--UnitOfWork(1817415038)--Thread(Thread[Test worker,5,main])--release unit of work
[EL Finer]: connection: 2016-09-19 09:45:52.509--ClientSession(2050356400)--Thread(Thread[Test worker,5,main])--client released
[EL Finer]: connection: 2016-09-19 09:45:52.529--ServerSession(1800530428)--Thread(Thread[Test worker,5,main])--client acquired: 2112377306
[EL Finer]: transaction: 2016-09-19 09:45:52.53--ClientSession(2112377306)--Thread(Thread[Test worker,5,main])--acquire unit of work: 525729738
[EL Finest]: connection: 2016-09-19 09:45:52.53--ServerSession(1800530428)--Connection(1191982808)--Thread(Thread[Test worker,5,main])--Connection acquired from connection pool [default].
[EL Finer]: transaction: 2016-09-19 09:45:52.53--ClientSession(2112377306)--Connection(1191982808)--Thread(Thread[Test worker,5,main])--begin transaction
[EL Finest]: connection: 2016-09-19 09:45:52.53--ClientSession(2112377306)--Thread(Thread[Test worker,5,main])--reconnecting to external connection pool
[EL Finest]: query: 2016-09-19 09:45:52.531--UnitOfWork(525729738)--Thread(Thread[Test worker,5,main])--Execute query ReadObjectQuery(name="readAppMenus" referenceClass=AppMenus sql="SELECT menuId, appId, appType, autoSave, expiryDate, goLiveDate, menuAccessRights, menuAction, menuCommands, menuDisplay, menuHead, menuIcon, menuLabel, menuTreeId, RefObjectId, startDate, uiType, versionId, createdBy, createdDate, updatedBy, updatedDate, activeStatus, txnAccessCode FROM ast_AppMenus_M WHERE (menuId = ?)")
[EL Fine]: sql: 2016-09-19 09:45:52.531--ClientSession(2112377306)--Connection(1581891221)--Thread(Thread[Test worker,5,main])--SELECT menuId, appId, appType, autoSave, expiryDate, goLiveDate, menuAccessRights, menuAction, menuCommands, menuDisplay, menuHead, menuIcon, menuLabel, menuTreeId, RefObjectId, startDate, uiType, versionId, createdBy, createdDate, updatedBy, updatedDate, activeStatus, txnAccessCode FROM ast_AppMenus_M WHERE (menuId = ?)
	bind => [63A6A445-4ED8-4DB9-ACE6-4C31984EFABB]
[EL Finest]: transaction: 2016-09-19 09:45:52.533--UnitOfWork(525729738)--Thread(Thread[Test worker,5,main])--remove() operation called on: EhxS9k1YKOVhPKqUEYDpwH6rdAokElNLXo2QlJHcBS4kwJRy4x
[EL Finer]: transaction: 2016-09-19 09:45:52.534--UnitOfWork(525729738)--Thread(Thread[Test worker,5,main])--begin unit of work commit
[EL Finest]: query: 2016-09-19 09:45:52.534--UnitOfWork(525729738)--Thread(Thread[Test worker,5,main])--Execute query DoesExistQuery(referenceClass=AppMenus )
[EL Finest]: query: 2016-09-19 09:45:52.534--UnitOfWork(525729738)--Thread(Thread[Test worker,5,main])--Execute query DeleteObjectQuery(EhxS9k1YKOVhPKqUEYDpwH6rdAokElNLXo2QlJHcBS4kwJRy4x)
[EL Fine]: sql: 2016-09-19 09:45:52.535--ClientSession(2112377306)--Connection(1581891221)--Thread(Thread[Test worker,5,main])--DELETE FROM ast_AppMenus_M WHERE ((menuId = ?) AND (versionId = ?))
	bind => [63A6A445-4ED8-4DB9-ACE6-4C31984EFABB, 1]
[EL Finer]: transaction: 2016-09-19 09:45:52.536--ClientSession(2112377306)--Connection(1581891221)--Thread(Thread[Test worker,5,main])--commit transaction
[EL Finest]: connection: 2016-09-19 09:45:52.591--ServerSession(1800530428)--Connection(1191982808)--Thread(Thread[Test worker,5,main])--Connection released to connection pool [default].
[EL Finer]: transaction: 2016-09-19 09:45:52.592--UnitOfWork(525729738)--Thread(Thread[Test worker,5,main])--end unit of work commit
[EL Finer]: transaction: 2016-09-19 09:45:52.592--UnitOfWork(525729738)--Thread(Thread[Test worker,5,main])--resume unit of work
[EL Finer]: transaction: 2016-09-19 09:45:52.592--UnitOfWork(525729738)--Thread(Thread[Test worker,5,main])--release unit of work
[EL Finer]: connection: 2016-09-19 09:45:52.592--ClientSession(2112377306)--Thread(Thread[Test worker,5,main])--client released
]]></system-out>
  <system-err><![CDATA[java.lang.NoSuchFieldException: RoleName
	at java.lang.Class.getDeclaredField(Class.java:1961)
	at com.app.server.service.appbasicsetup.userrolemanagement.RolesTestCase.test5NegativeTesting(RolesTestCase.java:276)
	at sun.reflect.NativeMethodAccessorImpl.invoke0(Native Method)
	at sun.reflect.NativeMethodAccessorImpl.invoke(NativeMethodAccessorImpl.java:57)
	at sun.reflect.DelegatingMethodAccessorImpl.invoke(DelegatingMethodAccessorImpl.java:43)
	at java.lang.reflect.Method.invoke(Method.java:606)
	at org.junit.runners.model.FrameworkMethod$1.runReflectiveCall(FrameworkMethod.java:47)
	at org.junit.internal.runners.model.ReflectiveCallable.run(ReflectiveCallable.java:12)
	at org.junit.runners.model.FrameworkMethod.invokeExplosively(FrameworkMethod.java:44)
	at org.junit.internal.runners.statements.InvokeMethod.evaluate(InvokeMethod.java:17)
	at org.junit.internal.runners.statements.RunBefores.evaluate(RunBefores.java:26)
	at org.springframework.test.context.junit4.statements.RunBeforeTestMethodCallbacks.evaluate(RunBeforeTestMethodCallbacks.java:74)
	at org.junit.internal.runners.statements.RunAfters.evaluate(RunAfters.java:27)
	at org.springframework.test.context.junit4.statements.RunAfterTestMethodCallbacks.evaluate(RunAfterTestMethodCallbacks.java:83)
	at org.springframework.test.context.junit4.statements.SpringRepeat.evaluate(SpringRepeat.java:72)
	at org.springframework.test.context.junit4.SpringJUnit4ClassRunner.runChild(SpringJUnit4ClassRunner.java:233)
	at org.springframework.test.context.junit4.SpringJUnit4ClassRunner.runChild(SpringJUnit4ClassRunner.java:87)
	at org.junit.runners.ParentRunner$3.run(ParentRunner.java:238)
	at org.junit.runners.ParentRunner$1.schedule(ParentRunner.java:63)
	at org.junit.runners.ParentRunner.runChildren(ParentRunner.java:236)
	at org.junit.runners.ParentRunner.access$000(ParentRunner.java:53)
	at org.junit.runners.ParentRunner$2.evaluate(ParentRunner.java:229)
	at org.junit.internal.runners.statements.RunBefores.evaluate(RunBefores.java:26)
	at org.springframework.test.context.junit4.statements.RunBeforeTestClassCallbacks.evaluate(RunBeforeTestClassCallbacks.java:61)
	at org.springframework.test.context.junit4.statements.RunAfterTestClassCallbacks.evaluate(RunAfterTestClassCallbacks.java:71)
	at org.junit.runners.ParentRunner.run(ParentRunner.java:309)
	at org.springframework.test.context.junit4.SpringJUnit4ClassRunner.run(SpringJUnit4ClassRunner.java:176)
	at org.gradle.api.internal.tasks.testing.junit.JUnitTestClassExecuter.runTestClass(JUnitTestClassExecuter.java:86)
	at org.gradle.api.internal.tasks.testing.junit.JUnitTestClassExecuter.execute(JUnitTestClassExecuter.java:49)
	at org.gradle.api.internal.tasks.testing.junit.JUnitTestClassProcessor.processTestClass(JUnitTestClassProcessor.java:64)
	at org.gradle.api.internal.tasks.testing.SuiteTestClassProcessor.processTestClass(SuiteTestClassProcessor.java:50)
	at sun.reflect.NativeMethodAccessorImpl.invoke0(Native Method)
	at sun.reflect.NativeMethodAccessorImpl.invoke(NativeMethodAccessorImpl.java:57)
	at sun.reflect.DelegatingMethodAccessorImpl.invoke(DelegatingMethodAccessorImpl.java:43)
	at java.lang.reflect.Method.invoke(Method.java:606)
	at org.gradle.messaging.dispatch.ReflectionDispatch.dispatch(ReflectionDispatch.java:35)
	at org.gradle.messaging.dispatch.ReflectionDispatch.dispatch(ReflectionDispatch.java:24)
	at org.gradle.messaging.dispatch.ContextClassLoaderDispatch.dispatch(ContextClassLoaderDispatch.java:32)
	at org.gradle.messaging.dispatch.ProxyDispatchAdapter$DispatchingInvocationHandler.invoke(ProxyDispatchAdapter.java:93)
	at com.sun.proxy.$Proxy2.processTestClass(Unknown Source)
	at org.gradle.api.internal.tasks.testing.worker.TestWorker.processTestClass(TestWorker.java:106)
	at sun.reflect.NativeMethodAccessorImpl.invoke0(Native Method)
	at sun.reflect.NativeMethodAccessorImpl.invoke(NativeMethodAccessorImpl.java:57)
	at sun.reflect.DelegatingMethodAccessorImpl.invoke(DelegatingMethodAccessorImpl.java:43)
	at java.lang.reflect.Method.invoke(Method.java:606)
	at org.gradle.messaging.dispatch.ReflectionDispatch.dispatch(ReflectionDispatch.java:35)
	at org.gradle.messaging.dispatch.ReflectionDispatch.dispatch(ReflectionDispatch.java:24)
	at org.gradle.messaging.remote.internal.hub.MessageHub$Handler.run(MessageHub.java:360)
	at org.gradle.internal.concurrent.DefaultExecutorFactory$StoppableExecutorImpl$1.run(DefaultExecutorFactory.java:64)
	at java.util.concurrent.ThreadPoolExecutor.runWorker(ThreadPoolExecutor.java:1145)
	at java.util.concurrent.ThreadPoolExecutor$Worker.run(ThreadPoolExecutor.java:615)
	at java.lang.Thread.run(Thread.java:745)
Roles.roleName size must be between 0 and 256
java.lang.SecurityException: Roles.roleName size must be between 0 and 256
	at com.athena.server.pluggable.utils.helper.EntityValidatorHelper.validateEntity(EntityValidatorHelper.java:37)
	at com.app.shared.appbasicsetup.userrolemanagement.Roles.isValid(Roles.java:264)
	at com.app.server.service.appbasicsetup.userrolemanagement.RolesTestCase.validateRoles(RolesTestCase.java:247)
	at com.app.server.service.appbasicsetup.userrolemanagement.RolesTestCase.test5NegativeTesting(RolesTestCase.java:289)
	at sun.reflect.NativeMethodAccessorImpl.invoke0(Native Method)
	at sun.reflect.NativeMethodAccessorImpl.invoke(NativeMethodAccessorImpl.java:57)
	at sun.reflect.DelegatingMethodAccessorImpl.invoke(DelegatingMethodAccessorImpl.java:43)
	at java.lang.reflect.Method.invoke(Method.java:606)
	at org.junit.runners.model.FrameworkMethod$1.runReflectiveCall(FrameworkMethod.java:47)
	at org.junit.internal.runners.model.ReflectiveCallable.run(ReflectiveCallable.java:12)
	at org.junit.runners.model.FrameworkMethod.invokeExplosively(FrameworkMethod.java:44)
	at org.junit.internal.runners.statements.InvokeMethod.evaluate(InvokeMethod.java:17)
	at org.junit.internal.runners.statements.RunBefores.evaluate(RunBefores.java:26)
	at org.springframework.test.context.junit4.statements.RunBeforeTestMethodCallbacks.evaluate(RunBeforeTestMethodCallbacks.java:74)
	at org.junit.internal.runners.statements.RunAfters.evaluate(RunAfters.java:27)
	at org.springframework.test.context.junit4.statements.RunAfterTestMethodCallbacks.evaluate(RunAfterTestMethodCallbacks.java:83)
	at org.springframework.test.context.junit4.statements.SpringRepeat.evaluate(SpringRepeat.java:72)
	at org.springframework.test.context.junit4.SpringJUnit4ClassRunner.runChild(SpringJUnit4ClassRunner.java:233)
	at org.springframework.test.context.junit4.SpringJUnit4ClassRunner.runChild(SpringJUnit4ClassRunner.java:87)
	at org.junit.runners.ParentRunner$3.run(ParentRunner.java:238)
	at org.junit.runners.ParentRunner$1.schedule(ParentRunner.java:63)
	at org.junit.runners.ParentRunner.runChildren(ParentRunner.java:236)
	at org.junit.runners.ParentRunner.access$000(ParentRunner.java:53)
	at org.junit.runners.ParentRunner$2.evaluate(ParentRunner.java:229)
	at org.junit.internal.runners.statements.RunBefores.evaluate(RunBefores.java:26)
	at org.springframework.test.context.junit4.statements.RunBeforeTestClassCallbacks.evaluate(RunBeforeTestClassCallbacks.java:61)
	at org.springframework.test.context.junit4.statements.RunAfterTestClassCallbacks.evaluate(RunAfterTestClassCallbacks.java:71)
	at org.junit.runners.ParentRunner.run(ParentRunner.java:309)
	at org.springframework.test.context.junit4.SpringJUnit4ClassRunner.run(SpringJUnit4ClassRunner.java:176)
	at org.gradle.api.internal.tasks.testing.junit.JUnitTestClassExecuter.runTestClass(JUnitTestClassExecuter.java:86)
	at org.gradle.api.internal.tasks.testing.junit.JUnitTestClassExecuter.execute(JUnitTestClassExecuter.java:49)
	at org.gradle.api.internal.tasks.testing.junit.JUnitTestClassProcessor.processTestClass(JUnitTestClassProcessor.java:64)
	at org.gradle.api.internal.tasks.testing.SuiteTestClassProcessor.processTestClass(SuiteTestClassProcessor.java:50)
	at sun.reflect.NativeMethodAccessorImpl.invoke0(Native Method)
	at sun.reflect.NativeMethodAccessorImpl.invoke(NativeMethodAccessorImpl.java:57)
	at sun.reflect.DelegatingMethodAccessorImpl.invoke(DelegatingMethodAccessorImpl.java:43)
	at java.lang.reflect.Method.invoke(Method.java:606)
	at org.gradle.messaging.dispatch.ReflectionDispatch.dispatch(ReflectionDispatch.java:35)
	at org.gradle.messaging.dispatch.ReflectionDispatch.dispatch(ReflectionDispatch.java:24)
	at org.gradle.messaging.dispatch.ContextClassLoaderDispatch.dispatch(ContextClassLoaderDispatch.java:32)
	at org.gradle.messaging.dispatch.ProxyDispatchAdapter$DispatchingInvocationHandler.invoke(ProxyDispatchAdapter.java:93)
	at com.sun.proxy.$Proxy2.processTestClass(Unknown Source)
	at org.gradle.api.internal.tasks.testing.worker.TestWorker.processTestClass(TestWorker.java:106)
	at sun.reflect.NativeMethodAccessorImpl.invoke0(Native Method)
	at sun.reflect.NativeMethodAccessorImpl.invoke(NativeMethodAccessorImpl.java:57)
	at sun.reflect.DelegatingMethodAccessorImpl.invoke(DelegatingMethodAccessorImpl.java:43)
	at java.lang.reflect.Method.invoke(Method.java:606)
	at org.gradle.messaging.dispatch.ReflectionDispatch.dispatch(ReflectionDispatch.java:35)
	at org.gradle.messaging.dispatch.ReflectionDispatch.dispatch(ReflectionDispatch.java:24)
	at org.gradle.messaging.remote.internal.hub.MessageHub$Handler.run(MessageHub.java:360)
	at org.gradle.internal.concurrent.DefaultExecutorFactory$StoppableExecutorImpl$1.run(DefaultExecutorFactory.java:64)
	at java.util.concurrent.ThreadPoolExecutor.runWorker(ThreadPoolExecutor.java:1145)
	at java.util.concurrent.ThreadPoolExecutor$Worker.run(ThreadPoolExecutor.java:615)
	at java.lang.Thread.run(Thread.java:745)
java.lang.NoSuchFieldException: RoleDescription
	at java.lang.Class.getDeclaredField(Class.java:1961)
	at com.app.server.service.appbasicsetup.userrolemanagement.RolesTestCase.test5NegativeTesting(RolesTestCase.java:276)
	at sun.reflect.NativeMethodAccessorImpl.invoke0(Native Method)
	at sun.reflect.NativeMethodAccessorImpl.invoke(NativeMethodAccessorImpl.java:57)
	at sun.reflect.DelegatingMethodAccessorImpl.invoke(DelegatingMethodAccessorImpl.java:43)
	at java.lang.reflect.Method.invoke(Method.java:606)
	at org.junit.runners.model.FrameworkMethod$1.runReflectiveCall(FrameworkMethod.java:47)
	at org.junit.internal.runners.model.ReflectiveCallable.run(ReflectiveCallable.java:12)
	at org.junit.runners.model.FrameworkMethod.invokeExplosively(FrameworkMethod.java:44)
	at org.junit.internal.runners.statements.InvokeMethod.evaluate(InvokeMethod.java:17)
	at org.junit.internal.runners.statements.RunBefores.evaluate(RunBefores.java:26)
	at org.springframework.test.context.junit4.statements.RunBeforeTestMethodCallbacks.evaluate(RunBeforeTestMethodCallbacks.java:74)
	at org.junit.internal.runners.statements.RunAfters.evaluate(RunAfters.java:27)
	at org.springframework.test.context.junit4.statements.RunAfterTestMethodCallbacks.evaluate(RunAfterTestMethodCallbacks.java:83)
	at org.springframework.test.context.junit4.statements.SpringRepeat.evaluate(SpringRepeat.java:72)
	at org.springframework.test.context.junit4.SpringJUnit4ClassRunner.runChild(SpringJUnit4ClassRunner.java:233)
	at org.springframework.test.context.junit4.SpringJUnit4ClassRunner.runChild(SpringJUnit4ClassRunner.java:87)
	at org.junit.runners.ParentRunner$3.run(ParentRunner.java:238)
	at org.junit.runners.ParentRunner$1.schedule(ParentRunner.java:63)
	at org.junit.runners.ParentRunner.runChildren(ParentRunner.java:236)
	at org.junit.runners.ParentRunner.access$000(ParentRunner.java:53)
	at org.junit.runners.ParentRunner$2.evaluate(ParentRunner.java:229)
	at org.junit.internal.runners.statements.RunBefores.evaluate(RunBefores.java:26)
	at org.springframework.test.context.junit4.statements.RunBeforeTestClassCallbacks.evaluate(RunBeforeTestClassCallbacks.java:61)
	at org.springframework.test.context.junit4.statements.RunAfterTestClassCallbacks.evaluate(RunAfterTestClassCallbacks.java:71)
	at org.junit.runners.ParentRunner.run(ParentRunner.java:309)
	at org.springframework.test.context.junit4.SpringJUnit4ClassRunner.run(SpringJUnit4ClassRunner.java:176)
	at org.gradle.api.internal.tasks.testing.junit.JUnitTestClassExecuter.runTestClass(JUnitTestClassExecuter.java:86)
	at org.gradle.api.internal.tasks.testing.junit.JUnitTestClassExecuter.execute(JUnitTestClassExecuter.java:49)
	at org.gradle.api.internal.tasks.testing.junit.JUnitTestClassProcessor.processTestClass(JUnitTestClassProcessor.java:64)
	at org.gradle.api.internal.tasks.testing.SuiteTestClassProcessor.processTestClass(SuiteTestClassProcessor.java:50)
	at sun.reflect.NativeMethodAccessorImpl.invoke0(Native Method)
	at sun.reflect.NativeMethodAccessorImpl.invoke(NativeMethodAccessorImpl.java:57)
	at sun.reflect.DelegatingMethodAccessorImpl.invoke(DelegatingMethodAccessorImpl.java:43)
	at java.lang.reflect.Method.invoke(Method.java:606)
	at org.gradle.messaging.dispatch.ReflectionDispatch.dispatch(ReflectionDispatch.java:35)
	at org.gradle.messaging.dispatch.ReflectionDispatch.dispatch(ReflectionDispatch.java:24)
	at org.gradle.messaging.dispatch.ContextClassLoaderDispatch.dispatch(ContextClassLoaderDispatch.java:32)
	at org.gradle.messaging.dispatch.ProxyDispatchAdapter$DispatchingInvocationHandler.invoke(ProxyDispatchAdapter.java:93)
	at com.sun.proxy.$Proxy2.processTestClass(Unknown Source)
	at org.gradle.api.internal.tasks.testing.worker.TestWorker.processTestClass(TestWorker.java:106)
	at sun.reflect.NativeMethodAccessorImpl.invoke0(Native Method)
	at sun.reflect.NativeMethodAccessorImpl.invoke(NativeMethodAccessorImpl.java:57)
	at sun.reflect.DelegatingMethodAccessorImpl.invoke(DelegatingMethodAccessorImpl.java:43)
	at java.lang.reflect.Method.invoke(Method.java:606)
	at org.gradle.messaging.dispatch.ReflectionDispatch.dispatch(ReflectionDispatch.java:35)
	at org.gradle.messaging.dispatch.ReflectionDispatch.dispatch(ReflectionDispatch.java:24)
	at org.gradle.messaging.remote.internal.hub.MessageHub$Handler.run(MessageHub.java:360)
	at org.gradle.internal.concurrent.DefaultExecutorFactory$StoppableExecutorImpl$1.run(DefaultExecutorFactory.java:64)
	at java.util.concurrent.ThreadPoolExecutor.runWorker(ThreadPoolExecutor.java:1145)
	at java.util.concurrent.ThreadPoolExecutor$Worker.run(ThreadPoolExecutor.java:615)
	at java.lang.Thread.run(Thread.java:745)
Roles.roleDescription size must be between 0 and 256
java.lang.SecurityException: Roles.roleDescription size must be between 0 and 256
	at com.athena.server.pluggable.utils.helper.EntityValidatorHelper.validateEntity(EntityValidatorHelper.java:37)
	at com.app.shared.appbasicsetup.userrolemanagement.Roles.isValid(Roles.java:264)
	at com.app.server.service.appbasicsetup.userrolemanagement.RolesTestCase.validateRoles(RolesTestCase.java:247)
	at com.app.server.service.appbasicsetup.userrolemanagement.RolesTestCase.test5NegativeTesting(RolesTestCase.java:300)
	at sun.reflect.NativeMethodAccessorImpl.invoke0(Native Method)
	at sun.reflect.NativeMethodAccessorImpl.invoke(NativeMethodAccessorImpl.java:57)
	at sun.reflect.DelegatingMethodAccessorImpl.invoke(DelegatingMethodAccessorImpl.java:43)
	at java.lang.reflect.Method.invoke(Method.java:606)
	at org.junit.runners.model.FrameworkMethod$1.runReflectiveCall(FrameworkMethod.java:47)
	at org.junit.internal.runners.model.ReflectiveCallable.run(ReflectiveCallable.java:12)
	at org.junit.runners.model.FrameworkMethod.invokeExplosively(FrameworkMethod.java:44)
	at org.junit.internal.runners.statements.InvokeMethod.evaluate(InvokeMethod.java:17)
	at org.junit.internal.runners.statements.RunBefores.evaluate(RunBefores.java:26)
	at org.springframework.test.context.junit4.statements.RunBeforeTestMethodCallbacks.evaluate(RunBeforeTestMethodCallbacks.java:74)
	at org.junit.internal.runners.statements.RunAfters.evaluate(RunAfters.java:27)
	at org.springframework.test.context.junit4.statements.RunAfterTestMethodCallbacks.evaluate(RunAfterTestMethodCallbacks.java:83)
	at org.springframework.test.context.junit4.statements.SpringRepeat.evaluate(SpringRepeat.java:72)
	at org.springframework.test.context.junit4.SpringJUnit4ClassRunner.runChild(SpringJUnit4ClassRunner.java:233)
	at org.springframework.test.context.junit4.SpringJUnit4ClassRunner.runChild(SpringJUnit4ClassRunner.java:87)
	at org.junit.runners.ParentRunner$3.run(ParentRunner.java:238)
	at org.junit.runners.ParentRunner$1.schedule(ParentRunner.java:63)
	at org.junit.runners.ParentRunner.runChildren(ParentRunner.java:236)
	at org.junit.runners.ParentRunner.access$000(ParentRunner.java:53)
	at org.junit.runners.ParentRunner$2.evaluate(ParentRunner.java:229)
	at org.junit.internal.runners.statements.RunBefores.evaluate(RunBefores.java:26)
	at org.springframework.test.context.junit4.statements.RunBeforeTestClassCallbacks.evaluate(RunBeforeTestClassCallbacks.java:61)
	at org.springframework.test.context.junit4.statements.RunAfterTestClassCallbacks.evaluate(RunAfterTestClassCallbacks.java:71)
	at org.junit.runners.ParentRunner.run(ParentRunner.java:309)
	at org.springframework.test.context.junit4.SpringJUnit4ClassRunner.run(SpringJUnit4ClassRunner.java:176)
	at org.gradle.api.internal.tasks.testing.junit.JUnitTestClassExecuter.runTestClass(JUnitTestClassExecuter.java:86)
	at org.gradle.api.internal.tasks.testing.junit.JUnitTestClassExecuter.execute(JUnitTestClassExecuter.java:49)
	at org.gradle.api.internal.tasks.testing.junit.JUnitTestClassProcessor.processTestClass(JUnitTestClassProcessor.java:64)
	at org.gradle.api.internal.tasks.testing.SuiteTestClassProcessor.processTestClass(SuiteTestClassProcessor.java:50)
	at sun.reflect.NativeMethodAccessorImpl.invoke0(Native Method)
	at sun.reflect.NativeMethodAccessorImpl.invoke(NativeMethodAccessorImpl.java:57)
	at sun.reflect.DelegatingMethodAccessorImpl.invoke(DelegatingMethodAccessorImpl.java:43)
	at java.lang.reflect.Method.invoke(Method.java:606)
	at org.gradle.messaging.dispatch.ReflectionDispatch.dispatch(ReflectionDispatch.java:35)
	at org.gradle.messaging.dispatch.ReflectionDispatch.dispatch(ReflectionDispatch.java:24)
	at org.gradle.messaging.dispatch.ContextClassLoaderDispatch.dispatch(ContextClassLoaderDispatch.java:32)
	at org.gradle.messaging.dispatch.ProxyDispatchAdapter$DispatchingInvocationHandler.invoke(ProxyDispatchAdapter.java:93)
	at com.sun.proxy.$Proxy2.processTestClass(Unknown Source)
	at org.gradle.api.internal.tasks.testing.worker.TestWorker.processTestClass(TestWorker.java:106)
	at sun.reflect.NativeMethodAccessorImpl.invoke0(Native Method)
	at sun.reflect.NativeMethodAccessorImpl.invoke(NativeMethodAccessorImpl.java:57)
	at sun.reflect.DelegatingMethodAccessorImpl.invoke(DelegatingMethodAccessorImpl.java:43)
	at java.lang.reflect.Method.invoke(Method.java:606)
	at org.gradle.messaging.dispatch.ReflectionDispatch.dispatch(ReflectionDispatch.java:35)
	at org.gradle.messaging.dispatch.ReflectionDispatch.dispatch(ReflectionDispatch.java:24)
	at org.gradle.messaging.remote.internal.hub.MessageHub$Handler.run(MessageHub.java:360)
	at org.gradle.internal.concurrent.DefaultExecutorFactory$StoppableExecutorImpl$1.run(DefaultExecutorFactory.java:64)
	at java.util.concurrent.ThreadPoolExecutor.runWorker(ThreadPoolExecutor.java:1145)
	at java.util.concurrent.ThreadPoolExecutor$Worker.run(ThreadPoolExecutor.java:615)
	at java.lang.Thread.run(Thread.java:745)
Roles.roleIcon size must be between 0 and 64
java.lang.SecurityException: Roles.roleIcon size must be between 0 and 64
	at com.athena.server.pluggable.utils.helper.EntityValidatorHelper.validateEntity(EntityValidatorHelper.java:37)
	at com.app.shared.appbasicsetup.userrolemanagement.Roles.isValid(Roles.java:264)
	at com.app.server.service.appbasicsetup.userrolemanagement.RolesTestCase.validateRoles(RolesTestCase.java:247)
	at com.app.server.service.appbasicsetup.userrolemanagement.RolesTestCase.test5NegativeTesting(RolesTestCase.java:305)
	at sun.reflect.NativeMethodAccessorImpl.invoke0(Native Method)
	at sun.reflect.NativeMethodAccessorImpl.invoke(NativeMethodAccessorImpl.java:57)
	at sun.reflect.DelegatingMethodAccessorImpl.invoke(DelegatingMethodAccessorImpl.java:43)
	at java.lang.reflect.Method.invoke(Method.java:606)
	at org.junit.runners.model.FrameworkMethod$1.runReflectiveCall(FrameworkMethod.java:47)
	at org.junit.internal.runners.model.ReflectiveCallable.run(ReflectiveCallable.java:12)
	at org.junit.runners.model.FrameworkMethod.invokeExplosively(FrameworkMethod.java:44)
	at org.junit.internal.runners.statements.InvokeMethod.evaluate(InvokeMethod.java:17)
	at org.junit.internal.runners.statements.RunBefores.evaluate(RunBefores.java:26)
	at org.springframework.test.context.junit4.statements.RunBeforeTestMethodCallbacks.evaluate(RunBeforeTestMethodCallbacks.java:74)
	at org.junit.internal.runners.statements.RunAfters.evaluate(RunAfters.java:27)
	at org.springframework.test.context.junit4.statements.RunAfterTestMethodCallbacks.evaluate(RunAfterTestMethodCallbacks.java:83)
	at org.springframework.test.context.junit4.statements.SpringRepeat.evaluate(SpringRepeat.java:72)
	at org.springframework.test.context.junit4.SpringJUnit4ClassRunner.runChild(SpringJUnit4ClassRunner.java:233)
	at org.springframework.test.context.junit4.SpringJUnit4ClassRunner.runChild(SpringJUnit4ClassRunner.java:87)
	at org.junit.runners.ParentRunner$3.run(ParentRunner.java:238)
	at org.junit.runners.ParentRunner$1.schedule(ParentRunner.java:63)
	at org.junit.runners.ParentRunner.runChildren(ParentRunner.java:236)
	at org.junit.runners.ParentRunner.access$000(ParentRunner.java:53)
	at org.junit.runners.ParentRunner$2.evaluate(ParentRunner.java:229)
	at org.junit.internal.runners.statements.RunBefores.evaluate(RunBefores.java:26)
	at org.springframework.test.context.junit4.statements.RunBeforeTestClassCallbacks.evaluate(RunBeforeTestClassCallbacks.java:61)
	at org.springframework.test.context.junit4.statements.RunAfterTestClassCallbacks.evaluate(RunAfterTestClassCallbacks.java:71)
	at org.junit.runners.ParentRunner.run(ParentRunner.java:309)
	at org.springframework.test.context.junit4.SpringJUnit4ClassRunner.run(SpringJUnit4ClassRunner.java:176)
	at org.gradle.api.internal.tasks.testing.junit.JUnitTestClassExecuter.runTestClass(JUnitTestClassExecuter.java:86)
	at org.gradle.api.internal.tasks.testing.junit.JUnitTestClassExecuter.execute(JUnitTestClassExecuter.java:49)
	at org.gradle.api.internal.tasks.testing.junit.JUnitTestClassProcessor.processTestClass(JUnitTestClassProcessor.java:64)
	at org.gradle.api.internal.tasks.testing.SuiteTestClassProcessor.processTestClass(SuiteTestClassProcessor.java:50)
	at sun.reflect.NativeMethodAccessorImpl.invoke0(Native Method)
	at sun.reflect.NativeMethodAccessorImpl.invoke(NativeMethodAccessorImpl.java:57)
	at sun.reflect.DelegatingMethodAccessorImpl.invoke(DelegatingMethodAccessorImpl.java:43)
	at java.lang.reflect.Method.invoke(Method.java:606)
	at org.gradle.messaging.dispatch.ReflectionDispatch.dispatch(ReflectionDispatch.java:35)
	at org.gradle.messaging.dispatch.ReflectionDispatch.dispatch(ReflectionDispatch.java:24)
	at org.gradle.messaging.dispatch.ContextClassLoaderDispatch.dispatch(ContextClassLoaderDispatch.java:32)
	at org.gradle.messaging.dispatch.ProxyDispatchAdapter$DispatchingInvocationHandler.invoke(ProxyDispatchAdapter.java:93)
	at com.sun.proxy.$Proxy2.processTestClass(Unknown Source)
	at org.gradle.api.internal.tasks.testing.worker.TestWorker.processTestClass(TestWorker.java:106)
	at sun.reflect.NativeMethodAccessorImpl.invoke0(Native Method)
	at sun.reflect.NativeMethodAccessorImpl.invoke(NativeMethodAccessorImpl.java:57)
	at sun.reflect.DelegatingMethodAccessorImpl.invoke(DelegatingMethodAccessorImpl.java:43)
	at java.lang.reflect.Method.invoke(Method.java:606)
	at org.gradle.messaging.dispatch.ReflectionDispatch.dispatch(ReflectionDispatch.java:35)
	at org.gradle.messaging.dispatch.ReflectionDispatch.dispatch(ReflectionDispatch.java:24)
	at org.gradle.messaging.remote.internal.hub.MessageHub$Handler.run(MessageHub.java:360)
	at org.gradle.internal.concurrent.DefaultExecutorFactory$StoppableExecutorImpl$1.run(DefaultExecutorFactory.java:64)
	at java.util.concurrent.ThreadPoolExecutor.runWorker(ThreadPoolExecutor.java:1145)
	at java.util.concurrent.ThreadPoolExecutor$Worker.run(ThreadPoolExecutor.java:615)
	at java.lang.Thread.run(Thread.java:745)
Roles.roleHelp size must be between 0 and 256
java.lang.SecurityException: Roles.roleHelp size must be between 0 and 256
	at com.athena.server.pluggable.utils.helper.EntityValidatorHelper.validateEntity(EntityValidatorHelper.java:37)
	at com.app.shared.appbasicsetup.userrolemanagement.Roles.isValid(Roles.java:264)
	at com.app.server.service.appbasicsetup.userrolemanagement.RolesTestCase.validateRoles(RolesTestCase.java:247)
	at com.app.server.service.appbasicsetup.userrolemanagement.RolesTestCase.test5NegativeTesting(RolesTestCase.java:310)
	at sun.reflect.NativeMethodAccessorImpl.invoke0(Native Method)
	at sun.reflect.NativeMethodAccessorImpl.invoke(NativeMethodAccessorImpl.java:57)
	at sun.reflect.DelegatingMethodAccessorImpl.invoke(DelegatingMethodAccessorImpl.java:43)
	at java.lang.reflect.Method.invoke(Method.java:606)
	at org.junit.runners.model.FrameworkMethod$1.runReflectiveCall(FrameworkMethod.java:47)
	at org.junit.internal.runners.model.ReflectiveCallable.run(ReflectiveCallable.java:12)
	at org.junit.runners.model.FrameworkMethod.invokeExplosively(FrameworkMethod.java:44)
	at org.junit.internal.runners.statements.InvokeMethod.evaluate(InvokeMethod.java:17)
	at org.junit.internal.runners.statements.RunBefores.evaluate(RunBefores.java:26)
	at org.springframework.test.context.junit4.statements.RunBeforeTestMethodCallbacks.evaluate(RunBeforeTestMethodCallbacks.java:74)
	at org.junit.internal.runners.statements.RunAfters.evaluate(RunAfters.java:27)
	at org.springframework.test.context.junit4.statements.RunAfterTestMethodCallbacks.evaluate(RunAfterTestMethodCallbacks.java:83)
	at org.springframework.test.context.junit4.statements.SpringRepeat.evaluate(SpringRepeat.java:72)
	at org.springframework.test.context.junit4.SpringJUnit4ClassRunner.runChild(SpringJUnit4ClassRunner.java:233)
	at org.springframework.test.context.junit4.SpringJUnit4ClassRunner.runChild(SpringJUnit4ClassRunner.java:87)
	at org.junit.runners.ParentRunner$3.run(ParentRunner.java:238)
	at org.junit.runners.ParentRunner$1.schedule(ParentRunner.java:63)
	at org.junit.runners.ParentRunner.runChildren(ParentRunner.java:236)
	at org.junit.runners.ParentRunner.access$000(ParentRunner.java:53)
	at org.junit.runners.ParentRunner$2.evaluate(ParentRunner.java:229)
	at org.junit.internal.runners.statements.RunBefores.evaluate(RunBefores.java:26)
	at org.springframework.test.context.junit4.statements.RunBeforeTestClassCallbacks.evaluate(RunBeforeTestClassCallbacks.java:61)
	at org.springframework.test.context.junit4.statements.RunAfterTestClassCallbacks.evaluate(RunAfterTestClassCallbacks.java:71)
	at org.junit.runners.ParentRunner.run(ParentRunner.java:309)
	at org.springframework.test.context.junit4.SpringJUnit4ClassRunner.run(SpringJUnit4ClassRunner.java:176)
	at org.gradle.api.internal.tasks.testing.junit.JUnitTestClassExecuter.runTestClass(JUnitTestClassExecuter.java:86)
	at org.gradle.api.internal.tasks.testing.junit.JUnitTestClassExecuter.execute(JUnitTestClassExecuter.java:49)
	at org.gradle.api.internal.tasks.testing.junit.JUnitTestClassProcessor.processTestClass(JUnitTestClassProcessor.java:64)
	at org.gradle.api.internal.tasks.testing.SuiteTestClassProcessor.processTestClass(SuiteTestClassProcessor.java:50)
	at sun.reflect.NativeMethodAccessorImpl.invoke0(Native Method)
	at sun.reflect.NativeMethodAccessorImpl.invoke(NativeMethodAccessorImpl.java:57)
	at sun.reflect.DelegatingMethodAccessorImpl.invoke(DelegatingMethodAccessorImpl.java:43)
	at java.lang.reflect.Method.invoke(Method.java:606)
	at org.gradle.messaging.dispatch.ReflectionDispatch.dispatch(ReflectionDispatch.java:35)
	at org.gradle.messaging.dispatch.ReflectionDispatch.dispatch(ReflectionDispatch.java:24)
	at org.gradle.messaging.dispatch.ContextClassLoaderDispatch.dispatch(ContextClassLoaderDispatch.java:32)
	at org.gradle.messaging.dispatch.ProxyDispatchAdapter$DispatchingInvocationHandler.invoke(ProxyDispatchAdapter.java:93)
	at com.sun.proxy.$Proxy2.processTestClass(Unknown Source)
	at org.gradle.api.internal.tasks.testing.worker.TestWorker.processTestClass(TestWorker.java:106)
	at sun.reflect.NativeMethodAccessorImpl.invoke0(Native Method)
	at sun.reflect.NativeMethodAccessorImpl.invoke(NativeMethodAccessorImpl.java:57)
	at sun.reflect.DelegatingMethodAccessorImpl.invoke(DelegatingMethodAccessorImpl.java:43)
	at java.lang.reflect.Method.invoke(Method.java:606)
	at org.gradle.messaging.dispatch.ReflectionDispatch.dispatch(ReflectionDispatch.java:35)
	at org.gradle.messaging.dispatch.ReflectionDispatch.dispatch(ReflectionDispatch.java:24)
	at org.gradle.messaging.remote.internal.hub.MessageHub$Handler.run(MessageHub.java:360)
	at org.gradle.internal.concurrent.DefaultExecutorFactory$StoppableExecutorImpl$1.run(DefaultExecutorFactory.java:64)
	at java.util.concurrent.ThreadPoolExecutor.runWorker(ThreadPoolExecutor.java:1145)
	at java.util.concurrent.ThreadPoolExecutor$Worker.run(ThreadPoolExecutor.java:615)
	at java.lang.Thread.run(Thread.java:745)
]]></system-err>
</testsuite>
