<?xml version="1.0" encoding="UTF-8"?>
<testsuite name="com.app.server.service.organization.contactmanagement.TitleTestCase" tests="5" skipped="0" failures="0" errors="0" timestamp="2016-09-19T09:45:54" hostname="b68a979f9de0" time="0.473">
  <properties/>
  <testcase name="test1Save" classname="com.app.server.service.organization.contactmanagement.TitleTestCase" time="0.101"/>
  <testcase name="test2Update" classname="com.app.server.service.organization.contactmanagement.TitleTestCase" time="0.091"/>
  <testcase name="test3FindById" classname="com.app.server.service.organization.contactmanagement.TitleTestCase" time="0.045"/>
  <testcase name="test5NegativeTesting" classname="com.app.server.service.organization.contactmanagement.TitleTestCase" time="0.012"/>
  <testcase name="test6Delete" classname="com.app.server.service.organization.contactmanagement.TitleTestCase" time="0.223"/>
  <system-out><![CDATA[Mon Sep 19 09:45:54 UTC 2016|Log Manager Factory|Initialization Process started.....
Mon Sep 19 09:45:54 UTC 2016|Log Manager|Initialized with Path = [/home/applifire/workspace/testproject/src/main/webapp/WEB-INF/conf]
Mon Sep 19 09:45:54 UTC 2016|Alarm Manager|Initialized with Path = [/home/applifire/workspace/testproject/src/main/webapp/WEB-INF/conf]
Mon Sep 19 09:45:54 UTC 2016|Alarm Manager|Loading Alarms ......
Mon Sep 19 09:45:54 UTC 2016|Alarm XML Parser|FWA|XML Parsing Complete........ 
Mon Sep 19 09:45:54 UTC 2016|Alarm File Manager|FWA|Alarm File Status.. [ApplicationFrameworkAlarms.xml]|Version=15|Status=Done 
Mon Sep 19 09:45:54 UTC 2016|Alarm File Manager|FWA|Alarm Stats = ( BC/AL=5/786 SYS=5/11 [786/0]  TPL=0/0 [0/0]  APP= A.Map=[875]  E.Map EC/RC=[391/79] )
Mon Sep 19 09:45:54 UTC 2016|Alarm XML Parser|APP|XML Parsing Complete........ 
Mon Sep 19 09:45:54 UTC 2016|Alarm File Manager|APP|Alarm File Status.. [ApplicationAlarms.xml]|Version=1|Status=Done 
Mon Sep 19 09:45:54 UTC 2016|Alarm File Manager|APP|Alarm Stats = ( BC/AL=5/786 SYS=5/11 [786/0]  TPL=0/0 [0/0]  APP=0/0 [0/0]  A.Map=[875]  E.Map EC/RC=[391/79] )
Mon Sep 19 09:45:54 UTC 2016|ApplicationAlarmContext| <><><><><> Create App Alarms ....  <><><><><> 
Mon Sep 19 09:45:54 UTC 2016|ApplicationAlarmContext|Alarms are generated ONLY in Development Mode.. 
Mon Sep 19 09:45:54 UTC 2016|Alarm Manager|APP|Alarm Stats = ( BC/AL=5/786 SYS=5/11 [786/0]  TPL=0/0 [0/0]  APP=0/0 [0/0]  A.Map=[875]  E.Map EC/RC=[391/79] )
Mon Sep 19 09:45:54 UTC 2016|Alarm Manager|Initialized Exception Lookup...
Mon Sep 19 09:45:54 UTC 2016|Log Manager|Initialize Log Config File ......
Mon Sep 19 09:45:54 UTC 2016|Pluggable Connectors|Adding Connectors : StandardOutputConnector isEnabled=true isDefault=false isFallBack=true
Mon Sep 19 09:45:54 UTC 2016|Pluggable Connectors|Adding Connectors : StandardFileConnector isEnabled=true isDefault=false isFallBack=false
Mon Sep 19 09:45:54 UTC 2016|Pluggable Connectors|Adding Connectors : Sprinkler isEnabled=true isDefault=true isFallBack=false
Mon Sep 19 09:45:54 UTC 2016|Pluggable Connectors|Default Connector Name : com.spartan.logger.core.LogMessenger
Mon Sep 19 09:45:54 UTC 2016|Log Config Parser|Connector Least Log Level =[4]  FallBack Log Level =[3]
Mon Sep 19 09:45:54 UTC 2016|Log Manager|Loading Default Connector for Logging ......
Mon Sep 19 09:45:54 UTC 2016|Log Manager|Loading class .. com.spartan.logger.core.LogMessenger
Mon Sep 19 09:45:54 UTC 2016|Plugggable Connector|Connector class com.spartan.logger.core.LogMessenger Initialized... @ Log Level = 3
Mon Sep 19 09:45:54 UTC 2016|Log Manager|Starting the Default Connector [com.spartan.logger.core.LogMessenger@47fa58f3] ....
Mon Sep 19 09:45:54 UTC 2016|Scheduler|Starting the Scheduler ......
Mon Sep 19 09:45:54 UTC 2016|Scheduler|Adding [LMID=[9d233f14-95d4-4cd7-a24f-17ebd1a46f95]] Delay=5 Time Unit=MINUTES
Mon Sep 19 09:45:54 UTC 2016|Scheduler|Adding [App Alarm Manager File=[ApplicationAlarms.xml]] Delay=30 Time Unit=MINUTES
Mon Sep 19 09:45:54 UTC 2016|Scheduler|Adding [FW Alarm Manager File=[ApplicationFrameworkAlarms.xml]] Delay=3 Time Unit=MINUTES
Mon Sep 19 09:45:54 UTC 2016|Scheduler|Startup Completed..
Mon Sep 19 09:45:54 UTC 2016|Log Manager|Initialization Process Complete ......
Mon Sep 19 09:45:54 UTC 2016|Log Manager Factory|Log Manager READY! ID = 9d233f14-95d4-4cd7-a24f-17ebd1a46f95
[EL Finer]: connection: 2016-09-19 09:45:54.18--ServerSession(1800530428)--Thread(Thread[Test worker,5,main])--client acquired: 1693464974
[EL Finer]: transaction: 2016-09-19 09:45:54.18--ClientSession(1693464974)--Thread(Thread[Test worker,5,main])--acquire unit of work: 1465044327
[EL Finest]: connection: 2016-09-19 09:45:54.18--ServerSession(1800530428)--Connection(2099991034)--Thread(Thread[Test worker,5,main])--Connection acquired from connection pool [default].
[EL Finer]: transaction: 2016-09-19 09:45:54.18--ClientSession(1693464974)--Connection(2099991034)--Thread(Thread[Test worker,5,main])--begin transaction
[EL Finest]: connection: 2016-09-19 09:45:54.18--ClientSession(1693464974)--Thread(Thread[Test worker,5,main])--reconnecting to external connection pool
[EL Finest]: transaction: 2016-09-19 09:45:54.181--UnitOfWork(1465044327)--Thread(Thread[Test worker,5,main])--persist() operation called on: 78k4Qlrw9eKGYHUybSu0XGLUki88BM9T7rH64S5GnYJsmztNsF.
[EL Finest]: sequencing: 2016-09-19 09:45:54.182--UnitOfWork(1465044327)--Thread(Thread[Test worker,5,main])--assign sequence to the object (55F60995-E26B-48AD-9334-B3589BBDB21B -> 78k4Qlrw9eKGYHUybSu0XGLUki88BM9T7rH64S5GnYJsmztNsF)
[EL Finer]: transaction: 2016-09-19 09:45:54.182--UnitOfWork(1465044327)--Thread(Thread[Test worker,5,main])--begin unit of work commit
[EL Finest]: query: 2016-09-19 09:45:54.182--UnitOfWork(1465044327)--Thread(Thread[Test worker,5,main])--Execute query InsertObjectQuery(78k4Qlrw9eKGYHUybSu0XGLUki88BM9T7rH64S5GnYJsmztNsF)
[EL Fine]: sql: 2016-09-19 09:45:54.183--ClientSession(1693464974)--Connection(1551381606)--Thread(Thread[Test worker,5,main])--INSERT INTO ast_Title_M (titleId, titles, versionId, createdBy, createdDate, updatedBy, updatedDate, activeStatus, txnAccessCode) VALUES (?, ?, ?, ?, ?, ?, ?, ?, ?)
	bind => [55F60995-E26B-48AD-9334-B3589BBDB21B, 78k4Qlrw9eKGYHUybSu0XGLUki88BM9T7rH64S5GnYJsmztNsF, 1, AAAAA, 2016-09-19 09:45:54.161, AAAAA, 2016-09-19 09:45:54.161, 1, 51000]
[EL Finer]: transaction: 2016-09-19 09:45:54.185--ClientSession(1693464974)--Connection(1551381606)--Thread(Thread[Test worker,5,main])--commit transaction
[EL Finest]: connection: 2016-09-19 09:45:54.235--ServerSession(1800530428)--Connection(2099991034)--Thread(Thread[Test worker,5,main])--Connection released to connection pool [default].
[EL Finer]: transaction: 2016-09-19 09:45:54.235--UnitOfWork(1465044327)--Thread(Thread[Test worker,5,main])--end unit of work commit
[EL Finer]: transaction: 2016-09-19 09:45:54.235--UnitOfWork(1465044327)--Thread(Thread[Test worker,5,main])--resume unit of work
[EL Finer]: transaction: 2016-09-19 09:45:54.235--UnitOfWork(1465044327)--Thread(Thread[Test worker,5,main])--release unit of work
[EL Finer]: connection: 2016-09-19 09:45:54.235--ClientSession(1693464974)--Thread(Thread[Test worker,5,main])--client released
[EL Finer]: connection: 2016-09-19 09:45:54.264--ServerSession(1800530428)--Thread(Thread[Test worker,5,main])--client acquired: 1162252757
[EL Finer]: transaction: 2016-09-19 09:45:54.264--ClientSession(1162252757)--Thread(Thread[Test worker,5,main])--acquire unit of work: 470833787
[EL Finest]: connection: 2016-09-19 09:45:54.264--ServerSession(1800530428)--Connection(1973702561)--Thread(Thread[Test worker,5,main])--Connection acquired from connection pool [default].
[EL Finer]: transaction: 2016-09-19 09:45:54.265--ClientSession(1162252757)--Connection(1973702561)--Thread(Thread[Test worker,5,main])--begin transaction
[EL Finest]: connection: 2016-09-19 09:45:54.265--ClientSession(1162252757)--Thread(Thread[Test worker,5,main])--reconnecting to external connection pool
[EL Finer]: transaction: 2016-09-19 09:45:54.267--UnitOfWork(470833787)--Thread(Thread[Test worker,5,main])--begin unit of work flush
[EL Finer]: transaction: 2016-09-19 09:45:54.267--UnitOfWork(470833787)--Thread(Thread[Test worker,5,main])--end unit of work flush
[EL Finest]: query: 2016-09-19 09:45:54.267--UnitOfWork(470833787)--Thread(Thread[Test worker,5,main])--Execute query ReadAllQuery(name="Title.findById" referenceClass=Title sql="SELECT titleId, titles, versionId, createdBy, createdDate, updatedBy, updatedDate, activeStatus, txnAccessCode FROM ast_Title_M WHERE ((activeStatus = ?) AND (titleId = ?))")
[EL Fine]: sql: 2016-09-19 09:45:54.267--ClientSession(1162252757)--Connection(1666126884)--Thread(Thread[Test worker,5,main])--SELECT titleId, titles, versionId, createdBy, createdDate, updatedBy, updatedDate, activeStatus, txnAccessCode FROM ast_Title_M WHERE ((activeStatus = ?) AND (titleId = ?))
	bind => [1, 55F60995-E26B-48AD-9334-B3589BBDB21B]
[EL Finer]: transaction: 2016-09-19 09:45:54.269--UnitOfWork(470833787)--Thread(Thread[Test worker,5,main])--begin unit of work commit
[EL Finer]: transaction: 2016-09-19 09:45:54.27--ClientSession(1162252757)--Connection(1666126884)--Thread(Thread[Test worker,5,main])--commit transaction
[EL Finest]: connection: 2016-09-19 09:45:54.27--ServerSession(1800530428)--Connection(1973702561)--Thread(Thread[Test worker,5,main])--Connection released to connection pool [default].
[EL Finer]: transaction: 2016-09-19 09:45:54.271--UnitOfWork(470833787)--Thread(Thread[Test worker,5,main])--end unit of work commit
[EL Finer]: transaction: 2016-09-19 09:45:54.271--UnitOfWork(470833787)--Thread(Thread[Test worker,5,main])--resume unit of work
[EL Finer]: transaction: 2016-09-19 09:45:54.271--UnitOfWork(470833787)--Thread(Thread[Test worker,5,main])--release unit of work
[EL Finer]: connection: 2016-09-19 09:45:54.271--ClientSession(1162252757)--Thread(Thread[Test worker,5,main])--client released
[EL Finer]: connection: 2016-09-19 09:45:54.272--ServerSession(1800530428)--Thread(Thread[Test worker,5,main])--client acquired: 452748342
[EL Finer]: transaction: 2016-09-19 09:45:54.272--ClientSession(452748342)--Thread(Thread[Test worker,5,main])--acquire unit of work: 806822673
[EL Finest]: connection: 2016-09-19 09:45:54.272--ServerSession(1800530428)--Connection(1056917953)--Thread(Thread[Test worker,5,main])--Connection acquired from connection pool [default].
[EL Finer]: transaction: 2016-09-19 09:45:54.272--ClientSession(452748342)--Connection(1056917953)--Thread(Thread[Test worker,5,main])--begin transaction
[EL Finest]: connection: 2016-09-19 09:45:54.273--ClientSession(452748342)--Thread(Thread[Test worker,5,main])--reconnecting to external connection pool
[EL Finest]: transaction: 2016-09-19 09:45:54.276--UnitOfWork(806822673)--Thread(Thread[Test worker,5,main])--Merge clone with references qa2paCJFAhjVOuSpEykupKNRuLnb3vAJpsUwPDMIzfhIacUGmT
[EL Finest]: query: 2016-09-19 09:45:54.277--UnitOfWork(806822673)--Thread(Thread[Test worker,5,main])--Execute query ReadObjectQuery(referenceClass=Title )
[EL Fine]: sql: 2016-09-19 09:45:54.277--ClientSession(452748342)--Connection(2128446011)--Thread(Thread[Test worker,5,main])--SELECT titleId, titles, versionId, createdBy, createdDate, updatedBy, updatedDate, activeStatus, txnAccessCode FROM ast_Title_M WHERE (titleId = ?)
	bind => [55F60995-E26B-48AD-9334-B3589BBDB21B]
[EL Finer]: transaction: 2016-09-19 09:45:54.279--UnitOfWork(806822673)--Thread(Thread[Test worker,5,main])--begin unit of work commit
[EL Finest]: query: 2016-09-19 09:45:54.28--UnitOfWork(806822673)--Thread(Thread[Test worker,5,main])--Execute query UpdateObjectQuery(qa2paCJFAhjVOuSpEykupKNRuLnb3vAJpsUwPDMIzfhIacUGmT)
[EL Fine]: sql: 2016-09-19 09:45:54.28--ClientSession(452748342)--Connection(2128446011)--Thread(Thread[Test worker,5,main])--UPDATE ast_Title_M SET titles = ?, versionId = ? WHERE ((titleId = ?) AND (versionId = ?))
	bind => [qa2paCJFAhjVOuSpEykupKNRuLnb3vAJpsUwPDMIzfhIacUGmT, 2, 55F60995-E26B-48AD-9334-B3589BBDB21B, 1]
[EL Finer]: transaction: 2016-09-19 09:45:54.282--ClientSession(452748342)--Connection(2128446011)--Thread(Thread[Test worker,5,main])--commit transaction
[EL Finest]: connection: 2016-09-19 09:45:54.326--ServerSession(1800530428)--Connection(1056917953)--Thread(Thread[Test worker,5,main])--Connection released to connection pool [default].
[EL Finer]: transaction: 2016-09-19 09:45:54.326--UnitOfWork(806822673)--Thread(Thread[Test worker,5,main])--end unit of work commit
[EL Finer]: transaction: 2016-09-19 09:45:54.326--UnitOfWork(806822673)--Thread(Thread[Test worker,5,main])--resume unit of work
[EL Finer]: transaction: 2016-09-19 09:45:54.327--UnitOfWork(806822673)--Thread(Thread[Test worker,5,main])--release unit of work
[EL Finer]: connection: 2016-09-19 09:45:54.327--ClientSession(452748342)--Thread(Thread[Test worker,5,main])--client released
[EL Finer]: connection: 2016-09-19 09:45:54.366--ServerSession(1800530428)--Thread(Thread[Test worker,5,main])--client acquired: 1574217088
[EL Finer]: transaction: 2016-09-19 09:45:54.367--ClientSession(1574217088)--Thread(Thread[Test worker,5,main])--acquire unit of work: 868066976
[EL Finest]: connection: 2016-09-19 09:45:54.367--ServerSession(1800530428)--Connection(1745251561)--Thread(Thread[Test worker,5,main])--Connection acquired from connection pool [default].
[EL Finer]: transaction: 2016-09-19 09:45:54.367--ClientSession(1574217088)--Connection(1745251561)--Thread(Thread[Test worker,5,main])--begin transaction
[EL Finest]: connection: 2016-09-19 09:45:54.367--ClientSession(1574217088)--Thread(Thread[Test worker,5,main])--reconnecting to external connection pool
[EL Finer]: transaction: 2016-09-19 09:45:54.368--UnitOfWork(868066976)--Thread(Thread[Test worker,5,main])--begin unit of work flush
[EL Finer]: transaction: 2016-09-19 09:45:54.368--UnitOfWork(868066976)--Thread(Thread[Test worker,5,main])--end unit of work flush
[EL Finest]: query: 2016-09-19 09:45:54.368--UnitOfWork(868066976)--Thread(Thread[Test worker,5,main])--Execute query ReadAllQuery(name="Title.findById" referenceClass=Title sql="SELECT titleId, titles, versionId, createdBy, createdDate, updatedBy, updatedDate, activeStatus, txnAccessCode FROM ast_Title_M WHERE ((activeStatus = ?) AND (titleId = ?))")
[EL Fine]: sql: 2016-09-19 09:45:54.369--ClientSession(1574217088)--Connection(187578779)--Thread(Thread[Test worker,5,main])--SELECT titleId, titles, versionId, createdBy, createdDate, updatedBy, updatedDate, activeStatus, txnAccessCode FROM ast_Title_M WHERE ((activeStatus = ?) AND (titleId = ?))
	bind => [1, 55F60995-E26B-48AD-9334-B3589BBDB21B]
[EL Finer]: transaction: 2016-09-19 09:45:54.371--UnitOfWork(868066976)--Thread(Thread[Test worker,5,main])--begin unit of work commit
[EL Finer]: transaction: 2016-09-19 09:45:54.371--ClientSession(1574217088)--Connection(187578779)--Thread(Thread[Test worker,5,main])--commit transaction
[EL Finest]: connection: 2016-09-19 09:45:54.371--ServerSession(1800530428)--Connection(1745251561)--Thread(Thread[Test worker,5,main])--Connection released to connection pool [default].
[EL Finer]: transaction: 2016-09-19 09:45:54.372--UnitOfWork(868066976)--Thread(Thread[Test worker,5,main])--end unit of work commit
[EL Finer]: transaction: 2016-09-19 09:45:54.372--UnitOfWork(868066976)--Thread(Thread[Test worker,5,main])--resume unit of work
[EL Finer]: transaction: 2016-09-19 09:45:54.372--UnitOfWork(868066976)--Thread(Thread[Test worker,5,main])--release unit of work
[EL Finer]: connection: 2016-09-19 09:45:54.372--ClientSession(1574217088)--Thread(Thread[Test worker,5,main])--client released
[EL Finer]: connection: 2016-09-19 09:45:54.407--ServerSession(1800530428)--Thread(Thread[Test worker,5,main])--client acquired: 1973905454
[EL Finer]: transaction: 2016-09-19 09:45:54.408--ClientSession(1973905454)--Thread(Thread[Test worker,5,main])--acquire unit of work: 1101586522
[EL Finest]: connection: 2016-09-19 09:45:54.408--ServerSession(1800530428)--Connection(908154467)--Thread(Thread[Test worker,5,main])--Connection acquired from connection pool [default].
[EL Finer]: transaction: 2016-09-19 09:45:54.408--ClientSession(1973905454)--Connection(908154467)--Thread(Thread[Test worker,5,main])--begin transaction
[EL Finest]: connection: 2016-09-19 09:45:54.408--ClientSession(1973905454)--Thread(Thread[Test worker,5,main])--reconnecting to external connection pool
[EL Finest]: query: 2016-09-19 09:45:54.409--UnitOfWork(1101586522)--Thread(Thread[Test worker,5,main])--Execute query ReadObjectQuery(name="readTitle" referenceClass=Title sql="SELECT titleId, titles, versionId, createdBy, createdDate, updatedBy, updatedDate, activeStatus, txnAccessCode FROM ast_Title_M WHERE (titleId = ?)")
[EL Fine]: sql: 2016-09-19 09:45:54.409--ClientSession(1973905454)--Connection(1893041320)--Thread(Thread[Test worker,5,main])--SELECT titleId, titles, versionId, createdBy, createdDate, updatedBy, updatedDate, activeStatus, txnAccessCode FROM ast_Title_M WHERE (titleId = ?)
	bind => [55F60995-E26B-48AD-9334-B3589BBDB21B]
[EL Finest]: transaction: 2016-09-19 09:45:54.411--UnitOfWork(1101586522)--Thread(Thread[Test worker,5,main])--remove() operation called on: qa2paCJFAhjVOuSpEykupKNRuLnb3vAJpsUwPDMIzfhIacUGmT
[EL Finer]: transaction: 2016-09-19 09:45:54.411--UnitOfWork(1101586522)--Thread(Thread[Test worker,5,main])--begin unit of work commit
[EL Finest]: query: 2016-09-19 09:45:54.412--UnitOfWork(1101586522)--Thread(Thread[Test worker,5,main])--Execute query DoesExistQuery(referenceClass=Title )
[EL Finest]: query: 2016-09-19 09:45:54.412--UnitOfWork(1101586522)--Thread(Thread[Test worker,5,main])--Execute query DeleteObjectQuery(qa2paCJFAhjVOuSpEykupKNRuLnb3vAJpsUwPDMIzfhIacUGmT)
[EL Fine]: sql: 2016-09-19 09:45:54.412--ClientSession(1973905454)--Connection(1893041320)--Thread(Thread[Test worker,5,main])--DELETE FROM ast_Title_M WHERE ((titleId = ?) AND (versionId = ?))
	bind => [55F60995-E26B-48AD-9334-B3589BBDB21B, 2]
[EL Finer]: transaction: 2016-09-19 09:45:54.413--ClientSession(1973905454)--Connection(1893041320)--Thread(Thread[Test worker,5,main])--commit transaction
[EL Finest]: connection: 2016-09-19 09:45:54.607--ServerSession(1800530428)--Connection(908154467)--Thread(Thread[Test worker,5,main])--Connection released to connection pool [default].
[EL Finer]: transaction: 2016-09-19 09:45:54.607--UnitOfWork(1101586522)--Thread(Thread[Test worker,5,main])--end unit of work commit
[EL Finer]: transaction: 2016-09-19 09:45:54.607--UnitOfWork(1101586522)--Thread(Thread[Test worker,5,main])--resume unit of work
[EL Finer]: transaction: 2016-09-19 09:45:54.608--UnitOfWork(1101586522)--Thread(Thread[Test worker,5,main])--release unit of work
[EL Finer]: connection: 2016-09-19 09:45:54.608--ClientSession(1973905454)--Thread(Thread[Test worker,5,main])--client released
]]></system-out>
  <system-err><![CDATA[Title.titles may not be null
java.lang.SecurityException: Title.titles may not be null
	at com.athena.server.pluggable.utils.helper.EntityValidatorHelper.validateEntity(EntityValidatorHelper.java:37)
	at com.app.shared.organization.contactmanagement.Title.isValid(Title.java:148)
	at com.app.server.service.organization.contactmanagement.TitleTestCase.validateTitle(TitleTestCase.java:204)
	at com.app.server.service.organization.contactmanagement.TitleTestCase.test5NegativeTesting(TitleTestCase.java:235)
	at sun.reflect.NativeMethodAccessorImpl.invoke0(Native Method)
	at sun.reflect.NativeMethodAccessorImpl.invoke(NativeMethodAccessorImpl.java:57)
	at sun.reflect.DelegatingMethodAccessorImpl.invoke(DelegatingMethodAccessorImpl.java:43)
	at java.lang.reflect.Method.invoke(Method.java:606)
	at org.junit.runners.model.FrameworkMethod$1.runReflectiveCall(FrameworkMethod.java:47)
	at org.junit.internal.runners.model.ReflectiveCallable.run(ReflectiveCallable.java:12)
	at org.junit.runners.model.FrameworkMethod.invokeExplosively(FrameworkMethod.java:44)
	at org.junit.internal.runners.statements.InvokeMethod.evaluate(InvokeMethod.java:17)
	at org.junit.internal.runners.statements.RunBefores.evaluate(RunBefores.java:26)
	at org.springframework.test.context.junit4.statements.RunBeforeTestMethodCallbacks.evaluate(RunBeforeTestMethodCallbacks.java:74)
	at org.junit.internal.runners.statements.RunAfters.evaluate(RunAfters.java:27)
	at org.springframework.test.context.junit4.statements.RunAfterTestMethodCallbacks.evaluate(RunAfterTestMethodCallbacks.java:83)
	at org.springframework.test.context.junit4.statements.SpringRepeat.evaluate(SpringRepeat.java:72)
	at org.springframework.test.context.junit4.SpringJUnit4ClassRunner.runChild(SpringJUnit4ClassRunner.java:233)
	at org.springframework.test.context.junit4.SpringJUnit4ClassRunner.runChild(SpringJUnit4ClassRunner.java:87)
	at org.junit.runners.ParentRunner$3.run(ParentRunner.java:238)
	at org.junit.runners.ParentRunner$1.schedule(ParentRunner.java:63)
	at org.junit.runners.ParentRunner.runChildren(ParentRunner.java:236)
	at org.junit.runners.ParentRunner.access$000(ParentRunner.java:53)
	at org.junit.runners.ParentRunner$2.evaluate(ParentRunner.java:229)
	at org.junit.internal.runners.statements.RunBefores.evaluate(RunBefores.java:26)
	at org.springframework.test.context.junit4.statements.RunBeforeTestClassCallbacks.evaluate(RunBeforeTestClassCallbacks.java:61)
	at org.springframework.test.context.junit4.statements.RunAfterTestClassCallbacks.evaluate(RunAfterTestClassCallbacks.java:71)
	at org.junit.runners.ParentRunner.run(ParentRunner.java:309)
	at org.springframework.test.context.junit4.SpringJUnit4ClassRunner.run(SpringJUnit4ClassRunner.java:176)
	at org.gradle.api.internal.tasks.testing.junit.JUnitTestClassExecuter.runTestClass(JUnitTestClassExecuter.java:86)
	at org.gradle.api.internal.tasks.testing.junit.JUnitTestClassExecuter.execute(JUnitTestClassExecuter.java:49)
	at org.gradle.api.internal.tasks.testing.junit.JUnitTestClassProcessor.processTestClass(JUnitTestClassProcessor.java:64)
	at org.gradle.api.internal.tasks.testing.SuiteTestClassProcessor.processTestClass(SuiteTestClassProcessor.java:50)
	at sun.reflect.NativeMethodAccessorImpl.invoke0(Native Method)
	at sun.reflect.NativeMethodAccessorImpl.invoke(NativeMethodAccessorImpl.java:57)
	at sun.reflect.DelegatingMethodAccessorImpl.invoke(DelegatingMethodAccessorImpl.java:43)
	at java.lang.reflect.Method.invoke(Method.java:606)
	at org.gradle.messaging.dispatch.ReflectionDispatch.dispatch(ReflectionDispatch.java:35)
	at org.gradle.messaging.dispatch.ReflectionDispatch.dispatch(ReflectionDispatch.java:24)
	at org.gradle.messaging.dispatch.ContextClassLoaderDispatch.dispatch(ContextClassLoaderDispatch.java:32)
	at org.gradle.messaging.dispatch.ProxyDispatchAdapter$DispatchingInvocationHandler.invoke(ProxyDispatchAdapter.java:93)
	at com.sun.proxy.$Proxy2.processTestClass(Unknown Source)
	at org.gradle.api.internal.tasks.testing.worker.TestWorker.processTestClass(TestWorker.java:106)
	at sun.reflect.NativeMethodAccessorImpl.invoke0(Native Method)
	at sun.reflect.NativeMethodAccessorImpl.invoke(NativeMethodAccessorImpl.java:57)
	at sun.reflect.DelegatingMethodAccessorImpl.invoke(DelegatingMethodAccessorImpl.java:43)
	at java.lang.reflect.Method.invoke(Method.java:606)
	at org.gradle.messaging.dispatch.ReflectionDispatch.dispatch(ReflectionDispatch.java:35)
	at org.gradle.messaging.dispatch.ReflectionDispatch.dispatch(ReflectionDispatch.java:24)
	at org.gradle.messaging.remote.internal.hub.MessageHub$Handler.run(MessageHub.java:360)
	at org.gradle.internal.concurrent.DefaultExecutorFactory$StoppableExecutorImpl$1.run(DefaultExecutorFactory.java:64)
	at java.util.concurrent.ThreadPoolExecutor.runWorker(ThreadPoolExecutor.java:1145)
	at java.util.concurrent.ThreadPoolExecutor$Worker.run(ThreadPoolExecutor.java:615)
	at java.lang.Thread.run(Thread.java:745)
Title.titles size must be between 0 and 256
java.lang.SecurityException: Title.titles size must be between 0 and 256
	at com.athena.server.pluggable.utils.helper.EntityValidatorHelper.validateEntity(EntityValidatorHelper.java:37)
	at com.app.shared.organization.contactmanagement.Title.isValid(Title.java:148)
	at com.app.server.service.organization.contactmanagement.TitleTestCase.validateTitle(TitleTestCase.java:202)
	at com.app.server.service.organization.contactmanagement.TitleTestCase.test5NegativeTesting(TitleTestCase.java:240)
	at sun.reflect.NativeMethodAccessorImpl.invoke0(Native Method)
	at sun.reflect.NativeMethodAccessorImpl.invoke(NativeMethodAccessorImpl.java:57)
	at sun.reflect.DelegatingMethodAccessorImpl.invoke(DelegatingMethodAccessorImpl.java:43)
	at java.lang.reflect.Method.invoke(Method.java:606)
	at org.junit.runners.model.FrameworkMethod$1.runReflectiveCall(FrameworkMethod.java:47)
	at org.junit.internal.runners.model.ReflectiveCallable.run(ReflectiveCallable.java:12)
	at org.junit.runners.model.FrameworkMethod.invokeExplosively(FrameworkMethod.java:44)
	at org.junit.internal.runners.statements.InvokeMethod.evaluate(InvokeMethod.java:17)
	at org.junit.internal.runners.statements.RunBefores.evaluate(RunBefores.java:26)
	at org.springframework.test.context.junit4.statements.RunBeforeTestMethodCallbacks.evaluate(RunBeforeTestMethodCallbacks.java:74)
	at org.junit.internal.runners.statements.RunAfters.evaluate(RunAfters.java:27)
	at org.springframework.test.context.junit4.statements.RunAfterTestMethodCallbacks.evaluate(RunAfterTestMethodCallbacks.java:83)
	at org.springframework.test.context.junit4.statements.SpringRepeat.evaluate(SpringRepeat.java:72)
	at org.springframework.test.context.junit4.SpringJUnit4ClassRunner.runChild(SpringJUnit4ClassRunner.java:233)
	at org.springframework.test.context.junit4.SpringJUnit4ClassRunner.runChild(SpringJUnit4ClassRunner.java:87)
	at org.junit.runners.ParentRunner$3.run(ParentRunner.java:238)
	at org.junit.runners.ParentRunner$1.schedule(ParentRunner.java:63)
	at org.junit.runners.ParentRunner.runChildren(ParentRunner.java:236)
	at org.junit.runners.ParentRunner.access$000(ParentRunner.java:53)
	at org.junit.runners.ParentRunner$2.evaluate(ParentRunner.java:229)
	at org.junit.internal.runners.statements.RunBefores.evaluate(RunBefores.java:26)
	at org.springframework.test.context.junit4.statements.RunBeforeTestClassCallbacks.evaluate(RunBeforeTestClassCallbacks.java:61)
	at org.springframework.test.context.junit4.statements.RunAfterTestClassCallbacks.evaluate(RunAfterTestClassCallbacks.java:71)
	at org.junit.runners.ParentRunner.run(ParentRunner.java:309)
	at org.springframework.test.context.junit4.SpringJUnit4ClassRunner.run(SpringJUnit4ClassRunner.java:176)
	at org.gradle.api.internal.tasks.testing.junit.JUnitTestClassExecuter.runTestClass(JUnitTestClassExecuter.java:86)
	at org.gradle.api.internal.tasks.testing.junit.JUnitTestClassExecuter.execute(JUnitTestClassExecuter.java:49)
	at org.gradle.api.internal.tasks.testing.junit.JUnitTestClassProcessor.processTestClass(JUnitTestClassProcessor.java:64)
	at org.gradle.api.internal.tasks.testing.SuiteTestClassProcessor.processTestClass(SuiteTestClassProcessor.java:50)
	at sun.reflect.NativeMethodAccessorImpl.invoke0(Native Method)
	at sun.reflect.NativeMethodAccessorImpl.invoke(NativeMethodAccessorImpl.java:57)
	at sun.reflect.DelegatingMethodAccessorImpl.invoke(DelegatingMethodAccessorImpl.java:43)
	at java.lang.reflect.Method.invoke(Method.java:606)
	at org.gradle.messaging.dispatch.ReflectionDispatch.dispatch(ReflectionDispatch.java:35)
	at org.gradle.messaging.dispatch.ReflectionDispatch.dispatch(ReflectionDispatch.java:24)
	at org.gradle.messaging.dispatch.ContextClassLoaderDispatch.dispatch(ContextClassLoaderDispatch.java:32)
	at org.gradle.messaging.dispatch.ProxyDispatchAdapter$DispatchingInvocationHandler.invoke(ProxyDispatchAdapter.java:93)
	at com.sun.proxy.$Proxy2.processTestClass(Unknown Source)
	at org.gradle.api.internal.tasks.testing.worker.TestWorker.processTestClass(TestWorker.java:106)
	at sun.reflect.NativeMethodAccessorImpl.invoke0(Native Method)
	at sun.reflect.NativeMethodAccessorImpl.invoke(NativeMethodAccessorImpl.java:57)
	at sun.reflect.DelegatingMethodAccessorImpl.invoke(DelegatingMethodAccessorImpl.java:43)
	at java.lang.reflect.Method.invoke(Method.java:606)
	at org.gradle.messaging.dispatch.ReflectionDispatch.dispatch(ReflectionDispatch.java:35)
	at org.gradle.messaging.dispatch.ReflectionDispatch.dispatch(ReflectionDispatch.java:24)
	at org.gradle.messaging.remote.internal.hub.MessageHub$Handler.run(MessageHub.java:360)
	at org.gradle.internal.concurrent.DefaultExecutorFactory$StoppableExecutorImpl$1.run(DefaultExecutorFactory.java:64)
	at java.util.concurrent.ThreadPoolExecutor.runWorker(ThreadPoolExecutor.java:1145)
	at java.util.concurrent.ThreadPoolExecutor$Worker.run(ThreadPoolExecutor.java:615)
	at java.lang.Thread.run(Thread.java:745)
]]></system-err>
</testsuite>
