<?xml version="1.0" encoding="UTF-8"?>
<testsuite name="com.app.server.service.organization.contactmanagement.SocialCategoryTestCase" tests="5" skipped="0" failures="0" errors="0" timestamp="2016-09-19T09:45:55" hostname="b68a979f9de0" time="0.639">
  <properties/>
  <testcase name="test1Save" classname="com.app.server.service.organization.contactmanagement.SocialCategoryTestCase" time="0.207"/>
  <testcase name="test2Update" classname="com.app.server.service.organization.contactmanagement.SocialCategoryTestCase" time="0.125"/>
  <testcase name="test3FindById" classname="com.app.server.service.organization.contactmanagement.SocialCategoryTestCase" time="0.029"/>
  <testcase name="test5NegativeTesting" classname="com.app.server.service.organization.contactmanagement.SocialCategoryTestCase" time="0.013"/>
  <testcase name="test6Delete" classname="com.app.server.service.organization.contactmanagement.SocialCategoryTestCase" time="0.262"/>
  <system-out><![CDATA[Mon Sep 19 09:45:55 UTC 2016|Log Manager Factory|Initialization Process started.....
Mon Sep 19 09:45:55 UTC 2016|Log Manager|Initialized with Path = [/home/applifire/workspace/testproject/src/main/webapp/WEB-INF/conf]
Mon Sep 19 09:45:55 UTC 2016|Alarm Manager|Initialized with Path = [/home/applifire/workspace/testproject/src/main/webapp/WEB-INF/conf]
Mon Sep 19 09:45:55 UTC 2016|Alarm Manager|Loading Alarms ......
Mon Sep 19 09:45:55 UTC 2016|Alarm XML Parser|FWA|XML Parsing Complete........ 
Mon Sep 19 09:45:55 UTC 2016|Alarm File Manager|FWA|Alarm File Status.. [ApplicationFrameworkAlarms.xml]|Version=15|Status=Done 
Mon Sep 19 09:45:55 UTC 2016|Alarm File Manager|FWA|Alarm Stats = ( BC/AL=5/786 SYS=5/11 [786/0]  TPL=0/0 [0/0]  APP= A.Map=[875]  E.Map EC/RC=[391/79] )
Mon Sep 19 09:45:55 UTC 2016|Alarm XML Parser|APP|XML Parsing Complete........ 
Mon Sep 19 09:45:55 UTC 2016|Alarm File Manager|APP|Alarm File Status.. [ApplicationAlarms.xml]|Version=1|Status=Done 
Mon Sep 19 09:45:55 UTC 2016|Alarm File Manager|APP|Alarm Stats = ( BC/AL=5/786 SYS=5/11 [786/0]  TPL=0/0 [0/0]  APP=0/0 [0/0]  A.Map=[875]  E.Map EC/RC=[391/79] )
Mon Sep 19 09:45:55 UTC 2016|ApplicationAlarmContext| <><><><><> Create App Alarms ....  <><><><><> 
Mon Sep 19 09:45:55 UTC 2016|ApplicationAlarmContext|Alarms are generated ONLY in Development Mode.. 
Mon Sep 19 09:45:55 UTC 2016|Alarm Manager|APP|Alarm Stats = ( BC/AL=5/786 SYS=5/11 [786/0]  TPL=0/0 [0/0]  APP=0/0 [0/0]  A.Map=[875]  E.Map EC/RC=[391/79] )
Mon Sep 19 09:45:55 UTC 2016|Alarm Manager|Initialized Exception Lookup...
Mon Sep 19 09:45:55 UTC 2016|Log Manager|Initialize Log Config File ......
Mon Sep 19 09:45:55 UTC 2016|Pluggable Connectors|Adding Connectors : StandardOutputConnector isEnabled=true isDefault=false isFallBack=true
Mon Sep 19 09:45:55 UTC 2016|Pluggable Connectors|Adding Connectors : StandardFileConnector isEnabled=true isDefault=false isFallBack=false
Mon Sep 19 09:45:55 UTC 2016|Pluggable Connectors|Adding Connectors : Sprinkler isEnabled=true isDefault=true isFallBack=false
Mon Sep 19 09:45:55 UTC 2016|Pluggable Connectors|Default Connector Name : com.spartan.logger.core.LogMessenger
Mon Sep 19 09:45:55 UTC 2016|Log Config Parser|Connector Least Log Level =[4]  FallBack Log Level =[3]
Mon Sep 19 09:45:55 UTC 2016|Log Manager|Loading Default Connector for Logging ......
Mon Sep 19 09:45:55 UTC 2016|Log Manager|Loading class .. com.spartan.logger.core.LogMessenger
Mon Sep 19 09:45:55 UTC 2016|Plugggable Connector|Connector class com.spartan.logger.core.LogMessenger Initialized... @ Log Level = 3
Mon Sep 19 09:45:55 UTC 2016|Log Manager|Starting the Default Connector [com.spartan.logger.core.LogMessenger@1ce6e239] ....
Mon Sep 19 09:45:55 UTC 2016|Scheduler|Starting the Scheduler ......
Mon Sep 19 09:45:55 UTC 2016|Scheduler|Adding [LMID=[9d233f14-95d4-4cd7-a24f-17ebd1a46f95]] Delay=5 Time Unit=MINUTES
Mon Sep 19 09:45:55 UTC 2016|Scheduler|Adding [App Alarm Manager File=[ApplicationAlarms.xml]] Delay=30 Time Unit=MINUTES
Mon Sep 19 09:45:55 UTC 2016|Scheduler|Adding [FW Alarm Manager File=[ApplicationFrameworkAlarms.xml]] Delay=3 Time Unit=MINUTES
Mon Sep 19 09:45:55 UTC 2016|Scheduler|Startup Completed..
Mon Sep 19 09:45:55 UTC 2016|Log Manager|Initialization Process Complete ......
Mon Sep 19 09:45:55 UTC 2016|Log Manager Factory|Log Manager READY! ID = 9d233f14-95d4-4cd7-a24f-17ebd1a46f95
[EL Finer]: connection: 2016-09-19 09:45:55.47--ServerSession(1800530428)--Thread(Thread[Test worker,5,main])--client acquired: 237899817
[EL Finer]: transaction: 2016-09-19 09:45:55.47--ClientSession(237899817)--Thread(Thread[Test worker,5,main])--acquire unit of work: 1915157252
[EL Finest]: connection: 2016-09-19 09:45:55.47--ServerSession(1800530428)--Connection(1563033128)--Thread(Thread[Test worker,5,main])--Connection acquired from connection pool [default].
[EL Finer]: transaction: 2016-09-19 09:45:55.47--ClientSession(237899817)--Connection(1563033128)--Thread(Thread[Test worker,5,main])--begin transaction
[EL Finest]: connection: 2016-09-19 09:45:55.471--ClientSession(237899817)--Thread(Thread[Test worker,5,main])--reconnecting to external connection pool
[EL Finest]: transaction: 2016-09-19 09:45:55.475--UnitOfWork(1915157252)--Thread(Thread[Test worker,5,main])--persist() operation called on: q2qB7El5lajmTBlwJIey2Z0nIrWWnd0MlC9yqX1xQ7WmN2FEOE.
[EL Finest]: sequencing: 2016-09-19 09:45:55.475--UnitOfWork(1915157252)--Thread(Thread[Test worker,5,main])--assign sequence to the object (F28C8102-EA31-40D3-8ACA-2F0E44A1DB7A -> q2qB7El5lajmTBlwJIey2Z0nIrWWnd0MlC9yqX1xQ7WmN2FEOE)
Mon Sep 19 09:45:55 UTC 2016|Unknown Alarm = ORGCM322100200 Alarm Split = ORG-CM-3-2-2-100-200
[EL Finer]: transaction: 2016-09-19 09:45:55.476--UnitOfWork(1915157252)--Thread(Thread[Test worker,5,main])--begin unit of work commit
[EL Finest]: query: 2016-09-19 09:45:55.476--UnitOfWork(1915157252)--Thread(Thread[Test worker,5,main])--Execute query InsertObjectQuery(q2qB7El5lajmTBlwJIey2Z0nIrWWnd0MlC9yqX1xQ7WmN2FEOE)
[EL Fine]: sql: 2016-09-19 09:45:55.477--ClientSession(237899817)--Connection(115872602)--Thread(Thread[Test worker,5,main])--INSERT INTO ast_SocialCategory_M (socialCatId, socialCatName, versionId, createdBy, createdDate, updatedBy, updatedDate, activeStatus, txnAccessCode) VALUES (?, ?, ?, ?, ?, ?, ?, ?, ?)
	bind => [F28C8102-EA31-40D3-8ACA-2F0E44A1DB7A, q2qB7El5lajmTBlwJIey2Z0nIrWWnd0MlC9yqX1xQ7WmN2FEOE, 1, AAAAA, 2016-09-19 09:45:55.411, AAAAA, 2016-09-19 09:45:55.411, 1, 51000]
[EL Finer]: transaction: 2016-09-19 09:45:55.479--ClientSession(237899817)--Connection(115872602)--Thread(Thread[Test worker,5,main])--commit transaction
[EL Finest]: connection: 2016-09-19 09:45:55.556--ServerSession(1800530428)--Connection(1563033128)--Thread(Thread[Test worker,5,main])--Connection released to connection pool [default].
[EL Finer]: transaction: 2016-09-19 09:45:55.556--UnitOfWork(1915157252)--Thread(Thread[Test worker,5,main])--end unit of work commit
[EL Finer]: transaction: 2016-09-19 09:45:55.556--UnitOfWork(1915157252)--Thread(Thread[Test worker,5,main])--resume unit of work
[EL Finer]: transaction: 2016-09-19 09:45:55.556--UnitOfWork(1915157252)--Thread(Thread[Test worker,5,main])--release unit of work
[EL Finer]: connection: 2016-09-19 09:45:55.556--ClientSession(237899817)--Thread(Thread[Test worker,5,main])--client released
[EL Finer]: connection: 2016-09-19 09:45:55.581--ServerSession(1800530428)--Thread(Thread[Test worker,5,main])--client acquired: 268533186
[EL Finer]: transaction: 2016-09-19 09:45:55.581--ClientSession(268533186)--Thread(Thread[Test worker,5,main])--acquire unit of work: 1374114755
[EL Finest]: connection: 2016-09-19 09:45:55.581--ServerSession(1800530428)--Connection(707547447)--Thread(Thread[Test worker,5,main])--Connection acquired from connection pool [default].
[EL Finer]: transaction: 2016-09-19 09:45:55.581--ClientSession(268533186)--Connection(707547447)--Thread(Thread[Test worker,5,main])--begin transaction
[EL Finest]: connection: 2016-09-19 09:45:55.581--ClientSession(268533186)--Thread(Thread[Test worker,5,main])--reconnecting to external connection pool
[EL Finer]: transaction: 2016-09-19 09:45:55.583--UnitOfWork(1374114755)--Thread(Thread[Test worker,5,main])--begin unit of work flush
[EL Finer]: transaction: 2016-09-19 09:45:55.583--UnitOfWork(1374114755)--Thread(Thread[Test worker,5,main])--end unit of work flush
[EL Finest]: query: 2016-09-19 09:45:55.583--UnitOfWork(1374114755)--Thread(Thread[Test worker,5,main])--Execute query ReadAllQuery(name="SocialCategory.findById" referenceClass=SocialCategory sql="SELECT socialCatId, socialCatName, versionId, createdBy, createdDate, updatedBy, updatedDate, activeStatus, txnAccessCode FROM ast_SocialCategory_M WHERE ((activeStatus = ?) AND (socialCatId = ?))")
[EL Fine]: sql: 2016-09-19 09:45:55.583--ClientSession(268533186)--Connection(2118886386)--Thread(Thread[Test worker,5,main])--SELECT socialCatId, socialCatName, versionId, createdBy, createdDate, updatedBy, updatedDate, activeStatus, txnAccessCode FROM ast_SocialCategory_M WHERE ((activeStatus = ?) AND (socialCatId = ?))
	bind => [1, F28C8102-EA31-40D3-8ACA-2F0E44A1DB7A]
Mon Sep 19 09:45:55 UTC 2016|Unknown Alarm = ORGCM324100200 Alarm Split = ORG-CM-3-2-4-100-200
[EL Finer]: transaction: 2016-09-19 09:45:55.585--UnitOfWork(1374114755)--Thread(Thread[Test worker,5,main])--begin unit of work commit
[EL Finer]: transaction: 2016-09-19 09:45:55.585--ClientSession(268533186)--Connection(2118886386)--Thread(Thread[Test worker,5,main])--commit transaction
[EL Finest]: connection: 2016-09-19 09:45:55.586--ServerSession(1800530428)--Connection(707547447)--Thread(Thread[Test worker,5,main])--Connection released to connection pool [default].
[EL Finer]: transaction: 2016-09-19 09:45:55.586--UnitOfWork(1374114755)--Thread(Thread[Test worker,5,main])--end unit of work commit
[EL Finer]: transaction: 2016-09-19 09:45:55.586--UnitOfWork(1374114755)--Thread(Thread[Test worker,5,main])--resume unit of work
[EL Finer]: transaction: 2016-09-19 09:45:55.586--UnitOfWork(1374114755)--Thread(Thread[Test worker,5,main])--release unit of work
[EL Finer]: connection: 2016-09-19 09:45:55.586--ClientSession(268533186)--Thread(Thread[Test worker,5,main])--client released
[EL Finer]: connection: 2016-09-19 09:45:55.587--ServerSession(1800530428)--Thread(Thread[Test worker,5,main])--client acquired: 644104030
[EL Finer]: transaction: 2016-09-19 09:45:55.587--ClientSession(644104030)--Thread(Thread[Test worker,5,main])--acquire unit of work: 2138851330
[EL Finest]: connection: 2016-09-19 09:45:55.587--ServerSession(1800530428)--Connection(945536177)--Thread(Thread[Test worker,5,main])--Connection acquired from connection pool [default].
[EL Finer]: transaction: 2016-09-19 09:45:55.587--ClientSession(644104030)--Connection(945536177)--Thread(Thread[Test worker,5,main])--begin transaction
[EL Finest]: connection: 2016-09-19 09:45:55.587--ClientSession(644104030)--Thread(Thread[Test worker,5,main])--reconnecting to external connection pool
[EL Finest]: transaction: 2016-09-19 09:45:55.59--UnitOfWork(2138851330)--Thread(Thread[Test worker,5,main])--Merge clone with references 3urzTYriMvM71Rtnz2GqixaUa6L4nUkJIBecDvHkFCxgCdg76e
[EL Finest]: query: 2016-09-19 09:45:55.59--UnitOfWork(2138851330)--Thread(Thread[Test worker,5,main])--Execute query ReadObjectQuery(referenceClass=SocialCategory )
[EL Fine]: sql: 2016-09-19 09:45:55.591--ClientSession(644104030)--Connection(1067189784)--Thread(Thread[Test worker,5,main])--SELECT socialCatId, socialCatName, versionId, createdBy, createdDate, updatedBy, updatedDate, activeStatus, txnAccessCode FROM ast_SocialCategory_M WHERE (socialCatId = ?)
	bind => [F28C8102-EA31-40D3-8ACA-2F0E44A1DB7A]
Mon Sep 19 09:45:55 UTC 2016|Unknown Alarm = ORGCM321100200 Alarm Split = ORG-CM-3-2-1-100-200
[EL Finer]: transaction: 2016-09-19 09:45:55.601--UnitOfWork(2138851330)--Thread(Thread[Test worker,5,main])--begin unit of work commit
[EL Finest]: query: 2016-09-19 09:45:55.601--UnitOfWork(2138851330)--Thread(Thread[Test worker,5,main])--Execute query UpdateObjectQuery(3urzTYriMvM71Rtnz2GqixaUa6L4nUkJIBecDvHkFCxgCdg76e)
[EL Fine]: sql: 2016-09-19 09:45:55.602--ClientSession(644104030)--Connection(1067189784)--Thread(Thread[Test worker,5,main])--UPDATE ast_SocialCategory_M SET socialCatName = ?, versionId = ? WHERE ((socialCatId = ?) AND (versionId = ?))
	bind => [3urzTYriMvM71Rtnz2GqixaUa6L4nUkJIBecDvHkFCxgCdg76e, 2, F28C8102-EA31-40D3-8ACA-2F0E44A1DB7A, 1]
[EL Finer]: transaction: 2016-09-19 09:45:55.608--ClientSession(644104030)--Connection(1067189784)--Thread(Thread[Test worker,5,main])--commit transaction
[EL Finest]: connection: 2016-09-19 09:45:55.68--ServerSession(1800530428)--Connection(945536177)--Thread(Thread[Test worker,5,main])--Connection released to connection pool [default].
[EL Finer]: transaction: 2016-09-19 09:45:55.681--UnitOfWork(2138851330)--Thread(Thread[Test worker,5,main])--end unit of work commit
[EL Finer]: transaction: 2016-09-19 09:45:55.681--UnitOfWork(2138851330)--Thread(Thread[Test worker,5,main])--resume unit of work
[EL Finer]: transaction: 2016-09-19 09:45:55.681--UnitOfWork(2138851330)--Thread(Thread[Test worker,5,main])--release unit of work
[EL Finer]: connection: 2016-09-19 09:45:55.681--ClientSession(644104030)--Thread(Thread[Test worker,5,main])--client released
[EL Finer]: connection: 2016-09-19 09:45:55.701--ServerSession(1800530428)--Thread(Thread[Test worker,5,main])--client acquired: 1942734950
[EL Finer]: transaction: 2016-09-19 09:45:55.701--ClientSession(1942734950)--Thread(Thread[Test worker,5,main])--acquire unit of work: 1204935662
[EL Finest]: connection: 2016-09-19 09:45:55.702--ServerSession(1800530428)--Connection(582880024)--Thread(Thread[Test worker,5,main])--Connection acquired from connection pool [default].
[EL Finer]: transaction: 2016-09-19 09:45:55.702--ClientSession(1942734950)--Connection(582880024)--Thread(Thread[Test worker,5,main])--begin transaction
[EL Finest]: connection: 2016-09-19 09:45:55.702--ClientSession(1942734950)--Thread(Thread[Test worker,5,main])--reconnecting to external connection pool
[EL Finer]: transaction: 2016-09-19 09:45:55.703--UnitOfWork(1204935662)--Thread(Thread[Test worker,5,main])--begin unit of work flush
[EL Finer]: transaction: 2016-09-19 09:45:55.703--UnitOfWork(1204935662)--Thread(Thread[Test worker,5,main])--end unit of work flush
[EL Finest]: query: 2016-09-19 09:45:55.703--UnitOfWork(1204935662)--Thread(Thread[Test worker,5,main])--Execute query ReadAllQuery(name="SocialCategory.findById" referenceClass=SocialCategory sql="SELECT socialCatId, socialCatName, versionId, createdBy, createdDate, updatedBy, updatedDate, activeStatus, txnAccessCode FROM ast_SocialCategory_M WHERE ((activeStatus = ?) AND (socialCatId = ?))")
[EL Fine]: sql: 2016-09-19 09:45:55.704--ClientSession(1942734950)--Connection(235784373)--Thread(Thread[Test worker,5,main])--SELECT socialCatId, socialCatName, versionId, createdBy, createdDate, updatedBy, updatedDate, activeStatus, txnAccessCode FROM ast_SocialCategory_M WHERE ((activeStatus = ?) AND (socialCatId = ?))
	bind => [1, F28C8102-EA31-40D3-8ACA-2F0E44A1DB7A]
Mon Sep 19 09:45:55 UTC 2016|Unknown Alarm = ORGCM324100200 Alarm Split = ORG-CM-3-2-4-100-200
[EL Finer]: transaction: 2016-09-19 09:45:55.705--UnitOfWork(1204935662)--Thread(Thread[Test worker,5,main])--begin unit of work commit
[EL Finer]: transaction: 2016-09-19 09:45:55.705--ClientSession(1942734950)--Connection(235784373)--Thread(Thread[Test worker,5,main])--commit transaction
[EL Finest]: connection: 2016-09-19 09:45:55.709--ServerSession(1800530428)--Connection(582880024)--Thread(Thread[Test worker,5,main])--Connection released to connection pool [default].
[EL Finer]: transaction: 2016-09-19 09:45:55.71--UnitOfWork(1204935662)--Thread(Thread[Test worker,5,main])--end unit of work commit
[EL Finer]: transaction: 2016-09-19 09:45:55.71--UnitOfWork(1204935662)--Thread(Thread[Test worker,5,main])--resume unit of work
[EL Finer]: transaction: 2016-09-19 09:45:55.71--UnitOfWork(1204935662)--Thread(Thread[Test worker,5,main])--release unit of work
[EL Finer]: connection: 2016-09-19 09:45:55.711--ClientSession(1942734950)--Thread(Thread[Test worker,5,main])--client released
[EL Finer]: connection: 2016-09-19 09:45:55.754--ServerSession(1800530428)--Thread(Thread[Test worker,5,main])--client acquired: 1288020538
[EL Finer]: transaction: 2016-09-19 09:45:55.754--ClientSession(1288020538)--Thread(Thread[Test worker,5,main])--acquire unit of work: 1126020406
[EL Finest]: connection: 2016-09-19 09:45:55.754--ServerSession(1800530428)--Connection(1399066278)--Thread(Thread[Test worker,5,main])--Connection acquired from connection pool [default].
[EL Finer]: transaction: 2016-09-19 09:45:55.754--ClientSession(1288020538)--Connection(1399066278)--Thread(Thread[Test worker,5,main])--begin transaction
[EL Finest]: connection: 2016-09-19 09:45:55.755--ClientSession(1288020538)--Thread(Thread[Test worker,5,main])--reconnecting to external connection pool
[EL Finest]: query: 2016-09-19 09:45:55.756--UnitOfWork(1126020406)--Thread(Thread[Test worker,5,main])--Execute query ReadObjectQuery(name="readSocialCategory" referenceClass=SocialCategory sql="SELECT socialCatId, socialCatName, versionId, createdBy, createdDate, updatedBy, updatedDate, activeStatus, txnAccessCode FROM ast_SocialCategory_M WHERE (socialCatId = ?)")
[EL Fine]: sql: 2016-09-19 09:45:55.756--ClientSession(1288020538)--Connection(1447000521)--Thread(Thread[Test worker,5,main])--SELECT socialCatId, socialCatName, versionId, createdBy, createdDate, updatedBy, updatedDate, activeStatus, txnAccessCode FROM ast_SocialCategory_M WHERE (socialCatId = ?)
	bind => [F28C8102-EA31-40D3-8ACA-2F0E44A1DB7A]
[EL Finest]: transaction: 2016-09-19 09:45:55.757--UnitOfWork(1126020406)--Thread(Thread[Test worker,5,main])--remove() operation called on: 3urzTYriMvM71Rtnz2GqixaUa6L4nUkJIBecDvHkFCxgCdg76e
Mon Sep 19 09:45:55 UTC 2016|Unknown Alarm = ORGCM328100200 Alarm Split = ORG-CM-3-2-8-100-200
[EL Finer]: transaction: 2016-09-19 09:45:55.757--UnitOfWork(1126020406)--Thread(Thread[Test worker,5,main])--begin unit of work commit
[EL Finest]: query: 2016-09-19 09:45:55.758--UnitOfWork(1126020406)--Thread(Thread[Test worker,5,main])--Execute query DoesExistQuery(referenceClass=SocialCategory )
[EL Finest]: query: 2016-09-19 09:45:55.758--UnitOfWork(1126020406)--Thread(Thread[Test worker,5,main])--Execute query DeleteObjectQuery(3urzTYriMvM71Rtnz2GqixaUa6L4nUkJIBecDvHkFCxgCdg76e)
[EL Fine]: sql: 2016-09-19 09:45:55.758--ClientSession(1288020538)--Connection(1447000521)--Thread(Thread[Test worker,5,main])--DELETE FROM ast_SocialCategory_M WHERE ((socialCatId = ?) AND (versionId = ?))
	bind => [F28C8102-EA31-40D3-8ACA-2F0E44A1DB7A, 2]
[EL Finer]: transaction: 2016-09-19 09:45:55.759--ClientSession(1288020538)--Connection(1447000521)--Thread(Thread[Test worker,5,main])--commit transaction
[EL Finest]: connection: 2016-09-19 09:45:55.986--ServerSession(1800530428)--Connection(1399066278)--Thread(Thread[Test worker,5,main])--Connection released to connection pool [default].
[EL Finer]: transaction: 2016-09-19 09:45:55.987--UnitOfWork(1126020406)--Thread(Thread[Test worker,5,main])--end unit of work commit
[EL Finer]: transaction: 2016-09-19 09:45:55.987--UnitOfWork(1126020406)--Thread(Thread[Test worker,5,main])--resume unit of work
[EL Finer]: transaction: 2016-09-19 09:45:55.988--UnitOfWork(1126020406)--Thread(Thread[Test worker,5,main])--release unit of work
[EL Finer]: connection: 2016-09-19 09:45:55.988--ClientSession(1288020538)--Thread(Thread[Test worker,5,main])--client released
]]></system-out>
  <system-err><![CDATA[SocialCategory.socialCatName may not be null
java.lang.SecurityException: SocialCategory.socialCatName may not be null
	at com.athena.server.pluggable.utils.helper.EntityValidatorHelper.validateEntity(EntityValidatorHelper.java:37)
	at com.app.shared.organization.contactmanagement.SocialCategory.isValid(SocialCategory.java:147)
	at com.app.server.service.organization.contactmanagement.SocialCategoryTestCase.validateSocialCategory(SocialCategoryTestCase.java:204)
	at com.app.server.service.organization.contactmanagement.SocialCategoryTestCase.test5NegativeTesting(SocialCategoryTestCase.java:235)
	at sun.reflect.NativeMethodAccessorImpl.invoke0(Native Method)
	at sun.reflect.NativeMethodAccessorImpl.invoke(NativeMethodAccessorImpl.java:57)
	at sun.reflect.DelegatingMethodAccessorImpl.invoke(DelegatingMethodAccessorImpl.java:43)
	at java.lang.reflect.Method.invoke(Method.java:606)
	at org.junit.runners.model.FrameworkMethod$1.runReflectiveCall(FrameworkMethod.java:47)
	at org.junit.internal.runners.model.ReflectiveCallable.run(ReflectiveCallable.java:12)
	at org.junit.runners.model.FrameworkMethod.invokeExplosively(FrameworkMethod.java:44)
	at org.junit.internal.runners.statements.InvokeMethod.evaluate(InvokeMethod.java:17)
	at org.junit.internal.runners.statements.RunBefores.evaluate(RunBefores.java:26)
	at org.springframework.test.context.junit4.statements.RunBeforeTestMethodCallbacks.evaluate(RunBeforeTestMethodCallbacks.java:74)
	at org.junit.internal.runners.statements.RunAfters.evaluate(RunAfters.java:27)
	at org.springframework.test.context.junit4.statements.RunAfterTestMethodCallbacks.evaluate(RunAfterTestMethodCallbacks.java:83)
	at org.springframework.test.context.junit4.statements.SpringRepeat.evaluate(SpringRepeat.java:72)
	at org.springframework.test.context.junit4.SpringJUnit4ClassRunner.runChild(SpringJUnit4ClassRunner.java:233)
	at org.springframework.test.context.junit4.SpringJUnit4ClassRunner.runChild(SpringJUnit4ClassRunner.java:87)
	at org.junit.runners.ParentRunner$3.run(ParentRunner.java:238)
	at org.junit.runners.ParentRunner$1.schedule(ParentRunner.java:63)
	at org.junit.runners.ParentRunner.runChildren(ParentRunner.java:236)
	at org.junit.runners.ParentRunner.access$000(ParentRunner.java:53)
	at org.junit.runners.ParentRunner$2.evaluate(ParentRunner.java:229)
	at org.junit.internal.runners.statements.RunBefores.evaluate(RunBefores.java:26)
	at org.springframework.test.context.junit4.statements.RunBeforeTestClassCallbacks.evaluate(RunBeforeTestClassCallbacks.java:61)
	at org.springframework.test.context.junit4.statements.RunAfterTestClassCallbacks.evaluate(RunAfterTestClassCallbacks.java:71)
	at org.junit.runners.ParentRunner.run(ParentRunner.java:309)
	at org.springframework.test.context.junit4.SpringJUnit4ClassRunner.run(SpringJUnit4ClassRunner.java:176)
	at org.gradle.api.internal.tasks.testing.junit.JUnitTestClassExecuter.runTestClass(JUnitTestClassExecuter.java:86)
	at org.gradle.api.internal.tasks.testing.junit.JUnitTestClassExecuter.execute(JUnitTestClassExecuter.java:49)
	at org.gradle.api.internal.tasks.testing.junit.JUnitTestClassProcessor.processTestClass(JUnitTestClassProcessor.java:64)
	at org.gradle.api.internal.tasks.testing.SuiteTestClassProcessor.processTestClass(SuiteTestClassProcessor.java:50)
	at sun.reflect.GeneratedMethodAccessor109.invoke(Unknown Source)
	at sun.reflect.DelegatingMethodAccessorImpl.invoke(DelegatingMethodAccessorImpl.java:43)
	at java.lang.reflect.Method.invoke(Method.java:606)
	at org.gradle.messaging.dispatch.ReflectionDispatch.dispatch(ReflectionDispatch.java:35)
	at org.gradle.messaging.dispatch.ReflectionDispatch.dispatch(ReflectionDispatch.java:24)
	at org.gradle.messaging.dispatch.ContextClassLoaderDispatch.dispatch(ContextClassLoaderDispatch.java:32)
	at org.gradle.messaging.dispatch.ProxyDispatchAdapter$DispatchingInvocationHandler.invoke(ProxyDispatchAdapter.java:93)
	at com.sun.proxy.$Proxy2.processTestClass(Unknown Source)
	at org.gradle.api.internal.tasks.testing.worker.TestWorker.processTestClass(TestWorker.java:106)
	at sun.reflect.GeneratedMethodAccessor108.invoke(Unknown Source)
	at sun.reflect.DelegatingMethodAccessorImpl.invoke(DelegatingMethodAccessorImpl.java:43)
	at java.lang.reflect.Method.invoke(Method.java:606)
	at org.gradle.messaging.dispatch.ReflectionDispatch.dispatch(ReflectionDispatch.java:35)
	at org.gradle.messaging.dispatch.ReflectionDispatch.dispatch(ReflectionDispatch.java:24)
	at org.gradle.messaging.remote.internal.hub.MessageHub$Handler.run(MessageHub.java:360)
	at org.gradle.internal.concurrent.DefaultExecutorFactory$StoppableExecutorImpl$1.run(DefaultExecutorFactory.java:64)
	at java.util.concurrent.ThreadPoolExecutor.runWorker(ThreadPoolExecutor.java:1145)
	at java.util.concurrent.ThreadPoolExecutor$Worker.run(ThreadPoolExecutor.java:615)
	at java.lang.Thread.run(Thread.java:745)
SocialCategory.socialCatName size must be between 1 and 256
java.lang.SecurityException: SocialCategory.socialCatName size must be between 1 and 256
	at com.athena.server.pluggable.utils.helper.EntityValidatorHelper.validateEntity(EntityValidatorHelper.java:37)
	at com.app.shared.organization.contactmanagement.SocialCategory.isValid(SocialCategory.java:147)
	at com.app.server.service.organization.contactmanagement.SocialCategoryTestCase.validateSocialCategory(SocialCategoryTestCase.java:202)
	at com.app.server.service.organization.contactmanagement.SocialCategoryTestCase.test5NegativeTesting(SocialCategoryTestCase.java:240)
	at sun.reflect.NativeMethodAccessorImpl.invoke0(Native Method)
	at sun.reflect.NativeMethodAccessorImpl.invoke(NativeMethodAccessorImpl.java:57)
	at sun.reflect.DelegatingMethodAccessorImpl.invoke(DelegatingMethodAccessorImpl.java:43)
	at java.lang.reflect.Method.invoke(Method.java:606)
	at org.junit.runners.model.FrameworkMethod$1.runReflectiveCall(FrameworkMethod.java:47)
	at org.junit.internal.runners.model.ReflectiveCallable.run(ReflectiveCallable.java:12)
	at org.junit.runners.model.FrameworkMethod.invokeExplosively(FrameworkMethod.java:44)
	at org.junit.internal.runners.statements.InvokeMethod.evaluate(InvokeMethod.java:17)
	at org.junit.internal.runners.statements.RunBefores.evaluate(RunBefores.java:26)
	at org.springframework.test.context.junit4.statements.RunBeforeTestMethodCallbacks.evaluate(RunBeforeTestMethodCallbacks.java:74)
	at org.junit.internal.runners.statements.RunAfters.evaluate(RunAfters.java:27)
	at org.springframework.test.context.junit4.statements.RunAfterTestMethodCallbacks.evaluate(RunAfterTestMethodCallbacks.java:83)
	at org.springframework.test.context.junit4.statements.SpringRepeat.evaluate(SpringRepeat.java:72)
	at org.springframework.test.context.junit4.SpringJUnit4ClassRunner.runChild(SpringJUnit4ClassRunner.java:233)
	at org.springframework.test.context.junit4.SpringJUnit4ClassRunner.runChild(SpringJUnit4ClassRunner.java:87)
	at org.junit.runners.ParentRunner$3.run(ParentRunner.java:238)
	at org.junit.runners.ParentRunner$1.schedule(ParentRunner.java:63)
	at org.junit.runners.ParentRunner.runChildren(ParentRunner.java:236)
	at org.junit.runners.ParentRunner.access$000(ParentRunner.java:53)
	at org.junit.runners.ParentRunner$2.evaluate(ParentRunner.java:229)
	at org.junit.internal.runners.statements.RunBefores.evaluate(RunBefores.java:26)
	at org.springframework.test.context.junit4.statements.RunBeforeTestClassCallbacks.evaluate(RunBeforeTestClassCallbacks.java:61)
	at org.springframework.test.context.junit4.statements.RunAfterTestClassCallbacks.evaluate(RunAfterTestClassCallbacks.java:71)
	at org.junit.runners.ParentRunner.run(ParentRunner.java:309)
	at org.springframework.test.context.junit4.SpringJUnit4ClassRunner.run(SpringJUnit4ClassRunner.java:176)
	at org.gradle.api.internal.tasks.testing.junit.JUnitTestClassExecuter.runTestClass(JUnitTestClassExecuter.java:86)
	at org.gradle.api.internal.tasks.testing.junit.JUnitTestClassExecuter.execute(JUnitTestClassExecuter.java:49)
	at org.gradle.api.internal.tasks.testing.junit.JUnitTestClassProcessor.processTestClass(JUnitTestClassProcessor.java:64)
	at org.gradle.api.internal.tasks.testing.SuiteTestClassProcessor.processTestClass(SuiteTestClassProcessor.java:50)
	at sun.reflect.GeneratedMethodAccessor109.invoke(Unknown Source)
	at sun.reflect.DelegatingMethodAccessorImpl.invoke(DelegatingMethodAccessorImpl.java:43)
	at java.lang.reflect.Method.invoke(Method.java:606)
	at org.gradle.messaging.dispatch.ReflectionDispatch.dispatch(ReflectionDispatch.java:35)
	at org.gradle.messaging.dispatch.ReflectionDispatch.dispatch(ReflectionDispatch.java:24)
	at org.gradle.messaging.dispatch.ContextClassLoaderDispatch.dispatch(ContextClassLoaderDispatch.java:32)
	at org.gradle.messaging.dispatch.ProxyDispatchAdapter$DispatchingInvocationHandler.invoke(ProxyDispatchAdapter.java:93)
	at com.sun.proxy.$Proxy2.processTestClass(Unknown Source)
	at org.gradle.api.internal.tasks.testing.worker.TestWorker.processTestClass(TestWorker.java:106)
	at sun.reflect.GeneratedMethodAccessor108.invoke(Unknown Source)
	at sun.reflect.DelegatingMethodAccessorImpl.invoke(DelegatingMethodAccessorImpl.java:43)
	at java.lang.reflect.Method.invoke(Method.java:606)
	at org.gradle.messaging.dispatch.ReflectionDispatch.dispatch(ReflectionDispatch.java:35)
	at org.gradle.messaging.dispatch.ReflectionDispatch.dispatch(ReflectionDispatch.java:24)
	at org.gradle.messaging.remote.internal.hub.MessageHub$Handler.run(MessageHub.java:360)
	at org.gradle.internal.concurrent.DefaultExecutorFactory$StoppableExecutorImpl$1.run(DefaultExecutorFactory.java:64)
	at java.util.concurrent.ThreadPoolExecutor.runWorker(ThreadPoolExecutor.java:1145)
	at java.util.concurrent.ThreadPoolExecutor$Worker.run(ThreadPoolExecutor.java:615)
	at java.lang.Thread.run(Thread.java:745)
]]></system-err>
</testsuite>
