<?xml version="1.0" encoding="UTF-8"?>
<testsuite name="com.app.server.service.organization.contactmanagement.PhoneCommunicationTestCase" tests="6" skipped="0" failures="0" errors="0" timestamp="2016-09-19T09:45:56" hostname="b68a979f9de0" time="0.663">
  <properties/>
  <testcase name="test1Save" classname="com.app.server.service.organization.contactmanagement.PhoneCommunicationTestCase" time="0.35"/>
  <testcase name="test2Update" classname="com.app.server.service.organization.contactmanagement.PhoneCommunicationTestCase" time="0.073"/>
  <testcase name="test3FindById" classname="com.app.server.service.organization.contactmanagement.PhoneCommunicationTestCase" time="0.028"/>
  <testcase name="test3findBycommType" classname="com.app.server.service.organization.contactmanagement.PhoneCommunicationTestCase" time="0.03"/>
  <testcase name="test5NegativeTesting" classname="com.app.server.service.organization.contactmanagement.PhoneCommunicationTestCase" time="0.012"/>
  <testcase name="test6Delete" classname="com.app.server.service.organization.contactmanagement.PhoneCommunicationTestCase" time="0.169"/>
  <system-out><![CDATA[Mon Sep 19 09:45:55 UTC 2016|Log Manager Factory|Initialization Process started.....
Mon Sep 19 09:45:55 UTC 2016|Log Manager|Initialized with Path = [/home/applifire/workspace/testproject/src/main/webapp/WEB-INF/conf]
Mon Sep 19 09:45:55 UTC 2016|Alarm Manager|Initialized with Path = [/home/applifire/workspace/testproject/src/main/webapp/WEB-INF/conf]
Mon Sep 19 09:45:55 UTC 2016|Alarm Manager|Loading Alarms ......
Mon Sep 19 09:45:56 UTC 2016|Alarm XML Parser|FWA|XML Parsing Complete........ 
Mon Sep 19 09:45:55 UTC 2016|Alarm File Manager|FWA|Alarm File Status.. [ApplicationFrameworkAlarms.xml]|Version=15|Status=Done 
Mon Sep 19 09:45:56 UTC 2016|Alarm File Manager|FWA|Alarm Stats = ( BC/AL=5/786 SYS=5/11 [786/0]  TPL=0/0 [0/0]  APP= A.Map=[875]  E.Map EC/RC=[391/79] )
Mon Sep 19 09:45:56 UTC 2016|Alarm XML Parser|APP|XML Parsing Complete........ 
Mon Sep 19 09:45:56 UTC 2016|Alarm File Manager|APP|Alarm File Status.. [ApplicationAlarms.xml]|Version=1|Status=Done 
Mon Sep 19 09:45:56 UTC 2016|Alarm File Manager|APP|Alarm Stats = ( BC/AL=5/786 SYS=5/11 [786/0]  TPL=0/0 [0/0]  APP=0/0 [0/0]  A.Map=[875]  E.Map EC/RC=[391/79] )
Mon Sep 19 09:45:56 UTC 2016|ApplicationAlarmContext| <><><><><> Create App Alarms ....  <><><><><> 
Mon Sep 19 09:45:56 UTC 2016|ApplicationAlarmContext|Alarms are generated ONLY in Development Mode.. 
Mon Sep 19 09:45:56 UTC 2016|Alarm Manager|APP|Alarm Stats = ( BC/AL=5/786 SYS=5/11 [786/0]  TPL=0/0 [0/0]  APP=0/0 [0/0]  A.Map=[875]  E.Map EC/RC=[391/79] )
Mon Sep 19 09:45:56 UTC 2016|Alarm Manager|Initialized Exception Lookup...
Mon Sep 19 09:45:56 UTC 2016|Log Manager|Initialize Log Config File ......
Mon Sep 19 09:45:56 UTC 2016|Pluggable Connectors|Adding Connectors : StandardOutputConnector isEnabled=true isDefault=false isFallBack=true
Mon Sep 19 09:45:56 UTC 2016|Pluggable Connectors|Adding Connectors : StandardFileConnector isEnabled=true isDefault=false isFallBack=false
Mon Sep 19 09:45:56 UTC 2016|Pluggable Connectors|Adding Connectors : Sprinkler isEnabled=true isDefault=true isFallBack=false
Mon Sep 19 09:45:56 UTC 2016|Pluggable Connectors|Default Connector Name : com.spartan.logger.core.LogMessenger
Mon Sep 19 09:45:56 UTC 2016|Log Config Parser|Connector Least Log Level =[4]  FallBack Log Level =[3]
Mon Sep 19 09:45:56 UTC 2016|Log Manager|Loading Default Connector for Logging ......
Mon Sep 19 09:45:56 UTC 2016|Log Manager|Loading class .. com.spartan.logger.core.LogMessenger
Mon Sep 19 09:45:56 UTC 2016|Plugggable Connector|Connector class com.spartan.logger.core.LogMessenger Initialized... @ Log Level = 3
Mon Sep 19 09:45:56 UTC 2016|Log Manager|Starting the Default Connector [com.spartan.logger.core.LogMessenger@29297f0e] ....
Mon Sep 19 09:45:56 UTC 2016|Scheduler|Starting the Scheduler ......
Mon Sep 19 09:45:56 UTC 2016|Scheduler|Adding [LMID=[9d233f14-95d4-4cd7-a24f-17ebd1a46f95]] Delay=5 Time Unit=MINUTES
Mon Sep 19 09:45:56 UTC 2016|Scheduler|Adding [App Alarm Manager File=[ApplicationAlarms.xml]] Delay=30 Time Unit=MINUTES
Mon Sep 19 09:45:56 UTC 2016|Scheduler|Adding [FW Alarm Manager File=[ApplicationFrameworkAlarms.xml]] Delay=3 Time Unit=MINUTES
Mon Sep 19 09:45:56 UTC 2016|Scheduler|Startup Completed..
Mon Sep 19 09:45:56 UTC 2016|Log Manager|Initialization Process Complete ......
Mon Sep 19 09:45:56 UTC 2016|Log Manager Factory|Log Manager READY! ID = 9d233f14-95d4-4cd7-a24f-17ebd1a46f95
[EL Finer]: connection: 2016-09-19 09:45:56.099--ServerSession(1800530428)--Thread(Thread[Test worker,5,main])--client acquired: 1562455166
[EL Finer]: transaction: 2016-09-19 09:45:56.099--ClientSession(1562455166)--Thread(Thread[Test worker,5,main])--acquire unit of work: 753939446
[EL Finest]: connection: 2016-09-19 09:45:56.099--ServerSession(1800530428)--Connection(1306751622)--Thread(Thread[Test worker,5,main])--Connection acquired from connection pool [default].
[EL Finer]: transaction: 2016-09-19 09:45:56.099--ClientSession(1562455166)--Connection(1306751622)--Thread(Thread[Test worker,5,main])--begin transaction
[EL Finest]: connection: 2016-09-19 09:45:56.1--ClientSession(1562455166)--Thread(Thread[Test worker,5,main])--reconnecting to external connection pool
[EL Finest]: transaction: 2016-09-19 09:45:56.107--UnitOfWork(753939446)--Thread(Thread[Test worker,5,main])--persist() operation called on: JBcPAwhdGt3Pm5FYUHHd4u1svSfmuPS58SnT1ijHsQ6Nap46UH.
[EL Finest]: sequencing: 2016-09-19 09:45:56.107--UnitOfWork(753939446)--Thread(Thread[Test worker,5,main])--assign sequence to the object (F6369599-997D-4F88-8517-A6E4DA0105A5 -> JBcPAwhdGt3Pm5FYUHHd4u1svSfmuPS58SnT1ijHsQ6Nap46UH)
Mon Sep 19 09:45:56 UTC 2016|Unknown Alarm = ORGCM322100200 Alarm Split = ORG-CM-3-2-2-100-200
[EL Finer]: transaction: 2016-09-19 09:45:56.108--UnitOfWork(753939446)--Thread(Thread[Test worker,5,main])--begin unit of work commit
[EL Finest]: query: 2016-09-19 09:45:56.108--UnitOfWork(753939446)--Thread(Thread[Test worker,5,main])--Execute query InsertObjectQuery(JBcPAwhdGt3Pm5FYUHHd4u1svSfmuPS58SnT1ijHsQ6Nap46UH)
[EL Fine]: sql: 2016-09-19 09:45:56.108--ClientSession(1562455166)--Connection(530938132)--Thread(Thread[Test worker,5,main])--INSERT INTO ast_PhoneCategory_M (phoneCatId, phoneCatName, versionId, createdBy, createdDate, updatedBy, updatedDate, activeStatus, txnAccessCode) VALUES (?, ?, ?, ?, ?, ?, ?, ?, ?)
	bind => [F6369599-997D-4F88-8517-A6E4DA0105A5, JBcPAwhdGt3Pm5FYUHHd4u1svSfmuPS58SnT1ijHsQ6Nap46UH, 1, AAAAA, 2016-09-19 09:45:56.048, AAAAA, 2016-09-19 09:45:56.048, 1, 51000]
[EL Finer]: transaction: 2016-09-19 09:45:56.111--ClientSession(1562455166)--Connection(530938132)--Thread(Thread[Test worker,5,main])--commit transaction
[EL Finest]: connection: 2016-09-19 09:45:56.15--ServerSession(1800530428)--Connection(1306751622)--Thread(Thread[Test worker,5,main])--Connection released to connection pool [default].
[EL Finer]: transaction: 2016-09-19 09:45:56.15--UnitOfWork(753939446)--Thread(Thread[Test worker,5,main])--end unit of work commit
[EL Finer]: transaction: 2016-09-19 09:45:56.15--UnitOfWork(753939446)--Thread(Thread[Test worker,5,main])--resume unit of work
[EL Finer]: transaction: 2016-09-19 09:45:56.15--UnitOfWork(753939446)--Thread(Thread[Test worker,5,main])--release unit of work
[EL Finer]: connection: 2016-09-19 09:45:56.15--ClientSession(1562455166)--Thread(Thread[Test worker,5,main])--client released
[EL Finer]: connection: 2016-09-19 09:45:56.215--ServerSession(1800530428)--Thread(Thread[Test worker,5,main])--client acquired: 970764136
[EL Finer]: transaction: 2016-09-19 09:45:56.215--ClientSession(970764136)--Thread(Thread[Test worker,5,main])--acquire unit of work: 1199567493
[EL Finest]: connection: 2016-09-19 09:45:56.215--ServerSession(1800530428)--Connection(554376815)--Thread(Thread[Test worker,5,main])--Connection acquired from connection pool [default].
[EL Finer]: transaction: 2016-09-19 09:45:56.215--ClientSession(970764136)--Connection(554376815)--Thread(Thread[Test worker,5,main])--begin transaction
[EL Finest]: connection: 2016-09-19 09:45:56.215--ClientSession(970764136)--Thread(Thread[Test worker,5,main])--reconnecting to external connection pool
[EL Finest]: transaction: 2016-09-19 09:45:56.22--UnitOfWork(1199567493)--Thread(Thread[Test worker,5,main])--persist() operation called on: .
[EL Finest]: sequencing: 2016-09-19 09:45:56.22--UnitOfWork(1199567493)--Thread(Thread[Test worker,5,main])--assign sequence to the object (F5662BE2-3F11-4473-8A3F-58B87F2316B5 -> )
Mon Sep 19 09:45:56 UTC 2016|Unknown Alarm = ORGCM322100200 Alarm Split = ORG-CM-3-2-2-100-200
[EL Finer]: transaction: 2016-09-19 09:45:56.221--UnitOfWork(1199567493)--Thread(Thread[Test worker,5,main])--begin unit of work commit
[EL Finest]: query: 2016-09-19 09:45:56.221--UnitOfWork(1199567493)--Thread(Thread[Test worker,5,main])--Execute query InsertObjectQuery()
[EL Fine]: sql: 2016-09-19 09:45:56.221--ClientSession(970764136)--Connection(1951307726)--Thread(Thread[Test worker,5,main])--INSERT INTO ast_PhoneCommunication_T (phoneId, commType, phoneNo, versionId, createdBy, createdDate, updatedBy, updatedDate, activeStatus, txnAccessCode) VALUES (?, ?, ?, ?, ?, ?, ?, ?, ?, ?)
	bind => [F5662BE2-3F11-4473-8A3F-58B87F2316B5, F6369599-997D-4F88-8517-A6E4DA0105A5, lcv8R8tGPwbgnD91CVQYvElDBLVoeaWNdVq1D6VUyuWUmxoIsu, 1, AAAAA, 2016-09-19 09:45:56.15, AAAAA, 2016-09-19 09:45:56.15, 1, 51000]
[EL Finer]: transaction: 2016-09-19 09:45:56.223--ClientSession(970764136)--Connection(1951307726)--Thread(Thread[Test worker,5,main])--commit transaction
[EL Finest]: connection: 2016-09-19 09:45:56.366--ServerSession(1800530428)--Connection(554376815)--Thread(Thread[Test worker,5,main])--Connection released to connection pool [default].
[EL Finer]: transaction: 2016-09-19 09:45:56.366--UnitOfWork(1199567493)--Thread(Thread[Test worker,5,main])--end unit of work commit
[EL Finer]: transaction: 2016-09-19 09:45:56.366--UnitOfWork(1199567493)--Thread(Thread[Test worker,5,main])--resume unit of work
[EL Finer]: transaction: 2016-09-19 09:45:56.366--UnitOfWork(1199567493)--Thread(Thread[Test worker,5,main])--release unit of work
[EL Finer]: connection: 2016-09-19 09:45:56.366--ClientSession(970764136)--Thread(Thread[Test worker,5,main])--client released
[EL Finer]: connection: 2016-09-19 09:45:56.389--ServerSession(1800530428)--Thread(Thread[Test worker,5,main])--client acquired: 2046579470
[EL Finer]: transaction: 2016-09-19 09:45:56.39--ClientSession(2046579470)--Thread(Thread[Test worker,5,main])--acquire unit of work: 615578291
[EL Finest]: connection: 2016-09-19 09:45:56.39--ServerSession(1800530428)--Connection(1595609238)--Thread(Thread[Test worker,5,main])--Connection acquired from connection pool [default].
[EL Finer]: transaction: 2016-09-19 09:45:56.39--ClientSession(2046579470)--Connection(1595609238)--Thread(Thread[Test worker,5,main])--begin transaction
[EL Finest]: connection: 2016-09-19 09:45:56.39--ClientSession(2046579470)--Thread(Thread[Test worker,5,main])--reconnecting to external connection pool
[EL Finer]: transaction: 2016-09-19 09:45:56.391--UnitOfWork(615578291)--Thread(Thread[Test worker,5,main])--begin unit of work flush
[EL Finer]: transaction: 2016-09-19 09:45:56.391--UnitOfWork(615578291)--Thread(Thread[Test worker,5,main])--end unit of work flush
[EL Finest]: query: 2016-09-19 09:45:56.392--UnitOfWork(615578291)--Thread(Thread[Test worker,5,main])--Execute query ReadAllQuery(name="PhoneCommunication.findById" referenceClass=PhoneCommunication sql="SELECT phoneId, commType, phoneNo, versionId, createdBy, createdDate, updatedBy, updatedDate, activeStatus, txnAccessCode FROM ast_PhoneCommunication_T WHERE ((activeStatus = ?) AND (phoneId = ?))")
[EL Fine]: sql: 2016-09-19 09:45:56.392--ClientSession(2046579470)--Connection(1374547303)--Thread(Thread[Test worker,5,main])--SELECT phoneId, commType, phoneNo, versionId, createdBy, createdDate, updatedBy, updatedDate, activeStatus, txnAccessCode FROM ast_PhoneCommunication_T WHERE ((activeStatus = ?) AND (phoneId = ?))
	bind => [1, F5662BE2-3F11-4473-8A3F-58B87F2316B5]
Mon Sep 19 09:45:56 UTC 2016|Unknown Alarm = ORGCM324100200 Alarm Split = ORG-CM-3-2-4-100-200
[EL Finer]: transaction: 2016-09-19 09:45:56.394--UnitOfWork(615578291)--Thread(Thread[Test worker,5,main])--begin unit of work commit
[EL Finer]: transaction: 2016-09-19 09:45:56.394--ClientSession(2046579470)--Connection(1374547303)--Thread(Thread[Test worker,5,main])--commit transaction
[EL Finest]: connection: 2016-09-19 09:45:56.395--ServerSession(1800530428)--Connection(1595609238)--Thread(Thread[Test worker,5,main])--Connection released to connection pool [default].
[EL Finer]: transaction: 2016-09-19 09:45:56.395--UnitOfWork(615578291)--Thread(Thread[Test worker,5,main])--end unit of work commit
[EL Finer]: transaction: 2016-09-19 09:45:56.395--UnitOfWork(615578291)--Thread(Thread[Test worker,5,main])--resume unit of work
[EL Finer]: transaction: 2016-09-19 09:45:56.395--UnitOfWork(615578291)--Thread(Thread[Test worker,5,main])--release unit of work
[EL Finer]: connection: 2016-09-19 09:45:56.395--ClientSession(2046579470)--Thread(Thread[Test worker,5,main])--client released
[EL Finer]: connection: 2016-09-19 09:45:56.396--ServerSession(1800530428)--Thread(Thread[Test worker,5,main])--client acquired: 534131274
[EL Finer]: transaction: 2016-09-19 09:45:56.396--ClientSession(534131274)--Thread(Thread[Test worker,5,main])--acquire unit of work: 662677658
[EL Finest]: connection: 2016-09-19 09:45:56.396--ServerSession(1800530428)--Connection(773204664)--Thread(Thread[Test worker,5,main])--Connection acquired from connection pool [default].
[EL Finer]: transaction: 2016-09-19 09:45:56.396--ClientSession(534131274)--Connection(773204664)--Thread(Thread[Test worker,5,main])--begin transaction
[EL Finest]: connection: 2016-09-19 09:45:56.396--ClientSession(534131274)--Thread(Thread[Test worker,5,main])--reconnecting to external connection pool
[EL Finest]: transaction: 2016-09-19 09:45:56.398--UnitOfWork(662677658)--Thread(Thread[Test worker,5,main])--Merge clone with references 
[EL Finest]: query: 2016-09-19 09:45:56.399--UnitOfWork(662677658)--Thread(Thread[Test worker,5,main])--Execute query ReadObjectQuery(referenceClass=PhoneCommunication )
[EL Fine]: sql: 2016-09-19 09:45:56.399--ClientSession(534131274)--Connection(1179214594)--Thread(Thread[Test worker,5,main])--SELECT phoneId, commType, phoneNo, versionId, createdBy, createdDate, updatedBy, updatedDate, activeStatus, txnAccessCode FROM ast_PhoneCommunication_T WHERE (phoneId = ?)
	bind => [F5662BE2-3F11-4473-8A3F-58B87F2316B5]
Mon Sep 19 09:45:56 UTC 2016|Unknown Alarm = ORGCM321100200 Alarm Split = ORG-CM-3-2-1-100-200
[EL Finer]: transaction: 2016-09-19 09:45:56.401--UnitOfWork(662677658)--Thread(Thread[Test worker,5,main])--begin unit of work commit
[EL Finest]: query: 2016-09-19 09:45:56.402--UnitOfWork(662677658)--Thread(Thread[Test worker,5,main])--Execute query UpdateObjectQuery()
[EL Fine]: sql: 2016-09-19 09:45:56.402--ClientSession(534131274)--Connection(1179214594)--Thread(Thread[Test worker,5,main])--UPDATE ast_PhoneCommunication_T SET phoneNo = ?, versionId = ? WHERE ((phoneId = ?) AND (versionId = ?))
	bind => [gnAgFSkHwjQNpuU5ElQjxAqtwtYYUr1AJx54eRkXtFSeUTjqM2, 2, F5662BE2-3F11-4473-8A3F-58B87F2316B5, 1]
[EL Finer]: transaction: 2016-09-19 09:45:56.403--ClientSession(534131274)--Connection(1179214594)--Thread(Thread[Test worker,5,main])--commit transaction
[EL Finest]: connection: 2016-09-19 09:45:56.439--ServerSession(1800530428)--Connection(773204664)--Thread(Thread[Test worker,5,main])--Connection released to connection pool [default].
[EL Finer]: transaction: 2016-09-19 09:45:56.439--UnitOfWork(662677658)--Thread(Thread[Test worker,5,main])--end unit of work commit
[EL Finer]: transaction: 2016-09-19 09:45:56.439--UnitOfWork(662677658)--Thread(Thread[Test worker,5,main])--resume unit of work
[EL Finer]: transaction: 2016-09-19 09:45:56.44--UnitOfWork(662677658)--Thread(Thread[Test worker,5,main])--release unit of work
[EL Finer]: connection: 2016-09-19 09:45:56.44--ClientSession(534131274)--Thread(Thread[Test worker,5,main])--client released
[EL Finer]: connection: 2016-09-19 09:45:56.462--ServerSession(1800530428)--Thread(Thread[Test worker,5,main])--client acquired: 1870366191
[EL Finer]: transaction: 2016-09-19 09:45:56.462--ClientSession(1870366191)--Thread(Thread[Test worker,5,main])--acquire unit of work: 378947351
[EL Finest]: connection: 2016-09-19 09:45:56.463--ServerSession(1800530428)--Connection(1679114902)--Thread(Thread[Test worker,5,main])--Connection acquired from connection pool [default].
[EL Finer]: transaction: 2016-09-19 09:45:56.463--ClientSession(1870366191)--Connection(1679114902)--Thread(Thread[Test worker,5,main])--begin transaction
[EL Finest]: connection: 2016-09-19 09:45:56.463--ClientSession(1870366191)--Thread(Thread[Test worker,5,main])--reconnecting to external connection pool
[EL Finer]: transaction: 2016-09-19 09:45:56.464--UnitOfWork(378947351)--Thread(Thread[Test worker,5,main])--begin unit of work flush
[EL Finer]: transaction: 2016-09-19 09:45:56.464--UnitOfWork(378947351)--Thread(Thread[Test worker,5,main])--end unit of work flush
[EL Finest]: query: 2016-09-19 09:45:56.465--UnitOfWork(378947351)--Thread(Thread[Test worker,5,main])--Execute query ReadAllQuery(name="PhoneCommunication.findById" referenceClass=PhoneCommunication sql="SELECT phoneId, commType, phoneNo, versionId, createdBy, createdDate, updatedBy, updatedDate, activeStatus, txnAccessCode FROM ast_PhoneCommunication_T WHERE ((activeStatus = ?) AND (phoneId = ?))")
[EL Fine]: sql: 2016-09-19 09:45:56.465--ClientSession(1870366191)--Connection(531092778)--Thread(Thread[Test worker,5,main])--SELECT phoneId, commType, phoneNo, versionId, createdBy, createdDate, updatedBy, updatedDate, activeStatus, txnAccessCode FROM ast_PhoneCommunication_T WHERE ((activeStatus = ?) AND (phoneId = ?))
	bind => [1, F5662BE2-3F11-4473-8A3F-58B87F2316B5]
Mon Sep 19 09:45:56 UTC 2016|Unknown Alarm = ORGCM324100200 Alarm Split = ORG-CM-3-2-4-100-200
[EL Finer]: transaction: 2016-09-19 09:45:56.467--UnitOfWork(378947351)--Thread(Thread[Test worker,5,main])--begin unit of work commit
[EL Finer]: transaction: 2016-09-19 09:45:56.467--ClientSession(1870366191)--Connection(531092778)--Thread(Thread[Test worker,5,main])--commit transaction
[EL Finest]: connection: 2016-09-19 09:45:56.468--ServerSession(1800530428)--Connection(1679114902)--Thread(Thread[Test worker,5,main])--Connection released to connection pool [default].
[EL Finer]: transaction: 2016-09-19 09:45:56.468--UnitOfWork(378947351)--Thread(Thread[Test worker,5,main])--end unit of work commit
[EL Finer]: transaction: 2016-09-19 09:45:56.468--UnitOfWork(378947351)--Thread(Thread[Test worker,5,main])--resume unit of work
[EL Finer]: transaction: 2016-09-19 09:45:56.468--UnitOfWork(378947351)--Thread(Thread[Test worker,5,main])--release unit of work
[EL Finer]: connection: 2016-09-19 09:45:56.468--ClientSession(1870366191)--Thread(Thread[Test worker,5,main])--client released
[EL Finer]: connection: 2016-09-19 09:45:56.493--ServerSession(1800530428)--Thread(Thread[Test worker,5,main])--client acquired: 475350970
[EL Finer]: transaction: 2016-09-19 09:45:56.494--ClientSession(475350970)--Thread(Thread[Test worker,5,main])--acquire unit of work: 584585950
[EL Finest]: connection: 2016-09-19 09:45:56.494--ServerSession(1800530428)--Connection(398376625)--Thread(Thread[Test worker,5,main])--Connection acquired from connection pool [default].
[EL Finer]: transaction: 2016-09-19 09:45:56.494--ClientSession(475350970)--Connection(398376625)--Thread(Thread[Test worker,5,main])--begin transaction
[EL Finest]: connection: 2016-09-19 09:45:56.494--ClientSession(475350970)--Thread(Thread[Test worker,5,main])--reconnecting to external connection pool
[EL Finer]: transaction: 2016-09-19 09:45:56.495--UnitOfWork(584585950)--Thread(Thread[Test worker,5,main])--begin unit of work flush
[EL Finer]: transaction: 2016-09-19 09:45:56.495--UnitOfWork(584585950)--Thread(Thread[Test worker,5,main])--end unit of work flush
[EL Finest]: query: 2016-09-19 09:45:56.495--UnitOfWork(584585950)--Thread(Thread[Test worker,5,main])--Execute query ReadAllQuery(name="PhoneCommunication.findByCommType" referenceClass=PhoneCommunication sql="SELECT phoneId, commType, phoneNo, versionId, createdBy, createdDate, updatedBy, updatedDate, activeStatus, txnAccessCode FROM ast_PhoneCommunication_T WHERE ((activeStatus = ?) AND (commType = ?))")
[EL Fine]: sql: 2016-09-19 09:45:56.496--ClientSession(475350970)--Connection(1526983410)--Thread(Thread[Test worker,5,main])--SELECT phoneId, commType, phoneNo, versionId, createdBy, createdDate, updatedBy, updatedDate, activeStatus, txnAccessCode FROM ast_PhoneCommunication_T WHERE ((activeStatus = ?) AND (commType = ?))
	bind => [1, F6369599-997D-4F88-8517-A6E4DA0105A5]
Mon Sep 19 09:45:56 UTC 2016|Unknown Alarm = ORGCM324100200 Alarm Split = ORG-CM-3-2-4-100-200
[EL Finer]: transaction: 2016-09-19 09:45:56.497--UnitOfWork(584585950)--Thread(Thread[Test worker,5,main])--begin unit of work commit
[EL Finer]: transaction: 2016-09-19 09:45:56.498--ClientSession(475350970)--Connection(1526983410)--Thread(Thread[Test worker,5,main])--commit transaction
[EL Finest]: connection: 2016-09-19 09:45:56.498--ServerSession(1800530428)--Connection(398376625)--Thread(Thread[Test worker,5,main])--Connection released to connection pool [default].
[EL Finer]: transaction: 2016-09-19 09:45:56.498--UnitOfWork(584585950)--Thread(Thread[Test worker,5,main])--end unit of work commit
[EL Finer]: transaction: 2016-09-19 09:45:56.498--UnitOfWork(584585950)--Thread(Thread[Test worker,5,main])--resume unit of work
[EL Finer]: transaction: 2016-09-19 09:45:56.498--UnitOfWork(584585950)--Thread(Thread[Test worker,5,main])--release unit of work
[EL Finer]: connection: 2016-09-19 09:45:56.498--ClientSession(475350970)--Thread(Thread[Test worker,5,main])--client released
[EL Finer]: connection: 2016-09-19 09:45:56.53--ServerSession(1800530428)--Thread(Thread[Test worker,5,main])--client acquired: 867160811
[EL Finer]: transaction: 2016-09-19 09:45:56.531--ClientSession(867160811)--Thread(Thread[Test worker,5,main])--acquire unit of work: 1547721935
[EL Finest]: connection: 2016-09-19 09:45:56.531--ServerSession(1800530428)--Connection(93145434)--Thread(Thread[Test worker,5,main])--Connection acquired from connection pool [default].
[EL Finer]: transaction: 2016-09-19 09:45:56.531--ClientSession(867160811)--Connection(93145434)--Thread(Thread[Test worker,5,main])--begin transaction
[EL Finest]: connection: 2016-09-19 09:45:56.531--ClientSession(867160811)--Thread(Thread[Test worker,5,main])--reconnecting to external connection pool
[EL Finest]: query: 2016-09-19 09:45:56.532--UnitOfWork(1547721935)--Thread(Thread[Test worker,5,main])--Execute query ReadObjectQuery(name="readPhoneCommunication" referenceClass=PhoneCommunication sql="SELECT phoneId, commType, phoneNo, versionId, createdBy, createdDate, updatedBy, updatedDate, activeStatus, txnAccessCode FROM ast_PhoneCommunication_T WHERE (phoneId = ?)")
[EL Fine]: sql: 2016-09-19 09:45:56.532--ClientSession(867160811)--Connection(781673898)--Thread(Thread[Test worker,5,main])--SELECT phoneId, commType, phoneNo, versionId, createdBy, createdDate, updatedBy, updatedDate, activeStatus, txnAccessCode FROM ast_PhoneCommunication_T WHERE (phoneId = ?)
	bind => [F5662BE2-3F11-4473-8A3F-58B87F2316B5]
[EL Finest]: transaction: 2016-09-19 09:45:56.533--UnitOfWork(1547721935)--Thread(Thread[Test worker,5,main])--remove() operation called on: 
Mon Sep 19 09:45:56 UTC 2016|Unknown Alarm = ORGCM328100200 Alarm Split = ORG-CM-3-2-8-100-200
[EL Finer]: transaction: 2016-09-19 09:45:56.533--UnitOfWork(1547721935)--Thread(Thread[Test worker,5,main])--begin unit of work commit
[EL Finest]: query: 2016-09-19 09:45:56.534--UnitOfWork(1547721935)--Thread(Thread[Test worker,5,main])--Execute query DoesExistQuery(referenceClass=PhoneCommunication )
[EL Finest]: query: 2016-09-19 09:45:56.534--UnitOfWork(1547721935)--Thread(Thread[Test worker,5,main])--Execute query DeleteObjectQuery()
[EL Fine]: sql: 2016-09-19 09:45:56.534--ClientSession(867160811)--Connection(781673898)--Thread(Thread[Test worker,5,main])--DELETE FROM ast_PhoneCommunication_T WHERE ((phoneId = ?) AND (versionId = ?))
	bind => [F5662BE2-3F11-4473-8A3F-58B87F2316B5, 2]
[EL Finer]: transaction: 2016-09-19 09:45:56.535--ClientSession(867160811)--Connection(781673898)--Thread(Thread[Test worker,5,main])--commit transaction
[EL Finest]: connection: 2016-09-19 09:45:56.605--ServerSession(1800530428)--Connection(93145434)--Thread(Thread[Test worker,5,main])--Connection released to connection pool [default].
[EL Finer]: transaction: 2016-09-19 09:45:56.605--UnitOfWork(1547721935)--Thread(Thread[Test worker,5,main])--end unit of work commit
[EL Finer]: transaction: 2016-09-19 09:45:56.605--UnitOfWork(1547721935)--Thread(Thread[Test worker,5,main])--resume unit of work
[EL Finer]: transaction: 2016-09-19 09:45:56.606--UnitOfWork(1547721935)--Thread(Thread[Test worker,5,main])--release unit of work
[EL Finer]: connection: 2016-09-19 09:45:56.606--ClientSession(867160811)--Thread(Thread[Test worker,5,main])--client released
[EL Finer]: connection: 2016-09-19 09:45:56.619--ServerSession(1800530428)--Thread(Thread[Test worker,5,main])--client acquired: 412224761
[EL Finer]: transaction: 2016-09-19 09:45:56.619--ClientSession(412224761)--Thread(Thread[Test worker,5,main])--acquire unit of work: 479312905
[EL Finest]: connection: 2016-09-19 09:45:56.619--ServerSession(1800530428)--Connection(600834438)--Thread(Thread[Test worker,5,main])--Connection acquired from connection pool [default].
[EL Finer]: transaction: 2016-09-19 09:45:56.619--ClientSession(412224761)--Connection(600834438)--Thread(Thread[Test worker,5,main])--begin transaction
[EL Finest]: connection: 2016-09-19 09:45:56.619--ClientSession(412224761)--Thread(Thread[Test worker,5,main])--reconnecting to external connection pool
[EL Finest]: query: 2016-09-19 09:45:56.62--UnitOfWork(479312905)--Thread(Thread[Test worker,5,main])--Execute query ReadObjectQuery(name="readPhoneCategory" referenceClass=PhoneCategory sql="SELECT phoneCatId, phoneCatName, versionId, createdBy, createdDate, updatedBy, updatedDate, activeStatus, txnAccessCode FROM ast_PhoneCategory_M WHERE (phoneCatId = ?)")
[EL Fine]: sql: 2016-09-19 09:45:56.62--ClientSession(412224761)--Connection(1168567097)--Thread(Thread[Test worker,5,main])--SELECT phoneCatId, phoneCatName, versionId, createdBy, createdDate, updatedBy, updatedDate, activeStatus, txnAccessCode FROM ast_PhoneCategory_M WHERE (phoneCatId = ?)
	bind => [F6369599-997D-4F88-8517-A6E4DA0105A5]
[EL Finest]: transaction: 2016-09-19 09:45:56.622--UnitOfWork(479312905)--Thread(Thread[Test worker,5,main])--remove() operation called on: JBcPAwhdGt3Pm5FYUHHd4u1svSfmuPS58SnT1ijHsQ6Nap46UH
Mon Sep 19 09:45:56 UTC 2016|Unknown Alarm = ORGCM328100200 Alarm Split = ORG-CM-3-2-8-100-200
[EL Finer]: transaction: 2016-09-19 09:45:56.623--UnitOfWork(479312905)--Thread(Thread[Test worker,5,main])--begin unit of work commit
[EL Finest]: query: 2016-09-19 09:45:56.623--UnitOfWork(479312905)--Thread(Thread[Test worker,5,main])--Execute query DoesExistQuery(referenceClass=PhoneCategory )
[EL Finest]: query: 2016-09-19 09:45:56.623--UnitOfWork(479312905)--Thread(Thread[Test worker,5,main])--Execute query DeleteObjectQuery(JBcPAwhdGt3Pm5FYUHHd4u1svSfmuPS58SnT1ijHsQ6Nap46UH)
[EL Fine]: sql: 2016-09-19 09:45:56.624--ClientSession(412224761)--Connection(1168567097)--Thread(Thread[Test worker,5,main])--DELETE FROM ast_PhoneCategory_M WHERE ((phoneCatId = ?) AND (versionId = ?))
	bind => [F6369599-997D-4F88-8517-A6E4DA0105A5, 1]
[EL Finer]: transaction: 2016-09-19 09:45:56.63--ClientSession(412224761)--Connection(1168567097)--Thread(Thread[Test worker,5,main])--commit transaction
[EL Finest]: connection: 2016-09-19 09:45:56.679--ServerSession(1800530428)--Connection(600834438)--Thread(Thread[Test worker,5,main])--Connection released to connection pool [default].
[EL Finer]: transaction: 2016-09-19 09:45:56.679--UnitOfWork(479312905)--Thread(Thread[Test worker,5,main])--end unit of work commit
[EL Finer]: transaction: 2016-09-19 09:45:56.68--UnitOfWork(479312905)--Thread(Thread[Test worker,5,main])--resume unit of work
[EL Finer]: transaction: 2016-09-19 09:45:56.68--UnitOfWork(479312905)--Thread(Thread[Test worker,5,main])--release unit of work
[EL Finer]: connection: 2016-09-19 09:45:56.68--ClientSession(412224761)--Thread(Thread[Test worker,5,main])--client released
]]></system-out>
  <system-err><![CDATA[PhoneCommunication.phoneNo may not be null
java.lang.SecurityException: PhoneCommunication.phoneNo may not be null
	at com.athena.server.pluggable.utils.helper.EntityValidatorHelper.validateEntity(EntityValidatorHelper.java:37)
	at com.app.shared.organization.contactmanagement.PhoneCommunication.isValid(PhoneCommunication.java:159)
	at com.app.server.service.organization.contactmanagement.PhoneCommunicationTestCase.validatePhoneCommunication(PhoneCommunicationTestCase.java:230)
	at com.app.server.service.organization.contactmanagement.PhoneCommunicationTestCase.test5NegativeTesting(PhoneCommunicationTestCase.java:261)
	at sun.reflect.NativeMethodAccessorImpl.invoke0(Native Method)
	at sun.reflect.NativeMethodAccessorImpl.invoke(NativeMethodAccessorImpl.java:57)
	at sun.reflect.DelegatingMethodAccessorImpl.invoke(DelegatingMethodAccessorImpl.java:43)
	at java.lang.reflect.Method.invoke(Method.java:606)
	at org.junit.runners.model.FrameworkMethod$1.runReflectiveCall(FrameworkMethod.java:47)
	at org.junit.internal.runners.model.ReflectiveCallable.run(ReflectiveCallable.java:12)
	at org.junit.runners.model.FrameworkMethod.invokeExplosively(FrameworkMethod.java:44)
	at org.junit.internal.runners.statements.InvokeMethod.evaluate(InvokeMethod.java:17)
	at org.junit.internal.runners.statements.RunBefores.evaluate(RunBefores.java:26)
	at org.springframework.test.context.junit4.statements.RunBeforeTestMethodCallbacks.evaluate(RunBeforeTestMethodCallbacks.java:74)
	at org.junit.internal.runners.statements.RunAfters.evaluate(RunAfters.java:27)
	at org.springframework.test.context.junit4.statements.RunAfterTestMethodCallbacks.evaluate(RunAfterTestMethodCallbacks.java:83)
	at org.springframework.test.context.junit4.statements.SpringRepeat.evaluate(SpringRepeat.java:72)
	at org.springframework.test.context.junit4.SpringJUnit4ClassRunner.runChild(SpringJUnit4ClassRunner.java:233)
	at org.springframework.test.context.junit4.SpringJUnit4ClassRunner.runChild(SpringJUnit4ClassRunner.java:87)
	at org.junit.runners.ParentRunner$3.run(ParentRunner.java:238)
	at org.junit.runners.ParentRunner$1.schedule(ParentRunner.java:63)
	at org.junit.runners.ParentRunner.runChildren(ParentRunner.java:236)
	at org.junit.runners.ParentRunner.access$000(ParentRunner.java:53)
	at org.junit.runners.ParentRunner$2.evaluate(ParentRunner.java:229)
	at org.junit.internal.runners.statements.RunBefores.evaluate(RunBefores.java:26)
	at org.springframework.test.context.junit4.statements.RunBeforeTestClassCallbacks.evaluate(RunBeforeTestClassCallbacks.java:61)
	at org.springframework.test.context.junit4.statements.RunAfterTestClassCallbacks.evaluate(RunAfterTestClassCallbacks.java:71)
	at org.junit.runners.ParentRunner.run(ParentRunner.java:309)
	at org.springframework.test.context.junit4.SpringJUnit4ClassRunner.run(SpringJUnit4ClassRunner.java:176)
	at org.gradle.api.internal.tasks.testing.junit.JUnitTestClassExecuter.runTestClass(JUnitTestClassExecuter.java:86)
	at org.gradle.api.internal.tasks.testing.junit.JUnitTestClassExecuter.execute(JUnitTestClassExecuter.java:49)
	at org.gradle.api.internal.tasks.testing.junit.JUnitTestClassProcessor.processTestClass(JUnitTestClassProcessor.java:64)
	at org.gradle.api.internal.tasks.testing.SuiteTestClassProcessor.processTestClass(SuiteTestClassProcessor.java:50)
	at sun.reflect.GeneratedMethodAccessor109.invoke(Unknown Source)
	at sun.reflect.DelegatingMethodAccessorImpl.invoke(DelegatingMethodAccessorImpl.java:43)
	at java.lang.reflect.Method.invoke(Method.java:606)
	at org.gradle.messaging.dispatch.ReflectionDispatch.dispatch(ReflectionDispatch.java:35)
	at org.gradle.messaging.dispatch.ReflectionDispatch.dispatch(ReflectionDispatch.java:24)
	at org.gradle.messaging.dispatch.ContextClassLoaderDispatch.dispatch(ContextClassLoaderDispatch.java:32)
	at org.gradle.messaging.dispatch.ProxyDispatchAdapter$DispatchingInvocationHandler.invoke(ProxyDispatchAdapter.java:93)
	at com.sun.proxy.$Proxy2.processTestClass(Unknown Source)
	at org.gradle.api.internal.tasks.testing.worker.TestWorker.processTestClass(TestWorker.java:106)
	at sun.reflect.GeneratedMethodAccessor108.invoke(Unknown Source)
	at sun.reflect.DelegatingMethodAccessorImpl.invoke(DelegatingMethodAccessorImpl.java:43)
	at java.lang.reflect.Method.invoke(Method.java:606)
	at org.gradle.messaging.dispatch.ReflectionDispatch.dispatch(ReflectionDispatch.java:35)
	at org.gradle.messaging.dispatch.ReflectionDispatch.dispatch(ReflectionDispatch.java:24)
	at org.gradle.messaging.remote.internal.hub.MessageHub$Handler.run(MessageHub.java:360)
	at org.gradle.internal.concurrent.DefaultExecutorFactory$StoppableExecutorImpl$1.run(DefaultExecutorFactory.java:64)
	at java.util.concurrent.ThreadPoolExecutor.runWorker(ThreadPoolExecutor.java:1145)
	at java.util.concurrent.ThreadPoolExecutor$Worker.run(ThreadPoolExecutor.java:615)
	at java.lang.Thread.run(Thread.java:745)
PhoneCommunication.phoneNo size must be between 1 and 256
java.lang.SecurityException: PhoneCommunication.phoneNo size must be between 1 and 256
	at com.athena.server.pluggable.utils.helper.EntityValidatorHelper.validateEntity(EntityValidatorHelper.java:37)
	at com.app.shared.organization.contactmanagement.PhoneCommunication.isValid(PhoneCommunication.java:159)
	at com.app.server.service.organization.contactmanagement.PhoneCommunicationTestCase.validatePhoneCommunication(PhoneCommunicationTestCase.java:228)
	at com.app.server.service.organization.contactmanagement.PhoneCommunicationTestCase.test5NegativeTesting(PhoneCommunicationTestCase.java:266)
	at sun.reflect.NativeMethodAccessorImpl.invoke0(Native Method)
	at sun.reflect.NativeMethodAccessorImpl.invoke(NativeMethodAccessorImpl.java:57)
	at sun.reflect.DelegatingMethodAccessorImpl.invoke(DelegatingMethodAccessorImpl.java:43)
	at java.lang.reflect.Method.invoke(Method.java:606)
	at org.junit.runners.model.FrameworkMethod$1.runReflectiveCall(FrameworkMethod.java:47)
	at org.junit.internal.runners.model.ReflectiveCallable.run(ReflectiveCallable.java:12)
	at org.junit.runners.model.FrameworkMethod.invokeExplosively(FrameworkMethod.java:44)
	at org.junit.internal.runners.statements.InvokeMethod.evaluate(InvokeMethod.java:17)
	at org.junit.internal.runners.statements.RunBefores.evaluate(RunBefores.java:26)
	at org.springframework.test.context.junit4.statements.RunBeforeTestMethodCallbacks.evaluate(RunBeforeTestMethodCallbacks.java:74)
	at org.junit.internal.runners.statements.RunAfters.evaluate(RunAfters.java:27)
	at org.springframework.test.context.junit4.statements.RunAfterTestMethodCallbacks.evaluate(RunAfterTestMethodCallbacks.java:83)
	at org.springframework.test.context.junit4.statements.SpringRepeat.evaluate(SpringRepeat.java:72)
	at org.springframework.test.context.junit4.SpringJUnit4ClassRunner.runChild(SpringJUnit4ClassRunner.java:233)
	at org.springframework.test.context.junit4.SpringJUnit4ClassRunner.runChild(SpringJUnit4ClassRunner.java:87)
	at org.junit.runners.ParentRunner$3.run(ParentRunner.java:238)
	at org.junit.runners.ParentRunner$1.schedule(ParentRunner.java:63)
	at org.junit.runners.ParentRunner.runChildren(ParentRunner.java:236)
	at org.junit.runners.ParentRunner.access$000(ParentRunner.java:53)
	at org.junit.runners.ParentRunner$2.evaluate(ParentRunner.java:229)
	at org.junit.internal.runners.statements.RunBefores.evaluate(RunBefores.java:26)
	at org.springframework.test.context.junit4.statements.RunBeforeTestClassCallbacks.evaluate(RunBeforeTestClassCallbacks.java:61)
	at org.springframework.test.context.junit4.statements.RunAfterTestClassCallbacks.evaluate(RunAfterTestClassCallbacks.java:71)
	at org.junit.runners.ParentRunner.run(ParentRunner.java:309)
	at org.springframework.test.context.junit4.SpringJUnit4ClassRunner.run(SpringJUnit4ClassRunner.java:176)
	at org.gradle.api.internal.tasks.testing.junit.JUnitTestClassExecuter.runTestClass(JUnitTestClassExecuter.java:86)
	at org.gradle.api.internal.tasks.testing.junit.JUnitTestClassExecuter.execute(JUnitTestClassExecuter.java:49)
	at org.gradle.api.internal.tasks.testing.junit.JUnitTestClassProcessor.processTestClass(JUnitTestClassProcessor.java:64)
	at org.gradle.api.internal.tasks.testing.SuiteTestClassProcessor.processTestClass(SuiteTestClassProcessor.java:50)
	at sun.reflect.GeneratedMethodAccessor109.invoke(Unknown Source)
	at sun.reflect.DelegatingMethodAccessorImpl.invoke(DelegatingMethodAccessorImpl.java:43)
	at java.lang.reflect.Method.invoke(Method.java:606)
	at org.gradle.messaging.dispatch.ReflectionDispatch.dispatch(ReflectionDispatch.java:35)
	at org.gradle.messaging.dispatch.ReflectionDispatch.dispatch(ReflectionDispatch.java:24)
	at org.gradle.messaging.dispatch.ContextClassLoaderDispatch.dispatch(ContextClassLoaderDispatch.java:32)
	at org.gradle.messaging.dispatch.ProxyDispatchAdapter$DispatchingInvocationHandler.invoke(ProxyDispatchAdapter.java:93)
	at com.sun.proxy.$Proxy2.processTestClass(Unknown Source)
	at org.gradle.api.internal.tasks.testing.worker.TestWorker.processTestClass(TestWorker.java:106)
	at sun.reflect.GeneratedMethodAccessor108.invoke(Unknown Source)
	at sun.reflect.DelegatingMethodAccessorImpl.invoke(DelegatingMethodAccessorImpl.java:43)
	at java.lang.reflect.Method.invoke(Method.java:606)
	at org.gradle.messaging.dispatch.ReflectionDispatch.dispatch(ReflectionDispatch.java:35)
	at org.gradle.messaging.dispatch.ReflectionDispatch.dispatch(ReflectionDispatch.java:24)
	at org.gradle.messaging.remote.internal.hub.MessageHub$Handler.run(MessageHub.java:360)
	at org.gradle.internal.concurrent.DefaultExecutorFactory$StoppableExecutorImpl$1.run(DefaultExecutorFactory.java:64)
	at java.util.concurrent.ThreadPoolExecutor.runWorker(ThreadPoolExecutor.java:1145)
	at java.util.concurrent.ThreadPoolExecutor$Worker.run(ThreadPoolExecutor.java:615)
	at java.lang.Thread.run(Thread.java:745)
]]></system-err>
</testsuite>
