<?xml version="1.0" encoding="UTF-8"?>
<testsuite name="com.app.server.service.appinsight.health.EmpTestCase" tests="5" skipped="0" failures="0" errors="0" timestamp="2016-09-19T09:45:11" hostname="b68a979f9de0" time="27.981">
  <properties/>
  <testcase name="test1Save" classname="com.app.server.service.appinsight.health.EmpTestCase" time="27.404"/>
  <testcase name="test2Update" classname="com.app.server.service.appinsight.health.EmpTestCase" time="0.112"/>
  <testcase name="test3FindById" classname="com.app.server.service.appinsight.health.EmpTestCase" time="0.053"/>
  <testcase name="test5NegativeTesting" classname="com.app.server.service.appinsight.health.EmpTestCase" time="0.037"/>
  <testcase name="test6Delete" classname="com.app.server.service.appinsight.health.EmpTestCase" time="0.372"/>
  <system-out><![CDATA[Mon Sep 19 09:45:10 UTC 2016|Log Manager Factory|Initialization Process started.....
Mon Sep 19 09:45:10 UTC 2016|Log Manager|Initialized with Path = [/home/applifire/workspace/testproject/src/main/webapp/WEB-INF/conf]
Mon Sep 19 09:45:10 UTC 2016|Alarm Manager|Initialized with Path = [/home/applifire/workspace/testproject/src/main/webapp/WEB-INF/conf]
Mon Sep 19 09:45:10 UTC 2016|Alarm Manager|Loading Alarms ......
Mon Sep 19 09:45:11 UTC 2016|Alarm XML Parser|FWA|XML Parsing Complete........ 
Mon Sep 19 09:45:10 UTC 2016|Alarm File Manager|FWA|Alarm File Status.. [ApplicationFrameworkAlarms.xml]|Version=15|Status=Done 
Mon Sep 19 09:45:11 UTC 2016|Alarm File Manager|FWA|Alarm Stats = ( BC/AL=5/786 SYS=5/11 [786/0]  TPL=0/0 [0/0]  APP= A.Map=[875]  E.Map EC/RC=[391/79] )
Mon Sep 19 09:45:11 UTC 2016|Alarm XML Parser|APP|XML Parsing Complete........ 
Mon Sep 19 09:45:11 UTC 2016|Alarm File Manager|APP|Alarm File Status.. [ApplicationAlarms.xml]|Version=1|Status=Done 
Mon Sep 19 09:45:11 UTC 2016|Alarm File Manager|APP|Alarm Stats = ( BC/AL=5/786 SYS=5/11 [786/0]  TPL=0/0 [0/0]  APP=0/0 [0/0]  A.Map=[875]  E.Map EC/RC=[391/79] )
Mon Sep 19 09:45:11 UTC 2016|ApplicationAlarmContext| <><><><><> Create App Alarms ....  <><><><><> 
Mon Sep 19 09:45:11 UTC 2016|ApplicationAlarmContext|Alarms are generated ONLY in Development Mode.. 
Mon Sep 19 09:45:11 UTC 2016|Alarm Manager|APP|Alarm Stats = ( BC/AL=5/786 SYS=5/11 [786/0]  TPL=0/0 [0/0]  APP=0/0 [0/0]  A.Map=[875]  E.Map EC/RC=[391/79] )
Mon Sep 19 09:45:11 UTC 2016|Alarm Manager|Initialized Exception Lookup...
Mon Sep 19 09:45:11 UTC 2016|Log Manager|Initialize Log Config File ......
Mon Sep 19 09:45:11 UTC 2016|Pluggable Connectors|Adding Connectors : StandardOutputConnector isEnabled=true isDefault=false isFallBack=true
Mon Sep 19 09:45:11 UTC 2016|Pluggable Connectors|Adding Connectors : StandardFileConnector isEnabled=true isDefault=false isFallBack=false
Mon Sep 19 09:45:11 UTC 2016|Pluggable Connectors|Adding Connectors : Sprinkler isEnabled=true isDefault=true isFallBack=false
Mon Sep 19 09:45:11 UTC 2016|Pluggable Connectors|Default Connector Name : com.spartan.logger.core.LogMessenger
Mon Sep 19 09:45:11 UTC 2016|Log Config Parser|Connector Least Log Level =[4]  FallBack Log Level =[3]
Mon Sep 19 09:45:11 UTC 2016|Log Manager|Loading Default Connector for Logging ......
Mon Sep 19 09:45:11 UTC 2016|Log Manager|Loading class .. com.spartan.logger.core.LogMessenger
Mon Sep 19 09:45:11 UTC 2016|Plugggable Connector|Connector class com.spartan.logger.core.LogMessenger Initialized... @ Log Level = 3
Mon Sep 19 09:45:11 UTC 2016|Log Manager|Starting the Default Connector [com.spartan.logger.core.LogMessenger@879de1d] ....
Mon Sep 19 09:45:11 UTC 2016|Scheduler|Starting the Scheduler ......
Mon Sep 19 09:45:11 UTC 2016|Scheduler|Adding [LMID=[9d233f14-95d4-4cd7-a24f-17ebd1a46f95]] Delay=5 Time Unit=MINUTES
Mon Sep 19 09:45:11 UTC 2016|Scheduler|Adding [App Alarm Manager File=[ApplicationAlarms.xml]] Delay=30 Time Unit=MINUTES
Mon Sep 19 09:45:11 UTC 2016|Scheduler|Adding [FW Alarm Manager File=[ApplicationFrameworkAlarms.xml]] Delay=3 Time Unit=MINUTES
Mon Sep 19 09:45:11 UTC 2016|Scheduler|Startup Completed..
Mon Sep 19 09:45:11 UTC 2016|Log Manager|Initialization Process Complete ......
Mon Sep 19 09:45:11 UTC 2016|Log Manager Factory|Log Manager READY! ID = 9d233f14-95d4-4cd7-a24f-17ebd1a46f95
[EL Finest]: jpa: 2016-09-19 09:45:20.922--ServerSession(1800530428)--Thread(Thread[Test worker,5,main])--Begin predeploying Persistence Unit com; session file:/home/applifire/workspace/testproject/build/libs/app-shared-appbasicsetup-aaa-1.0.jar_com; state Initial; factoryCount 0
[EL Finest]: properties: 2016-09-19 09:45:20.946--ServerSession(1800530428)--Thread(Thread[Test worker,5,main])--property=eclipselink.orm.throw.exceptions; default value=true
[EL Finest]: properties: 2016-09-19 09:45:20.947--ServerSession(1800530428)--Thread(Thread[Test worker,5,main])--property=eclipselink.multitenant.tenants-share-emf; default value=true
[EL Finest]: properties: 2016-09-19 09:45:20.947--ServerSession(1800530428)--Thread(Thread[Test worker,5,main])--property=eclipselink.multitenant.tenants-share-cache; default value=false
[EL Finer]: metadata: 2016-09-19 09:45:20.965--ServerSession(1800530428)--Thread(Thread[Test worker,5,main])--Searching for default mapping file in file:/home/applifire/workspace/testproject/build/libs/app-shared-appbasicsetup-aaa-1.0.jar (There is no English translation for this message.)
[EL Finer]: metadata: 2016-09-19 09:45:20.969--ServerSession(1800530428)--Thread(Thread[Test worker,5,main])--Searching for default mapping file in file:/home/applifire/workspace/testproject/build/libs/app-shared-appbasicsetup-aaa-1.0.jar (There is no English translation for this message.)
[EL Config]: metadata: 2016-09-19 09:45:21.143--ServerSession(1800530428)--Thread(Thread[Test worker,5,main])--The access type for the persistent class [class com.app.shared.appbasicsetup.usermanagement.ArtPasswordPolicy] is set to [FIELD].
[EL Config]: metadata: 2016-09-19 09:45:21.164--ServerSession(1800530428)--Thread(Thread[Test worker,5,main])--The access type for the persistent class [class com.app.shared.appbasicsetup.usermanagement.PasswordAlgo] is set to [FIELD].
[EL Config]: metadata: 2016-09-19 09:45:21.165--ServerSession(1800530428)--Thread(Thread[Test worker,5,main])--The access type for the persistent class [class com.app.shared.organization.contactmanagement.ContactType] is set to [FIELD].
[EL Config]: metadata: 2016-09-19 09:45:21.165--ServerSession(1800530428)--Thread(Thread[Test worker,5,main])--The access type for the persistent class [class com.app.shared.organization.locationmanagement.City] is set to [FIELD].
[EL Config]: metadata: 2016-09-19 09:45:21.167--ServerSession(1800530428)--Thread(Thread[Test worker,5,main])--The access type for the persistent class [class com.app.shared.organization.contactmanagement.CoreContacts] is set to [FIELD].
[EL Config]: metadata: 2016-09-19 09:45:21.173--ServerSession(1800530428)--Thread(Thread[Test worker,5,main])--The target entity (reference) class for the one to one mapping element [field timezone] is being defaulted to: class com.app.shared.organization.locationmanagement.Timezone.
[EL Config]: metadata: 2016-09-19 09:45:21.179--ServerSession(1800530428)--Thread(Thread[Test worker,5,main])--The target entity (reference) class for the one to many mapping element [field address] is being defaulted to: class com.app.shared.organization.locationmanagement.Address.
[EL Config]: metadata: 2016-09-19 09:45:21.18--ServerSession(1800530428)--Thread(Thread[Test worker,5,main])--The access type for the persistent class [class com.app.shared.appbasicsetup.usermanagement.SessionData] is set to [FIELD].
[EL Config]: metadata: 2016-09-19 09:45:21.181--ServerSession(1800530428)--Thread(Thread[Test worker,5,main])--The access type for the persistent class [class com.app.shared.appbasicsetup.usermanagement.ArtPasswordAlgorithm] is set to [FIELD].
[EL Config]: metadata: 2016-09-19 09:45:21.182--ServerSession(1800530428)--Thread(Thread[Test worker,5,main])--The access type for the persistent class [class com.athena.shared.pluggable.entity.ArtEntity] is set to [FIELD].
[EL Config]: metadata: 2016-09-19 09:45:21.184--ServerSession(1800530428)--Thread(Thread[Test worker,5,main])--The access type for the persistent class [class com.athena.shared.pluggable.entity.AuditPropertiesEntity] is set to [FIELD].
[EL Config]: metadata: 2016-09-19 09:45:21.186--ServerSession(1800530428)--Thread(Thread[Test worker,5,main])--The access type for the persistent class [class com.app.shared.appbasicsetup.aaa.ArtUserLastStatus] is set to [FIELD].
[EL Config]: metadata: 2016-09-19 09:45:21.187--ServerSession(1800530428)--Thread(Thread[Test worker,5,main])--The access type for the persistent class [class com.spartan.healthmeter.entity.ArtHealthStatusConfiguration] is set to [FIELD].
[EL Config]: metadata: 2016-09-19 09:45:21.188--ServerSession(1800530428)--Thread(Thread[Test worker,5,main])--The access type for the persistent class [class com.app.shared.appinsight.alarms.ArtLogSeverity] is set to [FIELD].
[EL Config]: metadata: 2016-09-19 09:45:21.188--ServerSession(1800530428)--Thread(Thread[Test worker,5,main])--The access type for the persistent class [class com.app.shared.appinsight.alarms.ArtDomain] is set to [FIELD].
[EL Config]: metadata: 2016-09-19 09:45:21.189--ServerSession(1800530428)--Thread(Thread[Test worker,5,main])--The target entity (reference) class for the many to one mapping element [field artBoundedContext] is being defaulted to: class com.app.shared.appinsight.alarms.ArtBoundedContext.
[EL Config]: metadata: 2016-09-19 09:45:21.189--ServerSession(1800530428)--Thread(Thread[Test worker,5,main])--The access type for the persistent class [class com.app.shared.organization.contactmanagement.PhoneCategory] is set to [FIELD].
[EL Config]: metadata: 2016-09-19 09:45:21.19--ServerSession(1800530428)--Thread(Thread[Test worker,5,main])--The access type for the persistent class [class com.app.shared.appbasicsetup.usermanagement.ArtAppNotificationTemplate] is set to [FIELD].
[EL Config]: metadata: 2016-09-19 09:45:21.191--ServerSession(1800530428)--Thread(Thread[Test worker,5,main])--The access type for the persistent class [class com.app.shared.appinsight.health.EmpDEpt] is set to [FIELD].
[EL Config]: metadata: 2016-09-19 09:45:21.191--ServerSession(1800530428)--Thread(Thread[Test worker,5,main])--The target entity (reference) class for the one to one mapping element [field emp] is being defaulted to: class com.app.shared.appinsight.health.Emp.
[EL Config]: metadata: 2016-09-19 09:45:21.192--ServerSession(1800530428)--Thread(Thread[Test worker,5,main])--The access type for the persistent class [class com.app.shared.appbasicsetup.userrolemanagement.Roles] is set to [FIELD].
[EL Config]: metadata: 2016-09-19 09:45:21.193--ServerSession(1800530428)--Thread(Thread[Test worker,5,main])--The target entity (reference) class for the one to many mapping element [field roleMenuBridge] is being defaulted to: class com.app.shared.appbasicsetup.userrolemanagement.RoleMenuBridge.
[EL Config]: metadata: 2016-09-19 09:45:21.193--ServerSession(1800530428)--Thread(Thread[Test worker,5,main])--The access type for the persistent class [class com.app.shared.organization.contactmanagement.EmailCategory] is set to [FIELD].
[EL Config]: metadata: 2016-09-19 09:45:21.194--ServerSession(1800530428)--Thread(Thread[Test worker,5,main])--The access type for the persistent class [class com.app.shared.organization.locationmanagement.Country] is set to [FIELD].
[EL Config]: metadata: 2016-09-19 09:45:21.195--ServerSession(1800530428)--Thread(Thread[Test worker,5,main])--The access type for the persistent class [class com.app.shared.appbasicsetup.usermanagement.ArtDocumentTemplate] is set to [FIELD].
[EL Config]: metadata: 2016-09-19 09:45:21.196--ServerSession(1800530428)--Thread(Thread[Test worker,5,main])--The access type for the persistent class [class com.app.shared.appinsight.alarms.ArtLogAlarm] is set to [FIELD].
[EL Config]: metadata: 2016-09-19 09:45:21.197--ServerSession(1800530428)--Thread(Thread[Test worker,5,main])--The access type for the persistent class [class com.app.shared.organization.contactmanagement.SocialCategory] is set to [FIELD].
[EL Config]: metadata: 2016-09-19 09:45:21.198--ServerSession(1800530428)--Thread(Thread[Test worker,5,main])--The access type for the persistent class [class com.spartan.healthmeter.entity.ZenHealthGauge] is set to [FIELD].
[EL Config]: metadata: 2016-09-19 09:45:21.199--ServerSession(1800530428)--Thread(Thread[Test worker,5,main])--The access type for the persistent class [class com.app.shared.organization.contactmanagement.Gender] is set to [FIELD].
[EL Config]: metadata: 2016-09-19 09:45:21.199--ServerSession(1800530428)--Thread(Thread[Test worker,5,main])--The access type for the persistent class [class com.app.shared.appinsight.alarms.ArtBoundedContext] is set to [FIELD].
[EL Config]: metadata: 2016-09-19 09:45:21.2--ServerSession(1800530428)--Thread(Thread[Test worker,5,main])--The target entity (reference) class for the one to many mapping element [field artDomain] is being defaulted to: class com.app.shared.appinsight.alarms.ArtDomain.
[EL Config]: metadata: 2016-09-19 09:45:21.201--ServerSession(1800530428)--Thread(Thread[Test worker,5,main])--The access type for the persistent class [class com.app.shared.appbasicsetup.usermanagement.SMSNotification] is set to [FIELD].
[EL Config]: metadata: 2016-09-19 09:45:21.202--ServerSession(1800530428)--Thread(Thread[Test worker,5,main])--The access type for the persistent class [class com.app.shared.organization.locationmanagement.Timezone] is set to [FIELD].
[EL Config]: metadata: 2016-09-19 09:45:21.203--ServerSession(1800530428)--Thread(Thread[Test worker,5,main])--The access type for the persistent class [class com.app.shared.appbasicsetup.userrolemanagement.RoleMenuBridge] is set to [FIELD].
[EL Config]: metadata: 2016-09-19 09:45:21.204--ServerSession(1800530428)--Thread(Thread[Test worker,5,main])--The target entity (reference) class for the one to one mapping element [field roles] is being defaulted to: class com.app.shared.appbasicsetup.userrolemanagement.Roles.
[EL Config]: metadata: 2016-09-19 09:45:21.204--ServerSession(1800530428)--Thread(Thread[Test worker,5,main])--The access type for the persistent class [class com.app.shared.appbasicsetup.usermanagement.PasswordPolicy] is set to [FIELD].
[EL Config]: metadata: 2016-09-19 09:45:21.205--ServerSession(1800530428)--Thread(Thread[Test worker,5,main])--The access type for the persistent class [class com.spartan.healthmeter.entity.HealthSchedulerConfiguration] is set to [FIELD].
[EL Config]: metadata: 2016-09-19 09:45:21.206--ServerSession(1800530428)--Thread(Thread[Test worker,5,main])--The access type for the persistent class [class com.app.shared.appinsight.alarms.ArtLogStatus] is set to [FIELD].
[EL Config]: metadata: 2016-09-19 09:45:21.207--ServerSession(1800530428)--Thread(Thread[Test worker,5,main])--The access type for the persistent class [class com.spartan.healthmeter.entity.ZenSchedulerHealth] is set to [FIELD].
[EL Config]: metadata: 2016-09-19 09:45:21.209--ServerSession(1800530428)--Thread(Thread[Test worker,5,main])--The access type for the persistent class [class com.app.shared.organization.locationmanagement.Address] is set to [FIELD].
[EL Config]: metadata: 2016-09-19 09:45:21.211--ServerSession(1800530428)--Thread(Thread[Test worker,5,main])--The access type for the persistent class [class com.app.shared.organization.locationmanagement.Language] is set to [FIELD].
[EL Config]: metadata: 2016-09-19 09:45:21.212--ServerSession(1800530428)--Thread(Thread[Test worker,5,main])--The access type for the persistent class [class com.app.shared.appbasicsetup.usermanagement.PassRecovery] is set to [FIELD].
[EL Config]: metadata: 2016-09-19 09:45:21.213--ServerSession(1800530428)--Thread(Thread[Test worker,5,main])--The target entity (reference) class for the one to one mapping element [field user] is being defaulted to: class com.app.shared.appbasicsetup.usermanagement.User.
[EL Config]: metadata: 2016-09-19 09:45:21.213--ServerSession(1800530428)--Thread(Thread[Test worker,5,main])--The access type for the persistent class [class com.app.shared.appinsight.alarms.ArtLogConfig] is set to [FIELD].
[EL Config]: metadata: 2016-09-19 09:45:21.214--ServerSession(1800530428)--Thread(Thread[Test worker,5,main])--The access type for the persistent class [class com.app.shared.appinsight.alarms.ArtLogEventAction] is set to [FIELD].
[EL Config]: metadata: 2016-09-19 09:45:21.214--ServerSession(1800530428)--Thread(Thread[Test worker,5,main])--The access type for the persistent class [class com.app.shared.appbasicsetup.usermanagement.SMSConfig] is set to [FIELD].
[EL Config]: metadata: 2016-09-19 09:45:21.215--ServerSession(1800530428)--Thread(Thread[Test worker,5,main])--The access type for the persistent class [class com.app.shared.organization.contactmanagement.EmailCommunication] is set to [FIELD].
[EL Config]: metadata: 2016-09-19 09:45:21.216--ServerSession(1800530428)--Thread(Thread[Test worker,5,main])--The access type for the persistent class [class com.app.shared.appbasicsetup.usermanagement.LoginSession] is set to [FIELD].
[EL Config]: metadata: 2016-09-19 09:45:21.217--ServerSession(1800530428)--Thread(Thread[Test worker,5,main])--The access type for the persistent class [class com.app.shared.organization.locationmanagement.State] is set to [FIELD].
[EL Config]: metadata: 2016-09-19 09:45:21.218--ServerSession(1800530428)--Thread(Thread[Test worker,5,main])--The access type for the persistent class [class com.app.shared.appbasicsetup.usermanagement.UserAccessDomain] is set to [FIELD].
[EL Config]: metadata: 2016-09-19 09:45:21.219--ServerSession(1800530428)--Thread(Thread[Test worker,5,main])--The access type for the persistent class [class com.app.shared.appinsight.alarms.ArtLogConnector] is set to [FIELD].
[EL Config]: metadata: 2016-09-19 09:45:21.22--ServerSession(1800530428)--Thread(Thread[Test worker,5,main])--The target entity (reference) class for the one to many mapping element [field logConnectorAttributes] is being defaulted to: class com.app.shared.appinsight.alarms.ArtLogConnectorAttributes.
[EL Config]: metadata: 2016-09-19 09:45:21.22--ServerSession(1800530428)--Thread(Thread[Test worker,5,main])--The target entity (reference) class for the many to one mapping element [field artLogConfig] is being defaulted to: class com.app.shared.appinsight.alarms.ArtLogConfig.
[EL Config]: metadata: 2016-09-19 09:45:21.221--ServerSession(1800530428)--Thread(Thread[Test worker,5,main])--The access type for the persistent class [class com.app.shared.appinsight.alarms.ArtLoggingProperties] is set to [FIELD].
[EL Config]: metadata: 2016-09-19 09:45:21.221--ServerSession(1800530428)--Thread(Thread[Test worker,5,main])--The target entity (reference) class for the many to one mapping element [field artLogConfig] is being defaulted to: class com.app.shared.appinsight.alarms.ArtLogConfig.
[EL Config]: metadata: 2016-09-19 09:45:21.222--ServerSession(1800530428)--Thread(Thread[Test worker,5,main])--The access type for the persistent class [class com.app.shared.appbasicsetup.usermanagement.User] is set to [FIELD].
[EL Config]: metadata: 2016-09-19 09:45:21.222--ServerSession(1800530428)--Thread(Thread[Test worker,5,main])--The target entity (reference) class for the one to one mapping element [field userData] is being defaulted to: class com.app.shared.appbasicsetup.usermanagement.UserData.
[EL Config]: metadata: 2016-09-19 09:45:21.223--ServerSession(1800530428)--Thread(Thread[Test worker,5,main])--The target entity (reference) class for the one to many mapping element [field passRecovery] is being defaulted to: class com.app.shared.appbasicsetup.usermanagement.PassRecovery.
[EL Config]: metadata: 2016-09-19 09:45:21.224--ServerSession(1800530428)--Thread(Thread[Test worker,5,main])--The access type for the persistent class [class com.app.shared.appinsight.alarms.ArtLogArchitectureLayer] is set to [FIELD].
[EL Config]: metadata: 2016-09-19 09:45:21.224--ServerSession(1800530428)--Thread(Thread[Test worker,5,main])--The access type for the persistent class [class com.app.shared.appbasicsetup.aaa.JwtConfig] is set to [FIELD].
[EL Config]: metadata: 2016-09-19 09:45:21.224--ServerSession(1800530428)--Thread(Thread[Test worker,5,main])--The access type for the persistent class [class com.spartan.healthmeter.entity.ZenHealthStatus] is set to [FIELD].
[EL Config]: metadata: 2016-09-19 09:45:21.225--ServerSession(1800530428)--Thread(Thread[Test worker,5,main])--The access type for the persistent class [class com.app.shared.appbasicsetup.userrolemanagement.UserRoleBridge] is set to [FIELD].
[EL Config]: metadata: 2016-09-19 09:45:21.226--ServerSession(1800530428)--Thread(Thread[Test worker,5,main])--The access type for the persistent class [class com.app.shared.organization.contactmanagement.PhoneCommunication] is set to [FIELD].
[EL Config]: metadata: 2016-09-19 09:45:21.226--ServerSession(1800530428)--Thread(Thread[Test worker,5,main])--The access type for the persistent class [class com.app.shared.appbasicsetup.usermanagement.Question] is set to [FIELD].
[EL Config]: metadata: 2016-09-19 09:45:21.227--ServerSession(1800530428)--Thread(Thread[Test worker,5,main])--The access type for the persistent class [class com.app.shared.appbasicsetup.aaa.PublicApi] is set to [FIELD].
[EL Config]: metadata: 2016-09-19 09:45:21.228--ServerSession(1800530428)--Thread(Thread[Test worker,5,main])--The access type for the persistent class [class com.app.shared.appinsight.alarms.ArtLogException] is set to [FIELD].
[EL Config]: metadata: 2016-09-19 09:45:21.228--ServerSession(1800530428)--Thread(Thread[Test worker,5,main])--The access type for the persistent class [class com.spartan.healthmeter.entity.ZenRequestDetails] is set to [FIELD].
[EL Config]: metadata: 2016-09-19 09:45:21.229--ServerSession(1800530428)--Thread(Thread[Test worker,5,main])--The access type for the persistent class [class com.spartan.healthmeter.entity.ArtHealthSchedulerConfiguration] is set to [FIELD].
[EL Config]: metadata: 2016-09-19 09:45:21.23--ServerSession(1800530428)--Thread(Thread[Test worker,5,main])--The access type for the persistent class [class com.athena.shared.dataengine.report.ArtReportUI] is set to [FIELD].
[EL Config]: metadata: 2016-09-19 09:45:21.232--ServerSession(1800530428)--Thread(Thread[Test worker,5,main])--The access type for the persistent class [class com.spartan.healthmeter.entity.ZenHealthCounter] is set to [FIELD].
[EL Config]: metadata: 2016-09-19 09:45:21.233--ServerSession(1800530428)--Thread(Thread[Test worker,5,main])--The access type for the persistent class [class com.app.shared.organization.contactmanagement.SocialCommunication] is set to [FIELD].
[EL Config]: metadata: 2016-09-19 09:45:21.233--ServerSession(1800530428)--Thread(Thread[Test worker,5,main])--The access type for the persistent class [class com.app.shared.appbasicsetup.usermanagement.Login] is set to [FIELD].
[EL Config]: metadata: 2016-09-19 09:45:21.234--ServerSession(1800530428)--Thread(Thread[Test worker,5,main])--The target entity (reference) class for the one to one mapping element [field coreContacts] is being defaulted to: class com.app.shared.organization.contactmanagement.CoreContacts.
[EL Config]: metadata: 2016-09-19 09:45:21.234--ServerSession(1800530428)--Thread(Thread[Test worker,5,main])--The target entity (reference) class for the one to one mapping element [field user] is being defaulted to: class com.app.shared.appbasicsetup.usermanagement.User.
[EL Config]: metadata: 2016-09-19 09:45:21.235--ServerSession(1800530428)--Thread(Thread[Test worker,5,main])--The access type for the persistent class [class com.spartan.healthmeter.entity.ZenHealth] is set to [FIELD].
[EL Config]: metadata: 2016-09-19 09:45:21.237--ServerSession(1800530428)--Thread(Thread[Test worker,5,main])--The access type for the persistent class [class com.spartan.server.session.entity.AppSessionConfig] is set to [FIELD].
[EL Config]: metadata: 2016-09-19 09:45:21.238--ServerSession(1800530428)--Thread(Thread[Test worker,5,main])--The access type for the persistent class [class com.app.shared.appbasicsetup.userrolemanagement.AppMenus] is set to [FIELD].
[EL Config]: metadata: 2016-09-19 09:45:21.239--ServerSession(1800530428)--Thread(Thread[Test worker,5,main])--The access type for the persistent class [class com.app.shared.appinsight.health.ArtLogEvents] is set to [FIELD].
[EL Config]: metadata: 2016-09-19 09:45:21.241--ServerSession(1800530428)--Thread(Thread[Test worker,5,main])--The access type for the persistent class [class com.app.shared.appinsight.alarms.ArtLogConnectorAttributes] is set to [FIELD].
[EL Config]: metadata: 2016-09-19 09:45:21.242--ServerSession(1800530428)--Thread(Thread[Test worker,5,main])--The target entity (reference) class for the many to one mapping element [field artLogConnector] is being defaulted to: class com.app.shared.appinsight.alarms.ArtLogConnector.
[EL Config]: metadata: 2016-09-19 09:45:21.242--ServerSession(1800530428)--Thread(Thread[Test worker,5,main])--The access type for the persistent class [class com.app.shared.appbasicsetup.usermanagement.UserAccessLevel] is set to [FIELD].
[EL Config]: metadata: 2016-09-19 09:45:21.243--ServerSession(1800530428)--Thread(Thread[Test worker,5,main])--The access type for the persistent class [class com.app.shared.appbasicsetup.usermanagement.UserData] is set to [FIELD].
[EL Config]: metadata: 2016-09-19 09:45:21.244--ServerSession(1800530428)--Thread(Thread[Test worker,5,main])--The target entity (reference) class for the one to one mapping element [field user] is being defaulted to: class com.app.shared.appbasicsetup.usermanagement.User.
[EL Config]: metadata: 2016-09-19 09:45:21.244--ServerSession(1800530428)--Thread(Thread[Test worker,5,main])--The access type for the persistent class [class com.app.shared.organization.locationmanagement.AddressType] is set to [FIELD].
[EL Config]: metadata: 2016-09-19 09:45:21.244--ServerSession(1800530428)--Thread(Thread[Test worker,5,main])--The access type for the persistent class [class com.app.shared.appinsight.health.Emp] is set to [FIELD].
[EL Config]: metadata: 2016-09-19 09:45:21.245--ServerSession(1800530428)--Thread(Thread[Test worker,5,main])--The target entity (reference) class for the one to many mapping element [field empDEpt] is being defaulted to: class com.app.shared.appinsight.health.EmpDEpt.
[EL Config]: metadata: 2016-09-19 09:45:21.245--ServerSession(1800530428)--Thread(Thread[Test worker,5,main])--The access type for the persistent class [class com.app.shared.organization.contactmanagement.Title] is set to [FIELD].
[EL Config]: metadata: 2016-09-19 09:45:21.246--ServerSession(1800530428)--Thread(Thread[Test worker,5,main])--The access type for the persistent class [class com.athena.shared.dataengine.query.ArtQuery] is set to [FIELD].
[EL Config]: metadata: 2016-09-19 09:45:21.247--ServerSession(1800530428)--Thread(Thread[Test worker,5,main])--The access type for the persistent class [class com.spartan.healthmeter.shared.EntityAudit] is set to [FIELD].
[EL Config]: metadata: 2016-09-19 09:45:21.249--ServerSession(1800530428)--Thread(Thread[Test worker,5,main])--The access type for the persistent class [class com.app.shared.SystemInfo] is set to [FIELD].
[EL Config]: metadata: 2016-09-19 09:45:21.249--ServerSession(1800530428)--Thread(Thread[Test worker,5,main])--The access type for the persistent class [class com.spartan.healthmeter.shared.SystemInfo] is set to [FIELD].
[EL Config]: metadata: 2016-09-19 09:45:21.249--ServerSession(1800530428)--Thread(Thread[Test worker,5,main])--The access type for the persistent class [class com.app.shared.EntityAudit] is set to [FIELD].
[EL Config]: metadata: 2016-09-19 09:45:21.257--ServerSession(1800530428)--Thread(Thread[Test worker,5,main])--The alias name for the entity class [class com.app.shared.appbasicsetup.usermanagement.ArtPasswordPolicy] is being defaulted to: ArtPasswordPolicy.
[EL Config]: metadata: 2016-09-19 09:45:21.269--ServerSession(1800530428)--Thread(Thread[Test worker,5,main])--The alias name for the entity class [class com.app.shared.appbasicsetup.usermanagement.PasswordAlgo] is being defaulted to: PasswordAlgo.
[EL Config]: metadata: 2016-09-19 09:45:21.271--ServerSession(1800530428)--Thread(Thread[Test worker,5,main])--The alias name for the entity class [class com.app.shared.organization.contactmanagement.ContactType] is being defaulted to: ContactType.
[EL Config]: metadata: 2016-09-19 09:45:21.272--ServerSession(1800530428)--Thread(Thread[Test worker,5,main])--The alias name for the entity class [class com.app.shared.organization.locationmanagement.City] is being defaulted to: City.
[EL Config]: metadata: 2016-09-19 09:45:21.273--ServerSession(1800530428)--Thread(Thread[Test worker,5,main])--The alias name for the entity class [class com.app.shared.organization.contactmanagement.CoreContacts] is being defaulted to: CoreContacts.
[EL Config]: metadata: 2016-09-19 09:45:21.274--ServerSession(1800530428)--Thread(Thread[Test worker,5,main])--The alias name for the entity class [class com.app.shared.appbasicsetup.usermanagement.SessionData] is being defaulted to: SessionData.
[EL Config]: metadata: 2016-09-19 09:45:21.275--ServerSession(1800530428)--Thread(Thread[Test worker,5,main])--The alias name for the entity class [class com.app.shared.appbasicsetup.usermanagement.ArtPasswordAlgorithm] is being defaulted to: ArtPasswordAlgorithm.
[EL Config]: metadata: 2016-09-19 09:45:21.276--ServerSession(1800530428)--Thread(Thread[Test worker,5,main])--The alias name for the entity class [class com.app.shared.appbasicsetup.aaa.ArtUserLastStatus] is being defaulted to: ArtUserLastStatus.
[EL Config]: metadata: 2016-09-19 09:45:21.277--ServerSession(1800530428)--Thread(Thread[Test worker,5,main])--The alias name for the entity class [class com.spartan.healthmeter.entity.ArtHealthStatusConfiguration] is being defaulted to: ArtHealthStatusConfiguration.
[EL Config]: metadata: 2016-09-19 09:45:21.277--ServerSession(1800530428)--Thread(Thread[Test worker,5,main])--The alias name for the entity class [class com.app.shared.appinsight.alarms.ArtLogSeverity] is being defaulted to: ArtLogSeverity.
[EL Config]: metadata: 2016-09-19 09:45:21.278--ServerSession(1800530428)--Thread(Thread[Test worker,5,main])--The alias name for the entity class [class com.app.shared.appinsight.alarms.ArtDomain] is being defaulted to: ArtDomain.
[EL Warning]: metadata: 2016-09-19 09:45:21.278--ServerSession(1800530428)--Thread(Thread[Test worker,5,main])--You have specified multiple ids for the entity class [com.app.shared.appinsight.alarms.ArtDomain] without specifying an @IdClass. By doing this you may lose the ability to find by identity, distributed cache support etc. Note: You may however use entity manager find operations by passing a list of primary key fields. Else, you will have to use JPQL queries to read your entities. For other id options see @PrimaryKey.
[EL Config]: metadata: 2016-09-19 09:45:21.279--ServerSession(1800530428)--Thread(Thread[Test worker,5,main])--The alias name for the entity class [class com.app.shared.organization.contactmanagement.PhoneCategory] is being defaulted to: PhoneCategory.
[EL Config]: metadata: 2016-09-19 09:45:21.279--ServerSession(1800530428)--Thread(Thread[Test worker,5,main])--The alias name for the entity class [class com.app.shared.appbasicsetup.usermanagement.ArtAppNotificationTemplate] is being defaulted to: ArtAppNotificationTemplate.
[EL Config]: metadata: 2016-09-19 09:45:21.28--ServerSession(1800530428)--Thread(Thread[Test worker,5,main])--The alias name for the entity class [class com.app.shared.appinsight.health.EmpDEpt] is being defaulted to: EmpDEpt.
[EL Config]: metadata: 2016-09-19 09:45:21.281--ServerSession(1800530428)--Thread(Thread[Test worker,5,main])--The alias name for the entity class [class com.app.shared.appbasicsetup.userrolemanagement.Roles] is being defaulted to: Roles.
[EL Config]: metadata: 2016-09-19 09:45:21.281--ServerSession(1800530428)--Thread(Thread[Test worker,5,main])--The alias name for the entity class [class com.app.shared.organization.contactmanagement.EmailCategory] is being defaulted to: EmailCategory.
[EL Config]: metadata: 2016-09-19 09:45:21.282--ServerSession(1800530428)--Thread(Thread[Test worker,5,main])--The alias name for the entity class [class com.app.shared.organization.locationmanagement.Country] is being defaulted to: Country.
[EL Config]: metadata: 2016-09-19 09:45:21.282--ServerSession(1800530428)--Thread(Thread[Test worker,5,main])--The alias name for the entity class [class com.app.shared.appbasicsetup.usermanagement.ArtDocumentTemplate] is being defaulted to: ArtDocumentTemplate.
[EL Config]: metadata: 2016-09-19 09:45:21.283--ServerSession(1800530428)--Thread(Thread[Test worker,5,main])--The alias name for the entity class [class com.app.shared.appinsight.alarms.ArtLogAlarm] is being defaulted to: ArtLogAlarm.
[EL Config]: metadata: 2016-09-19 09:45:21.284--ServerSession(1800530428)--Thread(Thread[Test worker,5,main])--The alias name for the entity class [class com.app.shared.organization.contactmanagement.SocialCategory] is being defaulted to: SocialCategory.
[EL Config]: metadata: 2016-09-19 09:45:21.285--ServerSession(1800530428)--Thread(Thread[Test worker,5,main])--The alias name for the entity class [class com.spartan.healthmeter.entity.ZenHealthGauge] is being defaulted to: ZenHealthGauge.
[EL Config]: metadata: 2016-09-19 09:45:21.285--ServerSession(1800530428)--Thread(Thread[Test worker,5,main])--The alias name for the entity class [class com.app.shared.organization.contactmanagement.Gender] is being defaulted to: Gender.
[EL Config]: metadata: 2016-09-19 09:45:21.286--ServerSession(1800530428)--Thread(Thread[Test worker,5,main])--The alias name for the entity class [class com.app.shared.appinsight.alarms.ArtBoundedContext] is being defaulted to: ArtBoundedContext.
[EL Config]: metadata: 2016-09-19 09:45:21.286--ServerSession(1800530428)--Thread(Thread[Test worker,5,main])--The alias name for the entity class [class com.app.shared.appbasicsetup.usermanagement.SMSNotification] is being defaulted to: SMSNotification.
[EL Config]: metadata: 2016-09-19 09:45:21.287--ServerSession(1800530428)--Thread(Thread[Test worker,5,main])--The alias name for the entity class [class com.app.shared.organization.locationmanagement.Timezone] is being defaulted to: Timezone.
[EL Config]: metadata: 2016-09-19 09:45:21.288--ServerSession(1800530428)--Thread(Thread[Test worker,5,main])--The alias name for the entity class [class com.app.shared.appbasicsetup.userrolemanagement.RoleMenuBridge] is being defaulted to: RoleMenuBridge.
[EL Config]: metadata: 2016-09-19 09:45:21.288--ServerSession(1800530428)--Thread(Thread[Test worker,5,main])--The alias name for the entity class [class com.app.shared.appbasicsetup.usermanagement.PasswordPolicy] is being defaulted to: PasswordPolicy.
[EL Config]: metadata: 2016-09-19 09:45:21.289--ServerSession(1800530428)--Thread(Thread[Test worker,5,main])--The alias name for the entity class [class com.spartan.healthmeter.entity.HealthSchedulerConfiguration] is being defaulted to: HealthSchedulerConfiguration.
[EL Config]: metadata: 2016-09-19 09:45:21.29--ServerSession(1800530428)--Thread(Thread[Test worker,5,main])--The alias name for the entity class [class com.app.shared.appinsight.alarms.ArtLogStatus] is being defaulted to: ArtLogStatus.
[EL Config]: metadata: 2016-09-19 09:45:21.29--ServerSession(1800530428)--Thread(Thread[Test worker,5,main])--The alias name for the entity class [class com.spartan.healthmeter.entity.ZenSchedulerHealth] is being defaulted to: ZenSchedulerHealth.
[EL Config]: metadata: 2016-09-19 09:45:21.292--ServerSession(1800530428)--Thread(Thread[Test worker,5,main])--The alias name for the entity class [class com.app.shared.organization.locationmanagement.Address] is being defaulted to: Address.
[EL Config]: metadata: 2016-09-19 09:45:21.293--ServerSession(1800530428)--Thread(Thread[Test worker,5,main])--The alias name for the entity class [class com.app.shared.organization.locationmanagement.Language] is being defaulted to: Language.
[EL Config]: metadata: 2016-09-19 09:45:21.293--ServerSession(1800530428)--Thread(Thread[Test worker,5,main])--The alias name for the entity class [class com.app.shared.appbasicsetup.usermanagement.PassRecovery] is being defaulted to: PassRecovery.
[EL Config]: metadata: 2016-09-19 09:45:21.294--ServerSession(1800530428)--Thread(Thread[Test worker,5,main])--The alias name for the entity class [class com.app.shared.appinsight.alarms.ArtLogConfig] is being defaulted to: ArtLogConfig.
[EL Config]: metadata: 2016-09-19 09:45:21.295--ServerSession(1800530428)--Thread(Thread[Test worker,5,main])--The alias name for the entity class [class com.app.shared.appinsight.alarms.ArtLogEventAction] is being defaulted to: ArtLogEventAction.
[EL Config]: metadata: 2016-09-19 09:45:21.295--ServerSession(1800530428)--Thread(Thread[Test worker,5,main])--The alias name for the entity class [class com.app.shared.appbasicsetup.usermanagement.SMSConfig] is being defaulted to: SMSConfig.
[EL Config]: metadata: 2016-09-19 09:45:21.296--ServerSession(1800530428)--Thread(Thread[Test worker,5,main])--The alias name for the entity class [class com.app.shared.organization.contactmanagement.EmailCommunication] is being defaulted to: EmailCommunication.
[EL Config]: metadata: 2016-09-19 09:45:21.297--ServerSession(1800530428)--Thread(Thread[Test worker,5,main])--The alias name for the entity class [class com.app.shared.appbasicsetup.usermanagement.LoginSession] is being defaulted to: LoginSession.
[EL Config]: metadata: 2016-09-19 09:45:21.298--ServerSession(1800530428)--Thread(Thread[Test worker,5,main])--The alias name for the entity class [class com.app.shared.organization.locationmanagement.State] is being defaulted to: State.
[EL Config]: metadata: 2016-09-19 09:45:21.299--ServerSession(1800530428)--Thread(Thread[Test worker,5,main])--The alias name for the entity class [class com.app.shared.appbasicsetup.usermanagement.UserAccessDomain] is being defaulted to: UserAccessDomain.
[EL Config]: metadata: 2016-09-19 09:45:21.3--ServerSession(1800530428)--Thread(Thread[Test worker,5,main])--The alias name for the entity class [class com.app.shared.appinsight.alarms.ArtLogConnector] is being defaulted to: ArtLogConnector.
[EL Config]: metadata: 2016-09-19 09:45:21.3--ServerSession(1800530428)--Thread(Thread[Test worker,5,main])--The alias name for the entity class [class com.app.shared.appinsight.alarms.ArtLoggingProperties] is being defaulted to: ArtLoggingProperties.
[EL Config]: metadata: 2016-09-19 09:45:21.301--ServerSession(1800530428)--Thread(Thread[Test worker,5,main])--The alias name for the entity class [class com.app.shared.appbasicsetup.usermanagement.User] is being defaulted to: User.
[EL Config]: metadata: 2016-09-19 09:45:21.302--ServerSession(1800530428)--Thread(Thread[Test worker,5,main])--The alias name for the entity class [class com.app.shared.appinsight.alarms.ArtLogArchitectureLayer] is being defaulted to: ArtLogArchitectureLayer.
[EL Config]: metadata: 2016-09-19 09:45:21.303--ServerSession(1800530428)--Thread(Thread[Test worker,5,main])--The alias name for the entity class [class com.app.shared.appbasicsetup.aaa.JwtConfig] is being defaulted to: JwtConfig.
[EL Config]: metadata: 2016-09-19 09:45:21.304--ServerSession(1800530428)--Thread(Thread[Test worker,5,main])--The alias name for the entity class [class com.spartan.healthmeter.entity.ZenHealthStatus] is being defaulted to: ZenHealthStatus.
[EL Config]: metadata: 2016-09-19 09:45:21.304--ServerSession(1800530428)--Thread(Thread[Test worker,5,main])--The alias name for the entity class [class com.app.shared.appbasicsetup.userrolemanagement.UserRoleBridge] is being defaulted to: UserRoleBridge.
[EL Config]: metadata: 2016-09-19 09:45:21.305--ServerSession(1800530428)--Thread(Thread[Test worker,5,main])--The alias name for the entity class [class com.app.shared.organization.contactmanagement.PhoneCommunication] is being defaulted to: PhoneCommunication.
[EL Config]: metadata: 2016-09-19 09:45:21.305--ServerSession(1800530428)--Thread(Thread[Test worker,5,main])--The alias name for the entity class [class com.app.shared.appbasicsetup.usermanagement.Question] is being defaulted to: Question.
[EL Config]: metadata: 2016-09-19 09:45:21.306--ServerSession(1800530428)--Thread(Thread[Test worker,5,main])--The alias name for the entity class [class com.app.shared.appbasicsetup.aaa.PublicApi] is being defaulted to: PublicApi.
[EL Config]: metadata: 2016-09-19 09:45:21.307--ServerSession(1800530428)--Thread(Thread[Test worker,5,main])--The alias name for the entity class [class com.app.shared.appinsight.alarms.ArtLogException] is being defaulted to: ArtLogException.
[EL Config]: metadata: 2016-09-19 09:45:21.307--ServerSession(1800530428)--Thread(Thread[Test worker,5,main])--The alias name for the entity class [class com.spartan.healthmeter.entity.ZenRequestDetails] is being defaulted to: ZenRequestDetails.
[EL Config]: metadata: 2016-09-19 09:45:21.308--ServerSession(1800530428)--Thread(Thread[Test worker,5,main])--The alias name for the entity class [class com.spartan.healthmeter.entity.ArtHealthSchedulerConfiguration] is being defaulted to: ArtHealthSchedulerConfiguration.
[EL Config]: metadata: 2016-09-19 09:45:21.309--ServerSession(1800530428)--Thread(Thread[Test worker,5,main])--The alias name for the entity class [class com.athena.shared.dataengine.report.ArtReportUI] is being defaulted to: ArtReportUI.
[EL Config]: metadata: 2016-09-19 09:45:21.31--ServerSession(1800530428)--Thread(Thread[Test worker,5,main])--The alias name for the entity class [class com.spartan.healthmeter.entity.ZenHealthCounter] is being defaulted to: ZenHealthCounter.
[EL Config]: metadata: 2016-09-19 09:45:21.311--ServerSession(1800530428)--Thread(Thread[Test worker,5,main])--The alias name for the entity class [class com.app.shared.organization.contactmanagement.SocialCommunication] is being defaulted to: SocialCommunication.
[EL Config]: metadata: 2016-09-19 09:45:21.311--ServerSession(1800530428)--Thread(Thread[Test worker,5,main])--The alias name for the entity class [class com.app.shared.appbasicsetup.usermanagement.Login] is being defaulted to: Login.
[EL Config]: metadata: 2016-09-19 09:45:21.313--ServerSession(1800530428)--Thread(Thread[Test worker,5,main])--The alias name for the entity class [class com.spartan.healthmeter.entity.ZenHealth] is being defaulted to: ZenHealth.
[EL Config]: metadata: 2016-09-19 09:45:21.315--ServerSession(1800530428)--Thread(Thread[Test worker,5,main])--The alias name for the entity class [class com.spartan.server.session.entity.AppSessionConfig] is being defaulted to: AppSessionConfig.
[EL Config]: metadata: 2016-09-19 09:45:21.315--ServerSession(1800530428)--Thread(Thread[Test worker,5,main])--The alias name for the entity class [class com.app.shared.appbasicsetup.userrolemanagement.AppMenus] is being defaulted to: AppMenus.
[EL Config]: metadata: 2016-09-19 09:45:21.316--ServerSession(1800530428)--Thread(Thread[Test worker,5,main])--The alias name for the entity class [class com.app.shared.appinsight.health.ArtLogEvents] is being defaulted to: ArtLogEvents.
[EL Config]: metadata: 2016-09-19 09:45:21.318--ServerSession(1800530428)--Thread(Thread[Test worker,5,main])--The alias name for the entity class [class com.app.shared.appinsight.alarms.ArtLogConnectorAttributes] is being defaulted to: ArtLogConnectorAttributes.
[EL Config]: metadata: 2016-09-19 09:45:21.318--ServerSession(1800530428)--Thread(Thread[Test worker,5,main])--The alias name for the entity class [class com.app.shared.appbasicsetup.usermanagement.UserAccessLevel] is being defaulted to: UserAccessLevel.
[EL Config]: metadata: 2016-09-19 09:45:21.319--ServerSession(1800530428)--Thread(Thread[Test worker,5,main])--The alias name for the entity class [class com.app.shared.appbasicsetup.usermanagement.UserData] is being defaulted to: UserData.
[EL Config]: metadata: 2016-09-19 09:45:21.32--ServerSession(1800530428)--Thread(Thread[Test worker,5,main])--The alias name for the entity class [class com.app.shared.organization.locationmanagement.AddressType] is being defaulted to: AddressType.
[EL Config]: metadata: 2016-09-19 09:45:21.321--ServerSession(1800530428)--Thread(Thread[Test worker,5,main])--The alias name for the entity class [class com.app.shared.appinsight.health.Emp] is being defaulted to: Emp.
[EL Config]: metadata: 2016-09-19 09:45:21.321--ServerSession(1800530428)--Thread(Thread[Test worker,5,main])--The alias name for the entity class [class com.app.shared.organization.contactmanagement.Title] is being defaulted to: Title.
[EL Config]: metadata: 2016-09-19 09:45:21.322--ServerSession(1800530428)--Thread(Thread[Test worker,5,main])--The alias name for the entity class [class com.athena.shared.dataengine.query.ArtQuery] is being defaulted to: ArtQuery.
[EL Finest]: jpa: 2016-09-19 09:45:21.52--ServerSession(1800530428)--Thread(Thread[Test worker,5,main])--End predeploying Persistence Unit com; session file:/home/applifire/workspace/testproject/build/libs/app-shared-appbasicsetup-aaa-1.0.jar_com; state Predeployed; factoryCount 1
[EL Finest]: properties: 2016-09-19 09:45:21.526--ServerSession(1800530428)--Thread(Thread[Test worker,5,main])--property=eclipselink.deploy-on-startup; value=true
[EL Finest]: jpa: 2016-09-19 09:45:21.526--ServerSession(1800530428)--Thread(Thread[Test worker,5,main])--Begin deploying Persistence Unit com; session file:/home/applifire/workspace/testproject/build/libs/app-shared-appbasicsetup-aaa-1.0.jar_com; state Predeployed; factoryCount 1
[EL Finest]: properties: 2016-09-19 09:45:21.589--ServerSession(1800530428)--Thread(Thread[Test worker,5,main])--property=eclipselink.logging.level; value=FINEST; translated value=FINEST
[EL Finest]: properties: 2016-09-19 09:45:21.589--ServerSession(1800530428)--Thread(Thread[Test worker,5,main])--property=eclipselink.logging.level; value=FINEST; translated value=FINEST
[EL Finest]: properties: 2016-09-19 09:45:21.591--ServerSession(1800530428)--Thread(Thread[Test worker,5,main])--property=eclipselink.connection-pool.default.min; value=6
[EL Finest]: properties: 2016-09-19 09:45:21.592--ServerSession(1800530428)--Thread(Thread[Test worker,5,main])--property=eclipselink.connection-pool.default.initial; value=15
[EL Finest]: properties: 2016-09-19 09:45:21.592--ServerSession(1800530428)--Thread(Thread[Test worker,5,main])--property=eclipselink.connection-pool.default.max; value=10
[EL Finest]: properties: 2016-09-19 09:45:21.592--ServerSession(1800530428)--Thread(Thread[Test worker,5,main])--property=eclipselink.cache.shared.default; value=false; translated value=false
[EL Finest]: properties: 2016-09-19 09:45:21.592--ServerSession(1800530428)--Thread(Thread[Test worker,5,main])--property=eclipselink.jdbc.batch-writing; value=JDBC; translated value=JDBC
[EL Finest]: properties: 2016-09-19 09:45:21.593--ServerSession(1800530428)--Thread(Thread[Test worker,5,main])--property=eclipselink.jdbc.batch-writing.size; value=500
[EL Finest]: properties: 2016-09-19 09:45:21.593--ServerSession(1800530428)--Thread(Thread[Test worker,5,main])--property=eclipselink.jdbc.allow-native-sql-queries; value=true
[EL Finest]: properties: 2016-09-19 09:45:21.593--ServerSession(1800530428)--Thread(Thread[Test worker,5,main])--property=eclipselink.allow-zero-id; value=true
[EL Finest]: properties: 2016-09-19 09:45:21.593--ServerSession(1800530428)--Thread(Thread[Test worker,5,main])--property=eclipselink.session.customizer; value=com.app.config.UUIDGenerator
[EL Info]: 2016-09-19 09:45:21.595--ServerSession(1800530428)--Thread(Thread[Test worker,5,main])--EclipseLink, version: Eclipse Persistence Services - 2.5.1.v20130918-f2b9fc5
[EL Finest]: dbPlatformHelper_regExprDbPlatform: 2016-09-19 09:45:21.884--Thread(Thread[Test worker,5,main])--(?i)oracle.*12 (There is no English translation for this message.)
[EL Finest]: dbPlatformHelper_regExprDbPlatform: 2016-09-19 09:45:21.885--Thread(Thread[Test worker,5,main])--(?i)oracle.*11 (There is no English translation for this message.)
[EL Finest]: dbPlatformHelper_regExprDbPlatform: 2016-09-19 09:45:21.885--Thread(Thread[Test worker,5,main])--(?i)oracle.*10 (There is no English translation for this message.)
[EL Finest]: dbPlatformHelper_regExprDbPlatform: 2016-09-19 09:45:21.885--Thread(Thread[Test worker,5,main])--(?i)oracle.*9 (There is no English translation for this message.)
[EL Finest]: dbPlatformHelper_regExprDbPlatform: 2016-09-19 09:45:21.886--Thread(Thread[Test worker,5,main])--(?i)oracle.* (There is no English translation for this message.)
[EL Finest]: dbPlatformHelper_regExprDbPlatform: 2016-09-19 09:45:21.886--Thread(Thread[Test worker,5,main])--SQL\ Anywhere.* (There is no English translation for this message.)
[EL Finest]: dbPlatformHelper_regExprDbPlatform: 2016-09-19 09:45:21.886--Thread(Thread[Test worker,5,main])--(?i)(sybase.*)|(adaptive\ server\ enterprise.*)|(SQL\ Server.*) (There is no English translation for this message.)
[EL Finest]: dbPlatformHelper_regExprDbPlatform: 2016-09-19 09:45:21.887--Thread(Thread[Test worker,5,main])--(?i)microsoft.* (There is no English translation for this message.)
[EL Finest]: dbPlatformHelper_regExprDbPlatform: 2016-09-19 09:45:21.887--Thread(Thread[Test worker,5,main])--(?i).*derby.* (There is no English translation for this message.)
[EL Finest]: dbPlatformHelper_regExprDbPlatform: 2016-09-19 09:45:21.887--Thread(Thread[Test worker,5,main])--(?i).*db2.* (There is no English translation for this message.)
[EL Finest]: dbPlatformHelper_regExprDbPlatform: 2016-09-19 09:45:21.887--Thread(Thread[Test worker,5,main])--(?i)pointbase.* (There is no English translation for this message.)
[EL Finest]: dbPlatformHelper_regExprDbPlatform: 2016-09-19 09:45:21.888--Thread(Thread[Test worker,5,main])--(?i)mysql.* (There is no English translation for this message.)
[EL Fine]: connection: 2016-09-19 09:45:21.888--Thread(Thread[Test worker,5,main])--Detected database platform: org.eclipse.persistence.platform.database.MySQLPlatform
[EL Config]: connection: 2016-09-19 09:45:21.896--ServerSession(1800530428)--Connection(1390891621)--Thread(Thread[Test worker,5,main])--connecting(DatabaseLogin(
	platform=>MySQLPlatform
	user name=> ""
	connector=>JNDIConnector datasource name=>null
))
[EL Config]: connection: 2016-09-19 09:45:21.898--ServerSession(1800530428)--Connection(801447500)--Thread(Thread[Test worker,5,main])--Connected: jdbc:mysql://localhost-MYSQL:3306/pro3?useUnicode=true&characterEncoding=UTF-8&zeroDateTimeBehavior=convertToNull
	User: pro3@172.17.0.5
	Database: MySQL  Version: 5.7.7-rc
	Driver: MySQL Connector Java  Version: mysql-connector-java-5.1.31 ( Revision: alexander.soklakov@oracle.com-20140520065950-groqzzbvxprqdmnz )
[EL Finest]: connection: 2016-09-19 09:45:21.898--ServerSession(1800530428)--Connection(910698516)--Thread(Thread[Test worker,5,main])--Connection acquired from connection pool [read].
[EL Finest]: connection: 2016-09-19 09:45:21.898--ServerSession(1800530428)--Connection(910698516)--Thread(Thread[Test worker,5,main])--Connection released to connection pool [read].
[EL Config]: connection: 2016-09-19 09:45:21.899--ServerSession(1800530428)--Connection(994006243)--Thread(Thread[Test worker,5,main])--connecting(DatabaseLogin(
	platform=>MySQLPlatform
	user name=> ""
	connector=>JNDIConnector datasource name=>null
))
[EL Config]: connection: 2016-09-19 09:45:21.9--ServerSession(1800530428)--Connection(1298623353)--Thread(Thread[Test worker,5,main])--Connected: jdbc:mysql://localhost-MYSQL:3306/pro3?useUnicode=true&characterEncoding=UTF-8&zeroDateTimeBehavior=convertToNull
	User: pro3@172.17.0.5
	Database: MySQL  Version: 5.7.7-rc
	Driver: MySQL Connector Java  Version: mysql-connector-java-5.1.31 ( Revision: alexander.soklakov@oracle.com-20140520065950-groqzzbvxprqdmnz )
[EL Finest]: sequencing: 2016-09-19 09:45:21.91--ServerSession(1800530428)--Thread(Thread[Test worker,5,main])--sequencing connected, state is NoPreallocation_State
[EL Finest]: sequencing: 2016-09-19 09:45:21.911--ServerSession(1800530428)--Thread(Thread[Test worker,5,main])--sequence UUIDGenerator: preallocation size 50
[EL Finest]: sequencing: 2016-09-19 09:45:21.911--ServerSession(1800530428)--Thread(Thread[Test worker,5,main])--sequence SEQ_GEN_IDENTITY: preallocation size 1
[EL Warning]: metadata: 2016-09-19 09:45:21.915--ServerSession(1800530428)--Thread(Thread[Test worker,5,main])--Reverting the lazy setting on the OneToOne or ManyToOne attribute [userData] for the entity class [class com.app.shared.appbasicsetup.usermanagement.User] since weaving was not enabled or did not occur.
[EL Warning]: metadata: 2016-09-19 09:45:21.919--ServerSession(1800530428)--Thread(Thread[Test worker,5,main])--Reverting the lazy setting on the OneToOne or ManyToOne attribute [user] for the entity class [class com.app.shared.appbasicsetup.usermanagement.PassRecovery] since weaving was not enabled or did not occur.
[EL Warning]: metadata: 2016-09-19 09:45:21.92--ServerSession(1800530428)--Thread(Thread[Test worker,5,main])--Reverting the lazy setting on the OneToOne or ManyToOne attribute [coreContacts] for the entity class [class com.app.shared.appbasicsetup.usermanagement.Login] since weaving was not enabled or did not occur.
[EL Warning]: metadata: 2016-09-19 09:45:21.92--ServerSession(1800530428)--Thread(Thread[Test worker,5,main])--Reverting the lazy setting on the OneToOne or ManyToOne attribute [user] for the entity class [class com.app.shared.appbasicsetup.usermanagement.Login] since weaving was not enabled or did not occur.
[EL Warning]: metadata: 2016-09-19 09:45:21.921--ServerSession(1800530428)--Thread(Thread[Test worker,5,main])--Reverting the lazy setting on the OneToOne or ManyToOne attribute [timezone] for the entity class [class com.app.shared.organization.contactmanagement.CoreContacts] since weaving was not enabled or did not occur.
[EL Warning]: metadata: 2016-09-19 09:45:21.922--ServerSession(1800530428)--Thread(Thread[Test worker,5,main])--Reverting the lazy setting on the OneToOne or ManyToOne attribute [user] for the entity class [class com.app.shared.appbasicsetup.usermanagement.UserData] since weaving was not enabled or did not occur.
[EL Warning]: metadata: 2016-09-19 09:45:21.925--ServerSession(1800530428)--Thread(Thread[Test worker,5,main])--Reverting the lazy setting on the OneToOne or ManyToOne attribute [emp] for the entity class [class com.app.shared.appinsight.health.EmpDEpt] since weaving was not enabled or did not occur.
[EL Info]: connection: 2016-09-19 09:45:22.131--ServerSession(1800530428)--Thread(Thread[Test worker,5,main])--file:/home/applifire/workspace/testproject/build/libs/app-shared-appbasicsetup-aaa-1.0.jar_com login successful
[EL Finer]: metamodel: 2016-09-19 09:45:22.148--ServerSession(1800530428)--Thread(Thread[Test worker,5,main])--Canonical Metamodel class [com.app.shared.appinsight.alarms.ArtLogConfig_] not found during initialization.
[EL Finer]: metamodel: 2016-09-19 09:45:22.148--ServerSession(1800530428)--Thread(Thread[Test worker,5,main])--Canonical Metamodel class [com.app.shared.appbasicsetup.usermanagement.PasswordPolicy_] not found during initialization.
[EL Finer]: metamodel: 2016-09-19 09:45:22.148--ServerSession(1800530428)--Thread(Thread[Test worker,5,main])--Canonical Metamodel class [com.app.shared.organization.contactmanagement.Gender_] not found during initialization.
[EL Finer]: metamodel: 2016-09-19 09:45:22.149--ServerSession(1800530428)--Thread(Thread[Test worker,5,main])--Canonical Metamodel class [com.app.shared.organization.locationmanagement.State_] not found during initialization.
[EL Finer]: metamodel: 2016-09-19 09:45:22.149--ServerSession(1800530428)--Thread(Thread[Test worker,5,main])--Canonical Metamodel class [com.spartan.healthmeter.entity.ArtHealthSchedulerConfiguration_] not found during initialization.
[EL Finer]: metamodel: 2016-09-19 09:45:22.149--ServerSession(1800530428)--Thread(Thread[Test worker,5,main])--Canonical Metamodel class [com.app.shared.EntityAudit_] not found during initialization.
[EL Finer]: metamodel: 2016-09-19 09:45:22.15--ServerSession(1800530428)--Thread(Thread[Test worker,5,main])--Canonical Metamodel class [com.app.shared.organization.contactmanagement.Title_] not found during initialization.
[EL Finer]: metamodel: 2016-09-19 09:45:22.15--ServerSession(1800530428)--Thread(Thread[Test worker,5,main])--Canonical Metamodel class [com.app.shared.appinsight.alarms.ArtDomain_] not found during initialization.
[EL Finer]: metamodel: 2016-09-19 09:45:22.15--ServerSession(1800530428)--Thread(Thread[Test worker,5,main])--Canonical Metamodel class [com.app.shared.appinsight.alarms.ArtLoggingProperties_] not found during initialization.
[EL Finer]: metamodel: 2016-09-19 09:45:22.151--ServerSession(1800530428)--Thread(Thread[Test worker,5,main])--Canonical Metamodel class [com.app.shared.organization.contactmanagement.EmailCategory_] not found during initialization.
[EL Finer]: metamodel: 2016-09-19 09:45:22.151--ServerSession(1800530428)--Thread(Thread[Test worker,5,main])--Canonical Metamodel class [com.athena.shared.dataengine.report.ArtReportUI_] not found during initialization.
[EL Finer]: metamodel: 2016-09-19 09:45:22.151--ServerSession(1800530428)--Thread(Thread[Test worker,5,main])--Canonical Metamodel class [com.app.shared.appinsight.alarms.ArtLogEventAction_] not found during initialization.
[EL Finer]: metamodel: 2016-09-19 09:45:22.151--ServerSession(1800530428)--Thread(Thread[Test worker,5,main])--Canonical Metamodel class [com.app.shared.appbasicsetup.usermanagement.ArtAppNotificationTemplate_] not found during initialization.
[EL Finer]: metamodel: 2016-09-19 09:45:22.152--ServerSession(1800530428)--Thread(Thread[Test worker,5,main])--Canonical Metamodel class [com.app.shared.appbasicsetup.usermanagement.ArtPasswordPolicy_] not found during initialization.
[EL Finer]: metamodel: 2016-09-19 09:45:22.152--ServerSession(1800530428)--Thread(Thread[Test worker,5,main])--Canonical Metamodel class [com.app.shared.appbasicsetup.aaa.ArtUserLastStatus_] not found during initialization.
[EL Finer]: metamodel: 2016-09-19 09:45:22.153--ServerSession(1800530428)--Thread(Thread[Test worker,5,main])--Canonical Metamodel class [com.app.shared.appbasicsetup.usermanagement.User_] not found during initialization.
[EL Finer]: metamodel: 2016-09-19 09:45:22.153--ServerSession(1800530428)--Thread(Thread[Test worker,5,main])--Canonical Metamodel class [com.spartan.healthmeter.entity.ZenHealthCounter_] not found during initialization.
[EL Finer]: metamodel: 2016-09-19 09:45:22.153--ServerSession(1800530428)--Thread(Thread[Test worker,5,main])--Canonical Metamodel class [com.spartan.healthmeter.entity.ZenHealthStatus_] not found during initialization.
[EL Finer]: metamodel: 2016-09-19 09:45:22.153--ServerSession(1800530428)--Thread(Thread[Test worker,5,main])--Canonical Metamodel class [com.spartan.healthmeter.entity.ZenRequestDetails_] not found during initialization.
[EL Finer]: metamodel: 2016-09-19 09:45:22.154--ServerSession(1800530428)--Thread(Thread[Test worker,5,main])--Canonical Metamodel class [com.app.shared.organization.locationmanagement.City_] not found during initialization.
[EL Finer]: metamodel: 2016-09-19 09:45:22.154--ServerSession(1800530428)--Thread(Thread[Test worker,5,main])--Canonical Metamodel class [com.app.shared.appinsight.alarms.ArtLogConnectorAttributes_] not found during initialization.
[EL Finer]: metamodel: 2016-09-19 09:45:22.155--ServerSession(1800530428)--Thread(Thread[Test worker,5,main])--Canonical Metamodel class [com.app.shared.appbasicsetup.usermanagement.ArtPasswordAlgorithm_] not found during initialization.
[EL Finer]: metamodel: 2016-09-19 09:45:22.156--ServerSession(1800530428)--Thread(Thread[Test worker,5,main])--Canonical Metamodel class [com.spartan.healthmeter.entity.ZenHealth_] not found during initialization.
[EL Finer]: metamodel: 2016-09-19 09:45:22.156--ServerSession(1800530428)--Thread(Thread[Test worker,5,main])--Canonical Metamodel class [com.spartan.healthmeter.entity.HealthSchedulerConfiguration_] not found during initialization.
[EL Finer]: metamodel: 2016-09-19 09:45:22.157--ServerSession(1800530428)--Thread(Thread[Test worker,5,main])--Canonical Metamodel class [com.athena.shared.dataengine.query.ArtQuery_] not found during initialization.
[EL Finer]: metamodel: 2016-09-19 09:45:22.157--ServerSession(1800530428)--Thread(Thread[Test worker,5,main])--Canonical Metamodel class [com.app.shared.SystemInfo_] not found during initialization.
[EL Finer]: metamodel: 2016-09-19 09:45:22.157--ServerSession(1800530428)--Thread(Thread[Test worker,5,main])--Canonical Metamodel class [com.app.shared.appbasicsetup.usermanagement.UserAccessLevel_] not found during initialization.
[EL Finer]: metamodel: 2016-09-19 09:45:22.158--ServerSession(1800530428)--Thread(Thread[Test worker,5,main])--Canonical Metamodel class [com.spartan.healthmeter.entity.ArtHealthStatusConfiguration_] not found during initialization.
[EL Finer]: metamodel: 2016-09-19 09:45:22.158--ServerSession(1800530428)--Thread(Thread[Test worker,5,main])--Canonical Metamodel class [com.app.shared.organization.contactmanagement.SocialCommunication_] not found during initialization.
[EL Finer]: metamodel: 2016-09-19 09:45:22.159--ServerSession(1800530428)--Thread(Thread[Test worker,5,main])--Canonical Metamodel class [com.app.shared.appbasicsetup.usermanagement.SMSConfig_] not found during initialization.
[EL Finer]: metamodel: 2016-09-19 09:45:22.159--ServerSession(1800530428)--Thread(Thread[Test worker,5,main])--Canonical Metamodel class [com.app.shared.organization.locationmanagement.Language_] not found during initialization.
[EL Finer]: metamodel: 2016-09-19 09:45:22.16--ServerSession(1800530428)--Thread(Thread[Test worker,5,main])--Canonical Metamodel class [com.app.shared.appbasicsetup.usermanagement.SMSNotification_] not found during initialization.
[EL Finer]: metamodel: 2016-09-19 09:45:22.16--ServerSession(1800530428)--Thread(Thread[Test worker,5,main])--Canonical Metamodel class [com.app.shared.appinsight.alarms.ArtLogArchitectureLayer_] not found during initialization.
[EL Finer]: metamodel: 2016-09-19 09:45:22.16--ServerSession(1800530428)--Thread(Thread[Test worker,5,main])--Canonical Metamodel class [com.app.shared.organization.locationmanagement.Address_] not found during initialization.
[EL Finer]: metamodel: 2016-09-19 09:45:22.161--ServerSession(1800530428)--Thread(Thread[Test worker,5,main])--Canonical Metamodel class [com.app.shared.appbasicsetup.usermanagement.PassRecovery_] not found during initialization.
[EL Finer]: metamodel: 2016-09-19 09:45:22.161--ServerSession(1800530428)--Thread(Thread[Test worker,5,main])--Canonical Metamodel class [com.app.shared.appbasicsetup.usermanagement.Login_] not found during initialization.
[EL Finer]: metamodel: 2016-09-19 09:45:22.161--ServerSession(1800530428)--Thread(Thread[Test worker,5,main])--Canonical Metamodel class [com.app.shared.organization.contactmanagement.EmailCommunication_] not found during initialization.
[EL Finer]: metamodel: 2016-09-19 09:45:22.162--ServerSession(1800530428)--Thread(Thread[Test worker,5,main])--Canonical Metamodel class [com.app.shared.appinsight.alarms.ArtLogStatus_] not found during initialization.
[EL Finer]: metamodel: 2016-09-19 09:45:22.162--ServerSession(1800530428)--Thread(Thread[Test worker,5,main])--Canonical Metamodel class [com.app.shared.appbasicsetup.aaa.JwtConfig_] not found during initialization.
[EL Finer]: metamodel: 2016-09-19 09:45:22.162--ServerSession(1800530428)--Thread(Thread[Test worker,5,main])--Canonical Metamodel class [com.app.shared.appinsight.alarms.ArtLogException_] not found during initialization.
[EL Finer]: metamodel: 2016-09-19 09:45:22.163--ServerSession(1800530428)--Thread(Thread[Test worker,5,main])--Canonical Metamodel class [com.app.shared.organization.contactmanagement.CoreContacts_] not found during initialization.
[EL Finer]: metamodel: 2016-09-19 09:45:22.163--ServerSession(1800530428)--Thread(Thread[Test worker,5,main])--Canonical Metamodel class [com.app.shared.appinsight.alarms.ArtLogConnector_] not found during initialization.
[EL Finer]: metamodel: 2016-09-19 09:45:22.163--ServerSession(1800530428)--Thread(Thread[Test worker,5,main])--Canonical Metamodel class [com.app.shared.appinsight.alarms.ArtBoundedContext_] not found during initialization.
[EL Finer]: metamodel: 2016-09-19 09:45:22.164--ServerSession(1800530428)--Thread(Thread[Test worker,5,main])--Canonical Metamodel class [com.app.shared.organization.locationmanagement.AddressType_] not found during initialization.
[EL Finer]: metamodel: 2016-09-19 09:45:22.164--ServerSession(1800530428)--Thread(Thread[Test worker,5,main])--Canonical Metamodel class [com.app.shared.appinsight.health.Emp_] not found during initialization.
[EL Finer]: metamodel: 2016-09-19 09:45:22.164--ServerSession(1800530428)--Thread(Thread[Test worker,5,main])--Canonical Metamodel class [com.app.shared.appbasicsetup.usermanagement.UserData_] not found during initialization.
[EL Finer]: metamodel: 2016-09-19 09:45:22.165--ServerSession(1800530428)--Thread(Thread[Test worker,5,main])--Canonical Metamodel class [com.app.shared.appinsight.alarms.ArtLogSeverity_] not found during initialization.
[EL Finer]: metamodel: 2016-09-19 09:45:22.165--ServerSession(1800530428)--Thread(Thread[Test worker,5,main])--Canonical Metamodel class [com.app.shared.appbasicsetup.usermanagement.SessionData_] not found during initialization.
[EL Finer]: metamodel: 2016-09-19 09:45:22.166--ServerSession(1800530428)--Thread(Thread[Test worker,5,main])--Canonical Metamodel class [com.app.shared.appbasicsetup.userrolemanagement.Roles_] not found during initialization.
[EL Finer]: metamodel: 2016-09-19 09:45:22.166--ServerSession(1800530428)--Thread(Thread[Test worker,5,main])--Canonical Metamodel class [com.spartan.server.session.entity.AppSessionConfig_] not found during initialization.
[EL Finer]: metamodel: 2016-09-19 09:45:22.166--ServerSession(1800530428)--Thread(Thread[Test worker,5,main])--Canonical Metamodel class [com.app.shared.appbasicsetup.userrolemanagement.UserRoleBridge_] not found during initialization.
[EL Finer]: metamodel: 2016-09-19 09:45:22.167--ServerSession(1800530428)--Thread(Thread[Test worker,5,main])--Canonical Metamodel class [com.app.shared.appbasicsetup.usermanagement.PasswordAlgo_] not found during initialization.
[EL Finer]: metamodel: 2016-09-19 09:45:22.167--ServerSession(1800530428)--Thread(Thread[Test worker,5,main])--Canonical Metamodel class [com.spartan.healthmeter.shared.SystemInfo_] not found during initialization.
[EL Finer]: metamodel: 2016-09-19 09:45:22.168--ServerSession(1800530428)--Thread(Thread[Test worker,5,main])--Canonical Metamodel class [com.spartan.healthmeter.shared.EntityAudit_] not found during initialization.
[EL Finer]: metamodel: 2016-09-19 09:45:22.168--ServerSession(1800530428)--Thread(Thread[Test worker,5,main])--Canonical Metamodel class [com.app.shared.appbasicsetup.usermanagement.ArtDocumentTemplate_] not found during initialization.
[EL Finer]: metamodel: 2016-09-19 09:45:22.168--ServerSession(1800530428)--Thread(Thread[Test worker,5,main])--Canonical Metamodel class [com.app.shared.appinsight.health.ArtLogEvents_] not found during initialization.
[EL Finer]: metamodel: 2016-09-19 09:45:22.169--ServerSession(1800530428)--Thread(Thread[Test worker,5,main])--Canonical Metamodel class [com.app.shared.organization.contactmanagement.PhoneCategory_] not found during initialization.
[EL Finer]: metamodel: 2016-09-19 09:45:22.169--ServerSession(1800530428)--Thread(Thread[Test worker,5,main])--Canonical Metamodel class [com.app.shared.organization.contactmanagement.SocialCategory_] not found during initialization.
[EL Finer]: metamodel: 2016-09-19 09:45:22.169--ServerSession(1800530428)--Thread(Thread[Test worker,5,main])--Canonical Metamodel class [com.app.shared.organization.contactmanagement.ContactType_] not found during initialization.
[EL Finer]: metamodel: 2016-09-19 09:45:22.17--ServerSession(1800530428)--Thread(Thread[Test worker,5,main])--Canonical Metamodel class [com.app.shared.appbasicsetup.usermanagement.Question_] not found during initialization.
[EL Finer]: metamodel: 2016-09-19 09:45:22.17--ServerSession(1800530428)--Thread(Thread[Test worker,5,main])--Canonical Metamodel class [com.spartan.healthmeter.entity.ZenHealthGauge_] not found during initialization.
[EL Finer]: metamodel: 2016-09-19 09:45:22.17--ServerSession(1800530428)--Thread(Thread[Test worker,5,main])--Canonical Metamodel class [com.app.shared.appbasicsetup.userrolemanagement.RoleMenuBridge_] not found during initialization.
[EL Finer]: metamodel: 2016-09-19 09:45:22.171--ServerSession(1800530428)--Thread(Thread[Test worker,5,main])--Canonical Metamodel class [com.app.shared.organization.contactmanagement.PhoneCommunication_] not found during initialization.
[EL Finer]: metamodel: 2016-09-19 09:45:22.171--ServerSession(1800530428)--Thread(Thread[Test worker,5,main])--Canonical Metamodel class [com.app.shared.appbasicsetup.usermanagement.UserAccessDomain_] not found during initialization.
[EL Finer]: metamodel: 2016-09-19 09:45:22.171--ServerSession(1800530428)--Thread(Thread[Test worker,5,main])--Canonical Metamodel class [com.app.shared.appbasicsetup.aaa.PublicApi_] not found during initialization.
[EL Finer]: metamodel: 2016-09-19 09:45:22.172--ServerSession(1800530428)--Thread(Thread[Test worker,5,main])--Canonical Metamodel class [com.app.shared.appbasicsetup.usermanagement.LoginSession_] not found during initialization.
[EL Finer]: metamodel: 2016-09-19 09:45:22.172--ServerSession(1800530428)--Thread(Thread[Test worker,5,main])--Canonical Metamodel class [com.app.shared.organization.locationmanagement.Timezone_] not found during initialization.
[EL Finer]: metamodel: 2016-09-19 09:45:22.173--ServerSession(1800530428)--Thread(Thread[Test worker,5,main])--Canonical Metamodel class [com.app.shared.organization.locationmanagement.Country_] not found during initialization.
[EL Finer]: metamodel: 2016-09-19 09:45:22.173--ServerSession(1800530428)--Thread(Thread[Test worker,5,main])--Canonical Metamodel class [com.app.shared.appinsight.health.EmpDEpt_] not found during initialization.
[EL Finer]: metamodel: 2016-09-19 09:45:22.174--ServerSession(1800530428)--Thread(Thread[Test worker,5,main])--Canonical Metamodel class [com.app.shared.appbasicsetup.userrolemanagement.AppMenus_] not found during initialization.
[EL Finer]: metamodel: 2016-09-19 09:45:22.174--ServerSession(1800530428)--Thread(Thread[Test worker,5,main])--Canonical Metamodel class [com.app.shared.appinsight.alarms.ArtLogAlarm_] not found during initialization.
[EL Finer]: metamodel: 2016-09-19 09:45:22.175--ServerSession(1800530428)--Thread(Thread[Test worker,5,main])--Canonical Metamodel class [com.spartan.healthmeter.entity.ZenSchedulerHealth_] not found during initialization.
[EL Finer]: metamodel: 2016-09-19 09:45:22.175--ServerSession(1800530428)--Thread(Thread[Test worker,5,main])--Canonical Metamodel class [com.athena.shared.pluggable.entity.ArtEntity_] not found during initialization.
[EL Finer]: metamodel: 2016-09-19 09:45:22.175--ServerSession(1800530428)--Thread(Thread[Test worker,5,main])--Canonical Metamodel class [com.athena.shared.pluggable.entity.AuditPropertiesEntity_] not found during initialization.
[EL Finest]: jpa: 2016-09-19 09:45:22.176--ServerSession(1800530428)--Thread(Thread[Test worker,5,main])--End deploying Persistence Unit com; session file:/home/applifire/workspace/testproject/build/libs/app-shared-appbasicsetup-aaa-1.0.jar_com; state Deployed; factoryCount 1
[EL Finer]: connection: 2016-09-19 09:45:28.318--ServerSession(1800530428)--Thread(Thread[Test worker,5,main])--client acquired: 654225182
[EL Finer]: transaction: 2016-09-19 09:45:28.325--ClientSession(654225182)--Thread(Thread[Test worker,5,main])--acquire unit of work: 1888103577
[EL Finest]: connection: 2016-09-19 09:45:28.325--ServerSession(1800530428)--Connection(2138450567)--Thread(Thread[Test worker,5,main])--Connection acquired from connection pool [default].
[EL Finer]: transaction: 2016-09-19 09:45:28.325--ClientSession(654225182)--Connection(2138450567)--Thread(Thread[Test worker,5,main])--begin transaction
[EL Finest]: connection: 2016-09-19 09:45:28.325--ClientSession(654225182)--Thread(Thread[Test worker,5,main])--reconnecting to external connection pool
[EL Finer]: transaction: 2016-09-19 09:45:28.337--UnitOfWork(1888103577)--Thread(Thread[Test worker,5,main])--begin unit of work flush
[EL Finer]: transaction: 2016-09-19 09:45:28.337--UnitOfWork(1888103577)--Thread(Thread[Test worker,5,main])--end unit of work flush
[EL Finest]: query: 2016-09-19 09:45:28.337--UnitOfWork(1888103577)--Thread(Thread[Test worker,5,main])--Execute query ReadAllQuery(referenceClass=ArtQuery sql="SELECT query_id, active_status, app_creator_id, created_by, created_date, hidden_name, jpql_query, name, project_id, project_version_id, query_json, query_type, sql_query, updated_by, updated_date, user_access, version_id FROM art_query WHERE (active_status = ?)")
[EL Fine]: sql: 2016-09-19 09:45:28.339--ClientSession(654225182)--Connection(1105208387)--Thread(Thread[Test worker,5,main])--SELECT query_id, active_status, app_creator_id, created_by, created_date, hidden_name, jpql_query, name, project_id, project_version_id, query_json, query_type, sql_query, updated_by, updated_date, user_access, version_id FROM art_query WHERE (active_status = ?)
	bind => [true]
Repository handle
[EL Finer]: transaction: 2016-09-19 09:45:28.354--UnitOfWork(1888103577)--Thread(Thread[Test worker,5,main])--begin unit of work commit
[EL Finer]: transaction: 2016-09-19 09:45:28.357--ClientSession(654225182)--Connection(1105208387)--Thread(Thread[Test worker,5,main])--commit transaction
[EL Finest]: connection: 2016-09-19 09:45:28.358--ServerSession(1800530428)--Connection(2138450567)--Thread(Thread[Test worker,5,main])--Connection released to connection pool [default].
[EL Finer]: transaction: 2016-09-19 09:45:28.358--UnitOfWork(1888103577)--Thread(Thread[Test worker,5,main])--end unit of work commit
[EL Finer]: transaction: 2016-09-19 09:45:28.358--UnitOfWork(1888103577)--Thread(Thread[Test worker,5,main])--resume unit of work
[EL Finer]: transaction: 2016-09-19 09:45:28.358--UnitOfWork(1888103577)--Thread(Thread[Test worker,5,main])--release unit of work
[EL Finer]: connection: 2016-09-19 09:45:28.358--ClientSession(654225182)--Thread(Thread[Test worker,5,main])--client released
[EL Finer]: connection: 2016-09-19 09:45:28.359--ServerSession(1800530428)--Thread(Thread[Test worker,5,main])--client acquired: 593488656
[EL Finer]: transaction: 2016-09-19 09:45:28.359--ClientSession(593488656)--Thread(Thread[Test worker,5,main])--acquire unit of work: 1849784724
[EL Finest]: connection: 2016-09-19 09:45:28.359--ServerSession(1800530428)--Connection(211098649)--Thread(Thread[Test worker,5,main])--Connection acquired from connection pool [default].
[EL Finer]: transaction: 2016-09-19 09:45:28.359--ClientSession(593488656)--Connection(211098649)--Thread(Thread[Test worker,5,main])--begin transaction
[EL Finest]: connection: 2016-09-19 09:45:28.359--ClientSession(593488656)--Thread(Thread[Test worker,5,main])--reconnecting to external connection pool
[EL Finest]: transaction: 2016-09-19 09:45:28.365--UnitOfWork(1849784724)--Thread(Thread[Test worker,5,main])--Merge clone with references AwsQuery [queryId=0BFB8193-DABA-41C2-B648-821C996A88B0, jpqlQuery=select e from SessionData e where e.systemInfo.activeStatus=1 and e.appSessionId=:appSessionId, queryType=1, name=findByAppSessionId, hiddenName=FINDBYAPPSESSIONID]
[EL Finest]: query: 2016-09-19 09:45:28.366--UnitOfWork(1849784724)--Thread(Thread[Test worker,5,main])--Execute query ReadObjectQuery(referenceClass=ArtQuery )
[EL Fine]: sql: 2016-09-19 09:45:28.367--ClientSession(593488656)--Connection(1804538872)--Thread(Thread[Test worker,5,main])--SELECT query_id, active_status, app_creator_id, created_by, created_date, hidden_name, jpql_query, name, project_id, project_version_id, query_json, query_type, sql_query, updated_by, updated_date, user_access, version_id FROM art_query WHERE (query_id = ?)
	bind => [0BFB8193-DABA-41C2-B648-821C996A88B0]
[EL Finer]: transaction: 2016-09-19 09:45:28.37--UnitOfWork(1849784724)--Thread(Thread[Test worker,5,main])--begin unit of work commit
[EL Finest]: query: 2016-09-19 09:45:28.371--UnitOfWork(1849784724)--Thread(Thread[Test worker,5,main])--Execute query UpdateObjectQuery(AwsQuery [queryId=0BFB8193-DABA-41C2-B648-821C996A88B0, jpqlQuery=select e from SessionData e where e.systemInfo.activeStatus=1 and e.appSessionId=:appSessionId, queryType=1, name=findByAppSessionId, hiddenName=FINDBYAPPSESSIONID])
[EL Fine]: sql: 2016-09-19 09:45:28.372--ClientSession(593488656)--Connection(1804538872)--Thread(Thread[Test worker,5,main])--UPDATE art_query SET sql_query = ? WHERE (query_id = ?)
	bind => [SELECT dataId, appSessionId, booleanValue, customerId, dataType, dateTimeValue, jsonValue, numberValue, sessionKey, stringValue, userId, versionId, createdBy, createdDate, updatedBy, updatedDate, activeStatus, txnAccessCode FROM ast_SessionData_T WHERE ((activeStatus = ?) AND (appSessionId = ?)), 0BFB8193-DABA-41C2-B648-821C996A88B0]
[EL Finer]: transaction: 2016-09-19 09:45:28.402--ClientSession(593488656)--Connection(1804538872)--Thread(Thread[Test worker,5,main])--commit transaction
[EL Finest]: connection: 2016-09-19 09:45:28.464--ServerSession(1800530428)--Connection(211098649)--Thread(Thread[Test worker,5,main])--Connection released to connection pool [default].
[EL Finer]: transaction: 2016-09-19 09:45:28.465--UnitOfWork(1849784724)--Thread(Thread[Test worker,5,main])--end unit of work commit
[EL Finer]: transaction: 2016-09-19 09:45:28.465--UnitOfWork(1849784724)--Thread(Thread[Test worker,5,main])--resume unit of work
[EL Finer]: transaction: 2016-09-19 09:45:28.465--UnitOfWork(1849784724)--Thread(Thread[Test worker,5,main])--release unit of work
[EL Finer]: connection: 2016-09-19 09:45:28.465--ClientSession(593488656)--Thread(Thread[Test worker,5,main])--client released
[EL Finer]: connection: 2016-09-19 09:45:28.466--ServerSession(1800530428)--Thread(Thread[Test worker,5,main])--client acquired: 230799640
[EL Finer]: transaction: 2016-09-19 09:45:28.466--ClientSession(230799640)--Thread(Thread[Test worker,5,main])--acquire unit of work: 694082998
[EL Finest]: connection: 2016-09-19 09:45:28.466--ServerSession(1800530428)--Connection(321776882)--Thread(Thread[Test worker,5,main])--Connection acquired from connection pool [default].
[EL Finer]: transaction: 2016-09-19 09:45:28.466--ClientSession(230799640)--Connection(321776882)--Thread(Thread[Test worker,5,main])--begin transaction
[EL Finest]: connection: 2016-09-19 09:45:28.466--ClientSession(230799640)--Thread(Thread[Test worker,5,main])--reconnecting to external connection pool
[EL Finest]: transaction: 2016-09-19 09:45:28.483--UnitOfWork(694082998)--Thread(Thread[Test worker,5,main])--Merge clone with references AwsQuery [queryId=0D3C3829-C373-4F4A-8D4A-589E1FEF05C5, jpqlQuery=SELECT CONCAT(login.coreContacts.firstName, ' : ', abcRequestDetails.ipAddress, ' : ', abcRequestDetails.requestId, ' : ', abcRequestDetails.appSessionId) AS login_corecontacts_firstname, abcRequestDetails.requestId, abcRequestDetails.className, abcRequestDetails.requestTime, abcRequestDetails.requestMethod, abcRequestDetails.httpStatus, abcRequestDetails.returnStatus, abcRequestDetails.executionTime, abcRequestDetails.methodName, abcRequestDetails.startTime, abcRequestDetails.endTime, abcRequestDetails.typeofClass, abcRequestDetails.callSeqId, abcRequestDetails.exceptionId, abcRequestDetails.userId, abcRequestDetails.appSessionId FROM ZenRequestDetails AS abcRequestDetails LEFT OUTER JOIN Login AS login WHERE login.user.userId = abcRequestDetails.userId AND abcRequestDetails.requestTime >= :requestTime AND abcRequestDetails.requestTime <= :updatedDate ORDER BY abcRequestDetails.requestTime DESC, abcRequestDetails.requestId, abcRequestDetails.callSeqId ASC , queryType=2, name=Request Details, hiddenName=REQUEST DETAILS]
[EL Finest]: query: 2016-09-19 09:45:28.483--UnitOfWork(694082998)--Thread(Thread[Test worker,5,main])--Execute query ReadObjectQuery(referenceClass=ArtQuery )
[EL Fine]: sql: 2016-09-19 09:45:28.484--ClientSession(230799640)--Connection(1274234884)--Thread(Thread[Test worker,5,main])--SELECT query_id, active_status, app_creator_id, created_by, created_date, hidden_name, jpql_query, name, project_id, project_version_id, query_json, query_type, sql_query, updated_by, updated_date, user_access, version_id FROM art_query WHERE (query_id = ?)
	bind => [0D3C3829-C373-4F4A-8D4A-589E1FEF05C5]
[EL Finer]: transaction: 2016-09-19 09:45:28.486--UnitOfWork(694082998)--Thread(Thread[Test worker,5,main])--begin unit of work commit
[EL Finest]: query: 2016-09-19 09:45:28.486--UnitOfWork(694082998)--Thread(Thread[Test worker,5,main])--Execute query UpdateObjectQuery(AwsQuery [queryId=0D3C3829-C373-4F4A-8D4A-589E1FEF05C5, jpqlQuery=SELECT CONCAT(login.coreContacts.firstName, ' : ', abcRequestDetails.ipAddress, ' : ', abcRequestDetails.requestId, ' : ', abcRequestDetails.appSessionId) AS login_corecontacts_firstname, abcRequestDetails.requestId, abcRequestDetails.className, abcRequestDetails.requestTime, abcRequestDetails.requestMethod, abcRequestDetails.httpStatus, abcRequestDetails.returnStatus, abcRequestDetails.executionTime, abcRequestDetails.methodName, abcRequestDetails.startTime, abcRequestDetails.endTime, abcRequestDetails.typeofClass, abcRequestDetails.callSeqId, abcRequestDetails.exceptionId, abcRequestDetails.userId, abcRequestDetails.appSessionId FROM ZenRequestDetails AS abcRequestDetails LEFT OUTER JOIN Login AS login WHERE login.user.userId = abcRequestDetails.userId AND abcRequestDetails.requestTime >= :requestTime AND abcRequestDetails.requestTime <= :updatedDate ORDER BY abcRequestDetails.requestTime DESC, abcRequestDetails.requestId, abcRequestDetails.callSeqId ASC , queryType=2, name=Request Details, hiddenName=REQUEST DETAILS])
[EL Fine]: sql: 2016-09-19 09:45:28.487--ClientSession(230799640)--Connection(1274234884)--Thread(Thread[Test worker,5,main])--UPDATE art_query SET sql_query = ? WHERE (query_id = ?)
	bind => [SELECT CONCAT(CONCAT(CONCAT(CONCAT(CONCAT(CONCAT(t0.firstName, ?), t2.ipAddress), ?), t2.requestId), ?), t2.appSessionId), t2.requestId, t2.className, t2.requestTime, t2.requestMethod, t2.httpStatus, t2.returnStatus, t2.executionTime, t2.methodName, t2.startTime, t2.endTime, t2.typeofClass, t2.callSeqId, t2.exceptionId, t2.userId, t2.appSessionId FROM ast_User_T t3, zen_request_details t2, ast_Login_T t1, ast_CoreContacts_T t0 WHERE ((((t3.userId = t2.userId) AND (t2.requestTime >= ?)) AND (t2.requestTime <= ?)) AND ((t3.userId = t1.userId) AND (t0.contactId = t1.contactId))) ORDER BY t2.requestTime DESC, t2.requestId, t2.callSeqId ASC, 0D3C3829-C373-4F4A-8D4A-589E1FEF05C5]
[EL Finer]: transaction: 2016-09-19 09:45:28.489--ClientSession(230799640)--Connection(1274234884)--Thread(Thread[Test worker,5,main])--commit transaction
[EL Finest]: connection: 2016-09-19 09:45:28.539--ServerSession(1800530428)--Connection(321776882)--Thread(Thread[Test worker,5,main])--Connection released to connection pool [default].
[EL Finer]: transaction: 2016-09-19 09:45:28.539--UnitOfWork(694082998)--Thread(Thread[Test worker,5,main])--end unit of work commit
[EL Finer]: transaction: 2016-09-19 09:45:28.539--UnitOfWork(694082998)--Thread(Thread[Test worker,5,main])--resume unit of work
[EL Finer]: transaction: 2016-09-19 09:45:28.54--UnitOfWork(694082998)--Thread(Thread[Test worker,5,main])--release unit of work
[EL Finer]: connection: 2016-09-19 09:45:28.54--ClientSession(230799640)--Thread(Thread[Test worker,5,main])--client released
[EL Finer]: connection: 2016-09-19 09:45:28.541--ServerSession(1800530428)--Thread(Thread[Test worker,5,main])--client acquired: 1917343060
[EL Finer]: transaction: 2016-09-19 09:45:28.541--ClientSession(1917343060)--Thread(Thread[Test worker,5,main])--acquire unit of work: 1792686185
[EL Finest]: connection: 2016-09-19 09:45:28.541--ServerSession(1800530428)--Connection(481143885)--Thread(Thread[Test worker,5,main])--Connection acquired from connection pool [default].
[EL Finer]: transaction: 2016-09-19 09:45:28.542--ClientSession(1917343060)--Connection(481143885)--Thread(Thread[Test worker,5,main])--begin transaction
[EL Finest]: connection: 2016-09-19 09:45:28.542--ClientSession(1917343060)--Thread(Thread[Test worker,5,main])--reconnecting to external connection pool
[EL Finest]: transaction: 2016-09-19 09:45:28.546--UnitOfWork(1792686185)--Thread(Thread[Test worker,5,main])--Merge clone with references AwsQuery [queryId=2B5A2EEB-03E3-4CEE-9D29-C81F8AC6B1BB, jpqlQuery=SELECT u FROM Login u WHERE u.systemInfo.activeStatus=1 AND u.user.userId IN (SELECT ub.userId FROM UserRoleBridge ub), queryType=1, name=findMappedUser, hiddenName=FINDMAPPEDUSER]
[EL Finest]: query: 2016-09-19 09:45:28.547--UnitOfWork(1792686185)--Thread(Thread[Test worker,5,main])--Execute query ReadObjectQuery(referenceClass=ArtQuery )
[EL Fine]: sql: 2016-09-19 09:45:28.547--ClientSession(1917343060)--Connection(1683144009)--Thread(Thread[Test worker,5,main])--SELECT query_id, active_status, app_creator_id, created_by, created_date, hidden_name, jpql_query, name, project_id, project_version_id, query_json, query_type, sql_query, updated_by, updated_date, user_access, version_id FROM art_query WHERE (query_id = ?)
	bind => [2B5A2EEB-03E3-4CEE-9D29-C81F8AC6B1BB]
[EL Finer]: transaction: 2016-09-19 09:45:28.55--UnitOfWork(1792686185)--Thread(Thread[Test worker,5,main])--begin unit of work commit
[EL Finest]: query: 2016-09-19 09:45:28.55--UnitOfWork(1792686185)--Thread(Thread[Test worker,5,main])--Execute query UpdateObjectQuery(AwsQuery [queryId=2B5A2EEB-03E3-4CEE-9D29-C81F8AC6B1BB, jpqlQuery=SELECT u FROM Login u WHERE u.systemInfo.activeStatus=1 AND u.user.userId IN (SELECT ub.userId FROM UserRoleBridge ub), queryType=1, name=findMappedUser, hiddenName=FINDMAPPEDUSER])
[EL Fine]: sql: 2016-09-19 09:45:28.551--ClientSession(1917343060)--Connection(1683144009)--Thread(Thread[Test worker,5,main])--UPDATE art_query SET sql_query = ? WHERE (query_id = ?)
	bind => [SELECT t0.loginPk, t0.failedLoginAttempts, t0.loginId, t0.serverAuthImage, t0.serverAuthText, t0.versionId, t0.createdBy, t0.createdDate, t0.updatedBy, t0.updatedDate, t0.activeStatus, t0.txnAccessCode, t0.contactId, t0.userId FROM ast_Login_T t0, ast_User_T t1 WHERE (((t0.activeStatus = ?) AND t1.userId IN (SELECT t2.userId FROM ast_UserRoleBridge_T t2)) AND (t1.userId = t0.userId)), 2B5A2EEB-03E3-4CEE-9D29-C81F8AC6B1BB]
[EL Finer]: transaction: 2016-09-19 09:45:28.553--ClientSession(1917343060)--Connection(1683144009)--Thread(Thread[Test worker,5,main])--commit transaction
[EL Finest]: connection: 2016-09-19 09:45:28.655--ServerSession(1800530428)--Connection(481143885)--Thread(Thread[Test worker,5,main])--Connection released to connection pool [default].
[EL Finer]: transaction: 2016-09-19 09:45:28.656--UnitOfWork(1792686185)--Thread(Thread[Test worker,5,main])--end unit of work commit
[EL Finer]: transaction: 2016-09-19 09:45:28.656--UnitOfWork(1792686185)--Thread(Thread[Test worker,5,main])--resume unit of work
[EL Finer]: transaction: 2016-09-19 09:45:28.656--UnitOfWork(1792686185)--Thread(Thread[Test worker,5,main])--release unit of work
[EL Finer]: connection: 2016-09-19 09:45:28.657--ClientSession(1917343060)--Thread(Thread[Test worker,5,main])--client released
[EL Finer]: connection: 2016-09-19 09:45:28.657--ServerSession(1800530428)--Thread(Thread[Test worker,5,main])--client acquired: 1759060582
[EL Finer]: transaction: 2016-09-19 09:45:28.657--ClientSession(1759060582)--Thread(Thread[Test worker,5,main])--acquire unit of work: 123833425
[EL Finest]: connection: 2016-09-19 09:45:28.658--ServerSession(1800530428)--Connection(356720032)--Thread(Thread[Test worker,5,main])--Connection acquired from connection pool [default].
[EL Finer]: transaction: 2016-09-19 09:45:28.658--ClientSession(1759060582)--Connection(356720032)--Thread(Thread[Test worker,5,main])--begin transaction
[EL Finest]: connection: 2016-09-19 09:45:28.658--ClientSession(1759060582)--Thread(Thread[Test worker,5,main])--reconnecting to external connection pool
[EL Finest]: transaction: 2016-09-19 09:45:28.677--UnitOfWork(123833425)--Thread(Thread[Test worker,5,main])--Merge clone with references AwsQuery [queryId=2F11EDA1-6B45-49BD-9751-D9154289FBA7, jpqlQuery=SELECT zenHealth.monitorId,zenHealth.scheduledDateTime,zenHealth.serverInstanceId,zenHealth.serverIpAddress,zenHealth.totalClass,zenHealth.classLoaded, zenHealth.classUnloaded,zenHealth.gcCollectionTime,zenHealth.gcMemoryName, ((zenHealth.nonHeapCommitted/1024)/1024) AS nonHeapCommitted, (zenHealth.nonHeapUsed/1024)/1024 AS nonHeapUsed, (zenHealth.heapCommitted/1024)/1024 AS heapCommitted, (zenHealth.maxMemory/1024)/1024 AS maxMemory , 100 - ((zenHealth.usedMemory/zenHealth.totalMemory) * 100) AS freeMemory, (zenHealth.heapUsed/1024)/1024 AS heapUsed, (zenHealth.totalMemory/1024)/1024 AS totalMemory, zenHealth.startTime, zenHealth.upTime,zenHealth.cpuTime, (zenHealth.freePhysicalSize/1024)/1024 AS freePhysicalSize, (zenHealth.totalPhysicalMemorySize/1024)/1024 AS totalPhysicalMemorySize, zenHealth.cpuLoadTime, FUNCTION('ROUND',(zenHealth.freeSwapSize/1024)/1024) AS freeSwapSize, zenHealth.systemLoadAverage, FUNCTION('ROUND',(zenHealth.totalSwapSize/1024)/1024) AS totalSwapSize, zenHealth.availableProcessor,zenHealth.totalThread, zenHealth.threadPeakCount,zenHealth.threadStartedCount,zenHealth.threadDaemonCount,zenHealth.threadCpuTime, zenHealth.threadUserTime,zenHealth.cpuLoad, (zenHealth.usedMemory/zenHealth.totalMemory) * 100 AS usedMemory, (zenHealth.usedSwapSize/1024)/1024 AS usedSwapSize, (zenHealth.usedPhysicalMemory /1024)/1024 AS usedPhysicalMemory FROM ZenHealth AS zenHealth ORDER BY zenHealth.scheduledDateTime DESC, queryType=2, name=App Server Memory Usage, hiddenName=APP SERVER MEMORY USAGE]
[EL Finest]: query: 2016-09-19 09:45:28.677--UnitOfWork(123833425)--Thread(Thread[Test worker,5,main])--Execute query ReadObjectQuery(referenceClass=ArtQuery )
[EL Fine]: sql: 2016-09-19 09:45:28.677--ClientSession(1759060582)--Connection(1396299778)--Thread(Thread[Test worker,5,main])--SELECT query_id, active_status, app_creator_id, created_by, created_date, hidden_name, jpql_query, name, project_id, project_version_id, query_json, query_type, sql_query, updated_by, updated_date, user_access, version_id FROM art_query WHERE (query_id = ?)
	bind => [2F11EDA1-6B45-49BD-9751-D9154289FBA7]
[EL Finer]: transaction: 2016-09-19 09:45:28.68--UnitOfWork(123833425)--Thread(Thread[Test worker,5,main])--begin unit of work commit
[EL Finest]: query: 2016-09-19 09:45:28.681--UnitOfWork(123833425)--Thread(Thread[Test worker,5,main])--Execute query UpdateObjectQuery(AwsQuery [queryId=2F11EDA1-6B45-49BD-9751-D9154289FBA7, jpqlQuery=SELECT zenHealth.monitorId,zenHealth.scheduledDateTime,zenHealth.serverInstanceId,zenHealth.serverIpAddress,zenHealth.totalClass,zenHealth.classLoaded, zenHealth.classUnloaded,zenHealth.gcCollectionTime,zenHealth.gcMemoryName, ((zenHealth.nonHeapCommitted/1024)/1024) AS nonHeapCommitted, (zenHealth.nonHeapUsed/1024)/1024 AS nonHeapUsed, (zenHealth.heapCommitted/1024)/1024 AS heapCommitted, (zenHealth.maxMemory/1024)/1024 AS maxMemory , 100 - ((zenHealth.usedMemory/zenHealth.totalMemory) * 100) AS freeMemory, (zenHealth.heapUsed/1024)/1024 AS heapUsed, (zenHealth.totalMemory/1024)/1024 AS totalMemory, zenHealth.startTime, zenHealth.upTime,zenHealth.cpuTime, (zenHealth.freePhysicalSize/1024)/1024 AS freePhysicalSize, (zenHealth.totalPhysicalMemorySize/1024)/1024 AS totalPhysicalMemorySize, zenHealth.cpuLoadTime, FUNCTION('ROUND',(zenHealth.freeSwapSize/1024)/1024) AS freeSwapSize, zenHealth.systemLoadAverage, FUNCTION('ROUND',(zenHealth.totalSwapSize/1024)/1024) AS totalSwapSize, zenHealth.availableProcessor,zenHealth.totalThread, zenHealth.threadPeakCount,zenHealth.threadStartedCount,zenHealth.threadDaemonCount,zenHealth.threadCpuTime, zenHealth.threadUserTime,zenHealth.cpuLoad, (zenHealth.usedMemory/zenHealth.totalMemory) * 100 AS usedMemory, (zenHealth.usedSwapSize/1024)/1024 AS usedSwapSize, (zenHealth.usedPhysicalMemory /1024)/1024 AS usedPhysicalMemory FROM ZenHealth AS zenHealth ORDER BY zenHealth.scheduledDateTime DESC, queryType=2, name=App Server Memory Usage, hiddenName=APP SERVER MEMORY USAGE])
[EL Fine]: sql: 2016-09-19 09:45:28.681--ClientSession(1759060582)--Connection(1396299778)--Thread(Thread[Test worker,5,main])--UPDATE art_query SET sql_query = ? WHERE (query_id = ?)
	bind => [SELECT monitorId, scheduledDateTime, serverInstanceId, serverIpAddress, totalClass, classLoaded, classUnloaded, gcCollectionTime, gcMemoryName, ((nonHeapCommitted / ?) / ?), ((nonHeapUsed / ?) / ?), ((heapCommitted / ?) / ?), ((maxMemory / ?) / ?), (? - ((usedMemory / totalMemory) * ?)), ((heapUsed / ?) / ?), ((totalMemory / ?) / ?), startTime, upTime, cpuTime, ((freePhysicalSize / ?) / ?), ((totalPhysicalMemorySize / ?) / ?), cpuLoadTime, ROUND(((freeSwapSize / ?) / ?)), systemLoadAverage, ROUND(((totalSwapSize / ?) / ?)), availableProcessor, totalThread, threadPeakCount, threadStartedCount, threadDaemonCount, threadCpuTime, threadUserTime, cpuLoad, ((usedMemory / totalMemory) * ?), ((usedSwapSize / ?) / ?), ((usedPhysicalMemory / ?) / ?) FROM zen_health ORDER BY scheduledDateTime DESC, 2F11EDA1-6B45-49BD-9751-D9154289FBA7]
[EL Finer]: transaction: 2016-09-19 09:45:28.683--ClientSession(1759060582)--Connection(1396299778)--Thread(Thread[Test worker,5,main])--commit transaction
[EL Finest]: connection: 2016-09-19 09:45:28.78--ServerSession(1800530428)--Connection(356720032)--Thread(Thread[Test worker,5,main])--Connection released to connection pool [default].
[EL Finer]: transaction: 2016-09-19 09:45:28.78--UnitOfWork(123833425)--Thread(Thread[Test worker,5,main])--end unit of work commit
[EL Finer]: transaction: 2016-09-19 09:45:28.78--UnitOfWork(123833425)--Thread(Thread[Test worker,5,main])--resume unit of work
[EL Finer]: transaction: 2016-09-19 09:45:28.781--UnitOfWork(123833425)--Thread(Thread[Test worker,5,main])--release unit of work
[EL Finer]: connection: 2016-09-19 09:45:28.781--ClientSession(1759060582)--Thread(Thread[Test worker,5,main])--client released
[EL Finer]: connection: 2016-09-19 09:45:28.782--ServerSession(1800530428)--Thread(Thread[Test worker,5,main])--client acquired: 1420838665
[EL Finer]: transaction: 2016-09-19 09:45:28.782--ClientSession(1420838665)--Thread(Thread[Test worker,5,main])--acquire unit of work: 17288015
[EL Finest]: connection: 2016-09-19 09:45:28.782--ServerSession(1800530428)--Connection(649375760)--Thread(Thread[Test worker,5,main])--Connection acquired from connection pool [default].
[EL Finer]: transaction: 2016-09-19 09:45:28.783--ClientSession(1420838665)--Connection(649375760)--Thread(Thread[Test worker,5,main])--begin transaction
[EL Finest]: connection: 2016-09-19 09:45:28.783--ClientSession(1420838665)--Thread(Thread[Test worker,5,main])--reconnecting to external connection pool
[EL Finest]: transaction: 2016-09-19 09:45:28.786--UnitOfWork(17288015)--Thread(Thread[Test worker,5,main])--Merge clone with references AwsQuery [queryId=5C7F03EF-68AE-482F-8A02-02F68D398F91, jpqlQuery=SELECT emp.empNm,emp.empNo FROM Emp AS emp 
 WHERE 
  emp.empNo = :empNo 
 
 
 , queryType=2, name=AQ, hiddenName=AQ]
[EL Finest]: query: 2016-09-19 09:45:28.787--UnitOfWork(17288015)--Thread(Thread[Test worker,5,main])--Execute query ReadObjectQuery(referenceClass=ArtQuery )
[EL Fine]: sql: 2016-09-19 09:45:28.787--ClientSession(1420838665)--Connection(1434896717)--Thread(Thread[Test worker,5,main])--SELECT query_id, active_status, app_creator_id, created_by, created_date, hidden_name, jpql_query, name, project_id, project_version_id, query_json, query_type, sql_query, updated_by, updated_date, user_access, version_id FROM art_query WHERE (query_id = ?)
	bind => [5C7F03EF-68AE-482F-8A02-02F68D398F91]
[EL Finer]: transaction: 2016-09-19 09:45:28.791--UnitOfWork(17288015)--Thread(Thread[Test worker,5,main])--begin unit of work commit
[EL Finest]: query: 2016-09-19 09:45:28.791--UnitOfWork(17288015)--Thread(Thread[Test worker,5,main])--Execute query UpdateObjectQuery(AwsQuery [queryId=5C7F03EF-68AE-482F-8A02-02F68D398F91, jpqlQuery=SELECT emp.empNm,emp.empNo FROM Emp AS emp 
 WHERE 
  emp.empNo = :empNo 
 
 
 , queryType=2, name=AQ, hiddenName=AQ])
[EL Fine]: sql: 2016-09-19 09:45:28.792--ClientSession(1420838665)--Connection(1434896717)--Thread(Thread[Test worker,5,main])--UPDATE art_query SET sql_query = ? WHERE (query_id = ?)
	bind => [SELECT empNm, empNo FROM ast_Emp_T WHERE (empNo = ?), 5C7F03EF-68AE-482F-8A02-02F68D398F91]
[EL Finer]: transaction: 2016-09-19 09:45:28.794--ClientSession(1420838665)--Connection(1434896717)--Thread(Thread[Test worker,5,main])--commit transaction
[EL Finest]: connection: 2016-09-19 09:45:28.853--ServerSession(1800530428)--Connection(649375760)--Thread(Thread[Test worker,5,main])--Connection released to connection pool [default].
[EL Finer]: transaction: 2016-09-19 09:45:28.853--UnitOfWork(17288015)--Thread(Thread[Test worker,5,main])--end unit of work commit
[EL Finer]: transaction: 2016-09-19 09:45:28.854--UnitOfWork(17288015)--Thread(Thread[Test worker,5,main])--resume unit of work
[EL Finer]: transaction: 2016-09-19 09:45:28.854--UnitOfWork(17288015)--Thread(Thread[Test worker,5,main])--release unit of work
[EL Finer]: connection: 2016-09-19 09:45:28.854--ClientSession(1420838665)--Thread(Thread[Test worker,5,main])--client released
[EL Finer]: connection: 2016-09-19 09:45:28.855--ServerSession(1800530428)--Thread(Thread[Test worker,5,main])--client acquired: 1298915037
[EL Finer]: transaction: 2016-09-19 09:45:28.855--ClientSession(1298915037)--Thread(Thread[Test worker,5,main])--acquire unit of work: 1693755104
[EL Finest]: connection: 2016-09-19 09:45:28.855--ServerSession(1800530428)--Connection(2046291943)--Thread(Thread[Test worker,5,main])--Connection acquired from connection pool [default].
[EL Finer]: transaction: 2016-09-19 09:45:28.855--ClientSession(1298915037)--Connection(2046291943)--Thread(Thread[Test worker,5,main])--begin transaction
[EL Finest]: connection: 2016-09-19 09:45:28.856--ClientSession(1298915037)--Thread(Thread[Test worker,5,main])--reconnecting to external connection pool
[EL Finest]: transaction: 2016-09-19 09:45:28.874--UnitOfWork(1693755104)--Thread(Thread[Test worker,5,main])--Merge clone with references AwsQuery [queryId=6F4C9767-A5D7-4BA6-8BC4-110B1006E9CB, jpqlQuery=SELECT COUNT(logSeverity.severity) AS logseverity_severity, 'Request' AS logevents_entityaudit_createdby, logArchitectureLayer.layerId, logArchitectureLayer.layerName, myBoundedContext.boundedContextName, logEvents.userId, logEvents.eventDate, myDomain.domainName, logSeverity.severityId, logSeverity.severity, logEventAction.eventActionId, logEventAction.eventAction, logEvents.logeventId, logEvents.requestId, logEvents.className, logEvents.methodName, logEvents.eventDateTime FROM ArtLogArchitectureLayer AS logArchitectureLayer, ArtBoundedContext AS myBoundedContext, ArtDomain AS myDomain, ArtLogSeverity AS logSeverity, ArtLogEventAction AS logEventAction, ArtLogEvents AS logEvents WHERE myBoundedContext.alarmPrefix = logEvents.boundedContextId AND myDomain.alarmPrefix = logEvents.domainId AND myBoundedContext.boundedContextId = myDomain.artBoundedContext.boundedContextId AND logArchitectureLayer.layerId = logEvents.layerId AND logEventAction.eventActionId = logEvents.eventAction AND logSeverity.severityId = logEvents.severity AND logEvents.eventDateTime >= :eventDateTime AND logEvents.eventDateTime <= :eventDateTime1 AND logEvents.boundedContextId LIKE :boundedContextId1 AND logEvents.domainId LIKE :domainId1 AND logArchitectureLayer.layerId >= :layerId AND logArchitectureLayer.layerId <= :layerId1 AND logEventAction.eventActionId >= :eventActionId AND logEventAction.eventActionId <= :eventActionId1 AND logEvents.className LIKE :className GROUP BY logArchitectureLayer.layerId, logArchitectureLayer.layerName, logEvents.userId, myBoundedContext.boundedContextName, myDomain.domainName, logSeverity.severityId, logSeverity.severity, logEventAction.eventActionId, logEventAction.eventAction, logEvents.logeventId, logEvents.requestId, logEvents.className, logEvents.methodName, logEvents.eventDate, logEvents.eventDateTime ORDER BY logEvents.eventDateTime DESC , queryType=2, name=Event Summary, hiddenName=EVENT SUMMARY]
[EL Finest]: query: 2016-09-19 09:45:28.874--UnitOfWork(1693755104)--Thread(Thread[Test worker,5,main])--Execute query ReadObjectQuery(referenceClass=ArtQuery )
[EL Fine]: sql: 2016-09-19 09:45:28.875--ClientSession(1298915037)--Connection(1543214786)--Thread(Thread[Test worker,5,main])--SELECT query_id, active_status, app_creator_id, created_by, created_date, hidden_name, jpql_query, name, project_id, project_version_id, query_json, query_type, sql_query, updated_by, updated_date, user_access, version_id FROM art_query WHERE (query_id = ?)
	bind => [6F4C9767-A5D7-4BA6-8BC4-110B1006E9CB]
[EL Finer]: transaction: 2016-09-19 09:45:28.877--UnitOfWork(1693755104)--Thread(Thread[Test worker,5,main])--begin unit of work commit
[EL Finest]: query: 2016-09-19 09:45:28.878--UnitOfWork(1693755104)--Thread(Thread[Test worker,5,main])--Execute query UpdateObjectQuery(AwsQuery [queryId=6F4C9767-A5D7-4BA6-8BC4-110B1006E9CB, jpqlQuery=SELECT COUNT(logSeverity.severity) AS logseverity_severity, 'Request' AS logevents_entityaudit_createdby, logArchitectureLayer.layerId, logArchitectureLayer.layerName, myBoundedContext.boundedContextName, logEvents.userId, logEvents.eventDate, myDomain.domainName, logSeverity.severityId, logSeverity.severity, logEventAction.eventActionId, logEventAction.eventAction, logEvents.logeventId, logEvents.requestId, logEvents.className, logEvents.methodName, logEvents.eventDateTime FROM ArtLogArchitectureLayer AS logArchitectureLayer, ArtBoundedContext AS myBoundedContext, ArtDomain AS myDomain, ArtLogSeverity AS logSeverity, ArtLogEventAction AS logEventAction, ArtLogEvents AS logEvents WHERE myBoundedContext.alarmPrefix = logEvents.boundedContextId AND myDomain.alarmPrefix = logEvents.domainId AND myBoundedContext.boundedContextId = myDomain.artBoundedContext.boundedContextId AND logArchitectureLayer.layerId = logEvents.layerId AND logEventAction.eventActionId = logEvents.eventAction AND logSeverity.severityId = logEvents.severity AND logEvents.eventDateTime >= :eventDateTime AND logEvents.eventDateTime <= :eventDateTime1 AND logEvents.boundedContextId LIKE :boundedContextId1 AND logEvents.domainId LIKE :domainId1 AND logArchitectureLayer.layerId >= :layerId AND logArchitectureLayer.layerId <= :layerId1 AND logEventAction.eventActionId >= :eventActionId AND logEventAction.eventActionId <= :eventActionId1 AND logEvents.className LIKE :className GROUP BY logArchitectureLayer.layerId, logArchitectureLayer.layerName, logEvents.userId, myBoundedContext.boundedContextName, myDomain.domainName, logSeverity.severityId, logSeverity.severity, logEventAction.eventActionId, logEventAction.eventAction, logEvents.logeventId, logEvents.requestId, logEvents.className, logEvents.methodName, logEvents.eventDate, logEvents.eventDateTime ORDER BY logEvents.eventDateTime DESC , queryType=2, name=Event Summary, hiddenName=EVENT SUMMARY])
[EL Fine]: sql: 2016-09-19 09:45:28.878--ClientSession(1298915037)--Connection(1543214786)--Thread(Thread[Test worker,5,main])--UPDATE art_query SET sql_query = ? WHERE (query_id = ?)
	bind => [SELECT COUNT(t0.severity), ?, t1.layerId, t1.layerName, t2.boundedContextName, t3.userId, t3.eventDate, t4.domainName, t0.severityId, t0.severity, t5.eventActionId, t5.eventAction, t3.logeventId, t3.requestId, t3.className, t3.methodName, t3.eventDateTime FROM art_bounded_context t6, art_log_event_action_m t5, art_domain t4, art_log_events_t t3, art_bounded_context t2, art_log_architecture_layer_m t1, art_log_severity_m t0 WHERE ((((((((((((((((t2.alarmPrefix = t3.boundedContextId) AND (t4.alarmPrefix = t3.domainId)) AND (t2.boundedContextId = t6.boundedContextId)) AND (t1.layerId = t3.layerId)) AND (t5.eventActionId = t3.eventAction)) AND (t0.severityId = t3.severity)) AND (t3.eventDateTime >= ?)) AND (t3.eventDateTime <= ?)) AND t3.boundedContextId LIKE ?) AND t3.domainId LIKE ?) AND (t1.layerId >= ?)) AND (t1.layerId <= ?)) AND (t5.eventActionId >= ?)) AND (t5.eventActionId <= ?)) AND t3.className LIKE ?) AND (t6.boundedContextId = t4.boundedContextId)) GROUP BY t1.layerId, t1.layerName, t3.userId, t2.boundedContextName, t4.domainName, t0.severityId, t0.severity, t5.eventActionId, t5.eventAction, t3.logeventId, t3.requestId, t3.className, t3.methodName, t3.eventDate, t3.eventDateTime ORDER BY t3.eventDateTime DESC, 6F4C9767-A5D7-4BA6-8BC4-110B1006E9CB]
[EL Finer]: transaction: 2016-09-19 09:45:28.881--ClientSession(1298915037)--Connection(1543214786)--Thread(Thread[Test worker,5,main])--commit transaction
[EL Finest]: connection: 2016-09-19 09:45:28.936--ServerSession(1800530428)--Connection(2046291943)--Thread(Thread[Test worker,5,main])--Connection released to connection pool [default].
[EL Finer]: transaction: 2016-09-19 09:45:28.936--UnitOfWork(1693755104)--Thread(Thread[Test worker,5,main])--end unit of work commit
[EL Finer]: transaction: 2016-09-19 09:45:28.936--UnitOfWork(1693755104)--Thread(Thread[Test worker,5,main])--resume unit of work
[EL Finer]: transaction: 2016-09-19 09:45:28.937--UnitOfWork(1693755104)--Thread(Thread[Test worker,5,main])--release unit of work
[EL Finer]: connection: 2016-09-19 09:45:28.937--ClientSession(1298915037)--Thread(Thread[Test worker,5,main])--client released
[EL Finer]: connection: 2016-09-19 09:45:28.937--ServerSession(1800530428)--Thread(Thread[Test worker,5,main])--client acquired: 1210572199
[EL Finer]: transaction: 2016-09-19 09:45:28.937--ClientSession(1210572199)--Thread(Thread[Test worker,5,main])--acquire unit of work: 826876915
[EL Finest]: connection: 2016-09-19 09:45:28.938--ServerSession(1800530428)--Connection(953630668)--Thread(Thread[Test worker,5,main])--Connection acquired from connection pool [default].
[EL Finer]: transaction: 2016-09-19 09:45:28.938--ClientSession(1210572199)--Connection(953630668)--Thread(Thread[Test worker,5,main])--begin transaction
[EL Finest]: connection: 2016-09-19 09:45:28.938--ClientSession(1210572199)--Thread(Thread[Test worker,5,main])--reconnecting to external connection pool
[EL Finest]: transaction: 2016-09-19 09:45:28.946--UnitOfWork(826876915)--Thread(Thread[Test worker,5,main])--Merge clone with references AwsQuery [queryId=71CD0537-82FD-41B1-B108-2C183339898C, jpqlQuery=SELECT COUNT(logSeverity.severity) AS logseverity_severity, logSeverity.severityId, logSeverity.severity, myBoundedContext.boundedContextName, logArchitectureLayer.layerId, logArchitectureLayer.layerName, myDomain.domainName, logEvents.eventDate FROM ArtLogSeverity AS logSeverity, ArtBoundedContext AS myBoundedContext, ArtLogArchitectureLayer AS logArchitectureLayer, ArtDomain AS myDomain, ArtLogEvents AS logEvents WHERE logArchitectureLayer.layerId = logEvents.layerId AND logSeverity.severityId = logEvents.severity AND myBoundedContext.alarmPrefix = logEvents.boundedContextId AND myDomain.alarmPrefix = logEvents.domainId AND myBoundedContext.boundedContextId = myDomain.artBoundedContext.boundedContextId AND logEvents.eventDate >= :eventDate AND logEvents.eventDate <= :eventDate1 AND logEvents.boundedContextId LIKE :boundedContextId1 AND logEvents.domainId LIKE :domainId1 GROUP BY logSeverity.severityId, logSeverity.severity, myBoundedContext.boundedContextName, logArchitectureLayer.layerId, logArchitectureLayer.layerName, myDomain.domainName, logEvents.eventDate ORDER BY logEvents.eventDate DESC, queryType=2, name=Event Summary Layer wise, hiddenName=EVENT SUMMARY LAYER WISE]
[EL Finest]: query: 2016-09-19 09:45:28.947--UnitOfWork(826876915)--Thread(Thread[Test worker,5,main])--Execute query ReadObjectQuery(referenceClass=ArtQuery )
[EL Fine]: sql: 2016-09-19 09:45:28.947--ClientSession(1210572199)--Connection(387066020)--Thread(Thread[Test worker,5,main])--SELECT query_id, active_status, app_creator_id, created_by, created_date, hidden_name, jpql_query, name, project_id, project_version_id, query_json, query_type, sql_query, updated_by, updated_date, user_access, version_id FROM art_query WHERE (query_id = ?)
	bind => [71CD0537-82FD-41B1-B108-2C183339898C]
[EL Finer]: transaction: 2016-09-19 09:45:28.95--UnitOfWork(826876915)--Thread(Thread[Test worker,5,main])--begin unit of work commit
[EL Finest]: query: 2016-09-19 09:45:28.95--UnitOfWork(826876915)--Thread(Thread[Test worker,5,main])--Execute query UpdateObjectQuery(AwsQuery [queryId=71CD0537-82FD-41B1-B108-2C183339898C, jpqlQuery=SELECT COUNT(logSeverity.severity) AS logseverity_severity, logSeverity.severityId, logSeverity.severity, myBoundedContext.boundedContextName, logArchitectureLayer.layerId, logArchitectureLayer.layerName, myDomain.domainName, logEvents.eventDate FROM ArtLogSeverity AS logSeverity, ArtBoundedContext AS myBoundedContext, ArtLogArchitectureLayer AS logArchitectureLayer, ArtDomain AS myDomain, ArtLogEvents AS logEvents WHERE logArchitectureLayer.layerId = logEvents.layerId AND logSeverity.severityId = logEvents.severity AND myBoundedContext.alarmPrefix = logEvents.boundedContextId AND myDomain.alarmPrefix = logEvents.domainId AND myBoundedContext.boundedContextId = myDomain.artBoundedContext.boundedContextId AND logEvents.eventDate >= :eventDate AND logEvents.eventDate <= :eventDate1 AND logEvents.boundedContextId LIKE :boundedContextId1 AND logEvents.domainId LIKE :domainId1 GROUP BY logSeverity.severityId, logSeverity.severity, myBoundedContext.boundedContextName, logArchitectureLayer.layerId, logArchitectureLayer.layerName, myDomain.domainName, logEvents.eventDate ORDER BY logEvents.eventDate DESC, queryType=2, name=Event Summary Layer wise, hiddenName=EVENT SUMMARY LAYER WISE])
[EL Fine]: sql: 2016-09-19 09:45:28.951--ClientSession(1210572199)--Connection(387066020)--Thread(Thread[Test worker,5,main])--UPDATE art_query SET sql_query = ? WHERE (query_id = ?)
	bind => [SELECT COUNT(t0.severity), t0.severityId, t0.severity, t1.boundedContextName, t2.layerId, t2.layerName, t3.domainName, t4.eventDate FROM art_bounded_context t5, art_log_events_t t4, art_domain t3, art_log_architecture_layer_m t2, art_bounded_context t1, art_log_severity_m t0 WHERE ((((((((((t2.layerId = t4.layerId) AND (t0.severityId = t4.severity)) AND (t1.alarmPrefix = t4.boundedContextId)) AND (t3.alarmPrefix = t4.domainId)) AND (t1.boundedContextId = t5.boundedContextId)) AND (t4.eventDate >= ?)) AND (t4.eventDate <= ?)) AND t4.boundedContextId LIKE ?) AND t4.domainId LIKE ?) AND (t5.boundedContextId = t3.boundedContextId)) GROUP BY t0.severityId, t0.severity, t1.boundedContextName, t2.layerId, t2.layerName, t3.domainName, t4.eventDate ORDER BY t4.eventDate DESC, 71CD0537-82FD-41B1-B108-2C183339898C]
[EL Finer]: transaction: 2016-09-19 09:45:29.019--ClientSession(1210572199)--Connection(387066020)--Thread(Thread[Test worker,5,main])--commit transaction
[EL Finest]: connection: 2016-09-19 09:45:29.043--ServerSession(1800530428)--Connection(953630668)--Thread(Thread[Test worker,5,main])--Connection released to connection pool [default].
[EL Finer]: transaction: 2016-09-19 09:45:29.044--UnitOfWork(826876915)--Thread(Thread[Test worker,5,main])--end unit of work commit
[EL Finer]: transaction: 2016-09-19 09:45:29.044--UnitOfWork(826876915)--Thread(Thread[Test worker,5,main])--resume unit of work
[EL Finer]: transaction: 2016-09-19 09:45:29.044--UnitOfWork(826876915)--Thread(Thread[Test worker,5,main])--release unit of work
[EL Finer]: connection: 2016-09-19 09:45:29.045--ClientSession(1210572199)--Thread(Thread[Test worker,5,main])--client released
[EL Finer]: connection: 2016-09-19 09:45:29.045--ServerSession(1800530428)--Thread(Thread[Test worker,5,main])--client acquired: 445564728
[EL Finer]: transaction: 2016-09-19 09:45:29.045--ClientSession(445564728)--Thread(Thread[Test worker,5,main])--acquire unit of work: 330906407
[EL Finest]: connection: 2016-09-19 09:45:29.045--ServerSession(1800530428)--Connection(1708820366)--Thread(Thread[Test worker,5,main])--Connection acquired from connection pool [default].
[EL Finer]: transaction: 2016-09-19 09:45:29.045--ClientSession(445564728)--Connection(1708820366)--Thread(Thread[Test worker,5,main])--begin transaction
[EL Finest]: connection: 2016-09-19 09:45:29.046--ClientSession(445564728)--Thread(Thread[Test worker,5,main])--reconnecting to external connection pool
[EL Finest]: transaction: 2016-09-19 09:45:29.048--UnitOfWork(330906407)--Thread(Thread[Test worker,5,main])--Merge clone with references AwsQuery [queryId=898FD213-F7C6-4788-A011-D32477C5CEB0, jpqlQuery=select e from SessionData e where e.systemInfo.activeStatus=1 and e.appSessionId=:appSessionId and e.sessionKey =:sessionKey, queryType=1, name=findBySessionKey, hiddenName=FINDBYSESSIONKEY]
[EL Finest]: query: 2016-09-19 09:45:29.049--UnitOfWork(330906407)--Thread(Thread[Test worker,5,main])--Execute query ReadObjectQuery(referenceClass=ArtQuery )
[EL Fine]: sql: 2016-09-19 09:45:29.049--ClientSession(445564728)--Connection(1676597720)--Thread(Thread[Test worker,5,main])--SELECT query_id, active_status, app_creator_id, created_by, created_date, hidden_name, jpql_query, name, project_id, project_version_id, query_json, query_type, sql_query, updated_by, updated_date, user_access, version_id FROM art_query WHERE (query_id = ?)
	bind => [898FD213-F7C6-4788-A011-D32477C5CEB0]
[EL Finer]: transaction: 2016-09-19 09:45:29.052--UnitOfWork(330906407)--Thread(Thread[Test worker,5,main])--begin unit of work commit
[EL Finest]: query: 2016-09-19 09:45:29.052--UnitOfWork(330906407)--Thread(Thread[Test worker,5,main])--Execute query UpdateObjectQuery(AwsQuery [queryId=898FD213-F7C6-4788-A011-D32477C5CEB0, jpqlQuery=select e from SessionData e where e.systemInfo.activeStatus=1 and e.appSessionId=:appSessionId and e.sessionKey =:sessionKey, queryType=1, name=findBySessionKey, hiddenName=FINDBYSESSIONKEY])
[EL Fine]: sql: 2016-09-19 09:45:29.052--ClientSession(445564728)--Connection(1676597720)--Thread(Thread[Test worker,5,main])--UPDATE art_query SET sql_query = ? WHERE (query_id = ?)
	bind => [SELECT dataId, appSessionId, booleanValue, customerId, dataType, dateTimeValue, jsonValue, numberValue, sessionKey, stringValue, userId, versionId, createdBy, createdDate, updatedBy, updatedDate, activeStatus, txnAccessCode FROM ast_SessionData_T WHERE (((activeStatus = ?) AND (appSessionId = ?)) AND (sessionKey = ?)), 898FD213-F7C6-4788-A011-D32477C5CEB0]
[EL Finer]: transaction: 2016-09-19 09:45:29.054--ClientSession(445564728)--Connection(1676597720)--Thread(Thread[Test worker,5,main])--commit transaction
[EL Finest]: connection: 2016-09-19 09:45:29.075--ServerSession(1800530428)--Connection(1708820366)--Thread(Thread[Test worker,5,main])--Connection released to connection pool [default].
[EL Finer]: transaction: 2016-09-19 09:45:29.075--UnitOfWork(330906407)--Thread(Thread[Test worker,5,main])--end unit of work commit
[EL Finer]: transaction: 2016-09-19 09:45:29.076--UnitOfWork(330906407)--Thread(Thread[Test worker,5,main])--resume unit of work
[EL Finer]: transaction: 2016-09-19 09:45:29.076--UnitOfWork(330906407)--Thread(Thread[Test worker,5,main])--release unit of work
[EL Finer]: connection: 2016-09-19 09:45:29.076--ClientSession(445564728)--Thread(Thread[Test worker,5,main])--client released
[EL Finer]: connection: 2016-09-19 09:45:29.077--ServerSession(1800530428)--Thread(Thread[Test worker,5,main])--client acquired: 493617725
[EL Finer]: transaction: 2016-09-19 09:45:29.077--ClientSession(493617725)--Thread(Thread[Test worker,5,main])--acquire unit of work: 503775714
[EL Finest]: connection: 2016-09-19 09:45:29.077--ServerSession(1800530428)--Connection(1577888724)--Thread(Thread[Test worker,5,main])--Connection acquired from connection pool [default].
[EL Finer]: transaction: 2016-09-19 09:45:29.077--ClientSession(493617725)--Connection(1577888724)--Thread(Thread[Test worker,5,main])--begin transaction
[EL Finest]: connection: 2016-09-19 09:45:29.077--ClientSession(493617725)--Thread(Thread[Test worker,5,main])--reconnecting to external connection pool
[EL Finest]: transaction: 2016-09-19 09:45:29.083--UnitOfWork(503775714)--Thread(Thread[Test worker,5,main])--Merge clone with references AwsQuery [queryId=BCFA118F-6B3E-4FA3-983A-F8AF7CD4B195, jpqlQuery=SELECT zenHealthStatus.healthId,zenHealthStatus.scheduledDateTime,zenHealthStatus.serverInstanceId,zenHealthStatus.serverIpAddress, FUNCTION('ROUND',100 - (zenHealthStatus.usedSpace/zenHealthStatus.totalSpace )* 100) AS freeSpace, FUNCTION('ROUND',(zenHealthStatus.usedSpace/zenHealthStatus.totalSpace )* 100 ) AS usedSpace, FUNCTION('ROUND',(zenHealthStatus.totalSpace/1024)/1024) AS totalSpace, zenHealthStatus.status FROM ZenHealthStatus AS zenHealthStatus ORDER BY zenHealthStatus.scheduledDateTime DESC, queryType=2, name=System Memory Usage, hiddenName=SYSTEM MEMORY USAGE]
[EL Finest]: query: 2016-09-19 09:45:29.083--UnitOfWork(503775714)--Thread(Thread[Test worker,5,main])--Execute query ReadObjectQuery(referenceClass=ArtQuery )
[EL Fine]: sql: 2016-09-19 09:45:29.083--ClientSession(493617725)--Connection(749472936)--Thread(Thread[Test worker,5,main])--SELECT query_id, active_status, app_creator_id, created_by, created_date, hidden_name, jpql_query, name, project_id, project_version_id, query_json, query_type, sql_query, updated_by, updated_date, user_access, version_id FROM art_query WHERE (query_id = ?)
	bind => [BCFA118F-6B3E-4FA3-983A-F8AF7CD4B195]
[EL Finer]: transaction: 2016-09-19 09:45:29.087--UnitOfWork(503775714)--Thread(Thread[Test worker,5,main])--begin unit of work commit
[EL Finest]: query: 2016-09-19 09:45:29.087--UnitOfWork(503775714)--Thread(Thread[Test worker,5,main])--Execute query UpdateObjectQuery(AwsQuery [queryId=BCFA118F-6B3E-4FA3-983A-F8AF7CD4B195, jpqlQuery=SELECT zenHealthStatus.healthId,zenHealthStatus.scheduledDateTime,zenHealthStatus.serverInstanceId,zenHealthStatus.serverIpAddress, FUNCTION('ROUND',100 - (zenHealthStatus.usedSpace/zenHealthStatus.totalSpace )* 100) AS freeSpace, FUNCTION('ROUND',(zenHealthStatus.usedSpace/zenHealthStatus.totalSpace )* 100 ) AS usedSpace, FUNCTION('ROUND',(zenHealthStatus.totalSpace/1024)/1024) AS totalSpace, zenHealthStatus.status FROM ZenHealthStatus AS zenHealthStatus ORDER BY zenHealthStatus.scheduledDateTime DESC, queryType=2, name=System Memory Usage, hiddenName=SYSTEM MEMORY USAGE])
[EL Fine]: sql: 2016-09-19 09:45:29.088--ClientSession(493617725)--Connection(749472936)--Thread(Thread[Test worker,5,main])--UPDATE art_query SET sql_query = ? WHERE (query_id = ?)
	bind => [SELECT healthId, scheduledDateTime, serverInstanceId, serverIpAddress, ROUND((? - ((usedSpace / totalSpace) * ?))), ROUND(((usedSpace / totalSpace) * ?)), ROUND(((totalSpace / ?) / ?)), status FROM zen_health_status ORDER BY scheduledDateTime DESC, BCFA118F-6B3E-4FA3-983A-F8AF7CD4B195]
[EL Finer]: transaction: 2016-09-19 09:45:29.09--ClientSession(493617725)--Connection(749472936)--Thread(Thread[Test worker,5,main])--commit transaction
[EL Finest]: connection: 2016-09-19 09:45:29.117--ServerSession(1800530428)--Connection(1577888724)--Thread(Thread[Test worker,5,main])--Connection released to connection pool [default].
[EL Finer]: transaction: 2016-09-19 09:45:29.117--UnitOfWork(503775714)--Thread(Thread[Test worker,5,main])--end unit of work commit
[EL Finer]: transaction: 2016-09-19 09:45:29.117--UnitOfWork(503775714)--Thread(Thread[Test worker,5,main])--resume unit of work
[EL Finer]: transaction: 2016-09-19 09:45:29.117--UnitOfWork(503775714)--Thread(Thread[Test worker,5,main])--release unit of work
[EL Finer]: connection: 2016-09-19 09:45:29.118--ClientSession(493617725)--Thread(Thread[Test worker,5,main])--client released
[EL Finer]: connection: 2016-09-19 09:45:29.118--ServerSession(1800530428)--Thread(Thread[Test worker,5,main])--client acquired: 1495965591
[EL Finer]: transaction: 2016-09-19 09:45:29.118--ClientSession(1495965591)--Thread(Thread[Test worker,5,main])--acquire unit of work: 2102632508
[EL Finest]: connection: 2016-09-19 09:45:29.118--ServerSession(1800530428)--Connection(2101150571)--Thread(Thread[Test worker,5,main])--Connection acquired from connection pool [default].
[EL Finer]: transaction: 2016-09-19 09:45:29.119--ClientSession(1495965591)--Connection(2101150571)--Thread(Thread[Test worker,5,main])--begin transaction
[EL Finest]: connection: 2016-09-19 09:45:29.119--ClientSession(1495965591)--Thread(Thread[Test worker,5,main])--reconnecting to external connection pool
[EL Finest]: transaction: 2016-09-19 09:45:29.128--UnitOfWork(2102632508)--Thread(Thread[Test worker,5,main])--Merge clone with references AwsQuery [queryId=BD452A6A-F92A-4D35-B64E-32D614996D49, jpqlQuery=SELECT COUNT(logSeverity.severity) AS logseverity_severity, logEvents.eventDate, logArchitectureLayer.layerId, logArchitectureLayer.layerName, myBoundedContext.boundedContextName, logSeverity.severityId, logSeverity.severity, myDomain.domainName, logEventAction.eventActionId, logEventAction.eventAction FROM ArtLogEvents AS logEvents, ArtLogArchitectureLayer AS logArchitectureLayer, ArtBoundedContext AS myBoundedContext, ArtLogSeverity AS logSeverity, ArtDomain AS myDomain, ArtLogEventAction AS logEventAction WHERE myBoundedContext.alarmPrefix = logEvents.boundedContextId AND myDomain.alarmPrefix = logEvents.domainId AND logArchitectureLayer.layerId = logEvents.layerId AND logEventAction.eventActionId = logEvents.eventAction AND logSeverity.severityId = logEvents.severity AND logEvents.eventDate >= :eventDate AND logEvents.eventDate <= :eventDate1 AND logEvents.boundedContextId LIKE :boundedContextId1 AND logEvents.domainId LIKE :domainId1 AND logArchitectureLayer.layerId >= :layerId AND logArchitectureLayer.layerId <= :layerId1 GROUP BY logArchitectureLayer.layerId, logArchitectureLayer.layerName, myBoundedContext.boundedContextName, logSeverity.severityId, logSeverity.severity, myDomain.domainName, logEventAction.eventActionId, logEventAction.eventAction, logEvents.eventDate ORDER BY logEvents.eventDate DESC , queryType=2, name=Event Summary Action wise, hiddenName=EVENT SUMMARY ACTION WISE]
[EL Finest]: query: 2016-09-19 09:45:29.129--UnitOfWork(2102632508)--Thread(Thread[Test worker,5,main])--Execute query ReadObjectQuery(referenceClass=ArtQuery )
[EL Fine]: sql: 2016-09-19 09:45:29.129--ClientSession(1495965591)--Connection(264830452)--Thread(Thread[Test worker,5,main])--SELECT query_id, active_status, app_creator_id, created_by, created_date, hidden_name, jpql_query, name, project_id, project_version_id, query_json, query_type, sql_query, updated_by, updated_date, user_access, version_id FROM art_query WHERE (query_id = ?)
	bind => [BD452A6A-F92A-4D35-B64E-32D614996D49]
[EL Finer]: transaction: 2016-09-19 09:45:29.132--UnitOfWork(2102632508)--Thread(Thread[Test worker,5,main])--begin unit of work commit
[EL Finest]: query: 2016-09-19 09:45:29.133--UnitOfWork(2102632508)--Thread(Thread[Test worker,5,main])--Execute query UpdateObjectQuery(AwsQuery [queryId=BD452A6A-F92A-4D35-B64E-32D614996D49, jpqlQuery=SELECT COUNT(logSeverity.severity) AS logseverity_severity, logEvents.eventDate, logArchitectureLayer.layerId, logArchitectureLayer.layerName, myBoundedContext.boundedContextName, logSeverity.severityId, logSeverity.severity, myDomain.domainName, logEventAction.eventActionId, logEventAction.eventAction FROM ArtLogEvents AS logEvents, ArtLogArchitectureLayer AS logArchitectureLayer, ArtBoundedContext AS myBoundedContext, ArtLogSeverity AS logSeverity, ArtDomain AS myDomain, ArtLogEventAction AS logEventAction WHERE myBoundedContext.alarmPrefix = logEvents.boundedContextId AND myDomain.alarmPrefix = logEvents.domainId AND logArchitectureLayer.layerId = logEvents.layerId AND logEventAction.eventActionId = logEvents.eventAction AND logSeverity.severityId = logEvents.severity AND logEvents.eventDate >= :eventDate AND logEvents.eventDate <= :eventDate1 AND logEvents.boundedContextId LIKE :boundedContextId1 AND logEvents.domainId LIKE :domainId1 AND logArchitectureLayer.layerId >= :layerId AND logArchitectureLayer.layerId <= :layerId1 GROUP BY logArchitectureLayer.layerId, logArchitectureLayer.layerName, myBoundedContext.boundedContextName, logSeverity.severityId, logSeverity.severity, myDomain.domainName, logEventAction.eventActionId, logEventAction.eventAction, logEvents.eventDate ORDER BY logEvents.eventDate DESC , queryType=2, name=Event Summary Action wise, hiddenName=EVENT SUMMARY ACTION WISE])
[EL Fine]: sql: 2016-09-19 09:45:29.134--ClientSession(1495965591)--Connection(264830452)--Thread(Thread[Test worker,5,main])--UPDATE art_query SET sql_query = ? WHERE (query_id = ?)
	bind => [SELECT COUNT(t0.severity), t1.eventDate, t2.layerId, t2.layerName, t3.boundedContextName, t0.severityId, t0.severity, t4.domainName, t5.eventActionId, t5.eventAction FROM art_log_event_action_m t5, art_domain t4, art_bounded_context t3, art_log_architecture_layer_m t2, art_log_events_t t1, art_log_severity_m t0 WHERE (((((((((((t3.alarmPrefix = t1.boundedContextId) AND (t4.alarmPrefix = t1.domainId)) AND (t2.layerId = t1.layerId)) AND (t5.eventActionId = t1.eventAction)) AND (t0.severityId = t1.severity)) AND (t1.eventDate >= ?)) AND (t1.eventDate <= ?)) AND t1.boundedContextId LIKE ?) AND t1.domainId LIKE ?) AND (t2.layerId >= ?)) AND (t2.layerId <= ?)) GROUP BY t2.layerId, t2.layerName, t3.boundedContextName, t0.severityId, t0.severity, t4.domainName, t5.eventActionId, t5.eventAction, t1.eventDate ORDER BY t1.eventDate DESC, BD452A6A-F92A-4D35-B64E-32D614996D49]
[EL Finer]: transaction: 2016-09-19 09:45:29.136--ClientSession(1495965591)--Connection(264830452)--Thread(Thread[Test worker,5,main])--commit transaction
[EL Finest]: connection: 2016-09-19 09:45:29.166--ServerSession(1800530428)--Connection(2101150571)--Thread(Thread[Test worker,5,main])--Connection released to connection pool [default].
[EL Finer]: transaction: 2016-09-19 09:45:29.167--UnitOfWork(2102632508)--Thread(Thread[Test worker,5,main])--end unit of work commit
[EL Finer]: transaction: 2016-09-19 09:45:29.167--UnitOfWork(2102632508)--Thread(Thread[Test worker,5,main])--resume unit of work
[EL Finer]: transaction: 2016-09-19 09:45:29.167--UnitOfWork(2102632508)--Thread(Thread[Test worker,5,main])--release unit of work
[EL Finer]: connection: 2016-09-19 09:45:29.167--ClientSession(1495965591)--Thread(Thread[Test worker,5,main])--client released
[EL Finer]: connection: 2016-09-19 09:45:29.168--ServerSession(1800530428)--Thread(Thread[Test worker,5,main])--client acquired: 428821218
[EL Finer]: transaction: 2016-09-19 09:45:29.168--ClientSession(428821218)--Thread(Thread[Test worker,5,main])--acquire unit of work: 243091594
[EL Finest]: connection: 2016-09-19 09:45:29.168--ServerSession(1800530428)--Connection(1126523764)--Thread(Thread[Test worker,5,main])--Connection acquired from connection pool [default].
[EL Finer]: transaction: 2016-09-19 09:45:29.168--ClientSession(428821218)--Connection(1126523764)--Thread(Thread[Test worker,5,main])--begin transaction
[EL Finest]: connection: 2016-09-19 09:45:29.168--ClientSession(428821218)--Thread(Thread[Test worker,5,main])--reconnecting to external connection pool
[EL Finest]: transaction: 2016-09-19 09:45:29.172--UnitOfWork(243091594)--Thread(Thread[Test worker,5,main])--Merge clone with references AwsQuery [queryId=E84A54D3-34EA-4F0A-9D1A-192F42D96E0D, jpqlQuery=SELECT u FROM Login u WHERE u.systemInfo.activeStatus=1 AND u.user.userId NOT IN (SELECT ub.userId FROM UserRoleBridge ub), queryType=1, name=findUnMappedUser, hiddenName=FINDUNMAPPEDUSER]
[EL Finest]: query: 2016-09-19 09:45:29.172--UnitOfWork(243091594)--Thread(Thread[Test worker,5,main])--Execute query ReadObjectQuery(referenceClass=ArtQuery )
[EL Fine]: sql: 2016-09-19 09:45:29.172--ClientSession(428821218)--Connection(730043174)--Thread(Thread[Test worker,5,main])--SELECT query_id, active_status, app_creator_id, created_by, created_date, hidden_name, jpql_query, name, project_id, project_version_id, query_json, query_type, sql_query, updated_by, updated_date, user_access, version_id FROM art_query WHERE (query_id = ?)
	bind => [E84A54D3-34EA-4F0A-9D1A-192F42D96E0D]
[EL Finer]: transaction: 2016-09-19 09:45:29.175--UnitOfWork(243091594)--Thread(Thread[Test worker,5,main])--begin unit of work commit
[EL Finest]: query: 2016-09-19 09:45:29.175--UnitOfWork(243091594)--Thread(Thread[Test worker,5,main])--Execute query UpdateObjectQuery(AwsQuery [queryId=E84A54D3-34EA-4F0A-9D1A-192F42D96E0D, jpqlQuery=SELECT u FROM Login u WHERE u.systemInfo.activeStatus=1 AND u.user.userId NOT IN (SELECT ub.userId FROM UserRoleBridge ub), queryType=1, name=findUnMappedUser, hiddenName=FINDUNMAPPEDUSER])
[EL Fine]: sql: 2016-09-19 09:45:29.175--ClientSession(428821218)--Connection(730043174)--Thread(Thread[Test worker,5,main])--UPDATE art_query SET sql_query = ? WHERE (query_id = ?)
	bind => [SELECT t0.loginPk, t0.failedLoginAttempts, t0.loginId, t0.serverAuthImage, t0.serverAuthText, t0.versionId, t0.createdBy, t0.createdDate, t0.updatedBy, t0.updatedDate, t0.activeStatus, t0.txnAccessCode, t0.contactId, t0.userId FROM ast_Login_T t0, ast_User_T t1 WHERE (((t0.activeStatus = ?) AND t1.userId NOT IN (SELECT t2.userId FROM ast_UserRoleBridge_T t2)) AND (t1.userId = t0.userId)), E84A54D3-34EA-4F0A-9D1A-192F42D96E0D]
[EL Finer]: transaction: 2016-09-19 09:45:29.177--ClientSession(428821218)--Connection(730043174)--Thread(Thread[Test worker,5,main])--commit transaction
[EL Finest]: connection: 2016-09-19 09:45:29.199--ServerSession(1800530428)--Connection(1126523764)--Thread(Thread[Test worker,5,main])--Connection released to connection pool [default].
[EL Finer]: transaction: 2016-09-19 09:45:29.199--UnitOfWork(243091594)--Thread(Thread[Test worker,5,main])--end unit of work commit
[EL Finer]: transaction: 2016-09-19 09:45:29.2--UnitOfWork(243091594)--Thread(Thread[Test worker,5,main])--resume unit of work
[EL Finer]: transaction: 2016-09-19 09:45:29.2--UnitOfWork(243091594)--Thread(Thread[Test worker,5,main])--release unit of work
[EL Finer]: connection: 2016-09-19 09:45:29.2--ClientSession(428821218)--Thread(Thread[Test worker,5,main])--client released
[EL Finer]: connection: 2016-09-19 09:45:29.2--ServerSession(1800530428)--Thread(Thread[Test worker,5,main])--client acquired: 437555114
[EL Finer]: transaction: 2016-09-19 09:45:29.2--ClientSession(437555114)--Thread(Thread[Test worker,5,main])--acquire unit of work: 1004793670
[EL Finest]: connection: 2016-09-19 09:45:29.201--ServerSession(1800530428)--Connection(1903295329)--Thread(Thread[Test worker,5,main])--Connection acquired from connection pool [default].
[EL Finer]: transaction: 2016-09-19 09:45:29.201--ClientSession(437555114)--Connection(1903295329)--Thread(Thread[Test worker,5,main])--begin transaction
[EL Finest]: connection: 2016-09-19 09:45:29.201--ClientSession(437555114)--Thread(Thread[Test worker,5,main])--reconnecting to external connection pool
[EL Finest]: transaction: 2016-09-19 09:45:29.204--UnitOfWork(1004793670)--Thread(Thread[Test worker,5,main])--Merge clone with references AwsQuery [queryId=F2568D3C-F00E-4864-8784-A4C932A2E9F2, jpqlQuery=delete from SessionData e where e.systemInfo.activeStatus=1 and e.appSessionId=:appSessionId, queryType=1, name=deleteAllSessionData, hiddenName=DELETEALLSESSIONDATA]
[EL Finest]: query: 2016-09-19 09:45:29.204--UnitOfWork(1004793670)--Thread(Thread[Test worker,5,main])--Execute query ReadObjectQuery(referenceClass=ArtQuery )
[EL Fine]: sql: 2016-09-19 09:45:29.204--ClientSession(437555114)--Connection(744311855)--Thread(Thread[Test worker,5,main])--SELECT query_id, active_status, app_creator_id, created_by, created_date, hidden_name, jpql_query, name, project_id, project_version_id, query_json, query_type, sql_query, updated_by, updated_date, user_access, version_id FROM art_query WHERE (query_id = ?)
	bind => [F2568D3C-F00E-4864-8784-A4C932A2E9F2]
[EL Finer]: transaction: 2016-09-19 09:45:29.207--UnitOfWork(1004793670)--Thread(Thread[Test worker,5,main])--begin unit of work commit
[EL Finest]: query: 2016-09-19 09:45:29.207--UnitOfWork(1004793670)--Thread(Thread[Test worker,5,main])--Execute query UpdateObjectQuery(AwsQuery [queryId=F2568D3C-F00E-4864-8784-A4C932A2E9F2, jpqlQuery=delete from SessionData e where e.systemInfo.activeStatus=1 and e.appSessionId=:appSessionId, queryType=1, name=deleteAllSessionData, hiddenName=DELETEALLSESSIONDATA])
[EL Fine]: sql: 2016-09-19 09:45:29.208--ClientSession(437555114)--Connection(744311855)--Thread(Thread[Test worker,5,main])--UPDATE art_query SET sql_query = ? WHERE (query_id = ?)
	bind => [DELETE FROM ast_SessionData_T WHERE ((activeStatus = ?) AND (appSessionId = ?)), F2568D3C-F00E-4864-8784-A4C932A2E9F2]
[EL Finer]: transaction: 2016-09-19 09:45:29.21--ClientSession(437555114)--Connection(744311855)--Thread(Thread[Test worker,5,main])--commit transaction
[EL Finest]: connection: 2016-09-19 09:45:29.234--ServerSession(1800530428)--Connection(1903295329)--Thread(Thread[Test worker,5,main])--Connection released to connection pool [default].
[EL Finer]: transaction: 2016-09-19 09:45:29.235--UnitOfWork(1004793670)--Thread(Thread[Test worker,5,main])--end unit of work commit
[EL Finer]: transaction: 2016-09-19 09:45:29.235--UnitOfWork(1004793670)--Thread(Thread[Test worker,5,main])--resume unit of work
[EL Finer]: transaction: 2016-09-19 09:45:29.235--UnitOfWork(1004793670)--Thread(Thread[Test worker,5,main])--release unit of work
[EL Finer]: connection: 2016-09-19 09:45:29.236--ClientSession(437555114)--Thread(Thread[Test worker,5,main])--client released
[EL Finer]: connection: 2016-09-19 09:45:29.236--ServerSession(1800530428)--Thread(Thread[Test worker,5,main])--client acquired: 1982302716
[EL Finer]: transaction: 2016-09-19 09:45:29.236--ClientSession(1982302716)--Thread(Thread[Test worker,5,main])--acquire unit of work: 500448254
[EL Finest]: connection: 2016-09-19 09:45:29.236--ServerSession(1800530428)--Connection(1487843326)--Thread(Thread[Test worker,5,main])--Connection acquired from connection pool [default].
[EL Finer]: transaction: 2016-09-19 09:45:29.237--ClientSession(1982302716)--Connection(1487843326)--Thread(Thread[Test worker,5,main])--begin transaction
[EL Finest]: connection: 2016-09-19 09:45:29.237--ClientSession(1982302716)--Thread(Thread[Test worker,5,main])--reconnecting to external connection pool
[EL Finest]: transaction: 2016-09-19 09:45:29.247--UnitOfWork(500448254)--Thread(Thread[Test worker,5,main])--Merge clone with references AwsQuery [queryId=F4C0BFB1-B67E-4954-822D-11B260BEE104, jpqlQuery=SELECT CONCAT(login.coreContacts.firstName, ' : ', login.coreContacts.lastName, ' : ', logEvents.sessionId, ' : ', logEvents.requestId) AS login_corecontacts_lastname, myDomain.domainName, logSeverity.severityId, logSeverity.severity, logEventAction.eventActionId, logEventAction.eventAction, logStatus.statusId, logStatus.alarmStatus, myBoundedContext.boundedContextName, logEvents.logeventId, logEvents.alarmId, logEvents.multiTenantId, CONCAT(logEvents.userIpAddress, ':', logEvents.userPort) AS ipPort, CONCAT(logEvents.geoLatitude, ' / ', logEvents.geoLongitude) AS latLong, logEvents.sessionId, logEvents.requestId, logEvents.className, logEvents.methodName, logEvents.message, logEvents.context, logEvents.eventDateTime, logArchitectureLayer.layerName FROM ArtDomain AS myDomain, ArtLogStatus AS logStatus, ArtLogEventAction AS logEventAction, ArtLogSeverity AS logSeverity, ArtBoundedContext AS myBoundedContext, ArtLogEvents AS logEvents, ArtLogArchitectureLayer AS logArchitectureLayer, Login AS login WHERE logArchitectureLayer.layerId = logEvents.layerId AND logEventAction.eventActionId = logEvents.eventAction AND logSeverity.severityId = logEvents.severity AND logStatus.statusId = logEvents.alarmStatus AND login.user.userId = logEvents.userId AND myBoundedContext.alarmPrefix = logEvents.boundedContextId AND myDomain.alarmPrefix = logEvents.domainId AND myBoundedContext.boundedContextId = myDomain.artBoundedContext.boundedContextId AND logEvents.eventDateTime >= :eventDateTime1 AND logEvents.eventDateTime <= :eventDateTime2 AND logEvents.requestId LIKE :requestId , queryType=2, name=Event Details, hiddenName=EVENT DETAILS]
[EL Finest]: query: 2016-09-19 09:45:29.247--UnitOfWork(500448254)--Thread(Thread[Test worker,5,main])--Execute query ReadObjectQuery(referenceClass=ArtQuery )
[EL Fine]: sql: 2016-09-19 09:45:29.248--ClientSession(1982302716)--Connection(169001343)--Thread(Thread[Test worker,5,main])--SELECT query_id, active_status, app_creator_id, created_by, created_date, hidden_name, jpql_query, name, project_id, project_version_id, query_json, query_type, sql_query, updated_by, updated_date, user_access, version_id FROM art_query WHERE (query_id = ?)
	bind => [F4C0BFB1-B67E-4954-822D-11B260BEE104]
[EL Finer]: transaction: 2016-09-19 09:45:29.25--UnitOfWork(500448254)--Thread(Thread[Test worker,5,main])--begin unit of work commit
[EL Finest]: query: 2016-09-19 09:45:29.25--UnitOfWork(500448254)--Thread(Thread[Test worker,5,main])--Execute query UpdateObjectQuery(AwsQuery [queryId=F4C0BFB1-B67E-4954-822D-11B260BEE104, jpqlQuery=SELECT CONCAT(login.coreContacts.firstName, ' : ', login.coreContacts.lastName, ' : ', logEvents.sessionId, ' : ', logEvents.requestId) AS login_corecontacts_lastname, myDomain.domainName, logSeverity.severityId, logSeverity.severity, logEventAction.eventActionId, logEventAction.eventAction, logStatus.statusId, logStatus.alarmStatus, myBoundedContext.boundedContextName, logEvents.logeventId, logEvents.alarmId, logEvents.multiTenantId, CONCAT(logEvents.userIpAddress, ':', logEvents.userPort) AS ipPort, CONCAT(logEvents.geoLatitude, ' / ', logEvents.geoLongitude) AS latLong, logEvents.sessionId, logEvents.requestId, logEvents.className, logEvents.methodName, logEvents.message, logEvents.context, logEvents.eventDateTime, logArchitectureLayer.layerName FROM ArtDomain AS myDomain, ArtLogStatus AS logStatus, ArtLogEventAction AS logEventAction, ArtLogSeverity AS logSeverity, ArtBoundedContext AS myBoundedContext, ArtLogEvents AS logEvents, ArtLogArchitectureLayer AS logArchitectureLayer, Login AS login WHERE logArchitectureLayer.layerId = logEvents.layerId AND logEventAction.eventActionId = logEvents.eventAction AND logSeverity.severityId = logEvents.severity AND logStatus.statusId = logEvents.alarmStatus AND login.user.userId = logEvents.userId AND myBoundedContext.alarmPrefix = logEvents.boundedContextId AND myDomain.alarmPrefix = logEvents.domainId AND myBoundedContext.boundedContextId = myDomain.artBoundedContext.boundedContextId AND logEvents.eventDateTime >= :eventDateTime1 AND logEvents.eventDateTime <= :eventDateTime2 AND logEvents.requestId LIKE :requestId , queryType=2, name=Event Details, hiddenName=EVENT DETAILS])
[EL Fine]: sql: 2016-09-19 09:45:29.251--ClientSession(1982302716)--Connection(169001343)--Thread(Thread[Test worker,5,main])--UPDATE art_query SET sql_query = ? WHERE (query_id = ?)
	bind => [SELECT CONCAT(CONCAT(CONCAT(CONCAT(CONCAT(CONCAT(t0.firstName, ?), t0.lastName), ?), t2.sessionId), ?), t2.requestId), t3.domainName, t4.severityId, t4.severity, t5.eventActionId, t5.eventAction, t6.statusId, t6.alarmStatus, t7.boundedContextName, t2.logeventId, t2.alarmId, t2.multiTenantId, CONCAT(CONCAT(t2.userIpAddress, ?), t2.userPort), CONCAT(CONCAT(t2.geoLatitude, ?), t2.geoLongitude), t2.sessionId, t2.requestId, t2.className, t2.methodName, t2.message, t2.context, t2.eventDateTime, t8.layerName FROM art_bounded_context t10, ast_User_T t9, art_log_architecture_layer_m t8, art_bounded_context t7, art_log_status_m t6, art_log_event_action_m t5, art_log_severity_m t4, art_domain t3, art_log_events_t t2, ast_Login_T t1, ast_CoreContacts_T t0 WHERE ((((((((((((t8.layerId = t2.layerId) AND (t5.eventActionId = t2.eventAction)) AND (t4.severityId = t2.severity)) AND (t6.statusId = t2.alarmStatus)) AND (t9.userId = t2.userId)) AND (t7.alarmPrefix = t2.boundedContextId)) AND (t3.alarmPrefix = t2.domainId)) AND (t7.boundedContextId = t10.boundedContextId)) AND (t2.eventDateTime >= ?)) AND (t2.eventDateTime <= ?)) AND t2.requestId LIKE ?) AND (((t9.userId = t1.userId) AND (t10.boundedContextId = t3.boundedContextId)) AND (t0.contactId = t1.contactId))), F4C0BFB1-B67E-4954-822D-11B260BEE104]
[EL Finer]: transaction: 2016-09-19 09:45:29.302--ClientSession(1982302716)--Connection(169001343)--Thread(Thread[Test worker,5,main])--commit transaction
[EL Finest]: connection: 2016-09-19 09:45:29.327--ServerSession(1800530428)--Connection(1487843326)--Thread(Thread[Test worker,5,main])--Connection released to connection pool [default].
[EL Finer]: transaction: 2016-09-19 09:45:29.327--UnitOfWork(500448254)--Thread(Thread[Test worker,5,main])--end unit of work commit
[EL Finer]: transaction: 2016-09-19 09:45:29.327--UnitOfWork(500448254)--Thread(Thread[Test worker,5,main])--resume unit of work
[EL Finer]: transaction: 2016-09-19 09:45:29.328--UnitOfWork(500448254)--Thread(Thread[Test worker,5,main])--release unit of work
[EL Finer]: connection: 2016-09-19 09:45:29.328--ClientSession(1982302716)--Thread(Thread[Test worker,5,main])--client released
[EL Finer]: connection: 2016-09-19 09:45:29.328--ServerSession(1800530428)--Thread(Thread[Test worker,5,main])--client acquired: 1892922001
[EL Finer]: transaction: 2016-09-19 09:45:29.328--ClientSession(1892922001)--Thread(Thread[Test worker,5,main])--acquire unit of work: 1517324149
[EL Finest]: connection: 2016-09-19 09:45:29.329--ServerSession(1800530428)--Connection(298664118)--Thread(Thread[Test worker,5,main])--Connection acquired from connection pool [default].
[EL Finer]: transaction: 2016-09-19 09:45:29.329--ClientSession(1892922001)--Connection(298664118)--Thread(Thread[Test worker,5,main])--begin transaction
[EL Finest]: connection: 2016-09-19 09:45:29.329--ClientSession(1892922001)--Thread(Thread[Test worker,5,main])--reconnecting to external connection pool
[EL Finest]: transaction: 2016-09-19 09:45:29.337--UnitOfWork(1517324149)--Thread(Thread[Test worker,5,main])--Merge clone with references AwsQuery [queryId=FF048B23-9412-41CB-BBA3-D58CDB091F1A, jpqlQuery=SELECT COUNT(logSeverity.severity) AS logseverity_severity, logArchitectureLayer.layerId, logArchitectureLayer.layerName, logEventAction.eventActionId, logEventAction.eventAction, myBoundedContext.boundedContextName, logSeverity.severityId, logSeverity.severity, myDomain.domainName, logEvents.eventDate, logEvents.className FROM ArtLogArchitectureLayer AS logArchitectureLayer, ArtLogEventAction AS logEventAction, ArtBoundedContext AS myBoundedContext, ArtLogSeverity AS logSeverity, ArtDomain AS myDomain, ArtLogEvents AS logEvents WHERE myBoundedContext.alarmPrefix = logEvents.boundedContextId AND myDomain.alarmPrefix = logEvents.domainId AND myBoundedContext.boundedContextId = myDomain.artBoundedContext.boundedContextId AND logArchitectureLayer.layerId = logEvents.layerId AND logEventAction.eventActionId = logEvents.eventAction AND logSeverity.severityId = logEvents.severity AND logEvents.eventDate >= :eventDate AND logEvents.eventDate <= :eventDate1 AND logEvents.boundedContextId LIKE :boundedContextId1 AND logEvents.domainId LIKE :domainId1 AND logArchitectureLayer.layerId >= :layerId AND logArchitectureLayer.layerId <= :layerId1 AND logEventAction.eventActionId >= :eventActionId AND logEventAction.eventActionId <= :eventActionId1 GROUP BY logArchitectureLayer.layerId, logArchitectureLayer.layerName, logEventAction.eventActionId, logEventAction.eventAction, myBoundedContext.boundedContextName, logSeverity.severityId, logSeverity.severity, myDomain.domainName, logEvents.eventDate, logEvents.className , queryType=2, name=Event Summary Class wise, hiddenName=EVENT SUMMARY CLASS WISE]
[EL Finest]: query: 2016-09-19 09:45:29.337--UnitOfWork(1517324149)--Thread(Thread[Test worker,5,main])--Execute query ReadObjectQuery(referenceClass=ArtQuery )
[EL Fine]: sql: 2016-09-19 09:45:29.338--ClientSession(1892922001)--Connection(1743419845)--Thread(Thread[Test worker,5,main])--SELECT query_id, active_status, app_creator_id, created_by, created_date, hidden_name, jpql_query, name, project_id, project_version_id, query_json, query_type, sql_query, updated_by, updated_date, user_access, version_id FROM art_query WHERE (query_id = ?)
	bind => [FF048B23-9412-41CB-BBA3-D58CDB091F1A]
[EL Finer]: transaction: 2016-09-19 09:45:29.34--UnitOfWork(1517324149)--Thread(Thread[Test worker,5,main])--begin unit of work commit
[EL Finest]: query: 2016-09-19 09:45:29.341--UnitOfWork(1517324149)--Thread(Thread[Test worker,5,main])--Execute query UpdateObjectQuery(AwsQuery [queryId=FF048B23-9412-41CB-BBA3-D58CDB091F1A, jpqlQuery=SELECT COUNT(logSeverity.severity) AS logseverity_severity, logArchitectureLayer.layerId, logArchitectureLayer.layerName, logEventAction.eventActionId, logEventAction.eventAction, myBoundedContext.boundedContextName, logSeverity.severityId, logSeverity.severity, myDomain.domainName, logEvents.eventDate, logEvents.className FROM ArtLogArchitectureLayer AS logArchitectureLayer, ArtLogEventAction AS logEventAction, ArtBoundedContext AS myBoundedContext, ArtLogSeverity AS logSeverity, ArtDomain AS myDomain, ArtLogEvents AS logEvents WHERE myBoundedContext.alarmPrefix = logEvents.boundedContextId AND myDomain.alarmPrefix = logEvents.domainId AND myBoundedContext.boundedContextId = myDomain.artBoundedContext.boundedContextId AND logArchitectureLayer.layerId = logEvents.layerId AND logEventAction.eventActionId = logEvents.eventAction AND logSeverity.severityId = logEvents.severity AND logEvents.eventDate >= :eventDate AND logEvents.eventDate <= :eventDate1 AND logEvents.boundedContextId LIKE :boundedContextId1 AND logEvents.domainId LIKE :domainId1 AND logArchitectureLayer.layerId >= :layerId AND logArchitectureLayer.layerId <= :layerId1 AND logEventAction.eventActionId >= :eventActionId AND logEventAction.eventActionId <= :eventActionId1 GROUP BY logArchitectureLayer.layerId, logArchitectureLayer.layerName, logEventAction.eventActionId, logEventAction.eventAction, myBoundedContext.boundedContextName, logSeverity.severityId, logSeverity.severity, myDomain.domainName, logEvents.eventDate, logEvents.className , queryType=2, name=Event Summary Class wise, hiddenName=EVENT SUMMARY CLASS WISE])
[EL Fine]: sql: 2016-09-19 09:45:29.341--ClientSession(1892922001)--Connection(1743419845)--Thread(Thread[Test worker,5,main])--UPDATE art_query SET sql_query = ? WHERE (query_id = ?)
	bind => [SELECT COUNT(t0.severity), t1.layerId, t1.layerName, t2.eventActionId, t2.eventAction, t3.boundedContextName, t0.severityId, t0.severity, t4.domainName, t5.eventDate, t5.className FROM art_bounded_context t6, art_log_events_t t5, art_domain t4, art_bounded_context t3, art_log_event_action_m t2, art_log_architecture_layer_m t1, art_log_severity_m t0 WHERE (((((((((((((((t3.alarmPrefix = t5.boundedContextId) AND (t4.alarmPrefix = t5.domainId)) AND (t3.boundedContextId = t6.boundedContextId)) AND (t1.layerId = t5.layerId)) AND (t2.eventActionId = t5.eventAction)) AND (t0.severityId = t5.severity)) AND (t5.eventDate >= ?)) AND (t5.eventDate <= ?)) AND t5.boundedContextId LIKE ?) AND t5.domainId LIKE ?) AND (t1.layerId >= ?)) AND (t1.layerId <= ?)) AND (t2.eventActionId >= ?)) AND (t2.eventActionId <= ?)) AND (t6.boundedContextId = t4.boundedContextId)) GROUP BY t1.layerId, t1.layerName, t2.eventActionId, t2.eventAction, t3.boundedContextName, t0.severityId, t0.severity, t4.domainName, t5.eventDate, t5.className, FF048B23-9412-41CB-BBA3-D58CDB091F1A]
[EL Finer]: transaction: 2016-09-19 09:45:29.343--ClientSession(1892922001)--Connection(1743419845)--Thread(Thread[Test worker,5,main])--commit transaction
[EL Finest]: connection: 2016-09-19 09:45:29.368--ServerSession(1800530428)--Connection(298664118)--Thread(Thread[Test worker,5,main])--Connection released to connection pool [default].
[EL Finer]: transaction: 2016-09-19 09:45:29.368--UnitOfWork(1517324149)--Thread(Thread[Test worker,5,main])--end unit of work commit
[EL Finer]: transaction: 2016-09-19 09:45:29.368--UnitOfWork(1517324149)--Thread(Thread[Test worker,5,main])--resume unit of work
[EL Finer]: transaction: 2016-09-19 09:45:29.369--UnitOfWork(1517324149)--Thread(Thread[Test worker,5,main])--release unit of work
[EL Finer]: connection: 2016-09-19 09:45:29.369--ClientSession(1892922001)--Thread(Thread[Test worker,5,main])--client released
[EL Finer]: connection: 2016-09-19 09:45:38.276--ServerSession(1800530428)--Thread(Thread[Test worker,5,main])--client acquired: 388322005
[EL Finer]: transaction: 2016-09-19 09:45:38.276--ClientSession(388322005)--Thread(Thread[Test worker,5,main])--acquire unit of work: 325134802
[EL Finest]: connection: 2016-09-19 09:45:38.277--ServerSession(1800530428)--Connection(1342219246)--Thread(Thread[Test worker,5,main])--Connection acquired from connection pool [default].
[EL Finer]: transaction: 2016-09-19 09:45:38.277--ClientSession(388322005)--Connection(1342219246)--Thread(Thread[Test worker,5,main])--begin transaction
[EL Finest]: connection: 2016-09-19 09:45:38.278--ClientSession(388322005)--Thread(Thread[Test worker,5,main])--reconnecting to external connection pool
[EL Finest]: transaction: 2016-09-19 09:45:38.291--UnitOfWork(325134802)--Thread(Thread[Test worker,5,main])--persist() operation called on: wMqciGaCSPf4Eea3n4xzWpOSP7FUxqKGksoZVPoqedRJdKRphK.
[EL Finest]: sequencing: 2016-09-19 09:45:38.292--UnitOfWork(325134802)--Thread(Thread[Test worker,5,main])--assign sequence to the object (3F097631-C0C5-4BDE-896A-976FCF5DCEF1 -> wMqciGaCSPf4Eea3n4xzWpOSP7FUxqKGksoZVPoqedRJdKRphK)
[EL Finest]: transaction: 2016-09-19 09:45:38.293--UnitOfWork(325134802)--Thread(Thread[Test worker,5,main])--persist() operation called on: m9JPymxxLD6TKC7FJa2jIrvdIr1MOxHqInD5Y4nJoQd5W5qeFL.
[EL Finest]: sequencing: 2016-09-19 09:45:38.294--UnitOfWork(325134802)--Thread(Thread[Test worker,5,main])--assign sequence to the object (4E0E5AFE-E9EC-4C7F-B486-D915C52AC93F -> m9JPymxxLD6TKC7FJa2jIrvdIr1MOxHqInD5Y4nJoQd5W5qeFL)
[EL Finer]: transaction: 2016-09-19 09:45:38.295--UnitOfWork(325134802)--Thread(Thread[Test worker,5,main])--begin unit of work commit
[EL Finest]: query: 2016-09-19 09:45:38.297--UnitOfWork(325134802)--Thread(Thread[Test worker,5,main])--Execute query InsertObjectQuery(wMqciGaCSPf4Eea3n4xzWpOSP7FUxqKGksoZVPoqedRJdKRphK)
[EL Finest]: query: 2016-09-19 09:45:38.298--UnitOfWork(325134802)--Thread(Thread[Test worker,5,main])--Execute query InsertObjectQuery(m9JPymxxLD6TKC7FJa2jIrvdIr1MOxHqInD5Y4nJoQd5W5qeFL)
[EL Fine]: sql: 2016-09-19 09:45:38.299--ClientSession(388322005)--Connection(1386090416)--Thread(Thread[Test worker,5,main])--INSERT INTO ast_Emp_T (empId, empNm, empNo, versionId, createdBy, createdDate, updatedBy, updatedDate, activeStatus, txnAccessCode) VALUES (?, ?, ?, ?, ?, ?, ?, ?, ?, ?)
	bind => [3F097631-C0C5-4BDE-896A-976FCF5DCEF1, wMqciGaCSPf4Eea3n4xzWpOSP7FUxqKGksoZVPoqedRJdKRphK, 2147483647, 1, AAAAA, 2016-09-19 09:45:38.138, AAAAA, 2016-09-19 09:45:38.138, 1, 51000]
[EL Fine]: sql: 2016-09-19 09:45:38.303--ClientSession(388322005)--Connection(1386090416)--Thread(Thread[Test worker,5,main])--INSERT INTO ast_EmpDEpt_TP (deptId, dept, versionId, createdBy, createdDate, updatedBy, updatedDate, activeStatus, txnAccessCode, empId) VALUES (?, ?, ?, ?, ?, ?, ?, ?, ?, ?)
	bind => [4E0E5AFE-E9EC-4C7F-B486-D915C52AC93F, m9JPymxxLD6TKC7FJa2jIrvdIr1MOxHqInD5Y4nJoQd5W5qeFL, 1, AAAAA, 2016-09-19 09:45:38.138, AAAAA, 2016-09-19 09:45:38.138, 1, 51000, 3F097631-C0C5-4BDE-896A-976FCF5DCEF1]
[EL Finer]: transaction: 2016-09-19 09:45:38.306--ClientSession(388322005)--Connection(1386090416)--Thread(Thread[Test worker,5,main])--commit transaction
[EL Finest]: connection: 2016-09-19 09:45:38.505--ServerSession(1800530428)--Connection(1342219246)--Thread(Thread[Test worker,5,main])--Connection released to connection pool [default].
[EL Finer]: transaction: 2016-09-19 09:45:38.506--UnitOfWork(325134802)--Thread(Thread[Test worker,5,main])--end unit of work commit
[EL Finer]: transaction: 2016-09-19 09:45:38.506--UnitOfWork(325134802)--Thread(Thread[Test worker,5,main])--resume unit of work
[EL Finer]: transaction: 2016-09-19 09:45:38.507--UnitOfWork(325134802)--Thread(Thread[Test worker,5,main])--release unit of work
[EL Finer]: connection: 2016-09-19 09:45:38.507--ClientSession(388322005)--Thread(Thread[Test worker,5,main])--client released
[EL Finer]: connection: 2016-09-19 09:45:38.555--ServerSession(1800530428)--Thread(Thread[Test worker,5,main])--client acquired: 1524839815
[EL Finer]: transaction: 2016-09-19 09:45:38.556--ClientSession(1524839815)--Thread(Thread[Test worker,5,main])--acquire unit of work: 2060411054
[EL Finest]: connection: 2016-09-19 09:45:38.556--ServerSession(1800530428)--Connection(1154776703)--Thread(Thread[Test worker,5,main])--Connection acquired from connection pool [default].
[EL Finer]: transaction: 2016-09-19 09:45:38.556--ClientSession(1524839815)--Connection(1154776703)--Thread(Thread[Test worker,5,main])--begin transaction
[EL Finest]: connection: 2016-09-19 09:45:38.556--ClientSession(1524839815)--Thread(Thread[Test worker,5,main])--reconnecting to external connection pool
[EL Finer]: transaction: 2016-09-19 09:45:38.559--UnitOfWork(2060411054)--Thread(Thread[Test worker,5,main])--begin unit of work flush
[EL Finer]: transaction: 2016-09-19 09:45:38.559--UnitOfWork(2060411054)--Thread(Thread[Test worker,5,main])--end unit of work flush
[EL Finest]: query: 2016-09-19 09:45:38.56--UnitOfWork(2060411054)--Thread(Thread[Test worker,5,main])--Execute query ReadAllQuery(name="Emp.findById" referenceClass=Emp sql="SELECT empId, empNm, empNo, versionId, createdBy, createdDate, updatedBy, updatedDate, activeStatus, txnAccessCode FROM ast_Emp_T WHERE ((activeStatus = ?) AND (empId = ?))")
[EL Fine]: sql: 2016-09-19 09:45:38.56--ClientSession(1524839815)--Connection(1740865177)--Thread(Thread[Test worker,5,main])--SELECT empId, empNm, empNo, versionId, createdBy, createdDate, updatedBy, updatedDate, activeStatus, txnAccessCode FROM ast_Emp_T WHERE ((activeStatus = ?) AND (empId = ?))
	bind => [1, 3F097631-C0C5-4BDE-896A-976FCF5DCEF1]
[EL Finest]: query: 2016-09-19 09:45:38.563--UnitOfWork(2060411054)--Thread(Thread[Test worker,5,main])--Execute query ReadAllQuery(name="empDEpt" referenceClass=EmpDEpt sql="SELECT deptId, dept, versionId, createdBy, createdDate, updatedBy, updatedDate, activeStatus, txnAccessCode, empId FROM ast_EmpDEpt_TP WHERE (empId = ?)")
[EL Fine]: sql: 2016-09-19 09:45:38.563--ClientSession(1524839815)--Connection(1740865177)--Thread(Thread[Test worker,5,main])--SELECT deptId, dept, versionId, createdBy, createdDate, updatedBy, updatedDate, activeStatus, txnAccessCode, empId FROM ast_EmpDEpt_TP WHERE (empId = ?)
	bind => [3F097631-C0C5-4BDE-896A-976FCF5DCEF1]
[EL Finest]: query: 2016-09-19 09:45:38.565--UnitOfWork(2060411054)--Thread(Thread[Test worker,5,main])--Execute query ReadObjectQuery(name="emp" referenceClass=Emp )
[EL Finer]: transaction: 2016-09-19 09:45:38.566--UnitOfWork(2060411054)--Thread(Thread[Test worker,5,main])--begin unit of work commit
[EL Finer]: transaction: 2016-09-19 09:45:38.568--ClientSession(1524839815)--Connection(1740865177)--Thread(Thread[Test worker,5,main])--commit transaction
[EL Finest]: connection: 2016-09-19 09:45:38.569--ServerSession(1800530428)--Connection(1154776703)--Thread(Thread[Test worker,5,main])--Connection released to connection pool [default].
[EL Finer]: transaction: 2016-09-19 09:45:38.569--UnitOfWork(2060411054)--Thread(Thread[Test worker,5,main])--end unit of work commit
[EL Finer]: transaction: 2016-09-19 09:45:38.569--UnitOfWork(2060411054)--Thread(Thread[Test worker,5,main])--resume unit of work
[EL Finer]: transaction: 2016-09-19 09:45:38.57--UnitOfWork(2060411054)--Thread(Thread[Test worker,5,main])--release unit of work
[EL Finer]: connection: 2016-09-19 09:45:38.57--ClientSession(1524839815)--Thread(Thread[Test worker,5,main])--client released
[EL Finer]: connection: 2016-09-19 09:45:38.571--ServerSession(1800530428)--Thread(Thread[Test worker,5,main])--client acquired: 1497152218
[EL Finer]: transaction: 2016-09-19 09:45:38.571--ClientSession(1497152218)--Thread(Thread[Test worker,5,main])--acquire unit of work: 571436027
[EL Finest]: connection: 2016-09-19 09:45:38.571--ServerSession(1800530428)--Connection(578436405)--Thread(Thread[Test worker,5,main])--Connection acquired from connection pool [default].
[EL Finer]: transaction: 2016-09-19 09:45:38.571--ClientSession(1497152218)--Connection(578436405)--Thread(Thread[Test worker,5,main])--begin transaction
[EL Finest]: connection: 2016-09-19 09:45:38.571--ClientSession(1497152218)--Thread(Thread[Test worker,5,main])--reconnecting to external connection pool
[EL Finest]: transaction: 2016-09-19 09:45:38.578--UnitOfWork(571436027)--Thread(Thread[Test worker,5,main])--Merge clone with references Nd5LMTeq81mZNb5tlMk1qbvDzTKIHyJw2GfMJwkbPuNjVnGqf6
[EL Finest]: query: 2016-09-19 09:45:38.578--UnitOfWork(571436027)--Thread(Thread[Test worker,5,main])--Execute query ReadObjectQuery(referenceClass=Emp )
[EL Fine]: sql: 2016-09-19 09:45:38.579--ClientSession(1497152218)--Connection(377543902)--Thread(Thread[Test worker,5,main])--SELECT empId, empNm, empNo, versionId, createdBy, createdDate, updatedBy, updatedDate, activeStatus, txnAccessCode FROM ast_Emp_T WHERE (empId = ?)
	bind => [3F097631-C0C5-4BDE-896A-976FCF5DCEF1]
[EL Finest]: query: 2016-09-19 09:45:38.581--UnitOfWork(571436027)--Thread(Thread[Test worker,5,main])--Execute query ReadAllQuery(name="empDEpt" referenceClass=EmpDEpt sql="SELECT deptId, dept, versionId, createdBy, createdDate, updatedBy, updatedDate, activeStatus, txnAccessCode, empId FROM ast_EmpDEpt_TP WHERE (empId = ?)")
[EL Fine]: sql: 2016-09-19 09:45:38.581--ClientSession(1497152218)--Connection(377543902)--Thread(Thread[Test worker,5,main])--SELECT deptId, dept, versionId, createdBy, createdDate, updatedBy, updatedDate, activeStatus, txnAccessCode, empId FROM ast_EmpDEpt_TP WHERE (empId = ?)
	bind => [3F097631-C0C5-4BDE-896A-976FCF5DCEF1]
[EL Finest]: query: 2016-09-19 09:45:38.583--UnitOfWork(571436027)--Thread(Thread[Test worker,5,main])--Execute query ReadObjectQuery(name="emp" referenceClass=Emp )
[EL Finer]: transaction: 2016-09-19 09:45:38.584--UnitOfWork(571436027)--Thread(Thread[Test worker,5,main])--begin unit of work commit
[EL Finest]: query: 2016-09-19 09:45:38.584--UnitOfWork(571436027)--Thread(Thread[Test worker,5,main])--Execute query UpdateObjectQuery(Nd5LMTeq81mZNb5tlMk1qbvDzTKIHyJw2GfMJwkbPuNjVnGqf6)
[EL Fine]: sql: 2016-09-19 09:45:38.586--ClientSession(1497152218)--Connection(377543902)--Thread(Thread[Test worker,5,main])--UPDATE ast_Emp_T SET empNm = ?, versionId = ? WHERE ((empId = ?) AND (versionId = ?))
	bind => [Nd5LMTeq81mZNb5tlMk1qbvDzTKIHyJw2GfMJwkbPuNjVnGqf6, 2, 3F097631-C0C5-4BDE-896A-976FCF5DCEF1, 1]
[EL Finer]: transaction: 2016-09-19 09:45:38.588--ClientSession(1497152218)--Connection(377543902)--Thread(Thread[Test worker,5,main])--commit transaction
[EL Finest]: connection: 2016-09-19 09:45:38.622--ServerSession(1800530428)--Connection(578436405)--Thread(Thread[Test worker,5,main])--Connection released to connection pool [default].
[EL Finer]: transaction: 2016-09-19 09:45:38.622--UnitOfWork(571436027)--Thread(Thread[Test worker,5,main])--end unit of work commit
[EL Finer]: transaction: 2016-09-19 09:45:38.622--UnitOfWork(571436027)--Thread(Thread[Test worker,5,main])--resume unit of work
[EL Finer]: transaction: 2016-09-19 09:45:38.623--UnitOfWork(571436027)--Thread(Thread[Test worker,5,main])--release unit of work
[EL Finer]: connection: 2016-09-19 09:45:38.623--ClientSession(1497152218)--Thread(Thread[Test worker,5,main])--client released
[EL Finer]: connection: 2016-09-19 09:45:38.664--ServerSession(1800530428)--Thread(Thread[Test worker,5,main])--client acquired: 891227092
[EL Finer]: transaction: 2016-09-19 09:45:38.665--ClientSession(891227092)--Thread(Thread[Test worker,5,main])--acquire unit of work: 155297419
[EL Finest]: connection: 2016-09-19 09:45:38.665--ServerSession(1800530428)--Connection(891090028)--Thread(Thread[Test worker,5,main])--Connection acquired from connection pool [default].
[EL Finer]: transaction: 2016-09-19 09:45:38.665--ClientSession(891227092)--Connection(891090028)--Thread(Thread[Test worker,5,main])--begin transaction
[EL Finest]: connection: 2016-09-19 09:45:38.665--ClientSession(891227092)--Thread(Thread[Test worker,5,main])--reconnecting to external connection pool
[EL Finer]: transaction: 2016-09-19 09:45:38.667--UnitOfWork(155297419)--Thread(Thread[Test worker,5,main])--begin unit of work flush
[EL Finer]: transaction: 2016-09-19 09:45:38.667--UnitOfWork(155297419)--Thread(Thread[Test worker,5,main])--end unit of work flush
[EL Finest]: query: 2016-09-19 09:45:38.667--UnitOfWork(155297419)--Thread(Thread[Test worker,5,main])--Execute query ReadAllQuery(name="Emp.findById" referenceClass=Emp sql="SELECT empId, empNm, empNo, versionId, createdBy, createdDate, updatedBy, updatedDate, activeStatus, txnAccessCode FROM ast_Emp_T WHERE ((activeStatus = ?) AND (empId = ?))")
[EL Fine]: sql: 2016-09-19 09:45:38.668--ClientSession(891227092)--Connection(686232855)--Thread(Thread[Test worker,5,main])--SELECT empId, empNm, empNo, versionId, createdBy, createdDate, updatedBy, updatedDate, activeStatus, txnAccessCode FROM ast_Emp_T WHERE ((activeStatus = ?) AND (empId = ?))
	bind => [1, 3F097631-C0C5-4BDE-896A-976FCF5DCEF1]
[EL Finest]: query: 2016-09-19 09:45:38.67--UnitOfWork(155297419)--Thread(Thread[Test worker,5,main])--Execute query ReadAllQuery(name="empDEpt" referenceClass=EmpDEpt sql="SELECT deptId, dept, versionId, createdBy, createdDate, updatedBy, updatedDate, activeStatus, txnAccessCode, empId FROM ast_EmpDEpt_TP WHERE (empId = ?)")
[EL Fine]: sql: 2016-09-19 09:45:38.671--ClientSession(891227092)--Connection(686232855)--Thread(Thread[Test worker,5,main])--SELECT deptId, dept, versionId, createdBy, createdDate, updatedBy, updatedDate, activeStatus, txnAccessCode, empId FROM ast_EmpDEpt_TP WHERE (empId = ?)
	bind => [3F097631-C0C5-4BDE-896A-976FCF5DCEF1]
[EL Finest]: query: 2016-09-19 09:45:38.673--UnitOfWork(155297419)--Thread(Thread[Test worker,5,main])--Execute query ReadObjectQuery(name="emp" referenceClass=Emp )
[EL Finer]: transaction: 2016-09-19 09:45:38.674--UnitOfWork(155297419)--Thread(Thread[Test worker,5,main])--begin unit of work commit
[EL Finer]: transaction: 2016-09-19 09:45:38.675--ClientSession(891227092)--Connection(686232855)--Thread(Thread[Test worker,5,main])--commit transaction
[EL Finest]: connection: 2016-09-19 09:45:38.675--ServerSession(1800530428)--Connection(891090028)--Thread(Thread[Test worker,5,main])--Connection released to connection pool [default].
[EL Finer]: transaction: 2016-09-19 09:45:38.676--UnitOfWork(155297419)--Thread(Thread[Test worker,5,main])--end unit of work commit
[EL Finer]: transaction: 2016-09-19 09:45:38.676--UnitOfWork(155297419)--Thread(Thread[Test worker,5,main])--resume unit of work
[EL Finer]: transaction: 2016-09-19 09:45:38.677--UnitOfWork(155297419)--Thread(Thread[Test worker,5,main])--release unit of work
[EL Finer]: connection: 2016-09-19 09:45:38.677--ClientSession(891227092)--Thread(Thread[Test worker,5,main])--client released
[EL Finer]: connection: 2016-09-19 09:45:38.756--ServerSession(1800530428)--Thread(Thread[Test worker,5,main])--client acquired: 105821581
[EL Finer]: transaction: 2016-09-19 09:45:38.757--ClientSession(105821581)--Thread(Thread[Test worker,5,main])--acquire unit of work: 426852151
[EL Finest]: connection: 2016-09-19 09:45:38.757--ServerSession(1800530428)--Connection(1508720877)--Thread(Thread[Test worker,5,main])--Connection acquired from connection pool [default].
[EL Finer]: transaction: 2016-09-19 09:45:38.757--ClientSession(105821581)--Connection(1508720877)--Thread(Thread[Test worker,5,main])--begin transaction
[EL Finest]: connection: 2016-09-19 09:45:38.757--ClientSession(105821581)--Thread(Thread[Test worker,5,main])--reconnecting to external connection pool
[EL Finest]: query: 2016-09-19 09:45:38.76--UnitOfWork(426852151)--Thread(Thread[Test worker,5,main])--Execute query ReadObjectQuery(name="readEmp" referenceClass=Emp sql="SELECT empId, empNm, empNo, versionId, createdBy, createdDate, updatedBy, updatedDate, activeStatus, txnAccessCode FROM ast_Emp_T WHERE (empId = ?)")
[EL Fine]: sql: 2016-09-19 09:45:38.76--ClientSession(105821581)--Connection(2143031616)--Thread(Thread[Test worker,5,main])--SELECT empId, empNm, empNo, versionId, createdBy, createdDate, updatedBy, updatedDate, activeStatus, txnAccessCode FROM ast_Emp_T WHERE (empId = ?)
	bind => [3F097631-C0C5-4BDE-896A-976FCF5DCEF1]
[EL Finest]: query: 2016-09-19 09:45:38.762--UnitOfWork(426852151)--Thread(Thread[Test worker,5,main])--Execute query ReadAllQuery(name="empDEpt" referenceClass=EmpDEpt sql="SELECT deptId, dept, versionId, createdBy, createdDate, updatedBy, updatedDate, activeStatus, txnAccessCode, empId FROM ast_EmpDEpt_TP WHERE (empId = ?)")
[EL Fine]: sql: 2016-09-19 09:45:38.762--ClientSession(105821581)--Connection(2143031616)--Thread(Thread[Test worker,5,main])--SELECT deptId, dept, versionId, createdBy, createdDate, updatedBy, updatedDate, activeStatus, txnAccessCode, empId FROM ast_EmpDEpt_TP WHERE (empId = ?)
	bind => [3F097631-C0C5-4BDE-896A-976FCF5DCEF1]
[EL Finest]: query: 2016-09-19 09:45:38.765--UnitOfWork(426852151)--Thread(Thread[Test worker,5,main])--Execute query ReadObjectQuery(name="emp" referenceClass=Emp )
[EL Finest]: transaction: 2016-09-19 09:45:38.765--UnitOfWork(426852151)--Thread(Thread[Test worker,5,main])--remove() operation called on: Nd5LMTeq81mZNb5tlMk1qbvDzTKIHyJw2GfMJwkbPuNjVnGqf6
[EL Finest]: transaction: 2016-09-19 09:45:38.765--UnitOfWork(426852151)--Thread(Thread[Test worker,5,main])--remove() operation called on: m9JPymxxLD6TKC7FJa2jIrvdIr1MOxHqInD5Y4nJoQd5W5qeFL
[EL Finer]: transaction: 2016-09-19 09:45:38.766--UnitOfWork(426852151)--Thread(Thread[Test worker,5,main])--begin unit of work commit
[EL Finest]: query: 2016-09-19 09:45:38.767--UnitOfWork(426852151)--Thread(Thread[Test worker,5,main])--Execute query DoesExistQuery(referenceClass=EmpDEpt )
[EL Finest]: query: 2016-09-19 09:45:38.767--UnitOfWork(426852151)--Thread(Thread[Test worker,5,main])--Execute query DoesExistQuery(referenceClass=Emp )
[EL Finest]: query: 2016-09-19 09:45:38.768--UnitOfWork(426852151)--Thread(Thread[Test worker,5,main])--Execute query DeleteObjectQuery(m9JPymxxLD6TKC7FJa2jIrvdIr1MOxHqInD5Y4nJoQd5W5qeFL)
[EL Finest]: query: 2016-09-19 09:45:38.769--UnitOfWork(426852151)--Thread(Thread[Test worker,5,main])--Execute query DeleteObjectQuery(Nd5LMTeq81mZNb5tlMk1qbvDzTKIHyJw2GfMJwkbPuNjVnGqf6)
[EL Fine]: sql: 2016-09-19 09:45:38.769--ClientSession(105821581)--Connection(2143031616)--Thread(Thread[Test worker,5,main])--DELETE FROM ast_EmpDEpt_TP WHERE ((deptId = ?) AND (versionId = ?))
	bind => [4E0E5AFE-E9EC-4C7F-B486-D915C52AC93F, 1]
[EL Fine]: sql: 2016-09-19 09:45:38.834--ClientSession(105821581)--Connection(2143031616)--Thread(Thread[Test worker,5,main])--DELETE FROM ast_Emp_T WHERE ((empId = ?) AND (versionId = ?))
	bind => [3F097631-C0C5-4BDE-896A-976FCF5DCEF1, 2]
[EL Finer]: transaction: 2016-09-19 09:45:39.037--ClientSession(105821581)--Connection(2143031616)--Thread(Thread[Test worker,5,main])--commit transaction
[EL Finest]: connection: 2016-09-19 09:45:39.086--ServerSession(1800530428)--Connection(1508720877)--Thread(Thread[Test worker,5,main])--Connection released to connection pool [default].
[EL Finer]: transaction: 2016-09-19 09:45:39.086--UnitOfWork(426852151)--Thread(Thread[Test worker,5,main])--end unit of work commit
[EL Finer]: transaction: 2016-09-19 09:45:39.086--UnitOfWork(426852151)--Thread(Thread[Test worker,5,main])--resume unit of work
[EL Finer]: transaction: 2016-09-19 09:45:39.086--UnitOfWork(426852151)--Thread(Thread[Test worker,5,main])--release unit of work
[EL Finer]: connection: 2016-09-19 09:45:39.087--ClientSession(105821581)--Thread(Thread[Test worker,5,main])--client released
]]></system-out>
  <system-err><![CDATA[log4j:WARN No appenders could be found for logger (org.springframework.test.context.junit4.SpringJUnit4ClassRunner).
log4j:WARN Please initialize the log4j system properly.
log4j:WARN See http://logging.apache.org/log4j/1.2/faq.html#noconfig for more info.
Emp.empNo may not be null
java.lang.SecurityException: Emp.empNo may not be null
	at com.athena.server.pluggable.utils.helper.EntityValidatorHelper.validateEntity(EntityValidatorHelper.java:37)
	at com.app.shared.appinsight.health.Emp.isValid(Emp.java:240)
	at com.app.server.service.appinsight.health.EmpTestCase.validateEmp(EmpTestCase.java:214)
	at com.app.server.service.appinsight.health.EmpTestCase.test5NegativeTesting(EmpTestCase.java:246)
	at sun.reflect.NativeMethodAccessorImpl.invoke0(Native Method)
	at sun.reflect.NativeMethodAccessorImpl.invoke(NativeMethodAccessorImpl.java:57)
	at sun.reflect.DelegatingMethodAccessorImpl.invoke(DelegatingMethodAccessorImpl.java:43)
	at java.lang.reflect.Method.invoke(Method.java:606)
	at org.junit.runners.model.FrameworkMethod$1.runReflectiveCall(FrameworkMethod.java:47)
	at org.junit.internal.runners.model.ReflectiveCallable.run(ReflectiveCallable.java:12)
	at org.junit.runners.model.FrameworkMethod.invokeExplosively(FrameworkMethod.java:44)
	at org.junit.internal.runners.statements.InvokeMethod.evaluate(InvokeMethod.java:17)
	at org.junit.internal.runners.statements.RunBefores.evaluate(RunBefores.java:26)
	at org.springframework.test.context.junit4.statements.RunBeforeTestMethodCallbacks.evaluate(RunBeforeTestMethodCallbacks.java:74)
	at org.junit.internal.runners.statements.RunAfters.evaluate(RunAfters.java:27)
	at org.springframework.test.context.junit4.statements.RunAfterTestMethodCallbacks.evaluate(RunAfterTestMethodCallbacks.java:83)
	at org.springframework.test.context.junit4.statements.SpringRepeat.evaluate(SpringRepeat.java:72)
	at org.springframework.test.context.junit4.SpringJUnit4ClassRunner.runChild(SpringJUnit4ClassRunner.java:233)
	at org.springframework.test.context.junit4.SpringJUnit4ClassRunner.runChild(SpringJUnit4ClassRunner.java:87)
	at org.junit.runners.ParentRunner$3.run(ParentRunner.java:238)
	at org.junit.runners.ParentRunner$1.schedule(ParentRunner.java:63)
	at org.junit.runners.ParentRunner.runChildren(ParentRunner.java:236)
	at org.junit.runners.ParentRunner.access$000(ParentRunner.java:53)
	at org.junit.runners.ParentRunner$2.evaluate(ParentRunner.java:229)
	at org.junit.internal.runners.statements.RunBefores.evaluate(RunBefores.java:26)
	at org.springframework.test.context.junit4.statements.RunBeforeTestClassCallbacks.evaluate(RunBeforeTestClassCallbacks.java:61)
	at org.springframework.test.context.junit4.statements.RunAfterTestClassCallbacks.evaluate(RunAfterTestClassCallbacks.java:71)
	at org.junit.runners.ParentRunner.run(ParentRunner.java:309)
	at org.springframework.test.context.junit4.SpringJUnit4ClassRunner.run(SpringJUnit4ClassRunner.java:176)
	at org.gradle.api.internal.tasks.testing.junit.JUnitTestClassExecuter.runTestClass(JUnitTestClassExecuter.java:86)
	at org.gradle.api.internal.tasks.testing.junit.JUnitTestClassExecuter.execute(JUnitTestClassExecuter.java:49)
	at org.gradle.api.internal.tasks.testing.junit.JUnitTestClassProcessor.processTestClass(JUnitTestClassProcessor.java:64)
	at org.gradle.api.internal.tasks.testing.SuiteTestClassProcessor.processTestClass(SuiteTestClassProcessor.java:50)
	at sun.reflect.NativeMethodAccessorImpl.invoke0(Native Method)
	at sun.reflect.NativeMethodAccessorImpl.invoke(NativeMethodAccessorImpl.java:57)
	at sun.reflect.DelegatingMethodAccessorImpl.invoke(DelegatingMethodAccessorImpl.java:43)
	at java.lang.reflect.Method.invoke(Method.java:606)
	at org.gradle.messaging.dispatch.ReflectionDispatch.dispatch(ReflectionDispatch.java:35)
	at org.gradle.messaging.dispatch.ReflectionDispatch.dispatch(ReflectionDispatch.java:24)
	at org.gradle.messaging.dispatch.ContextClassLoaderDispatch.dispatch(ContextClassLoaderDispatch.java:32)
	at org.gradle.messaging.dispatch.ProxyDispatchAdapter$DispatchingInvocationHandler.invoke(ProxyDispatchAdapter.java:93)
	at com.sun.proxy.$Proxy2.processTestClass(Unknown Source)
	at org.gradle.api.internal.tasks.testing.worker.TestWorker.processTestClass(TestWorker.java:106)
	at sun.reflect.NativeMethodAccessorImpl.invoke0(Native Method)
	at sun.reflect.NativeMethodAccessorImpl.invoke(NativeMethodAccessorImpl.java:57)
	at sun.reflect.DelegatingMethodAccessorImpl.invoke(DelegatingMethodAccessorImpl.java:43)
	at java.lang.reflect.Method.invoke(Method.java:606)
	at org.gradle.messaging.dispatch.ReflectionDispatch.dispatch(ReflectionDispatch.java:35)
	at org.gradle.messaging.dispatch.ReflectionDispatch.dispatch(ReflectionDispatch.java:24)
	at org.gradle.messaging.remote.internal.hub.MessageHub$Handler.run(MessageHub.java:360)
	at org.gradle.internal.concurrent.DefaultExecutorFactory$StoppableExecutorImpl$1.run(DefaultExecutorFactory.java:64)
	at java.util.concurrent.ThreadPoolExecutor.runWorker(ThreadPoolExecutor.java:1145)
	at java.util.concurrent.ThreadPoolExecutor$Worker.run(ThreadPoolExecutor.java:615)
	at java.lang.Thread.run(Thread.java:745)
Emp.empNm may not be null
java.lang.SecurityException: Emp.empNm may not be null
	at com.athena.server.pluggable.utils.helper.EntityValidatorHelper.validateEntity(EntityValidatorHelper.java:37)
	at com.app.shared.appinsight.health.Emp.isValid(Emp.java:240)
	at com.app.server.service.appinsight.health.EmpTestCase.validateEmp(EmpTestCase.java:214)
	at com.app.server.service.appinsight.health.EmpTestCase.test5NegativeTesting(EmpTestCase.java:252)
	at sun.reflect.NativeMethodAccessorImpl.invoke0(Native Method)
	at sun.reflect.NativeMethodAccessorImpl.invoke(NativeMethodAccessorImpl.java:57)
	at sun.reflect.DelegatingMethodAccessorImpl.invoke(DelegatingMethodAccessorImpl.java:43)
	at java.lang.reflect.Method.invoke(Method.java:606)
	at org.junit.runners.model.FrameworkMethod$1.runReflectiveCall(FrameworkMethod.java:47)
	at org.junit.internal.runners.model.ReflectiveCallable.run(ReflectiveCallable.java:12)
	at org.junit.runners.model.FrameworkMethod.invokeExplosively(FrameworkMethod.java:44)
	at org.junit.internal.runners.statements.InvokeMethod.evaluate(InvokeMethod.java:17)
	at org.junit.internal.runners.statements.RunBefores.evaluate(RunBefores.java:26)
	at org.springframework.test.context.junit4.statements.RunBeforeTestMethodCallbacks.evaluate(RunBeforeTestMethodCallbacks.java:74)
	at org.junit.internal.runners.statements.RunAfters.evaluate(RunAfters.java:27)
	at org.springframework.test.context.junit4.statements.RunAfterTestMethodCallbacks.evaluate(RunAfterTestMethodCallbacks.java:83)
	at org.springframework.test.context.junit4.statements.SpringRepeat.evaluate(SpringRepeat.java:72)
	at org.springframework.test.context.junit4.SpringJUnit4ClassRunner.runChild(SpringJUnit4ClassRunner.java:233)
	at org.springframework.test.context.junit4.SpringJUnit4ClassRunner.runChild(SpringJUnit4ClassRunner.java:87)
	at org.junit.runners.ParentRunner$3.run(ParentRunner.java:238)
	at org.junit.runners.ParentRunner$1.schedule(ParentRunner.java:63)
	at org.junit.runners.ParentRunner.runChildren(ParentRunner.java:236)
	at org.junit.runners.ParentRunner.access$000(ParentRunner.java:53)
	at org.junit.runners.ParentRunner$2.evaluate(ParentRunner.java:229)
	at org.junit.internal.runners.statements.RunBefores.evaluate(RunBefores.java:26)
	at org.springframework.test.context.junit4.statements.RunBeforeTestClassCallbacks.evaluate(RunBeforeTestClassCallbacks.java:61)
	at org.springframework.test.context.junit4.statements.RunAfterTestClassCallbacks.evaluate(RunAfterTestClassCallbacks.java:71)
	at org.junit.runners.ParentRunner.run(ParentRunner.java:309)
	at org.springframework.test.context.junit4.SpringJUnit4ClassRunner.run(SpringJUnit4ClassRunner.java:176)
	at org.gradle.api.internal.tasks.testing.junit.JUnitTestClassExecuter.runTestClass(JUnitTestClassExecuter.java:86)
	at org.gradle.api.internal.tasks.testing.junit.JUnitTestClassExecuter.execute(JUnitTestClassExecuter.java:49)
	at org.gradle.api.internal.tasks.testing.junit.JUnitTestClassProcessor.processTestClass(JUnitTestClassProcessor.java:64)
	at org.gradle.api.internal.tasks.testing.SuiteTestClassProcessor.processTestClass(SuiteTestClassProcessor.java:50)
	at sun.reflect.NativeMethodAccessorImpl.invoke0(Native Method)
	at sun.reflect.NativeMethodAccessorImpl.invoke(NativeMethodAccessorImpl.java:57)
	at sun.reflect.DelegatingMethodAccessorImpl.invoke(DelegatingMethodAccessorImpl.java:43)
	at java.lang.reflect.Method.invoke(Method.java:606)
	at org.gradle.messaging.dispatch.ReflectionDispatch.dispatch(ReflectionDispatch.java:35)
	at org.gradle.messaging.dispatch.ReflectionDispatch.dispatch(ReflectionDispatch.java:24)
	at org.gradle.messaging.dispatch.ContextClassLoaderDispatch.dispatch(ContextClassLoaderDispatch.java:32)
	at org.gradle.messaging.dispatch.ProxyDispatchAdapter$DispatchingInvocationHandler.invoke(ProxyDispatchAdapter.java:93)
	at com.sun.proxy.$Proxy2.processTestClass(Unknown Source)
	at org.gradle.api.internal.tasks.testing.worker.TestWorker.processTestClass(TestWorker.java:106)
	at sun.reflect.NativeMethodAccessorImpl.invoke0(Native Method)
	at sun.reflect.NativeMethodAccessorImpl.invoke(NativeMethodAccessorImpl.java:57)
	at sun.reflect.DelegatingMethodAccessorImpl.invoke(DelegatingMethodAccessorImpl.java:43)
	at java.lang.reflect.Method.invoke(Method.java:606)
	at org.gradle.messaging.dispatch.ReflectionDispatch.dispatch(ReflectionDispatch.java:35)
	at org.gradle.messaging.dispatch.ReflectionDispatch.dispatch(ReflectionDispatch.java:24)
	at org.gradle.messaging.remote.internal.hub.MessageHub$Handler.run(MessageHub.java:360)
	at org.gradle.internal.concurrent.DefaultExecutorFactory$StoppableExecutorImpl$1.run(DefaultExecutorFactory.java:64)
	at java.util.concurrent.ThreadPoolExecutor.runWorker(ThreadPoolExecutor.java:1145)
	at java.util.concurrent.ThreadPoolExecutor$Worker.run(ThreadPoolExecutor.java:615)
	at java.lang.Thread.run(Thread.java:745)
Emp.empNm size must be between 1 and 256
java.lang.SecurityException: Emp.empNm size must be between 1 and 256
	at com.athena.server.pluggable.utils.helper.EntityValidatorHelper.validateEntity(EntityValidatorHelper.java:37)
	at com.app.shared.appinsight.health.Emp.isValid(Emp.java:240)
	at com.app.server.service.appinsight.health.EmpTestCase.validateEmp(EmpTestCase.java:212)
	at com.app.server.service.appinsight.health.EmpTestCase.test5NegativeTesting(EmpTestCase.java:257)
	at sun.reflect.NativeMethodAccessorImpl.invoke0(Native Method)
	at sun.reflect.NativeMethodAccessorImpl.invoke(NativeMethodAccessorImpl.java:57)
	at sun.reflect.DelegatingMethodAccessorImpl.invoke(DelegatingMethodAccessorImpl.java:43)
	at java.lang.reflect.Method.invoke(Method.java:606)
	at org.junit.runners.model.FrameworkMethod$1.runReflectiveCall(FrameworkMethod.java:47)
	at org.junit.internal.runners.model.ReflectiveCallable.run(ReflectiveCallable.java:12)
	at org.junit.runners.model.FrameworkMethod.invokeExplosively(FrameworkMethod.java:44)
	at org.junit.internal.runners.statements.InvokeMethod.evaluate(InvokeMethod.java:17)
	at org.junit.internal.runners.statements.RunBefores.evaluate(RunBefores.java:26)
	at org.springframework.test.context.junit4.statements.RunBeforeTestMethodCallbacks.evaluate(RunBeforeTestMethodCallbacks.java:74)
	at org.junit.internal.runners.statements.RunAfters.evaluate(RunAfters.java:27)
	at org.springframework.test.context.junit4.statements.RunAfterTestMethodCallbacks.evaluate(RunAfterTestMethodCallbacks.java:83)
	at org.springframework.test.context.junit4.statements.SpringRepeat.evaluate(SpringRepeat.java:72)
	at org.springframework.test.context.junit4.SpringJUnit4ClassRunner.runChild(SpringJUnit4ClassRunner.java:233)
	at org.springframework.test.context.junit4.SpringJUnit4ClassRunner.runChild(SpringJUnit4ClassRunner.java:87)
	at org.junit.runners.ParentRunner$3.run(ParentRunner.java:238)
	at org.junit.runners.ParentRunner$1.schedule(ParentRunner.java:63)
	at org.junit.runners.ParentRunner.runChildren(ParentRunner.java:236)
	at org.junit.runners.ParentRunner.access$000(ParentRunner.java:53)
	at org.junit.runners.ParentRunner$2.evaluate(ParentRunner.java:229)
	at org.junit.internal.runners.statements.RunBefores.evaluate(RunBefores.java:26)
	at org.springframework.test.context.junit4.statements.RunBeforeTestClassCallbacks.evaluate(RunBeforeTestClassCallbacks.java:61)
	at org.springframework.test.context.junit4.statements.RunAfterTestClassCallbacks.evaluate(RunAfterTestClassCallbacks.java:71)
	at org.junit.runners.ParentRunner.run(ParentRunner.java:309)
	at org.springframework.test.context.junit4.SpringJUnit4ClassRunner.run(SpringJUnit4ClassRunner.java:176)
	at org.gradle.api.internal.tasks.testing.junit.JUnitTestClassExecuter.runTestClass(JUnitTestClassExecuter.java:86)
	at org.gradle.api.internal.tasks.testing.junit.JUnitTestClassExecuter.execute(JUnitTestClassExecuter.java:49)
	at org.gradle.api.internal.tasks.testing.junit.JUnitTestClassProcessor.processTestClass(JUnitTestClassProcessor.java:64)
	at org.gradle.api.internal.tasks.testing.SuiteTestClassProcessor.processTestClass(SuiteTestClassProcessor.java:50)
	at sun.reflect.NativeMethodAccessorImpl.invoke0(Native Method)
	at sun.reflect.NativeMethodAccessorImpl.invoke(NativeMethodAccessorImpl.java:57)
	at sun.reflect.DelegatingMethodAccessorImpl.invoke(DelegatingMethodAccessorImpl.java:43)
	at java.lang.reflect.Method.invoke(Method.java:606)
	at org.gradle.messaging.dispatch.ReflectionDispatch.dispatch(ReflectionDispatch.java:35)
	at org.gradle.messaging.dispatch.ReflectionDispatch.dispatch(ReflectionDispatch.java:24)
	at org.gradle.messaging.dispatch.ContextClassLoaderDispatch.dispatch(ContextClassLoaderDispatch.java:32)
	at org.gradle.messaging.dispatch.ProxyDispatchAdapter$DispatchingInvocationHandler.invoke(ProxyDispatchAdapter.java:93)
	at com.sun.proxy.$Proxy2.processTestClass(Unknown Source)
	at org.gradle.api.internal.tasks.testing.worker.TestWorker.processTestClass(TestWorker.java:106)
	at sun.reflect.NativeMethodAccessorImpl.invoke0(Native Method)
	at sun.reflect.NativeMethodAccessorImpl.invoke(NativeMethodAccessorImpl.java:57)
	at sun.reflect.DelegatingMethodAccessorImpl.invoke(DelegatingMethodAccessorImpl.java:43)
	at java.lang.reflect.Method.invoke(Method.java:606)
	at org.gradle.messaging.dispatch.ReflectionDispatch.dispatch(ReflectionDispatch.java:35)
	at org.gradle.messaging.dispatch.ReflectionDispatch.dispatch(ReflectionDispatch.java:24)
	at org.gradle.messaging.remote.internal.hub.MessageHub$Handler.run(MessageHub.java:360)
	at org.gradle.internal.concurrent.DefaultExecutorFactory$StoppableExecutorImpl$1.run(DefaultExecutorFactory.java:64)
	at java.util.concurrent.ThreadPoolExecutor.runWorker(ThreadPoolExecutor.java:1145)
	at java.util.concurrent.ThreadPoolExecutor$Worker.run(ThreadPoolExecutor.java:615)
	at java.lang.Thread.run(Thread.java:745)
]]></system-err>
</testsuite>
