<?xml version="1.0" encoding="UTF-8"?>
<testsuite name="com.app.server.service.organization.contactmanagement.CoreContactsTestCase" tests="8" skipped="0" failures="0" errors="0" timestamp="2016-09-19T09:45:57" hostname="b68a979f9de0" time="1.838">
  <properties/>
  <testcase name="test1Save" classname="com.app.server.service.organization.contactmanagement.CoreContactsTestCase" time="0.762"/>
  <testcase name="test2Update" classname="com.app.server.service.organization.contactmanagement.CoreContactsTestCase" time="0.155"/>
  <testcase name="test3FindById" classname="com.app.server.service.organization.contactmanagement.CoreContactsTestCase" time="0.03"/>
  <testcase name="test3findBygenderId" classname="com.app.server.service.organization.contactmanagement.CoreContactsTestCase" time="0.026"/>
  <testcase name="test3findBynativeLanguageCode" classname="com.app.server.service.organization.contactmanagement.CoreContactsTestCase" time="0.025"/>
  <testcase name="test3findBytitleId" classname="com.app.server.service.organization.contactmanagement.CoreContactsTestCase" time="0.035"/>
  <testcase name="test5NegativeTesting" classname="com.app.server.service.organization.contactmanagement.CoreContactsTestCase" time="0.079"/>
  <testcase name="test6Delete" classname="com.app.server.service.organization.contactmanagement.CoreContactsTestCase" time="0.724"/>
  <system-out><![CDATA[Mon Sep 19 09:45:57 UTC 2016|Log Manager Factory|Initialization Process started.....
Mon Sep 19 09:45:57 UTC 2016|Log Manager|Initialized with Path = [/home/applifire/workspace/testproject/src/main/webapp/WEB-INF/conf]
Mon Sep 19 09:45:57 UTC 2016|Alarm Manager|Initialized with Path = [/home/applifire/workspace/testproject/src/main/webapp/WEB-INF/conf]
Mon Sep 19 09:45:57 UTC 2016|Alarm Manager|Loading Alarms ......
Mon Sep 19 09:45:57 UTC 2016|Alarm XML Parser|FWA|XML Parsing Complete........ 
Mon Sep 19 09:45:57 UTC 2016|Alarm File Manager|FWA|Alarm File Status.. [ApplicationFrameworkAlarms.xml]|Version=15|Status=Done 
Mon Sep 19 09:45:57 UTC 2016|Alarm File Manager|FWA|Alarm Stats = ( BC/AL=5/786 SYS=5/11 [786/0]  TPL=0/0 [0/0]  APP= A.Map=[875]  E.Map EC/RC=[391/79] )
Mon Sep 19 09:45:57 UTC 2016|Alarm XML Parser|APP|XML Parsing Complete........ 
Mon Sep 19 09:45:57 UTC 2016|Alarm File Manager|APP|Alarm File Status.. [ApplicationAlarms.xml]|Version=1|Status=Done 
Mon Sep 19 09:45:57 UTC 2016|Alarm File Manager|APP|Alarm Stats = ( BC/AL=5/786 SYS=5/11 [786/0]  TPL=0/0 [0/0]  APP=0/0 [0/0]  A.Map=[875]  E.Map EC/RC=[391/79] )
Mon Sep 19 09:45:57 UTC 2016|ApplicationAlarmContext| <><><><><> Create App Alarms ....  <><><><><> 
Mon Sep 19 09:45:57 UTC 2016|ApplicationAlarmContext|Alarms are generated ONLY in Development Mode.. 
Mon Sep 19 09:45:57 UTC 2016|Alarm Manager|APP|Alarm Stats = ( BC/AL=5/786 SYS=5/11 [786/0]  TPL=0/0 [0/0]  APP=0/0 [0/0]  A.Map=[875]  E.Map EC/RC=[391/79] )
Mon Sep 19 09:45:57 UTC 2016|Alarm Manager|Initialized Exception Lookup...
Mon Sep 19 09:45:57 UTC 2016|Log Manager|Initialize Log Config File ......
Mon Sep 19 09:45:57 UTC 2016|Pluggable Connectors|Adding Connectors : StandardOutputConnector isEnabled=true isDefault=false isFallBack=true
Mon Sep 19 09:45:57 UTC 2016|Pluggable Connectors|Adding Connectors : StandardFileConnector isEnabled=true isDefault=false isFallBack=false
Mon Sep 19 09:45:57 UTC 2016|Pluggable Connectors|Adding Connectors : Sprinkler isEnabled=true isDefault=true isFallBack=false
Mon Sep 19 09:45:57 UTC 2016|Pluggable Connectors|Default Connector Name : com.spartan.logger.core.LogMessenger
Mon Sep 19 09:45:57 UTC 2016|Log Config Parser|Connector Least Log Level =[4]  FallBack Log Level =[3]
Mon Sep 19 09:45:57 UTC 2016|Log Manager|Loading Default Connector for Logging ......
Mon Sep 19 09:45:57 UTC 2016|Log Manager|Loading class .. com.spartan.logger.core.LogMessenger
Mon Sep 19 09:45:57 UTC 2016|Plugggable Connector|Connector class com.spartan.logger.core.LogMessenger Initialized... @ Log Level = 3
Mon Sep 19 09:45:57 UTC 2016|Log Manager|Starting the Default Connector [com.spartan.logger.core.LogMessenger@4784afe6] ....
Mon Sep 19 09:45:57 UTC 2016|Scheduler|Starting the Scheduler ......
Mon Sep 19 09:45:57 UTC 2016|Scheduler|Adding [LMID=[9d233f14-95d4-4cd7-a24f-17ebd1a46f95]] Delay=5 Time Unit=MINUTES
Mon Sep 19 09:45:57 UTC 2016|Scheduler|Adding [App Alarm Manager File=[ApplicationAlarms.xml]] Delay=30 Time Unit=MINUTES
Mon Sep 19 09:45:57 UTC 2016|Scheduler|Adding [FW Alarm Manager File=[ApplicationFrameworkAlarms.xml]] Delay=3 Time Unit=MINUTES
Mon Sep 19 09:45:57 UTC 2016|Scheduler|Startup Completed..
Mon Sep 19 09:45:57 UTC 2016|Log Manager|Initialization Process Complete ......
Mon Sep 19 09:45:57 UTC 2016|Log Manager Factory|Log Manager READY! ID = 9d233f14-95d4-4cd7-a24f-17ebd1a46f95
[EL Finer]: connection: 2016-09-19 09:45:58.027--ServerSession(1800530428)--Thread(Thread[Test worker,5,main])--client acquired: 1217117722
[EL Finer]: transaction: 2016-09-19 09:45:58.027--ClientSession(1217117722)--Thread(Thread[Test worker,5,main])--acquire unit of work: 1315815979
[EL Finest]: connection: 2016-09-19 09:45:58.027--ServerSession(1800530428)--Connection(132562247)--Thread(Thread[Test worker,5,main])--Connection acquired from connection pool [default].
[EL Finer]: transaction: 2016-09-19 09:45:58.027--ClientSession(1217117722)--Connection(132562247)--Thread(Thread[Test worker,5,main])--begin transaction
[EL Finest]: connection: 2016-09-19 09:45:58.028--ClientSession(1217117722)--Thread(Thread[Test worker,5,main])--reconnecting to external connection pool
[EL Finest]: transaction: 2016-09-19 09:45:58.03--UnitOfWork(1315815979)--Thread(Thread[Test worker,5,main])--persist() operation called on: ynIaY92Zz8ny55qFty5FCTdlr6jQDF1vODlR250whSGagEdswU.
[EL Finest]: sequencing: 2016-09-19 09:45:58.03--UnitOfWork(1315815979)--Thread(Thread[Test worker,5,main])--assign sequence to the object (431ABCBD-1C73-4278-A03B-66A0BC5BF4E5 -> ynIaY92Zz8ny55qFty5FCTdlr6jQDF1vODlR250whSGagEdswU)
[EL Finer]: transaction: 2016-09-19 09:45:58.03--UnitOfWork(1315815979)--Thread(Thread[Test worker,5,main])--begin unit of work commit
[EL Finest]: query: 2016-09-19 09:45:58.031--UnitOfWork(1315815979)--Thread(Thread[Test worker,5,main])--Execute query InsertObjectQuery(ynIaY92Zz8ny55qFty5FCTdlr6jQDF1vODlR250whSGagEdswU)
[EL Fine]: sql: 2016-09-19 09:45:58.031--ClientSession(1217117722)--Connection(1161473593)--Thread(Thread[Test worker,5,main])--INSERT INTO ast_Title_M (titleId, titles, versionId, createdBy, createdDate, updatedBy, updatedDate, activeStatus, txnAccessCode) VALUES (?, ?, ?, ?, ?, ?, ?, ?, ?)
	bind => [431ABCBD-1C73-4278-A03B-66A0BC5BF4E5, ynIaY92Zz8ny55qFty5FCTdlr6jQDF1vODlR250whSGagEdswU, 1, AAAAA, 2016-09-19 09:45:58.014, AAAAA, 2016-09-19 09:45:58.014, 1, 51000]
[EL Finer]: transaction: 2016-09-19 09:45:58.032--ClientSession(1217117722)--Connection(1161473593)--Thread(Thread[Test worker,5,main])--commit transaction
[EL Finest]: connection: 2016-09-19 09:45:58.059--ServerSession(1800530428)--Connection(132562247)--Thread(Thread[Test worker,5,main])--Connection released to connection pool [default].
[EL Finer]: transaction: 2016-09-19 09:45:58.059--UnitOfWork(1315815979)--Thread(Thread[Test worker,5,main])--end unit of work commit
[EL Finer]: transaction: 2016-09-19 09:45:58.059--UnitOfWork(1315815979)--Thread(Thread[Test worker,5,main])--resume unit of work
[EL Finer]: transaction: 2016-09-19 09:45:58.059--UnitOfWork(1315815979)--Thread(Thread[Test worker,5,main])--release unit of work
[EL Finer]: connection: 2016-09-19 09:45:58.059--ClientSession(1217117722)--Thread(Thread[Test worker,5,main])--client released
[EL Finer]: connection: 2016-09-19 09:45:58.072--ServerSession(1800530428)--Thread(Thread[Test worker,5,main])--client acquired: 1663961945
[EL Finer]: transaction: 2016-09-19 09:45:58.072--ClientSession(1663961945)--Thread(Thread[Test worker,5,main])--acquire unit of work: 1676358381
[EL Finest]: connection: 2016-09-19 09:45:58.072--ServerSession(1800530428)--Connection(1717344474)--Thread(Thread[Test worker,5,main])--Connection acquired from connection pool [default].
[EL Finer]: transaction: 2016-09-19 09:45:58.072--ClientSession(1663961945)--Connection(1717344474)--Thread(Thread[Test worker,5,main])--begin transaction
[EL Finest]: connection: 2016-09-19 09:45:58.072--ClientSession(1663961945)--Thread(Thread[Test worker,5,main])--reconnecting to external connection pool
[EL Finest]: transaction: 2016-09-19 09:45:58.074--UnitOfWork(1676358381)--Thread(Thread[Test worker,5,main])--persist() operation called on: JuJBeNbh8HowK4kiAEyiskqtcTlOzMsM9yVIbjA1hKNhW3hZ6t.
[EL Finest]: sequencing: 2016-09-19 09:45:58.075--UnitOfWork(1676358381)--Thread(Thread[Test worker,5,main])--assign sequence to the object (C477C0DF-C403-48F0-BEA5-9B005568325A -> JuJBeNbh8HowK4kiAEyiskqtcTlOzMsM9yVIbjA1hKNhW3hZ6t)
[EL Finer]: transaction: 2016-09-19 09:45:58.075--UnitOfWork(1676358381)--Thread(Thread[Test worker,5,main])--begin unit of work commit
[EL Finest]: query: 2016-09-19 09:45:58.075--UnitOfWork(1676358381)--Thread(Thread[Test worker,5,main])--Execute query InsertObjectQuery(JuJBeNbh8HowK4kiAEyiskqtcTlOzMsM9yVIbjA1hKNhW3hZ6t)
[EL Fine]: sql: 2016-09-19 09:45:58.075--ClientSession(1663961945)--Connection(1169798629)--Thread(Thread[Test worker,5,main])--INSERT INTO ast_Gender_M (genderId, gender, versionId, createdBy, createdDate, updatedBy, updatedDate, activeStatus, txnAccessCode) VALUES (?, ?, ?, ?, ?, ?, ?, ?, ?)
	bind => [C477C0DF-C403-48F0-BEA5-9B005568325A, JuJBeNbh8HowK4kiAEyiskqtcTlOzMsM9yVIbjA1hKNhW3hZ6t, 1, AAAAA, 2016-09-19 09:45:58.059, AAAAA, 2016-09-19 09:45:58.059, 1, 51000]
[EL Finer]: transaction: 2016-09-19 09:45:58.077--ClientSession(1663961945)--Connection(1169798629)--Thread(Thread[Test worker,5,main])--commit transaction
[EL Finest]: connection: 2016-09-19 09:45:58.117--ServerSession(1800530428)--Connection(1717344474)--Thread(Thread[Test worker,5,main])--Connection released to connection pool [default].
[EL Finer]: transaction: 2016-09-19 09:45:58.117--UnitOfWork(1676358381)--Thread(Thread[Test worker,5,main])--end unit of work commit
[EL Finer]: transaction: 2016-09-19 09:45:58.117--UnitOfWork(1676358381)--Thread(Thread[Test worker,5,main])--resume unit of work
[EL Finer]: transaction: 2016-09-19 09:45:58.117--UnitOfWork(1676358381)--Thread(Thread[Test worker,5,main])--release unit of work
[EL Finer]: connection: 2016-09-19 09:45:58.117--ClientSession(1663961945)--Thread(Thread[Test worker,5,main])--client released
[EL Finer]: connection: 2016-09-19 09:45:58.144--ServerSession(1800530428)--Thread(Thread[Test worker,5,main])--client acquired: 2090694803
[EL Finer]: transaction: 2016-09-19 09:45:58.144--ClientSession(2090694803)--Thread(Thread[Test worker,5,main])--acquire unit of work: 1180121807
[EL Finest]: connection: 2016-09-19 09:45:58.144--ServerSession(1800530428)--Connection(148246557)--Thread(Thread[Test worker,5,main])--Connection acquired from connection pool [default].
[EL Finer]: transaction: 2016-09-19 09:45:58.144--ClientSession(2090694803)--Connection(148246557)--Thread(Thread[Test worker,5,main])--begin transaction
[EL Finest]: connection: 2016-09-19 09:45:58.144--ClientSession(2090694803)--Thread(Thread[Test worker,5,main])--reconnecting to external connection pool
Mon Sep 19 09:45:58 UTC 2016|Unknown Alarm = ORGLM312100100 Alarm Split = ORG-LM-3-1-2-100-100
[EL Finest]: transaction: 2016-09-19 09:45:58.151--UnitOfWork(1180121807)--Thread(Thread[Test worker,5,main])--persist() operation called on: WhfSSztztsMyEG5Mszx9cCW2hFaJ4CeWlXoN9qCt3WdVOgnRF3.
[EL Finest]: sequencing: 2016-09-19 09:45:58.151--UnitOfWork(1180121807)--Thread(Thread[Test worker,5,main])--assign sequence to the object (88D3613E-CED7-44AB-B91D-536A7A1733CE -> WhfSSztztsMyEG5Mszx9cCW2hFaJ4CeWlXoN9qCt3WdVOgnRF3)
[EL Finer]: transaction: 2016-09-19 09:45:58.152--UnitOfWork(1180121807)--Thread(Thread[Test worker,5,main])--begin unit of work commit
[EL Finest]: query: 2016-09-19 09:45:58.152--UnitOfWork(1180121807)--Thread(Thread[Test worker,5,main])--Execute query InsertObjectQuery(WhfSSztztsMyEG5Mszx9cCW2hFaJ4CeWlXoN9qCt3WdVOgnRF3)
[EL Fine]: sql: 2016-09-19 09:45:58.153--ClientSession(2090694803)--Connection(1941695008)--Thread(Thread[Test worker,5,main])--INSERT INTO ast_Language_M (languageId, alpha2, alpha3, alpha4, alpha4parentid, language, languageDescription, languageIcon, languageType, versionId, createdBy, createdDate, updatedBy, updatedDate, activeStatus, txnAccessCode) VALUES (?, ?, ?, ?, ?, ?, ?, ?, ?, ?, ?, ?, ?, ?, ?, ?)
	bind => [88D3613E-CED7-44AB-B91D-536A7A1733CE, ae, w6L, x0Io, 7, WhfSSztztsMyEG5Mszx9cCW2hFaJ4CeWlXoN9qCt3WdVOgnRF3, k50dmj5yINWzqGeJsmb8ffX514l9eK22CzyLJkePUmtcnOjFru, xrG9cUst2xYWWOImoLAYqIQoWIuQ1uhCRKsLepqj1h8Rly81ot, RgGhR6NaYCvrQF4uqw6jJIjNbkbc3Z2o, 1, AAAAA, 2016-09-19 09:45:58.117, AAAAA, 2016-09-19 09:45:58.117, 1, 51000]
[EL Finer]: transaction: 2016-09-19 09:45:58.155--ClientSession(2090694803)--Connection(1941695008)--Thread(Thread[Test worker,5,main])--commit transaction
[EL Finest]: connection: 2016-09-19 09:45:58.208--ServerSession(1800530428)--Connection(148246557)--Thread(Thread[Test worker,5,main])--Connection released to connection pool [default].
[EL Finer]: transaction: 2016-09-19 09:45:58.208--UnitOfWork(1180121807)--Thread(Thread[Test worker,5,main])--end unit of work commit
[EL Finer]: transaction: 2016-09-19 09:45:58.208--UnitOfWork(1180121807)--Thread(Thread[Test worker,5,main])--resume unit of work
[EL Finer]: transaction: 2016-09-19 09:45:58.209--UnitOfWork(1180121807)--Thread(Thread[Test worker,5,main])--release unit of work
[EL Finer]: connection: 2016-09-19 09:45:58.209--ClientSession(2090694803)--Thread(Thread[Test worker,5,main])--client released
[EL Finer]: connection: 2016-09-19 09:45:58.231--ServerSession(1800530428)--Thread(Thread[Test worker,5,main])--client acquired: 105215703
[EL Finer]: transaction: 2016-09-19 09:45:58.231--ClientSession(105215703)--Thread(Thread[Test worker,5,main])--acquire unit of work: 981278840
[EL Finest]: connection: 2016-09-19 09:45:58.231--ServerSession(1800530428)--Connection(1826538567)--Thread(Thread[Test worker,5,main])--Connection acquired from connection pool [default].
[EL Finer]: transaction: 2016-09-19 09:45:58.231--ClientSession(105215703)--Connection(1826538567)--Thread(Thread[Test worker,5,main])--begin transaction
[EL Finest]: connection: 2016-09-19 09:45:58.231--ClientSession(105215703)--Thread(Thread[Test worker,5,main])--reconnecting to external connection pool
Mon Sep 19 09:45:58 UTC 2016|Unknown Alarm = ORGLM312100100 Alarm Split = ORG-LM-3-1-2-100-100
[EL Finest]: transaction: 2016-09-19 09:45:58.235--UnitOfWork(981278840)--Thread(Thread[Test worker,5,main])--persist() operation called on: 2,7Y8fPEQKp9nmklZ1lYSXZrzREWAPpXypH0zeZdRpL3YJPDj9oC.
[EL Finest]: sequencing: 2016-09-19 09:45:58.236--UnitOfWork(981278840)--Thread(Thread[Test worker,5,main])--assign sequence to the object (D0E46341-0446-4776-B444-469975F16748 -> 2,7Y8fPEQKp9nmklZ1lYSXZrzREWAPpXypH0zeZdRpL3YJPDj9oC)
[EL Finer]: transaction: 2016-09-19 09:45:58.236--UnitOfWork(981278840)--Thread(Thread[Test worker,5,main])--begin unit of work commit
[EL Finest]: query: 2016-09-19 09:45:58.237--UnitOfWork(981278840)--Thread(Thread[Test worker,5,main])--Execute query InsertObjectQuery(2,7Y8fPEQKp9nmklZ1lYSXZrzREWAPpXypH0zeZdRpL3YJPDj9oC)
[EL Fine]: sql: 2016-09-19 09:45:58.237--ClientSession(105215703)--Connection(474583243)--Thread(Thread[Test worker,5,main])--INSERT INTO ast_Timezone_M (timeZoneId, cities, country, gmtLabel, timeZoneLabel, utcdifference, versionId, createdBy, createdDate, updatedBy, updatedDate, activeStatus, txnAccessCode) VALUES (?, ?, ?, ?, ?, ?, ?, ?, ?, ?, ?, ?, ?)
	bind => [D0E46341-0446-4776-B444-469975F16748, AyiUMEKw5y2P2NuFrZ1eOOwW6SgfRNYqYsISiCKZwyxZoPuhD3, yg3s1CtWgB6NURkUka3bgpJyDSEAGwnk78GYtMEoi0EHCz5uXv, x4B9VULmL2NuPmxlwc7g49aapZ57FY59c0hdW8ie9Bf7hkTpN2, 7Y8fPEQKp9nmklZ1lYSXZrzREWAPpXypH0zeZdRpL3YJPDj9oC, 2, 1, AAAAA, 2016-09-19 09:45:58.014, AAAAA, 2016-09-19 09:45:58.014, 1, 51000]
[EL Finer]: transaction: 2016-09-19 09:45:58.239--ClientSession(105215703)--Connection(474583243)--Thread(Thread[Test worker,5,main])--commit transaction
[EL Finest]: connection: 2016-09-19 09:45:58.274--ServerSession(1800530428)--Connection(1826538567)--Thread(Thread[Test worker,5,main])--Connection released to connection pool [default].
[EL Finer]: transaction: 2016-09-19 09:45:58.274--UnitOfWork(981278840)--Thread(Thread[Test worker,5,main])--end unit of work commit
[EL Finer]: transaction: 2016-09-19 09:45:58.274--UnitOfWork(981278840)--Thread(Thread[Test worker,5,main])--resume unit of work
[EL Finer]: transaction: 2016-09-19 09:45:58.275--UnitOfWork(981278840)--Thread(Thread[Test worker,5,main])--release unit of work
[EL Finer]: connection: 2016-09-19 09:45:58.275--ClientSession(105215703)--Thread(Thread[Test worker,5,main])--client released
[EL Finer]: connection: 2016-09-19 09:45:58.295--ServerSession(1800530428)--Thread(Thread[Test worker,5,main])--client acquired: 1572444176
[EL Finer]: transaction: 2016-09-19 09:45:58.295--ClientSession(1572444176)--Thread(Thread[Test worker,5,main])--acquire unit of work: 1135506050
[EL Finest]: connection: 2016-09-19 09:45:58.296--ServerSession(1800530428)--Connection(1910495108)--Thread(Thread[Test worker,5,main])--Connection acquired from connection pool [default].
[EL Finer]: transaction: 2016-09-19 09:45:58.296--ClientSession(1572444176)--Connection(1910495108)--Thread(Thread[Test worker,5,main])--begin transaction
[EL Finest]: connection: 2016-09-19 09:45:58.296--ClientSession(1572444176)--Thread(Thread[Test worker,5,main])--reconnecting to external connection pool
Mon Sep 19 09:45:58 UTC 2016|Unknown Alarm = ORGLM312100100 Alarm Split = ORG-LM-3-1-2-100-100
[EL Finest]: transaction: 2016-09-19 09:45:58.301--UnitOfWork(1135506050)--Thread(Thread[Test worker,5,main])--persist() operation called on: LVpLdRE23Xaz5GIJJc9E2c5a3DvXYCfRXnMTylIm76Tqd0LQRa.
[EL Finest]: sequencing: 2016-09-19 09:45:58.301--UnitOfWork(1135506050)--Thread(Thread[Test worker,5,main])--assign sequence to the object (F4335AA1-DF22-4C7C-849A-AF34760E413D -> LVpLdRE23Xaz5GIJJc9E2c5a3DvXYCfRXnMTylIm76Tqd0LQRa)
[EL Finer]: transaction: 2016-09-19 09:45:58.302--UnitOfWork(1135506050)--Thread(Thread[Test worker,5,main])--begin unit of work commit
[EL Finest]: query: 2016-09-19 09:45:58.302--UnitOfWork(1135506050)--Thread(Thread[Test worker,5,main])--Execute query InsertObjectQuery(LVpLdRE23Xaz5GIJJc9E2c5a3DvXYCfRXnMTylIm76Tqd0LQRa)
[EL Fine]: sql: 2016-09-19 09:45:58.303--ClientSession(1572444176)--Connection(210159645)--Thread(Thread[Test worker,5,main])--INSERT INTO ast_Country_M (countryId, capital, capitalLatitude, capitalLongitude, countryCode1, countryCode2, countryFlag, countryName, currencyCode, currencyName, currencySymbol, isoNumeric, versionId, createdBy, createdDate, updatedBy, updatedDate, activeStatus, txnAccessCode) VALUES (?, ?, ?, ?, ?, ?, ?, ?, ?, ?, ?, ?, ?, ?, ?, ?, ?, ?, ?)
	bind => [F4335AA1-DF22-4C7C-849A-AF34760E413D, ctMEw5wLhkZktEiLjhyNf6Tsy3kxsacT, 3, 1, ArD, 0Oc, x0wAQY7D61MDPGrQLSQVpHwrjy1AFmltYSuF19LxQid9k1HOlW, LVpLdRE23Xaz5GIJJc9E2c5a3DvXYCfRXnMTylIm76Tqd0LQRa, 9XS, 0OYhsnrcBMyp7UTxiIzEPNQXoULCEoloKoiJfYHjDA1j7v3nLh, nxi5dST2clvm7UOzSybNylV17wVeXxwz, 850, 1, AAAAA, 2016-09-19 09:45:58.275, AAAAA, 2016-09-19 09:45:58.275, 1, 51000]
[EL Finer]: transaction: 2016-09-19 09:45:58.305--ClientSession(1572444176)--Connection(210159645)--Thread(Thread[Test worker,5,main])--commit transaction
[EL Finest]: connection: 2016-09-19 09:45:58.364--ServerSession(1800530428)--Connection(1910495108)--Thread(Thread[Test worker,5,main])--Connection released to connection pool [default].
[EL Finer]: transaction: 2016-09-19 09:45:58.364--UnitOfWork(1135506050)--Thread(Thread[Test worker,5,main])--end unit of work commit
[EL Finer]: transaction: 2016-09-19 09:45:58.364--UnitOfWork(1135506050)--Thread(Thread[Test worker,5,main])--resume unit of work
[EL Finer]: transaction: 2016-09-19 09:45:58.364--UnitOfWork(1135506050)--Thread(Thread[Test worker,5,main])--release unit of work
[EL Finer]: connection: 2016-09-19 09:45:58.365--ClientSession(1572444176)--Thread(Thread[Test worker,5,main])--client released
[EL Finer]: connection: 2016-09-19 09:45:58.381--ServerSession(1800530428)--Thread(Thread[Test worker,5,main])--client acquired: 1864445992
[EL Finer]: transaction: 2016-09-19 09:45:58.381--ClientSession(1864445992)--Thread(Thread[Test worker,5,main])--acquire unit of work: 1809894167
[EL Finest]: connection: 2016-09-19 09:45:58.381--ServerSession(1800530428)--Connection(1932888661)--Thread(Thread[Test worker,5,main])--Connection acquired from connection pool [default].
[EL Finer]: transaction: 2016-09-19 09:45:58.381--ClientSession(1864445992)--Connection(1932888661)--Thread(Thread[Test worker,5,main])--begin transaction
[EL Finest]: connection: 2016-09-19 09:45:58.381--ClientSession(1864445992)--Thread(Thread[Test worker,5,main])--reconnecting to external connection pool
Mon Sep 19 09:45:58 UTC 2016|Unknown Alarm = ORGLM312100100 Alarm Split = ORG-LM-3-1-2-100-100
[EL Finest]: transaction: 2016-09-19 09:45:58.384--UnitOfWork(1809894167)--Thread(Thread[Test worker,5,main])--persist() operation called on: s38X7mShVGiPyIhd4AKcKW3qNPTrdETz8s29x3UFVbXelMlh3x.
[EL Finest]: sequencing: 2016-09-19 09:45:58.385--UnitOfWork(1809894167)--Thread(Thread[Test worker,5,main])--assign sequence to the object (7004C21F-8B29-4790-AC09-89DA1D871879 -> s38X7mShVGiPyIhd4AKcKW3qNPTrdETz8s29x3UFVbXelMlh3x)
[EL Finer]: transaction: 2016-09-19 09:45:58.385--UnitOfWork(1809894167)--Thread(Thread[Test worker,5,main])--begin unit of work commit
[EL Finest]: query: 2016-09-19 09:45:58.385--UnitOfWork(1809894167)--Thread(Thread[Test worker,5,main])--Execute query InsertObjectQuery(s38X7mShVGiPyIhd4AKcKW3qNPTrdETz8s29x3UFVbXelMlh3x)
[EL Fine]: sql: 2016-09-19 09:45:58.386--ClientSession(1864445992)--Connection(1799147677)--Thread(Thread[Test worker,5,main])--INSERT INTO ast_State_M (stateId, countryId, stateCapital, stateCapitalLatitude, stateCapitalLongitude, stateCode, stateCodeChar2, stateCodeChar3, stateDescription, stateFlag, stateName, versionId, createdBy, createdDate, updatedBy, updatedDate, activeStatus, txnAccessCode) VALUES (?, ?, ?, ?, ?, ?, ?, ?, ?, ?, ?, ?, ?, ?, ?, ?, ?, ?)
	bind => [7004C21F-8B29-4790-AC09-89DA1D871879, F4335AA1-DF22-4C7C-849A-AF34760E413D, LdiAipJQfVYsjN9fzryESpAO6ndRuYUE4l3HPW3WmmdoRC0Huh, 2, 6, 2, eoJlQmvANCrVXEMv5H8S30jaZeuxxdfB, 3d19OpJpDZBwXYlTi2e2QWQADFvA5KwC, xZA5yun1VOx7rRLfE07Jty7Sga8q2epbVaySScBvddknF1bfCf, OnlrKSbSa4xwnnqbaxsrfF4ce51ijTcvhnxnsaI9CTyfzV38Qj, s38X7mShVGiPyIhd4AKcKW3qNPTrdETz8s29x3UFVbXelMlh3x, 1, AAAAA, 2016-09-19 09:45:58.275, AAAAA, 2016-09-19 09:45:58.275, 1, 51000]
[EL Finer]: transaction: 2016-09-19 09:45:58.387--ClientSession(1864445992)--Connection(1799147677)--Thread(Thread[Test worker,5,main])--commit transaction
[EL Finest]: connection: 2016-09-19 09:45:58.43--ServerSession(1800530428)--Connection(1932888661)--Thread(Thread[Test worker,5,main])--Connection released to connection pool [default].
[EL Finer]: transaction: 2016-09-19 09:45:58.43--UnitOfWork(1809894167)--Thread(Thread[Test worker,5,main])--end unit of work commit
[EL Finer]: transaction: 2016-09-19 09:45:58.43--UnitOfWork(1809894167)--Thread(Thread[Test worker,5,main])--resume unit of work
[EL Finer]: transaction: 2016-09-19 09:45:58.431--UnitOfWork(1809894167)--Thread(Thread[Test worker,5,main])--release unit of work
[EL Finer]: connection: 2016-09-19 09:45:58.431--ClientSession(1864445992)--Thread(Thread[Test worker,5,main])--client released
[EL Finer]: connection: 2016-09-19 09:45:58.446--ServerSession(1800530428)--Thread(Thread[Test worker,5,main])--client acquired: 944879727
[EL Finer]: transaction: 2016-09-19 09:45:58.446--ClientSession(944879727)--Thread(Thread[Test worker,5,main])--acquire unit of work: 2099485771
[EL Finest]: connection: 2016-09-19 09:45:58.446--ServerSession(1800530428)--Connection(753549340)--Thread(Thread[Test worker,5,main])--Connection acquired from connection pool [default].
[EL Finer]: transaction: 2016-09-19 09:45:58.447--ClientSession(944879727)--Connection(753549340)--Thread(Thread[Test worker,5,main])--begin transaction
[EL Finest]: connection: 2016-09-19 09:45:58.447--ClientSession(944879727)--Thread(Thread[Test worker,5,main])--reconnecting to external connection pool
Mon Sep 19 09:45:58 UTC 2016|Unknown Alarm = ORGLM312100100 Alarm Split = ORG-LM-3-1-2-100-100
[EL Finest]: transaction: 2016-09-19 09:45:58.45--UnitOfWork(2099485771)--Thread(Thread[Test worker,5,main])--persist() operation called on: 021DwTgaEIUDtJJP8qJ7LBL0Rn1s0oTTL5B7u20hQszJTA1y2p,StJt69P8qMeb4DtKDOxZdURaino5QUpm,3.
[EL Finest]: sequencing: 2016-09-19 09:45:58.45--UnitOfWork(2099485771)--Thread(Thread[Test worker,5,main])--assign sequence to the object (94B49205-2FC4-4AD0-B4F6-5DF767B7F93A -> 021DwTgaEIUDtJJP8qJ7LBL0Rn1s0oTTL5B7u20hQszJTA1y2p,StJt69P8qMeb4DtKDOxZdURaino5QUpm,3)
[EL Finer]: transaction: 2016-09-19 09:45:58.451--UnitOfWork(2099485771)--Thread(Thread[Test worker,5,main])--begin unit of work commit
[EL Finest]: query: 2016-09-19 09:45:58.451--UnitOfWork(2099485771)--Thread(Thread[Test worker,5,main])--Execute query InsertObjectQuery(021DwTgaEIUDtJJP8qJ7LBL0Rn1s0oTTL5B7u20hQszJTA1y2p,StJt69P8qMeb4DtKDOxZdURaino5QUpm,3)
[EL Fine]: sql: 2016-09-19 09:45:58.451--ClientSession(944879727)--Connection(297656799)--Thread(Thread[Test worker,5,main])--INSERT INTO ast_City_M (cityId, cityCode, cityCodeChar2, cityDescription, cityFlag, cityLatitude, cityLongitude, cityName, countryId, stateId, versionId, createdBy, createdDate, updatedBy, updatedDate, activeStatus, txnAccessCode) VALUES (?, ?, ?, ?, ?, ?, ?, ?, ?, ?, ?, ?, ?, ?, ?, ?, ?)
	bind => [94B49205-2FC4-4AD0-B4F6-5DF767B7F93A, 3, StJt69P8qMeb4DtKDOxZdURaino5QUpm, bff8LjJkehBWE9RIqkO3QRn77JiUDd9WJZjMMzcRwodA5mxFp4, fNUiEhsgyC4j6HtCWqb478GyLfFVUrxRhjgUEWVHY7hlSmQ33I, 8, 1, 021DwTgaEIUDtJJP8qJ7LBL0Rn1s0oTTL5B7u20hQszJTA1y2p, F4335AA1-DF22-4C7C-849A-AF34760E413D, 7004C21F-8B29-4790-AC09-89DA1D871879, 1, AAAAA, 2016-09-19 09:45:58.431, AAAAA, 2016-09-19 09:45:58.431, 1, 51000]
[EL Finer]: transaction: 2016-09-19 09:45:58.452--ClientSession(944879727)--Connection(297656799)--Thread(Thread[Test worker,5,main])--commit transaction
[EL Finest]: connection: 2016-09-19 09:45:58.488--ServerSession(1800530428)--Connection(753549340)--Thread(Thread[Test worker,5,main])--Connection released to connection pool [default].
[EL Finer]: transaction: 2016-09-19 09:45:58.488--UnitOfWork(2099485771)--Thread(Thread[Test worker,5,main])--end unit of work commit
[EL Finer]: transaction: 2016-09-19 09:45:58.488--UnitOfWork(2099485771)--Thread(Thread[Test worker,5,main])--resume unit of work
[EL Finer]: transaction: 2016-09-19 09:45:58.489--UnitOfWork(2099485771)--Thread(Thread[Test worker,5,main])--release unit of work
[EL Finer]: connection: 2016-09-19 09:45:58.489--ClientSession(944879727)--Thread(Thread[Test worker,5,main])--client released
[EL Finer]: connection: 2016-09-19 09:45:58.503--ServerSession(1800530428)--Thread(Thread[Test worker,5,main])--client acquired: 1103943898
[EL Finer]: transaction: 2016-09-19 09:45:58.503--ClientSession(1103943898)--Thread(Thread[Test worker,5,main])--acquire unit of work: 1873867253
[EL Finest]: connection: 2016-09-19 09:45:58.503--ServerSession(1800530428)--Connection(1239237916)--Thread(Thread[Test worker,5,main])--Connection acquired from connection pool [default].
[EL Finer]: transaction: 2016-09-19 09:45:58.503--ClientSession(1103943898)--Connection(1239237916)--Thread(Thread[Test worker,5,main])--begin transaction
[EL Finest]: connection: 2016-09-19 09:45:58.503--ClientSession(1103943898)--Thread(Thread[Test worker,5,main])--reconnecting to external connection pool
Mon Sep 19 09:45:58 UTC 2016|Unknown Alarm = ORGLM312100100 Alarm Split = ORG-LM-3-1-2-100-100
[EL Finest]: transaction: 2016-09-19 09:45:58.507--UnitOfWork(1873867253)--Thread(Thread[Test worker,5,main])--persist() operation called on: hQ8JVMsiadZeykV9WXk5O6g371Eg9PP0kRY16jZwEVyCJLlo7O.
[EL Finest]: sequencing: 2016-09-19 09:45:58.507--UnitOfWork(1873867253)--Thread(Thread[Test worker,5,main])--assign sequence to the object (E06C15A3-F245-40E8-B073-C5F56EA2FC07 -> hQ8JVMsiadZeykV9WXk5O6g371Eg9PP0kRY16jZwEVyCJLlo7O)
[EL Finer]: transaction: 2016-09-19 09:45:58.508--UnitOfWork(1873867253)--Thread(Thread[Test worker,5,main])--begin unit of work commit
[EL Finest]: query: 2016-09-19 09:45:58.508--UnitOfWork(1873867253)--Thread(Thread[Test worker,5,main])--Execute query InsertObjectQuery(hQ8JVMsiadZeykV9WXk5O6g371Eg9PP0kRY16jZwEVyCJLlo7O)
[EL Fine]: sql: 2016-09-19 09:45:58.508--ClientSession(1103943898)--Connection(623208235)--Thread(Thread[Test worker,5,main])--INSERT INTO ast_AddressType_M (addressTypeId, addressType, addressTypeDesc, addressTypeIcon, versionId, createdBy, createdDate, updatedBy, updatedDate, activeStatus, txnAccessCode) VALUES (?, ?, ?, ?, ?, ?, ?, ?, ?, ?, ?)
	bind => [E06C15A3-F245-40E8-B073-C5F56EA2FC07, hQ8JVMsiadZeykV9WXk5O6g371Eg9PP0kRY16jZwEVyCJLlo7O, 8OS6YbectUKBPBMeLyvtvpposGkfqbRCGlSrcHcx7eFH8obj8x, 2emjvwQ03ac1NcZ55mhUipbg47aaADBzjMROAHhZyze49cYmAw, 1, AAAAA, 2016-09-19 09:45:58.489, AAAAA, 2016-09-19 09:45:58.489, 1, 51000]
[EL Finer]: transaction: 2016-09-19 09:45:58.51--ClientSession(1103943898)--Connection(623208235)--Thread(Thread[Test worker,5,main])--commit transaction
[EL Finest]: connection: 2016-09-19 09:45:58.555--ServerSession(1800530428)--Connection(1239237916)--Thread(Thread[Test worker,5,main])--Connection released to connection pool [default].
[EL Finer]: transaction: 2016-09-19 09:45:58.555--UnitOfWork(1873867253)--Thread(Thread[Test worker,5,main])--end unit of work commit
[EL Finer]: transaction: 2016-09-19 09:45:58.555--UnitOfWork(1873867253)--Thread(Thread[Test worker,5,main])--resume unit of work
[EL Finer]: transaction: 2016-09-19 09:45:58.555--UnitOfWork(1873867253)--Thread(Thread[Test worker,5,main])--release unit of work
[EL Finer]: connection: 2016-09-19 09:45:58.555--ClientSession(1103943898)--Thread(Thread[Test worker,5,main])--client released
[EL Finer]: connection: 2016-09-19 09:45:58.629--ServerSession(1800530428)--Thread(Thread[Test worker,5,main])--client acquired: 361880108
[EL Finer]: transaction: 2016-09-19 09:45:58.629--ClientSession(361880108)--Thread(Thread[Test worker,5,main])--acquire unit of work: 445286852
[EL Finest]: connection: 2016-09-19 09:45:58.629--ServerSession(1800530428)--Connection(2103095416)--Thread(Thread[Test worker,5,main])--Connection acquired from connection pool [default].
[EL Finer]: transaction: 2016-09-19 09:45:58.629--ClientSession(361880108)--Connection(2103095416)--Thread(Thread[Test worker,5,main])--begin transaction
[EL Finest]: connection: 2016-09-19 09:45:58.629--ClientSession(361880108)--Thread(Thread[Test worker,5,main])--reconnecting to external connection pool
[EL Finest]: transaction: 2016-09-19 09:45:58.634--UnitOfWork(445286852)--Thread(Thread[Test worker,5,main])--persist() operation called on: TIMcygYRHqgDVS6C0CNBaEDGOiWBa9Fhavlrb9Sz8ubAUbgvEY,55uT8dHmw8wYvptYCfWadUZVYiVcpbgOFnlNiqWHkNSIBIHy7J,UaaxBUUXczdinMkDrsgGh5XM03lIBihdzOUjJSWt4WM67LEoAz,pINNNL1d8pTqgL76kewMTnoDw3Arq8nSXSG5vbRakTQjisfIHx,mzvU5tTFaOqRoVuSE9GP.
[EL Finest]: sequencing: 2016-09-19 09:45:58.635--UnitOfWork(445286852)--Thread(Thread[Test worker,5,main])--assign sequence to the object (4138EC9A-E6DA-4703-B0CA-D67246488349 -> TIMcygYRHqgDVS6C0CNBaEDGOiWBa9Fhavlrb9Sz8ubAUbgvEY,55uT8dHmw8wYvptYCfWadUZVYiVcpbgOFnlNiqWHkNSIBIHy7J,UaaxBUUXczdinMkDrsgGh5XM03lIBihdzOUjJSWt4WM67LEoAz,pINNNL1d8pTqgL76kewMTnoDw3Arq8nSXSG5vbRakTQjisfIHx,mzvU5tTFaOqRoVuSE9GP)
[EL Finest]: transaction: 2016-09-19 09:45:58.635--UnitOfWork(445286852)--Thread(Thread[Test worker,5,main])--persist() operation called on: ucRkJd.
[EL Finest]: sequencing: 2016-09-19 09:45:58.635--UnitOfWork(445286852)--Thread(Thread[Test worker,5,main])--assign sequence to the object (D1EF3082-E41F-4A90-A952-DAE63A84A1F3 -> ucRkJd)
[EL Finer]: transaction: 2016-09-19 09:45:58.635--UnitOfWork(445286852)--Thread(Thread[Test worker,5,main])--begin unit of work commit
[EL Finest]: query: 2016-09-19 09:45:58.636--UnitOfWork(445286852)--Thread(Thread[Test worker,5,main])--Execute query DoesExistQuery(referenceClass=Timezone )
[EL Fine]: sql: 2016-09-19 09:45:58.636--ClientSession(361880108)--Connection(1275617999)--Thread(Thread[Test worker,5,main])--SELECT timeZoneId FROM ast_Timezone_M WHERE (timeZoneId = ?)
	bind => [D0E46341-0446-4776-B444-469975F16748]
[EL Finest]: query: 2016-09-19 09:45:58.637--UnitOfWork(445286852)--Thread(Thread[Test worker,5,main])--Execute query InsertObjectQuery(TIMcygYRHqgDVS6C0CNBaEDGOiWBa9Fhavlrb9Sz8ubAUbgvEY,55uT8dHmw8wYvptYCfWadUZVYiVcpbgOFnlNiqWHkNSIBIHy7J,UaaxBUUXczdinMkDrsgGh5XM03lIBihdzOUjJSWt4WM67LEoAz,pINNNL1d8pTqgL76kewMTnoDw3Arq8nSXSG5vbRakTQjisfIHx,mzvU5tTFaOqRoVuSE9GP)
[EL Finest]: query: 2016-09-19 09:45:58.637--UnitOfWork(445286852)--Thread(Thread[Test worker,5,main])--Execute query InsertObjectQuery(ucRkJd)
[EL Fine]: sql: 2016-09-19 09:45:58.638--ClientSession(361880108)--Connection(1275617999)--Thread(Thread[Test worker,5,main])--INSERT INTO ast_CoreContacts_T (contactId, age, approximateDOB, dateofbirth, emailId, firstName, genderId, lastName, middleName, nativeFirstName, nativeLanguageCode, nativeLastName, nativeMiddleName, nativeTitle, phoneNumber, titleId, versionId, createdBy, createdDate, updatedBy, updatedDate, activeStatus, txnAccessCode, timeZoneId) VALUES (?, ?, ?, ?, ?, ?, ?, ?, ?, ?, ?, ?, ?, ?, ?, ?, ?, ?, ?, ?, ?, ?, ?, ?)
	bind => [4138EC9A-E6DA-4703-B0CA-D67246488349, 44, 2016-09-19 09:01:35.018, 2016-09-19 09:01:34.912, pINNNL1d8pTqgL76kewMTnoDw3Arq8nSXSG5vbRakTQjisfIHx, TIMcygYRHqgDVS6C0CNBaEDGOiWBa9Fhavlrb9Sz8ubAUbgvEY, C477C0DF-C403-48F0-BEA5-9B005568325A, UaaxBUUXczdinMkDrsgGh5XM03lIBihdzOUjJSWt4WM67LEoAz, 55uT8dHmw8wYvptYCfWadUZVYiVcpbgOFnlNiqWHkNSIBIHy7J, GeXiSx7uobLY5vpGqdZ4hYnW1p98HRNYROqreNSb1zSlIvNdIu, 88D3613E-CED7-44AB-B91D-536A7A1733CE, OlBJ5FcuYaqxSimLvRBA9qR5zFRulCXjqtS3AhREWKjpEaqaiL, QlFSeXzEKt35Vhd9rEEOx3KpUSaOO8dogFw402QNJ0zQfE99qb, UJnfK0y3VNDZ3udKVvpZRyAuzNmmpdljX4Nuu9DCdPyIzm6Dxv, mzvU5tTFaOqRoVuSE9GP, 431ABCBD-1C73-4278-A03B-66A0BC5BF4E5, 1, AAAAA, 2016-09-19 09:45:58.209, AAAAA, 2016-09-19 09:45:58.209, 1, 51000, D0E46341-0446-4776-B444-469975F16748]
[EL Finest]: query: 2016-09-19 09:45:58.64--ClientSession(361880108)--Thread(Thread[Test worker,5,main])--Execute query DataModifyQuery(name="address" sql="INSERT INTO ast_AddressMap_B (addressId, contactId) VALUES (?, ?)")
[EL Fine]: sql: 2016-09-19 09:45:58.64--ClientSession(361880108)--Connection(1275617999)--Thread(Thread[Test worker,5,main])--INSERT INTO ast_Address_T (addressId, address1, address2, address3, addressLabel, addressTypeId, cityId, countryId, latitude, longitude, stateId, versionId, zipcode, createdBy, createdDate, updatedBy, updatedDate, activeStatus, txnAccessCode) VALUES (?, ?, ?, ?, ?, ?, ?, ?, ?, ?, ?, ?, ?, ?, ?, ?, ?, ?, ?)
	bind => [D1EF3082-E41F-4A90-A952-DAE63A84A1F3, hG1EFksl4PIsbn92zVcmOpKhyZQ9fYBz6atfSFYDn0D4E5E8yZ, hjzm52lvWuAyU62kl8Tqy6SRuRLqFGOQz8aYKjQJrpve817p2S, DSb8jBKrPlvQrZR4GvJc40eMnQgPKproQECgyIXlxDG0T5Y3W8, EqDBYyhl1WG, E06C15A3-F245-40E8-B073-C5F56EA2FC07, 94B49205-2FC4-4AD0-B4F6-5DF767B7F93A, F4335AA1-DF22-4C7C-849A-AF34760E413D, qibOhXNYoacjQOwBIcUTItcWhEbweSpW25hZ1RNLlOvHeGac2b, oNNYw25Y82044OWfKYMwNXE7p5mSEhW0Rj4knsL83hK3D0Xd80, 7004C21F-8B29-4790-AC09-89DA1D871879, 1, ucRkJd, AAAAA, 2016-09-19 09:45:58.275, AAAAA, 2016-09-19 09:45:58.275, 1, 51000]
[EL Fine]: sql: 2016-09-19 09:45:58.641--ClientSession(361880108)--Connection(1275617999)--Thread(Thread[Test worker,5,main])--INSERT INTO ast_AddressMap_B (addressId, contactId) VALUES (?, ?)
	bind => [D1EF3082-E41F-4A90-A952-DAE63A84A1F3, 4138EC9A-E6DA-4703-B0CA-D67246488349]
[EL Finer]: transaction: 2016-09-19 09:45:58.642--ClientSession(361880108)--Connection(1275617999)--Thread(Thread[Test worker,5,main])--commit transaction
[EL Finest]: connection: 2016-09-19 09:45:58.737--ServerSession(1800530428)--Connection(2103095416)--Thread(Thread[Test worker,5,main])--Connection released to connection pool [default].
[EL Finer]: transaction: 2016-09-19 09:45:58.737--UnitOfWork(445286852)--Thread(Thread[Test worker,5,main])--end unit of work commit
[EL Finer]: transaction: 2016-09-19 09:45:58.737--UnitOfWork(445286852)--Thread(Thread[Test worker,5,main])--resume unit of work
[EL Finer]: transaction: 2016-09-19 09:45:58.738--UnitOfWork(445286852)--Thread(Thread[Test worker,5,main])--release unit of work
[EL Finer]: connection: 2016-09-19 09:45:58.738--ClientSession(361880108)--Thread(Thread[Test worker,5,main])--client released
[EL Finer]: connection: 2016-09-19 09:45:58.755--ServerSession(1800530428)--Thread(Thread[Test worker,5,main])--client acquired: 744520275
[EL Finer]: transaction: 2016-09-19 09:45:58.755--ClientSession(744520275)--Thread(Thread[Test worker,5,main])--acquire unit of work: 1912534503
[EL Finest]: connection: 2016-09-19 09:45:58.755--ServerSession(1800530428)--Connection(432163625)--Thread(Thread[Test worker,5,main])--Connection acquired from connection pool [default].
[EL Finer]: transaction: 2016-09-19 09:45:58.755--ClientSession(744520275)--Connection(432163625)--Thread(Thread[Test worker,5,main])--begin transaction
[EL Finest]: connection: 2016-09-19 09:45:58.755--ClientSession(744520275)--Thread(Thread[Test worker,5,main])--reconnecting to external connection pool
[EL Finer]: transaction: 2016-09-19 09:45:58.757--UnitOfWork(1912534503)--Thread(Thread[Test worker,5,main])--begin unit of work flush
[EL Finer]: transaction: 2016-09-19 09:45:58.757--UnitOfWork(1912534503)--Thread(Thread[Test worker,5,main])--end unit of work flush
[EL Finest]: query: 2016-09-19 09:45:58.757--UnitOfWork(1912534503)--Thread(Thread[Test worker,5,main])--Execute query ReadAllQuery(name="CoreContacts.findById" referenceClass=CoreContacts sql="SELECT contactId, age, approximateDOB, dateofbirth, emailId, firstName, genderId, lastName, middleName, nativeFirstName, nativeLanguageCode, nativeLastName, nativeMiddleName, nativeTitle, phoneNumber, titleId, versionId, createdBy, createdDate, updatedBy, updatedDate, activeStatus, txnAccessCode, timeZoneId FROM ast_CoreContacts_T WHERE ((activeStatus = ?) AND (contactId = ?))")
[EL Fine]: sql: 2016-09-19 09:45:58.757--ClientSession(744520275)--Connection(509460411)--Thread(Thread[Test worker,5,main])--SELECT contactId, age, approximateDOB, dateofbirth, emailId, firstName, genderId, lastName, middleName, nativeFirstName, nativeLanguageCode, nativeLastName, nativeMiddleName, nativeTitle, phoneNumber, titleId, versionId, createdBy, createdDate, updatedBy, updatedDate, activeStatus, txnAccessCode, timeZoneId FROM ast_CoreContacts_T WHERE ((activeStatus = ?) AND (contactId = ?))
	bind => [1, 4138EC9A-E6DA-4703-B0CA-D67246488349]
[EL Finest]: query: 2016-09-19 09:45:58.758--UnitOfWork(1912534503)--Thread(Thread[Test worker,5,main])--Execute query ReadObjectQuery(name="timezone" referenceClass=Timezone )
[EL Fine]: sql: 2016-09-19 09:45:58.758--ClientSession(744520275)--Connection(509460411)--Thread(Thread[Test worker,5,main])--SELECT timeZoneId, cities, country, gmtLabel, timeZoneLabel, utcdifference, versionId, createdBy, createdDate, updatedBy, updatedDate, activeStatus, txnAccessCode FROM ast_Timezone_M WHERE (timeZoneId = ?)
	bind => [D0E46341-0446-4776-B444-469975F16748]
[EL Finer]: transaction: 2016-09-19 09:45:58.761--UnitOfWork(1912534503)--Thread(Thread[Test worker,5,main])--begin unit of work commit
[EL Finer]: transaction: 2016-09-19 09:45:58.761--ClientSession(744520275)--Connection(509460411)--Thread(Thread[Test worker,5,main])--commit transaction
[EL Finest]: connection: 2016-09-19 09:45:58.761--ServerSession(1800530428)--Connection(432163625)--Thread(Thread[Test worker,5,main])--Connection released to connection pool [default].
[EL Finer]: transaction: 2016-09-19 09:45:58.762--UnitOfWork(1912534503)--Thread(Thread[Test worker,5,main])--end unit of work commit
[EL Finer]: transaction: 2016-09-19 09:45:58.762--UnitOfWork(1912534503)--Thread(Thread[Test worker,5,main])--resume unit of work
[EL Finer]: transaction: 2016-09-19 09:45:58.762--UnitOfWork(1912534503)--Thread(Thread[Test worker,5,main])--release unit of work
[EL Finer]: connection: 2016-09-19 09:45:58.762--ClientSession(744520275)--Thread(Thread[Test worker,5,main])--client released
[EL Finest]: query: 2016-09-19 09:45:58.762--UnitOfWork(1912534503)--Thread(Thread[Test worker,5,main])--Execute query ReadAllQuery(name="address" referenceClass=Address sql="SELECT t1.addressId, t1.address1, t1.address2, t1.address3, t1.addressLabel, t1.addressTypeId, t1.cityId, t1.countryId, t1.latitude, t1.longitude, t1.stateId, t1.versionId, t1.zipcode, t1.createdBy, t1.createdDate, t1.updatedBy, t1.updatedDate, t1.activeStatus, t1.txnAccessCode FROM ast_AddressMap_B t0, ast_Address_T t1 WHERE ((t0.contactId = ?) AND (t1.addressId = t0.addressId))")
[EL Finest]: connection: 2016-09-19 09:45:58.762--ServerSession(1800530428)--Connection(116798870)--Thread(Thread[Test worker,5,main])--Connection acquired from connection pool [read].
[EL Finest]: connection: 2016-09-19 09:45:58.762--ServerSession(1800530428)--Thread(Thread[Test worker,5,main])--reconnecting to external connection pool
[EL Fine]: sql: 2016-09-19 09:45:58.762--ServerSession(1800530428)--Connection(238554732)--Thread(Thread[Test worker,5,main])--SELECT t1.addressId, t1.address1, t1.address2, t1.address3, t1.addressLabel, t1.addressTypeId, t1.cityId, t1.countryId, t1.latitude, t1.longitude, t1.stateId, t1.versionId, t1.zipcode, t1.createdBy, t1.createdDate, t1.updatedBy, t1.updatedDate, t1.activeStatus, t1.txnAccessCode FROM ast_AddressMap_B t0, ast_Address_T t1 WHERE ((t0.contactId = ?) AND (t1.addressId = t0.addressId))
	bind => [4138EC9A-E6DA-4703-B0CA-D67246488349]
[EL Finest]: connection: 2016-09-19 09:45:58.766--ServerSession(1800530428)--Connection(116798870)--Thread(Thread[Test worker,5,main])--Connection released to connection pool [read].
[EL Finest]: transaction: 2016-09-19 09:45:58.767--UnitOfWork(1912534503)--Thread(Thread[Test worker,5,main])--Register the existing object ucRkJd
[EL Finer]: connection: 2016-09-19 09:45:58.767--ServerSession(1800530428)--Thread(Thread[Test worker,5,main])--client acquired: 1158009945
[EL Finer]: transaction: 2016-09-19 09:45:58.767--ClientSession(1158009945)--Thread(Thread[Test worker,5,main])--acquire unit of work: 28852854
[EL Finest]: connection: 2016-09-19 09:45:58.768--ServerSession(1800530428)--Connection(1746096603)--Thread(Thread[Test worker,5,main])--Connection acquired from connection pool [default].
[EL Finer]: transaction: 2016-09-19 09:45:58.768--ClientSession(1158009945)--Connection(1746096603)--Thread(Thread[Test worker,5,main])--begin transaction
[EL Finest]: connection: 2016-09-19 09:45:58.768--ClientSession(1158009945)--Thread(Thread[Test worker,5,main])--reconnecting to external connection pool
[EL Finest]: transaction: 2016-09-19 09:45:58.772--UnitOfWork(28852854)--Thread(Thread[Test worker,5,main])--Merge clone with references LCbvQ9XgYWBOe0SpYyIEwZEulmgIxGIsptLx6CUTMKwaebYjGJ,N6G7GVewFsK5BZ03iE10KK47qlRPCFR5iq0oTI9fhoVwhwvPSk,pCKimBTMYJP0DEqP01OhOjHIkE4EtnjSR3257w6OpKoH8lBlmw,sKhwBHaxb0kge1EYIrw8FP0lp7AwSQ62g8K5s5SioCUa6FCVCc,vcOe0eEojTHB0ftSAIVZ
[EL Finest]: query: 2016-09-19 09:45:58.773--UnitOfWork(28852854)--Thread(Thread[Test worker,5,main])--Execute query ReadObjectQuery(referenceClass=CoreContacts )
[EL Fine]: sql: 2016-09-19 09:45:58.773--ClientSession(1158009945)--Connection(1380434808)--Thread(Thread[Test worker,5,main])--SELECT contactId, age, approximateDOB, dateofbirth, emailId, firstName, genderId, lastName, middleName, nativeFirstName, nativeLanguageCode, nativeLastName, nativeMiddleName, nativeTitle, phoneNumber, titleId, versionId, createdBy, createdDate, updatedBy, updatedDate, activeStatus, txnAccessCode, timeZoneId FROM ast_CoreContacts_T WHERE (contactId = ?)
	bind => [4138EC9A-E6DA-4703-B0CA-D67246488349]
[EL Finest]: query: 2016-09-19 09:45:58.774--UnitOfWork(28852854)--Thread(Thread[Test worker,5,main])--Execute query ReadObjectQuery(name="timezone" referenceClass=Timezone )
[EL Fine]: sql: 2016-09-19 09:45:58.774--ClientSession(1158009945)--Connection(1380434808)--Thread(Thread[Test worker,5,main])--SELECT timeZoneId, cities, country, gmtLabel, timeZoneLabel, utcdifference, versionId, createdBy, createdDate, updatedBy, updatedDate, activeStatus, txnAccessCode FROM ast_Timezone_M WHERE (timeZoneId = ?)
	bind => [D0E46341-0446-4776-B444-469975F16748]
[EL Finest]: query: 2016-09-19 09:45:58.776--UnitOfWork(28852854)--Thread(Thread[Test worker,5,main])--Execute query ReadAllQuery(name="address" referenceClass=Address sql="SELECT t1.addressId, t1.address1, t1.address2, t1.address3, t1.addressLabel, t1.addressTypeId, t1.cityId, t1.countryId, t1.latitude, t1.longitude, t1.stateId, t1.versionId, t1.zipcode, t1.createdBy, t1.createdDate, t1.updatedBy, t1.updatedDate, t1.activeStatus, t1.txnAccessCode FROM ast_AddressMap_B t0, ast_Address_T t1 WHERE ((t0.contactId = ?) AND (t1.addressId = t0.addressId))")
[EL Fine]: sql: 2016-09-19 09:45:58.776--ClientSession(1158009945)--Connection(1380434808)--Thread(Thread[Test worker,5,main])--SELECT t1.addressId, t1.address1, t1.address2, t1.address3, t1.addressLabel, t1.addressTypeId, t1.cityId, t1.countryId, t1.latitude, t1.longitude, t1.stateId, t1.versionId, t1.zipcode, t1.createdBy, t1.createdDate, t1.updatedBy, t1.updatedDate, t1.activeStatus, t1.txnAccessCode FROM ast_AddressMap_B t0, ast_Address_T t1 WHERE ((t0.contactId = ?) AND (t1.addressId = t0.addressId))
	bind => [4138EC9A-E6DA-4703-B0CA-D67246488349]
[EL Finer]: transaction: 2016-09-19 09:45:58.778--UnitOfWork(28852854)--Thread(Thread[Test worker,5,main])--begin unit of work commit
[EL Finest]: query: 2016-09-19 09:45:58.778--UnitOfWork(28852854)--Thread(Thread[Test worker,5,main])--Execute query UpdateObjectQuery(LCbvQ9XgYWBOe0SpYyIEwZEulmgIxGIsptLx6CUTMKwaebYjGJ,N6G7GVewFsK5BZ03iE10KK47qlRPCFR5iq0oTI9fhoVwhwvPSk,pCKimBTMYJP0DEqP01OhOjHIkE4EtnjSR3257w6OpKoH8lBlmw,sKhwBHaxb0kge1EYIrw8FP0lp7AwSQ62g8K5s5SioCUa6FCVCc,vcOe0eEojTHB0ftSAIVZ)
[EL Fine]: sql: 2016-09-19 09:45:58.779--ClientSession(1158009945)--Connection(1380434808)--Thread(Thread[Test worker,5,main])--UPDATE ast_CoreContacts_T SET age = ?, approximateDOB = ?, dateofbirth = ?, emailId = ?, firstName = ?, lastName = ?, middleName = ?, nativeFirstName = ?, nativeLastName = ?, nativeMiddleName = ?, nativeTitle = ?, phoneNumber = ?, versionId = ? WHERE ((contactId = ?) AND (versionId = ?))
	bind => [16, 2016-09-19 09:01:35.62, 2016-09-19 09:01:35.561, sKhwBHaxb0kge1EYIrw8FP0lp7AwSQ62g8K5s5SioCUa6FCVCc, LCbvQ9XgYWBOe0SpYyIEwZEulmgIxGIsptLx6CUTMKwaebYjGJ, pCKimBTMYJP0DEqP01OhOjHIkE4EtnjSR3257w6OpKoH8lBlmw, N6G7GVewFsK5BZ03iE10KK47qlRPCFR5iq0oTI9fhoVwhwvPSk, L0NjPJ5sFZ4jSUPc1NrtYYgkD7CoTG5tqv3MpDCAJxr5yxXy4r, 1TYwQg1nOr8paVdxoqnJIJhSakWCqvfdt0QBqI7M5dEuTYgi5Y, yH27PmWllCA6Al1impDZopQ95EOK4wlJOFthcHXUdTrhYo0Vqo, Q4KBYFopv5a4VTAK0eG0y9NsXwjoct2nrnk4GKantnh8Cv56Ef, vcOe0eEojTHB0ftSAIVZ, 2, 4138EC9A-E6DA-4703-B0CA-D67246488349, 1]
[EL Finer]: transaction: 2016-09-19 09:45:58.78--ClientSession(1158009945)--Connection(1380434808)--Thread(Thread[Test worker,5,main])--commit transaction
[EL Finest]: connection: 2016-09-19 09:45:58.893--ServerSession(1800530428)--Connection(1746096603)--Thread(Thread[Test worker,5,main])--Connection released to connection pool [default].
[EL Finer]: transaction: 2016-09-19 09:45:58.894--UnitOfWork(28852854)--Thread(Thread[Test worker,5,main])--end unit of work commit
[EL Finer]: transaction: 2016-09-19 09:45:58.894--UnitOfWork(28852854)--Thread(Thread[Test worker,5,main])--resume unit of work
[EL Finer]: transaction: 2016-09-19 09:45:58.894--UnitOfWork(28852854)--Thread(Thread[Test worker,5,main])--release unit of work
[EL Finer]: connection: 2016-09-19 09:45:58.894--ClientSession(1158009945)--Thread(Thread[Test worker,5,main])--client released
[EL Finer]: connection: 2016-09-19 09:45:58.917--ServerSession(1800530428)--Thread(Thread[Test worker,5,main])--client acquired: 1861529834
[EL Finer]: transaction: 2016-09-19 09:45:58.917--ClientSession(1861529834)--Thread(Thread[Test worker,5,main])--acquire unit of work: 42666895
[EL Finest]: connection: 2016-09-19 09:45:58.917--ServerSession(1800530428)--Connection(1990449814)--Thread(Thread[Test worker,5,main])--Connection acquired from connection pool [default].
[EL Finer]: transaction: 2016-09-19 09:45:58.917--ClientSession(1861529834)--Connection(1990449814)--Thread(Thread[Test worker,5,main])--begin transaction
[EL Finest]: connection: 2016-09-19 09:45:58.917--ClientSession(1861529834)--Thread(Thread[Test worker,5,main])--reconnecting to external connection pool
[EL Finer]: transaction: 2016-09-19 09:45:58.919--UnitOfWork(42666895)--Thread(Thread[Test worker,5,main])--begin unit of work flush
[EL Finer]: transaction: 2016-09-19 09:45:58.919--UnitOfWork(42666895)--Thread(Thread[Test worker,5,main])--end unit of work flush
[EL Finest]: query: 2016-09-19 09:45:58.919--UnitOfWork(42666895)--Thread(Thread[Test worker,5,main])--Execute query ReadAllQuery(name="CoreContacts.findById" referenceClass=CoreContacts sql="SELECT contactId, age, approximateDOB, dateofbirth, emailId, firstName, genderId, lastName, middleName, nativeFirstName, nativeLanguageCode, nativeLastName, nativeMiddleName, nativeTitle, phoneNumber, titleId, versionId, createdBy, createdDate, updatedBy, updatedDate, activeStatus, txnAccessCode, timeZoneId FROM ast_CoreContacts_T WHERE ((activeStatus = ?) AND (contactId = ?))")
[EL Fine]: sql: 2016-09-19 09:45:58.919--ClientSession(1861529834)--Connection(2026229531)--Thread(Thread[Test worker,5,main])--SELECT contactId, age, approximateDOB, dateofbirth, emailId, firstName, genderId, lastName, middleName, nativeFirstName, nativeLanguageCode, nativeLastName, nativeMiddleName, nativeTitle, phoneNumber, titleId, versionId, createdBy, createdDate, updatedBy, updatedDate, activeStatus, txnAccessCode, timeZoneId FROM ast_CoreContacts_T WHERE ((activeStatus = ?) AND (contactId = ?))
	bind => [1, 4138EC9A-E6DA-4703-B0CA-D67246488349]
[EL Finest]: query: 2016-09-19 09:45:58.921--UnitOfWork(42666895)--Thread(Thread[Test worker,5,main])--Execute query ReadObjectQuery(name="timezone" referenceClass=Timezone )
[EL Fine]: sql: 2016-09-19 09:45:58.921--ClientSession(1861529834)--Connection(2026229531)--Thread(Thread[Test worker,5,main])--SELECT timeZoneId, cities, country, gmtLabel, timeZoneLabel, utcdifference, versionId, createdBy, createdDate, updatedBy, updatedDate, activeStatus, txnAccessCode FROM ast_Timezone_M WHERE (timeZoneId = ?)
	bind => [D0E46341-0446-4776-B444-469975F16748]
[EL Finer]: transaction: 2016-09-19 09:45:58.923--UnitOfWork(42666895)--Thread(Thread[Test worker,5,main])--begin unit of work commit
[EL Finer]: transaction: 2016-09-19 09:45:58.924--ClientSession(1861529834)--Connection(2026229531)--Thread(Thread[Test worker,5,main])--commit transaction
[EL Finest]: connection: 2016-09-19 09:45:58.924--ServerSession(1800530428)--Connection(1990449814)--Thread(Thread[Test worker,5,main])--Connection released to connection pool [default].
[EL Finer]: transaction: 2016-09-19 09:45:58.924--UnitOfWork(42666895)--Thread(Thread[Test worker,5,main])--end unit of work commit
[EL Finer]: transaction: 2016-09-19 09:45:58.924--UnitOfWork(42666895)--Thread(Thread[Test worker,5,main])--resume unit of work
[EL Finer]: transaction: 2016-09-19 09:45:58.924--UnitOfWork(42666895)--Thread(Thread[Test worker,5,main])--release unit of work
[EL Finer]: connection: 2016-09-19 09:45:58.924--ClientSession(1861529834)--Thread(Thread[Test worker,5,main])--client released
[EL Finer]: connection: 2016-09-19 09:45:58.944--ServerSession(1800530428)--Thread(Thread[Test worker,5,main])--client acquired: 1867893689
[EL Finer]: transaction: 2016-09-19 09:45:58.944--ClientSession(1867893689)--Thread(Thread[Test worker,5,main])--acquire unit of work: 1773279177
[EL Finest]: connection: 2016-09-19 09:45:58.944--ServerSession(1800530428)--Connection(725074773)--Thread(Thread[Test worker,5,main])--Connection acquired from connection pool [default].
[EL Finer]: transaction: 2016-09-19 09:45:58.944--ClientSession(1867893689)--Connection(725074773)--Thread(Thread[Test worker,5,main])--begin transaction
[EL Finest]: connection: 2016-09-19 09:45:58.944--ClientSession(1867893689)--Thread(Thread[Test worker,5,main])--reconnecting to external connection pool
[EL Finer]: transaction: 2016-09-19 09:45:58.946--UnitOfWork(1773279177)--Thread(Thread[Test worker,5,main])--begin unit of work flush
[EL Finer]: transaction: 2016-09-19 09:45:58.946--UnitOfWork(1773279177)--Thread(Thread[Test worker,5,main])--end unit of work flush
[EL Finest]: query: 2016-09-19 09:45:58.946--UnitOfWork(1773279177)--Thread(Thread[Test worker,5,main])--Execute query ReadAllQuery(name="CoreContacts.findByGenderId" referenceClass=CoreContacts sql="SELECT contactId, age, approximateDOB, dateofbirth, emailId, firstName, genderId, lastName, middleName, nativeFirstName, nativeLanguageCode, nativeLastName, nativeMiddleName, nativeTitle, phoneNumber, titleId, versionId, createdBy, createdDate, updatedBy, updatedDate, activeStatus, txnAccessCode, timeZoneId FROM ast_CoreContacts_T WHERE ((activeStatus = ?) AND (genderId = ?))")
[EL Fine]: sql: 2016-09-19 09:45:58.946--ClientSession(1867893689)--Connection(149584469)--Thread(Thread[Test worker,5,main])--SELECT contactId, age, approximateDOB, dateofbirth, emailId, firstName, genderId, lastName, middleName, nativeFirstName, nativeLanguageCode, nativeLastName, nativeMiddleName, nativeTitle, phoneNumber, titleId, versionId, createdBy, createdDate, updatedBy, updatedDate, activeStatus, txnAccessCode, timeZoneId FROM ast_CoreContacts_T WHERE ((activeStatus = ?) AND (genderId = ?))
	bind => [1, C477C0DF-C403-48F0-BEA5-9B005568325A]
[EL Finest]: query: 2016-09-19 09:45:58.948--UnitOfWork(1773279177)--Thread(Thread[Test worker,5,main])--Execute query ReadObjectQuery(name="timezone" referenceClass=Timezone )
[EL Fine]: sql: 2016-09-19 09:45:58.948--ClientSession(1867893689)--Connection(149584469)--Thread(Thread[Test worker,5,main])--SELECT timeZoneId, cities, country, gmtLabel, timeZoneLabel, utcdifference, versionId, createdBy, createdDate, updatedBy, updatedDate, activeStatus, txnAccessCode FROM ast_Timezone_M WHERE (timeZoneId = ?)
	bind => [D0E46341-0446-4776-B444-469975F16748]
[EL Finer]: transaction: 2016-09-19 09:45:58.95--UnitOfWork(1773279177)--Thread(Thread[Test worker,5,main])--begin unit of work commit
[EL Finer]: transaction: 2016-09-19 09:45:58.95--ClientSession(1867893689)--Connection(149584469)--Thread(Thread[Test worker,5,main])--commit transaction
[EL Finest]: connection: 2016-09-19 09:45:58.95--ServerSession(1800530428)--Connection(725074773)--Thread(Thread[Test worker,5,main])--Connection released to connection pool [default].
[EL Finer]: transaction: 2016-09-19 09:45:58.95--UnitOfWork(1773279177)--Thread(Thread[Test worker,5,main])--end unit of work commit
[EL Finer]: transaction: 2016-09-19 09:45:58.951--UnitOfWork(1773279177)--Thread(Thread[Test worker,5,main])--resume unit of work
[EL Finer]: transaction: 2016-09-19 09:45:58.951--UnitOfWork(1773279177)--Thread(Thread[Test worker,5,main])--release unit of work
[EL Finer]: connection: 2016-09-19 09:45:58.951--ClientSession(1867893689)--Thread(Thread[Test worker,5,main])--client released
[EL Finer]: connection: 2016-09-19 09:45:58.969--ServerSession(1800530428)--Thread(Thread[Test worker,5,main])--client acquired: 1078325704
[EL Finer]: transaction: 2016-09-19 09:45:58.969--ClientSession(1078325704)--Thread(Thread[Test worker,5,main])--acquire unit of work: 805610095
[EL Finest]: connection: 2016-09-19 09:45:58.97--ServerSession(1800530428)--Connection(4472330)--Thread(Thread[Test worker,5,main])--Connection acquired from connection pool [default].
[EL Finer]: transaction: 2016-09-19 09:45:58.97--ClientSession(1078325704)--Connection(4472330)--Thread(Thread[Test worker,5,main])--begin transaction
[EL Finest]: connection: 2016-09-19 09:45:58.97--ClientSession(1078325704)--Thread(Thread[Test worker,5,main])--reconnecting to external connection pool
[EL Finer]: transaction: 2016-09-19 09:45:58.971--UnitOfWork(805610095)--Thread(Thread[Test worker,5,main])--begin unit of work flush
[EL Finer]: transaction: 2016-09-19 09:45:58.971--UnitOfWork(805610095)--Thread(Thread[Test worker,5,main])--end unit of work flush
[EL Finest]: query: 2016-09-19 09:45:58.971--UnitOfWork(805610095)--Thread(Thread[Test worker,5,main])--Execute query ReadAllQuery(name="CoreContacts.findByNativeLanguageCode" referenceClass=CoreContacts sql="SELECT contactId, age, approximateDOB, dateofbirth, emailId, firstName, genderId, lastName, middleName, nativeFirstName, nativeLanguageCode, nativeLastName, nativeMiddleName, nativeTitle, phoneNumber, titleId, versionId, createdBy, createdDate, updatedBy, updatedDate, activeStatus, txnAccessCode, timeZoneId FROM ast_CoreContacts_T WHERE ((activeStatus = ?) AND (nativeLanguageCode = ?))")
[EL Fine]: sql: 2016-09-19 09:45:58.971--ClientSession(1078325704)--Connection(909009803)--Thread(Thread[Test worker,5,main])--SELECT contactId, age, approximateDOB, dateofbirth, emailId, firstName, genderId, lastName, middleName, nativeFirstName, nativeLanguageCode, nativeLastName, nativeMiddleName, nativeTitle, phoneNumber, titleId, versionId, createdBy, createdDate, updatedBy, updatedDate, activeStatus, txnAccessCode, timeZoneId FROM ast_CoreContacts_T WHERE ((activeStatus = ?) AND (nativeLanguageCode = ?))
	bind => [1, 88D3613E-CED7-44AB-B91D-536A7A1733CE]
[EL Finest]: query: 2016-09-19 09:45:58.973--UnitOfWork(805610095)--Thread(Thread[Test worker,5,main])--Execute query ReadObjectQuery(name="timezone" referenceClass=Timezone )
[EL Fine]: sql: 2016-09-19 09:45:58.973--ClientSession(1078325704)--Connection(909009803)--Thread(Thread[Test worker,5,main])--SELECT timeZoneId, cities, country, gmtLabel, timeZoneLabel, utcdifference, versionId, createdBy, createdDate, updatedBy, updatedDate, activeStatus, txnAccessCode FROM ast_Timezone_M WHERE (timeZoneId = ?)
	bind => [D0E46341-0446-4776-B444-469975F16748]
[EL Finer]: transaction: 2016-09-19 09:45:58.974--UnitOfWork(805610095)--Thread(Thread[Test worker,5,main])--begin unit of work commit
[EL Finer]: transaction: 2016-09-19 09:45:58.975--ClientSession(1078325704)--Connection(909009803)--Thread(Thread[Test worker,5,main])--commit transaction
[EL Finest]: connection: 2016-09-19 09:45:58.975--ServerSession(1800530428)--Connection(4472330)--Thread(Thread[Test worker,5,main])--Connection released to connection pool [default].
[EL Finer]: transaction: 2016-09-19 09:45:58.975--UnitOfWork(805610095)--Thread(Thread[Test worker,5,main])--end unit of work commit
[EL Finer]: transaction: 2016-09-19 09:45:58.975--UnitOfWork(805610095)--Thread(Thread[Test worker,5,main])--resume unit of work
[EL Finer]: transaction: 2016-09-19 09:45:58.976--UnitOfWork(805610095)--Thread(Thread[Test worker,5,main])--release unit of work
[EL Finer]: connection: 2016-09-19 09:45:58.976--ClientSession(1078325704)--Thread(Thread[Test worker,5,main])--client released
[EL Finer]: connection: 2016-09-19 09:45:59.004--ServerSession(1800530428)--Thread(Thread[Test worker,5,main])--client acquired: 2080031538
[EL Finer]: transaction: 2016-09-19 09:45:59.004--ClientSession(2080031538)--Thread(Thread[Test worker,5,main])--acquire unit of work: 203769653
[EL Finest]: connection: 2016-09-19 09:45:59.004--ServerSession(1800530428)--Connection(1667624653)--Thread(Thread[Test worker,5,main])--Connection acquired from connection pool [default].
[EL Finer]: transaction: 2016-09-19 09:45:59.004--ClientSession(2080031538)--Connection(1667624653)--Thread(Thread[Test worker,5,main])--begin transaction
[EL Finest]: connection: 2016-09-19 09:45:59.004--ClientSession(2080031538)--Thread(Thread[Test worker,5,main])--reconnecting to external connection pool
[EL Finer]: transaction: 2016-09-19 09:45:59.006--UnitOfWork(203769653)--Thread(Thread[Test worker,5,main])--begin unit of work flush
[EL Finer]: transaction: 2016-09-19 09:45:59.006--UnitOfWork(203769653)--Thread(Thread[Test worker,5,main])--end unit of work flush
[EL Finest]: query: 2016-09-19 09:45:59.006--UnitOfWork(203769653)--Thread(Thread[Test worker,5,main])--Execute query ReadAllQuery(name="CoreContacts.findByTitleId" referenceClass=CoreContacts sql="SELECT contactId, age, approximateDOB, dateofbirth, emailId, firstName, genderId, lastName, middleName, nativeFirstName, nativeLanguageCode, nativeLastName, nativeMiddleName, nativeTitle, phoneNumber, titleId, versionId, createdBy, createdDate, updatedBy, updatedDate, activeStatus, txnAccessCode, timeZoneId FROM ast_CoreContacts_T WHERE ((activeStatus = ?) AND (titleId = ?))")
[EL Fine]: sql: 2016-09-19 09:45:59.006--ClientSession(2080031538)--Connection(498949836)--Thread(Thread[Test worker,5,main])--SELECT contactId, age, approximateDOB, dateofbirth, emailId, firstName, genderId, lastName, middleName, nativeFirstName, nativeLanguageCode, nativeLastName, nativeMiddleName, nativeTitle, phoneNumber, titleId, versionId, createdBy, createdDate, updatedBy, updatedDate, activeStatus, txnAccessCode, timeZoneId FROM ast_CoreContacts_T WHERE ((activeStatus = ?) AND (titleId = ?))
	bind => [1, 431ABCBD-1C73-4278-A03B-66A0BC5BF4E5]
[EL Finest]: query: 2016-09-19 09:45:59.008--UnitOfWork(203769653)--Thread(Thread[Test worker,5,main])--Execute query ReadObjectQuery(name="timezone" referenceClass=Timezone )
[EL Fine]: sql: 2016-09-19 09:45:59.008--ClientSession(2080031538)--Connection(498949836)--Thread(Thread[Test worker,5,main])--SELECT timeZoneId, cities, country, gmtLabel, timeZoneLabel, utcdifference, versionId, createdBy, createdDate, updatedBy, updatedDate, activeStatus, txnAccessCode FROM ast_Timezone_M WHERE (timeZoneId = ?)
	bind => [D0E46341-0446-4776-B444-469975F16748]
[EL Finer]: transaction: 2016-09-19 09:45:59.01--UnitOfWork(203769653)--Thread(Thread[Test worker,5,main])--begin unit of work commit
[EL Finer]: transaction: 2016-09-19 09:45:59.01--ClientSession(2080031538)--Connection(498949836)--Thread(Thread[Test worker,5,main])--commit transaction
[EL Finest]: connection: 2016-09-19 09:45:59.01--ServerSession(1800530428)--Connection(1667624653)--Thread(Thread[Test worker,5,main])--Connection released to connection pool [default].
[EL Finer]: transaction: 2016-09-19 09:45:59.01--UnitOfWork(203769653)--Thread(Thread[Test worker,5,main])--end unit of work commit
[EL Finer]: transaction: 2016-09-19 09:45:59.011--UnitOfWork(203769653)--Thread(Thread[Test worker,5,main])--resume unit of work
[EL Finer]: transaction: 2016-09-19 09:45:59.011--UnitOfWork(203769653)--Thread(Thread[Test worker,5,main])--release unit of work
[EL Finer]: connection: 2016-09-19 09:45:59.011--ClientSession(2080031538)--Thread(Thread[Test worker,5,main])--client released
[EL Finer]: connection: 2016-09-19 09:45:59.115--ServerSession(1800530428)--Thread(Thread[Test worker,5,main])--client acquired: 1366611780
[EL Finer]: transaction: 2016-09-19 09:45:59.115--ClientSession(1366611780)--Thread(Thread[Test worker,5,main])--acquire unit of work: 1306581795
[EL Finest]: connection: 2016-09-19 09:45:59.115--ServerSession(1800530428)--Connection(1699937990)--Thread(Thread[Test worker,5,main])--Connection acquired from connection pool [default].
[EL Finer]: transaction: 2016-09-19 09:45:59.115--ClientSession(1366611780)--Connection(1699937990)--Thread(Thread[Test worker,5,main])--begin transaction
[EL Finest]: connection: 2016-09-19 09:45:59.115--ClientSession(1366611780)--Thread(Thread[Test worker,5,main])--reconnecting to external connection pool
[EL Finest]: query: 2016-09-19 09:45:59.116--UnitOfWork(1306581795)--Thread(Thread[Test worker,5,main])--Execute query ReadObjectQuery(name="readCoreContacts" referenceClass=CoreContacts sql="SELECT contactId, age, approximateDOB, dateofbirth, emailId, firstName, genderId, lastName, middleName, nativeFirstName, nativeLanguageCode, nativeLastName, nativeMiddleName, nativeTitle, phoneNumber, titleId, versionId, createdBy, createdDate, updatedBy, updatedDate, activeStatus, txnAccessCode, timeZoneId FROM ast_CoreContacts_T WHERE (contactId = ?)")
[EL Fine]: sql: 2016-09-19 09:45:59.116--ClientSession(1366611780)--Connection(397584809)--Thread(Thread[Test worker,5,main])--SELECT contactId, age, approximateDOB, dateofbirth, emailId, firstName, genderId, lastName, middleName, nativeFirstName, nativeLanguageCode, nativeLastName, nativeMiddleName, nativeTitle, phoneNumber, titleId, versionId, createdBy, createdDate, updatedBy, updatedDate, activeStatus, txnAccessCode, timeZoneId FROM ast_CoreContacts_T WHERE (contactId = ?)
	bind => [4138EC9A-E6DA-4703-B0CA-D67246488349]
[EL Finest]: query: 2016-09-19 09:45:59.117--UnitOfWork(1306581795)--Thread(Thread[Test worker,5,main])--Execute query ReadObjectQuery(name="timezone" referenceClass=Timezone )
[EL Fine]: sql: 2016-09-19 09:45:59.118--ClientSession(1366611780)--Connection(397584809)--Thread(Thread[Test worker,5,main])--SELECT timeZoneId, cities, country, gmtLabel, timeZoneLabel, utcdifference, versionId, createdBy, createdDate, updatedBy, updatedDate, activeStatus, txnAccessCode FROM ast_Timezone_M WHERE (timeZoneId = ?)
	bind => [D0E46341-0446-4776-B444-469975F16748]
[EL Finest]: transaction: 2016-09-19 09:45:59.119--UnitOfWork(1306581795)--Thread(Thread[Test worker,5,main])--remove() operation called on: LCbvQ9XgYWBOe0SpYyIEwZEulmgIxGIsptLx6CUTMKwaebYjGJ,N6G7GVewFsK5BZ03iE10KK47qlRPCFR5iq0oTI9fhoVwhwvPSk,pCKimBTMYJP0DEqP01OhOjHIkE4EtnjSR3257w6OpKoH8lBlmw,sKhwBHaxb0kge1EYIrw8FP0lp7AwSQ62g8K5s5SioCUa6FCVCc,vcOe0eEojTHB0ftSAIVZ
[EL Finest]: query: 2016-09-19 09:45:59.119--UnitOfWork(1306581795)--Thread(Thread[Test worker,5,main])--Execute query ReadAllQuery(name="address" referenceClass=Address sql="SELECT t1.addressId, t1.address1, t1.address2, t1.address3, t1.addressLabel, t1.addressTypeId, t1.cityId, t1.countryId, t1.latitude, t1.longitude, t1.stateId, t1.versionId, t1.zipcode, t1.createdBy, t1.createdDate, t1.updatedBy, t1.updatedDate, t1.activeStatus, t1.txnAccessCode FROM ast_AddressMap_B t0, ast_Address_T t1 WHERE ((t0.contactId = ?) AND (t1.addressId = t0.addressId))")
[EL Fine]: sql: 2016-09-19 09:45:59.119--ClientSession(1366611780)--Connection(397584809)--Thread(Thread[Test worker,5,main])--SELECT t1.addressId, t1.address1, t1.address2, t1.address3, t1.addressLabel, t1.addressTypeId, t1.cityId, t1.countryId, t1.latitude, t1.longitude, t1.stateId, t1.versionId, t1.zipcode, t1.createdBy, t1.createdDate, t1.updatedBy, t1.updatedDate, t1.activeStatus, t1.txnAccessCode FROM ast_AddressMap_B t0, ast_Address_T t1 WHERE ((t0.contactId = ?) AND (t1.addressId = t0.addressId))
	bind => [4138EC9A-E6DA-4703-B0CA-D67246488349]
[EL Finest]: transaction: 2016-09-19 09:45:59.125--UnitOfWork(1306581795)--Thread(Thread[Test worker,5,main])--remove() operation called on: ucRkJd
[EL Finer]: transaction: 2016-09-19 09:45:59.126--UnitOfWork(1306581795)--Thread(Thread[Test worker,5,main])--begin unit of work commit
[EL Finest]: query: 2016-09-19 09:45:59.126--UnitOfWork(1306581795)--Thread(Thread[Test worker,5,main])--Execute query DoesExistQuery(referenceClass=Address )
[EL Finest]: query: 2016-09-19 09:45:59.127--UnitOfWork(1306581795)--Thread(Thread[Test worker,5,main])--Execute query DoesExistQuery(referenceClass=CoreContacts )
[EL Finest]: query: 2016-09-19 09:45:59.127--UnitOfWork(1306581795)--Thread(Thread[Test worker,5,main])--Execute query DataModifyQuery(name="address" sql="DELETE FROM ast_AddressMap_B WHERE (contactId = ?)")
[EL Finest]: query: 2016-09-19 09:45:59.127--UnitOfWork(1306581795)--Thread(Thread[Test worker,5,main])--Execute query DeleteObjectQuery(ucRkJd)
[EL Fine]: sql: 2016-09-19 09:45:59.128--ClientSession(1366611780)--Connection(397584809)--Thread(Thread[Test worker,5,main])--DELETE FROM ast_AddressMap_B WHERE (contactId = ?)
	bind => [4138EC9A-E6DA-4703-B0CA-D67246488349]
[EL Finest]: query: 2016-09-19 09:45:59.129--UnitOfWork(1306581795)--Thread(Thread[Test worker,5,main])--Execute query DeleteObjectQuery(LCbvQ9XgYWBOe0SpYyIEwZEulmgIxGIsptLx6CUTMKwaebYjGJ,N6G7GVewFsK5BZ03iE10KK47qlRPCFR5iq0oTI9fhoVwhwvPSk,pCKimBTMYJP0DEqP01OhOjHIkE4EtnjSR3257w6OpKoH8lBlmw,sKhwBHaxb0kge1EYIrw8FP0lp7AwSQ62g8K5s5SioCUa6FCVCc,vcOe0eEojTHB0ftSAIVZ)
[EL Fine]: sql: 2016-09-19 09:45:59.13--ClientSession(1366611780)--Connection(397584809)--Thread(Thread[Test worker,5,main])--DELETE FROM ast_Address_T WHERE ((addressId = ?) AND (versionId = ?))
	bind => [D1EF3082-E41F-4A90-A952-DAE63A84A1F3, 1]
[EL Fine]: sql: 2016-09-19 09:45:59.132--ClientSession(1366611780)--Connection(397584809)--Thread(Thread[Test worker,5,main])--DELETE FROM ast_CoreContacts_T WHERE ((contactId = ?) AND (versionId = ?))
	bind => [4138EC9A-E6DA-4703-B0CA-D67246488349, 2]
[EL Finer]: transaction: 2016-09-19 09:45:59.216--ClientSession(1366611780)--Connection(397584809)--Thread(Thread[Test worker,5,main])--commit transaction
[EL Finest]: connection: 2016-09-19 09:45:59.265--ServerSession(1800530428)--Connection(1699937990)--Thread(Thread[Test worker,5,main])--Connection released to connection pool [default].
[EL Finer]: transaction: 2016-09-19 09:45:59.265--UnitOfWork(1306581795)--Thread(Thread[Test worker,5,main])--end unit of work commit
[EL Finer]: transaction: 2016-09-19 09:45:59.265--UnitOfWork(1306581795)--Thread(Thread[Test worker,5,main])--resume unit of work
[EL Finer]: transaction: 2016-09-19 09:45:59.266--UnitOfWork(1306581795)--Thread(Thread[Test worker,5,main])--release unit of work
[EL Finer]: connection: 2016-09-19 09:45:59.266--ClientSession(1366611780)--Thread(Thread[Test worker,5,main])--client released
[EL Finer]: connection: 2016-09-19 09:45:59.282--ServerSession(1800530428)--Thread(Thread[Test worker,5,main])--client acquired: 1251108795
[EL Finer]: transaction: 2016-09-19 09:45:59.282--ClientSession(1251108795)--Thread(Thread[Test worker,5,main])--acquire unit of work: 1373129788
[EL Finest]: connection: 2016-09-19 09:45:59.282--ServerSession(1800530428)--Connection(1333076254)--Thread(Thread[Test worker,5,main])--Connection acquired from connection pool [default].
[EL Finer]: transaction: 2016-09-19 09:45:59.282--ClientSession(1251108795)--Connection(1333076254)--Thread(Thread[Test worker,5,main])--begin transaction
[EL Finest]: connection: 2016-09-19 09:45:59.282--ClientSession(1251108795)--Thread(Thread[Test worker,5,main])--reconnecting to external connection pool
[EL Finest]: query: 2016-09-19 09:45:59.283--UnitOfWork(1373129788)--Thread(Thread[Test worker,5,main])--Execute query ReadObjectQuery(name="readAddressType" referenceClass=AddressType sql="SELECT addressTypeId, addressType, addressTypeDesc, addressTypeIcon, versionId, createdBy, createdDate, updatedBy, updatedDate, activeStatus, txnAccessCode FROM ast_AddressType_M WHERE (addressTypeId = ?)")
[EL Fine]: sql: 2016-09-19 09:45:59.283--ClientSession(1251108795)--Connection(1884068299)--Thread(Thread[Test worker,5,main])--SELECT addressTypeId, addressType, addressTypeDesc, addressTypeIcon, versionId, createdBy, createdDate, updatedBy, updatedDate, activeStatus, txnAccessCode FROM ast_AddressType_M WHERE (addressTypeId = ?)
	bind => [E06C15A3-F245-40E8-B073-C5F56EA2FC07]
[EL Finest]: transaction: 2016-09-19 09:45:59.284--UnitOfWork(1373129788)--Thread(Thread[Test worker,5,main])--remove() operation called on: hQ8JVMsiadZeykV9WXk5O6g371Eg9PP0kRY16jZwEVyCJLlo7O
[EL Finer]: transaction: 2016-09-19 09:45:59.285--UnitOfWork(1373129788)--Thread(Thread[Test worker,5,main])--begin unit of work commit
[EL Finest]: query: 2016-09-19 09:45:59.285--UnitOfWork(1373129788)--Thread(Thread[Test worker,5,main])--Execute query DoesExistQuery(referenceClass=AddressType )
[EL Finest]: query: 2016-09-19 09:45:59.285--UnitOfWork(1373129788)--Thread(Thread[Test worker,5,main])--Execute query DeleteObjectQuery(hQ8JVMsiadZeykV9WXk5O6g371Eg9PP0kRY16jZwEVyCJLlo7O)
[EL Fine]: sql: 2016-09-19 09:45:59.285--ClientSession(1251108795)--Connection(1884068299)--Thread(Thread[Test worker,5,main])--DELETE FROM ast_AddressType_M WHERE ((addressTypeId = ?) AND (versionId = ?))
	bind => [E06C15A3-F245-40E8-B073-C5F56EA2FC07, 1]
[EL Finer]: transaction: 2016-09-19 09:45:59.29--ClientSession(1251108795)--Connection(1884068299)--Thread(Thread[Test worker,5,main])--commit transaction
[EL Finest]: connection: 2016-09-19 09:45:59.338--ServerSession(1800530428)--Connection(1333076254)--Thread(Thread[Test worker,5,main])--Connection released to connection pool [default].
[EL Finer]: transaction: 2016-09-19 09:45:59.338--UnitOfWork(1373129788)--Thread(Thread[Test worker,5,main])--end unit of work commit
[EL Finer]: transaction: 2016-09-19 09:45:59.338--UnitOfWork(1373129788)--Thread(Thread[Test worker,5,main])--resume unit of work
[EL Finer]: transaction: 2016-09-19 09:45:59.338--UnitOfWork(1373129788)--Thread(Thread[Test worker,5,main])--release unit of work
[EL Finer]: connection: 2016-09-19 09:45:59.339--ClientSession(1251108795)--Thread(Thread[Test worker,5,main])--client released
[EL Finer]: connection: 2016-09-19 09:45:59.355--ServerSession(1800530428)--Thread(Thread[Test worker,5,main])--client acquired: 1018582159
[EL Finer]: transaction: 2016-09-19 09:45:59.355--ClientSession(1018582159)--Thread(Thread[Test worker,5,main])--acquire unit of work: 1718196076
[EL Finest]: connection: 2016-09-19 09:45:59.355--ServerSession(1800530428)--Connection(508848123)--Thread(Thread[Test worker,5,main])--Connection acquired from connection pool [default].
[EL Finer]: transaction: 2016-09-19 09:45:59.355--ClientSession(1018582159)--Connection(508848123)--Thread(Thread[Test worker,5,main])--begin transaction
[EL Finest]: connection: 2016-09-19 09:45:59.355--ClientSession(1018582159)--Thread(Thread[Test worker,5,main])--reconnecting to external connection pool
[EL Finest]: query: 2016-09-19 09:45:59.356--UnitOfWork(1718196076)--Thread(Thread[Test worker,5,main])--Execute query ReadObjectQuery(name="readCity" referenceClass=City sql="SELECT cityId, cityCode, cityCodeChar2, cityDescription, cityFlag, cityLatitude, cityLongitude, cityName, countryId, stateId, versionId, createdBy, createdDate, updatedBy, updatedDate, activeStatus, txnAccessCode FROM ast_City_M WHERE (cityId = ?)")
[EL Fine]: sql: 2016-09-19 09:45:59.356--ClientSession(1018582159)--Connection(1288966495)--Thread(Thread[Test worker,5,main])--SELECT cityId, cityCode, cityCodeChar2, cityDescription, cityFlag, cityLatitude, cityLongitude, cityName, countryId, stateId, versionId, createdBy, createdDate, updatedBy, updatedDate, activeStatus, txnAccessCode FROM ast_City_M WHERE (cityId = ?)
	bind => [94B49205-2FC4-4AD0-B4F6-5DF767B7F93A]
[EL Finest]: transaction: 2016-09-19 09:45:59.358--UnitOfWork(1718196076)--Thread(Thread[Test worker,5,main])--remove() operation called on: 021DwTgaEIUDtJJP8qJ7LBL0Rn1s0oTTL5B7u20hQszJTA1y2p,StJt69P8qMeb4DtKDOxZdURaino5QUpm,3
[EL Finer]: transaction: 2016-09-19 09:45:59.358--UnitOfWork(1718196076)--Thread(Thread[Test worker,5,main])--begin unit of work commit
[EL Finest]: query: 2016-09-19 09:45:59.358--UnitOfWork(1718196076)--Thread(Thread[Test worker,5,main])--Execute query DoesExistQuery(referenceClass=City )
[EL Finest]: query: 2016-09-19 09:45:59.358--UnitOfWork(1718196076)--Thread(Thread[Test worker,5,main])--Execute query DeleteObjectQuery(021DwTgaEIUDtJJP8qJ7LBL0Rn1s0oTTL5B7u20hQszJTA1y2p,StJt69P8qMeb4DtKDOxZdURaino5QUpm,3)
[EL Fine]: sql: 2016-09-19 09:45:59.358--ClientSession(1018582159)--Connection(1288966495)--Thread(Thread[Test worker,5,main])--DELETE FROM ast_City_M WHERE ((cityId = ?) AND (versionId = ?))
	bind => [94B49205-2FC4-4AD0-B4F6-5DF767B7F93A, 1]
[EL Finer]: transaction: 2016-09-19 09:45:59.363--ClientSession(1018582159)--Connection(1288966495)--Thread(Thread[Test worker,5,main])--commit transaction
[EL Finest]: connection: 2016-09-19 09:45:59.388--ServerSession(1800530428)--Connection(508848123)--Thread(Thread[Test worker,5,main])--Connection released to connection pool [default].
[EL Finer]: transaction: 2016-09-19 09:45:59.388--UnitOfWork(1718196076)--Thread(Thread[Test worker,5,main])--end unit of work commit
[EL Finer]: transaction: 2016-09-19 09:45:59.388--UnitOfWork(1718196076)--Thread(Thread[Test worker,5,main])--resume unit of work
[EL Finer]: transaction: 2016-09-19 09:45:59.388--UnitOfWork(1718196076)--Thread(Thread[Test worker,5,main])--release unit of work
[EL Finer]: connection: 2016-09-19 09:45:59.388--ClientSession(1018582159)--Thread(Thread[Test worker,5,main])--client released
[EL Finer]: connection: 2016-09-19 09:45:59.41--ServerSession(1800530428)--Thread(Thread[Test worker,5,main])--client acquired: 282038866
[EL Finer]: transaction: 2016-09-19 09:45:59.41--ClientSession(282038866)--Thread(Thread[Test worker,5,main])--acquire unit of work: 730811933
[EL Finest]: connection: 2016-09-19 09:45:59.41--ServerSession(1800530428)--Connection(1297180738)--Thread(Thread[Test worker,5,main])--Connection acquired from connection pool [default].
[EL Finer]: transaction: 2016-09-19 09:45:59.411--ClientSession(282038866)--Connection(1297180738)--Thread(Thread[Test worker,5,main])--begin transaction
[EL Finest]: connection: 2016-09-19 09:45:59.411--ClientSession(282038866)--Thread(Thread[Test worker,5,main])--reconnecting to external connection pool
[EL Finest]: query: 2016-09-19 09:45:59.412--UnitOfWork(730811933)--Thread(Thread[Test worker,5,main])--Execute query ReadObjectQuery(name="readState" referenceClass=State sql="SELECT stateId, countryId, stateCapital, stateCapitalLatitude, stateCapitalLongitude, stateCode, stateCodeChar2, stateCodeChar3, stateDescription, stateFlag, stateName, versionId, createdBy, createdDate, updatedBy, updatedDate, activeStatus, txnAccessCode FROM ast_State_M WHERE (stateId = ?)")
[EL Fine]: sql: 2016-09-19 09:45:59.412--ClientSession(282038866)--Connection(211398367)--Thread(Thread[Test worker,5,main])--SELECT stateId, countryId, stateCapital, stateCapitalLatitude, stateCapitalLongitude, stateCode, stateCodeChar2, stateCodeChar3, stateDescription, stateFlag, stateName, versionId, createdBy, createdDate, updatedBy, updatedDate, activeStatus, txnAccessCode FROM ast_State_M WHERE (stateId = ?)
	bind => [7004C21F-8B29-4790-AC09-89DA1D871879]
[EL Finest]: transaction: 2016-09-19 09:45:59.414--UnitOfWork(730811933)--Thread(Thread[Test worker,5,main])--remove() operation called on: s38X7mShVGiPyIhd4AKcKW3qNPTrdETz8s29x3UFVbXelMlh3x
[EL Finer]: transaction: 2016-09-19 09:45:59.414--UnitOfWork(730811933)--Thread(Thread[Test worker,5,main])--begin unit of work commit
[EL Finest]: query: 2016-09-19 09:45:59.415--UnitOfWork(730811933)--Thread(Thread[Test worker,5,main])--Execute query DoesExistQuery(referenceClass=State )
[EL Finest]: query: 2016-09-19 09:45:59.415--UnitOfWork(730811933)--Thread(Thread[Test worker,5,main])--Execute query DeleteObjectQuery(s38X7mShVGiPyIhd4AKcKW3qNPTrdETz8s29x3UFVbXelMlh3x)
[EL Fine]: sql: 2016-09-19 09:45:59.415--ClientSession(282038866)--Connection(211398367)--Thread(Thread[Test worker,5,main])--DELETE FROM ast_State_M WHERE ((stateId = ?) AND (versionId = ?))
	bind => [7004C21F-8B29-4790-AC09-89DA1D871879, 1]
[EL Finer]: transaction: 2016-09-19 09:45:59.416--ClientSession(282038866)--Connection(211398367)--Thread(Thread[Test worker,5,main])--commit transaction
[EL Finest]: connection: 2016-09-19 09:45:59.486--ServerSession(1800530428)--Connection(1297180738)--Thread(Thread[Test worker,5,main])--Connection released to connection pool [default].
[EL Finer]: transaction: 2016-09-19 09:45:59.486--UnitOfWork(730811933)--Thread(Thread[Test worker,5,main])--end unit of work commit
[EL Finer]: transaction: 2016-09-19 09:45:59.486--UnitOfWork(730811933)--Thread(Thread[Test worker,5,main])--resume unit of work
[EL Finer]: transaction: 2016-09-19 09:45:59.486--UnitOfWork(730811933)--Thread(Thread[Test worker,5,main])--release unit of work
[EL Finer]: connection: 2016-09-19 09:45:59.486--ClientSession(282038866)--Thread(Thread[Test worker,5,main])--client released
[EL Finer]: connection: 2016-09-19 09:45:59.51--ServerSession(1800530428)--Thread(Thread[Test worker,5,main])--client acquired: 1523100325
[EL Finer]: transaction: 2016-09-19 09:45:59.51--ClientSession(1523100325)--Thread(Thread[Test worker,5,main])--acquire unit of work: 742090035
[EL Finest]: connection: 2016-09-19 09:45:59.51--ServerSession(1800530428)--Connection(1869680116)--Thread(Thread[Test worker,5,main])--Connection acquired from connection pool [default].
[EL Finer]: transaction: 2016-09-19 09:45:59.51--ClientSession(1523100325)--Connection(1869680116)--Thread(Thread[Test worker,5,main])--begin transaction
[EL Finest]: connection: 2016-09-19 09:45:59.51--ClientSession(1523100325)--Thread(Thread[Test worker,5,main])--reconnecting to external connection pool
[EL Finest]: query: 2016-09-19 09:45:59.511--UnitOfWork(742090035)--Thread(Thread[Test worker,5,main])--Execute query ReadObjectQuery(name="readCountry" referenceClass=Country sql="SELECT countryId, capital, capitalLatitude, capitalLongitude, countryCode1, countryCode2, countryFlag, countryName, currencyCode, currencyName, currencySymbol, isoNumeric, versionId, createdBy, createdDate, updatedBy, updatedDate, activeStatus, txnAccessCode FROM ast_Country_M WHERE (countryId = ?)")
[EL Fine]: sql: 2016-09-19 09:45:59.512--ClientSession(1523100325)--Connection(2134380742)--Thread(Thread[Test worker,5,main])--SELECT countryId, capital, capitalLatitude, capitalLongitude, countryCode1, countryCode2, countryFlag, countryName, currencyCode, currencyName, currencySymbol, isoNumeric, versionId, createdBy, createdDate, updatedBy, updatedDate, activeStatus, txnAccessCode FROM ast_Country_M WHERE (countryId = ?)
	bind => [F4335AA1-DF22-4C7C-849A-AF34760E413D]
[EL Finest]: transaction: 2016-09-19 09:45:59.514--UnitOfWork(742090035)--Thread(Thread[Test worker,5,main])--remove() operation called on: LVpLdRE23Xaz5GIJJc9E2c5a3DvXYCfRXnMTylIm76Tqd0LQRa
[EL Finer]: transaction: 2016-09-19 09:45:59.514--UnitOfWork(742090035)--Thread(Thread[Test worker,5,main])--begin unit of work commit
[EL Finest]: query: 2016-09-19 09:45:59.515--UnitOfWork(742090035)--Thread(Thread[Test worker,5,main])--Execute query DoesExistQuery(referenceClass=Country )
[EL Finest]: query: 2016-09-19 09:45:59.515--UnitOfWork(742090035)--Thread(Thread[Test worker,5,main])--Execute query DeleteObjectQuery(LVpLdRE23Xaz5GIJJc9E2c5a3DvXYCfRXnMTylIm76Tqd0LQRa)
[EL Fine]: sql: 2016-09-19 09:45:59.515--ClientSession(1523100325)--Connection(2134380742)--Thread(Thread[Test worker,5,main])--DELETE FROM ast_Country_M WHERE ((countryId = ?) AND (versionId = ?))
	bind => [F4335AA1-DF22-4C7C-849A-AF34760E413D, 1]
[EL Finer]: transaction: 2016-09-19 09:45:59.518--ClientSession(1523100325)--Connection(2134380742)--Thread(Thread[Test worker,5,main])--commit transaction
[EL Finest]: connection: 2016-09-19 09:45:59.568--ServerSession(1800530428)--Connection(1869680116)--Thread(Thread[Test worker,5,main])--Connection released to connection pool [default].
[EL Finer]: transaction: 2016-09-19 09:45:59.568--UnitOfWork(742090035)--Thread(Thread[Test worker,5,main])--end unit of work commit
[EL Finer]: transaction: 2016-09-19 09:45:59.568--UnitOfWork(742090035)--Thread(Thread[Test worker,5,main])--resume unit of work
[EL Finer]: transaction: 2016-09-19 09:45:59.568--UnitOfWork(742090035)--Thread(Thread[Test worker,5,main])--release unit of work
[EL Finer]: connection: 2016-09-19 09:45:59.569--ClientSession(1523100325)--Thread(Thread[Test worker,5,main])--client released
[EL Finer]: connection: 2016-09-19 09:45:59.59--ServerSession(1800530428)--Thread(Thread[Test worker,5,main])--client acquired: 1975919402
[EL Finer]: transaction: 2016-09-19 09:45:59.59--ClientSession(1975919402)--Thread(Thread[Test worker,5,main])--acquire unit of work: 590272206
[EL Finest]: connection: 2016-09-19 09:45:59.59--ServerSession(1800530428)--Connection(1478000749)--Thread(Thread[Test worker,5,main])--Connection acquired from connection pool [default].
[EL Finer]: transaction: 2016-09-19 09:45:59.591--ClientSession(1975919402)--Connection(1478000749)--Thread(Thread[Test worker,5,main])--begin transaction
[EL Finest]: connection: 2016-09-19 09:45:59.591--ClientSession(1975919402)--Thread(Thread[Test worker,5,main])--reconnecting to external connection pool
[EL Finest]: query: 2016-09-19 09:45:59.592--UnitOfWork(590272206)--Thread(Thread[Test worker,5,main])--Execute query ReadObjectQuery(name="readLanguage" referenceClass=Language sql="SELECT languageId, alpha2, alpha3, alpha4, alpha4parentid, language, languageDescription, languageIcon, languageType, versionId, createdBy, createdDate, updatedBy, updatedDate, activeStatus, txnAccessCode FROM ast_Language_M WHERE (languageId = ?)")
[EL Fine]: sql: 2016-09-19 09:45:59.592--ClientSession(1975919402)--Connection(853416498)--Thread(Thread[Test worker,5,main])--SELECT languageId, alpha2, alpha3, alpha4, alpha4parentid, language, languageDescription, languageIcon, languageType, versionId, createdBy, createdDate, updatedBy, updatedDate, activeStatus, txnAccessCode FROM ast_Language_M WHERE (languageId = ?)
	bind => [88D3613E-CED7-44AB-B91D-536A7A1733CE]
[EL Finest]: transaction: 2016-09-19 09:45:59.594--UnitOfWork(590272206)--Thread(Thread[Test worker,5,main])--remove() operation called on: WhfSSztztsMyEG5Mszx9cCW2hFaJ4CeWlXoN9qCt3WdVOgnRF3
[EL Finer]: transaction: 2016-09-19 09:45:59.594--UnitOfWork(590272206)--Thread(Thread[Test worker,5,main])--begin unit of work commit
[EL Finest]: query: 2016-09-19 09:45:59.595--UnitOfWork(590272206)--Thread(Thread[Test worker,5,main])--Execute query DoesExistQuery(referenceClass=Language )
[EL Finest]: query: 2016-09-19 09:45:59.595--UnitOfWork(590272206)--Thread(Thread[Test worker,5,main])--Execute query DeleteObjectQuery(WhfSSztztsMyEG5Mszx9cCW2hFaJ4CeWlXoN9qCt3WdVOgnRF3)
[EL Fine]: sql: 2016-09-19 09:45:59.595--ClientSession(1975919402)--Connection(853416498)--Thread(Thread[Test worker,5,main])--DELETE FROM ast_Language_M WHERE ((languageId = ?) AND (versionId = ?))
	bind => [88D3613E-CED7-44AB-B91D-536A7A1733CE, 1]
[EL Finer]: transaction: 2016-09-19 09:45:59.596--ClientSession(1975919402)--Connection(853416498)--Thread(Thread[Test worker,5,main])--commit transaction
[EL Finest]: connection: 2016-09-19 09:45:59.641--ServerSession(1800530428)--Connection(1478000749)--Thread(Thread[Test worker,5,main])--Connection released to connection pool [default].
[EL Finer]: transaction: 2016-09-19 09:45:59.641--UnitOfWork(590272206)--Thread(Thread[Test worker,5,main])--end unit of work commit
[EL Finer]: transaction: 2016-09-19 09:45:59.641--UnitOfWork(590272206)--Thread(Thread[Test worker,5,main])--resume unit of work
[EL Finer]: transaction: 2016-09-19 09:45:59.641--UnitOfWork(590272206)--Thread(Thread[Test worker,5,main])--release unit of work
[EL Finer]: connection: 2016-09-19 09:45:59.641--ClientSession(1975919402)--Thread(Thread[Test worker,5,main])--client released
[EL Finer]: connection: 2016-09-19 09:45:59.656--ServerSession(1800530428)--Thread(Thread[Test worker,5,main])--client acquired: 2117456193
[EL Finer]: transaction: 2016-09-19 09:45:59.657--ClientSession(2117456193)--Thread(Thread[Test worker,5,main])--acquire unit of work: 2134721314
[EL Finest]: connection: 2016-09-19 09:45:59.657--ServerSession(1800530428)--Connection(251833969)--Thread(Thread[Test worker,5,main])--Connection acquired from connection pool [default].
[EL Finer]: transaction: 2016-09-19 09:45:59.657--ClientSession(2117456193)--Connection(251833969)--Thread(Thread[Test worker,5,main])--begin transaction
[EL Finest]: connection: 2016-09-19 09:45:59.657--ClientSession(2117456193)--Thread(Thread[Test worker,5,main])--reconnecting to external connection pool
[EL Finest]: query: 2016-09-19 09:45:59.658--UnitOfWork(2134721314)--Thread(Thread[Test worker,5,main])--Execute query ReadObjectQuery(name="readGender" referenceClass=Gender sql="SELECT genderId, gender, versionId, createdBy, createdDate, updatedBy, updatedDate, activeStatus, txnAccessCode FROM ast_Gender_M WHERE (genderId = ?)")
[EL Fine]: sql: 2016-09-19 09:45:59.658--ClientSession(2117456193)--Connection(224746701)--Thread(Thread[Test worker,5,main])--SELECT genderId, gender, versionId, createdBy, createdDate, updatedBy, updatedDate, activeStatus, txnAccessCode FROM ast_Gender_M WHERE (genderId = ?)
	bind => [C477C0DF-C403-48F0-BEA5-9B005568325A]
[EL Finest]: transaction: 2016-09-19 09:45:59.66--UnitOfWork(2134721314)--Thread(Thread[Test worker,5,main])--remove() operation called on: JuJBeNbh8HowK4kiAEyiskqtcTlOzMsM9yVIbjA1hKNhW3hZ6t
[EL Finer]: transaction: 2016-09-19 09:45:59.66--UnitOfWork(2134721314)--Thread(Thread[Test worker,5,main])--begin unit of work commit
[EL Finest]: query: 2016-09-19 09:45:59.66--UnitOfWork(2134721314)--Thread(Thread[Test worker,5,main])--Execute query DoesExistQuery(referenceClass=Gender )
[EL Finest]: query: 2016-09-19 09:45:59.66--UnitOfWork(2134721314)--Thread(Thread[Test worker,5,main])--Execute query DeleteObjectQuery(JuJBeNbh8HowK4kiAEyiskqtcTlOzMsM9yVIbjA1hKNhW3hZ6t)
[EL Fine]: sql: 2016-09-19 09:45:59.661--ClientSession(2117456193)--Connection(224746701)--Thread(Thread[Test worker,5,main])--DELETE FROM ast_Gender_M WHERE ((genderId = ?) AND (versionId = ?))
	bind => [C477C0DF-C403-48F0-BEA5-9B005568325A, 1]
[EL Finer]: transaction: 2016-09-19 09:45:59.662--ClientSession(2117456193)--Connection(224746701)--Thread(Thread[Test worker,5,main])--commit transaction
[EL Finest]: connection: 2016-09-19 09:45:59.69--ServerSession(1800530428)--Connection(251833969)--Thread(Thread[Test worker,5,main])--Connection released to connection pool [default].
[EL Finer]: transaction: 2016-09-19 09:45:59.69--UnitOfWork(2134721314)--Thread(Thread[Test worker,5,main])--end unit of work commit
[EL Finer]: transaction: 2016-09-19 09:45:59.691--UnitOfWork(2134721314)--Thread(Thread[Test worker,5,main])--resume unit of work
[EL Finer]: transaction: 2016-09-19 09:45:59.691--UnitOfWork(2134721314)--Thread(Thread[Test worker,5,main])--release unit of work
[EL Finer]: connection: 2016-09-19 09:45:59.691--ClientSession(2117456193)--Thread(Thread[Test worker,5,main])--client released
[EL Finer]: connection: 2016-09-19 09:45:59.708--ServerSession(1800530428)--Thread(Thread[Test worker,5,main])--client acquired: 2085507213
[EL Finer]: transaction: 2016-09-19 09:45:59.708--ClientSession(2085507213)--Thread(Thread[Test worker,5,main])--acquire unit of work: 2039126204
[EL Finest]: connection: 2016-09-19 09:45:59.708--ServerSession(1800530428)--Connection(2050071802)--Thread(Thread[Test worker,5,main])--Connection acquired from connection pool [default].
[EL Finer]: transaction: 2016-09-19 09:45:59.708--ClientSession(2085507213)--Connection(2050071802)--Thread(Thread[Test worker,5,main])--begin transaction
[EL Finest]: connection: 2016-09-19 09:45:59.708--ClientSession(2085507213)--Thread(Thread[Test worker,5,main])--reconnecting to external connection pool
[EL Finest]: query: 2016-09-19 09:45:59.709--UnitOfWork(2039126204)--Thread(Thread[Test worker,5,main])--Execute query ReadObjectQuery(name="readTitle" referenceClass=Title sql="SELECT titleId, titles, versionId, createdBy, createdDate, updatedBy, updatedDate, activeStatus, txnAccessCode FROM ast_Title_M WHERE (titleId = ?)")
[EL Fine]: sql: 2016-09-19 09:45:59.71--ClientSession(2085507213)--Connection(794042928)--Thread(Thread[Test worker,5,main])--SELECT titleId, titles, versionId, createdBy, createdDate, updatedBy, updatedDate, activeStatus, txnAccessCode FROM ast_Title_M WHERE (titleId = ?)
	bind => [431ABCBD-1C73-4278-A03B-66A0BC5BF4E5]
[EL Finest]: transaction: 2016-09-19 09:45:59.711--UnitOfWork(2039126204)--Thread(Thread[Test worker,5,main])--remove() operation called on: ynIaY92Zz8ny55qFty5FCTdlr6jQDF1vODlR250whSGagEdswU
[EL Finer]: transaction: 2016-09-19 09:45:59.712--UnitOfWork(2039126204)--Thread(Thread[Test worker,5,main])--begin unit of work commit
[EL Finest]: query: 2016-09-19 09:45:59.712--UnitOfWork(2039126204)--Thread(Thread[Test worker,5,main])--Execute query DoesExistQuery(referenceClass=Title )
[EL Finest]: query: 2016-09-19 09:45:59.712--UnitOfWork(2039126204)--Thread(Thread[Test worker,5,main])--Execute query DeleteObjectQuery(ynIaY92Zz8ny55qFty5FCTdlr6jQDF1vODlR250whSGagEdswU)
[EL Fine]: sql: 2016-09-19 09:45:59.712--ClientSession(2085507213)--Connection(794042928)--Thread(Thread[Test worker,5,main])--DELETE FROM ast_Title_M WHERE ((titleId = ?) AND (versionId = ?))
	bind => [431ABCBD-1C73-4278-A03B-66A0BC5BF4E5, 1]
[EL Finer]: transaction: 2016-09-19 09:45:59.714--ClientSession(2085507213)--Connection(794042928)--Thread(Thread[Test worker,5,main])--commit transaction
[EL Finest]: connection: 2016-09-19 09:45:59.74--ServerSession(1800530428)--Connection(2050071802)--Thread(Thread[Test worker,5,main])--Connection released to connection pool [default].
[EL Finer]: transaction: 2016-09-19 09:45:59.74--UnitOfWork(2039126204)--Thread(Thread[Test worker,5,main])--end unit of work commit
[EL Finer]: transaction: 2016-09-19 09:45:59.74--UnitOfWork(2039126204)--Thread(Thread[Test worker,5,main])--resume unit of work
[EL Finer]: transaction: 2016-09-19 09:45:59.741--UnitOfWork(2039126204)--Thread(Thread[Test worker,5,main])--release unit of work
[EL Finer]: connection: 2016-09-19 09:45:59.741--ClientSession(2085507213)--Thread(Thread[Test worker,5,main])--client released
[EL Finer]: connection: 2016-09-19 09:45:59.762--ServerSession(1800530428)--Thread(Thread[Test worker,5,main])--client acquired: 844455127
[EL Finer]: transaction: 2016-09-19 09:45:59.762--ClientSession(844455127)--Thread(Thread[Test worker,5,main])--acquire unit of work: 37896466
[EL Finest]: connection: 2016-09-19 09:45:59.762--ServerSession(1800530428)--Connection(1270744550)--Thread(Thread[Test worker,5,main])--Connection acquired from connection pool [default].
[EL Finer]: transaction: 2016-09-19 09:45:59.762--ClientSession(844455127)--Connection(1270744550)--Thread(Thread[Test worker,5,main])--begin transaction
[EL Finest]: connection: 2016-09-19 09:45:59.762--ClientSession(844455127)--Thread(Thread[Test worker,5,main])--reconnecting to external connection pool
[EL Finest]: query: 2016-09-19 09:45:59.764--UnitOfWork(37896466)--Thread(Thread[Test worker,5,main])--Execute query ReadObjectQuery(name="readTimezone" referenceClass=Timezone sql="SELECT timeZoneId, cities, country, gmtLabel, timeZoneLabel, utcdifference, versionId, createdBy, createdDate, updatedBy, updatedDate, activeStatus, txnAccessCode FROM ast_Timezone_M WHERE (timeZoneId = ?)")
[EL Fine]: sql: 2016-09-19 09:45:59.764--ClientSession(844455127)--Connection(863252181)--Thread(Thread[Test worker,5,main])--SELECT timeZoneId, cities, country, gmtLabel, timeZoneLabel, utcdifference, versionId, createdBy, createdDate, updatedBy, updatedDate, activeStatus, txnAccessCode FROM ast_Timezone_M WHERE (timeZoneId = ?)
	bind => [D0E46341-0446-4776-B444-469975F16748]
[EL Finest]: transaction: 2016-09-19 09:45:59.766--UnitOfWork(37896466)--Thread(Thread[Test worker,5,main])--remove() operation called on: 2,7Y8fPEQKp9nmklZ1lYSXZrzREWAPpXypH0zeZdRpL3YJPDj9oC
[EL Finer]: transaction: 2016-09-19 09:45:59.767--UnitOfWork(37896466)--Thread(Thread[Test worker,5,main])--begin unit of work commit
[EL Finest]: query: 2016-09-19 09:45:59.767--UnitOfWork(37896466)--Thread(Thread[Test worker,5,main])--Execute query DoesExistQuery(referenceClass=Timezone )
[EL Finest]: query: 2016-09-19 09:45:59.767--UnitOfWork(37896466)--Thread(Thread[Test worker,5,main])--Execute query DeleteObjectQuery(2,7Y8fPEQKp9nmklZ1lYSXZrzREWAPpXypH0zeZdRpL3YJPDj9oC)
[EL Fine]: sql: 2016-09-19 09:45:59.767--ClientSession(844455127)--Connection(863252181)--Thread(Thread[Test worker,5,main])--DELETE FROM ast_Timezone_M WHERE ((timeZoneId = ?) AND (versionId = ?))
	bind => [D0E46341-0446-4776-B444-469975F16748, 1]
[EL Finer]: transaction: 2016-09-19 09:45:59.769--ClientSession(844455127)--Connection(863252181)--Thread(Thread[Test worker,5,main])--commit transaction
[EL Finest]: connection: 2016-09-19 09:45:59.813--ServerSession(1800530428)--Connection(1270744550)--Thread(Thread[Test worker,5,main])--Connection released to connection pool [default].
[EL Finer]: transaction: 2016-09-19 09:45:59.813--UnitOfWork(37896466)--Thread(Thread[Test worker,5,main])--end unit of work commit
[EL Finer]: transaction: 2016-09-19 09:45:59.813--UnitOfWork(37896466)--Thread(Thread[Test worker,5,main])--resume unit of work
[EL Finer]: transaction: 2016-09-19 09:45:59.814--UnitOfWork(37896466)--Thread(Thread[Test worker,5,main])--release unit of work
[EL Finer]: connection: 2016-09-19 09:45:59.814--ClientSession(844455127)--Thread(Thread[Test worker,5,main])--client released
]]></system-out>
  <system-err><![CDATA[CoreContacts.firstName may not be null
java.lang.SecurityException: CoreContacts.firstName may not be null
	at com.athena.server.pluggable.utils.helper.EntityValidatorHelper.validateEntity(EntityValidatorHelper.java:37)
	at com.app.shared.organization.contactmanagement.CoreContacts.isValid(CoreContacts.java:425)
	at com.app.server.service.organization.contactmanagement.CoreContactsTestCase.validateCoreContacts(CoreContactsTestCase.java:436)
	at com.app.server.service.organization.contactmanagement.CoreContactsTestCase.test5NegativeTesting(CoreContactsTestCase.java:479)
	at sun.reflect.NativeMethodAccessorImpl.invoke0(Native Method)
	at sun.reflect.NativeMethodAccessorImpl.invoke(NativeMethodAccessorImpl.java:57)
	at sun.reflect.DelegatingMethodAccessorImpl.invoke(DelegatingMethodAccessorImpl.java:43)
	at java.lang.reflect.Method.invoke(Method.java:606)
	at org.junit.runners.model.FrameworkMethod$1.runReflectiveCall(FrameworkMethod.java:47)
	at org.junit.internal.runners.model.ReflectiveCallable.run(ReflectiveCallable.java:12)
	at org.junit.runners.model.FrameworkMethod.invokeExplosively(FrameworkMethod.java:44)
	at org.junit.internal.runners.statements.InvokeMethod.evaluate(InvokeMethod.java:17)
	at org.junit.internal.runners.statements.RunBefores.evaluate(RunBefores.java:26)
	at org.springframework.test.context.junit4.statements.RunBeforeTestMethodCallbacks.evaluate(RunBeforeTestMethodCallbacks.java:74)
	at org.junit.internal.runners.statements.RunAfters.evaluate(RunAfters.java:27)
	at org.springframework.test.context.junit4.statements.RunAfterTestMethodCallbacks.evaluate(RunAfterTestMethodCallbacks.java:83)
	at org.springframework.test.context.junit4.statements.SpringRepeat.evaluate(SpringRepeat.java:72)
	at org.springframework.test.context.junit4.SpringJUnit4ClassRunner.runChild(SpringJUnit4ClassRunner.java:233)
	at org.springframework.test.context.junit4.SpringJUnit4ClassRunner.runChild(SpringJUnit4ClassRunner.java:87)
	at org.junit.runners.ParentRunner$3.run(ParentRunner.java:238)
	at org.junit.runners.ParentRunner$1.schedule(ParentRunner.java:63)
	at org.junit.runners.ParentRunner.runChildren(ParentRunner.java:236)
	at org.junit.runners.ParentRunner.access$000(ParentRunner.java:53)
	at org.junit.runners.ParentRunner$2.evaluate(ParentRunner.java:229)
	at org.junit.internal.runners.statements.RunBefores.evaluate(RunBefores.java:26)
	at org.springframework.test.context.junit4.statements.RunBeforeTestClassCallbacks.evaluate(RunBeforeTestClassCallbacks.java:61)
	at org.springframework.test.context.junit4.statements.RunAfterTestClassCallbacks.evaluate(RunAfterTestClassCallbacks.java:71)
	at org.junit.runners.ParentRunner.run(ParentRunner.java:309)
	at org.springframework.test.context.junit4.SpringJUnit4ClassRunner.run(SpringJUnit4ClassRunner.java:176)
	at org.gradle.api.internal.tasks.testing.junit.JUnitTestClassExecuter.runTestClass(JUnitTestClassExecuter.java:86)
	at org.gradle.api.internal.tasks.testing.junit.JUnitTestClassExecuter.execute(JUnitTestClassExecuter.java:49)
	at org.gradle.api.internal.tasks.testing.junit.JUnitTestClassProcessor.processTestClass(JUnitTestClassProcessor.java:64)
	at org.gradle.api.internal.tasks.testing.SuiteTestClassProcessor.processTestClass(SuiteTestClassProcessor.java:50)
	at sun.reflect.GeneratedMethodAccessor109.invoke(Unknown Source)
	at sun.reflect.DelegatingMethodAccessorImpl.invoke(DelegatingMethodAccessorImpl.java:43)
	at java.lang.reflect.Method.invoke(Method.java:606)
	at org.gradle.messaging.dispatch.ReflectionDispatch.dispatch(ReflectionDispatch.java:35)
	at org.gradle.messaging.dispatch.ReflectionDispatch.dispatch(ReflectionDispatch.java:24)
	at org.gradle.messaging.dispatch.ContextClassLoaderDispatch.dispatch(ContextClassLoaderDispatch.java:32)
	at org.gradle.messaging.dispatch.ProxyDispatchAdapter$DispatchingInvocationHandler.invoke(ProxyDispatchAdapter.java:93)
	at com.sun.proxy.$Proxy2.processTestClass(Unknown Source)
	at org.gradle.api.internal.tasks.testing.worker.TestWorker.processTestClass(TestWorker.java:106)
	at sun.reflect.GeneratedMethodAccessor108.invoke(Unknown Source)
	at sun.reflect.DelegatingMethodAccessorImpl.invoke(DelegatingMethodAccessorImpl.java:43)
	at java.lang.reflect.Method.invoke(Method.java:606)
	at org.gradle.messaging.dispatch.ReflectionDispatch.dispatch(ReflectionDispatch.java:35)
	at org.gradle.messaging.dispatch.ReflectionDispatch.dispatch(ReflectionDispatch.java:24)
	at org.gradle.messaging.remote.internal.hub.MessageHub$Handler.run(MessageHub.java:360)
	at org.gradle.internal.concurrent.DefaultExecutorFactory$StoppableExecutorImpl$1.run(DefaultExecutorFactory.java:64)
	at java.util.concurrent.ThreadPoolExecutor.runWorker(ThreadPoolExecutor.java:1145)
	at java.util.concurrent.ThreadPoolExecutor$Worker.run(ThreadPoolExecutor.java:615)
	at java.lang.Thread.run(Thread.java:745)
CoreContacts.firstName size must be between 0 and 256
java.lang.SecurityException: CoreContacts.firstName size must be between 0 and 256
	at com.athena.server.pluggable.utils.helper.EntityValidatorHelper.validateEntity(EntityValidatorHelper.java:37)
	at com.app.shared.organization.contactmanagement.CoreContacts.isValid(CoreContacts.java:425)
	at com.app.server.service.organization.contactmanagement.CoreContactsTestCase.validateCoreContacts(CoreContactsTestCase.java:434)
	at com.app.server.service.organization.contactmanagement.CoreContactsTestCase.test5NegativeTesting(CoreContactsTestCase.java:484)
	at sun.reflect.NativeMethodAccessorImpl.invoke0(Native Method)
	at sun.reflect.NativeMethodAccessorImpl.invoke(NativeMethodAccessorImpl.java:57)
	at sun.reflect.DelegatingMethodAccessorImpl.invoke(DelegatingMethodAccessorImpl.java:43)
	at java.lang.reflect.Method.invoke(Method.java:606)
	at org.junit.runners.model.FrameworkMethod$1.runReflectiveCall(FrameworkMethod.java:47)
	at org.junit.internal.runners.model.ReflectiveCallable.run(ReflectiveCallable.java:12)
	at org.junit.runners.model.FrameworkMethod.invokeExplosively(FrameworkMethod.java:44)
	at org.junit.internal.runners.statements.InvokeMethod.evaluate(InvokeMethod.java:17)
	at org.junit.internal.runners.statements.RunBefores.evaluate(RunBefores.java:26)
	at org.springframework.test.context.junit4.statements.RunBeforeTestMethodCallbacks.evaluate(RunBeforeTestMethodCallbacks.java:74)
	at org.junit.internal.runners.statements.RunAfters.evaluate(RunAfters.java:27)
	at org.springframework.test.context.junit4.statements.RunAfterTestMethodCallbacks.evaluate(RunAfterTestMethodCallbacks.java:83)
	at org.springframework.test.context.junit4.statements.SpringRepeat.evaluate(SpringRepeat.java:72)
	at org.springframework.test.context.junit4.SpringJUnit4ClassRunner.runChild(SpringJUnit4ClassRunner.java:233)
	at org.springframework.test.context.junit4.SpringJUnit4ClassRunner.runChild(SpringJUnit4ClassRunner.java:87)
	at org.junit.runners.ParentRunner$3.run(ParentRunner.java:238)
	at org.junit.runners.ParentRunner$1.schedule(ParentRunner.java:63)
	at org.junit.runners.ParentRunner.runChildren(ParentRunner.java:236)
	at org.junit.runners.ParentRunner.access$000(ParentRunner.java:53)
	at org.junit.runners.ParentRunner$2.evaluate(ParentRunner.java:229)
	at org.junit.internal.runners.statements.RunBefores.evaluate(RunBefores.java:26)
	at org.springframework.test.context.junit4.statements.RunBeforeTestClassCallbacks.evaluate(RunBeforeTestClassCallbacks.java:61)
	at org.springframework.test.context.junit4.statements.RunAfterTestClassCallbacks.evaluate(RunAfterTestClassCallbacks.java:71)
	at org.junit.runners.ParentRunner.run(ParentRunner.java:309)
	at org.springframework.test.context.junit4.SpringJUnit4ClassRunner.run(SpringJUnit4ClassRunner.java:176)
	at org.gradle.api.internal.tasks.testing.junit.JUnitTestClassExecuter.runTestClass(JUnitTestClassExecuter.java:86)
	at org.gradle.api.internal.tasks.testing.junit.JUnitTestClassExecuter.execute(JUnitTestClassExecuter.java:49)
	at org.gradle.api.internal.tasks.testing.junit.JUnitTestClassProcessor.processTestClass(JUnitTestClassProcessor.java:64)
	at org.gradle.api.internal.tasks.testing.SuiteTestClassProcessor.processTestClass(SuiteTestClassProcessor.java:50)
	at sun.reflect.GeneratedMethodAccessor109.invoke(Unknown Source)
	at sun.reflect.DelegatingMethodAccessorImpl.invoke(DelegatingMethodAccessorImpl.java:43)
	at java.lang.reflect.Method.invoke(Method.java:606)
	at org.gradle.messaging.dispatch.ReflectionDispatch.dispatch(ReflectionDispatch.java:35)
	at org.gradle.messaging.dispatch.ReflectionDispatch.dispatch(ReflectionDispatch.java:24)
	at org.gradle.messaging.dispatch.ContextClassLoaderDispatch.dispatch(ContextClassLoaderDispatch.java:32)
	at org.gradle.messaging.dispatch.ProxyDispatchAdapter$DispatchingInvocationHandler.invoke(ProxyDispatchAdapter.java:93)
	at com.sun.proxy.$Proxy2.processTestClass(Unknown Source)
	at org.gradle.api.internal.tasks.testing.worker.TestWorker.processTestClass(TestWorker.java:106)
	at sun.reflect.GeneratedMethodAccessor108.invoke(Unknown Source)
	at sun.reflect.DelegatingMethodAccessorImpl.invoke(DelegatingMethodAccessorImpl.java:43)
	at java.lang.reflect.Method.invoke(Method.java:606)
	at org.gradle.messaging.dispatch.ReflectionDispatch.dispatch(ReflectionDispatch.java:35)
	at org.gradle.messaging.dispatch.ReflectionDispatch.dispatch(ReflectionDispatch.java:24)
	at org.gradle.messaging.remote.internal.hub.MessageHub$Handler.run(MessageHub.java:360)
	at org.gradle.internal.concurrent.DefaultExecutorFactory$StoppableExecutorImpl$1.run(DefaultExecutorFactory.java:64)
	at java.util.concurrent.ThreadPoolExecutor.runWorker(ThreadPoolExecutor.java:1145)
	at java.util.concurrent.ThreadPoolExecutor$Worker.run(ThreadPoolExecutor.java:615)
	at java.lang.Thread.run(Thread.java:745)
CoreContacts.middleName size must be between 0 and 256
java.lang.SecurityException: CoreContacts.middleName size must be between 0 and 256
	at com.athena.server.pluggable.utils.helper.EntityValidatorHelper.validateEntity(EntityValidatorHelper.java:37)
	at com.app.shared.organization.contactmanagement.CoreContacts.isValid(CoreContacts.java:425)
	at com.app.server.service.organization.contactmanagement.CoreContactsTestCase.validateCoreContacts(CoreContactsTestCase.java:434)
	at com.app.server.service.organization.contactmanagement.CoreContactsTestCase.test5NegativeTesting(CoreContactsTestCase.java:489)
	at sun.reflect.NativeMethodAccessorImpl.invoke0(Native Method)
	at sun.reflect.NativeMethodAccessorImpl.invoke(NativeMethodAccessorImpl.java:57)
	at sun.reflect.DelegatingMethodAccessorImpl.invoke(DelegatingMethodAccessorImpl.java:43)
	at java.lang.reflect.Method.invoke(Method.java:606)
	at org.junit.runners.model.FrameworkMethod$1.runReflectiveCall(FrameworkMethod.java:47)
	at org.junit.internal.runners.model.ReflectiveCallable.run(ReflectiveCallable.java:12)
	at org.junit.runners.model.FrameworkMethod.invokeExplosively(FrameworkMethod.java:44)
	at org.junit.internal.runners.statements.InvokeMethod.evaluate(InvokeMethod.java:17)
	at org.junit.internal.runners.statements.RunBefores.evaluate(RunBefores.java:26)
	at org.springframework.test.context.junit4.statements.RunBeforeTestMethodCallbacks.evaluate(RunBeforeTestMethodCallbacks.java:74)
	at org.junit.internal.runners.statements.RunAfters.evaluate(RunAfters.java:27)
	at org.springframework.test.context.junit4.statements.RunAfterTestMethodCallbacks.evaluate(RunAfterTestMethodCallbacks.java:83)
	at org.springframework.test.context.junit4.statements.SpringRepeat.evaluate(SpringRepeat.java:72)
	at org.springframework.test.context.junit4.SpringJUnit4ClassRunner.runChild(SpringJUnit4ClassRunner.java:233)
	at org.springframework.test.context.junit4.SpringJUnit4ClassRunner.runChild(SpringJUnit4ClassRunner.java:87)
	at org.junit.runners.ParentRunner$3.run(ParentRunner.java:238)
	at org.junit.runners.ParentRunner$1.schedule(ParentRunner.java:63)
	at org.junit.runners.ParentRunner.runChildren(ParentRunner.java:236)
	at org.junit.runners.ParentRunner.access$000(ParentRunner.java:53)
	at org.junit.runners.ParentRunner$2.evaluate(ParentRunner.java:229)
	at org.junit.internal.runners.statements.RunBefores.evaluate(RunBefores.java:26)
	at org.springframework.test.context.junit4.statements.RunBeforeTestClassCallbacks.evaluate(RunBeforeTestClassCallbacks.java:61)
	at org.springframework.test.context.junit4.statements.RunAfterTestClassCallbacks.evaluate(RunAfterTestClassCallbacks.java:71)
	at org.junit.runners.ParentRunner.run(ParentRunner.java:309)
	at org.springframework.test.context.junit4.SpringJUnit4ClassRunner.run(SpringJUnit4ClassRunner.java:176)
	at org.gradle.api.internal.tasks.testing.junit.JUnitTestClassExecuter.runTestClass(JUnitTestClassExecuter.java:86)
	at org.gradle.api.internal.tasks.testing.junit.JUnitTestClassExecuter.execute(JUnitTestClassExecuter.java:49)
	at org.gradle.api.internal.tasks.testing.junit.JUnitTestClassProcessor.processTestClass(JUnitTestClassProcessor.java:64)
	at org.gradle.api.internal.tasks.testing.SuiteTestClassProcessor.processTestClass(SuiteTestClassProcessor.java:50)
	at sun.reflect.GeneratedMethodAccessor109.invoke(Unknown Source)
	at sun.reflect.DelegatingMethodAccessorImpl.invoke(DelegatingMethodAccessorImpl.java:43)
	at java.lang.reflect.Method.invoke(Method.java:606)
	at org.gradle.messaging.dispatch.ReflectionDispatch.dispatch(ReflectionDispatch.java:35)
	at org.gradle.messaging.dispatch.ReflectionDispatch.dispatch(ReflectionDispatch.java:24)
	at org.gradle.messaging.dispatch.ContextClassLoaderDispatch.dispatch(ContextClassLoaderDispatch.java:32)
	at org.gradle.messaging.dispatch.ProxyDispatchAdapter$DispatchingInvocationHandler.invoke(ProxyDispatchAdapter.java:93)
	at com.sun.proxy.$Proxy2.processTestClass(Unknown Source)
	at org.gradle.api.internal.tasks.testing.worker.TestWorker.processTestClass(TestWorker.java:106)
	at sun.reflect.GeneratedMethodAccessor108.invoke(Unknown Source)
	at sun.reflect.DelegatingMethodAccessorImpl.invoke(DelegatingMethodAccessorImpl.java:43)
	at java.lang.reflect.Method.invoke(Method.java:606)
	at org.gradle.messaging.dispatch.ReflectionDispatch.dispatch(ReflectionDispatch.java:35)
	at org.gradle.messaging.dispatch.ReflectionDispatch.dispatch(ReflectionDispatch.java:24)
	at org.gradle.messaging.remote.internal.hub.MessageHub$Handler.run(MessageHub.java:360)
	at org.gradle.internal.concurrent.DefaultExecutorFactory$StoppableExecutorImpl$1.run(DefaultExecutorFactory.java:64)
	at java.util.concurrent.ThreadPoolExecutor.runWorker(ThreadPoolExecutor.java:1145)
	at java.util.concurrent.ThreadPoolExecutor$Worker.run(ThreadPoolExecutor.java:615)
	at java.lang.Thread.run(Thread.java:745)
CoreContacts.lastName may not be null
java.lang.SecurityException: CoreContacts.lastName may not be null
	at com.athena.server.pluggable.utils.helper.EntityValidatorHelper.validateEntity(EntityValidatorHelper.java:37)
	at com.app.shared.organization.contactmanagement.CoreContacts.isValid(CoreContacts.java:425)
	at com.app.server.service.organization.contactmanagement.CoreContactsTestCase.validateCoreContacts(CoreContactsTestCase.java:436)
	at com.app.server.service.organization.contactmanagement.CoreContactsTestCase.test5NegativeTesting(CoreContactsTestCase.java:495)
	at sun.reflect.NativeMethodAccessorImpl.invoke0(Native Method)
	at sun.reflect.NativeMethodAccessorImpl.invoke(NativeMethodAccessorImpl.java:57)
	at sun.reflect.DelegatingMethodAccessorImpl.invoke(DelegatingMethodAccessorImpl.java:43)
	at java.lang.reflect.Method.invoke(Method.java:606)
	at org.junit.runners.model.FrameworkMethod$1.runReflectiveCall(FrameworkMethod.java:47)
	at org.junit.internal.runners.model.ReflectiveCallable.run(ReflectiveCallable.java:12)
	at org.junit.runners.model.FrameworkMethod.invokeExplosively(FrameworkMethod.java:44)
	at org.junit.internal.runners.statements.InvokeMethod.evaluate(InvokeMethod.java:17)
	at org.junit.internal.runners.statements.RunBefores.evaluate(RunBefores.java:26)
	at org.springframework.test.context.junit4.statements.RunBeforeTestMethodCallbacks.evaluate(RunBeforeTestMethodCallbacks.java:74)
	at org.junit.internal.runners.statements.RunAfters.evaluate(RunAfters.java:27)
	at org.springframework.test.context.junit4.statements.RunAfterTestMethodCallbacks.evaluate(RunAfterTestMethodCallbacks.java:83)
	at org.springframework.test.context.junit4.statements.SpringRepeat.evaluate(SpringRepeat.java:72)
	at org.springframework.test.context.junit4.SpringJUnit4ClassRunner.runChild(SpringJUnit4ClassRunner.java:233)
	at org.springframework.test.context.junit4.SpringJUnit4ClassRunner.runChild(SpringJUnit4ClassRunner.java:87)
	at org.junit.runners.ParentRunner$3.run(ParentRunner.java:238)
	at org.junit.runners.ParentRunner$1.schedule(ParentRunner.java:63)
	at org.junit.runners.ParentRunner.runChildren(ParentRunner.java:236)
	at org.junit.runners.ParentRunner.access$000(ParentRunner.java:53)
	at org.junit.runners.ParentRunner$2.evaluate(ParentRunner.java:229)
	at org.junit.internal.runners.statements.RunBefores.evaluate(RunBefores.java:26)
	at org.springframework.test.context.junit4.statements.RunBeforeTestClassCallbacks.evaluate(RunBeforeTestClassCallbacks.java:61)
	at org.springframework.test.context.junit4.statements.RunAfterTestClassCallbacks.evaluate(RunAfterTestClassCallbacks.java:71)
	at org.junit.runners.ParentRunner.run(ParentRunner.java:309)
	at org.springframework.test.context.junit4.SpringJUnit4ClassRunner.run(SpringJUnit4ClassRunner.java:176)
	at org.gradle.api.internal.tasks.testing.junit.JUnitTestClassExecuter.runTestClass(JUnitTestClassExecuter.java:86)
	at org.gradle.api.internal.tasks.testing.junit.JUnitTestClassExecuter.execute(JUnitTestClassExecuter.java:49)
	at org.gradle.api.internal.tasks.testing.junit.JUnitTestClassProcessor.processTestClass(JUnitTestClassProcessor.java:64)
	at org.gradle.api.internal.tasks.testing.SuiteTestClassProcessor.processTestClass(SuiteTestClassProcessor.java:50)
	at sun.reflect.GeneratedMethodAccessor109.invoke(Unknown Source)
	at sun.reflect.DelegatingMethodAccessorImpl.invoke(DelegatingMethodAccessorImpl.java:43)
	at java.lang.reflect.Method.invoke(Method.java:606)
	at org.gradle.messaging.dispatch.ReflectionDispatch.dispatch(ReflectionDispatch.java:35)
	at org.gradle.messaging.dispatch.ReflectionDispatch.dispatch(ReflectionDispatch.java:24)
	at org.gradle.messaging.dispatch.ContextClassLoaderDispatch.dispatch(ContextClassLoaderDispatch.java:32)
	at org.gradle.messaging.dispatch.ProxyDispatchAdapter$DispatchingInvocationHandler.invoke(ProxyDispatchAdapter.java:93)
	at com.sun.proxy.$Proxy2.processTestClass(Unknown Source)
	at org.gradle.api.internal.tasks.testing.worker.TestWorker.processTestClass(TestWorker.java:106)
	at sun.reflect.GeneratedMethodAccessor108.invoke(Unknown Source)
	at sun.reflect.DelegatingMethodAccessorImpl.invoke(DelegatingMethodAccessorImpl.java:43)
	at java.lang.reflect.Method.invoke(Method.java:606)
	at org.gradle.messaging.dispatch.ReflectionDispatch.dispatch(ReflectionDispatch.java:35)
	at org.gradle.messaging.dispatch.ReflectionDispatch.dispatch(ReflectionDispatch.java:24)
	at org.gradle.messaging.remote.internal.hub.MessageHub$Handler.run(MessageHub.java:360)
	at org.gradle.internal.concurrent.DefaultExecutorFactory$StoppableExecutorImpl$1.run(DefaultExecutorFactory.java:64)
	at java.util.concurrent.ThreadPoolExecutor.runWorker(ThreadPoolExecutor.java:1145)
	at java.util.concurrent.ThreadPoolExecutor$Worker.run(ThreadPoolExecutor.java:615)
	at java.lang.Thread.run(Thread.java:745)
CoreContacts.lastName size must be between 0 and 256
java.lang.SecurityException: CoreContacts.lastName size must be between 0 and 256
	at com.athena.server.pluggable.utils.helper.EntityValidatorHelper.validateEntity(EntityValidatorHelper.java:37)
	at com.app.shared.organization.contactmanagement.CoreContacts.isValid(CoreContacts.java:425)
	at com.app.server.service.organization.contactmanagement.CoreContactsTestCase.validateCoreContacts(CoreContactsTestCase.java:434)
	at com.app.server.service.organization.contactmanagement.CoreContactsTestCase.test5NegativeTesting(CoreContactsTestCase.java:500)
	at sun.reflect.NativeMethodAccessorImpl.invoke0(Native Method)
	at sun.reflect.NativeMethodAccessorImpl.invoke(NativeMethodAccessorImpl.java:57)
	at sun.reflect.DelegatingMethodAccessorImpl.invoke(DelegatingMethodAccessorImpl.java:43)
	at java.lang.reflect.Method.invoke(Method.java:606)
	at org.junit.runners.model.FrameworkMethod$1.runReflectiveCall(FrameworkMethod.java:47)
	at org.junit.internal.runners.model.ReflectiveCallable.run(ReflectiveCallable.java:12)
	at org.junit.runners.model.FrameworkMethod.invokeExplosively(FrameworkMethod.java:44)
	at org.junit.internal.runners.statements.InvokeMethod.evaluate(InvokeMethod.java:17)
	at org.junit.internal.runners.statements.RunBefores.evaluate(RunBefores.java:26)
	at org.springframework.test.context.junit4.statements.RunBeforeTestMethodCallbacks.evaluate(RunBeforeTestMethodCallbacks.java:74)
	at org.junit.internal.runners.statements.RunAfters.evaluate(RunAfters.java:27)
	at org.springframework.test.context.junit4.statements.RunAfterTestMethodCallbacks.evaluate(RunAfterTestMethodCallbacks.java:83)
	at org.springframework.test.context.junit4.statements.SpringRepeat.evaluate(SpringRepeat.java:72)
	at org.springframework.test.context.junit4.SpringJUnit4ClassRunner.runChild(SpringJUnit4ClassRunner.java:233)
	at org.springframework.test.context.junit4.SpringJUnit4ClassRunner.runChild(SpringJUnit4ClassRunner.java:87)
	at org.junit.runners.ParentRunner$3.run(ParentRunner.java:238)
	at org.junit.runners.ParentRunner$1.schedule(ParentRunner.java:63)
	at org.junit.runners.ParentRunner.runChildren(ParentRunner.java:236)
	at org.junit.runners.ParentRunner.access$000(ParentRunner.java:53)
	at org.junit.runners.ParentRunner$2.evaluate(ParentRunner.java:229)
	at org.junit.internal.runners.statements.RunBefores.evaluate(RunBefores.java:26)
	at org.springframework.test.context.junit4.statements.RunBeforeTestClassCallbacks.evaluate(RunBeforeTestClassCallbacks.java:61)
	at org.springframework.test.context.junit4.statements.RunAfterTestClassCallbacks.evaluate(RunAfterTestClassCallbacks.java:71)
	at org.junit.runners.ParentRunner.run(ParentRunner.java:309)
	at org.springframework.test.context.junit4.SpringJUnit4ClassRunner.run(SpringJUnit4ClassRunner.java:176)
	at org.gradle.api.internal.tasks.testing.junit.JUnitTestClassExecuter.runTestClass(JUnitTestClassExecuter.java:86)
	at org.gradle.api.internal.tasks.testing.junit.JUnitTestClassExecuter.execute(JUnitTestClassExecuter.java:49)
	at org.gradle.api.internal.tasks.testing.junit.JUnitTestClassProcessor.processTestClass(JUnitTestClassProcessor.java:64)
	at org.gradle.api.internal.tasks.testing.SuiteTestClassProcessor.processTestClass(SuiteTestClassProcessor.java:50)
	at sun.reflect.GeneratedMethodAccessor109.invoke(Unknown Source)
	at sun.reflect.DelegatingMethodAccessorImpl.invoke(DelegatingMethodAccessorImpl.java:43)
	at java.lang.reflect.Method.invoke(Method.java:606)
	at org.gradle.messaging.dispatch.ReflectionDispatch.dispatch(ReflectionDispatch.java:35)
	at org.gradle.messaging.dispatch.ReflectionDispatch.dispatch(ReflectionDispatch.java:24)
	at org.gradle.messaging.dispatch.ContextClassLoaderDispatch.dispatch(ContextClassLoaderDispatch.java:32)
	at org.gradle.messaging.dispatch.ProxyDispatchAdapter$DispatchingInvocationHandler.invoke(ProxyDispatchAdapter.java:93)
	at com.sun.proxy.$Proxy2.processTestClass(Unknown Source)
	at org.gradle.api.internal.tasks.testing.worker.TestWorker.processTestClass(TestWorker.java:106)
	at sun.reflect.GeneratedMethodAccessor108.invoke(Unknown Source)
	at sun.reflect.DelegatingMethodAccessorImpl.invoke(DelegatingMethodAccessorImpl.java:43)
	at java.lang.reflect.Method.invoke(Method.java:606)
	at org.gradle.messaging.dispatch.ReflectionDispatch.dispatch(ReflectionDispatch.java:35)
	at org.gradle.messaging.dispatch.ReflectionDispatch.dispatch(ReflectionDispatch.java:24)
	at org.gradle.messaging.remote.internal.hub.MessageHub$Handler.run(MessageHub.java:360)
	at org.gradle.internal.concurrent.DefaultExecutorFactory$StoppableExecutorImpl$1.run(DefaultExecutorFactory.java:64)
	at java.util.concurrent.ThreadPoolExecutor.runWorker(ThreadPoolExecutor.java:1145)
	at java.util.concurrent.ThreadPoolExecutor$Worker.run(ThreadPoolExecutor.java:615)
	at java.lang.Thread.run(Thread.java:745)
CoreContacts.nativeTitle size must be between 0 and 64
java.lang.SecurityException: CoreContacts.nativeTitle size must be between 0 and 64
	at com.athena.server.pluggable.utils.helper.EntityValidatorHelper.validateEntity(EntityValidatorHelper.java:37)
	at com.app.shared.organization.contactmanagement.CoreContacts.isValid(CoreContacts.java:425)
	at com.app.server.service.organization.contactmanagement.CoreContactsTestCase.validateCoreContacts(CoreContactsTestCase.java:434)
	at com.app.server.service.organization.contactmanagement.CoreContactsTestCase.test5NegativeTesting(CoreContactsTestCase.java:505)
	at sun.reflect.NativeMethodAccessorImpl.invoke0(Native Method)
	at sun.reflect.NativeMethodAccessorImpl.invoke(NativeMethodAccessorImpl.java:57)
	at sun.reflect.DelegatingMethodAccessorImpl.invoke(DelegatingMethodAccessorImpl.java:43)
	at java.lang.reflect.Method.invoke(Method.java:606)
	at org.junit.runners.model.FrameworkMethod$1.runReflectiveCall(FrameworkMethod.java:47)
	at org.junit.internal.runners.model.ReflectiveCallable.run(ReflectiveCallable.java:12)
	at org.junit.runners.model.FrameworkMethod.invokeExplosively(FrameworkMethod.java:44)
	at org.junit.internal.runners.statements.InvokeMethod.evaluate(InvokeMethod.java:17)
	at org.junit.internal.runners.statements.RunBefores.evaluate(RunBefores.java:26)
	at org.springframework.test.context.junit4.statements.RunBeforeTestMethodCallbacks.evaluate(RunBeforeTestMethodCallbacks.java:74)
	at org.junit.internal.runners.statements.RunAfters.evaluate(RunAfters.java:27)
	at org.springframework.test.context.junit4.statements.RunAfterTestMethodCallbacks.evaluate(RunAfterTestMethodCallbacks.java:83)
	at org.springframework.test.context.junit4.statements.SpringRepeat.evaluate(SpringRepeat.java:72)
	at org.springframework.test.context.junit4.SpringJUnit4ClassRunner.runChild(SpringJUnit4ClassRunner.java:233)
	at org.springframework.test.context.junit4.SpringJUnit4ClassRunner.runChild(SpringJUnit4ClassRunner.java:87)
	at org.junit.runners.ParentRunner$3.run(ParentRunner.java:238)
	at org.junit.runners.ParentRunner$1.schedule(ParentRunner.java:63)
	at org.junit.runners.ParentRunner.runChildren(ParentRunner.java:236)
	at org.junit.runners.ParentRunner.access$000(ParentRunner.java:53)
	at org.junit.runners.ParentRunner$2.evaluate(ParentRunner.java:229)
	at org.junit.internal.runners.statements.RunBefores.evaluate(RunBefores.java:26)
	at org.springframework.test.context.junit4.statements.RunBeforeTestClassCallbacks.evaluate(RunBeforeTestClassCallbacks.java:61)
	at org.springframework.test.context.junit4.statements.RunAfterTestClassCallbacks.evaluate(RunAfterTestClassCallbacks.java:71)
	at org.junit.runners.ParentRunner.run(ParentRunner.java:309)
	at org.springframework.test.context.junit4.SpringJUnit4ClassRunner.run(SpringJUnit4ClassRunner.java:176)
	at org.gradle.api.internal.tasks.testing.junit.JUnitTestClassExecuter.runTestClass(JUnitTestClassExecuter.java:86)
	at org.gradle.api.internal.tasks.testing.junit.JUnitTestClassExecuter.execute(JUnitTestClassExecuter.java:49)
	at org.gradle.api.internal.tasks.testing.junit.JUnitTestClassProcessor.processTestClass(JUnitTestClassProcessor.java:64)
	at org.gradle.api.internal.tasks.testing.SuiteTestClassProcessor.processTestClass(SuiteTestClassProcessor.java:50)
	at sun.reflect.GeneratedMethodAccessor109.invoke(Unknown Source)
	at sun.reflect.DelegatingMethodAccessorImpl.invoke(DelegatingMethodAccessorImpl.java:43)
	at java.lang.reflect.Method.invoke(Method.java:606)
	at org.gradle.messaging.dispatch.ReflectionDispatch.dispatch(ReflectionDispatch.java:35)
	at org.gradle.messaging.dispatch.ReflectionDispatch.dispatch(ReflectionDispatch.java:24)
	at org.gradle.messaging.dispatch.ContextClassLoaderDispatch.dispatch(ContextClassLoaderDispatch.java:32)
	at org.gradle.messaging.dispatch.ProxyDispatchAdapter$DispatchingInvocationHandler.invoke(ProxyDispatchAdapter.java:93)
	at com.sun.proxy.$Proxy2.processTestClass(Unknown Source)
	at org.gradle.api.internal.tasks.testing.worker.TestWorker.processTestClass(TestWorker.java:106)
	at sun.reflect.GeneratedMethodAccessor108.invoke(Unknown Source)
	at sun.reflect.DelegatingMethodAccessorImpl.invoke(DelegatingMethodAccessorImpl.java:43)
	at java.lang.reflect.Method.invoke(Method.java:606)
	at org.gradle.messaging.dispatch.ReflectionDispatch.dispatch(ReflectionDispatch.java:35)
	at org.gradle.messaging.dispatch.ReflectionDispatch.dispatch(ReflectionDispatch.java:24)
	at org.gradle.messaging.remote.internal.hub.MessageHub$Handler.run(MessageHub.java:360)
	at org.gradle.internal.concurrent.DefaultExecutorFactory$StoppableExecutorImpl$1.run(DefaultExecutorFactory.java:64)
	at java.util.concurrent.ThreadPoolExecutor.runWorker(ThreadPoolExecutor.java:1145)
	at java.util.concurrent.ThreadPoolExecutor$Worker.run(ThreadPoolExecutor.java:615)
	at java.lang.Thread.run(Thread.java:745)
CoreContacts.nativeFirstName size must be between 0 and 256
java.lang.SecurityException: CoreContacts.nativeFirstName size must be between 0 and 256
	at com.athena.server.pluggable.utils.helper.EntityValidatorHelper.validateEntity(EntityValidatorHelper.java:37)
	at com.app.shared.organization.contactmanagement.CoreContacts.isValid(CoreContacts.java:425)
	at com.app.server.service.organization.contactmanagement.CoreContactsTestCase.validateCoreContacts(CoreContactsTestCase.java:434)
	at com.app.server.service.organization.contactmanagement.CoreContactsTestCase.test5NegativeTesting(CoreContactsTestCase.java:510)
	at sun.reflect.NativeMethodAccessorImpl.invoke0(Native Method)
	at sun.reflect.NativeMethodAccessorImpl.invoke(NativeMethodAccessorImpl.java:57)
	at sun.reflect.DelegatingMethodAccessorImpl.invoke(DelegatingMethodAccessorImpl.java:43)
	at java.lang.reflect.Method.invoke(Method.java:606)
	at org.junit.runners.model.FrameworkMethod$1.runReflectiveCall(FrameworkMethod.java:47)
	at org.junit.internal.runners.model.ReflectiveCallable.run(ReflectiveCallable.java:12)
	at org.junit.runners.model.FrameworkMethod.invokeExplosively(FrameworkMethod.java:44)
	at org.junit.internal.runners.statements.InvokeMethod.evaluate(InvokeMethod.java:17)
	at org.junit.internal.runners.statements.RunBefores.evaluate(RunBefores.java:26)
	at org.springframework.test.context.junit4.statements.RunBeforeTestMethodCallbacks.evaluate(RunBeforeTestMethodCallbacks.java:74)
	at org.junit.internal.runners.statements.RunAfters.evaluate(RunAfters.java:27)
	at org.springframework.test.context.junit4.statements.RunAfterTestMethodCallbacks.evaluate(RunAfterTestMethodCallbacks.java:83)
	at org.springframework.test.context.junit4.statements.SpringRepeat.evaluate(SpringRepeat.java:72)
	at org.springframework.test.context.junit4.SpringJUnit4ClassRunner.runChild(SpringJUnit4ClassRunner.java:233)
	at org.springframework.test.context.junit4.SpringJUnit4ClassRunner.runChild(SpringJUnit4ClassRunner.java:87)
	at org.junit.runners.ParentRunner$3.run(ParentRunner.java:238)
	at org.junit.runners.ParentRunner$1.schedule(ParentRunner.java:63)
	at org.junit.runners.ParentRunner.runChildren(ParentRunner.java:236)
	at org.junit.runners.ParentRunner.access$000(ParentRunner.java:53)
	at org.junit.runners.ParentRunner$2.evaluate(ParentRunner.java:229)
	at org.junit.internal.runners.statements.RunBefores.evaluate(RunBefores.java:26)
	at org.springframework.test.context.junit4.statements.RunBeforeTestClassCallbacks.evaluate(RunBeforeTestClassCallbacks.java:61)
	at org.springframework.test.context.junit4.statements.RunAfterTestClassCallbacks.evaluate(RunAfterTestClassCallbacks.java:71)
	at org.junit.runners.ParentRunner.run(ParentRunner.java:309)
	at org.springframework.test.context.junit4.SpringJUnit4ClassRunner.run(SpringJUnit4ClassRunner.java:176)
	at org.gradle.api.internal.tasks.testing.junit.JUnitTestClassExecuter.runTestClass(JUnitTestClassExecuter.java:86)
	at org.gradle.api.internal.tasks.testing.junit.JUnitTestClassExecuter.execute(JUnitTestClassExecuter.java:49)
	at org.gradle.api.internal.tasks.testing.junit.JUnitTestClassProcessor.processTestClass(JUnitTestClassProcessor.java:64)
	at org.gradle.api.internal.tasks.testing.SuiteTestClassProcessor.processTestClass(SuiteTestClassProcessor.java:50)
	at sun.reflect.GeneratedMethodAccessor109.invoke(Unknown Source)
	at sun.reflect.DelegatingMethodAccessorImpl.invoke(DelegatingMethodAccessorImpl.java:43)
	at java.lang.reflect.Method.invoke(Method.java:606)
	at org.gradle.messaging.dispatch.ReflectionDispatch.dispatch(ReflectionDispatch.java:35)
	at org.gradle.messaging.dispatch.ReflectionDispatch.dispatch(ReflectionDispatch.java:24)
	at org.gradle.messaging.dispatch.ContextClassLoaderDispatch.dispatch(ContextClassLoaderDispatch.java:32)
	at org.gradle.messaging.dispatch.ProxyDispatchAdapter$DispatchingInvocationHandler.invoke(ProxyDispatchAdapter.java:93)
	at com.sun.proxy.$Proxy2.processTestClass(Unknown Source)
	at org.gradle.api.internal.tasks.testing.worker.TestWorker.processTestClass(TestWorker.java:106)
	at sun.reflect.GeneratedMethodAccessor108.invoke(Unknown Source)
	at sun.reflect.DelegatingMethodAccessorImpl.invoke(DelegatingMethodAccessorImpl.java:43)
	at java.lang.reflect.Method.invoke(Method.java:606)
	at org.gradle.messaging.dispatch.ReflectionDispatch.dispatch(ReflectionDispatch.java:35)
	at org.gradle.messaging.dispatch.ReflectionDispatch.dispatch(ReflectionDispatch.java:24)
	at org.gradle.messaging.remote.internal.hub.MessageHub$Handler.run(MessageHub.java:360)
	at org.gradle.internal.concurrent.DefaultExecutorFactory$StoppableExecutorImpl$1.run(DefaultExecutorFactory.java:64)
	at java.util.concurrent.ThreadPoolExecutor.runWorker(ThreadPoolExecutor.java:1145)
	at java.util.concurrent.ThreadPoolExecutor$Worker.run(ThreadPoolExecutor.java:615)
	at java.lang.Thread.run(Thread.java:745)
CoreContacts.nativeMiddleName size must be between 0 and 256
java.lang.SecurityException: CoreContacts.nativeMiddleName size must be between 0 and 256
	at com.athena.server.pluggable.utils.helper.EntityValidatorHelper.validateEntity(EntityValidatorHelper.java:37)
	at com.app.shared.organization.contactmanagement.CoreContacts.isValid(CoreContacts.java:425)
	at com.app.server.service.organization.contactmanagement.CoreContactsTestCase.validateCoreContacts(CoreContactsTestCase.java:434)
	at com.app.server.service.organization.contactmanagement.CoreContactsTestCase.test5NegativeTesting(CoreContactsTestCase.java:515)
	at sun.reflect.NativeMethodAccessorImpl.invoke0(Native Method)
	at sun.reflect.NativeMethodAccessorImpl.invoke(NativeMethodAccessorImpl.java:57)
	at sun.reflect.DelegatingMethodAccessorImpl.invoke(DelegatingMethodAccessorImpl.java:43)
	at java.lang.reflect.Method.invoke(Method.java:606)
	at org.junit.runners.model.FrameworkMethod$1.runReflectiveCall(FrameworkMethod.java:47)
	at org.junit.internal.runners.model.ReflectiveCallable.run(ReflectiveCallable.java:12)
	at org.junit.runners.model.FrameworkMethod.invokeExplosively(FrameworkMethod.java:44)
	at org.junit.internal.runners.statements.InvokeMethod.evaluate(InvokeMethod.java:17)
	at org.junit.internal.runners.statements.RunBefores.evaluate(RunBefores.java:26)
	at org.springframework.test.context.junit4.statements.RunBeforeTestMethodCallbacks.evaluate(RunBeforeTestMethodCallbacks.java:74)
	at org.junit.internal.runners.statements.RunAfters.evaluate(RunAfters.java:27)
	at org.springframework.test.context.junit4.statements.RunAfterTestMethodCallbacks.evaluate(RunAfterTestMethodCallbacks.java:83)
	at org.springframework.test.context.junit4.statements.SpringRepeat.evaluate(SpringRepeat.java:72)
	at org.springframework.test.context.junit4.SpringJUnit4ClassRunner.runChild(SpringJUnit4ClassRunner.java:233)
	at org.springframework.test.context.junit4.SpringJUnit4ClassRunner.runChild(SpringJUnit4ClassRunner.java:87)
	at org.junit.runners.ParentRunner$3.run(ParentRunner.java:238)
	at org.junit.runners.ParentRunner$1.schedule(ParentRunner.java:63)
	at org.junit.runners.ParentRunner.runChildren(ParentRunner.java:236)
	at org.junit.runners.ParentRunner.access$000(ParentRunner.java:53)
	at org.junit.runners.ParentRunner$2.evaluate(ParentRunner.java:229)
	at org.junit.internal.runners.statements.RunBefores.evaluate(RunBefores.java:26)
	at org.springframework.test.context.junit4.statements.RunBeforeTestClassCallbacks.evaluate(RunBeforeTestClassCallbacks.java:61)
	at org.springframework.test.context.junit4.statements.RunAfterTestClassCallbacks.evaluate(RunAfterTestClassCallbacks.java:71)
	at org.junit.runners.ParentRunner.run(ParentRunner.java:309)
	at org.springframework.test.context.junit4.SpringJUnit4ClassRunner.run(SpringJUnit4ClassRunner.java:176)
	at org.gradle.api.internal.tasks.testing.junit.JUnitTestClassExecuter.runTestClass(JUnitTestClassExecuter.java:86)
	at org.gradle.api.internal.tasks.testing.junit.JUnitTestClassExecuter.execute(JUnitTestClassExecuter.java:49)
	at org.gradle.api.internal.tasks.testing.junit.JUnitTestClassProcessor.processTestClass(JUnitTestClassProcessor.java:64)
	at org.gradle.api.internal.tasks.testing.SuiteTestClassProcessor.processTestClass(SuiteTestClassProcessor.java:50)
	at sun.reflect.GeneratedMethodAccessor109.invoke(Unknown Source)
	at sun.reflect.DelegatingMethodAccessorImpl.invoke(DelegatingMethodAccessorImpl.java:43)
	at java.lang.reflect.Method.invoke(Method.java:606)
	at org.gradle.messaging.dispatch.ReflectionDispatch.dispatch(ReflectionDispatch.java:35)
	at org.gradle.messaging.dispatch.ReflectionDispatch.dispatch(ReflectionDispatch.java:24)
	at org.gradle.messaging.dispatch.ContextClassLoaderDispatch.dispatch(ContextClassLoaderDispatch.java:32)
	at org.gradle.messaging.dispatch.ProxyDispatchAdapter$DispatchingInvocationHandler.invoke(ProxyDispatchAdapter.java:93)
	at com.sun.proxy.$Proxy2.processTestClass(Unknown Source)
	at org.gradle.api.internal.tasks.testing.worker.TestWorker.processTestClass(TestWorker.java:106)
	at sun.reflect.GeneratedMethodAccessor108.invoke(Unknown Source)
	at sun.reflect.DelegatingMethodAccessorImpl.invoke(DelegatingMethodAccessorImpl.java:43)
	at java.lang.reflect.Method.invoke(Method.java:606)
	at org.gradle.messaging.dispatch.ReflectionDispatch.dispatch(ReflectionDispatch.java:35)
	at org.gradle.messaging.dispatch.ReflectionDispatch.dispatch(ReflectionDispatch.java:24)
	at org.gradle.messaging.remote.internal.hub.MessageHub$Handler.run(MessageHub.java:360)
	at org.gradle.internal.concurrent.DefaultExecutorFactory$StoppableExecutorImpl$1.run(DefaultExecutorFactory.java:64)
	at java.util.concurrent.ThreadPoolExecutor.runWorker(ThreadPoolExecutor.java:1145)
	at java.util.concurrent.ThreadPoolExecutor$Worker.run(ThreadPoolExecutor.java:615)
	at java.lang.Thread.run(Thread.java:745)
CoreContacts.nativeLastName size must be between 0 and 256
java.lang.SecurityException: CoreContacts.nativeLastName size must be between 0 and 256
	at com.athena.server.pluggable.utils.helper.EntityValidatorHelper.validateEntity(EntityValidatorHelper.java:37)
	at com.app.shared.organization.contactmanagement.CoreContacts.isValid(CoreContacts.java:425)
	at com.app.server.service.organization.contactmanagement.CoreContactsTestCase.validateCoreContacts(CoreContactsTestCase.java:434)
	at com.app.server.service.organization.contactmanagement.CoreContactsTestCase.test5NegativeTesting(CoreContactsTestCase.java:520)
	at sun.reflect.NativeMethodAccessorImpl.invoke0(Native Method)
	at sun.reflect.NativeMethodAccessorImpl.invoke(NativeMethodAccessorImpl.java:57)
	at sun.reflect.DelegatingMethodAccessorImpl.invoke(DelegatingMethodAccessorImpl.java:43)
	at java.lang.reflect.Method.invoke(Method.java:606)
	at org.junit.runners.model.FrameworkMethod$1.runReflectiveCall(FrameworkMethod.java:47)
	at org.junit.internal.runners.model.ReflectiveCallable.run(ReflectiveCallable.java:12)
	at org.junit.runners.model.FrameworkMethod.invokeExplosively(FrameworkMethod.java:44)
	at org.junit.internal.runners.statements.InvokeMethod.evaluate(InvokeMethod.java:17)
	at org.junit.internal.runners.statements.RunBefores.evaluate(RunBefores.java:26)
	at org.springframework.test.context.junit4.statements.RunBeforeTestMethodCallbacks.evaluate(RunBeforeTestMethodCallbacks.java:74)
	at org.junit.internal.runners.statements.RunAfters.evaluate(RunAfters.java:27)
	at org.springframework.test.context.junit4.statements.RunAfterTestMethodCallbacks.evaluate(RunAfterTestMethodCallbacks.java:83)
	at org.springframework.test.context.junit4.statements.SpringRepeat.evaluate(SpringRepeat.java:72)
	at org.springframework.test.context.junit4.SpringJUnit4ClassRunner.runChild(SpringJUnit4ClassRunner.java:233)
	at org.springframework.test.context.junit4.SpringJUnit4ClassRunner.runChild(SpringJUnit4ClassRunner.java:87)
	at org.junit.runners.ParentRunner$3.run(ParentRunner.java:238)
	at org.junit.runners.ParentRunner$1.schedule(ParentRunner.java:63)
	at org.junit.runners.ParentRunner.runChildren(ParentRunner.java:236)
	at org.junit.runners.ParentRunner.access$000(ParentRunner.java:53)
	at org.junit.runners.ParentRunner$2.evaluate(ParentRunner.java:229)
	at org.junit.internal.runners.statements.RunBefores.evaluate(RunBefores.java:26)
	at org.springframework.test.context.junit4.statements.RunBeforeTestClassCallbacks.evaluate(RunBeforeTestClassCallbacks.java:61)
	at org.springframework.test.context.junit4.statements.RunAfterTestClassCallbacks.evaluate(RunAfterTestClassCallbacks.java:71)
	at org.junit.runners.ParentRunner.run(ParentRunner.java:309)
	at org.springframework.test.context.junit4.SpringJUnit4ClassRunner.run(SpringJUnit4ClassRunner.java:176)
	at org.gradle.api.internal.tasks.testing.junit.JUnitTestClassExecuter.runTestClass(JUnitTestClassExecuter.java:86)
	at org.gradle.api.internal.tasks.testing.junit.JUnitTestClassExecuter.execute(JUnitTestClassExecuter.java:49)
	at org.gradle.api.internal.tasks.testing.junit.JUnitTestClassProcessor.processTestClass(JUnitTestClassProcessor.java:64)
	at org.gradle.api.internal.tasks.testing.SuiteTestClassProcessor.processTestClass(SuiteTestClassProcessor.java:50)
	at sun.reflect.GeneratedMethodAccessor109.invoke(Unknown Source)
	at sun.reflect.DelegatingMethodAccessorImpl.invoke(DelegatingMethodAccessorImpl.java:43)
	at java.lang.reflect.Method.invoke(Method.java:606)
	at org.gradle.messaging.dispatch.ReflectionDispatch.dispatch(ReflectionDispatch.java:35)
	at org.gradle.messaging.dispatch.ReflectionDispatch.dispatch(ReflectionDispatch.java:24)
	at org.gradle.messaging.dispatch.ContextClassLoaderDispatch.dispatch(ContextClassLoaderDispatch.java:32)
	at org.gradle.messaging.dispatch.ProxyDispatchAdapter$DispatchingInvocationHandler.invoke(ProxyDispatchAdapter.java:93)
	at com.sun.proxy.$Proxy2.processTestClass(Unknown Source)
	at org.gradle.api.internal.tasks.testing.worker.TestWorker.processTestClass(TestWorker.java:106)
	at sun.reflect.GeneratedMethodAccessor108.invoke(Unknown Source)
	at sun.reflect.DelegatingMethodAccessorImpl.invoke(DelegatingMethodAccessorImpl.java:43)
	at java.lang.reflect.Method.invoke(Method.java:606)
	at org.gradle.messaging.dispatch.ReflectionDispatch.dispatch(ReflectionDispatch.java:35)
	at org.gradle.messaging.dispatch.ReflectionDispatch.dispatch(ReflectionDispatch.java:24)
	at org.gradle.messaging.remote.internal.hub.MessageHub$Handler.run(MessageHub.java:360)
	at org.gradle.internal.concurrent.DefaultExecutorFactory$StoppableExecutorImpl$1.run(DefaultExecutorFactory.java:64)
	at java.util.concurrent.ThreadPoolExecutor.runWorker(ThreadPoolExecutor.java:1145)
	at java.util.concurrent.ThreadPoolExecutor$Worker.run(ThreadPoolExecutor.java:615)
	at java.lang.Thread.run(Thread.java:745)
CoreContacts.age must be less than or equal to 125
java.lang.SecurityException: CoreContacts.age must be less than or equal to 125
	at com.athena.server.pluggable.utils.helper.EntityValidatorHelper.validateEntity(EntityValidatorHelper.java:37)
	at com.app.shared.organization.contactmanagement.CoreContacts.isValid(CoreContacts.java:425)
	at com.app.server.service.organization.contactmanagement.CoreContactsTestCase.validateCoreContacts(CoreContactsTestCase.java:434)
	at com.app.server.service.organization.contactmanagement.CoreContactsTestCase.test5NegativeTesting(CoreContactsTestCase.java:525)
	at sun.reflect.NativeMethodAccessorImpl.invoke0(Native Method)
	at sun.reflect.NativeMethodAccessorImpl.invoke(NativeMethodAccessorImpl.java:57)
	at sun.reflect.DelegatingMethodAccessorImpl.invoke(DelegatingMethodAccessorImpl.java:43)
	at java.lang.reflect.Method.invoke(Method.java:606)
	at org.junit.runners.model.FrameworkMethod$1.runReflectiveCall(FrameworkMethod.java:47)
	at org.junit.internal.runners.model.ReflectiveCallable.run(ReflectiveCallable.java:12)
	at org.junit.runners.model.FrameworkMethod.invokeExplosively(FrameworkMethod.java:44)
	at org.junit.internal.runners.statements.InvokeMethod.evaluate(InvokeMethod.java:17)
	at org.junit.internal.runners.statements.RunBefores.evaluate(RunBefores.java:26)
	at org.springframework.test.context.junit4.statements.RunBeforeTestMethodCallbacks.evaluate(RunBeforeTestMethodCallbacks.java:74)
	at org.junit.internal.runners.statements.RunAfters.evaluate(RunAfters.java:27)
	at org.springframework.test.context.junit4.statements.RunAfterTestMethodCallbacks.evaluate(RunAfterTestMethodCallbacks.java:83)
	at org.springframework.test.context.junit4.statements.SpringRepeat.evaluate(SpringRepeat.java:72)
	at org.springframework.test.context.junit4.SpringJUnit4ClassRunner.runChild(SpringJUnit4ClassRunner.java:233)
	at org.springframework.test.context.junit4.SpringJUnit4ClassRunner.runChild(SpringJUnit4ClassRunner.java:87)
	at org.junit.runners.ParentRunner$3.run(ParentRunner.java:238)
	at org.junit.runners.ParentRunner$1.schedule(ParentRunner.java:63)
	at org.junit.runners.ParentRunner.runChildren(ParentRunner.java:236)
	at org.junit.runners.ParentRunner.access$000(ParentRunner.java:53)
	at org.junit.runners.ParentRunner$2.evaluate(ParentRunner.java:229)
	at org.junit.internal.runners.statements.RunBefores.evaluate(RunBefores.java:26)
	at org.springframework.test.context.junit4.statements.RunBeforeTestClassCallbacks.evaluate(RunBeforeTestClassCallbacks.java:61)
	at org.springframework.test.context.junit4.statements.RunAfterTestClassCallbacks.evaluate(RunAfterTestClassCallbacks.java:71)
	at org.junit.runners.ParentRunner.run(ParentRunner.java:309)
	at org.springframework.test.context.junit4.SpringJUnit4ClassRunner.run(SpringJUnit4ClassRunner.java:176)
	at org.gradle.api.internal.tasks.testing.junit.JUnitTestClassExecuter.runTestClass(JUnitTestClassExecuter.java:86)
	at org.gradle.api.internal.tasks.testing.junit.JUnitTestClassExecuter.execute(JUnitTestClassExecuter.java:49)
	at org.gradle.api.internal.tasks.testing.junit.JUnitTestClassProcessor.processTestClass(JUnitTestClassProcessor.java:64)
	at org.gradle.api.internal.tasks.testing.SuiteTestClassProcessor.processTestClass(SuiteTestClassProcessor.java:50)
	at sun.reflect.GeneratedMethodAccessor109.invoke(Unknown Source)
	at sun.reflect.DelegatingMethodAccessorImpl.invoke(DelegatingMethodAccessorImpl.java:43)
	at java.lang.reflect.Method.invoke(Method.java:606)
	at org.gradle.messaging.dispatch.ReflectionDispatch.dispatch(ReflectionDispatch.java:35)
	at org.gradle.messaging.dispatch.ReflectionDispatch.dispatch(ReflectionDispatch.java:24)
	at org.gradle.messaging.dispatch.ContextClassLoaderDispatch.dispatch(ContextClassLoaderDispatch.java:32)
	at org.gradle.messaging.dispatch.ProxyDispatchAdapter$DispatchingInvocationHandler.invoke(ProxyDispatchAdapter.java:93)
	at com.sun.proxy.$Proxy2.processTestClass(Unknown Source)
	at org.gradle.api.internal.tasks.testing.worker.TestWorker.processTestClass(TestWorker.java:106)
	at sun.reflect.GeneratedMethodAccessor108.invoke(Unknown Source)
	at sun.reflect.DelegatingMethodAccessorImpl.invoke(DelegatingMethodAccessorImpl.java:43)
	at java.lang.reflect.Method.invoke(Method.java:606)
	at org.gradle.messaging.dispatch.ReflectionDispatch.dispatch(ReflectionDispatch.java:35)
	at org.gradle.messaging.dispatch.ReflectionDispatch.dispatch(ReflectionDispatch.java:24)
	at org.gradle.messaging.remote.internal.hub.MessageHub$Handler.run(MessageHub.java:360)
	at org.gradle.internal.concurrent.DefaultExecutorFactory$StoppableExecutorImpl$1.run(DefaultExecutorFactory.java:64)
	at java.util.concurrent.ThreadPoolExecutor.runWorker(ThreadPoolExecutor.java:1145)
	at java.util.concurrent.ThreadPoolExecutor$Worker.run(ThreadPoolExecutor.java:615)
	at java.lang.Thread.run(Thread.java:745)
CoreContacts.emailId may not be null
java.lang.SecurityException: CoreContacts.emailId may not be null
	at com.athena.server.pluggable.utils.helper.EntityValidatorHelper.validateEntity(EntityValidatorHelper.java:37)
	at com.app.shared.organization.contactmanagement.CoreContacts.isValid(CoreContacts.java:425)
	at com.app.server.service.organization.contactmanagement.CoreContactsTestCase.validateCoreContacts(CoreContactsTestCase.java:436)
	at com.app.server.service.organization.contactmanagement.CoreContactsTestCase.test5NegativeTesting(CoreContactsTestCase.java:531)
	at sun.reflect.NativeMethodAccessorImpl.invoke0(Native Method)
	at sun.reflect.NativeMethodAccessorImpl.invoke(NativeMethodAccessorImpl.java:57)
	at sun.reflect.DelegatingMethodAccessorImpl.invoke(DelegatingMethodAccessorImpl.java:43)
	at java.lang.reflect.Method.invoke(Method.java:606)
	at org.junit.runners.model.FrameworkMethod$1.runReflectiveCall(FrameworkMethod.java:47)
	at org.junit.internal.runners.model.ReflectiveCallable.run(ReflectiveCallable.java:12)
	at org.junit.runners.model.FrameworkMethod.invokeExplosively(FrameworkMethod.java:44)
	at org.junit.internal.runners.statements.InvokeMethod.evaluate(InvokeMethod.java:17)
	at org.junit.internal.runners.statements.RunBefores.evaluate(RunBefores.java:26)
	at org.springframework.test.context.junit4.statements.RunBeforeTestMethodCallbacks.evaluate(RunBeforeTestMethodCallbacks.java:74)
	at org.junit.internal.runners.statements.RunAfters.evaluate(RunAfters.java:27)
	at org.springframework.test.context.junit4.statements.RunAfterTestMethodCallbacks.evaluate(RunAfterTestMethodCallbacks.java:83)
	at org.springframework.test.context.junit4.statements.SpringRepeat.evaluate(SpringRepeat.java:72)
	at org.springframework.test.context.junit4.SpringJUnit4ClassRunner.runChild(SpringJUnit4ClassRunner.java:233)
	at org.springframework.test.context.junit4.SpringJUnit4ClassRunner.runChild(SpringJUnit4ClassRunner.java:87)
	at org.junit.runners.ParentRunner$3.run(ParentRunner.java:238)
	at org.junit.runners.ParentRunner$1.schedule(ParentRunner.java:63)
	at org.junit.runners.ParentRunner.runChildren(ParentRunner.java:236)
	at org.junit.runners.ParentRunner.access$000(ParentRunner.java:53)
	at org.junit.runners.ParentRunner$2.evaluate(ParentRunner.java:229)
	at org.junit.internal.runners.statements.RunBefores.evaluate(RunBefores.java:26)
	at org.springframework.test.context.junit4.statements.RunBeforeTestClassCallbacks.evaluate(RunBeforeTestClassCallbacks.java:61)
	at org.springframework.test.context.junit4.statements.RunAfterTestClassCallbacks.evaluate(RunAfterTestClassCallbacks.java:71)
	at org.junit.runners.ParentRunner.run(ParentRunner.java:309)
	at org.springframework.test.context.junit4.SpringJUnit4ClassRunner.run(SpringJUnit4ClassRunner.java:176)
	at org.gradle.api.internal.tasks.testing.junit.JUnitTestClassExecuter.runTestClass(JUnitTestClassExecuter.java:86)
	at org.gradle.api.internal.tasks.testing.junit.JUnitTestClassExecuter.execute(JUnitTestClassExecuter.java:49)
	at org.gradle.api.internal.tasks.testing.junit.JUnitTestClassProcessor.processTestClass(JUnitTestClassProcessor.java:64)
	at org.gradle.api.internal.tasks.testing.SuiteTestClassProcessor.processTestClass(SuiteTestClassProcessor.java:50)
	at sun.reflect.GeneratedMethodAccessor109.invoke(Unknown Source)
	at sun.reflect.DelegatingMethodAccessorImpl.invoke(DelegatingMethodAccessorImpl.java:43)
	at java.lang.reflect.Method.invoke(Method.java:606)
	at org.gradle.messaging.dispatch.ReflectionDispatch.dispatch(ReflectionDispatch.java:35)
	at org.gradle.messaging.dispatch.ReflectionDispatch.dispatch(ReflectionDispatch.java:24)
	at org.gradle.messaging.dispatch.ContextClassLoaderDispatch.dispatch(ContextClassLoaderDispatch.java:32)
	at org.gradle.messaging.dispatch.ProxyDispatchAdapter$DispatchingInvocationHandler.invoke(ProxyDispatchAdapter.java:93)
	at com.sun.proxy.$Proxy2.processTestClass(Unknown Source)
	at org.gradle.api.internal.tasks.testing.worker.TestWorker.processTestClass(TestWorker.java:106)
	at sun.reflect.GeneratedMethodAccessor108.invoke(Unknown Source)
	at sun.reflect.DelegatingMethodAccessorImpl.invoke(DelegatingMethodAccessorImpl.java:43)
	at java.lang.reflect.Method.invoke(Method.java:606)
	at org.gradle.messaging.dispatch.ReflectionDispatch.dispatch(ReflectionDispatch.java:35)
	at org.gradle.messaging.dispatch.ReflectionDispatch.dispatch(ReflectionDispatch.java:24)
	at org.gradle.messaging.remote.internal.hub.MessageHub$Handler.run(MessageHub.java:360)
	at org.gradle.internal.concurrent.DefaultExecutorFactory$StoppableExecutorImpl$1.run(DefaultExecutorFactory.java:64)
	at java.util.concurrent.ThreadPoolExecutor.runWorker(ThreadPoolExecutor.java:1145)
	at java.util.concurrent.ThreadPoolExecutor$Worker.run(ThreadPoolExecutor.java:615)
	at java.lang.Thread.run(Thread.java:745)
CoreContacts.emailId size must be between 0 and 256
java.lang.SecurityException: CoreContacts.emailId size must be between 0 and 256
	at com.athena.server.pluggable.utils.helper.EntityValidatorHelper.validateEntity(EntityValidatorHelper.java:37)
	at com.app.shared.organization.contactmanagement.CoreContacts.isValid(CoreContacts.java:425)
	at com.app.server.service.organization.contactmanagement.CoreContactsTestCase.validateCoreContacts(CoreContactsTestCase.java:434)
	at com.app.server.service.organization.contactmanagement.CoreContactsTestCase.test5NegativeTesting(CoreContactsTestCase.java:536)
	at sun.reflect.NativeMethodAccessorImpl.invoke0(Native Method)
	at sun.reflect.NativeMethodAccessorImpl.invoke(NativeMethodAccessorImpl.java:57)
	at sun.reflect.DelegatingMethodAccessorImpl.invoke(DelegatingMethodAccessorImpl.java:43)
	at java.lang.reflect.Method.invoke(Method.java:606)
	at org.junit.runners.model.FrameworkMethod$1.runReflectiveCall(FrameworkMethod.java:47)
	at org.junit.internal.runners.model.ReflectiveCallable.run(ReflectiveCallable.java:12)
	at org.junit.runners.model.FrameworkMethod.invokeExplosively(FrameworkMethod.java:44)
	at org.junit.internal.runners.statements.InvokeMethod.evaluate(InvokeMethod.java:17)
	at org.junit.internal.runners.statements.RunBefores.evaluate(RunBefores.java:26)
	at org.springframework.test.context.junit4.statements.RunBeforeTestMethodCallbacks.evaluate(RunBeforeTestMethodCallbacks.java:74)
	at org.junit.internal.runners.statements.RunAfters.evaluate(RunAfters.java:27)
	at org.springframework.test.context.junit4.statements.RunAfterTestMethodCallbacks.evaluate(RunAfterTestMethodCallbacks.java:83)
	at org.springframework.test.context.junit4.statements.SpringRepeat.evaluate(SpringRepeat.java:72)
	at org.springframework.test.context.junit4.SpringJUnit4ClassRunner.runChild(SpringJUnit4ClassRunner.java:233)
	at org.springframework.test.context.junit4.SpringJUnit4ClassRunner.runChild(SpringJUnit4ClassRunner.java:87)
	at org.junit.runners.ParentRunner$3.run(ParentRunner.java:238)
	at org.junit.runners.ParentRunner$1.schedule(ParentRunner.java:63)
	at org.junit.runners.ParentRunner.runChildren(ParentRunner.java:236)
	at org.junit.runners.ParentRunner.access$000(ParentRunner.java:53)
	at org.junit.runners.ParentRunner$2.evaluate(ParentRunner.java:229)
	at org.junit.internal.runners.statements.RunBefores.evaluate(RunBefores.java:26)
	at org.springframework.test.context.junit4.statements.RunBeforeTestClassCallbacks.evaluate(RunBeforeTestClassCallbacks.java:61)
	at org.springframework.test.context.junit4.statements.RunAfterTestClassCallbacks.evaluate(RunAfterTestClassCallbacks.java:71)
	at org.junit.runners.ParentRunner.run(ParentRunner.java:309)
	at org.springframework.test.context.junit4.SpringJUnit4ClassRunner.run(SpringJUnit4ClassRunner.java:176)
	at org.gradle.api.internal.tasks.testing.junit.JUnitTestClassExecuter.runTestClass(JUnitTestClassExecuter.java:86)
	at org.gradle.api.internal.tasks.testing.junit.JUnitTestClassExecuter.execute(JUnitTestClassExecuter.java:49)
	at org.gradle.api.internal.tasks.testing.junit.JUnitTestClassProcessor.processTestClass(JUnitTestClassProcessor.java:64)
	at org.gradle.api.internal.tasks.testing.SuiteTestClassProcessor.processTestClass(SuiteTestClassProcessor.java:50)
	at sun.reflect.GeneratedMethodAccessor109.invoke(Unknown Source)
	at sun.reflect.DelegatingMethodAccessorImpl.invoke(DelegatingMethodAccessorImpl.java:43)
	at java.lang.reflect.Method.invoke(Method.java:606)
	at org.gradle.messaging.dispatch.ReflectionDispatch.dispatch(ReflectionDispatch.java:35)
	at org.gradle.messaging.dispatch.ReflectionDispatch.dispatch(ReflectionDispatch.java:24)
	at org.gradle.messaging.dispatch.ContextClassLoaderDispatch.dispatch(ContextClassLoaderDispatch.java:32)
	at org.gradle.messaging.dispatch.ProxyDispatchAdapter$DispatchingInvocationHandler.invoke(ProxyDispatchAdapter.java:93)
	at com.sun.proxy.$Proxy2.processTestClass(Unknown Source)
	at org.gradle.api.internal.tasks.testing.worker.TestWorker.processTestClass(TestWorker.java:106)
	at sun.reflect.GeneratedMethodAccessor108.invoke(Unknown Source)
	at sun.reflect.DelegatingMethodAccessorImpl.invoke(DelegatingMethodAccessorImpl.java:43)
	at java.lang.reflect.Method.invoke(Method.java:606)
	at org.gradle.messaging.dispatch.ReflectionDispatch.dispatch(ReflectionDispatch.java:35)
	at org.gradle.messaging.dispatch.ReflectionDispatch.dispatch(ReflectionDispatch.java:24)
	at org.gradle.messaging.remote.internal.hub.MessageHub$Handler.run(MessageHub.java:360)
	at org.gradle.internal.concurrent.DefaultExecutorFactory$StoppableExecutorImpl$1.run(DefaultExecutorFactory.java:64)
	at java.util.concurrent.ThreadPoolExecutor.runWorker(ThreadPoolExecutor.java:1145)
	at java.util.concurrent.ThreadPoolExecutor$Worker.run(ThreadPoolExecutor.java:615)
	at java.lang.Thread.run(Thread.java:745)
CoreContacts.phoneNumber may not be null
java.lang.SecurityException: CoreContacts.phoneNumber may not be null
	at com.athena.server.pluggable.utils.helper.EntityValidatorHelper.validateEntity(EntityValidatorHelper.java:37)
	at com.app.shared.organization.contactmanagement.CoreContacts.isValid(CoreContacts.java:425)
	at com.app.server.service.organization.contactmanagement.CoreContactsTestCase.validateCoreContacts(CoreContactsTestCase.java:436)
	at com.app.server.service.organization.contactmanagement.CoreContactsTestCase.test5NegativeTesting(CoreContactsTestCase.java:542)
	at sun.reflect.NativeMethodAccessorImpl.invoke0(Native Method)
	at sun.reflect.NativeMethodAccessorImpl.invoke(NativeMethodAccessorImpl.java:57)
	at sun.reflect.DelegatingMethodAccessorImpl.invoke(DelegatingMethodAccessorImpl.java:43)
	at java.lang.reflect.Method.invoke(Method.java:606)
	at org.junit.runners.model.FrameworkMethod$1.runReflectiveCall(FrameworkMethod.java:47)
	at org.junit.internal.runners.model.ReflectiveCallable.run(ReflectiveCallable.java:12)
	at org.junit.runners.model.FrameworkMethod.invokeExplosively(FrameworkMethod.java:44)
	at org.junit.internal.runners.statements.InvokeMethod.evaluate(InvokeMethod.java:17)
	at org.junit.internal.runners.statements.RunBefores.evaluate(RunBefores.java:26)
	at org.springframework.test.context.junit4.statements.RunBeforeTestMethodCallbacks.evaluate(RunBeforeTestMethodCallbacks.java:74)
	at org.junit.internal.runners.statements.RunAfters.evaluate(RunAfters.java:27)
	at org.springframework.test.context.junit4.statements.RunAfterTestMethodCallbacks.evaluate(RunAfterTestMethodCallbacks.java:83)
	at org.springframework.test.context.junit4.statements.SpringRepeat.evaluate(SpringRepeat.java:72)
	at org.springframework.test.context.junit4.SpringJUnit4ClassRunner.runChild(SpringJUnit4ClassRunner.java:233)
	at org.springframework.test.context.junit4.SpringJUnit4ClassRunner.runChild(SpringJUnit4ClassRunner.java:87)
	at org.junit.runners.ParentRunner$3.run(ParentRunner.java:238)
	at org.junit.runners.ParentRunner$1.schedule(ParentRunner.java:63)
	at org.junit.runners.ParentRunner.runChildren(ParentRunner.java:236)
	at org.junit.runners.ParentRunner.access$000(ParentRunner.java:53)
	at org.junit.runners.ParentRunner$2.evaluate(ParentRunner.java:229)
	at org.junit.internal.runners.statements.RunBefores.evaluate(RunBefores.java:26)
	at org.springframework.test.context.junit4.statements.RunBeforeTestClassCallbacks.evaluate(RunBeforeTestClassCallbacks.java:61)
	at org.springframework.test.context.junit4.statements.RunAfterTestClassCallbacks.evaluate(RunAfterTestClassCallbacks.java:71)
	at org.junit.runners.ParentRunner.run(ParentRunner.java:309)
	at org.springframework.test.context.junit4.SpringJUnit4ClassRunner.run(SpringJUnit4ClassRunner.java:176)
	at org.gradle.api.internal.tasks.testing.junit.JUnitTestClassExecuter.runTestClass(JUnitTestClassExecuter.java:86)
	at org.gradle.api.internal.tasks.testing.junit.JUnitTestClassExecuter.execute(JUnitTestClassExecuter.java:49)
	at org.gradle.api.internal.tasks.testing.junit.JUnitTestClassProcessor.processTestClass(JUnitTestClassProcessor.java:64)
	at org.gradle.api.internal.tasks.testing.SuiteTestClassProcessor.processTestClass(SuiteTestClassProcessor.java:50)
	at sun.reflect.GeneratedMethodAccessor109.invoke(Unknown Source)
	at sun.reflect.DelegatingMethodAccessorImpl.invoke(DelegatingMethodAccessorImpl.java:43)
	at java.lang.reflect.Method.invoke(Method.java:606)
	at org.gradle.messaging.dispatch.ReflectionDispatch.dispatch(ReflectionDispatch.java:35)
	at org.gradle.messaging.dispatch.ReflectionDispatch.dispatch(ReflectionDispatch.java:24)
	at org.gradle.messaging.dispatch.ContextClassLoaderDispatch.dispatch(ContextClassLoaderDispatch.java:32)
	at org.gradle.messaging.dispatch.ProxyDispatchAdapter$DispatchingInvocationHandler.invoke(ProxyDispatchAdapter.java:93)
	at com.sun.proxy.$Proxy2.processTestClass(Unknown Source)
	at org.gradle.api.internal.tasks.testing.worker.TestWorker.processTestClass(TestWorker.java:106)
	at sun.reflect.GeneratedMethodAccessor108.invoke(Unknown Source)
	at sun.reflect.DelegatingMethodAccessorImpl.invoke(DelegatingMethodAccessorImpl.java:43)
	at java.lang.reflect.Method.invoke(Method.java:606)
	at org.gradle.messaging.dispatch.ReflectionDispatch.dispatch(ReflectionDispatch.java:35)
	at org.gradle.messaging.dispatch.ReflectionDispatch.dispatch(ReflectionDispatch.java:24)
	at org.gradle.messaging.remote.internal.hub.MessageHub$Handler.run(MessageHub.java:360)
	at org.gradle.internal.concurrent.DefaultExecutorFactory$StoppableExecutorImpl$1.run(DefaultExecutorFactory.java:64)
	at java.util.concurrent.ThreadPoolExecutor.runWorker(ThreadPoolExecutor.java:1145)
	at java.util.concurrent.ThreadPoolExecutor$Worker.run(ThreadPoolExecutor.java:615)
	at java.lang.Thread.run(Thread.java:745)
CoreContacts.phoneNumber size must be between 0 and 20
java.lang.SecurityException: CoreContacts.phoneNumber size must be between 0 and 20
	at com.athena.server.pluggable.utils.helper.EntityValidatorHelper.validateEntity(EntityValidatorHelper.java:37)
	at com.app.shared.organization.contactmanagement.CoreContacts.isValid(CoreContacts.java:425)
	at com.app.server.service.organization.contactmanagement.CoreContactsTestCase.validateCoreContacts(CoreContactsTestCase.java:434)
	at com.app.server.service.organization.contactmanagement.CoreContactsTestCase.test5NegativeTesting(CoreContactsTestCase.java:547)
	at sun.reflect.NativeMethodAccessorImpl.invoke0(Native Method)
	at sun.reflect.NativeMethodAccessorImpl.invoke(NativeMethodAccessorImpl.java:57)
	at sun.reflect.DelegatingMethodAccessorImpl.invoke(DelegatingMethodAccessorImpl.java:43)
	at java.lang.reflect.Method.invoke(Method.java:606)
	at org.junit.runners.model.FrameworkMethod$1.runReflectiveCall(FrameworkMethod.java:47)
	at org.junit.internal.runners.model.ReflectiveCallable.run(ReflectiveCallable.java:12)
	at org.junit.runners.model.FrameworkMethod.invokeExplosively(FrameworkMethod.java:44)
	at org.junit.internal.runners.statements.InvokeMethod.evaluate(InvokeMethod.java:17)
	at org.junit.internal.runners.statements.RunBefores.evaluate(RunBefores.java:26)
	at org.springframework.test.context.junit4.statements.RunBeforeTestMethodCallbacks.evaluate(RunBeforeTestMethodCallbacks.java:74)
	at org.junit.internal.runners.statements.RunAfters.evaluate(RunAfters.java:27)
	at org.springframework.test.context.junit4.statements.RunAfterTestMethodCallbacks.evaluate(RunAfterTestMethodCallbacks.java:83)
	at org.springframework.test.context.junit4.statements.SpringRepeat.evaluate(SpringRepeat.java:72)
	at org.springframework.test.context.junit4.SpringJUnit4ClassRunner.runChild(SpringJUnit4ClassRunner.java:233)
	at org.springframework.test.context.junit4.SpringJUnit4ClassRunner.runChild(SpringJUnit4ClassRunner.java:87)
	at org.junit.runners.ParentRunner$3.run(ParentRunner.java:238)
	at org.junit.runners.ParentRunner$1.schedule(ParentRunner.java:63)
	at org.junit.runners.ParentRunner.runChildren(ParentRunner.java:236)
	at org.junit.runners.ParentRunner.access$000(ParentRunner.java:53)
	at org.junit.runners.ParentRunner$2.evaluate(ParentRunner.java:229)
	at org.junit.internal.runners.statements.RunBefores.evaluate(RunBefores.java:26)
	at org.springframework.test.context.junit4.statements.RunBeforeTestClassCallbacks.evaluate(RunBeforeTestClassCallbacks.java:61)
	at org.springframework.test.context.junit4.statements.RunAfterTestClassCallbacks.evaluate(RunAfterTestClassCallbacks.java:71)
	at org.junit.runners.ParentRunner.run(ParentRunner.java:309)
	at org.springframework.test.context.junit4.SpringJUnit4ClassRunner.run(SpringJUnit4ClassRunner.java:176)
	at org.gradle.api.internal.tasks.testing.junit.JUnitTestClassExecuter.runTestClass(JUnitTestClassExecuter.java:86)
	at org.gradle.api.internal.tasks.testing.junit.JUnitTestClassExecuter.execute(JUnitTestClassExecuter.java:49)
	at org.gradle.api.internal.tasks.testing.junit.JUnitTestClassProcessor.processTestClass(JUnitTestClassProcessor.java:64)
	at org.gradle.api.internal.tasks.testing.SuiteTestClassProcessor.processTestClass(SuiteTestClassProcessor.java:50)
	at sun.reflect.GeneratedMethodAccessor109.invoke(Unknown Source)
	at sun.reflect.DelegatingMethodAccessorImpl.invoke(DelegatingMethodAccessorImpl.java:43)
	at java.lang.reflect.Method.invoke(Method.java:606)
	at org.gradle.messaging.dispatch.ReflectionDispatch.dispatch(ReflectionDispatch.java:35)
	at org.gradle.messaging.dispatch.ReflectionDispatch.dispatch(ReflectionDispatch.java:24)
	at org.gradle.messaging.dispatch.ContextClassLoaderDispatch.dispatch(ContextClassLoaderDispatch.java:32)
	at org.gradle.messaging.dispatch.ProxyDispatchAdapter$DispatchingInvocationHandler.invoke(ProxyDispatchAdapter.java:93)
	at com.sun.proxy.$Proxy2.processTestClass(Unknown Source)
	at org.gradle.api.internal.tasks.testing.worker.TestWorker.processTestClass(TestWorker.java:106)
	at sun.reflect.GeneratedMethodAccessor108.invoke(Unknown Source)
	at sun.reflect.DelegatingMethodAccessorImpl.invoke(DelegatingMethodAccessorImpl.java:43)
	at java.lang.reflect.Method.invoke(Method.java:606)
	at org.gradle.messaging.dispatch.ReflectionDispatch.dispatch(ReflectionDispatch.java:35)
	at org.gradle.messaging.dispatch.ReflectionDispatch.dispatch(ReflectionDispatch.java:24)
	at org.gradle.messaging.remote.internal.hub.MessageHub$Handler.run(MessageHub.java:360)
	at org.gradle.internal.concurrent.DefaultExecutorFactory$StoppableExecutorImpl$1.run(DefaultExecutorFactory.java:64)
	at java.util.concurrent.ThreadPoolExecutor.runWorker(ThreadPoolExecutor.java:1145)
	at java.util.concurrent.ThreadPoolExecutor$Worker.run(ThreadPoolExecutor.java:615)
	at java.lang.Thread.run(Thread.java:745)
]]></system-err>
</testsuite>
