<?xml version="1.0" encoding="UTF-8"?>
<testsuite name="com.app.server.service.organization.contactmanagement.EmailCategoryTestCase" tests="5" skipped="0" failures="0" errors="0" timestamp="2016-09-19T09:45:53" hostname="b68a979f9de0" time="0.41">
  <properties/>
  <testcase name="test1Save" classname="com.app.server.service.organization.contactmanagement.EmailCategoryTestCase" time="0.144"/>
  <testcase name="test2Update" classname="com.app.server.service.organization.contactmanagement.EmailCategoryTestCase" time="0.107"/>
  <testcase name="test3FindById" classname="com.app.server.service.organization.contactmanagement.EmailCategoryTestCase" time="0.031"/>
  <testcase name="test5NegativeTesting" classname="com.app.server.service.organization.contactmanagement.EmailCategoryTestCase" time="0.016"/>
  <testcase name="test6Delete" classname="com.app.server.service.organization.contactmanagement.EmailCategoryTestCase" time="0.11"/>
  <system-out><![CDATA[Mon Sep 19 09:45:53 UTC 2016|Log Manager Factory|Initialization Process started.....
Mon Sep 19 09:45:53 UTC 2016|Log Manager|Initialized with Path = [/home/applifire/workspace/testproject/src/main/webapp/WEB-INF/conf]
Mon Sep 19 09:45:53 UTC 2016|Alarm Manager|Initialized with Path = [/home/applifire/workspace/testproject/src/main/webapp/WEB-INF/conf]
Mon Sep 19 09:45:53 UTC 2016|Alarm Manager|Loading Alarms ......
Mon Sep 19 09:45:53 UTC 2016|Alarm XML Parser|FWA|XML Parsing Complete........ 
Mon Sep 19 09:45:53 UTC 2016|Alarm File Manager|FWA|Alarm File Status.. [ApplicationFrameworkAlarms.xml]|Version=15|Status=Done 
Mon Sep 19 09:45:53 UTC 2016|Alarm File Manager|FWA|Alarm Stats = ( BC/AL=5/786 SYS=5/11 [786/0]  TPL=0/0 [0/0]  APP= A.Map=[875]  E.Map EC/RC=[391/79] )
Mon Sep 19 09:45:53 UTC 2016|Alarm XML Parser|APP|XML Parsing Complete........ 
Mon Sep 19 09:45:53 UTC 2016|Alarm File Manager|APP|Alarm File Status.. [ApplicationAlarms.xml]|Version=1|Status=Done 
Mon Sep 19 09:45:53 UTC 2016|Alarm File Manager|APP|Alarm Stats = ( BC/AL=5/786 SYS=5/11 [786/0]  TPL=0/0 [0/0]  APP=0/0 [0/0]  A.Map=[875]  E.Map EC/RC=[391/79] )
Mon Sep 19 09:45:53 UTC 2016|ApplicationAlarmContext| <><><><><> Create App Alarms ....  <><><><><> 
Mon Sep 19 09:45:53 UTC 2016|ApplicationAlarmContext|Alarms are generated ONLY in Development Mode.. 
Mon Sep 19 09:45:53 UTC 2016|Alarm Manager|APP|Alarm Stats = ( BC/AL=5/786 SYS=5/11 [786/0]  TPL=0/0 [0/0]  APP=0/0 [0/0]  A.Map=[875]  E.Map EC/RC=[391/79] )
Mon Sep 19 09:45:53 UTC 2016|Alarm Manager|Initialized Exception Lookup...
Mon Sep 19 09:45:53 UTC 2016|Log Manager|Initialize Log Config File ......
Mon Sep 19 09:45:53 UTC 2016|Pluggable Connectors|Adding Connectors : StandardOutputConnector isEnabled=true isDefault=false isFallBack=true
Mon Sep 19 09:45:53 UTC 2016|Pluggable Connectors|Adding Connectors : StandardFileConnector isEnabled=true isDefault=false isFallBack=false
Mon Sep 19 09:45:53 UTC 2016|Pluggable Connectors|Adding Connectors : Sprinkler isEnabled=true isDefault=true isFallBack=false
Mon Sep 19 09:45:53 UTC 2016|Pluggable Connectors|Default Connector Name : com.spartan.logger.core.LogMessenger
Mon Sep 19 09:45:53 UTC 2016|Log Config Parser|Connector Least Log Level =[4]  FallBack Log Level =[3]
Mon Sep 19 09:45:53 UTC 2016|Log Manager|Loading Default Connector for Logging ......
Mon Sep 19 09:45:53 UTC 2016|Log Manager|Loading class .. com.spartan.logger.core.LogMessenger
Mon Sep 19 09:45:53 UTC 2016|Plugggable Connector|Connector class com.spartan.logger.core.LogMessenger Initialized... @ Log Level = 3
Mon Sep 19 09:45:53 UTC 2016|Log Manager|Starting the Default Connector [com.spartan.logger.core.LogMessenger@37a8d3fa] ....
Mon Sep 19 09:45:53 UTC 2016|Scheduler|Starting the Scheduler ......
Mon Sep 19 09:45:53 UTC 2016|Scheduler|Adding [LMID=[9d233f14-95d4-4cd7-a24f-17ebd1a46f95]] Delay=5 Time Unit=MINUTES
Mon Sep 19 09:45:53 UTC 2016|Scheduler|Adding [App Alarm Manager File=[ApplicationAlarms.xml]] Delay=30 Time Unit=MINUTES
Mon Sep 19 09:45:53 UTC 2016|Scheduler|Adding [FW Alarm Manager File=[ApplicationFrameworkAlarms.xml]] Delay=3 Time Unit=MINUTES
Mon Sep 19 09:45:53 UTC 2016|Scheduler|Startup Completed..
Mon Sep 19 09:45:53 UTC 2016|Log Manager|Initialization Process Complete ......
Mon Sep 19 09:45:53 UTC 2016|Log Manager Factory|Log Manager READY! ID = 9d233f14-95d4-4cd7-a24f-17ebd1a46f95
[EL Finer]: connection: 2016-09-19 09:45:53.279--ServerSession(1800530428)--Thread(Thread[Test worker,5,main])--client acquired: 1561124226
[EL Finer]: transaction: 2016-09-19 09:45:53.279--ClientSession(1561124226)--Thread(Thread[Test worker,5,main])--acquire unit of work: 2007150983
[EL Finest]: connection: 2016-09-19 09:45:53.279--ServerSession(1800530428)--Connection(1513444205)--Thread(Thread[Test worker,5,main])--Connection acquired from connection pool [default].
[EL Finer]: transaction: 2016-09-19 09:45:53.279--ClientSession(1561124226)--Connection(1513444205)--Thread(Thread[Test worker,5,main])--begin transaction
[EL Finest]: connection: 2016-09-19 09:45:53.279--ClientSession(1561124226)--Thread(Thread[Test worker,5,main])--reconnecting to external connection pool
[EL Finest]: transaction: 2016-09-19 09:45:53.284--UnitOfWork(2007150983)--Thread(Thread[Test worker,5,main])--persist() operation called on: 26AEbZ4qdAj55MnsR0GfmHYWgVyzalmGr4vp8GxAmdRvgzfx2d.
[EL Finest]: sequencing: 2016-09-19 09:45:53.284--UnitOfWork(2007150983)--Thread(Thread[Test worker,5,main])--assign sequence to the object (261108CB-BA0B-42BF-BCAA-16BF8D046E0A -> 26AEbZ4qdAj55MnsR0GfmHYWgVyzalmGr4vp8GxAmdRvgzfx2d)
Mon Sep 19 09:45:53 UTC 2016|Unknown Alarm = ORGCM322100200 Alarm Split = ORG-CM-3-2-2-100-200
[EL Finer]: transaction: 2016-09-19 09:45:53.284--UnitOfWork(2007150983)--Thread(Thread[Test worker,5,main])--begin unit of work commit
[EL Finest]: query: 2016-09-19 09:45:53.284--UnitOfWork(2007150983)--Thread(Thread[Test worker,5,main])--Execute query InsertObjectQuery(26AEbZ4qdAj55MnsR0GfmHYWgVyzalmGr4vp8GxAmdRvgzfx2d)
[EL Fine]: sql: 2016-09-19 09:45:53.285--ClientSession(1561124226)--Connection(1753020083)--Thread(Thread[Test worker,5,main])--INSERT INTO ast_EmailCategory_M (emailCatId, emailCatName, versionId, createdBy, createdDate, updatedBy, updatedDate, activeStatus, txnAccessCode) VALUES (?, ?, ?, ?, ?, ?, ?, ?, ?)
	bind => [261108CB-BA0B-42BF-BCAA-16BF8D046E0A, 26AEbZ4qdAj55MnsR0GfmHYWgVyzalmGr4vp8GxAmdRvgzfx2d, 1, AAAAA, 2016-09-19 09:45:53.229, AAAAA, 2016-09-19 09:45:53.229, 1, 51000]
[EL Finer]: transaction: 2016-09-19 09:45:53.287--ClientSession(1561124226)--Connection(1753020083)--Thread(Thread[Test worker,5,main])--commit transaction
[EL Finest]: connection: 2016-09-19 09:45:53.345--ServerSession(1800530428)--Connection(1513444205)--Thread(Thread[Test worker,5,main])--Connection released to connection pool [default].
[EL Finer]: transaction: 2016-09-19 09:45:53.345--UnitOfWork(2007150983)--Thread(Thread[Test worker,5,main])--end unit of work commit
[EL Finer]: transaction: 2016-09-19 09:45:53.345--UnitOfWork(2007150983)--Thread(Thread[Test worker,5,main])--resume unit of work
[EL Finer]: transaction: 2016-09-19 09:45:53.346--UnitOfWork(2007150983)--Thread(Thread[Test worker,5,main])--release unit of work
[EL Finer]: connection: 2016-09-19 09:45:53.346--ClientSession(1561124226)--Thread(Thread[Test worker,5,main])--client released
[EL Finer]: connection: 2016-09-19 09:45:53.374--ServerSession(1800530428)--Thread(Thread[Test worker,5,main])--client acquired: 481749048
[EL Finer]: transaction: 2016-09-19 09:45:53.375--ClientSession(481749048)--Thread(Thread[Test worker,5,main])--acquire unit of work: 742900546
[EL Finest]: connection: 2016-09-19 09:45:53.375--ServerSession(1800530428)--Connection(459552964)--Thread(Thread[Test worker,5,main])--Connection acquired from connection pool [default].
[EL Finer]: transaction: 2016-09-19 09:45:53.375--ClientSession(481749048)--Connection(459552964)--Thread(Thread[Test worker,5,main])--begin transaction
[EL Finest]: connection: 2016-09-19 09:45:53.375--ClientSession(481749048)--Thread(Thread[Test worker,5,main])--reconnecting to external connection pool
[EL Finer]: transaction: 2016-09-19 09:45:53.377--UnitOfWork(742900546)--Thread(Thread[Test worker,5,main])--begin unit of work flush
[EL Finer]: transaction: 2016-09-19 09:45:53.377--UnitOfWork(742900546)--Thread(Thread[Test worker,5,main])--end unit of work flush
[EL Finest]: query: 2016-09-19 09:45:53.377--UnitOfWork(742900546)--Thread(Thread[Test worker,5,main])--Execute query ReadAllQuery(name="EmailCategory.findById" referenceClass=EmailCategory sql="SELECT emailCatId, emailCatName, versionId, createdBy, createdDate, updatedBy, updatedDate, activeStatus, txnAccessCode FROM ast_EmailCategory_M WHERE ((activeStatus = ?) AND (emailCatId = ?))")
[EL Fine]: sql: 2016-09-19 09:45:53.377--ClientSession(481749048)--Connection(717163609)--Thread(Thread[Test worker,5,main])--SELECT emailCatId, emailCatName, versionId, createdBy, createdDate, updatedBy, updatedDate, activeStatus, txnAccessCode FROM ast_EmailCategory_M WHERE ((activeStatus = ?) AND (emailCatId = ?))
	bind => [1, 261108CB-BA0B-42BF-BCAA-16BF8D046E0A]
Mon Sep 19 09:45:53 UTC 2016|Unknown Alarm = ORGCM324100200 Alarm Split = ORG-CM-3-2-4-100-200
[EL Finer]: transaction: 2016-09-19 09:45:53.38--UnitOfWork(742900546)--Thread(Thread[Test worker,5,main])--begin unit of work commit
[EL Finer]: transaction: 2016-09-19 09:45:53.38--ClientSession(481749048)--Connection(717163609)--Thread(Thread[Test worker,5,main])--commit transaction
[EL Finest]: connection: 2016-09-19 09:45:53.381--ServerSession(1800530428)--Connection(459552964)--Thread(Thread[Test worker,5,main])--Connection released to connection pool [default].
[EL Finer]: transaction: 2016-09-19 09:45:53.381--UnitOfWork(742900546)--Thread(Thread[Test worker,5,main])--end unit of work commit
[EL Finer]: transaction: 2016-09-19 09:45:53.381--UnitOfWork(742900546)--Thread(Thread[Test worker,5,main])--resume unit of work
[EL Finer]: transaction: 2016-09-19 09:45:53.381--UnitOfWork(742900546)--Thread(Thread[Test worker,5,main])--release unit of work
[EL Finer]: connection: 2016-09-19 09:45:53.381--ClientSession(481749048)--Thread(Thread[Test worker,5,main])--client released
[EL Finer]: connection: 2016-09-19 09:45:53.382--ServerSession(1800530428)--Thread(Thread[Test worker,5,main])--client acquired: 1201700471
[EL Finer]: transaction: 2016-09-19 09:45:53.382--ClientSession(1201700471)--Thread(Thread[Test worker,5,main])--acquire unit of work: 2043599709
[EL Finest]: connection: 2016-09-19 09:45:53.382--ServerSession(1800530428)--Connection(2074342692)--Thread(Thread[Test worker,5,main])--Connection acquired from connection pool [default].
[EL Finer]: transaction: 2016-09-19 09:45:53.382--ClientSession(1201700471)--Connection(2074342692)--Thread(Thread[Test worker,5,main])--begin transaction
[EL Finest]: connection: 2016-09-19 09:45:53.382--ClientSession(1201700471)--Thread(Thread[Test worker,5,main])--reconnecting to external connection pool
[EL Finest]: transaction: 2016-09-19 09:45:53.385--UnitOfWork(2043599709)--Thread(Thread[Test worker,5,main])--Merge clone with references l5Ir6GIC6UowSoLK1fV64lU2bGt7KYaOw14dIAtncTrhqMUgUI
[EL Finest]: query: 2016-09-19 09:45:53.385--UnitOfWork(2043599709)--Thread(Thread[Test worker,5,main])--Execute query ReadObjectQuery(referenceClass=EmailCategory )
[EL Fine]: sql: 2016-09-19 09:45:53.386--ClientSession(1201700471)--Connection(2059806709)--Thread(Thread[Test worker,5,main])--SELECT emailCatId, emailCatName, versionId, createdBy, createdDate, updatedBy, updatedDate, activeStatus, txnAccessCode FROM ast_EmailCategory_M WHERE (emailCatId = ?)
	bind => [261108CB-BA0B-42BF-BCAA-16BF8D046E0A]
Mon Sep 19 09:45:53 UTC 2016|Unknown Alarm = ORGCM321100200 Alarm Split = ORG-CM-3-2-1-100-200
[EL Finer]: transaction: 2016-09-19 09:45:53.388--UnitOfWork(2043599709)--Thread(Thread[Test worker,5,main])--begin unit of work commit
[EL Finest]: query: 2016-09-19 09:45:53.388--UnitOfWork(2043599709)--Thread(Thread[Test worker,5,main])--Execute query UpdateObjectQuery(l5Ir6GIC6UowSoLK1fV64lU2bGt7KYaOw14dIAtncTrhqMUgUI)
[EL Fine]: sql: 2016-09-19 09:45:53.388--ClientSession(1201700471)--Connection(2059806709)--Thread(Thread[Test worker,5,main])--UPDATE ast_EmailCategory_M SET emailCatName = ?, versionId = ? WHERE ((emailCatId = ?) AND (versionId = ?))
	bind => [l5Ir6GIC6UowSoLK1fV64lU2bGt7KYaOw14dIAtncTrhqMUgUI, 2, 261108CB-BA0B-42BF-BCAA-16BF8D046E0A, 1]
[EL Finer]: transaction: 2016-09-19 09:45:53.39--ClientSession(1201700471)--Connection(2059806709)--Thread(Thread[Test worker,5,main])--commit transaction
[EL Finest]: connection: 2016-09-19 09:45:53.453--ServerSession(1800530428)--Connection(2074342692)--Thread(Thread[Test worker,5,main])--Connection released to connection pool [default].
[EL Finer]: transaction: 2016-09-19 09:45:53.453--UnitOfWork(2043599709)--Thread(Thread[Test worker,5,main])--end unit of work commit
[EL Finer]: transaction: 2016-09-19 09:45:53.453--UnitOfWork(2043599709)--Thread(Thread[Test worker,5,main])--resume unit of work
[EL Finer]: transaction: 2016-09-19 09:45:53.453--UnitOfWork(2043599709)--Thread(Thread[Test worker,5,main])--release unit of work
[EL Finer]: connection: 2016-09-19 09:45:53.453--ClientSession(1201700471)--Thread(Thread[Test worker,5,main])--client released
[EL Finer]: connection: 2016-09-19 09:45:53.479--ServerSession(1800530428)--Thread(Thread[Test worker,5,main])--client acquired: 218169910
[EL Finer]: transaction: 2016-09-19 09:45:53.479--ClientSession(218169910)--Thread(Thread[Test worker,5,main])--acquire unit of work: 1027091941
[EL Finest]: connection: 2016-09-19 09:45:53.479--ServerSession(1800530428)--Connection(860697801)--Thread(Thread[Test worker,5,main])--Connection acquired from connection pool [default].
[EL Finer]: transaction: 2016-09-19 09:45:53.479--ClientSession(218169910)--Connection(860697801)--Thread(Thread[Test worker,5,main])--begin transaction
[EL Finest]: connection: 2016-09-19 09:45:53.479--ClientSession(218169910)--Thread(Thread[Test worker,5,main])--reconnecting to external connection pool
[EL Finer]: transaction: 2016-09-19 09:45:53.481--UnitOfWork(1027091941)--Thread(Thread[Test worker,5,main])--begin unit of work flush
[EL Finer]: transaction: 2016-09-19 09:45:53.481--UnitOfWork(1027091941)--Thread(Thread[Test worker,5,main])--end unit of work flush
[EL Finest]: query: 2016-09-19 09:45:53.481--UnitOfWork(1027091941)--Thread(Thread[Test worker,5,main])--Execute query ReadAllQuery(name="EmailCategory.findById" referenceClass=EmailCategory sql="SELECT emailCatId, emailCatName, versionId, createdBy, createdDate, updatedBy, updatedDate, activeStatus, txnAccessCode FROM ast_EmailCategory_M WHERE ((activeStatus = ?) AND (emailCatId = ?))")
[EL Fine]: sql: 2016-09-19 09:45:53.481--ClientSession(218169910)--Connection(6930054)--Thread(Thread[Test worker,5,main])--SELECT emailCatId, emailCatName, versionId, createdBy, createdDate, updatedBy, updatedDate, activeStatus, txnAccessCode FROM ast_EmailCategory_M WHERE ((activeStatus = ?) AND (emailCatId = ?))
	bind => [1, 261108CB-BA0B-42BF-BCAA-16BF8D046E0A]
Mon Sep 19 09:45:53 UTC 2016|Unknown Alarm = ORGCM324100200 Alarm Split = ORG-CM-3-2-4-100-200
[EL Finer]: transaction: 2016-09-19 09:45:53.483--UnitOfWork(1027091941)--Thread(Thread[Test worker,5,main])--begin unit of work commit
[EL Finer]: transaction: 2016-09-19 09:45:53.484--ClientSession(218169910)--Connection(6930054)--Thread(Thread[Test worker,5,main])--commit transaction
[EL Finest]: connection: 2016-09-19 09:45:53.484--ServerSession(1800530428)--Connection(860697801)--Thread(Thread[Test worker,5,main])--Connection released to connection pool [default].
[EL Finer]: transaction: 2016-09-19 09:45:53.485--UnitOfWork(1027091941)--Thread(Thread[Test worker,5,main])--end unit of work commit
[EL Finer]: transaction: 2016-09-19 09:45:53.485--UnitOfWork(1027091941)--Thread(Thread[Test worker,5,main])--resume unit of work
[EL Finer]: transaction: 2016-09-19 09:45:53.485--UnitOfWork(1027091941)--Thread(Thread[Test worker,5,main])--release unit of work
[EL Finer]: connection: 2016-09-19 09:45:53.485--ClientSession(218169910)--Thread(Thread[Test worker,5,main])--client released
[EL Finer]: connection: 2016-09-19 09:45:53.526--ServerSession(1800530428)--Thread(Thread[Test worker,5,main])--client acquired: 1415307659
[EL Finer]: transaction: 2016-09-19 09:45:53.526--ClientSession(1415307659)--Thread(Thread[Test worker,5,main])--acquire unit of work: 1546950641
[EL Finest]: connection: 2016-09-19 09:45:53.526--ServerSession(1800530428)--Connection(14909058)--Thread(Thread[Test worker,5,main])--Connection acquired from connection pool [default].
[EL Finer]: transaction: 2016-09-19 09:45:53.526--ClientSession(1415307659)--Connection(14909058)--Thread(Thread[Test worker,5,main])--begin transaction
[EL Finest]: connection: 2016-09-19 09:45:53.526--ClientSession(1415307659)--Thread(Thread[Test worker,5,main])--reconnecting to external connection pool
[EL Finest]: query: 2016-09-19 09:45:53.528--UnitOfWork(1546950641)--Thread(Thread[Test worker,5,main])--Execute query ReadObjectQuery(name="readEmailCategory" referenceClass=EmailCategory sql="SELECT emailCatId, emailCatName, versionId, createdBy, createdDate, updatedBy, updatedDate, activeStatus, txnAccessCode FROM ast_EmailCategory_M WHERE (emailCatId = ?)")
[EL Fine]: sql: 2016-09-19 09:45:53.528--ClientSession(1415307659)--Connection(1100839154)--Thread(Thread[Test worker,5,main])--SELECT emailCatId, emailCatName, versionId, createdBy, createdDate, updatedBy, updatedDate, activeStatus, txnAccessCode FROM ast_EmailCategory_M WHERE (emailCatId = ?)
	bind => [261108CB-BA0B-42BF-BCAA-16BF8D046E0A]
[EL Finest]: transaction: 2016-09-19 09:45:53.529--UnitOfWork(1546950641)--Thread(Thread[Test worker,5,main])--remove() operation called on: l5Ir6GIC6UowSoLK1fV64lU2bGt7KYaOw14dIAtncTrhqMUgUI
Mon Sep 19 09:45:53 UTC 2016|Unknown Alarm = ORGCM328100200 Alarm Split = ORG-CM-3-2-8-100-200
[EL Finer]: transaction: 2016-09-19 09:45:53.53--UnitOfWork(1546950641)--Thread(Thread[Test worker,5,main])--begin unit of work commit
[EL Finest]: query: 2016-09-19 09:45:53.53--UnitOfWork(1546950641)--Thread(Thread[Test worker,5,main])--Execute query DoesExistQuery(referenceClass=EmailCategory )
[EL Finest]: query: 2016-09-19 09:45:53.53--UnitOfWork(1546950641)--Thread(Thread[Test worker,5,main])--Execute query DeleteObjectQuery(l5Ir6GIC6UowSoLK1fV64lU2bGt7KYaOw14dIAtncTrhqMUgUI)
[EL Fine]: sql: 2016-09-19 09:45:53.53--ClientSession(1415307659)--Connection(1100839154)--Thread(Thread[Test worker,5,main])--DELETE FROM ast_EmailCategory_M WHERE ((emailCatId = ?) AND (versionId = ?))
	bind => [261108CB-BA0B-42BF-BCAA-16BF8D046E0A, 2]
[EL Finer]: transaction: 2016-09-19 09:45:53.532--ClientSession(1415307659)--Connection(1100839154)--Thread(Thread[Test worker,5,main])--commit transaction
[EL Finest]: connection: 2016-09-19 09:45:53.61--ServerSession(1800530428)--Connection(14909058)--Thread(Thread[Test worker,5,main])--Connection released to connection pool [default].
[EL Finer]: transaction: 2016-09-19 09:45:53.611--UnitOfWork(1546950641)--Thread(Thread[Test worker,5,main])--end unit of work commit
[EL Finer]: transaction: 2016-09-19 09:45:53.611--UnitOfWork(1546950641)--Thread(Thread[Test worker,5,main])--resume unit of work
[EL Finer]: transaction: 2016-09-19 09:45:53.611--UnitOfWork(1546950641)--Thread(Thread[Test worker,5,main])--release unit of work
[EL Finer]: connection: 2016-09-19 09:45:53.611--ClientSession(1415307659)--Thread(Thread[Test worker,5,main])--client released
]]></system-out>
  <system-err><![CDATA[EmailCategory.emailCatName may not be null
java.lang.SecurityException: EmailCategory.emailCatName may not be null
	at com.athena.server.pluggable.utils.helper.EntityValidatorHelper.validateEntity(EntityValidatorHelper.java:37)
	at com.app.shared.organization.contactmanagement.EmailCategory.isValid(EmailCategory.java:147)
	at com.app.server.service.organization.contactmanagement.EmailCategoryTestCase.validateEmailCategory(EmailCategoryTestCase.java:204)
	at com.app.server.service.organization.contactmanagement.EmailCategoryTestCase.test5NegativeTesting(EmailCategoryTestCase.java:235)
	at sun.reflect.NativeMethodAccessorImpl.invoke0(Native Method)
	at sun.reflect.NativeMethodAccessorImpl.invoke(NativeMethodAccessorImpl.java:57)
	at sun.reflect.DelegatingMethodAccessorImpl.invoke(DelegatingMethodAccessorImpl.java:43)
	at java.lang.reflect.Method.invoke(Method.java:606)
	at org.junit.runners.model.FrameworkMethod$1.runReflectiveCall(FrameworkMethod.java:47)
	at org.junit.internal.runners.model.ReflectiveCallable.run(ReflectiveCallable.java:12)
	at org.junit.runners.model.FrameworkMethod.invokeExplosively(FrameworkMethod.java:44)
	at org.junit.internal.runners.statements.InvokeMethod.evaluate(InvokeMethod.java:17)
	at org.junit.internal.runners.statements.RunBefores.evaluate(RunBefores.java:26)
	at org.springframework.test.context.junit4.statements.RunBeforeTestMethodCallbacks.evaluate(RunBeforeTestMethodCallbacks.java:74)
	at org.junit.internal.runners.statements.RunAfters.evaluate(RunAfters.java:27)
	at org.springframework.test.context.junit4.statements.RunAfterTestMethodCallbacks.evaluate(RunAfterTestMethodCallbacks.java:83)
	at org.springframework.test.context.junit4.statements.SpringRepeat.evaluate(SpringRepeat.java:72)
	at org.springframework.test.context.junit4.SpringJUnit4ClassRunner.runChild(SpringJUnit4ClassRunner.java:233)
	at org.springframework.test.context.junit4.SpringJUnit4ClassRunner.runChild(SpringJUnit4ClassRunner.java:87)
	at org.junit.runners.ParentRunner$3.run(ParentRunner.java:238)
	at org.junit.runners.ParentRunner$1.schedule(ParentRunner.java:63)
	at org.junit.runners.ParentRunner.runChildren(ParentRunner.java:236)
	at org.junit.runners.ParentRunner.access$000(ParentRunner.java:53)
	at org.junit.runners.ParentRunner$2.evaluate(ParentRunner.java:229)
	at org.junit.internal.runners.statements.RunBefores.evaluate(RunBefores.java:26)
	at org.springframework.test.context.junit4.statements.RunBeforeTestClassCallbacks.evaluate(RunBeforeTestClassCallbacks.java:61)
	at org.springframework.test.context.junit4.statements.RunAfterTestClassCallbacks.evaluate(RunAfterTestClassCallbacks.java:71)
	at org.junit.runners.ParentRunner.run(ParentRunner.java:309)
	at org.springframework.test.context.junit4.SpringJUnit4ClassRunner.run(SpringJUnit4ClassRunner.java:176)
	at org.gradle.api.internal.tasks.testing.junit.JUnitTestClassExecuter.runTestClass(JUnitTestClassExecuter.java:86)
	at org.gradle.api.internal.tasks.testing.junit.JUnitTestClassExecuter.execute(JUnitTestClassExecuter.java:49)
	at org.gradle.api.internal.tasks.testing.junit.JUnitTestClassProcessor.processTestClass(JUnitTestClassProcessor.java:64)
	at org.gradle.api.internal.tasks.testing.SuiteTestClassProcessor.processTestClass(SuiteTestClassProcessor.java:50)
	at sun.reflect.NativeMethodAccessorImpl.invoke0(Native Method)
	at sun.reflect.NativeMethodAccessorImpl.invoke(NativeMethodAccessorImpl.java:57)
	at sun.reflect.DelegatingMethodAccessorImpl.invoke(DelegatingMethodAccessorImpl.java:43)
	at java.lang.reflect.Method.invoke(Method.java:606)
	at org.gradle.messaging.dispatch.ReflectionDispatch.dispatch(ReflectionDispatch.java:35)
	at org.gradle.messaging.dispatch.ReflectionDispatch.dispatch(ReflectionDispatch.java:24)
	at org.gradle.messaging.dispatch.ContextClassLoaderDispatch.dispatch(ContextClassLoaderDispatch.java:32)
	at org.gradle.messaging.dispatch.ProxyDispatchAdapter$DispatchingInvocationHandler.invoke(ProxyDispatchAdapter.java:93)
	at com.sun.proxy.$Proxy2.processTestClass(Unknown Source)
	at org.gradle.api.internal.tasks.testing.worker.TestWorker.processTestClass(TestWorker.java:106)
	at sun.reflect.NativeMethodAccessorImpl.invoke0(Native Method)
	at sun.reflect.NativeMethodAccessorImpl.invoke(NativeMethodAccessorImpl.java:57)
	at sun.reflect.DelegatingMethodAccessorImpl.invoke(DelegatingMethodAccessorImpl.java:43)
	at java.lang.reflect.Method.invoke(Method.java:606)
	at org.gradle.messaging.dispatch.ReflectionDispatch.dispatch(ReflectionDispatch.java:35)
	at org.gradle.messaging.dispatch.ReflectionDispatch.dispatch(ReflectionDispatch.java:24)
	at org.gradle.messaging.remote.internal.hub.MessageHub$Handler.run(MessageHub.java:360)
	at org.gradle.internal.concurrent.DefaultExecutorFactory$StoppableExecutorImpl$1.run(DefaultExecutorFactory.java:64)
	at java.util.concurrent.ThreadPoolExecutor.runWorker(ThreadPoolExecutor.java:1145)
	at java.util.concurrent.ThreadPoolExecutor$Worker.run(ThreadPoolExecutor.java:615)
	at java.lang.Thread.run(Thread.java:745)
EmailCategory.emailCatName size must be between 1 and 256
java.lang.SecurityException: EmailCategory.emailCatName size must be between 1 and 256
	at com.athena.server.pluggable.utils.helper.EntityValidatorHelper.validateEntity(EntityValidatorHelper.java:37)
	at com.app.shared.organization.contactmanagement.EmailCategory.isValid(EmailCategory.java:147)
	at com.app.server.service.organization.contactmanagement.EmailCategoryTestCase.validateEmailCategory(EmailCategoryTestCase.java:202)
	at com.app.server.service.organization.contactmanagement.EmailCategoryTestCase.test5NegativeTesting(EmailCategoryTestCase.java:240)
	at sun.reflect.NativeMethodAccessorImpl.invoke0(Native Method)
	at sun.reflect.NativeMethodAccessorImpl.invoke(NativeMethodAccessorImpl.java:57)
	at sun.reflect.DelegatingMethodAccessorImpl.invoke(DelegatingMethodAccessorImpl.java:43)
	at java.lang.reflect.Method.invoke(Method.java:606)
	at org.junit.runners.model.FrameworkMethod$1.runReflectiveCall(FrameworkMethod.java:47)
	at org.junit.internal.runners.model.ReflectiveCallable.run(ReflectiveCallable.java:12)
	at org.junit.runners.model.FrameworkMethod.invokeExplosively(FrameworkMethod.java:44)
	at org.junit.internal.runners.statements.InvokeMethod.evaluate(InvokeMethod.java:17)
	at org.junit.internal.runners.statements.RunBefores.evaluate(RunBefores.java:26)
	at org.springframework.test.context.junit4.statements.RunBeforeTestMethodCallbacks.evaluate(RunBeforeTestMethodCallbacks.java:74)
	at org.junit.internal.runners.statements.RunAfters.evaluate(RunAfters.java:27)
	at org.springframework.test.context.junit4.statements.RunAfterTestMethodCallbacks.evaluate(RunAfterTestMethodCallbacks.java:83)
	at org.springframework.test.context.junit4.statements.SpringRepeat.evaluate(SpringRepeat.java:72)
	at org.springframework.test.context.junit4.SpringJUnit4ClassRunner.runChild(SpringJUnit4ClassRunner.java:233)
	at org.springframework.test.context.junit4.SpringJUnit4ClassRunner.runChild(SpringJUnit4ClassRunner.java:87)
	at org.junit.runners.ParentRunner$3.run(ParentRunner.java:238)
	at org.junit.runners.ParentRunner$1.schedule(ParentRunner.java:63)
	at org.junit.runners.ParentRunner.runChildren(ParentRunner.java:236)
	at org.junit.runners.ParentRunner.access$000(ParentRunner.java:53)
	at org.junit.runners.ParentRunner$2.evaluate(ParentRunner.java:229)
	at org.junit.internal.runners.statements.RunBefores.evaluate(RunBefores.java:26)
	at org.springframework.test.context.junit4.statements.RunBeforeTestClassCallbacks.evaluate(RunBeforeTestClassCallbacks.java:61)
	at org.springframework.test.context.junit4.statements.RunAfterTestClassCallbacks.evaluate(RunAfterTestClassCallbacks.java:71)
	at org.junit.runners.ParentRunner.run(ParentRunner.java:309)
	at org.springframework.test.context.junit4.SpringJUnit4ClassRunner.run(SpringJUnit4ClassRunner.java:176)
	at org.gradle.api.internal.tasks.testing.junit.JUnitTestClassExecuter.runTestClass(JUnitTestClassExecuter.java:86)
	at org.gradle.api.internal.tasks.testing.junit.JUnitTestClassExecuter.execute(JUnitTestClassExecuter.java:49)
	at org.gradle.api.internal.tasks.testing.junit.JUnitTestClassProcessor.processTestClass(JUnitTestClassProcessor.java:64)
	at org.gradle.api.internal.tasks.testing.SuiteTestClassProcessor.processTestClass(SuiteTestClassProcessor.java:50)
	at sun.reflect.NativeMethodAccessorImpl.invoke0(Native Method)
	at sun.reflect.NativeMethodAccessorImpl.invoke(NativeMethodAccessorImpl.java:57)
	at sun.reflect.DelegatingMethodAccessorImpl.invoke(DelegatingMethodAccessorImpl.java:43)
	at java.lang.reflect.Method.invoke(Method.java:606)
	at org.gradle.messaging.dispatch.ReflectionDispatch.dispatch(ReflectionDispatch.java:35)
	at org.gradle.messaging.dispatch.ReflectionDispatch.dispatch(ReflectionDispatch.java:24)
	at org.gradle.messaging.dispatch.ContextClassLoaderDispatch.dispatch(ContextClassLoaderDispatch.java:32)
	at org.gradle.messaging.dispatch.ProxyDispatchAdapter$DispatchingInvocationHandler.invoke(ProxyDispatchAdapter.java:93)
	at com.sun.proxy.$Proxy2.processTestClass(Unknown Source)
	at org.gradle.api.internal.tasks.testing.worker.TestWorker.processTestClass(TestWorker.java:106)
	at sun.reflect.NativeMethodAccessorImpl.invoke0(Native Method)
	at sun.reflect.NativeMethodAccessorImpl.invoke(NativeMethodAccessorImpl.java:57)
	at sun.reflect.DelegatingMethodAccessorImpl.invoke(DelegatingMethodAccessorImpl.java:43)
	at java.lang.reflect.Method.invoke(Method.java:606)
	at org.gradle.messaging.dispatch.ReflectionDispatch.dispatch(ReflectionDispatch.java:35)
	at org.gradle.messaging.dispatch.ReflectionDispatch.dispatch(ReflectionDispatch.java:24)
	at org.gradle.messaging.remote.internal.hub.MessageHub$Handler.run(MessageHub.java:360)
	at org.gradle.internal.concurrent.DefaultExecutorFactory$StoppableExecutorImpl$1.run(DefaultExecutorFactory.java:64)
	at java.util.concurrent.ThreadPoolExecutor.runWorker(ThreadPoolExecutor.java:1145)
	at java.util.concurrent.ThreadPoolExecutor$Worker.run(ThreadPoolExecutor.java:615)
	at java.lang.Thread.run(Thread.java:745)
]]></system-err>
</testsuite>
