<?xml version="1.0" encoding="UTF-8"?>
<testsuite name="com.app.server.service.organization.contactmanagement.PhoneCategoryTestCase" tests="5" skipped="0" failures="0" errors="0" timestamp="2016-09-19T09:45:56" hostname="b68a979f9de0" time="0.351">
  <properties/>
  <testcase name="test1Save" classname="com.app.server.service.organization.contactmanagement.PhoneCategoryTestCase" time="0.095"/>
  <testcase name="test2Update" classname="com.app.server.service.organization.contactmanagement.PhoneCategoryTestCase" time="0.09"/>
  <testcase name="test3FindById" classname="com.app.server.service.organization.contactmanagement.PhoneCategoryTestCase" time="0.025"/>
  <testcase name="test5NegativeTesting" classname="com.app.server.service.organization.contactmanagement.PhoneCategoryTestCase" time="0.008"/>
  <testcase name="test6Delete" classname="com.app.server.service.organization.contactmanagement.PhoneCategoryTestCase" time="0.131"/>
  <system-out><![CDATA[Mon Sep 19 09:45:56 UTC 2016|Log Manager Factory|Initialization Process started.....
Mon Sep 19 09:45:56 UTC 2016|Log Manager|Initialized with Path = [/home/applifire/workspace/testproject/src/main/webapp/WEB-INF/conf]
Mon Sep 19 09:45:56 UTC 2016|Alarm Manager|Initialized with Path = [/home/applifire/workspace/testproject/src/main/webapp/WEB-INF/conf]
Mon Sep 19 09:45:56 UTC 2016|Alarm Manager|Loading Alarms ......
Mon Sep 19 09:45:56 UTC 2016|Alarm XML Parser|FWA|XML Parsing Complete........ 
Mon Sep 19 09:45:56 UTC 2016|Alarm File Manager|FWA|Alarm File Status.. [ApplicationFrameworkAlarms.xml]|Version=15|Status=Done 
Mon Sep 19 09:45:56 UTC 2016|Alarm File Manager|FWA|Alarm Stats = ( BC/AL=5/786 SYS=5/11 [786/0]  TPL=0/0 [0/0]  APP= A.Map=[875]  E.Map EC/RC=[391/79] )
Mon Sep 19 09:45:56 UTC 2016|Alarm XML Parser|APP|XML Parsing Complete........ 
Mon Sep 19 09:45:56 UTC 2016|Alarm File Manager|APP|Alarm File Status.. [ApplicationAlarms.xml]|Version=1|Status=Done 
Mon Sep 19 09:45:56 UTC 2016|Alarm File Manager|APP|Alarm Stats = ( BC/AL=5/786 SYS=5/11 [786/0]  TPL=0/0 [0/0]  APP=0/0 [0/0]  A.Map=[875]  E.Map EC/RC=[391/79] )
Mon Sep 19 09:45:56 UTC 2016|ApplicationAlarmContext| <><><><><> Create App Alarms ....  <><><><><> 
Mon Sep 19 09:45:56 UTC 2016|ApplicationAlarmContext|Alarms are generated ONLY in Development Mode.. 
Mon Sep 19 09:45:56 UTC 2016|Alarm Manager|APP|Alarm Stats = ( BC/AL=5/786 SYS=5/11 [786/0]  TPL=0/0 [0/0]  APP=0/0 [0/0]  A.Map=[875]  E.Map EC/RC=[391/79] )
Mon Sep 19 09:45:56 UTC 2016|Alarm Manager|Initialized Exception Lookup...
Mon Sep 19 09:45:56 UTC 2016|Log Manager|Initialize Log Config File ......
Mon Sep 19 09:45:56 UTC 2016|Pluggable Connectors|Adding Connectors : StandardOutputConnector isEnabled=true isDefault=false isFallBack=true
Mon Sep 19 09:45:56 UTC 2016|Pluggable Connectors|Adding Connectors : StandardFileConnector isEnabled=true isDefault=false isFallBack=false
Mon Sep 19 09:45:56 UTC 2016|Pluggable Connectors|Adding Connectors : Sprinkler isEnabled=true isDefault=true isFallBack=false
Mon Sep 19 09:45:56 UTC 2016|Pluggable Connectors|Default Connector Name : com.spartan.logger.core.LogMessenger
Mon Sep 19 09:45:56 UTC 2016|Log Config Parser|Connector Least Log Level =[4]  FallBack Log Level =[3]
Mon Sep 19 09:45:56 UTC 2016|Log Manager|Loading Default Connector for Logging ......
Mon Sep 19 09:45:56 UTC 2016|Log Manager|Loading class .. com.spartan.logger.core.LogMessenger
Mon Sep 19 09:45:56 UTC 2016|Plugggable Connector|Connector class com.spartan.logger.core.LogMessenger Initialized... @ Log Level = 3
Mon Sep 19 09:45:56 UTC 2016|Log Manager|Starting the Default Connector [com.spartan.logger.core.LogMessenger@7f373b57] ....
Mon Sep 19 09:45:56 UTC 2016|Scheduler|Starting the Scheduler ......
Mon Sep 19 09:45:56 UTC 2016|Scheduler|Adding [LMID=[9d233f14-95d4-4cd7-a24f-17ebd1a46f95]] Delay=5 Time Unit=MINUTES
Mon Sep 19 09:45:56 UTC 2016|Scheduler|Adding [App Alarm Manager File=[ApplicationAlarms.xml]] Delay=30 Time Unit=MINUTES
Mon Sep 19 09:45:56 UTC 2016|Scheduler|Adding [FW Alarm Manager File=[ApplicationFrameworkAlarms.xml]] Delay=3 Time Unit=MINUTES
Mon Sep 19 09:45:56 UTC 2016|Scheduler|Startup Completed..
Mon Sep 19 09:45:56 UTC 2016|Log Manager|Initialization Process Complete ......
Mon Sep 19 09:45:56 UTC 2016|Log Manager Factory|Log Manager READY! ID = 9d233f14-95d4-4cd7-a24f-17ebd1a46f95
[EL Finer]: connection: 2016-09-19 09:45:56.739--ServerSession(1800530428)--Thread(Thread[Test worker,5,main])--client acquired: 809440435
[EL Finer]: transaction: 2016-09-19 09:45:56.739--ClientSession(809440435)--Thread(Thread[Test worker,5,main])--acquire unit of work: 2103970947
[EL Finest]: connection: 2016-09-19 09:45:56.739--ServerSession(1800530428)--Connection(973974727)--Thread(Thread[Test worker,5,main])--Connection acquired from connection pool [default].
[EL Finer]: transaction: 2016-09-19 09:45:56.739--ClientSession(809440435)--Connection(973974727)--Thread(Thread[Test worker,5,main])--begin transaction
[EL Finest]: connection: 2016-09-19 09:45:56.739--ClientSession(809440435)--Thread(Thread[Test worker,5,main])--reconnecting to external connection pool
[EL Finest]: transaction: 2016-09-19 09:45:56.74--UnitOfWork(2103970947)--Thread(Thread[Test worker,5,main])--persist() operation called on: lKrhYtItNnLWuMrjh9iwDTP0kGXCGRlvjZxr1icIZsG1G9qI2h.
[EL Finest]: sequencing: 2016-09-19 09:45:56.741--UnitOfWork(2103970947)--Thread(Thread[Test worker,5,main])--assign sequence to the object (945285CF-31DB-4EB8-8589-D634E32D26B5 -> lKrhYtItNnLWuMrjh9iwDTP0kGXCGRlvjZxr1icIZsG1G9qI2h)
Mon Sep 19 09:45:56 UTC 2016|Unknown Alarm = ORGCM322100200 Alarm Split = ORG-CM-3-2-2-100-200
[EL Finer]: transaction: 2016-09-19 09:45:56.743--UnitOfWork(2103970947)--Thread(Thread[Test worker,5,main])--begin unit of work commit
[EL Finest]: query: 2016-09-19 09:45:56.744--UnitOfWork(2103970947)--Thread(Thread[Test worker,5,main])--Execute query InsertObjectQuery(lKrhYtItNnLWuMrjh9iwDTP0kGXCGRlvjZxr1icIZsG1G9qI2h)
[EL Fine]: sql: 2016-09-19 09:45:56.744--ClientSession(809440435)--Connection(503206739)--Thread(Thread[Test worker,5,main])--INSERT INTO ast_PhoneCategory_M (phoneCatId, phoneCatName, versionId, createdBy, createdDate, updatedBy, updatedDate, activeStatus, txnAccessCode) VALUES (?, ?, ?, ?, ?, ?, ?, ?, ?)
	bind => [945285CF-31DB-4EB8-8589-D634E32D26B5, lKrhYtItNnLWuMrjh9iwDTP0kGXCGRlvjZxr1icIZsG1G9qI2h, 1, AAAAA, 2016-09-19 09:45:56.722, AAAAA, 2016-09-19 09:45:56.722, 1, 51000]
[EL Finer]: transaction: 2016-09-19 09:45:56.745--ClientSession(809440435)--Connection(503206739)--Thread(Thread[Test worker,5,main])--commit transaction
[EL Finest]: connection: 2016-09-19 09:45:56.793--ServerSession(1800530428)--Connection(973974727)--Thread(Thread[Test worker,5,main])--Connection released to connection pool [default].
[EL Finer]: transaction: 2016-09-19 09:45:56.794--UnitOfWork(2103970947)--Thread(Thread[Test worker,5,main])--end unit of work commit
[EL Finer]: transaction: 2016-09-19 09:45:56.794--UnitOfWork(2103970947)--Thread(Thread[Test worker,5,main])--resume unit of work
[EL Finer]: transaction: 2016-09-19 09:45:56.794--UnitOfWork(2103970947)--Thread(Thread[Test worker,5,main])--release unit of work
[EL Finer]: connection: 2016-09-19 09:45:56.794--ClientSession(809440435)--Thread(Thread[Test worker,5,main])--client released
[EL Finer]: connection: 2016-09-19 09:45:56.816--ServerSession(1800530428)--Thread(Thread[Test worker,5,main])--client acquired: 45333812
[EL Finer]: transaction: 2016-09-19 09:45:56.816--ClientSession(45333812)--Thread(Thread[Test worker,5,main])--acquire unit of work: 1716167246
[EL Finest]: connection: 2016-09-19 09:45:56.816--ServerSession(1800530428)--Connection(770040665)--Thread(Thread[Test worker,5,main])--Connection acquired from connection pool [default].
[EL Finer]: transaction: 2016-09-19 09:45:56.816--ClientSession(45333812)--Connection(770040665)--Thread(Thread[Test worker,5,main])--begin transaction
[EL Finest]: connection: 2016-09-19 09:45:56.816--ClientSession(45333812)--Thread(Thread[Test worker,5,main])--reconnecting to external connection pool
[EL Finer]: transaction: 2016-09-19 09:45:56.818--UnitOfWork(1716167246)--Thread(Thread[Test worker,5,main])--begin unit of work flush
[EL Finer]: transaction: 2016-09-19 09:45:56.818--UnitOfWork(1716167246)--Thread(Thread[Test worker,5,main])--end unit of work flush
[EL Finest]: query: 2016-09-19 09:45:56.818--UnitOfWork(1716167246)--Thread(Thread[Test worker,5,main])--Execute query ReadAllQuery(name="PhoneCategory.findById" referenceClass=PhoneCategory sql="SELECT phoneCatId, phoneCatName, versionId, createdBy, createdDate, updatedBy, updatedDate, activeStatus, txnAccessCode FROM ast_PhoneCategory_M WHERE ((activeStatus = ?) AND (phoneCatId = ?))")
[EL Fine]: sql: 2016-09-19 09:45:56.818--ClientSession(45333812)--Connection(1200647709)--Thread(Thread[Test worker,5,main])--SELECT phoneCatId, phoneCatName, versionId, createdBy, createdDate, updatedBy, updatedDate, activeStatus, txnAccessCode FROM ast_PhoneCategory_M WHERE ((activeStatus = ?) AND (phoneCatId = ?))
	bind => [1, 945285CF-31DB-4EB8-8589-D634E32D26B5]
Mon Sep 19 09:45:56 UTC 2016|Unknown Alarm = ORGCM324100200 Alarm Split = ORG-CM-3-2-4-100-200
[EL Finer]: transaction: 2016-09-19 09:45:56.819--UnitOfWork(1716167246)--Thread(Thread[Test worker,5,main])--begin unit of work commit
[EL Finer]: transaction: 2016-09-19 09:45:56.82--ClientSession(45333812)--Connection(1200647709)--Thread(Thread[Test worker,5,main])--commit transaction
[EL Finest]: connection: 2016-09-19 09:45:56.82--ServerSession(1800530428)--Connection(770040665)--Thread(Thread[Test worker,5,main])--Connection released to connection pool [default].
[EL Finer]: transaction: 2016-09-19 09:45:56.82--UnitOfWork(1716167246)--Thread(Thread[Test worker,5,main])--end unit of work commit
[EL Finer]: transaction: 2016-09-19 09:45:56.82--UnitOfWork(1716167246)--Thread(Thread[Test worker,5,main])--resume unit of work
[EL Finer]: transaction: 2016-09-19 09:45:56.821--UnitOfWork(1716167246)--Thread(Thread[Test worker,5,main])--release unit of work
[EL Finer]: connection: 2016-09-19 09:45:56.821--ClientSession(45333812)--Thread(Thread[Test worker,5,main])--client released
[EL Finer]: connection: 2016-09-19 09:45:56.821--ServerSession(1800530428)--Thread(Thread[Test worker,5,main])--client acquired: 279022733
[EL Finer]: transaction: 2016-09-19 09:45:56.821--ClientSession(279022733)--Thread(Thread[Test worker,5,main])--acquire unit of work: 1578272130
[EL Finest]: connection: 2016-09-19 09:45:56.822--ServerSession(1800530428)--Connection(301681166)--Thread(Thread[Test worker,5,main])--Connection acquired from connection pool [default].
[EL Finer]: transaction: 2016-09-19 09:45:56.822--ClientSession(279022733)--Connection(301681166)--Thread(Thread[Test worker,5,main])--begin transaction
[EL Finest]: connection: 2016-09-19 09:45:56.822--ClientSession(279022733)--Thread(Thread[Test worker,5,main])--reconnecting to external connection pool
[EL Finest]: transaction: 2016-09-19 09:45:56.825--UnitOfWork(1578272130)--Thread(Thread[Test worker,5,main])--Merge clone with references DGDApUcNrAhP4hTwWb6Nxdj5xJ415ovax1pO1jDauuv02qAYqB
[EL Finest]: query: 2016-09-19 09:45:56.825--UnitOfWork(1578272130)--Thread(Thread[Test worker,5,main])--Execute query ReadObjectQuery(referenceClass=PhoneCategory )
[EL Fine]: sql: 2016-09-19 09:45:56.825--ClientSession(279022733)--Connection(835590253)--Thread(Thread[Test worker,5,main])--SELECT phoneCatId, phoneCatName, versionId, createdBy, createdDate, updatedBy, updatedDate, activeStatus, txnAccessCode FROM ast_PhoneCategory_M WHERE (phoneCatId = ?)
	bind => [945285CF-31DB-4EB8-8589-D634E32D26B5]
Mon Sep 19 09:45:56 UTC 2016|Unknown Alarm = ORGCM321100200 Alarm Split = ORG-CM-3-2-1-100-200
[EL Finer]: transaction: 2016-09-19 09:45:56.828--UnitOfWork(1578272130)--Thread(Thread[Test worker,5,main])--begin unit of work commit
[EL Finest]: query: 2016-09-19 09:45:56.828--UnitOfWork(1578272130)--Thread(Thread[Test worker,5,main])--Execute query UpdateObjectQuery(DGDApUcNrAhP4hTwWb6Nxdj5xJ415ovax1pO1jDauuv02qAYqB)
[EL Fine]: sql: 2016-09-19 09:45:56.829--ClientSession(279022733)--Connection(835590253)--Thread(Thread[Test worker,5,main])--UPDATE ast_PhoneCategory_M SET phoneCatName = ?, versionId = ? WHERE ((phoneCatId = ?) AND (versionId = ?))
	bind => [DGDApUcNrAhP4hTwWb6Nxdj5xJ415ovax1pO1jDauuv02qAYqB, 2, 945285CF-31DB-4EB8-8589-D634E32D26B5, 1]
[EL Finer]: transaction: 2016-09-19 09:45:56.83--ClientSession(279022733)--Connection(835590253)--Thread(Thread[Test worker,5,main])--commit transaction
[EL Finest]: connection: 2016-09-19 09:45:56.883--ServerSession(1800530428)--Connection(301681166)--Thread(Thread[Test worker,5,main])--Connection released to connection pool [default].
[EL Finer]: transaction: 2016-09-19 09:45:56.883--UnitOfWork(1578272130)--Thread(Thread[Test worker,5,main])--end unit of work commit
[EL Finer]: transaction: 2016-09-19 09:45:56.883--UnitOfWork(1578272130)--Thread(Thread[Test worker,5,main])--resume unit of work
[EL Finer]: transaction: 2016-09-19 09:45:56.884--UnitOfWork(1578272130)--Thread(Thread[Test worker,5,main])--release unit of work
[EL Finer]: connection: 2016-09-19 09:45:56.884--ClientSession(279022733)--Thread(Thread[Test worker,5,main])--client released
[EL Finer]: connection: 2016-09-19 09:45:56.904--ServerSession(1800530428)--Thread(Thread[Test worker,5,main])--client acquired: 781284174
[EL Finer]: transaction: 2016-09-19 09:45:56.904--ClientSession(781284174)--Thread(Thread[Test worker,5,main])--acquire unit of work: 1328094660
[EL Finest]: connection: 2016-09-19 09:45:56.904--ServerSession(1800530428)--Connection(341923702)--Thread(Thread[Test worker,5,main])--Connection acquired from connection pool [default].
[EL Finer]: transaction: 2016-09-19 09:45:56.904--ClientSession(781284174)--Connection(341923702)--Thread(Thread[Test worker,5,main])--begin transaction
[EL Finest]: connection: 2016-09-19 09:45:56.904--ClientSession(781284174)--Thread(Thread[Test worker,5,main])--reconnecting to external connection pool
[EL Finer]: transaction: 2016-09-19 09:45:56.906--UnitOfWork(1328094660)--Thread(Thread[Test worker,5,main])--begin unit of work flush
[EL Finer]: transaction: 2016-09-19 09:45:56.906--UnitOfWork(1328094660)--Thread(Thread[Test worker,5,main])--end unit of work flush
[EL Finest]: query: 2016-09-19 09:45:56.906--UnitOfWork(1328094660)--Thread(Thread[Test worker,5,main])--Execute query ReadAllQuery(name="PhoneCategory.findById" referenceClass=PhoneCategory sql="SELECT phoneCatId, phoneCatName, versionId, createdBy, createdDate, updatedBy, updatedDate, activeStatus, txnAccessCode FROM ast_PhoneCategory_M WHERE ((activeStatus = ?) AND (phoneCatId = ?))")
[EL Fine]: sql: 2016-09-19 09:45:56.906--ClientSession(781284174)--Connection(64540819)--Thread(Thread[Test worker,5,main])--SELECT phoneCatId, phoneCatName, versionId, createdBy, createdDate, updatedBy, updatedDate, activeStatus, txnAccessCode FROM ast_PhoneCategory_M WHERE ((activeStatus = ?) AND (phoneCatId = ?))
	bind => [1, 945285CF-31DB-4EB8-8589-D634E32D26B5]
Mon Sep 19 09:45:56 UTC 2016|Unknown Alarm = ORGCM324100200 Alarm Split = ORG-CM-3-2-4-100-200
[EL Finer]: transaction: 2016-09-19 09:45:56.908--UnitOfWork(1328094660)--Thread(Thread[Test worker,5,main])--begin unit of work commit
[EL Finer]: transaction: 2016-09-19 09:45:56.908--ClientSession(781284174)--Connection(64540819)--Thread(Thread[Test worker,5,main])--commit transaction
[EL Finest]: connection: 2016-09-19 09:45:56.909--ServerSession(1800530428)--Connection(341923702)--Thread(Thread[Test worker,5,main])--Connection released to connection pool [default].
[EL Finer]: transaction: 2016-09-19 09:45:56.909--UnitOfWork(1328094660)--Thread(Thread[Test worker,5,main])--end unit of work commit
[EL Finer]: transaction: 2016-09-19 09:45:56.909--UnitOfWork(1328094660)--Thread(Thread[Test worker,5,main])--resume unit of work
[EL Finer]: transaction: 2016-09-19 09:45:56.909--UnitOfWork(1328094660)--Thread(Thread[Test worker,5,main])--release unit of work
[EL Finer]: connection: 2016-09-19 09:45:56.909--ClientSession(781284174)--Thread(Thread[Test worker,5,main])--client released
[EL Finer]: connection: 2016-09-19 09:45:56.936--ServerSession(1800530428)--Thread(Thread[Test worker,5,main])--client acquired: 791859698
[EL Finer]: transaction: 2016-09-19 09:45:56.936--ClientSession(791859698)--Thread(Thread[Test worker,5,main])--acquire unit of work: 829783827
[EL Finest]: connection: 2016-09-19 09:45:56.936--ServerSession(1800530428)--Connection(417976771)--Thread(Thread[Test worker,5,main])--Connection acquired from connection pool [default].
[EL Finer]: transaction: 2016-09-19 09:45:56.936--ClientSession(791859698)--Connection(417976771)--Thread(Thread[Test worker,5,main])--begin transaction
[EL Finest]: connection: 2016-09-19 09:45:56.936--ClientSession(791859698)--Thread(Thread[Test worker,5,main])--reconnecting to external connection pool
[EL Finest]: query: 2016-09-19 09:45:56.937--UnitOfWork(829783827)--Thread(Thread[Test worker,5,main])--Execute query ReadObjectQuery(name="readPhoneCategory" referenceClass=PhoneCategory sql="SELECT phoneCatId, phoneCatName, versionId, createdBy, createdDate, updatedBy, updatedDate, activeStatus, txnAccessCode FROM ast_PhoneCategory_M WHERE (phoneCatId = ?)")
[EL Fine]: sql: 2016-09-19 09:45:56.937--ClientSession(791859698)--Connection(2045612846)--Thread(Thread[Test worker,5,main])--SELECT phoneCatId, phoneCatName, versionId, createdBy, createdDate, updatedBy, updatedDate, activeStatus, txnAccessCode FROM ast_PhoneCategory_M WHERE (phoneCatId = ?)
	bind => [945285CF-31DB-4EB8-8589-D634E32D26B5]
[EL Finest]: transaction: 2016-09-19 09:45:56.939--UnitOfWork(829783827)--Thread(Thread[Test worker,5,main])--remove() operation called on: DGDApUcNrAhP4hTwWb6Nxdj5xJ415ovax1pO1jDauuv02qAYqB
Mon Sep 19 09:45:56 UTC 2016|Unknown Alarm = ORGCM328100200 Alarm Split = ORG-CM-3-2-8-100-200
[EL Finer]: transaction: 2016-09-19 09:45:56.939--UnitOfWork(829783827)--Thread(Thread[Test worker,5,main])--begin unit of work commit
[EL Finest]: query: 2016-09-19 09:45:56.939--UnitOfWork(829783827)--Thread(Thread[Test worker,5,main])--Execute query DoesExistQuery(referenceClass=PhoneCategory )
[EL Finest]: query: 2016-09-19 09:45:56.94--UnitOfWork(829783827)--Thread(Thread[Test worker,5,main])--Execute query DeleteObjectQuery(DGDApUcNrAhP4hTwWb6Nxdj5xJ415ovax1pO1jDauuv02qAYqB)
[EL Fine]: sql: 2016-09-19 09:45:56.94--ClientSession(791859698)--Connection(2045612846)--Thread(Thread[Test worker,5,main])--DELETE FROM ast_PhoneCategory_M WHERE ((phoneCatId = ?) AND (versionId = ?))
	bind => [945285CF-31DB-4EB8-8589-D634E32D26B5, 2]
[EL Finer]: transaction: 2016-09-19 09:45:56.941--ClientSession(791859698)--Connection(2045612846)--Thread(Thread[Test worker,5,main])--commit transaction
[EL Finest]: connection: 2016-09-19 09:45:57.049--ServerSession(1800530428)--Connection(417976771)--Thread(Thread[Test worker,5,main])--Connection released to connection pool [default].
[EL Finer]: transaction: 2016-09-19 09:45:57.05--UnitOfWork(829783827)--Thread(Thread[Test worker,5,main])--end unit of work commit
[EL Finer]: transaction: 2016-09-19 09:45:57.05--UnitOfWork(829783827)--Thread(Thread[Test worker,5,main])--resume unit of work
[EL Finer]: transaction: 2016-09-19 09:45:57.05--UnitOfWork(829783827)--Thread(Thread[Test worker,5,main])--release unit of work
[EL Finer]: connection: 2016-09-19 09:45:57.05--ClientSession(791859698)--Thread(Thread[Test worker,5,main])--client released
]]></system-out>
  <system-err><![CDATA[PhoneCategory.phoneCatName may not be null
java.lang.SecurityException: PhoneCategory.phoneCatName may not be null
	at com.athena.server.pluggable.utils.helper.EntityValidatorHelper.validateEntity(EntityValidatorHelper.java:37)
	at com.app.shared.organization.contactmanagement.PhoneCategory.isValid(PhoneCategory.java:147)
	at com.app.server.service.organization.contactmanagement.PhoneCategoryTestCase.validatePhoneCategory(PhoneCategoryTestCase.java:204)
	at com.app.server.service.organization.contactmanagement.PhoneCategoryTestCase.test5NegativeTesting(PhoneCategoryTestCase.java:235)
	at sun.reflect.NativeMethodAccessorImpl.invoke0(Native Method)
	at sun.reflect.NativeMethodAccessorImpl.invoke(NativeMethodAccessorImpl.java:57)
	at sun.reflect.DelegatingMethodAccessorImpl.invoke(DelegatingMethodAccessorImpl.java:43)
	at java.lang.reflect.Method.invoke(Method.java:606)
	at org.junit.runners.model.FrameworkMethod$1.runReflectiveCall(FrameworkMethod.java:47)
	at org.junit.internal.runners.model.ReflectiveCallable.run(ReflectiveCallable.java:12)
	at org.junit.runners.model.FrameworkMethod.invokeExplosively(FrameworkMethod.java:44)
	at org.junit.internal.runners.statements.InvokeMethod.evaluate(InvokeMethod.java:17)
	at org.junit.internal.runners.statements.RunBefores.evaluate(RunBefores.java:26)
	at org.springframework.test.context.junit4.statements.RunBeforeTestMethodCallbacks.evaluate(RunBeforeTestMethodCallbacks.java:74)
	at org.junit.internal.runners.statements.RunAfters.evaluate(RunAfters.java:27)
	at org.springframework.test.context.junit4.statements.RunAfterTestMethodCallbacks.evaluate(RunAfterTestMethodCallbacks.java:83)
	at org.springframework.test.context.junit4.statements.SpringRepeat.evaluate(SpringRepeat.java:72)
	at org.springframework.test.context.junit4.SpringJUnit4ClassRunner.runChild(SpringJUnit4ClassRunner.java:233)
	at org.springframework.test.context.junit4.SpringJUnit4ClassRunner.runChild(SpringJUnit4ClassRunner.java:87)
	at org.junit.runners.ParentRunner$3.run(ParentRunner.java:238)
	at org.junit.runners.ParentRunner$1.schedule(ParentRunner.java:63)
	at org.junit.runners.ParentRunner.runChildren(ParentRunner.java:236)
	at org.junit.runners.ParentRunner.access$000(ParentRunner.java:53)
	at org.junit.runners.ParentRunner$2.evaluate(ParentRunner.java:229)
	at org.junit.internal.runners.statements.RunBefores.evaluate(RunBefores.java:26)
	at org.springframework.test.context.junit4.statements.RunBeforeTestClassCallbacks.evaluate(RunBeforeTestClassCallbacks.java:61)
	at org.springframework.test.context.junit4.statements.RunAfterTestClassCallbacks.evaluate(RunAfterTestClassCallbacks.java:71)
	at org.junit.runners.ParentRunner.run(ParentRunner.java:309)
	at org.springframework.test.context.junit4.SpringJUnit4ClassRunner.run(SpringJUnit4ClassRunner.java:176)
	at org.gradle.api.internal.tasks.testing.junit.JUnitTestClassExecuter.runTestClass(JUnitTestClassExecuter.java:86)
	at org.gradle.api.internal.tasks.testing.junit.JUnitTestClassExecuter.execute(JUnitTestClassExecuter.java:49)
	at org.gradle.api.internal.tasks.testing.junit.JUnitTestClassProcessor.processTestClass(JUnitTestClassProcessor.java:64)
	at org.gradle.api.internal.tasks.testing.SuiteTestClassProcessor.processTestClass(SuiteTestClassProcessor.java:50)
	at sun.reflect.GeneratedMethodAccessor109.invoke(Unknown Source)
	at sun.reflect.DelegatingMethodAccessorImpl.invoke(DelegatingMethodAccessorImpl.java:43)
	at java.lang.reflect.Method.invoke(Method.java:606)
	at org.gradle.messaging.dispatch.ReflectionDispatch.dispatch(ReflectionDispatch.java:35)
	at org.gradle.messaging.dispatch.ReflectionDispatch.dispatch(ReflectionDispatch.java:24)
	at org.gradle.messaging.dispatch.ContextClassLoaderDispatch.dispatch(ContextClassLoaderDispatch.java:32)
	at org.gradle.messaging.dispatch.ProxyDispatchAdapter$DispatchingInvocationHandler.invoke(ProxyDispatchAdapter.java:93)
	at com.sun.proxy.$Proxy2.processTestClass(Unknown Source)
	at org.gradle.api.internal.tasks.testing.worker.TestWorker.processTestClass(TestWorker.java:106)
	at sun.reflect.GeneratedMethodAccessor108.invoke(Unknown Source)
	at sun.reflect.DelegatingMethodAccessorImpl.invoke(DelegatingMethodAccessorImpl.java:43)
	at java.lang.reflect.Method.invoke(Method.java:606)
	at org.gradle.messaging.dispatch.ReflectionDispatch.dispatch(ReflectionDispatch.java:35)
	at org.gradle.messaging.dispatch.ReflectionDispatch.dispatch(ReflectionDispatch.java:24)
	at org.gradle.messaging.remote.internal.hub.MessageHub$Handler.run(MessageHub.java:360)
	at org.gradle.internal.concurrent.DefaultExecutorFactory$StoppableExecutorImpl$1.run(DefaultExecutorFactory.java:64)
	at java.util.concurrent.ThreadPoolExecutor.runWorker(ThreadPoolExecutor.java:1145)
	at java.util.concurrent.ThreadPoolExecutor$Worker.run(ThreadPoolExecutor.java:615)
	at java.lang.Thread.run(Thread.java:745)
PhoneCategory.phoneCatName size must be between 1 and 256
java.lang.SecurityException: PhoneCategory.phoneCatName size must be between 1 and 256
	at com.athena.server.pluggable.utils.helper.EntityValidatorHelper.validateEntity(EntityValidatorHelper.java:37)
	at com.app.shared.organization.contactmanagement.PhoneCategory.isValid(PhoneCategory.java:147)
	at com.app.server.service.organization.contactmanagement.PhoneCategoryTestCase.validatePhoneCategory(PhoneCategoryTestCase.java:202)
	at com.app.server.service.organization.contactmanagement.PhoneCategoryTestCase.test5NegativeTesting(PhoneCategoryTestCase.java:240)
	at sun.reflect.NativeMethodAccessorImpl.invoke0(Native Method)
	at sun.reflect.NativeMethodAccessorImpl.invoke(NativeMethodAccessorImpl.java:57)
	at sun.reflect.DelegatingMethodAccessorImpl.invoke(DelegatingMethodAccessorImpl.java:43)
	at java.lang.reflect.Method.invoke(Method.java:606)
	at org.junit.runners.model.FrameworkMethod$1.runReflectiveCall(FrameworkMethod.java:47)
	at org.junit.internal.runners.model.ReflectiveCallable.run(ReflectiveCallable.java:12)
	at org.junit.runners.model.FrameworkMethod.invokeExplosively(FrameworkMethod.java:44)
	at org.junit.internal.runners.statements.InvokeMethod.evaluate(InvokeMethod.java:17)
	at org.junit.internal.runners.statements.RunBefores.evaluate(RunBefores.java:26)
	at org.springframework.test.context.junit4.statements.RunBeforeTestMethodCallbacks.evaluate(RunBeforeTestMethodCallbacks.java:74)
	at org.junit.internal.runners.statements.RunAfters.evaluate(RunAfters.java:27)
	at org.springframework.test.context.junit4.statements.RunAfterTestMethodCallbacks.evaluate(RunAfterTestMethodCallbacks.java:83)
	at org.springframework.test.context.junit4.statements.SpringRepeat.evaluate(SpringRepeat.java:72)
	at org.springframework.test.context.junit4.SpringJUnit4ClassRunner.runChild(SpringJUnit4ClassRunner.java:233)
	at org.springframework.test.context.junit4.SpringJUnit4ClassRunner.runChild(SpringJUnit4ClassRunner.java:87)
	at org.junit.runners.ParentRunner$3.run(ParentRunner.java:238)
	at org.junit.runners.ParentRunner$1.schedule(ParentRunner.java:63)
	at org.junit.runners.ParentRunner.runChildren(ParentRunner.java:236)
	at org.junit.runners.ParentRunner.access$000(ParentRunner.java:53)
	at org.junit.runners.ParentRunner$2.evaluate(ParentRunner.java:229)
	at org.junit.internal.runners.statements.RunBefores.evaluate(RunBefores.java:26)
	at org.springframework.test.context.junit4.statements.RunBeforeTestClassCallbacks.evaluate(RunBeforeTestClassCallbacks.java:61)
	at org.springframework.test.context.junit4.statements.RunAfterTestClassCallbacks.evaluate(RunAfterTestClassCallbacks.java:71)
	at org.junit.runners.ParentRunner.run(ParentRunner.java:309)
	at org.springframework.test.context.junit4.SpringJUnit4ClassRunner.run(SpringJUnit4ClassRunner.java:176)
	at org.gradle.api.internal.tasks.testing.junit.JUnitTestClassExecuter.runTestClass(JUnitTestClassExecuter.java:86)
	at org.gradle.api.internal.tasks.testing.junit.JUnitTestClassExecuter.execute(JUnitTestClassExecuter.java:49)
	at org.gradle.api.internal.tasks.testing.junit.JUnitTestClassProcessor.processTestClass(JUnitTestClassProcessor.java:64)
	at org.gradle.api.internal.tasks.testing.SuiteTestClassProcessor.processTestClass(SuiteTestClassProcessor.java:50)
	at sun.reflect.GeneratedMethodAccessor109.invoke(Unknown Source)
	at sun.reflect.DelegatingMethodAccessorImpl.invoke(DelegatingMethodAccessorImpl.java:43)
	at java.lang.reflect.Method.invoke(Method.java:606)
	at org.gradle.messaging.dispatch.ReflectionDispatch.dispatch(ReflectionDispatch.java:35)
	at org.gradle.messaging.dispatch.ReflectionDispatch.dispatch(ReflectionDispatch.java:24)
	at org.gradle.messaging.dispatch.ContextClassLoaderDispatch.dispatch(ContextClassLoaderDispatch.java:32)
	at org.gradle.messaging.dispatch.ProxyDispatchAdapter$DispatchingInvocationHandler.invoke(ProxyDispatchAdapter.java:93)
	at com.sun.proxy.$Proxy2.processTestClass(Unknown Source)
	at org.gradle.api.internal.tasks.testing.worker.TestWorker.processTestClass(TestWorker.java:106)
	at sun.reflect.GeneratedMethodAccessor108.invoke(Unknown Source)
	at sun.reflect.DelegatingMethodAccessorImpl.invoke(DelegatingMethodAccessorImpl.java:43)
	at java.lang.reflect.Method.invoke(Method.java:606)
	at org.gradle.messaging.dispatch.ReflectionDispatch.dispatch(ReflectionDispatch.java:35)
	at org.gradle.messaging.dispatch.ReflectionDispatch.dispatch(ReflectionDispatch.java:24)
	at org.gradle.messaging.remote.internal.hub.MessageHub$Handler.run(MessageHub.java:360)
	at org.gradle.internal.concurrent.DefaultExecutorFactory$StoppableExecutorImpl$1.run(DefaultExecutorFactory.java:64)
	at java.util.concurrent.ThreadPoolExecutor.runWorker(ThreadPoolExecutor.java:1145)
	at java.util.concurrent.ThreadPoolExecutor$Worker.run(ThreadPoolExecutor.java:615)
	at java.lang.Thread.run(Thread.java:745)
]]></system-err>
</testsuite>
