<?xml version="1.0" encoding="UTF-8"?>
<testsuite name="com.app.server.service.appbasicsetup.aaa.JwtConfigTestCase" tests="5" skipped="0" failures="0" errors="0" timestamp="2016-09-19T09:45:48" hostname="b68a979f9de0" time="0.483">
  <properties/>
  <testcase name="test1Save" classname="com.app.server.service.appbasicsetup.aaa.JwtConfigTestCase" time="0.172"/>
  <testcase name="test2Update" classname="com.app.server.service.appbasicsetup.aaa.JwtConfigTestCase" time="0.102"/>
  <testcase name="test3FindById" classname="com.app.server.service.appbasicsetup.aaa.JwtConfigTestCase" time="0.035"/>
  <testcase name="test5NegativeTesting" classname="com.app.server.service.appbasicsetup.aaa.JwtConfigTestCase" time="0.038"/>
  <testcase name="test6Delete" classname="com.app.server.service.appbasicsetup.aaa.JwtConfigTestCase" time="0.134"/>
  <system-out><![CDATA[Mon Sep 19 09:45:48 UTC 2016|Log Manager Factory|Initialization Process started.....
Mon Sep 19 09:45:48 UTC 2016|Log Manager|Initialized with Path = [/home/applifire/workspace/testproject/src/main/webapp/WEB-INF/conf]
Mon Sep 19 09:45:48 UTC 2016|Alarm Manager|Initialized with Path = [/home/applifire/workspace/testproject/src/main/webapp/WEB-INF/conf]
Mon Sep 19 09:45:48 UTC 2016|Alarm Manager|Loading Alarms ......
Mon Sep 19 09:45:48 UTC 2016|Alarm XML Parser|FWA|XML Parsing Complete........ 
Mon Sep 19 09:45:48 UTC 2016|Alarm File Manager|FWA|Alarm File Status.. [ApplicationFrameworkAlarms.xml]|Version=15|Status=Done 
Mon Sep 19 09:45:48 UTC 2016|Alarm File Manager|FWA|Alarm Stats = ( BC/AL=5/786 SYS=5/11 [786/0]  TPL=0/0 [0/0]  APP= A.Map=[875]  E.Map EC/RC=[391/79] )
Mon Sep 19 09:45:48 UTC 2016|Alarm XML Parser|APP|XML Parsing Complete........ 
Mon Sep 19 09:45:48 UTC 2016|Alarm File Manager|APP|Alarm File Status.. [ApplicationAlarms.xml]|Version=1|Status=Done 
Mon Sep 19 09:45:48 UTC 2016|Alarm File Manager|APP|Alarm Stats = ( BC/AL=5/786 SYS=5/11 [786/0]  TPL=0/0 [0/0]  APP=0/0 [0/0]  A.Map=[875]  E.Map EC/RC=[391/79] )
Mon Sep 19 09:45:48 UTC 2016|ApplicationAlarmContext| <><><><><> Create App Alarms ....  <><><><><> 
Mon Sep 19 09:45:48 UTC 2016|ApplicationAlarmContext|Alarms are generated ONLY in Development Mode.. 
Mon Sep 19 09:45:48 UTC 2016|Alarm Manager|APP|Alarm Stats = ( BC/AL=5/786 SYS=5/11 [786/0]  TPL=0/0 [0/0]  APP=0/0 [0/0]  A.Map=[875]  E.Map EC/RC=[391/79] )
Mon Sep 19 09:45:48 UTC 2016|Alarm Manager|Initialized Exception Lookup...
Mon Sep 19 09:45:48 UTC 2016|Log Manager|Initialize Log Config File ......
Mon Sep 19 09:45:48 UTC 2016|Pluggable Connectors|Adding Connectors : StandardOutputConnector isEnabled=true isDefault=false isFallBack=true
Mon Sep 19 09:45:48 UTC 2016|Pluggable Connectors|Adding Connectors : StandardFileConnector isEnabled=true isDefault=false isFallBack=false
Mon Sep 19 09:45:48 UTC 2016|Pluggable Connectors|Adding Connectors : Sprinkler isEnabled=true isDefault=true isFallBack=false
Mon Sep 19 09:45:48 UTC 2016|Pluggable Connectors|Default Connector Name : com.spartan.logger.core.LogMessenger
Mon Sep 19 09:45:48 UTC 2016|Log Config Parser|Connector Least Log Level =[4]  FallBack Log Level =[3]
Mon Sep 19 09:45:48 UTC 2016|Log Manager|Loading Default Connector for Logging ......
Mon Sep 19 09:45:48 UTC 2016|Log Manager|Loading class .. com.spartan.logger.core.LogMessenger
Mon Sep 19 09:45:48 UTC 2016|Plugggable Connector|Connector class com.spartan.logger.core.LogMessenger Initialized... @ Log Level = 3
Mon Sep 19 09:45:48 UTC 2016|Log Manager|Starting the Default Connector [com.spartan.logger.core.LogMessenger@7f5e6477] ....
Mon Sep 19 09:45:48 UTC 2016|Scheduler|Starting the Scheduler ......
Mon Sep 19 09:45:48 UTC 2016|Scheduler|Adding [LMID=[9d233f14-95d4-4cd7-a24f-17ebd1a46f95]] Delay=5 Time Unit=MINUTES
Mon Sep 19 09:45:48 UTC 2016|Scheduler|Adding [App Alarm Manager File=[ApplicationAlarms.xml]] Delay=30 Time Unit=MINUTES
Mon Sep 19 09:45:48 UTC 2016|Scheduler|Adding [FW Alarm Manager File=[ApplicationFrameworkAlarms.xml]] Delay=3 Time Unit=MINUTES
Mon Sep 19 09:45:48 UTC 2016|Scheduler|Startup Completed..
Mon Sep 19 09:45:48 UTC 2016|Log Manager|Initialization Process Complete ......
Mon Sep 19 09:45:48 UTC 2016|Log Manager Factory|Log Manager READY! ID = 9d233f14-95d4-4cd7-a24f-17ebd1a46f95
[EL Finer]: connection: 2016-09-19 09:45:48.765--ServerSession(1800530428)--Thread(Thread[Test worker,5,main])--client acquired: 1061395495
[EL Finer]: transaction: 2016-09-19 09:45:48.765--ClientSession(1061395495)--Thread(Thread[Test worker,5,main])--acquire unit of work: 1874912483
[EL Finest]: connection: 2016-09-19 09:45:48.766--ServerSession(1800530428)--Connection(1626549350)--Thread(Thread[Test worker,5,main])--Connection acquired from connection pool [default].
[EL Finer]: transaction: 2016-09-19 09:45:48.766--ClientSession(1061395495)--Connection(1626549350)--Thread(Thread[Test worker,5,main])--begin transaction
[EL Finest]: connection: 2016-09-19 09:45:48.766--ClientSession(1061395495)--Thread(Thread[Test worker,5,main])--reconnecting to external connection pool
[EL Finest]: transaction: 2016-09-19 09:45:48.771--UnitOfWork(1874912483)--Thread(Thread[Test worker,5,main])--persist() operation called on: .
[EL Finest]: sequencing: 2016-09-19 09:45:48.771--UnitOfWork(1874912483)--Thread(Thread[Test worker,5,main])--assign sequence to the object (BBF00B3C-C4C3-4ADF-8DC5-FAE1756D3CE6 -> )
Mon Sep 19 09:45:48 UTC 2016|Unknown Alarm = ABSAA322100200 Alarm Split = ABS-AA-3-2-2-100-200
[EL Finer]: transaction: 2016-09-19 09:45:48.772--UnitOfWork(1874912483)--Thread(Thread[Test worker,5,main])--begin unit of work commit
[EL Finest]: query: 2016-09-19 09:45:48.774--UnitOfWork(1874912483)--Thread(Thread[Test worker,5,main])--Execute query InsertObjectQuery()
[EL Fine]: sql: 2016-09-19 09:45:48.775--ClientSession(1061395495)--Connection(1857102062)--Thread(Thread[Test worker,5,main])--INSERT INTO ast_JwtConfig_M (configId, expiration, jwtAlgorithm, tokenKey, versionId, createdBy, createdDate, updatedBy, updatedDate, activeStatus, txnAccessCode) VALUES (?, ?, ?, ?, ?, ?, ?, ?, ?, ?, ?)
	bind => [BBF00B3C-C4C3-4ADF-8DC5-FAE1756D3CE6, 2016-09-19 09:01:48.473, glYjMyGmSRrArd9wB2a0oBFLXQYyShCgAdEtZlLtR5Li7IOPeZ, DtpUBwa516IE29FF8ytACtERs9vLSmATHopxUadbxYwq1od1Xx, 1, AAAAA, 2016-09-19 09:45:48.698, AAAAA, 2016-09-19 09:45:48.698, 1, 51000]
[EL Finer]: transaction: 2016-09-19 09:45:48.776--ClientSession(1061395495)--Connection(1857102062)--Thread(Thread[Test worker,5,main])--commit transaction
[EL Finest]: connection: 2016-09-19 09:45:48.84--ServerSession(1800530428)--Connection(1626549350)--Thread(Thread[Test worker,5,main])--Connection released to connection pool [default].
[EL Finer]: transaction: 2016-09-19 09:45:48.84--UnitOfWork(1874912483)--Thread(Thread[Test worker,5,main])--end unit of work commit
[EL Finer]: transaction: 2016-09-19 09:45:48.84--UnitOfWork(1874912483)--Thread(Thread[Test worker,5,main])--resume unit of work
[EL Finer]: transaction: 2016-09-19 09:45:48.841--UnitOfWork(1874912483)--Thread(Thread[Test worker,5,main])--release unit of work
[EL Finer]: connection: 2016-09-19 09:45:48.841--ClientSession(1061395495)--Thread(Thread[Test worker,5,main])--client released
[EL Finer]: connection: 2016-09-19 09:45:48.87--ServerSession(1800530428)--Thread(Thread[Test worker,5,main])--client acquired: 46541378
[EL Finer]: transaction: 2016-09-19 09:45:48.87--ClientSession(46541378)--Thread(Thread[Test worker,5,main])--acquire unit of work: 536892538
[EL Finest]: connection: 2016-09-19 09:45:48.87--ServerSession(1800530428)--Connection(1974085119)--Thread(Thread[Test worker,5,main])--Connection acquired from connection pool [default].
[EL Finer]: transaction: 2016-09-19 09:45:48.871--ClientSession(46541378)--Connection(1974085119)--Thread(Thread[Test worker,5,main])--begin transaction
[EL Finest]: connection: 2016-09-19 09:45:48.871--ClientSession(46541378)--Thread(Thread[Test worker,5,main])--reconnecting to external connection pool
[EL Finer]: transaction: 2016-09-19 09:45:48.873--UnitOfWork(536892538)--Thread(Thread[Test worker,5,main])--begin unit of work flush
[EL Finer]: transaction: 2016-09-19 09:45:48.873--UnitOfWork(536892538)--Thread(Thread[Test worker,5,main])--end unit of work flush
[EL Finest]: query: 2016-09-19 09:45:48.873--UnitOfWork(536892538)--Thread(Thread[Test worker,5,main])--Execute query ReadAllQuery(name="JwtConfig.findById" referenceClass=JwtConfig sql="SELECT configId, expiration, jwtAlgorithm, tokenKey, versionId, createdBy, createdDate, updatedBy, updatedDate, activeStatus, txnAccessCode FROM ast_JwtConfig_M WHERE ((activeStatus = ?) AND (configId = ?))")
[EL Fine]: sql: 2016-09-19 09:45:48.873--ClientSession(46541378)--Connection(1426608525)--Thread(Thread[Test worker,5,main])--SELECT configId, expiration, jwtAlgorithm, tokenKey, versionId, createdBy, createdDate, updatedBy, updatedDate, activeStatus, txnAccessCode FROM ast_JwtConfig_M WHERE ((activeStatus = ?) AND (configId = ?))
	bind => [1, BBF00B3C-C4C3-4ADF-8DC5-FAE1756D3CE6]
Mon Sep 19 09:45:48 UTC 2016|Unknown Alarm = ABSAA324100200 Alarm Split = ABS-AA-3-2-4-100-200
[EL Finer]: transaction: 2016-09-19 09:45:48.876--UnitOfWork(536892538)--Thread(Thread[Test worker,5,main])--begin unit of work commit
[EL Finer]: transaction: 2016-09-19 09:45:48.876--ClientSession(46541378)--Connection(1426608525)--Thread(Thread[Test worker,5,main])--commit transaction
[EL Finest]: connection: 2016-09-19 09:45:48.877--ServerSession(1800530428)--Connection(1974085119)--Thread(Thread[Test worker,5,main])--Connection released to connection pool [default].
[EL Finer]: transaction: 2016-09-19 09:45:48.877--UnitOfWork(536892538)--Thread(Thread[Test worker,5,main])--end unit of work commit
[EL Finer]: transaction: 2016-09-19 09:45:48.877--UnitOfWork(536892538)--Thread(Thread[Test worker,5,main])--resume unit of work
[EL Finer]: transaction: 2016-09-19 09:45:48.877--UnitOfWork(536892538)--Thread(Thread[Test worker,5,main])--release unit of work
[EL Finer]: connection: 2016-09-19 09:45:48.877--ClientSession(46541378)--Thread(Thread[Test worker,5,main])--client released
[EL Finer]: connection: 2016-09-19 09:45:48.878--ServerSession(1800530428)--Thread(Thread[Test worker,5,main])--client acquired: 1301638334
[EL Finer]: transaction: 2016-09-19 09:45:48.878--ClientSession(1301638334)--Thread(Thread[Test worker,5,main])--acquire unit of work: 219567549
[EL Finest]: connection: 2016-09-19 09:45:48.878--ServerSession(1800530428)--Connection(894890497)--Thread(Thread[Test worker,5,main])--Connection acquired from connection pool [default].
[EL Finer]: transaction: 2016-09-19 09:45:48.878--ClientSession(1301638334)--Connection(894890497)--Thread(Thread[Test worker,5,main])--begin transaction
[EL Finest]: connection: 2016-09-19 09:45:48.878--ClientSession(1301638334)--Thread(Thread[Test worker,5,main])--reconnecting to external connection pool
[EL Finest]: transaction: 2016-09-19 09:45:48.882--UnitOfWork(219567549)--Thread(Thread[Test worker,5,main])--Merge clone with references 
[EL Finest]: query: 2016-09-19 09:45:48.882--UnitOfWork(219567549)--Thread(Thread[Test worker,5,main])--Execute query ReadObjectQuery(referenceClass=JwtConfig )
[EL Fine]: sql: 2016-09-19 09:45:48.883--ClientSession(1301638334)--Connection(751251580)--Thread(Thread[Test worker,5,main])--SELECT configId, expiration, jwtAlgorithm, tokenKey, versionId, createdBy, createdDate, updatedBy, updatedDate, activeStatus, txnAccessCode FROM ast_JwtConfig_M WHERE (configId = ?)
	bind => [BBF00B3C-C4C3-4ADF-8DC5-FAE1756D3CE6]
Mon Sep 19 09:45:48 UTC 2016|Unknown Alarm = ABSAA321100200 Alarm Split = ABS-AA-3-2-1-100-200
[EL Finer]: transaction: 2016-09-19 09:45:48.885--UnitOfWork(219567549)--Thread(Thread[Test worker,5,main])--begin unit of work commit
[EL Finest]: query: 2016-09-19 09:45:48.886--UnitOfWork(219567549)--Thread(Thread[Test worker,5,main])--Execute query UpdateObjectQuery()
[EL Fine]: sql: 2016-09-19 09:45:48.886--ClientSession(1301638334)--Connection(751251580)--Thread(Thread[Test worker,5,main])--UPDATE ast_JwtConfig_M SET expiration = ?, jwtAlgorithm = ?, tokenKey = ?, versionId = ? WHERE ((configId = ?) AND (versionId = ?))
	bind => [2016-09-19 09:01:48.494, ObbEnTDbqUzUpn6BfTIzmDdWkzrgt7iut4GN0Qd1KpTW97Nob3, x8XqOCM9O3CT29xWLfWDDUZBINV0i1pspYUKLVH9Yunucjw871, 2, BBF00B3C-C4C3-4ADF-8DC5-FAE1756D3CE6, 1]
[EL Finer]: transaction: 2016-09-19 09:45:48.888--ClientSession(1301638334)--Connection(751251580)--Thread(Thread[Test worker,5,main])--commit transaction
[EL Finest]: connection: 2016-09-19 09:45:48.943--ServerSession(1800530428)--Connection(894890497)--Thread(Thread[Test worker,5,main])--Connection released to connection pool [default].
[EL Finer]: transaction: 2016-09-19 09:45:48.943--UnitOfWork(219567549)--Thread(Thread[Test worker,5,main])--end unit of work commit
[EL Finer]: transaction: 2016-09-19 09:45:48.943--UnitOfWork(219567549)--Thread(Thread[Test worker,5,main])--resume unit of work
[EL Finer]: transaction: 2016-09-19 09:45:48.944--UnitOfWork(219567549)--Thread(Thread[Test worker,5,main])--release unit of work
[EL Finer]: connection: 2016-09-19 09:45:48.944--ClientSession(1301638334)--Thread(Thread[Test worker,5,main])--client released
[EL Finer]: connection: 2016-09-19 09:45:48.971--ServerSession(1800530428)--Thread(Thread[Test worker,5,main])--client acquired: 2017060681
[EL Finer]: transaction: 2016-09-19 09:45:48.971--ClientSession(2017060681)--Thread(Thread[Test worker,5,main])--acquire unit of work: 562014025
[EL Finest]: connection: 2016-09-19 09:45:48.971--ServerSession(1800530428)--Connection(1136638669)--Thread(Thread[Test worker,5,main])--Connection acquired from connection pool [default].
[EL Finer]: transaction: 2016-09-19 09:45:48.971--ClientSession(2017060681)--Connection(1136638669)--Thread(Thread[Test worker,5,main])--begin transaction
[EL Finest]: connection: 2016-09-19 09:45:48.972--ClientSession(2017060681)--Thread(Thread[Test worker,5,main])--reconnecting to external connection pool
[EL Finer]: transaction: 2016-09-19 09:45:48.973--UnitOfWork(562014025)--Thread(Thread[Test worker,5,main])--begin unit of work flush
[EL Finer]: transaction: 2016-09-19 09:45:48.973--UnitOfWork(562014025)--Thread(Thread[Test worker,5,main])--end unit of work flush
[EL Finest]: query: 2016-09-19 09:45:48.973--UnitOfWork(562014025)--Thread(Thread[Test worker,5,main])--Execute query ReadAllQuery(name="JwtConfig.findById" referenceClass=JwtConfig sql="SELECT configId, expiration, jwtAlgorithm, tokenKey, versionId, createdBy, createdDate, updatedBy, updatedDate, activeStatus, txnAccessCode FROM ast_JwtConfig_M WHERE ((activeStatus = ?) AND (configId = ?))")
[EL Fine]: sql: 2016-09-19 09:45:48.974--ClientSession(2017060681)--Connection(941139989)--Thread(Thread[Test worker,5,main])--SELECT configId, expiration, jwtAlgorithm, tokenKey, versionId, createdBy, createdDate, updatedBy, updatedDate, activeStatus, txnAccessCode FROM ast_JwtConfig_M WHERE ((activeStatus = ?) AND (configId = ?))
	bind => [1, BBF00B3C-C4C3-4ADF-8DC5-FAE1756D3CE6]
Mon Sep 19 09:45:48 UTC 2016|Unknown Alarm = ABSAA324100200 Alarm Split = ABS-AA-3-2-4-100-200
[EL Finer]: transaction: 2016-09-19 09:45:48.977--UnitOfWork(562014025)--Thread(Thread[Test worker,5,main])--begin unit of work commit
[EL Finer]: transaction: 2016-09-19 09:45:48.977--ClientSession(2017060681)--Connection(941139989)--Thread(Thread[Test worker,5,main])--commit transaction
[EL Finest]: connection: 2016-09-19 09:45:48.978--ServerSession(1800530428)--Connection(1136638669)--Thread(Thread[Test worker,5,main])--Connection released to connection pool [default].
[EL Finer]: transaction: 2016-09-19 09:45:48.978--UnitOfWork(562014025)--Thread(Thread[Test worker,5,main])--end unit of work commit
[EL Finer]: transaction: 2016-09-19 09:45:48.978--UnitOfWork(562014025)--Thread(Thread[Test worker,5,main])--resume unit of work
[EL Finer]: transaction: 2016-09-19 09:45:48.979--UnitOfWork(562014025)--Thread(Thread[Test worker,5,main])--release unit of work
[EL Finer]: connection: 2016-09-19 09:45:48.979--ClientSession(2017060681)--Thread(Thread[Test worker,5,main])--client released
[EL Finer]: connection: 2016-09-19 09:45:49.048--ServerSession(1800530428)--Thread(Thread[Test worker,5,main])--client acquired: 131976521
[EL Finer]: transaction: 2016-09-19 09:45:49.049--ClientSession(131976521)--Thread(Thread[Test worker,5,main])--acquire unit of work: 1926264743
[EL Finest]: connection: 2016-09-19 09:45:49.049--ServerSession(1800530428)--Connection(1415557076)--Thread(Thread[Test worker,5,main])--Connection acquired from connection pool [default].
[EL Finer]: transaction: 2016-09-19 09:45:49.049--ClientSession(131976521)--Connection(1415557076)--Thread(Thread[Test worker,5,main])--begin transaction
[EL Finest]: connection: 2016-09-19 09:45:49.049--ClientSession(131976521)--Thread(Thread[Test worker,5,main])--reconnecting to external connection pool
[EL Finest]: query: 2016-09-19 09:45:49.05--UnitOfWork(1926264743)--Thread(Thread[Test worker,5,main])--Execute query ReadObjectQuery(name="readJwtConfig" referenceClass=JwtConfig sql="SELECT configId, expiration, jwtAlgorithm, tokenKey, versionId, createdBy, createdDate, updatedBy, updatedDate, activeStatus, txnAccessCode FROM ast_JwtConfig_M WHERE (configId = ?)")
[EL Fine]: sql: 2016-09-19 09:45:49.05--ClientSession(131976521)--Connection(1648081762)--Thread(Thread[Test worker,5,main])--SELECT configId, expiration, jwtAlgorithm, tokenKey, versionId, createdBy, createdDate, updatedBy, updatedDate, activeStatus, txnAccessCode FROM ast_JwtConfig_M WHERE (configId = ?)
	bind => [BBF00B3C-C4C3-4ADF-8DC5-FAE1756D3CE6]
[EL Finest]: transaction: 2016-09-19 09:45:49.052--UnitOfWork(1926264743)--Thread(Thread[Test worker,5,main])--remove() operation called on: 
Mon Sep 19 09:45:49 UTC 2016|Unknown Alarm = ABSAA328100200 Alarm Split = ABS-AA-3-2-8-100-200
[EL Finer]: transaction: 2016-09-19 09:45:49.053--UnitOfWork(1926264743)--Thread(Thread[Test worker,5,main])--begin unit of work commit
[EL Finest]: query: 2016-09-19 09:45:49.053--UnitOfWork(1926264743)--Thread(Thread[Test worker,5,main])--Execute query DoesExistQuery(referenceClass=JwtConfig )
[EL Finest]: query: 2016-09-19 09:45:49.054--UnitOfWork(1926264743)--Thread(Thread[Test worker,5,main])--Execute query DeleteObjectQuery()
[EL Fine]: sql: 2016-09-19 09:45:49.054--ClientSession(131976521)--Connection(1648081762)--Thread(Thread[Test worker,5,main])--DELETE FROM ast_JwtConfig_M WHERE ((configId = ?) AND (versionId = ?))
	bind => [BBF00B3C-C4C3-4ADF-8DC5-FAE1756D3CE6, 2]
[EL Finer]: transaction: 2016-09-19 09:45:49.056--ClientSession(131976521)--Connection(1648081762)--Thread(Thread[Test worker,5,main])--commit transaction
[EL Finest]: connection: 2016-09-19 09:45:49.151--ServerSession(1800530428)--Connection(1415557076)--Thread(Thread[Test worker,5,main])--Connection released to connection pool [default].
[EL Finer]: transaction: 2016-09-19 09:45:49.151--UnitOfWork(1926264743)--Thread(Thread[Test worker,5,main])--end unit of work commit
[EL Finer]: transaction: 2016-09-19 09:45:49.151--UnitOfWork(1926264743)--Thread(Thread[Test worker,5,main])--resume unit of work
[EL Finer]: transaction: 2016-09-19 09:45:49.151--UnitOfWork(1926264743)--Thread(Thread[Test worker,5,main])--release unit of work
[EL Finer]: connection: 2016-09-19 09:45:49.152--ClientSession(131976521)--Thread(Thread[Test worker,5,main])--client released
]]></system-out>
  <system-err><![CDATA[JwtConfig.jwtAlgorithm may not be null
java.lang.SecurityException: JwtConfig.jwtAlgorithm may not be null
	at com.athena.server.pluggable.utils.helper.EntityValidatorHelper.validateEntity(EntityValidatorHelper.java:37)
	at com.app.shared.appbasicsetup.aaa.JwtConfig.isValid(JwtConfig.java:184)
	at com.app.server.service.appbasicsetup.aaa.JwtConfigTestCase.validateJwtConfig(JwtConfigTestCase.java:208)
	at com.app.server.service.appbasicsetup.aaa.JwtConfigTestCase.test5NegativeTesting(JwtConfigTestCase.java:242)
	at sun.reflect.NativeMethodAccessorImpl.invoke0(Native Method)
	at sun.reflect.NativeMethodAccessorImpl.invoke(NativeMethodAccessorImpl.java:57)
	at sun.reflect.DelegatingMethodAccessorImpl.invoke(DelegatingMethodAccessorImpl.java:43)
	at java.lang.reflect.Method.invoke(Method.java:606)
	at org.junit.runners.model.FrameworkMethod$1.runReflectiveCall(FrameworkMethod.java:47)
	at org.junit.internal.runners.model.ReflectiveCallable.run(ReflectiveCallable.java:12)
	at org.junit.runners.model.FrameworkMethod.invokeExplosively(FrameworkMethod.java:44)
	at org.junit.internal.runners.statements.InvokeMethod.evaluate(InvokeMethod.java:17)
	at org.junit.internal.runners.statements.RunBefores.evaluate(RunBefores.java:26)
	at org.springframework.test.context.junit4.statements.RunBeforeTestMethodCallbacks.evaluate(RunBeforeTestMethodCallbacks.java:74)
	at org.junit.internal.runners.statements.RunAfters.evaluate(RunAfters.java:27)
	at org.springframework.test.context.junit4.statements.RunAfterTestMethodCallbacks.evaluate(RunAfterTestMethodCallbacks.java:83)
	at org.springframework.test.context.junit4.statements.SpringRepeat.evaluate(SpringRepeat.java:72)
	at org.springframework.test.context.junit4.SpringJUnit4ClassRunner.runChild(SpringJUnit4ClassRunner.java:233)
	at org.springframework.test.context.junit4.SpringJUnit4ClassRunner.runChild(SpringJUnit4ClassRunner.java:87)
	at org.junit.runners.ParentRunner$3.run(ParentRunner.java:238)
	at org.junit.runners.ParentRunner$1.schedule(ParentRunner.java:63)
	at org.junit.runners.ParentRunner.runChildren(ParentRunner.java:236)
	at org.junit.runners.ParentRunner.access$000(ParentRunner.java:53)
	at org.junit.runners.ParentRunner$2.evaluate(ParentRunner.java:229)
	at org.junit.internal.runners.statements.RunBefores.evaluate(RunBefores.java:26)
	at org.springframework.test.context.junit4.statements.RunBeforeTestClassCallbacks.evaluate(RunBeforeTestClassCallbacks.java:61)
	at org.springframework.test.context.junit4.statements.RunAfterTestClassCallbacks.evaluate(RunAfterTestClassCallbacks.java:71)
	at org.junit.runners.ParentRunner.run(ParentRunner.java:309)
	at org.springframework.test.context.junit4.SpringJUnit4ClassRunner.run(SpringJUnit4ClassRunner.java:176)
	at org.gradle.api.internal.tasks.testing.junit.JUnitTestClassExecuter.runTestClass(JUnitTestClassExecuter.java:86)
	at org.gradle.api.internal.tasks.testing.junit.JUnitTestClassExecuter.execute(JUnitTestClassExecuter.java:49)
	at org.gradle.api.internal.tasks.testing.junit.JUnitTestClassProcessor.processTestClass(JUnitTestClassProcessor.java:64)
	at org.gradle.api.internal.tasks.testing.SuiteTestClassProcessor.processTestClass(SuiteTestClassProcessor.java:50)
	at sun.reflect.NativeMethodAccessorImpl.invoke0(Native Method)
	at sun.reflect.NativeMethodAccessorImpl.invoke(NativeMethodAccessorImpl.java:57)
	at sun.reflect.DelegatingMethodAccessorImpl.invoke(DelegatingMethodAccessorImpl.java:43)
	at java.lang.reflect.Method.invoke(Method.java:606)
	at org.gradle.messaging.dispatch.ReflectionDispatch.dispatch(ReflectionDispatch.java:35)
	at org.gradle.messaging.dispatch.ReflectionDispatch.dispatch(ReflectionDispatch.java:24)
	at org.gradle.messaging.dispatch.ContextClassLoaderDispatch.dispatch(ContextClassLoaderDispatch.java:32)
	at org.gradle.messaging.dispatch.ProxyDispatchAdapter$DispatchingInvocationHandler.invoke(ProxyDispatchAdapter.java:93)
	at com.sun.proxy.$Proxy2.processTestClass(Unknown Source)
	at org.gradle.api.internal.tasks.testing.worker.TestWorker.processTestClass(TestWorker.java:106)
	at sun.reflect.NativeMethodAccessorImpl.invoke0(Native Method)
	at sun.reflect.NativeMethodAccessorImpl.invoke(NativeMethodAccessorImpl.java:57)
	at sun.reflect.DelegatingMethodAccessorImpl.invoke(DelegatingMethodAccessorImpl.java:43)
	at java.lang.reflect.Method.invoke(Method.java:606)
	at org.gradle.messaging.dispatch.ReflectionDispatch.dispatch(ReflectionDispatch.java:35)
	at org.gradle.messaging.dispatch.ReflectionDispatch.dispatch(ReflectionDispatch.java:24)
	at org.gradle.messaging.remote.internal.hub.MessageHub$Handler.run(MessageHub.java:360)
	at org.gradle.internal.concurrent.DefaultExecutorFactory$StoppableExecutorImpl$1.run(DefaultExecutorFactory.java:64)
	at java.util.concurrent.ThreadPoolExecutor.runWorker(ThreadPoolExecutor.java:1145)
	at java.util.concurrent.ThreadPoolExecutor$Worker.run(ThreadPoolExecutor.java:615)
	at java.lang.Thread.run(Thread.java:745)
JwtConfig.jwtAlgorithm size must be between 1 and 256
java.lang.SecurityException: JwtConfig.jwtAlgorithm size must be between 1 and 256
	at com.athena.server.pluggable.utils.helper.EntityValidatorHelper.validateEntity(EntityValidatorHelper.java:37)
	at com.app.shared.appbasicsetup.aaa.JwtConfig.isValid(JwtConfig.java:184)
	at com.app.server.service.appbasicsetup.aaa.JwtConfigTestCase.validateJwtConfig(JwtConfigTestCase.java:206)
	at com.app.server.service.appbasicsetup.aaa.JwtConfigTestCase.test5NegativeTesting(JwtConfigTestCase.java:247)
	at sun.reflect.NativeMethodAccessorImpl.invoke0(Native Method)
	at sun.reflect.NativeMethodAccessorImpl.invoke(NativeMethodAccessorImpl.java:57)
	at sun.reflect.DelegatingMethodAccessorImpl.invoke(DelegatingMethodAccessorImpl.java:43)
	at java.lang.reflect.Method.invoke(Method.java:606)
	at org.junit.runners.model.FrameworkMethod$1.runReflectiveCall(FrameworkMethod.java:47)
	at org.junit.internal.runners.model.ReflectiveCallable.run(ReflectiveCallable.java:12)
	at org.junit.runners.model.FrameworkMethod.invokeExplosively(FrameworkMethod.java:44)
	at org.junit.internal.runners.statements.InvokeMethod.evaluate(InvokeMethod.java:17)
	at org.junit.internal.runners.statements.RunBefores.evaluate(RunBefores.java:26)
	at org.springframework.test.context.junit4.statements.RunBeforeTestMethodCallbacks.evaluate(RunBeforeTestMethodCallbacks.java:74)
	at org.junit.internal.runners.statements.RunAfters.evaluate(RunAfters.java:27)
	at org.springframework.test.context.junit4.statements.RunAfterTestMethodCallbacks.evaluate(RunAfterTestMethodCallbacks.java:83)
	at org.springframework.test.context.junit4.statements.SpringRepeat.evaluate(SpringRepeat.java:72)
	at org.springframework.test.context.junit4.SpringJUnit4ClassRunner.runChild(SpringJUnit4ClassRunner.java:233)
	at org.springframework.test.context.junit4.SpringJUnit4ClassRunner.runChild(SpringJUnit4ClassRunner.java:87)
	at org.junit.runners.ParentRunner$3.run(ParentRunner.java:238)
	at org.junit.runners.ParentRunner$1.schedule(ParentRunner.java:63)
	at org.junit.runners.ParentRunner.runChildren(ParentRunner.java:236)
	at org.junit.runners.ParentRunner.access$000(ParentRunner.java:53)
	at org.junit.runners.ParentRunner$2.evaluate(ParentRunner.java:229)
	at org.junit.internal.runners.statements.RunBefores.evaluate(RunBefores.java:26)
	at org.springframework.test.context.junit4.statements.RunBeforeTestClassCallbacks.evaluate(RunBeforeTestClassCallbacks.java:61)
	at org.springframework.test.context.junit4.statements.RunAfterTestClassCallbacks.evaluate(RunAfterTestClassCallbacks.java:71)
	at org.junit.runners.ParentRunner.run(ParentRunner.java:309)
	at org.springframework.test.context.junit4.SpringJUnit4ClassRunner.run(SpringJUnit4ClassRunner.java:176)
	at org.gradle.api.internal.tasks.testing.junit.JUnitTestClassExecuter.runTestClass(JUnitTestClassExecuter.java:86)
	at org.gradle.api.internal.tasks.testing.junit.JUnitTestClassExecuter.execute(JUnitTestClassExecuter.java:49)
	at org.gradle.api.internal.tasks.testing.junit.JUnitTestClassProcessor.processTestClass(JUnitTestClassProcessor.java:64)
	at org.gradle.api.internal.tasks.testing.SuiteTestClassProcessor.processTestClass(SuiteTestClassProcessor.java:50)
	at sun.reflect.NativeMethodAccessorImpl.invoke0(Native Method)
	at sun.reflect.NativeMethodAccessorImpl.invoke(NativeMethodAccessorImpl.java:57)
	at sun.reflect.DelegatingMethodAccessorImpl.invoke(DelegatingMethodAccessorImpl.java:43)
	at java.lang.reflect.Method.invoke(Method.java:606)
	at org.gradle.messaging.dispatch.ReflectionDispatch.dispatch(ReflectionDispatch.java:35)
	at org.gradle.messaging.dispatch.ReflectionDispatch.dispatch(ReflectionDispatch.java:24)
	at org.gradle.messaging.dispatch.ContextClassLoaderDispatch.dispatch(ContextClassLoaderDispatch.java:32)
	at org.gradle.messaging.dispatch.ProxyDispatchAdapter$DispatchingInvocationHandler.invoke(ProxyDispatchAdapter.java:93)
	at com.sun.proxy.$Proxy2.processTestClass(Unknown Source)
	at org.gradle.api.internal.tasks.testing.worker.TestWorker.processTestClass(TestWorker.java:106)
	at sun.reflect.NativeMethodAccessorImpl.invoke0(Native Method)
	at sun.reflect.NativeMethodAccessorImpl.invoke(NativeMethodAccessorImpl.java:57)
	at sun.reflect.DelegatingMethodAccessorImpl.invoke(DelegatingMethodAccessorImpl.java:43)
	at java.lang.reflect.Method.invoke(Method.java:606)
	at org.gradle.messaging.dispatch.ReflectionDispatch.dispatch(ReflectionDispatch.java:35)
	at org.gradle.messaging.dispatch.ReflectionDispatch.dispatch(ReflectionDispatch.java:24)
	at org.gradle.messaging.remote.internal.hub.MessageHub$Handler.run(MessageHub.java:360)
	at org.gradle.internal.concurrent.DefaultExecutorFactory$StoppableExecutorImpl$1.run(DefaultExecutorFactory.java:64)
	at java.util.concurrent.ThreadPoolExecutor.runWorker(ThreadPoolExecutor.java:1145)
	at java.util.concurrent.ThreadPoolExecutor$Worker.run(ThreadPoolExecutor.java:615)
	at java.lang.Thread.run(Thread.java:745)
JwtConfig.expiration may not be null
java.lang.SecurityException: JwtConfig.expiration may not be null
	at com.athena.server.pluggable.utils.helper.EntityValidatorHelper.validateEntity(EntityValidatorHelper.java:37)
	at com.app.shared.appbasicsetup.aaa.JwtConfig.isValid(JwtConfig.java:184)
	at com.app.server.service.appbasicsetup.aaa.JwtConfigTestCase.validateJwtConfig(JwtConfigTestCase.java:208)
	at com.app.server.service.appbasicsetup.aaa.JwtConfigTestCase.test5NegativeTesting(JwtConfigTestCase.java:253)
	at sun.reflect.NativeMethodAccessorImpl.invoke0(Native Method)
	at sun.reflect.NativeMethodAccessorImpl.invoke(NativeMethodAccessorImpl.java:57)
	at sun.reflect.DelegatingMethodAccessorImpl.invoke(DelegatingMethodAccessorImpl.java:43)
	at java.lang.reflect.Method.invoke(Method.java:606)
	at org.junit.runners.model.FrameworkMethod$1.runReflectiveCall(FrameworkMethod.java:47)
	at org.junit.internal.runners.model.ReflectiveCallable.run(ReflectiveCallable.java:12)
	at org.junit.runners.model.FrameworkMethod.invokeExplosively(FrameworkMethod.java:44)
	at org.junit.internal.runners.statements.InvokeMethod.evaluate(InvokeMethod.java:17)
	at org.junit.internal.runners.statements.RunBefores.evaluate(RunBefores.java:26)
	at org.springframework.test.context.junit4.statements.RunBeforeTestMethodCallbacks.evaluate(RunBeforeTestMethodCallbacks.java:74)
	at org.junit.internal.runners.statements.RunAfters.evaluate(RunAfters.java:27)
	at org.springframework.test.context.junit4.statements.RunAfterTestMethodCallbacks.evaluate(RunAfterTestMethodCallbacks.java:83)
	at org.springframework.test.context.junit4.statements.SpringRepeat.evaluate(SpringRepeat.java:72)
	at org.springframework.test.context.junit4.SpringJUnit4ClassRunner.runChild(SpringJUnit4ClassRunner.java:233)
	at org.springframework.test.context.junit4.SpringJUnit4ClassRunner.runChild(SpringJUnit4ClassRunner.java:87)
	at org.junit.runners.ParentRunner$3.run(ParentRunner.java:238)
	at org.junit.runners.ParentRunner$1.schedule(ParentRunner.java:63)
	at org.junit.runners.ParentRunner.runChildren(ParentRunner.java:236)
	at org.junit.runners.ParentRunner.access$000(ParentRunner.java:53)
	at org.junit.runners.ParentRunner$2.evaluate(ParentRunner.java:229)
	at org.junit.internal.runners.statements.RunBefores.evaluate(RunBefores.java:26)
	at org.springframework.test.context.junit4.statements.RunBeforeTestClassCallbacks.evaluate(RunBeforeTestClassCallbacks.java:61)
	at org.springframework.test.context.junit4.statements.RunAfterTestClassCallbacks.evaluate(RunAfterTestClassCallbacks.java:71)
	at org.junit.runners.ParentRunner.run(ParentRunner.java:309)
	at org.springframework.test.context.junit4.SpringJUnit4ClassRunner.run(SpringJUnit4ClassRunner.java:176)
	at org.gradle.api.internal.tasks.testing.junit.JUnitTestClassExecuter.runTestClass(JUnitTestClassExecuter.java:86)
	at org.gradle.api.internal.tasks.testing.junit.JUnitTestClassExecuter.execute(JUnitTestClassExecuter.java:49)
	at org.gradle.api.internal.tasks.testing.junit.JUnitTestClassProcessor.processTestClass(JUnitTestClassProcessor.java:64)
	at org.gradle.api.internal.tasks.testing.SuiteTestClassProcessor.processTestClass(SuiteTestClassProcessor.java:50)
	at sun.reflect.NativeMethodAccessorImpl.invoke0(Native Method)
	at sun.reflect.NativeMethodAccessorImpl.invoke(NativeMethodAccessorImpl.java:57)
	at sun.reflect.DelegatingMethodAccessorImpl.invoke(DelegatingMethodAccessorImpl.java:43)
	at java.lang.reflect.Method.invoke(Method.java:606)
	at org.gradle.messaging.dispatch.ReflectionDispatch.dispatch(ReflectionDispatch.java:35)
	at org.gradle.messaging.dispatch.ReflectionDispatch.dispatch(ReflectionDispatch.java:24)
	at org.gradle.messaging.dispatch.ContextClassLoaderDispatch.dispatch(ContextClassLoaderDispatch.java:32)
	at org.gradle.messaging.dispatch.ProxyDispatchAdapter$DispatchingInvocationHandler.invoke(ProxyDispatchAdapter.java:93)
	at com.sun.proxy.$Proxy2.processTestClass(Unknown Source)
	at org.gradle.api.internal.tasks.testing.worker.TestWorker.processTestClass(TestWorker.java:106)
	at sun.reflect.NativeMethodAccessorImpl.invoke0(Native Method)
	at sun.reflect.NativeMethodAccessorImpl.invoke(NativeMethodAccessorImpl.java:57)
	at sun.reflect.DelegatingMethodAccessorImpl.invoke(DelegatingMethodAccessorImpl.java:43)
	at java.lang.reflect.Method.invoke(Method.java:606)
	at org.gradle.messaging.dispatch.ReflectionDispatch.dispatch(ReflectionDispatch.java:35)
	at org.gradle.messaging.dispatch.ReflectionDispatch.dispatch(ReflectionDispatch.java:24)
	at org.gradle.messaging.remote.internal.hub.MessageHub$Handler.run(MessageHub.java:360)
	at org.gradle.internal.concurrent.DefaultExecutorFactory$StoppableExecutorImpl$1.run(DefaultExecutorFactory.java:64)
	at java.util.concurrent.ThreadPoolExecutor.runWorker(ThreadPoolExecutor.java:1145)
	at java.util.concurrent.ThreadPoolExecutor$Worker.run(ThreadPoolExecutor.java:615)
	at java.lang.Thread.run(Thread.java:745)
JwtConfig.tokenKey may not be null
java.lang.SecurityException: JwtConfig.tokenKey may not be null
	at com.athena.server.pluggable.utils.helper.EntityValidatorHelper.validateEntity(EntityValidatorHelper.java:37)
	at com.app.shared.appbasicsetup.aaa.JwtConfig.isValid(JwtConfig.java:184)
	at com.app.server.service.appbasicsetup.aaa.JwtConfigTestCase.validateJwtConfig(JwtConfigTestCase.java:208)
	at com.app.server.service.appbasicsetup.aaa.JwtConfigTestCase.test5NegativeTesting(JwtConfigTestCase.java:259)
	at sun.reflect.NativeMethodAccessorImpl.invoke0(Native Method)
	at sun.reflect.NativeMethodAccessorImpl.invoke(NativeMethodAccessorImpl.java:57)
	at sun.reflect.DelegatingMethodAccessorImpl.invoke(DelegatingMethodAccessorImpl.java:43)
	at java.lang.reflect.Method.invoke(Method.java:606)
	at org.junit.runners.model.FrameworkMethod$1.runReflectiveCall(FrameworkMethod.java:47)
	at org.junit.internal.runners.model.ReflectiveCallable.run(ReflectiveCallable.java:12)
	at org.junit.runners.model.FrameworkMethod.invokeExplosively(FrameworkMethod.java:44)
	at org.junit.internal.runners.statements.InvokeMethod.evaluate(InvokeMethod.java:17)
	at org.junit.internal.runners.statements.RunBefores.evaluate(RunBefores.java:26)
	at org.springframework.test.context.junit4.statements.RunBeforeTestMethodCallbacks.evaluate(RunBeforeTestMethodCallbacks.java:74)
	at org.junit.internal.runners.statements.RunAfters.evaluate(RunAfters.java:27)
	at org.springframework.test.context.junit4.statements.RunAfterTestMethodCallbacks.evaluate(RunAfterTestMethodCallbacks.java:83)
	at org.springframework.test.context.junit4.statements.SpringRepeat.evaluate(SpringRepeat.java:72)
	at org.springframework.test.context.junit4.SpringJUnit4ClassRunner.runChild(SpringJUnit4ClassRunner.java:233)
	at org.springframework.test.context.junit4.SpringJUnit4ClassRunner.runChild(SpringJUnit4ClassRunner.java:87)
	at org.junit.runners.ParentRunner$3.run(ParentRunner.java:238)
	at org.junit.runners.ParentRunner$1.schedule(ParentRunner.java:63)
	at org.junit.runners.ParentRunner.runChildren(ParentRunner.java:236)
	at org.junit.runners.ParentRunner.access$000(ParentRunner.java:53)
	at org.junit.runners.ParentRunner$2.evaluate(ParentRunner.java:229)
	at org.junit.internal.runners.statements.RunBefores.evaluate(RunBefores.java:26)
	at org.springframework.test.context.junit4.statements.RunBeforeTestClassCallbacks.evaluate(RunBeforeTestClassCallbacks.java:61)
	at org.springframework.test.context.junit4.statements.RunAfterTestClassCallbacks.evaluate(RunAfterTestClassCallbacks.java:71)
	at org.junit.runners.ParentRunner.run(ParentRunner.java:309)
	at org.springframework.test.context.junit4.SpringJUnit4ClassRunner.run(SpringJUnit4ClassRunner.java:176)
	at org.gradle.api.internal.tasks.testing.junit.JUnitTestClassExecuter.runTestClass(JUnitTestClassExecuter.java:86)
	at org.gradle.api.internal.tasks.testing.junit.JUnitTestClassExecuter.execute(JUnitTestClassExecuter.java:49)
	at org.gradle.api.internal.tasks.testing.junit.JUnitTestClassProcessor.processTestClass(JUnitTestClassProcessor.java:64)
	at org.gradle.api.internal.tasks.testing.SuiteTestClassProcessor.processTestClass(SuiteTestClassProcessor.java:50)
	at sun.reflect.NativeMethodAccessorImpl.invoke0(Native Method)
	at sun.reflect.NativeMethodAccessorImpl.invoke(NativeMethodAccessorImpl.java:57)
	at sun.reflect.DelegatingMethodAccessorImpl.invoke(DelegatingMethodAccessorImpl.java:43)
	at java.lang.reflect.Method.invoke(Method.java:606)
	at org.gradle.messaging.dispatch.ReflectionDispatch.dispatch(ReflectionDispatch.java:35)
	at org.gradle.messaging.dispatch.ReflectionDispatch.dispatch(ReflectionDispatch.java:24)
	at org.gradle.messaging.dispatch.ContextClassLoaderDispatch.dispatch(ContextClassLoaderDispatch.java:32)
	at org.gradle.messaging.dispatch.ProxyDispatchAdapter$DispatchingInvocationHandler.invoke(ProxyDispatchAdapter.java:93)
	at com.sun.proxy.$Proxy2.processTestClass(Unknown Source)
	at org.gradle.api.internal.tasks.testing.worker.TestWorker.processTestClass(TestWorker.java:106)
	at sun.reflect.NativeMethodAccessorImpl.invoke0(Native Method)
	at sun.reflect.NativeMethodAccessorImpl.invoke(NativeMethodAccessorImpl.java:57)
	at sun.reflect.DelegatingMethodAccessorImpl.invoke(DelegatingMethodAccessorImpl.java:43)
	at java.lang.reflect.Method.invoke(Method.java:606)
	at org.gradle.messaging.dispatch.ReflectionDispatch.dispatch(ReflectionDispatch.java:35)
	at org.gradle.messaging.dispatch.ReflectionDispatch.dispatch(ReflectionDispatch.java:24)
	at org.gradle.messaging.remote.internal.hub.MessageHub$Handler.run(MessageHub.java:360)
	at org.gradle.internal.concurrent.DefaultExecutorFactory$StoppableExecutorImpl$1.run(DefaultExecutorFactory.java:64)
	at java.util.concurrent.ThreadPoolExecutor.runWorker(ThreadPoolExecutor.java:1145)
	at java.util.concurrent.ThreadPoolExecutor$Worker.run(ThreadPoolExecutor.java:615)
	at java.lang.Thread.run(Thread.java:745)
JwtConfig.tokenKey size must be between 1 and 256
java.lang.SecurityException: JwtConfig.tokenKey size must be between 1 and 256
	at com.athena.server.pluggable.utils.helper.EntityValidatorHelper.validateEntity(EntityValidatorHelper.java:37)
	at com.app.shared.appbasicsetup.aaa.JwtConfig.isValid(JwtConfig.java:184)
	at com.app.server.service.appbasicsetup.aaa.JwtConfigTestCase.validateJwtConfig(JwtConfigTestCase.java:206)
	at com.app.server.service.appbasicsetup.aaa.JwtConfigTestCase.test5NegativeTesting(JwtConfigTestCase.java:264)
	at sun.reflect.NativeMethodAccessorImpl.invoke0(Native Method)
	at sun.reflect.NativeMethodAccessorImpl.invoke(NativeMethodAccessorImpl.java:57)
	at sun.reflect.DelegatingMethodAccessorImpl.invoke(DelegatingMethodAccessorImpl.java:43)
	at java.lang.reflect.Method.invoke(Method.java:606)
	at org.junit.runners.model.FrameworkMethod$1.runReflectiveCall(FrameworkMethod.java:47)
	at org.junit.internal.runners.model.ReflectiveCallable.run(ReflectiveCallable.java:12)
	at org.junit.runners.model.FrameworkMethod.invokeExplosively(FrameworkMethod.java:44)
	at org.junit.internal.runners.statements.InvokeMethod.evaluate(InvokeMethod.java:17)
	at org.junit.internal.runners.statements.RunBefores.evaluate(RunBefores.java:26)
	at org.springframework.test.context.junit4.statements.RunBeforeTestMethodCallbacks.evaluate(RunBeforeTestMethodCallbacks.java:74)
	at org.junit.internal.runners.statements.RunAfters.evaluate(RunAfters.java:27)
	at org.springframework.test.context.junit4.statements.RunAfterTestMethodCallbacks.evaluate(RunAfterTestMethodCallbacks.java:83)
	at org.springframework.test.context.junit4.statements.SpringRepeat.evaluate(SpringRepeat.java:72)
	at org.springframework.test.context.junit4.SpringJUnit4ClassRunner.runChild(SpringJUnit4ClassRunner.java:233)
	at org.springframework.test.context.junit4.SpringJUnit4ClassRunner.runChild(SpringJUnit4ClassRunner.java:87)
	at org.junit.runners.ParentRunner$3.run(ParentRunner.java:238)
	at org.junit.runners.ParentRunner$1.schedule(ParentRunner.java:63)
	at org.junit.runners.ParentRunner.runChildren(ParentRunner.java:236)
	at org.junit.runners.ParentRunner.access$000(ParentRunner.java:53)
	at org.junit.runners.ParentRunner$2.evaluate(ParentRunner.java:229)
	at org.junit.internal.runners.statements.RunBefores.evaluate(RunBefores.java:26)
	at org.springframework.test.context.junit4.statements.RunBeforeTestClassCallbacks.evaluate(RunBeforeTestClassCallbacks.java:61)
	at org.springframework.test.context.junit4.statements.RunAfterTestClassCallbacks.evaluate(RunAfterTestClassCallbacks.java:71)
	at org.junit.runners.ParentRunner.run(ParentRunner.java:309)
	at org.springframework.test.context.junit4.SpringJUnit4ClassRunner.run(SpringJUnit4ClassRunner.java:176)
	at org.gradle.api.internal.tasks.testing.junit.JUnitTestClassExecuter.runTestClass(JUnitTestClassExecuter.java:86)
	at org.gradle.api.internal.tasks.testing.junit.JUnitTestClassExecuter.execute(JUnitTestClassExecuter.java:49)
	at org.gradle.api.internal.tasks.testing.junit.JUnitTestClassProcessor.processTestClass(JUnitTestClassProcessor.java:64)
	at org.gradle.api.internal.tasks.testing.SuiteTestClassProcessor.processTestClass(SuiteTestClassProcessor.java:50)
	at sun.reflect.NativeMethodAccessorImpl.invoke0(Native Method)
	at sun.reflect.NativeMethodAccessorImpl.invoke(NativeMethodAccessorImpl.java:57)
	at sun.reflect.DelegatingMethodAccessorImpl.invoke(DelegatingMethodAccessorImpl.java:43)
	at java.lang.reflect.Method.invoke(Method.java:606)
	at org.gradle.messaging.dispatch.ReflectionDispatch.dispatch(ReflectionDispatch.java:35)
	at org.gradle.messaging.dispatch.ReflectionDispatch.dispatch(ReflectionDispatch.java:24)
	at org.gradle.messaging.dispatch.ContextClassLoaderDispatch.dispatch(ContextClassLoaderDispatch.java:32)
	at org.gradle.messaging.dispatch.ProxyDispatchAdapter$DispatchingInvocationHandler.invoke(ProxyDispatchAdapter.java:93)
	at com.sun.proxy.$Proxy2.processTestClass(Unknown Source)
	at org.gradle.api.internal.tasks.testing.worker.TestWorker.processTestClass(TestWorker.java:106)
	at sun.reflect.NativeMethodAccessorImpl.invoke0(Native Method)
	at sun.reflect.NativeMethodAccessorImpl.invoke(NativeMethodAccessorImpl.java:57)
	at sun.reflect.DelegatingMethodAccessorImpl.invoke(DelegatingMethodAccessorImpl.java:43)
	at java.lang.reflect.Method.invoke(Method.java:606)
	at org.gradle.messaging.dispatch.ReflectionDispatch.dispatch(ReflectionDispatch.java:35)
	at org.gradle.messaging.dispatch.ReflectionDispatch.dispatch(ReflectionDispatch.java:24)
	at org.gradle.messaging.remote.internal.hub.MessageHub$Handler.run(MessageHub.java:360)
	at org.gradle.internal.concurrent.DefaultExecutorFactory$StoppableExecutorImpl$1.run(DefaultExecutorFactory.java:64)
	at java.util.concurrent.ThreadPoolExecutor.runWorker(ThreadPoolExecutor.java:1145)
	at java.util.concurrent.ThreadPoolExecutor$Worker.run(ThreadPoolExecutor.java:615)
	at java.lang.Thread.run(Thread.java:745)
]]></system-err>
</testsuite>
