<?xml version="1.0" encoding="UTF-8"?>
<testsuite name="com.app.server.service.organization.contactmanagement.SocialCommunicationTestCase" tests="6" skipped="0" failures="0" errors="0" timestamp="2016-09-21T06:35:37" hostname="ab5a12c16337" time="0.701">
  <properties/>
  <testcase name="test1Save" classname="com.app.server.service.organization.contactmanagement.SocialCommunicationTestCase" time="0.335"/>
  <testcase name="test2Update" classname="com.app.server.service.organization.contactmanagement.SocialCommunicationTestCase" time="0.081"/>
  <testcase name="test3FindById" classname="com.app.server.service.organization.contactmanagement.SocialCommunicationTestCase" time="0.035"/>
  <testcase name="test3findBycommType" classname="com.app.server.service.organization.contactmanagement.SocialCommunicationTestCase" time="0.033"/>
  <testcase name="test5NegativeTesting" classname="com.app.server.service.organization.contactmanagement.SocialCommunicationTestCase" time="0.01"/>
  <testcase name="test6Delete" classname="com.app.server.service.organization.contactmanagement.SocialCommunicationTestCase" time="0.206"/>
  <system-out><![CDATA[Wed Sep 21 06:35:37 UTC 2016|Log Manager Factory|Initialization Process started.....
Wed Sep 21 06:35:37 UTC 2016|Log Manager|Initialized with Path = [/home/applifire/workspace/testpro/src/main/webapp/WEB-INF/conf]
Wed Sep 21 06:35:37 UTC 2016|Alarm Manager|Initialized with Path = [/home/applifire/workspace/testpro/src/main/webapp/WEB-INF/conf]
Wed Sep 21 06:35:37 UTC 2016|Alarm Manager|Loading Alarms ......
Wed Sep 21 06:35:37 UTC 2016|Alarm XML Parser|FWA|XML Parsing Complete........ 
Wed Sep 21 06:35:37 UTC 2016|Alarm File Manager|FWA|Alarm File Status.. [ApplicationFrameworkAlarms.xml]|Version=15|Status=Done 
Wed Sep 21 06:35:37 UTC 2016|Alarm File Manager|FWA|Alarm Stats = ( BC/AL=5/786 SYS=5/11 [786/0]  TPL=0/0 [0/0]  APP= A.Map=[875]  E.Map EC/RC=[391/79] )
Wed Sep 21 06:35:37 UTC 2016|Alarm XML Parser|APP|XML Parsing Complete........ 
Wed Sep 21 06:35:37 UTC 2016|Alarm File Manager|APP|Alarm File Status.. [ApplicationAlarms.xml]|Version=1|Status=Done 
Wed Sep 21 06:35:37 UTC 2016|Alarm File Manager|APP|Alarm Stats = ( BC/AL=5/786 SYS=5/11 [786/0]  TPL=0/0 [0/0]  APP=0/0 [0/0]  A.Map=[875]  E.Map EC/RC=[391/79] )
Wed Sep 21 06:35:37 UTC 2016|ApplicationAlarmContext| <><><><><> Create App Alarms ....  <><><><><> 
Wed Sep 21 06:35:37 UTC 2016|ApplicationAlarmContext|Alarms are generated ONLY in Development Mode.. 
Wed Sep 21 06:35:37 UTC 2016|Alarm Manager|APP|Alarm Stats = ( BC/AL=5/786 SYS=5/11 [786/0]  TPL=0/0 [0/0]  APP=0/0 [0/0]  A.Map=[875]  E.Map EC/RC=[391/79] )
Wed Sep 21 06:35:37 UTC 2016|Alarm Manager|Initialized Exception Lookup...
Wed Sep 21 06:35:37 UTC 2016|Log Manager|Initialize Log Config File ......
Wed Sep 21 06:35:37 UTC 2016|Pluggable Connectors|Adding Connectors : StandardOutputConnector isEnabled=true isDefault=false isFallBack=true
Wed Sep 21 06:35:37 UTC 2016|Pluggable Connectors|Adding Connectors : StandardFileConnector isEnabled=true isDefault=false isFallBack=false
Wed Sep 21 06:35:37 UTC 2016|Pluggable Connectors|Adding Connectors : Sprinkler isEnabled=true isDefault=true isFallBack=false
Wed Sep 21 06:35:37 UTC 2016|Pluggable Connectors|Default Connector Name : com.spartan.logger.core.LogMessenger
Wed Sep 21 06:35:37 UTC 2016|Log Config Parser|Connector Least Log Level =[4]  FallBack Log Level =[3]
Wed Sep 21 06:35:37 UTC 2016|Log Manager|Loading Default Connector for Logging ......
Wed Sep 21 06:35:37 UTC 2016|Log Manager|Loading class .. com.spartan.logger.core.LogMessenger
Wed Sep 21 06:35:37 UTC 2016|Plugggable Connector|Connector class com.spartan.logger.core.LogMessenger Initialized... @ Log Level = 3
Wed Sep 21 06:35:37 UTC 2016|Log Manager|Starting the Default Connector [com.spartan.logger.core.LogMessenger@39ef4652] ....
Wed Sep 21 06:35:37 UTC 2016|Scheduler|Starting the Scheduler ......
Wed Sep 21 06:35:37 UTC 2016|Scheduler|Adding [LMID=[b53b3b4c-eae5-4dab-b5a8-91035a9d6d6b]] Delay=5 Time Unit=MINUTES
Wed Sep 21 06:35:37 UTC 2016|Scheduler|Adding [App Alarm Manager File=[ApplicationAlarms.xml]] Delay=30 Time Unit=MINUTES
Wed Sep 21 06:35:37 UTC 2016|Scheduler|Adding [FW Alarm Manager File=[ApplicationFrameworkAlarms.xml]] Delay=3 Time Unit=MINUTES
Wed Sep 21 06:35:37 UTC 2016|Scheduler|Startup Completed..
Wed Sep 21 06:35:37 UTC 2016|Log Manager|Initialization Process Complete ......
Wed Sep 21 06:35:37 UTC 2016|Log Manager Factory|Log Manager READY! ID = b53b3b4c-eae5-4dab-b5a8-91035a9d6d6b
[EL Finer]: connection: 2016-09-21 06:35:37.54--ServerSession(993367760)--Thread(Thread[Test worker,5,main])--client acquired: 2007006832
[EL Finer]: transaction: 2016-09-21 06:35:37.54--ClientSession(2007006832)--Thread(Thread[Test worker,5,main])--acquire unit of work: 1238181995
[EL Finest]: connection: 2016-09-21 06:35:37.54--ServerSession(993367760)--Connection(1008250535)--Thread(Thread[Test worker,5,main])--Connection acquired from connection pool [default].
[EL Finer]: transaction: 2016-09-21 06:35:37.54--ClientSession(2007006832)--Connection(1008250535)--Thread(Thread[Test worker,5,main])--begin transaction
[EL Finest]: connection: 2016-09-21 06:35:37.54--ClientSession(2007006832)--Thread(Thread[Test worker,5,main])--reconnecting to external connection pool
[EL Finest]: transaction: 2016-09-21 06:35:37.543--UnitOfWork(1238181995)--Thread(Thread[Test worker,5,main])--persist() operation called on: RcpY1KA33Ud5gxj2Gt2p5iDsAYHJrK8mSijmfaGrwmMf4K2psd.
[EL Finest]: sequencing: 2016-09-21 06:35:37.543--UnitOfWork(1238181995)--Thread(Thread[Test worker,5,main])--assign sequence to the object (22C452E1-43F7-4AD9-B5FD-7D36961A655B -> RcpY1KA33Ud5gxj2Gt2p5iDsAYHJrK8mSijmfaGrwmMf4K2psd)
Wed Sep 21 06:35:37 UTC 2016|Unknown Alarm = ORGCM322100200 Alarm Split = ORG-CM-3-2-2-100-200
[EL Finer]: transaction: 2016-09-21 06:35:37.544--UnitOfWork(1238181995)--Thread(Thread[Test worker,5,main])--begin unit of work commit
[EL Finest]: query: 2016-09-21 06:35:37.544--UnitOfWork(1238181995)--Thread(Thread[Test worker,5,main])--Execute query InsertObjectQuery(RcpY1KA33Ud5gxj2Gt2p5iDsAYHJrK8mSijmfaGrwmMf4K2psd)
[EL Fine]: sql: 2016-09-21 06:35:37.546--ClientSession(2007006832)--Connection(844044351)--Thread(Thread[Test worker,5,main])--INSERT INTO SocialCategory (socialCatId, socialCatName, versionId, createdBy, createdDate, updatedBy, updatedDate, activeStatus, txnAccessCode) VALUES (?, ?, ?, ?, ?, ?, ?, ?, ?)
	bind => [22C452E1-43F7-4AD9-B5FD-7D36961A655B, RcpY1KA33Ud5gxj2Gt2p5iDsAYHJrK8mSijmfaGrwmMf4K2psd, 1, AAAAA, 2016-09-21 06:35:37.516, AAAAA, 2016-09-21 06:35:37.516, 1, 51000]
[EL Finer]: transaction: 2016-09-21 06:35:37.547--ClientSession(2007006832)--Connection(844044351)--Thread(Thread[Test worker,5,main])--commit transaction
[EL Finest]: connection: 2016-09-21 06:35:37.594--ServerSession(993367760)--Connection(1008250535)--Thread(Thread[Test worker,5,main])--Connection released to connection pool [default].
[EL Finer]: transaction: 2016-09-21 06:35:37.594--UnitOfWork(1238181995)--Thread(Thread[Test worker,5,main])--end unit of work commit
[EL Finer]: transaction: 2016-09-21 06:35:37.594--UnitOfWork(1238181995)--Thread(Thread[Test worker,5,main])--resume unit of work
[EL Finer]: transaction: 2016-09-21 06:35:37.594--UnitOfWork(1238181995)--Thread(Thread[Test worker,5,main])--release unit of work
[EL Finer]: connection: 2016-09-21 06:35:37.594--ClientSession(2007006832)--Thread(Thread[Test worker,5,main])--client released
[EL Finer]: connection: 2016-09-21 06:35:37.709--ServerSession(993367760)--Thread(Thread[Test worker,5,main])--client acquired: 1910876847
[EL Finer]: transaction: 2016-09-21 06:35:37.709--ClientSession(1910876847)--Thread(Thread[Test worker,5,main])--acquire unit of work: 489226644
[EL Finest]: connection: 2016-09-21 06:35:37.709--ServerSession(993367760)--Connection(1864804992)--Thread(Thread[Test worker,5,main])--Connection acquired from connection pool [default].
[EL Finer]: transaction: 2016-09-21 06:35:37.709--ClientSession(1910876847)--Connection(1864804992)--Thread(Thread[Test worker,5,main])--begin transaction
[EL Finest]: connection: 2016-09-21 06:35:37.71--ClientSession(1910876847)--Thread(Thread[Test worker,5,main])--reconnecting to external connection pool
[EL Finest]: transaction: 2016-09-21 06:35:37.714--UnitOfWork(489226644)--Thread(Thread[Test worker,5,main])--persist() operation called on: .
[EL Finest]: sequencing: 2016-09-21 06:35:37.715--UnitOfWork(489226644)--Thread(Thread[Test worker,5,main])--assign sequence to the object (229FB2C8-C32E-47DF-BB9D-6D0F146D25F5 -> )
Wed Sep 21 06:35:37 UTC 2016|Unknown Alarm = ORGCM322100200 Alarm Split = ORG-CM-3-2-2-100-200
[EL Finer]: transaction: 2016-09-21 06:35:37.715--UnitOfWork(489226644)--Thread(Thread[Test worker,5,main])--begin unit of work commit
[EL Finest]: query: 2016-09-21 06:35:37.715--UnitOfWork(489226644)--Thread(Thread[Test worker,5,main])--Execute query InsertObjectQuery()
[EL Fine]: sql: 2016-09-21 06:35:37.715--ClientSession(1910876847)--Connection(724543562)--Thread(Thread[Test worker,5,main])--INSERT INTO SocialCommunication (socialId, commType, social, versionId, createdBy, createdDate, updatedBy, updatedDate, activeStatus, txnAccessCode, multiTenantId) VALUES (?, ?, ?, ?, ?, ?, ?, ?, ?, ?, ?)
	bind => [229FB2C8-C32E-47DF-BB9D-6D0F146D25F5, 22C452E1-43F7-4AD9-B5FD-7D36961A655B, 6n0ArD0fl2XXxzPfK7kFClHOaNiGdpOUSXEiVMwF8SOIykrezP, 1, AAAAA, 2016-09-21 06:35:37.594, AAAAA, 2016-09-21 06:35:37.594, 1, 51000, appCreateValue]
[EL Finer]: transaction: 2016-09-21 06:35:37.717--ClientSession(1910876847)--Connection(724543562)--Thread(Thread[Test worker,5,main])--commit transaction
[EL Finest]: connection: 2016-09-21 06:35:37.81--ServerSession(993367760)--Connection(1864804992)--Thread(Thread[Test worker,5,main])--Connection released to connection pool [default].
[EL Finer]: transaction: 2016-09-21 06:35:37.81--UnitOfWork(489226644)--Thread(Thread[Test worker,5,main])--end unit of work commit
[EL Finer]: transaction: 2016-09-21 06:35:37.81--UnitOfWork(489226644)--Thread(Thread[Test worker,5,main])--resume unit of work
[EL Finer]: transaction: 2016-09-21 06:35:37.81--UnitOfWork(489226644)--Thread(Thread[Test worker,5,main])--release unit of work
[EL Finer]: connection: 2016-09-21 06:35:37.81--ClientSession(1910876847)--Thread(Thread[Test worker,5,main])--client released
[EL Finer]: connection: 2016-09-21 06:35:37.848--ServerSession(993367760)--Thread(Thread[Test worker,5,main])--client acquired: 1156756187
[EL Finer]: transaction: 2016-09-21 06:35:37.848--ClientSession(1156756187)--Thread(Thread[Test worker,5,main])--acquire unit of work: 431778618
[EL Finest]: connection: 2016-09-21 06:35:37.848--ServerSession(993367760)--Connection(555989513)--Thread(Thread[Test worker,5,main])--Connection acquired from connection pool [default].
[EL Finer]: transaction: 2016-09-21 06:35:37.848--ClientSession(1156756187)--Connection(555989513)--Thread(Thread[Test worker,5,main])--begin transaction
[EL Finest]: connection: 2016-09-21 06:35:37.848--ClientSession(1156756187)--Thread(Thread[Test worker,5,main])--reconnecting to external connection pool
[EL Finer]: transaction: 2016-09-21 06:35:37.85--UnitOfWork(431778618)--Thread(Thread[Test worker,5,main])--begin unit of work flush
[EL Finer]: transaction: 2016-09-21 06:35:37.85--UnitOfWork(431778618)--Thread(Thread[Test worker,5,main])--end unit of work flush
[EL Finest]: query: 2016-09-21 06:35:37.85--UnitOfWork(431778618)--Thread(Thread[Test worker,5,main])--Execute query ReadAllQuery(name="SocialCommunication.findById" referenceClass=SocialCommunication sql="SELECT socialId, multiTenantId, commType, social, versionId, createdBy, createdDate, updatedBy, updatedDate, activeStatus, txnAccessCode FROM SocialCommunication WHERE (((activeStatus = ?) AND (socialId = ?)) AND (multiTenantId = ?))")
[EL Fine]: sql: 2016-09-21 06:35:37.85--ClientSession(1156756187)--Connection(1134779495)--Thread(Thread[Test worker,5,main])--SELECT socialId, multiTenantId, commType, social, versionId, createdBy, createdDate, updatedBy, updatedDate, activeStatus, txnAccessCode FROM SocialCommunication WHERE (((activeStatus = ?) AND (socialId = ?)) AND (multiTenantId = ?))
	bind => [1, 229FB2C8-C32E-47DF-BB9D-6D0F146D25F5, appCreateValue]
Wed Sep 21 06:35:37 UTC 2016|Unknown Alarm = ORGCM324100200 Alarm Split = ORG-CM-3-2-4-100-200
[EL Finer]: transaction: 2016-09-21 06:35:37.852--UnitOfWork(431778618)--Thread(Thread[Test worker,5,main])--begin unit of work commit
[EL Finer]: transaction: 2016-09-21 06:35:37.852--ClientSession(1156756187)--Connection(1134779495)--Thread(Thread[Test worker,5,main])--commit transaction
[EL Finest]: connection: 2016-09-21 06:35:37.852--ServerSession(993367760)--Connection(555989513)--Thread(Thread[Test worker,5,main])--Connection released to connection pool [default].
[EL Finer]: transaction: 2016-09-21 06:35:37.852--UnitOfWork(431778618)--Thread(Thread[Test worker,5,main])--end unit of work commit
[EL Finer]: transaction: 2016-09-21 06:35:37.852--UnitOfWork(431778618)--Thread(Thread[Test worker,5,main])--resume unit of work
[EL Finer]: transaction: 2016-09-21 06:35:37.853--UnitOfWork(431778618)--Thread(Thread[Test worker,5,main])--release unit of work
[EL Finer]: connection: 2016-09-21 06:35:37.853--ClientSession(1156756187)--Thread(Thread[Test worker,5,main])--client released
[EL Finer]: connection: 2016-09-21 06:35:37.853--ServerSession(993367760)--Thread(Thread[Test worker,5,main])--client acquired: 935916151
[EL Finer]: transaction: 2016-09-21 06:35:37.853--ClientSession(935916151)--Thread(Thread[Test worker,5,main])--acquire unit of work: 1772519229
[EL Finest]: connection: 2016-09-21 06:35:37.853--ServerSession(993367760)--Connection(837530619)--Thread(Thread[Test worker,5,main])--Connection acquired from connection pool [default].
[EL Finer]: transaction: 2016-09-21 06:35:37.853--ClientSession(935916151)--Connection(837530619)--Thread(Thread[Test worker,5,main])--begin transaction
[EL Finest]: connection: 2016-09-21 06:35:37.853--ClientSession(935916151)--Thread(Thread[Test worker,5,main])--reconnecting to external connection pool
[EL Finest]: transaction: 2016-09-21 06:35:37.855--UnitOfWork(1772519229)--Thread(Thread[Test worker,5,main])--Merge clone with references 
[EL Finest]: query: 2016-09-21 06:35:37.856--UnitOfWork(1772519229)--Thread(Thread[Test worker,5,main])--Execute query ReadObjectQuery(referenceClass=SocialCommunication )
[EL Fine]: sql: 2016-09-21 06:35:37.856--ClientSession(935916151)--Connection(747040756)--Thread(Thread[Test worker,5,main])--SELECT socialId, multiTenantId, commType, social, versionId, createdBy, createdDate, updatedBy, updatedDate, activeStatus, txnAccessCode FROM SocialCommunication WHERE ((socialId = ?) AND (multiTenantId = ?))
	bind => [229FB2C8-C32E-47DF-BB9D-6D0F146D25F5, appCreateValue]
Wed Sep 21 06:35:37 UTC 2016|Unknown Alarm = ORGCM321100200 Alarm Split = ORG-CM-3-2-1-100-200
[EL Finer]: transaction: 2016-09-21 06:35:37.858--UnitOfWork(1772519229)--Thread(Thread[Test worker,5,main])--begin unit of work commit
[EL Finest]: query: 2016-09-21 06:35:37.858--UnitOfWork(1772519229)--Thread(Thread[Test worker,5,main])--Execute query UpdateObjectQuery()
[EL Fine]: sql: 2016-09-21 06:35:37.859--ClientSession(935916151)--Connection(747040756)--Thread(Thread[Test worker,5,main])--UPDATE SocialCommunication SET social = ?, versionId = ? WHERE ((socialId = ?) AND (versionId = ?))
	bind => [eZmDgopHgt0kZ4Otr4b85HL2SpWOrq32ZE03ytL1oItyiOpjr0, 2, 229FB2C8-C32E-47DF-BB9D-6D0F146D25F5, 1]
[EL Finer]: transaction: 2016-09-21 06:35:37.86--ClientSession(935916151)--Connection(747040756)--Thread(Thread[Test worker,5,main])--commit transaction
[EL Finest]: connection: 2016-09-21 06:35:37.891--ServerSession(993367760)--Connection(837530619)--Thread(Thread[Test worker,5,main])--Connection released to connection pool [default].
[EL Finer]: transaction: 2016-09-21 06:35:37.891--UnitOfWork(1772519229)--Thread(Thread[Test worker,5,main])--end unit of work commit
[EL Finer]: transaction: 2016-09-21 06:35:37.891--UnitOfWork(1772519229)--Thread(Thread[Test worker,5,main])--resume unit of work
[EL Finer]: transaction: 2016-09-21 06:35:37.892--UnitOfWork(1772519229)--Thread(Thread[Test worker,5,main])--release unit of work
[EL Finer]: connection: 2016-09-21 06:35:37.892--ClientSession(935916151)--Thread(Thread[Test worker,5,main])--client released
[EL Finer]: connection: 2016-09-21 06:35:37.923--ServerSession(993367760)--Thread(Thread[Test worker,5,main])--client acquired: 2101005129
[EL Finer]: transaction: 2016-09-21 06:35:37.923--ClientSession(2101005129)--Thread(Thread[Test worker,5,main])--acquire unit of work: 519595482
[EL Finest]: connection: 2016-09-21 06:35:37.923--ServerSession(993367760)--Connection(1172757272)--Thread(Thread[Test worker,5,main])--Connection acquired from connection pool [default].
[EL Finer]: transaction: 2016-09-21 06:35:37.923--ClientSession(2101005129)--Connection(1172757272)--Thread(Thread[Test worker,5,main])--begin transaction
[EL Finest]: connection: 2016-09-21 06:35:37.923--ClientSession(2101005129)--Thread(Thread[Test worker,5,main])--reconnecting to external connection pool
[EL Finer]: transaction: 2016-09-21 06:35:37.924--UnitOfWork(519595482)--Thread(Thread[Test worker,5,main])--begin unit of work flush
[EL Finer]: transaction: 2016-09-21 06:35:37.924--UnitOfWork(519595482)--Thread(Thread[Test worker,5,main])--end unit of work flush
[EL Finest]: query: 2016-09-21 06:35:37.924--UnitOfWork(519595482)--Thread(Thread[Test worker,5,main])--Execute query ReadAllQuery(name="SocialCommunication.findById" referenceClass=SocialCommunication sql="SELECT socialId, multiTenantId, commType, social, versionId, createdBy, createdDate, updatedBy, updatedDate, activeStatus, txnAccessCode FROM SocialCommunication WHERE (((activeStatus = ?) AND (socialId = ?)) AND (multiTenantId = ?))")
[EL Fine]: sql: 2016-09-21 06:35:37.924--ClientSession(2101005129)--Connection(1262062369)--Thread(Thread[Test worker,5,main])--SELECT socialId, multiTenantId, commType, social, versionId, createdBy, createdDate, updatedBy, updatedDate, activeStatus, txnAccessCode FROM SocialCommunication WHERE (((activeStatus = ?) AND (socialId = ?)) AND (multiTenantId = ?))
	bind => [1, 229FB2C8-C32E-47DF-BB9D-6D0F146D25F5, appCreateValue]
Wed Sep 21 06:35:37 UTC 2016|Unknown Alarm = ORGCM324100200 Alarm Split = ORG-CM-3-2-4-100-200
[EL Finer]: transaction: 2016-09-21 06:35:37.926--UnitOfWork(519595482)--Thread(Thread[Test worker,5,main])--begin unit of work commit
[EL Finer]: transaction: 2016-09-21 06:35:37.926--ClientSession(2101005129)--Connection(1262062369)--Thread(Thread[Test worker,5,main])--commit transaction
[EL Finest]: connection: 2016-09-21 06:35:37.927--ServerSession(993367760)--Connection(1172757272)--Thread(Thread[Test worker,5,main])--Connection released to connection pool [default].
[EL Finer]: transaction: 2016-09-21 06:35:37.927--UnitOfWork(519595482)--Thread(Thread[Test worker,5,main])--end unit of work commit
[EL Finer]: transaction: 2016-09-21 06:35:37.927--UnitOfWork(519595482)--Thread(Thread[Test worker,5,main])--resume unit of work
[EL Finer]: transaction: 2016-09-21 06:35:37.927--UnitOfWork(519595482)--Thread(Thread[Test worker,5,main])--release unit of work
[EL Finer]: connection: 2016-09-21 06:35:37.927--ClientSession(2101005129)--Thread(Thread[Test worker,5,main])--client released
[EL Finer]: connection: 2016-09-21 06:35:37.955--ServerSession(993367760)--Thread(Thread[Test worker,5,main])--client acquired: 1532482625
[EL Finer]: transaction: 2016-09-21 06:35:37.955--ClientSession(1532482625)--Thread(Thread[Test worker,5,main])--acquire unit of work: 1664099904
[EL Finest]: connection: 2016-09-21 06:35:37.955--ServerSession(993367760)--Connection(1847551647)--Thread(Thread[Test worker,5,main])--Connection acquired from connection pool [default].
[EL Finer]: transaction: 2016-09-21 06:35:37.955--ClientSession(1532482625)--Connection(1847551647)--Thread(Thread[Test worker,5,main])--begin transaction
[EL Finest]: connection: 2016-09-21 06:35:37.955--ClientSession(1532482625)--Thread(Thread[Test worker,5,main])--reconnecting to external connection pool
[EL Finer]: transaction: 2016-09-21 06:35:37.957--UnitOfWork(1664099904)--Thread(Thread[Test worker,5,main])--begin unit of work flush
[EL Finer]: transaction: 2016-09-21 06:35:37.957--UnitOfWork(1664099904)--Thread(Thread[Test worker,5,main])--end unit of work flush
[EL Finest]: query: 2016-09-21 06:35:37.957--UnitOfWork(1664099904)--Thread(Thread[Test worker,5,main])--Execute query ReadAllQuery(name="SocialCommunication.findByCommType" referenceClass=SocialCommunication sql="SELECT socialId, multiTenantId, commType, social, versionId, createdBy, createdDate, updatedBy, updatedDate, activeStatus, txnAccessCode FROM SocialCommunication WHERE (((activeStatus = ?) AND (commType = ?)) AND (multiTenantId = ?))")
[EL Fine]: sql: 2016-09-21 06:35:37.957--ClientSession(1532482625)--Connection(1739088053)--Thread(Thread[Test worker,5,main])--SELECT socialId, multiTenantId, commType, social, versionId, createdBy, createdDate, updatedBy, updatedDate, activeStatus, txnAccessCode FROM SocialCommunication WHERE (((activeStatus = ?) AND (commType = ?)) AND (multiTenantId = ?))
	bind => [1, 22C452E1-43F7-4AD9-B5FD-7D36961A655B, appCreateValue]
Wed Sep 21 06:35:37 UTC 2016|Unknown Alarm = ORGCM324100200 Alarm Split = ORG-CM-3-2-4-100-200
[EL Finer]: transaction: 2016-09-21 06:35:37.959--UnitOfWork(1664099904)--Thread(Thread[Test worker,5,main])--begin unit of work commit
[EL Finer]: transaction: 2016-09-21 06:35:37.959--ClientSession(1532482625)--Connection(1739088053)--Thread(Thread[Test worker,5,main])--commit transaction
[EL Finest]: connection: 2016-09-21 06:35:37.959--ServerSession(993367760)--Connection(1847551647)--Thread(Thread[Test worker,5,main])--Connection released to connection pool [default].
[EL Finer]: transaction: 2016-09-21 06:35:37.959--UnitOfWork(1664099904)--Thread(Thread[Test worker,5,main])--end unit of work commit
[EL Finer]: transaction: 2016-09-21 06:35:37.96--UnitOfWork(1664099904)--Thread(Thread[Test worker,5,main])--resume unit of work
[EL Finer]: transaction: 2016-09-21 06:35:37.96--UnitOfWork(1664099904)--Thread(Thread[Test worker,5,main])--release unit of work
[EL Finer]: connection: 2016-09-21 06:35:37.96--ClientSession(1532482625)--Thread(Thread[Test worker,5,main])--client released
[EL Finer]: connection: 2016-09-21 06:35:37.994--ServerSession(993367760)--Thread(Thread[Test worker,5,main])--client acquired: 1743588073
[EL Finer]: transaction: 2016-09-21 06:35:37.995--ClientSession(1743588073)--Thread(Thread[Test worker,5,main])--acquire unit of work: 2070379596
[EL Finest]: connection: 2016-09-21 06:35:37.995--ServerSession(993367760)--Connection(1192337631)--Thread(Thread[Test worker,5,main])--Connection acquired from connection pool [default].
[EL Finer]: transaction: 2016-09-21 06:35:37.995--ClientSession(1743588073)--Connection(1192337631)--Thread(Thread[Test worker,5,main])--begin transaction
[EL Finest]: connection: 2016-09-21 06:35:37.995--ClientSession(1743588073)--Thread(Thread[Test worker,5,main])--reconnecting to external connection pool
[EL Finest]: query: 2016-09-21 06:35:37.996--UnitOfWork(2070379596)--Thread(Thread[Test worker,5,main])--Execute query ReadObjectQuery(name="readSocialCommunication" referenceClass=SocialCommunication sql="SELECT socialId, multiTenantId, commType, social, versionId, createdBy, createdDate, updatedBy, updatedDate, activeStatus, txnAccessCode FROM SocialCommunication WHERE ((socialId = ?) AND (multiTenantId = ?))")
[EL Fine]: sql: 2016-09-21 06:35:37.996--ClientSession(1743588073)--Connection(1506680381)--Thread(Thread[Test worker,5,main])--SELECT socialId, multiTenantId, commType, social, versionId, createdBy, createdDate, updatedBy, updatedDate, activeStatus, txnAccessCode FROM SocialCommunication WHERE ((socialId = ?) AND (multiTenantId = ?))
	bind => [229FB2C8-C32E-47DF-BB9D-6D0F146D25F5, appCreateValue]
[EL Finest]: transaction: 2016-09-21 06:35:37.997--UnitOfWork(2070379596)--Thread(Thread[Test worker,5,main])--remove() operation called on: 
Wed Sep 21 06:35:37 UTC 2016|Unknown Alarm = ORGCM328100200 Alarm Split = ORG-CM-3-2-8-100-200
[EL Finer]: transaction: 2016-09-21 06:35:37.997--UnitOfWork(2070379596)--Thread(Thread[Test worker,5,main])--begin unit of work commit
[EL Finest]: query: 2016-09-21 06:35:37.998--UnitOfWork(2070379596)--Thread(Thread[Test worker,5,main])--Execute query DoesExistQuery(referenceClass=SocialCommunication )
[EL Finest]: query: 2016-09-21 06:35:37.998--UnitOfWork(2070379596)--Thread(Thread[Test worker,5,main])--Execute query DeleteObjectQuery()
[EL Fine]: sql: 2016-09-21 06:35:37.998--ClientSession(1743588073)--Connection(1506680381)--Thread(Thread[Test worker,5,main])--DELETE FROM SocialCommunication WHERE ((socialId = ?) AND (versionId = ?))
	bind => [229FB2C8-C32E-47DF-BB9D-6D0F146D25F5, 2]
[EL Finer]: transaction: 2016-09-21 06:35:37.999--ClientSession(1743588073)--Connection(1506680381)--Thread(Thread[Test worker,5,main])--commit transaction
[EL Finest]: connection: 2016-09-21 06:35:38.082--ServerSession(993367760)--Connection(1192337631)--Thread(Thread[Test worker,5,main])--Connection released to connection pool [default].
[EL Finer]: transaction: 2016-09-21 06:35:38.082--UnitOfWork(2070379596)--Thread(Thread[Test worker,5,main])--end unit of work commit
[EL Finer]: transaction: 2016-09-21 06:35:38.082--UnitOfWork(2070379596)--Thread(Thread[Test worker,5,main])--resume unit of work
[EL Finer]: transaction: 2016-09-21 06:35:38.083--UnitOfWork(2070379596)--Thread(Thread[Test worker,5,main])--release unit of work
[EL Finer]: connection: 2016-09-21 06:35:38.083--ClientSession(1743588073)--Thread(Thread[Test worker,5,main])--client released
[EL Finer]: connection: 2016-09-21 06:35:38.111--ServerSession(993367760)--Thread(Thread[Test worker,5,main])--client acquired: 1412546435
[EL Finer]: transaction: 2016-09-21 06:35:38.111--ClientSession(1412546435)--Thread(Thread[Test worker,5,main])--acquire unit of work: 236215460
[EL Finest]: connection: 2016-09-21 06:35:38.111--ServerSession(993367760)--Connection(1523456564)--Thread(Thread[Test worker,5,main])--Connection acquired from connection pool [default].
[EL Finer]: transaction: 2016-09-21 06:35:38.111--ClientSession(1412546435)--Connection(1523456564)--Thread(Thread[Test worker,5,main])--begin transaction
[EL Finest]: connection: 2016-09-21 06:35:38.111--ClientSession(1412546435)--Thread(Thread[Test worker,5,main])--reconnecting to external connection pool
[EL Finest]: query: 2016-09-21 06:35:38.113--UnitOfWork(236215460)--Thread(Thread[Test worker,5,main])--Execute query ReadObjectQuery(name="readSocialCategory" referenceClass=SocialCategory sql="SELECT socialCatId, socialCatName, versionId, createdBy, createdDate, updatedBy, updatedDate, activeStatus, txnAccessCode FROM SocialCategory WHERE (socialCatId = ?)")
[EL Fine]: sql: 2016-09-21 06:35:38.113--ClientSession(1412546435)--Connection(125079674)--Thread(Thread[Test worker,5,main])--SELECT socialCatId, socialCatName, versionId, createdBy, createdDate, updatedBy, updatedDate, activeStatus, txnAccessCode FROM SocialCategory WHERE (socialCatId = ?)
	bind => [22C452E1-43F7-4AD9-B5FD-7D36961A655B]
[EL Finest]: transaction: 2016-09-21 06:35:38.115--UnitOfWork(236215460)--Thread(Thread[Test worker,5,main])--remove() operation called on: RcpY1KA33Ud5gxj2Gt2p5iDsAYHJrK8mSijmfaGrwmMf4K2psd
Wed Sep 21 06:35:38 UTC 2016|Unknown Alarm = ORGCM328100200 Alarm Split = ORG-CM-3-2-8-100-200
[EL Finer]: transaction: 2016-09-21 06:35:38.116--UnitOfWork(236215460)--Thread(Thread[Test worker,5,main])--begin unit of work commit
[EL Finest]: query: 2016-09-21 06:35:38.116--UnitOfWork(236215460)--Thread(Thread[Test worker,5,main])--Execute query DoesExistQuery(referenceClass=SocialCategory )
[EL Finest]: query: 2016-09-21 06:35:38.116--UnitOfWork(236215460)--Thread(Thread[Test worker,5,main])--Execute query DeleteObjectQuery(RcpY1KA33Ud5gxj2Gt2p5iDsAYHJrK8mSijmfaGrwmMf4K2psd)
[EL Fine]: sql: 2016-09-21 06:35:38.117--ClientSession(1412546435)--Connection(125079674)--Thread(Thread[Test worker,5,main])--DELETE FROM SocialCategory WHERE ((socialCatId = ?) AND (versionId = ?))
	bind => [22C452E1-43F7-4AD9-B5FD-7D36961A655B, 1]
[EL Finer]: transaction: 2016-09-21 06:35:38.118--ClientSession(1412546435)--Connection(125079674)--Thread(Thread[Test worker,5,main])--commit transaction
[EL Finest]: connection: 2016-09-21 06:35:38.175--ServerSession(993367760)--Connection(1523456564)--Thread(Thread[Test worker,5,main])--Connection released to connection pool [default].
[EL Finer]: transaction: 2016-09-21 06:35:38.175--UnitOfWork(236215460)--Thread(Thread[Test worker,5,main])--end unit of work commit
[EL Finer]: transaction: 2016-09-21 06:35:38.176--UnitOfWork(236215460)--Thread(Thread[Test worker,5,main])--resume unit of work
[EL Finer]: transaction: 2016-09-21 06:35:38.176--UnitOfWork(236215460)--Thread(Thread[Test worker,5,main])--release unit of work
[EL Finer]: connection: 2016-09-21 06:35:38.176--ClientSession(1412546435)--Thread(Thread[Test worker,5,main])--client released
]]></system-out>
  <system-err><![CDATA[SocialCommunication.social may not be null
java.lang.SecurityException: SocialCommunication.social may not be null
	at com.athena.server.pluggable.utils.helper.EntityValidatorHelper.validateEntity(EntityValidatorHelper.java:37)
	at com.app.shared.organization.contactmanagement.SocialCommunication.isValid(SocialCommunication.java:176)
	at com.app.server.service.organization.contactmanagement.SocialCommunicationTestCase.validateSocialCommunication(SocialCommunicationTestCase.java:233)
	at com.app.server.service.organization.contactmanagement.SocialCommunicationTestCase.test5NegativeTesting(SocialCommunicationTestCase.java:264)
	at sun.reflect.NativeMethodAccessorImpl.invoke0(Native Method)
	at sun.reflect.NativeMethodAccessorImpl.invoke(NativeMethodAccessorImpl.java:57)
	at sun.reflect.DelegatingMethodAccessorImpl.invoke(DelegatingMethodAccessorImpl.java:43)
	at java.lang.reflect.Method.invoke(Method.java:606)
	at org.junit.runners.model.FrameworkMethod$1.runReflectiveCall(FrameworkMethod.java:47)
	at org.junit.internal.runners.model.ReflectiveCallable.run(ReflectiveCallable.java:12)
	at org.junit.runners.model.FrameworkMethod.invokeExplosively(FrameworkMethod.java:44)
	at org.junit.internal.runners.statements.InvokeMethod.evaluate(InvokeMethod.java:17)
	at org.junit.internal.runners.statements.RunBefores.evaluate(RunBefores.java:26)
	at org.springframework.test.context.junit4.statements.RunBeforeTestMethodCallbacks.evaluate(RunBeforeTestMethodCallbacks.java:74)
	at org.junit.internal.runners.statements.RunAfters.evaluate(RunAfters.java:27)
	at org.springframework.test.context.junit4.statements.RunAfterTestMethodCallbacks.evaluate(RunAfterTestMethodCallbacks.java:83)
	at org.springframework.test.context.junit4.statements.SpringRepeat.evaluate(SpringRepeat.java:72)
	at org.springframework.test.context.junit4.SpringJUnit4ClassRunner.runChild(SpringJUnit4ClassRunner.java:233)
	at org.springframework.test.context.junit4.SpringJUnit4ClassRunner.runChild(SpringJUnit4ClassRunner.java:87)
	at org.junit.runners.ParentRunner$3.run(ParentRunner.java:238)
	at org.junit.runners.ParentRunner$1.schedule(ParentRunner.java:63)
	at org.junit.runners.ParentRunner.runChildren(ParentRunner.java:236)
	at org.junit.runners.ParentRunner.access$000(ParentRunner.java:53)
	at org.junit.runners.ParentRunner$2.evaluate(ParentRunner.java:229)
	at org.junit.internal.runners.statements.RunBefores.evaluate(RunBefores.java:26)
	at org.springframework.test.context.junit4.statements.RunBeforeTestClassCallbacks.evaluate(RunBeforeTestClassCallbacks.java:61)
	at org.springframework.test.context.junit4.statements.RunAfterTestClassCallbacks.evaluate(RunAfterTestClassCallbacks.java:71)
	at org.junit.runners.ParentRunner.run(ParentRunner.java:309)
	at org.springframework.test.context.junit4.SpringJUnit4ClassRunner.run(SpringJUnit4ClassRunner.java:176)
	at org.gradle.api.internal.tasks.testing.junit.JUnitTestClassExecuter.runTestClass(JUnitTestClassExecuter.java:86)
	at org.gradle.api.internal.tasks.testing.junit.JUnitTestClassExecuter.execute(JUnitTestClassExecuter.java:49)
	at org.gradle.api.internal.tasks.testing.junit.JUnitTestClassProcessor.processTestClass(JUnitTestClassProcessor.java:64)
	at org.gradle.api.internal.tasks.testing.SuiteTestClassProcessor.processTestClass(SuiteTestClassProcessor.java:50)
	at sun.reflect.GeneratedMethodAccessor126.invoke(Unknown Source)
	at sun.reflect.DelegatingMethodAccessorImpl.invoke(DelegatingMethodAccessorImpl.java:43)
	at java.lang.reflect.Method.invoke(Method.java:606)
	at org.gradle.messaging.dispatch.ReflectionDispatch.dispatch(ReflectionDispatch.java:35)
	at org.gradle.messaging.dispatch.ReflectionDispatch.dispatch(ReflectionDispatch.java:24)
	at org.gradle.messaging.dispatch.ContextClassLoaderDispatch.dispatch(ContextClassLoaderDispatch.java:32)
	at org.gradle.messaging.dispatch.ProxyDispatchAdapter$DispatchingInvocationHandler.invoke(ProxyDispatchAdapter.java:93)
	at com.sun.proxy.$Proxy2.processTestClass(Unknown Source)
	at org.gradle.api.internal.tasks.testing.worker.TestWorker.processTestClass(TestWorker.java:106)
	at sun.reflect.GeneratedMethodAccessor125.invoke(Unknown Source)
	at sun.reflect.DelegatingMethodAccessorImpl.invoke(DelegatingMethodAccessorImpl.java:43)
	at java.lang.reflect.Method.invoke(Method.java:606)
	at org.gradle.messaging.dispatch.ReflectionDispatch.dispatch(ReflectionDispatch.java:35)
	at org.gradle.messaging.dispatch.ReflectionDispatch.dispatch(ReflectionDispatch.java:24)
	at org.gradle.messaging.remote.internal.hub.MessageHub$Handler.run(MessageHub.java:360)
	at org.gradle.internal.concurrent.DefaultExecutorFactory$StoppableExecutorImpl$1.run(DefaultExecutorFactory.java:64)
	at java.util.concurrent.ThreadPoolExecutor.runWorker(ThreadPoolExecutor.java:1145)
	at java.util.concurrent.ThreadPoolExecutor$Worker.run(ThreadPoolExecutor.java:615)
	at java.lang.Thread.run(Thread.java:745)
SocialCommunication.social size must be between 1 and 256
java.lang.SecurityException: SocialCommunication.social size must be between 1 and 256
	at com.athena.server.pluggable.utils.helper.EntityValidatorHelper.validateEntity(EntityValidatorHelper.java:37)
	at com.app.shared.organization.contactmanagement.SocialCommunication.isValid(SocialCommunication.java:176)
	at com.app.server.service.organization.contactmanagement.SocialCommunicationTestCase.validateSocialCommunication(SocialCommunicationTestCase.java:231)
	at com.app.server.service.organization.contactmanagement.SocialCommunicationTestCase.test5NegativeTesting(SocialCommunicationTestCase.java:269)
	at sun.reflect.NativeMethodAccessorImpl.invoke0(Native Method)
	at sun.reflect.NativeMethodAccessorImpl.invoke(NativeMethodAccessorImpl.java:57)
	at sun.reflect.DelegatingMethodAccessorImpl.invoke(DelegatingMethodAccessorImpl.java:43)
	at java.lang.reflect.Method.invoke(Method.java:606)
	at org.junit.runners.model.FrameworkMethod$1.runReflectiveCall(FrameworkMethod.java:47)
	at org.junit.internal.runners.model.ReflectiveCallable.run(ReflectiveCallable.java:12)
	at org.junit.runners.model.FrameworkMethod.invokeExplosively(FrameworkMethod.java:44)
	at org.junit.internal.runners.statements.InvokeMethod.evaluate(InvokeMethod.java:17)
	at org.junit.internal.runners.statements.RunBefores.evaluate(RunBefores.java:26)
	at org.springframework.test.context.junit4.statements.RunBeforeTestMethodCallbacks.evaluate(RunBeforeTestMethodCallbacks.java:74)
	at org.junit.internal.runners.statements.RunAfters.evaluate(RunAfters.java:27)
	at org.springframework.test.context.junit4.statements.RunAfterTestMethodCallbacks.evaluate(RunAfterTestMethodCallbacks.java:83)
	at org.springframework.test.context.junit4.statements.SpringRepeat.evaluate(SpringRepeat.java:72)
	at org.springframework.test.context.junit4.SpringJUnit4ClassRunner.runChild(SpringJUnit4ClassRunner.java:233)
	at org.springframework.test.context.junit4.SpringJUnit4ClassRunner.runChild(SpringJUnit4ClassRunner.java:87)
	at org.junit.runners.ParentRunner$3.run(ParentRunner.java:238)
	at org.junit.runners.ParentRunner$1.schedule(ParentRunner.java:63)
	at org.junit.runners.ParentRunner.runChildren(ParentRunner.java:236)
	at org.junit.runners.ParentRunner.access$000(ParentRunner.java:53)
	at org.junit.runners.ParentRunner$2.evaluate(ParentRunner.java:229)
	at org.junit.internal.runners.statements.RunBefores.evaluate(RunBefores.java:26)
	at org.springframework.test.context.junit4.statements.RunBeforeTestClassCallbacks.evaluate(RunBeforeTestClassCallbacks.java:61)
	at org.springframework.test.context.junit4.statements.RunAfterTestClassCallbacks.evaluate(RunAfterTestClassCallbacks.java:71)
	at org.junit.runners.ParentRunner.run(ParentRunner.java:309)
	at org.springframework.test.context.junit4.SpringJUnit4ClassRunner.run(SpringJUnit4ClassRunner.java:176)
	at org.gradle.api.internal.tasks.testing.junit.JUnitTestClassExecuter.runTestClass(JUnitTestClassExecuter.java:86)
	at org.gradle.api.internal.tasks.testing.junit.JUnitTestClassExecuter.execute(JUnitTestClassExecuter.java:49)
	at org.gradle.api.internal.tasks.testing.junit.JUnitTestClassProcessor.processTestClass(JUnitTestClassProcessor.java:64)
	at org.gradle.api.internal.tasks.testing.SuiteTestClassProcessor.processTestClass(SuiteTestClassProcessor.java:50)
	at sun.reflect.GeneratedMethodAccessor126.invoke(Unknown Source)
	at sun.reflect.DelegatingMethodAccessorImpl.invoke(DelegatingMethodAccessorImpl.java:43)
	at java.lang.reflect.Method.invoke(Method.java:606)
	at org.gradle.messaging.dispatch.ReflectionDispatch.dispatch(ReflectionDispatch.java:35)
	at org.gradle.messaging.dispatch.ReflectionDispatch.dispatch(ReflectionDispatch.java:24)
	at org.gradle.messaging.dispatch.ContextClassLoaderDispatch.dispatch(ContextClassLoaderDispatch.java:32)
	at org.gradle.messaging.dispatch.ProxyDispatchAdapter$DispatchingInvocationHandler.invoke(ProxyDispatchAdapter.java:93)
	at com.sun.proxy.$Proxy2.processTestClass(Unknown Source)
	at org.gradle.api.internal.tasks.testing.worker.TestWorker.processTestClass(TestWorker.java:106)
	at sun.reflect.GeneratedMethodAccessor125.invoke(Unknown Source)
	at sun.reflect.DelegatingMethodAccessorImpl.invoke(DelegatingMethodAccessorImpl.java:43)
	at java.lang.reflect.Method.invoke(Method.java:606)
	at org.gradle.messaging.dispatch.ReflectionDispatch.dispatch(ReflectionDispatch.java:35)
	at org.gradle.messaging.dispatch.ReflectionDispatch.dispatch(ReflectionDispatch.java:24)
	at org.gradle.messaging.remote.internal.hub.MessageHub$Handler.run(MessageHub.java:360)
	at org.gradle.internal.concurrent.DefaultExecutorFactory$StoppableExecutorImpl$1.run(DefaultExecutorFactory.java:64)
	at java.util.concurrent.ThreadPoolExecutor.runWorker(ThreadPoolExecutor.java:1145)
	at java.util.concurrent.ThreadPoolExecutor$Worker.run(ThreadPoolExecutor.java:615)
	at java.lang.Thread.run(Thread.java:745)
]]></system-err>
</testsuite>
