<?xml version="1.0" encoding="UTF-8"?>
<testsuite name="com.app.server.service.organization.contactmanagement.PhoneCategoryTestCase" tests="5" skipped="0" failures="0" errors="0" timestamp="2016-09-21T06:35:37" hostname="ab5a12c16337" time="0.343">
  <properties/>
  <testcase name="test1Save" classname="com.app.server.service.organization.contactmanagement.PhoneCategoryTestCase" time="0.095"/>
  <testcase name="test2Update" classname="com.app.server.service.organization.contactmanagement.PhoneCategoryTestCase" time="0.108"/>
  <testcase name="test3FindById" classname="com.app.server.service.organization.contactmanagement.PhoneCategoryTestCase" time="0.039"/>
  <testcase name="test5NegativeTesting" classname="com.app.server.service.organization.contactmanagement.PhoneCategoryTestCase" time="0.012"/>
  <testcase name="test6Delete" classname="com.app.server.service.organization.contactmanagement.PhoneCategoryTestCase" time="0.089"/>
  <system-out><![CDATA[Wed Sep 21 06:35:37 UTC 2016|Log Manager Factory|Initialization Process started.....
Wed Sep 21 06:35:37 UTC 2016|Log Manager|Initialized with Path = [/home/applifire/workspace/testpro/src/main/webapp/WEB-INF/conf]
Wed Sep 21 06:35:37 UTC 2016|Alarm Manager|Initialized with Path = [/home/applifire/workspace/testpro/src/main/webapp/WEB-INF/conf]
Wed Sep 21 06:35:37 UTC 2016|Alarm Manager|Loading Alarms ......
Wed Sep 21 06:35:37 UTC 2016|Alarm XML Parser|FWA|XML Parsing Complete........ 
Wed Sep 21 06:35:37 UTC 2016|Alarm File Manager|FWA|Alarm File Status.. [ApplicationFrameworkAlarms.xml]|Version=15|Status=Done 
Wed Sep 21 06:35:37 UTC 2016|Alarm File Manager|FWA|Alarm Stats = ( BC/AL=5/786 SYS=5/11 [786/0]  TPL=0/0 [0/0]  APP= A.Map=[875]  E.Map EC/RC=[391/79] )
Wed Sep 21 06:35:37 UTC 2016|Alarm XML Parser|APP|XML Parsing Complete........ 
Wed Sep 21 06:35:37 UTC 2016|Alarm File Manager|APP|Alarm File Status.. [ApplicationAlarms.xml]|Version=1|Status=Done 
Wed Sep 21 06:35:37 UTC 2016|Alarm File Manager|APP|Alarm Stats = ( BC/AL=5/786 SYS=5/11 [786/0]  TPL=0/0 [0/0]  APP=0/0 [0/0]  A.Map=[875]  E.Map EC/RC=[391/79] )
Wed Sep 21 06:35:37 UTC 2016|ApplicationAlarmContext| <><><><><> Create App Alarms ....  <><><><><> 
Wed Sep 21 06:35:37 UTC 2016|ApplicationAlarmContext|Alarms are generated ONLY in Development Mode.. 
Wed Sep 21 06:35:37 UTC 2016|Alarm Manager|APP|Alarm Stats = ( BC/AL=5/786 SYS=5/11 [786/0]  TPL=0/0 [0/0]  APP=0/0 [0/0]  A.Map=[875]  E.Map EC/RC=[391/79] )
Wed Sep 21 06:35:37 UTC 2016|Alarm Manager|Initialized Exception Lookup...
Wed Sep 21 06:35:37 UTC 2016|Log Manager|Initialize Log Config File ......
Wed Sep 21 06:35:37 UTC 2016|Pluggable Connectors|Adding Connectors : StandardOutputConnector isEnabled=true isDefault=false isFallBack=true
Wed Sep 21 06:35:37 UTC 2016|Pluggable Connectors|Adding Connectors : StandardFileConnector isEnabled=true isDefault=false isFallBack=false
Wed Sep 21 06:35:37 UTC 2016|Pluggable Connectors|Adding Connectors : Sprinkler isEnabled=true isDefault=true isFallBack=false
Wed Sep 21 06:35:37 UTC 2016|Pluggable Connectors|Default Connector Name : com.spartan.logger.core.LogMessenger
Wed Sep 21 06:35:37 UTC 2016|Log Config Parser|Connector Least Log Level =[4]  FallBack Log Level =[3]
Wed Sep 21 06:35:37 UTC 2016|Log Manager|Loading Default Connector for Logging ......
Wed Sep 21 06:35:37 UTC 2016|Log Manager|Loading class .. com.spartan.logger.core.LogMessenger
Wed Sep 21 06:35:37 UTC 2016|Plugggable Connector|Connector class com.spartan.logger.core.LogMessenger Initialized... @ Log Level = 3
Wed Sep 21 06:35:37 UTC 2016|Log Manager|Starting the Default Connector [com.spartan.logger.core.LogMessenger@2c532293] ....
Wed Sep 21 06:35:37 UTC 2016|Scheduler|Starting the Scheduler ......
Wed Sep 21 06:35:37 UTC 2016|Scheduler|Adding [LMID=[b53b3b4c-eae5-4dab-b5a8-91035a9d6d6b]] Delay=5 Time Unit=MINUTES
Wed Sep 21 06:35:37 UTC 2016|Scheduler|Adding [App Alarm Manager File=[ApplicationAlarms.xml]] Delay=30 Time Unit=MINUTES
Wed Sep 21 06:35:37 UTC 2016|Scheduler|Adding [FW Alarm Manager File=[ApplicationFrameworkAlarms.xml]] Delay=3 Time Unit=MINUTES
Wed Sep 21 06:35:37 UTC 2016|Scheduler|Startup Completed..
Wed Sep 21 06:35:37 UTC 2016|Log Manager|Initialization Process Complete ......
Wed Sep 21 06:35:37 UTC 2016|Log Manager Factory|Log Manager READY! ID = b53b3b4c-eae5-4dab-b5a8-91035a9d6d6b
[EL Finer]: connection: 2016-09-21 06:35:37.157--ServerSession(993367760)--Thread(Thread[Test worker,5,main])--client acquired: 1030440894
[EL Finer]: transaction: 2016-09-21 06:35:37.157--ClientSession(1030440894)--Thread(Thread[Test worker,5,main])--acquire unit of work: 1311976050
[EL Finest]: connection: 2016-09-21 06:35:37.157--ServerSession(993367760)--Connection(19384954)--Thread(Thread[Test worker,5,main])--Connection acquired from connection pool [default].
[EL Finer]: transaction: 2016-09-21 06:35:37.157--ClientSession(1030440894)--Connection(19384954)--Thread(Thread[Test worker,5,main])--begin transaction
[EL Finest]: connection: 2016-09-21 06:35:37.157--ClientSession(1030440894)--Thread(Thread[Test worker,5,main])--reconnecting to external connection pool
[EL Finest]: transaction: 2016-09-21 06:35:37.158--UnitOfWork(1311976050)--Thread(Thread[Test worker,5,main])--persist() operation called on: WQ3Uglv1c31PaKETLAknB4lfjwVoiEAfIYIMB6TxSzDmMBmokq.
[EL Finest]: sequencing: 2016-09-21 06:35:37.159--UnitOfWork(1311976050)--Thread(Thread[Test worker,5,main])--assign sequence to the object (479E8052-2BAF-4CE2-97E4-0BB50A957456 -> WQ3Uglv1c31PaKETLAknB4lfjwVoiEAfIYIMB6TxSzDmMBmokq)
Wed Sep 21 06:35:37 UTC 2016|Unknown Alarm = ORGCM322100200 Alarm Split = ORG-CM-3-2-2-100-200
[EL Finer]: transaction: 2016-09-21 06:35:37.161--UnitOfWork(1311976050)--Thread(Thread[Test worker,5,main])--begin unit of work commit
[EL Finest]: query: 2016-09-21 06:35:37.161--UnitOfWork(1311976050)--Thread(Thread[Test worker,5,main])--Execute query InsertObjectQuery(WQ3Uglv1c31PaKETLAknB4lfjwVoiEAfIYIMB6TxSzDmMBmokq)
[EL Fine]: sql: 2016-09-21 06:35:37.162--ClientSession(1030440894)--Connection(662961245)--Thread(Thread[Test worker,5,main])--INSERT INTO PhoneCategory (phoneCatId, phoneCatName, versionId, createdBy, createdDate, updatedBy, updatedDate, activeStatus, txnAccessCode) VALUES (?, ?, ?, ?, ?, ?, ?, ?, ?)
	bind => [479E8052-2BAF-4CE2-97E4-0BB50A957456, WQ3Uglv1c31PaKETLAknB4lfjwVoiEAfIYIMB6TxSzDmMBmokq, 1, AAAAA, 2016-09-21 06:35:37.14, AAAAA, 2016-09-21 06:35:37.14, 1, 51000]
[EL Finer]: transaction: 2016-09-21 06:35:37.163--ClientSession(1030440894)--Connection(662961245)--Thread(Thread[Test worker,5,main])--commit transaction
[EL Finest]: connection: 2016-09-21 06:35:37.205--ServerSession(993367760)--Connection(19384954)--Thread(Thread[Test worker,5,main])--Connection released to connection pool [default].
[EL Finer]: transaction: 2016-09-21 06:35:37.205--UnitOfWork(1311976050)--Thread(Thread[Test worker,5,main])--end unit of work commit
[EL Finer]: transaction: 2016-09-21 06:35:37.205--UnitOfWork(1311976050)--Thread(Thread[Test worker,5,main])--resume unit of work
[EL Finer]: transaction: 2016-09-21 06:35:37.206--UnitOfWork(1311976050)--Thread(Thread[Test worker,5,main])--release unit of work
[EL Finer]: connection: 2016-09-21 06:35:37.206--ClientSession(1030440894)--Thread(Thread[Test worker,5,main])--client released
[EL Finer]: connection: 2016-09-21 06:35:37.231--ServerSession(993367760)--Thread(Thread[Test worker,5,main])--client acquired: 898810681
[EL Finer]: transaction: 2016-09-21 06:35:37.231--ClientSession(898810681)--Thread(Thread[Test worker,5,main])--acquire unit of work: 911142569
[EL Finest]: connection: 2016-09-21 06:35:37.231--ServerSession(993367760)--Connection(2014754073)--Thread(Thread[Test worker,5,main])--Connection acquired from connection pool [default].
[EL Finer]: transaction: 2016-09-21 06:35:37.231--ClientSession(898810681)--Connection(2014754073)--Thread(Thread[Test worker,5,main])--begin transaction
[EL Finest]: connection: 2016-09-21 06:35:37.231--ClientSession(898810681)--Thread(Thread[Test worker,5,main])--reconnecting to external connection pool
[EL Finer]: transaction: 2016-09-21 06:35:37.233--UnitOfWork(911142569)--Thread(Thread[Test worker,5,main])--begin unit of work flush
[EL Finer]: transaction: 2016-09-21 06:35:37.233--UnitOfWork(911142569)--Thread(Thread[Test worker,5,main])--end unit of work flush
[EL Finest]: query: 2016-09-21 06:35:37.233--UnitOfWork(911142569)--Thread(Thread[Test worker,5,main])--Execute query ReadAllQuery(name="PhoneCategory.findById" referenceClass=PhoneCategory sql="SELECT phoneCatId, phoneCatName, versionId, createdBy, createdDate, updatedBy, updatedDate, activeStatus, txnAccessCode FROM PhoneCategory WHERE ((activeStatus = ?) AND (phoneCatId = ?))")
[EL Fine]: sql: 2016-09-21 06:35:37.233--ClientSession(898810681)--Connection(444088648)--Thread(Thread[Test worker,5,main])--SELECT phoneCatId, phoneCatName, versionId, createdBy, createdDate, updatedBy, updatedDate, activeStatus, txnAccessCode FROM PhoneCategory WHERE ((activeStatus = ?) AND (phoneCatId = ?))
	bind => [1, 479E8052-2BAF-4CE2-97E4-0BB50A957456]
Wed Sep 21 06:35:37 UTC 2016|Unknown Alarm = ORGCM324100200 Alarm Split = ORG-CM-3-2-4-100-200
[EL Finer]: transaction: 2016-09-21 06:35:37.235--UnitOfWork(911142569)--Thread(Thread[Test worker,5,main])--begin unit of work commit
[EL Finer]: transaction: 2016-09-21 06:35:37.235--ClientSession(898810681)--Connection(444088648)--Thread(Thread[Test worker,5,main])--commit transaction
[EL Finest]: connection: 2016-09-21 06:35:37.236--ServerSession(993367760)--Connection(2014754073)--Thread(Thread[Test worker,5,main])--Connection released to connection pool [default].
[EL Finer]: transaction: 2016-09-21 06:35:37.236--UnitOfWork(911142569)--Thread(Thread[Test worker,5,main])--end unit of work commit
[EL Finer]: transaction: 2016-09-21 06:35:37.236--UnitOfWork(911142569)--Thread(Thread[Test worker,5,main])--resume unit of work
[EL Finer]: transaction: 2016-09-21 06:35:37.236--UnitOfWork(911142569)--Thread(Thread[Test worker,5,main])--release unit of work
[EL Finer]: connection: 2016-09-21 06:35:37.236--ClientSession(898810681)--Thread(Thread[Test worker,5,main])--client released
[EL Finer]: connection: 2016-09-21 06:35:37.237--ServerSession(993367760)--Thread(Thread[Test worker,5,main])--client acquired: 974027344
[EL Finer]: transaction: 2016-09-21 06:35:37.237--ClientSession(974027344)--Thread(Thread[Test worker,5,main])--acquire unit of work: 209729527
[EL Finest]: connection: 2016-09-21 06:35:37.237--ServerSession(993367760)--Connection(903495562)--Thread(Thread[Test worker,5,main])--Connection acquired from connection pool [default].
[EL Finer]: transaction: 2016-09-21 06:35:37.237--ClientSession(974027344)--Connection(903495562)--Thread(Thread[Test worker,5,main])--begin transaction
[EL Finest]: connection: 2016-09-21 06:35:37.237--ClientSession(974027344)--Thread(Thread[Test worker,5,main])--reconnecting to external connection pool
[EL Finest]: transaction: 2016-09-21 06:35:37.239--UnitOfWork(209729527)--Thread(Thread[Test worker,5,main])--Merge clone with references OPrscFnHOZLbNuikbVWodxl3I7s9jErOOngMJ8ZUZGbsmqeyBx
[EL Finest]: query: 2016-09-21 06:35:37.24--UnitOfWork(209729527)--Thread(Thread[Test worker,5,main])--Execute query ReadObjectQuery(referenceClass=PhoneCategory )
[EL Fine]: sql: 2016-09-21 06:35:37.24--ClientSession(974027344)--Connection(1247463062)--Thread(Thread[Test worker,5,main])--SELECT phoneCatId, phoneCatName, versionId, createdBy, createdDate, updatedBy, updatedDate, activeStatus, txnAccessCode FROM PhoneCategory WHERE (phoneCatId = ?)
	bind => [479E8052-2BAF-4CE2-97E4-0BB50A957456]
Wed Sep 21 06:35:37 UTC 2016|Unknown Alarm = ORGCM321100200 Alarm Split = ORG-CM-3-2-1-100-200
[EL Finer]: transaction: 2016-09-21 06:35:37.242--UnitOfWork(209729527)--Thread(Thread[Test worker,5,main])--begin unit of work commit
[EL Finest]: query: 2016-09-21 06:35:37.243--UnitOfWork(209729527)--Thread(Thread[Test worker,5,main])--Execute query UpdateObjectQuery(OPrscFnHOZLbNuikbVWodxl3I7s9jErOOngMJ8ZUZGbsmqeyBx)
[EL Fine]: sql: 2016-09-21 06:35:37.243--ClientSession(974027344)--Connection(1247463062)--Thread(Thread[Test worker,5,main])--UPDATE PhoneCategory SET phoneCatName = ?, versionId = ? WHERE ((phoneCatId = ?) AND (versionId = ?))
	bind => [OPrscFnHOZLbNuikbVWodxl3I7s9jErOOngMJ8ZUZGbsmqeyBx, 2, 479E8052-2BAF-4CE2-97E4-0BB50A957456, 1]
[EL Finer]: transaction: 2016-09-21 06:35:37.245--ClientSession(974027344)--Connection(1247463062)--Thread(Thread[Test worker,5,main])--commit transaction
[EL Finest]: connection: 2016-09-21 06:35:37.313--ServerSession(993367760)--Connection(903495562)--Thread(Thread[Test worker,5,main])--Connection released to connection pool [default].
[EL Finer]: transaction: 2016-09-21 06:35:37.313--UnitOfWork(209729527)--Thread(Thread[Test worker,5,main])--end unit of work commit
[EL Finer]: transaction: 2016-09-21 06:35:37.313--UnitOfWork(209729527)--Thread(Thread[Test worker,5,main])--resume unit of work
[EL Finer]: transaction: 2016-09-21 06:35:37.314--UnitOfWork(209729527)--Thread(Thread[Test worker,5,main])--release unit of work
[EL Finer]: connection: 2016-09-21 06:35:37.314--ClientSession(974027344)--Thread(Thread[Test worker,5,main])--client released
[EL Finer]: connection: 2016-09-21 06:35:37.346--ServerSession(993367760)--Thread(Thread[Test worker,5,main])--client acquired: 2024656504
[EL Finer]: transaction: 2016-09-21 06:35:37.347--ClientSession(2024656504)--Thread(Thread[Test worker,5,main])--acquire unit of work: 1523476013
[EL Finest]: connection: 2016-09-21 06:35:37.347--ServerSession(993367760)--Connection(613827310)--Thread(Thread[Test worker,5,main])--Connection acquired from connection pool [default].
[EL Finer]: transaction: 2016-09-21 06:35:37.347--ClientSession(2024656504)--Connection(613827310)--Thread(Thread[Test worker,5,main])--begin transaction
[EL Finest]: connection: 2016-09-21 06:35:37.347--ClientSession(2024656504)--Thread(Thread[Test worker,5,main])--reconnecting to external connection pool
[EL Finer]: transaction: 2016-09-21 06:35:37.348--UnitOfWork(1523476013)--Thread(Thread[Test worker,5,main])--begin unit of work flush
[EL Finer]: transaction: 2016-09-21 06:35:37.349--UnitOfWork(1523476013)--Thread(Thread[Test worker,5,main])--end unit of work flush
[EL Finest]: query: 2016-09-21 06:35:37.349--UnitOfWork(1523476013)--Thread(Thread[Test worker,5,main])--Execute query ReadAllQuery(name="PhoneCategory.findById" referenceClass=PhoneCategory sql="SELECT phoneCatId, phoneCatName, versionId, createdBy, createdDate, updatedBy, updatedDate, activeStatus, txnAccessCode FROM PhoneCategory WHERE ((activeStatus = ?) AND (phoneCatId = ?))")
[EL Fine]: sql: 2016-09-21 06:35:37.349--ClientSession(2024656504)--Connection(1524103508)--Thread(Thread[Test worker,5,main])--SELECT phoneCatId, phoneCatName, versionId, createdBy, createdDate, updatedBy, updatedDate, activeStatus, txnAccessCode FROM PhoneCategory WHERE ((activeStatus = ?) AND (phoneCatId = ?))
	bind => [1, 479E8052-2BAF-4CE2-97E4-0BB50A957456]
Wed Sep 21 06:35:37 UTC 2016|Unknown Alarm = ORGCM324100200 Alarm Split = ORG-CM-3-2-4-100-200
[EL Finer]: transaction: 2016-09-21 06:35:37.351--UnitOfWork(1523476013)--Thread(Thread[Test worker,5,main])--begin unit of work commit
[EL Finer]: transaction: 2016-09-21 06:35:37.351--ClientSession(2024656504)--Connection(1524103508)--Thread(Thread[Test worker,5,main])--commit transaction
[EL Finest]: connection: 2016-09-21 06:35:37.352--ServerSession(993367760)--Connection(613827310)--Thread(Thread[Test worker,5,main])--Connection released to connection pool [default].
[EL Finer]: transaction: 2016-09-21 06:35:37.352--UnitOfWork(1523476013)--Thread(Thread[Test worker,5,main])--end unit of work commit
[EL Finer]: transaction: 2016-09-21 06:35:37.352--UnitOfWork(1523476013)--Thread(Thread[Test worker,5,main])--resume unit of work
[EL Finer]: transaction: 2016-09-21 06:35:37.352--UnitOfWork(1523476013)--Thread(Thread[Test worker,5,main])--release unit of work
[EL Finer]: connection: 2016-09-21 06:35:37.352--ClientSession(2024656504)--Thread(Thread[Test worker,5,main])--client released
[EL Finer]: connection: 2016-09-21 06:35:37.394--ServerSession(993367760)--Thread(Thread[Test worker,5,main])--client acquired: 1323779528
[EL Finer]: transaction: 2016-09-21 06:35:37.394--ClientSession(1323779528)--Thread(Thread[Test worker,5,main])--acquire unit of work: 831944176
[EL Finest]: connection: 2016-09-21 06:35:37.394--ServerSession(993367760)--Connection(219740415)--Thread(Thread[Test worker,5,main])--Connection acquired from connection pool [default].
[EL Finer]: transaction: 2016-09-21 06:35:37.394--ClientSession(1323779528)--Connection(219740415)--Thread(Thread[Test worker,5,main])--begin transaction
[EL Finest]: connection: 2016-09-21 06:35:37.394--ClientSession(1323779528)--Thread(Thread[Test worker,5,main])--reconnecting to external connection pool
[EL Finest]: query: 2016-09-21 06:35:37.395--UnitOfWork(831944176)--Thread(Thread[Test worker,5,main])--Execute query ReadObjectQuery(name="readPhoneCategory" referenceClass=PhoneCategory sql="SELECT phoneCatId, phoneCatName, versionId, createdBy, createdDate, updatedBy, updatedDate, activeStatus, txnAccessCode FROM PhoneCategory WHERE (phoneCatId = ?)")
[EL Fine]: sql: 2016-09-21 06:35:37.396--ClientSession(1323779528)--Connection(332347639)--Thread(Thread[Test worker,5,main])--SELECT phoneCatId, phoneCatName, versionId, createdBy, createdDate, updatedBy, updatedDate, activeStatus, txnAccessCode FROM PhoneCategory WHERE (phoneCatId = ?)
	bind => [479E8052-2BAF-4CE2-97E4-0BB50A957456]
[EL Finest]: transaction: 2016-09-21 06:35:37.397--UnitOfWork(831944176)--Thread(Thread[Test worker,5,main])--remove() operation called on: OPrscFnHOZLbNuikbVWodxl3I7s9jErOOngMJ8ZUZGbsmqeyBx
Wed Sep 21 06:35:37 UTC 2016|Unknown Alarm = ORGCM328100200 Alarm Split = ORG-CM-3-2-8-100-200
[EL Finer]: transaction: 2016-09-21 06:35:37.398--UnitOfWork(831944176)--Thread(Thread[Test worker,5,main])--begin unit of work commit
[EL Finest]: query: 2016-09-21 06:35:37.398--UnitOfWork(831944176)--Thread(Thread[Test worker,5,main])--Execute query DoesExistQuery(referenceClass=PhoneCategory )
[EL Finest]: query: 2016-09-21 06:35:37.398--UnitOfWork(831944176)--Thread(Thread[Test worker,5,main])--Execute query DeleteObjectQuery(OPrscFnHOZLbNuikbVWodxl3I7s9jErOOngMJ8ZUZGbsmqeyBx)
[EL Fine]: sql: 2016-09-21 06:35:37.398--ClientSession(1323779528)--Connection(332347639)--Thread(Thread[Test worker,5,main])--DELETE FROM PhoneCategory WHERE ((phoneCatId = ?) AND (versionId = ?))
	bind => [479E8052-2BAF-4CE2-97E4-0BB50A957456, 2]
[EL Finer]: transaction: 2016-09-21 06:35:37.399--ClientSession(1323779528)--Connection(332347639)--Thread(Thread[Test worker,5,main])--commit transaction
[EL Finest]: connection: 2016-09-21 06:35:37.453--ServerSession(993367760)--Connection(219740415)--Thread(Thread[Test worker,5,main])--Connection released to connection pool [default].
[EL Finer]: transaction: 2016-09-21 06:35:37.453--UnitOfWork(831944176)--Thread(Thread[Test worker,5,main])--end unit of work commit
[EL Finer]: transaction: 2016-09-21 06:35:37.453--UnitOfWork(831944176)--Thread(Thread[Test worker,5,main])--resume unit of work
[EL Finer]: transaction: 2016-09-21 06:35:37.453--UnitOfWork(831944176)--Thread(Thread[Test worker,5,main])--release unit of work
[EL Finer]: connection: 2016-09-21 06:35:37.453--ClientSession(1323779528)--Thread(Thread[Test worker,5,main])--client released
]]></system-out>
  <system-err><![CDATA[PhoneCategory.phoneCatName may not be null
java.lang.SecurityException: PhoneCategory.phoneCatName may not be null
	at com.athena.server.pluggable.utils.helper.EntityValidatorHelper.validateEntity(EntityValidatorHelper.java:37)
	at com.app.shared.organization.contactmanagement.PhoneCategory.isValid(PhoneCategory.java:147)
	at com.app.server.service.organization.contactmanagement.PhoneCategoryTestCase.validatePhoneCategory(PhoneCategoryTestCase.java:207)
	at com.app.server.service.organization.contactmanagement.PhoneCategoryTestCase.test5NegativeTesting(PhoneCategoryTestCase.java:238)
	at sun.reflect.NativeMethodAccessorImpl.invoke0(Native Method)
	at sun.reflect.NativeMethodAccessorImpl.invoke(NativeMethodAccessorImpl.java:57)
	at sun.reflect.DelegatingMethodAccessorImpl.invoke(DelegatingMethodAccessorImpl.java:43)
	at java.lang.reflect.Method.invoke(Method.java:606)
	at org.junit.runners.model.FrameworkMethod$1.runReflectiveCall(FrameworkMethod.java:47)
	at org.junit.internal.runners.model.ReflectiveCallable.run(ReflectiveCallable.java:12)
	at org.junit.runners.model.FrameworkMethod.invokeExplosively(FrameworkMethod.java:44)
	at org.junit.internal.runners.statements.InvokeMethod.evaluate(InvokeMethod.java:17)
	at org.junit.internal.runners.statements.RunBefores.evaluate(RunBefores.java:26)
	at org.springframework.test.context.junit4.statements.RunBeforeTestMethodCallbacks.evaluate(RunBeforeTestMethodCallbacks.java:74)
	at org.junit.internal.runners.statements.RunAfters.evaluate(RunAfters.java:27)
	at org.springframework.test.context.junit4.statements.RunAfterTestMethodCallbacks.evaluate(RunAfterTestMethodCallbacks.java:83)
	at org.springframework.test.context.junit4.statements.SpringRepeat.evaluate(SpringRepeat.java:72)
	at org.springframework.test.context.junit4.SpringJUnit4ClassRunner.runChild(SpringJUnit4ClassRunner.java:233)
	at org.springframework.test.context.junit4.SpringJUnit4ClassRunner.runChild(SpringJUnit4ClassRunner.java:87)
	at org.junit.runners.ParentRunner$3.run(ParentRunner.java:238)
	at org.junit.runners.ParentRunner$1.schedule(ParentRunner.java:63)
	at org.junit.runners.ParentRunner.runChildren(ParentRunner.java:236)
	at org.junit.runners.ParentRunner.access$000(ParentRunner.java:53)
	at org.junit.runners.ParentRunner$2.evaluate(ParentRunner.java:229)
	at org.junit.internal.runners.statements.RunBefores.evaluate(RunBefores.java:26)
	at org.springframework.test.context.junit4.statements.RunBeforeTestClassCallbacks.evaluate(RunBeforeTestClassCallbacks.java:61)
	at org.springframework.test.context.junit4.statements.RunAfterTestClassCallbacks.evaluate(RunAfterTestClassCallbacks.java:71)
	at org.junit.runners.ParentRunner.run(ParentRunner.java:309)
	at org.springframework.test.context.junit4.SpringJUnit4ClassRunner.run(SpringJUnit4ClassRunner.java:176)
	at org.gradle.api.internal.tasks.testing.junit.JUnitTestClassExecuter.runTestClass(JUnitTestClassExecuter.java:86)
	at org.gradle.api.internal.tasks.testing.junit.JUnitTestClassExecuter.execute(JUnitTestClassExecuter.java:49)
	at org.gradle.api.internal.tasks.testing.junit.JUnitTestClassProcessor.processTestClass(JUnitTestClassProcessor.java:64)
	at org.gradle.api.internal.tasks.testing.SuiteTestClassProcessor.processTestClass(SuiteTestClassProcessor.java:50)
	at sun.reflect.GeneratedMethodAccessor126.invoke(Unknown Source)
	at sun.reflect.DelegatingMethodAccessorImpl.invoke(DelegatingMethodAccessorImpl.java:43)
	at java.lang.reflect.Method.invoke(Method.java:606)
	at org.gradle.messaging.dispatch.ReflectionDispatch.dispatch(ReflectionDispatch.java:35)
	at org.gradle.messaging.dispatch.ReflectionDispatch.dispatch(ReflectionDispatch.java:24)
	at org.gradle.messaging.dispatch.ContextClassLoaderDispatch.dispatch(ContextClassLoaderDispatch.java:32)
	at org.gradle.messaging.dispatch.ProxyDispatchAdapter$DispatchingInvocationHandler.invoke(ProxyDispatchAdapter.java:93)
	at com.sun.proxy.$Proxy2.processTestClass(Unknown Source)
	at org.gradle.api.internal.tasks.testing.worker.TestWorker.processTestClass(TestWorker.java:106)
	at sun.reflect.GeneratedMethodAccessor125.invoke(Unknown Source)
	at sun.reflect.DelegatingMethodAccessorImpl.invoke(DelegatingMethodAccessorImpl.java:43)
	at java.lang.reflect.Method.invoke(Method.java:606)
	at org.gradle.messaging.dispatch.ReflectionDispatch.dispatch(ReflectionDispatch.java:35)
	at org.gradle.messaging.dispatch.ReflectionDispatch.dispatch(ReflectionDispatch.java:24)
	at org.gradle.messaging.remote.internal.hub.MessageHub$Handler.run(MessageHub.java:360)
	at org.gradle.internal.concurrent.DefaultExecutorFactory$StoppableExecutorImpl$1.run(DefaultExecutorFactory.java:64)
	at java.util.concurrent.ThreadPoolExecutor.runWorker(ThreadPoolExecutor.java:1145)
	at java.util.concurrent.ThreadPoolExecutor$Worker.run(ThreadPoolExecutor.java:615)
	at java.lang.Thread.run(Thread.java:745)
PhoneCategory.phoneCatName size must be between 1 and 256
java.lang.SecurityException: PhoneCategory.phoneCatName size must be between 1 and 256
	at com.athena.server.pluggable.utils.helper.EntityValidatorHelper.validateEntity(EntityValidatorHelper.java:37)
	at com.app.shared.organization.contactmanagement.PhoneCategory.isValid(PhoneCategory.java:147)
	at com.app.server.service.organization.contactmanagement.PhoneCategoryTestCase.validatePhoneCategory(PhoneCategoryTestCase.java:205)
	at com.app.server.service.organization.contactmanagement.PhoneCategoryTestCase.test5NegativeTesting(PhoneCategoryTestCase.java:243)
	at sun.reflect.NativeMethodAccessorImpl.invoke0(Native Method)
	at sun.reflect.NativeMethodAccessorImpl.invoke(NativeMethodAccessorImpl.java:57)
	at sun.reflect.DelegatingMethodAccessorImpl.invoke(DelegatingMethodAccessorImpl.java:43)
	at java.lang.reflect.Method.invoke(Method.java:606)
	at org.junit.runners.model.FrameworkMethod$1.runReflectiveCall(FrameworkMethod.java:47)
	at org.junit.internal.runners.model.ReflectiveCallable.run(ReflectiveCallable.java:12)
	at org.junit.runners.model.FrameworkMethod.invokeExplosively(FrameworkMethod.java:44)
	at org.junit.internal.runners.statements.InvokeMethod.evaluate(InvokeMethod.java:17)
	at org.junit.internal.runners.statements.RunBefores.evaluate(RunBefores.java:26)
	at org.springframework.test.context.junit4.statements.RunBeforeTestMethodCallbacks.evaluate(RunBeforeTestMethodCallbacks.java:74)
	at org.junit.internal.runners.statements.RunAfters.evaluate(RunAfters.java:27)
	at org.springframework.test.context.junit4.statements.RunAfterTestMethodCallbacks.evaluate(RunAfterTestMethodCallbacks.java:83)
	at org.springframework.test.context.junit4.statements.SpringRepeat.evaluate(SpringRepeat.java:72)
	at org.springframework.test.context.junit4.SpringJUnit4ClassRunner.runChild(SpringJUnit4ClassRunner.java:233)
	at org.springframework.test.context.junit4.SpringJUnit4ClassRunner.runChild(SpringJUnit4ClassRunner.java:87)
	at org.junit.runners.ParentRunner$3.run(ParentRunner.java:238)
	at org.junit.runners.ParentRunner$1.schedule(ParentRunner.java:63)
	at org.junit.runners.ParentRunner.runChildren(ParentRunner.java:236)
	at org.junit.runners.ParentRunner.access$000(ParentRunner.java:53)
	at org.junit.runners.ParentRunner$2.evaluate(ParentRunner.java:229)
	at org.junit.internal.runners.statements.RunBefores.evaluate(RunBefores.java:26)
	at org.springframework.test.context.junit4.statements.RunBeforeTestClassCallbacks.evaluate(RunBeforeTestClassCallbacks.java:61)
	at org.springframework.test.context.junit4.statements.RunAfterTestClassCallbacks.evaluate(RunAfterTestClassCallbacks.java:71)
	at org.junit.runners.ParentRunner.run(ParentRunner.java:309)
	at org.springframework.test.context.junit4.SpringJUnit4ClassRunner.run(SpringJUnit4ClassRunner.java:176)
	at org.gradle.api.internal.tasks.testing.junit.JUnitTestClassExecuter.runTestClass(JUnitTestClassExecuter.java:86)
	at org.gradle.api.internal.tasks.testing.junit.JUnitTestClassExecuter.execute(JUnitTestClassExecuter.java:49)
	at org.gradle.api.internal.tasks.testing.junit.JUnitTestClassProcessor.processTestClass(JUnitTestClassProcessor.java:64)
	at org.gradle.api.internal.tasks.testing.SuiteTestClassProcessor.processTestClass(SuiteTestClassProcessor.java:50)
	at sun.reflect.GeneratedMethodAccessor126.invoke(Unknown Source)
	at sun.reflect.DelegatingMethodAccessorImpl.invoke(DelegatingMethodAccessorImpl.java:43)
	at java.lang.reflect.Method.invoke(Method.java:606)
	at org.gradle.messaging.dispatch.ReflectionDispatch.dispatch(ReflectionDispatch.java:35)
	at org.gradle.messaging.dispatch.ReflectionDispatch.dispatch(ReflectionDispatch.java:24)
	at org.gradle.messaging.dispatch.ContextClassLoaderDispatch.dispatch(ContextClassLoaderDispatch.java:32)
	at org.gradle.messaging.dispatch.ProxyDispatchAdapter$DispatchingInvocationHandler.invoke(ProxyDispatchAdapter.java:93)
	at com.sun.proxy.$Proxy2.processTestClass(Unknown Source)
	at org.gradle.api.internal.tasks.testing.worker.TestWorker.processTestClass(TestWorker.java:106)
	at sun.reflect.GeneratedMethodAccessor125.invoke(Unknown Source)
	at sun.reflect.DelegatingMethodAccessorImpl.invoke(DelegatingMethodAccessorImpl.java:43)
	at java.lang.reflect.Method.invoke(Method.java:606)
	at org.gradle.messaging.dispatch.ReflectionDispatch.dispatch(ReflectionDispatch.java:35)
	at org.gradle.messaging.dispatch.ReflectionDispatch.dispatch(ReflectionDispatch.java:24)
	at org.gradle.messaging.remote.internal.hub.MessageHub$Handler.run(MessageHub.java:360)
	at org.gradle.internal.concurrent.DefaultExecutorFactory$StoppableExecutorImpl$1.run(DefaultExecutorFactory.java:64)
	at java.util.concurrent.ThreadPoolExecutor.runWorker(ThreadPoolExecutor.java:1145)
	at java.util.concurrent.ThreadPoolExecutor$Worker.run(ThreadPoolExecutor.java:615)
	at java.lang.Thread.run(Thread.java:745)
]]></system-err>
</testsuite>
