<?xml version="1.0" encoding="UTF-8"?>
<testsuite name="com.app.server.service.organization.contactmanagement.PhoneCategoryTestCase" tests="5" skipped="0" failures="0" errors="0" timestamp="2016-09-21T09:18:14" hostname="c76164883ac0" time="0.383">
  <properties/>
  <testcase name="test1Save" classname="com.app.server.service.organization.contactmanagement.PhoneCategoryTestCase" time="0.093"/>
  <testcase name="test2Update" classname="com.app.server.service.organization.contactmanagement.PhoneCategoryTestCase" time="0.074"/>
  <testcase name="test3FindById" classname="com.app.server.service.organization.contactmanagement.PhoneCategoryTestCase" time="0.032"/>
  <testcase name="test5NegativeTesting" classname="com.app.server.service.organization.contactmanagement.PhoneCategoryTestCase" time="0.015"/>
  <testcase name="test6Delete" classname="com.app.server.service.organization.contactmanagement.PhoneCategoryTestCase" time="0.167"/>
  <system-out><![CDATA[Wed Sep 21 09:18:14 UTC 2016|Log Manager Factory|Initialization Process started.....
Wed Sep 21 09:18:14 UTC 2016|Log Manager|Initialized with Path = [/home/applifire/workspace/testpro/src/main/webapp/WEB-INF/conf]
Wed Sep 21 09:18:14 UTC 2016|Alarm Manager|Initialized with Path = [/home/applifire/workspace/testpro/src/main/webapp/WEB-INF/conf]
Wed Sep 21 09:18:14 UTC 2016|Alarm Manager|Loading Alarms ......
Wed Sep 21 09:18:14 UTC 2016|Alarm XML Parser|FWA|XML Parsing Complete........ 
Wed Sep 21 09:18:14 UTC 2016|Alarm File Manager|FWA|Alarm File Status.. [ApplicationFrameworkAlarms.xml]|Version=15|Status=Done 
Wed Sep 21 09:18:14 UTC 2016|Alarm File Manager|FWA|Alarm Stats = ( BC/AL=5/786 SYS=5/11 [786/0]  TPL=0/0 [0/0]  APP= A.Map=[875]  E.Map EC/RC=[391/79] )
Wed Sep 21 09:18:14 UTC 2016|Alarm XML Parser|APP|XML Parsing Complete........ 
Wed Sep 21 09:18:14 UTC 2016|Alarm File Manager|APP|Alarm File Status.. [ApplicationAlarms.xml]|Version=1|Status=Done 
Wed Sep 21 09:18:14 UTC 2016|Alarm File Manager|APP|Alarm Stats = ( BC/AL=5/786 SYS=5/11 [786/0]  TPL=0/0 [0/0]  APP=0/0 [0/0]  A.Map=[875]  E.Map EC/RC=[391/79] )
Wed Sep 21 09:18:14 UTC 2016|ApplicationAlarmContext| <><><><><> Create App Alarms ....  <><><><><> 
Wed Sep 21 09:18:14 UTC 2016|ApplicationAlarmContext|Alarms are generated ONLY in Development Mode.. 
Wed Sep 21 09:18:14 UTC 2016|Alarm Manager|APP|Alarm Stats = ( BC/AL=5/786 SYS=5/11 [786/0]  TPL=0/0 [0/0]  APP=0/0 [0/0]  A.Map=[875]  E.Map EC/RC=[391/79] )
Wed Sep 21 09:18:14 UTC 2016|Alarm Manager|Initialized Exception Lookup...
Wed Sep 21 09:18:14 UTC 2016|Log Manager|Initialize Log Config File ......
Wed Sep 21 09:18:14 UTC 2016|Pluggable Connectors|Adding Connectors : StandardOutputConnector isEnabled=true isDefault=false isFallBack=true
Wed Sep 21 09:18:14 UTC 2016|Pluggable Connectors|Adding Connectors : StandardFileConnector isEnabled=true isDefault=false isFallBack=false
Wed Sep 21 09:18:14 UTC 2016|Pluggable Connectors|Adding Connectors : Sprinkler isEnabled=true isDefault=true isFallBack=false
Wed Sep 21 09:18:14 UTC 2016|Pluggable Connectors|Default Connector Name : com.spartan.logger.core.LogMessenger
Wed Sep 21 09:18:14 UTC 2016|Log Config Parser|Connector Least Log Level =[4]  FallBack Log Level =[3]
Wed Sep 21 09:18:14 UTC 2016|Log Manager|Loading Default Connector for Logging ......
Wed Sep 21 09:18:14 UTC 2016|Log Manager|Loading class .. com.spartan.logger.core.LogMessenger
Wed Sep 21 09:18:14 UTC 2016|Plugggable Connector|Connector class com.spartan.logger.core.LogMessenger Initialized... @ Log Level = 3
Wed Sep 21 09:18:14 UTC 2016|Log Manager|Starting the Default Connector [com.spartan.logger.core.LogMessenger@1c10ecf1] ....
Wed Sep 21 09:18:14 UTC 2016|Scheduler|Starting the Scheduler ......
Wed Sep 21 09:18:14 UTC 2016|Scheduler|Adding [LMID=[950cd733-ec55-4a91-aacb-ab957b93fa8b]] Delay=5 Time Unit=MINUTES
Wed Sep 21 09:18:14 UTC 2016|Scheduler|Adding [App Alarm Manager File=[ApplicationAlarms.xml]] Delay=30 Time Unit=MINUTES
Wed Sep 21 09:18:14 UTC 2016|Scheduler|Adding [FW Alarm Manager File=[ApplicationFrameworkAlarms.xml]] Delay=3 Time Unit=MINUTES
Wed Sep 21 09:18:14 UTC 2016|Scheduler|Startup Completed..
Wed Sep 21 09:18:14 UTC 2016|Log Manager|Initialization Process Complete ......
Wed Sep 21 09:18:14 UTC 2016|Log Manager Factory|Log Manager READY! ID = 950cd733-ec55-4a91-aacb-ab957b93fa8b
[EL Finer]: connection: 2016-09-21 09:18:14.41--ServerSession(1151842404)--Thread(Thread[Test worker,5,main])--client acquired: 1870916295
[EL Finer]: transaction: 2016-09-21 09:18:14.41--ClientSession(1870916295)--Thread(Thread[Test worker,5,main])--acquire unit of work: 1034610691
[EL Finest]: connection: 2016-09-21 09:18:14.41--ServerSession(1151842404)--Connection(526793878)--Thread(Thread[Test worker,5,main])--Connection acquired from connection pool [default].
[EL Finer]: transaction: 2016-09-21 09:18:14.41--ClientSession(1870916295)--Connection(526793878)--Thread(Thread[Test worker,5,main])--begin transaction
[EL Finest]: connection: 2016-09-21 09:18:14.41--ClientSession(1870916295)--Thread(Thread[Test worker,5,main])--reconnecting to external connection pool
[EL Finest]: transaction: 2016-09-21 09:18:14.411--UnitOfWork(1034610691)--Thread(Thread[Test worker,5,main])--persist() operation called on: WQ3Uglv1c31PaKETLAknB4lfjwVoiEAfIYIMB6TxSzDmMBmokq.
[EL Finest]: sequencing: 2016-09-21 09:18:14.411--UnitOfWork(1034610691)--Thread(Thread[Test worker,5,main])--assign sequence to the object (9DDACFB5-8FED-4648-A771-1C845B919133 -> WQ3Uglv1c31PaKETLAknB4lfjwVoiEAfIYIMB6TxSzDmMBmokq)
Wed Sep 21 09:18:14 UTC 2016|Unknown Alarm = ORGCM322100200 Alarm Split = ORG-CM-3-2-2-100-200
[EL Finer]: transaction: 2016-09-21 09:18:14.412--UnitOfWork(1034610691)--Thread(Thread[Test worker,5,main])--begin unit of work commit
[EL Finest]: query: 2016-09-21 09:18:14.412--UnitOfWork(1034610691)--Thread(Thread[Test worker,5,main])--Execute query InsertObjectQuery(WQ3Uglv1c31PaKETLAknB4lfjwVoiEAfIYIMB6TxSzDmMBmokq)
[EL Fine]: sql: 2016-09-21 09:18:14.412--ClientSession(1870916295)--Connection(1910185190)--Thread(Thread[Test worker,5,main])--INSERT INTO PhoneCategory (phoneCatId, phoneCatName, versionId, createdBy, createdDate, updatedBy, updatedDate, activeStatus, txnAccessCode) VALUES (?, ?, ?, ?, ?, ?, ?, ?, ?)
	bind => [9DDACFB5-8FED-4648-A771-1C845B919133, WQ3Uglv1c31PaKETLAknB4lfjwVoiEAfIYIMB6TxSzDmMBmokq, 1, AAAAA, 2016-09-21 09:18:14.388, AAAAA, 2016-09-21 09:18:14.388, 1, 51000]
[EL Finer]: transaction: 2016-09-21 09:18:14.414--ClientSession(1870916295)--Connection(1910185190)--Thread(Thread[Test worker,5,main])--commit transaction
[EL Finest]: connection: 2016-09-21 09:18:14.455--ServerSession(1151842404)--Connection(526793878)--Thread(Thread[Test worker,5,main])--Connection released to connection pool [default].
[EL Finer]: transaction: 2016-09-21 09:18:14.455--UnitOfWork(1034610691)--Thread(Thread[Test worker,5,main])--end unit of work commit
[EL Finer]: transaction: 2016-09-21 09:18:14.455--UnitOfWork(1034610691)--Thread(Thread[Test worker,5,main])--resume unit of work
[EL Finer]: transaction: 2016-09-21 09:18:14.455--UnitOfWork(1034610691)--Thread(Thread[Test worker,5,main])--release unit of work
[EL Finer]: connection: 2016-09-21 09:18:14.455--ClientSession(1870916295)--Thread(Thread[Test worker,5,main])--client released
[EL Finer]: connection: 2016-09-21 09:18:14.484--ServerSession(1151842404)--Thread(Thread[Test worker,5,main])--client acquired: 1082638746
[EL Finer]: transaction: 2016-09-21 09:18:14.484--ClientSession(1082638746)--Thread(Thread[Test worker,5,main])--acquire unit of work: 280462991
[EL Finest]: connection: 2016-09-21 09:18:14.484--ServerSession(1151842404)--Connection(14884572)--Thread(Thread[Test worker,5,main])--Connection acquired from connection pool [default].
[EL Finer]: transaction: 2016-09-21 09:18:14.484--ClientSession(1082638746)--Connection(14884572)--Thread(Thread[Test worker,5,main])--begin transaction
[EL Finest]: connection: 2016-09-21 09:18:14.484--ClientSession(1082638746)--Thread(Thread[Test worker,5,main])--reconnecting to external connection pool
[EL Finer]: transaction: 2016-09-21 09:18:14.485--UnitOfWork(280462991)--Thread(Thread[Test worker,5,main])--begin unit of work flush
[EL Finer]: transaction: 2016-09-21 09:18:14.485--UnitOfWork(280462991)--Thread(Thread[Test worker,5,main])--end unit of work flush
[EL Finest]: query: 2016-09-21 09:18:14.486--UnitOfWork(280462991)--Thread(Thread[Test worker,5,main])--Execute query ReadAllQuery(name="PhoneCategory.findById" referenceClass=PhoneCategory sql="SELECT phoneCatId, phoneCatName, versionId, createdBy, createdDate, updatedBy, updatedDate, activeStatus, txnAccessCode FROM PhoneCategory WHERE ((activeStatus = ?) AND (phoneCatId = ?))")
[EL Fine]: sql: 2016-09-21 09:18:14.486--ClientSession(1082638746)--Connection(833275750)--Thread(Thread[Test worker,5,main])--SELECT phoneCatId, phoneCatName, versionId, createdBy, createdDate, updatedBy, updatedDate, activeStatus, txnAccessCode FROM PhoneCategory WHERE ((activeStatus = ?) AND (phoneCatId = ?))
	bind => [1, 9DDACFB5-8FED-4648-A771-1C845B919133]
Wed Sep 21 09:18:14 UTC 2016|Unknown Alarm = ORGCM324100200 Alarm Split = ORG-CM-3-2-4-100-200
[EL Finer]: transaction: 2016-09-21 09:18:14.487--UnitOfWork(280462991)--Thread(Thread[Test worker,5,main])--begin unit of work commit
[EL Finer]: transaction: 2016-09-21 09:18:14.488--ClientSession(1082638746)--Connection(833275750)--Thread(Thread[Test worker,5,main])--commit transaction
[EL Finest]: connection: 2016-09-21 09:18:14.488--ServerSession(1151842404)--Connection(14884572)--Thread(Thread[Test worker,5,main])--Connection released to connection pool [default].
[EL Finer]: transaction: 2016-09-21 09:18:14.488--UnitOfWork(280462991)--Thread(Thread[Test worker,5,main])--end unit of work commit
[EL Finer]: transaction: 2016-09-21 09:18:14.488--UnitOfWork(280462991)--Thread(Thread[Test worker,5,main])--resume unit of work
[EL Finer]: transaction: 2016-09-21 09:18:14.488--UnitOfWork(280462991)--Thread(Thread[Test worker,5,main])--release unit of work
[EL Finer]: connection: 2016-09-21 09:18:14.488--ClientSession(1082638746)--Thread(Thread[Test worker,5,main])--client released
[EL Finer]: connection: 2016-09-21 09:18:14.489--ServerSession(1151842404)--Thread(Thread[Test worker,5,main])--client acquired: 1900018569
[EL Finer]: transaction: 2016-09-21 09:18:14.489--ClientSession(1900018569)--Thread(Thread[Test worker,5,main])--acquire unit of work: 530258293
[EL Finest]: connection: 2016-09-21 09:18:14.489--ServerSession(1151842404)--Connection(2141479048)--Thread(Thread[Test worker,5,main])--Connection acquired from connection pool [default].
[EL Finer]: transaction: 2016-09-21 09:18:14.489--ClientSession(1900018569)--Connection(2141479048)--Thread(Thread[Test worker,5,main])--begin transaction
[EL Finest]: connection: 2016-09-21 09:18:14.489--ClientSession(1900018569)--Thread(Thread[Test worker,5,main])--reconnecting to external connection pool
[EL Finest]: transaction: 2016-09-21 09:18:14.491--UnitOfWork(530258293)--Thread(Thread[Test worker,5,main])--Merge clone with references OPrscFnHOZLbNuikbVWodxl3I7s9jErOOngMJ8ZUZGbsmqeyBx
[EL Finest]: query: 2016-09-21 09:18:14.491--UnitOfWork(530258293)--Thread(Thread[Test worker,5,main])--Execute query ReadObjectQuery(referenceClass=PhoneCategory )
[EL Fine]: sql: 2016-09-21 09:18:14.491--ClientSession(1900018569)--Connection(813900868)--Thread(Thread[Test worker,5,main])--SELECT phoneCatId, phoneCatName, versionId, createdBy, createdDate, updatedBy, updatedDate, activeStatus, txnAccessCode FROM PhoneCategory WHERE (phoneCatId = ?)
	bind => [9DDACFB5-8FED-4648-A771-1C845B919133]
Wed Sep 21 09:18:14 UTC 2016|Unknown Alarm = ORGCM321100200 Alarm Split = ORG-CM-3-2-1-100-200
[EL Finer]: transaction: 2016-09-21 09:18:14.493--UnitOfWork(530258293)--Thread(Thread[Test worker,5,main])--begin unit of work commit
[EL Finest]: query: 2016-09-21 09:18:14.493--UnitOfWork(530258293)--Thread(Thread[Test worker,5,main])--Execute query UpdateObjectQuery(OPrscFnHOZLbNuikbVWodxl3I7s9jErOOngMJ8ZUZGbsmqeyBx)
[EL Fine]: sql: 2016-09-21 09:18:14.493--ClientSession(1900018569)--Connection(813900868)--Thread(Thread[Test worker,5,main])--UPDATE PhoneCategory SET phoneCatName = ?, versionId = ? WHERE ((phoneCatId = ?) AND (versionId = ?))
	bind => [OPrscFnHOZLbNuikbVWodxl3I7s9jErOOngMJ8ZUZGbsmqeyBx, 2, 9DDACFB5-8FED-4648-A771-1C845B919133, 1]
[EL Finer]: transaction: 2016-09-21 09:18:14.494--ClientSession(1900018569)--Connection(813900868)--Thread(Thread[Test worker,5,main])--commit transaction
[EL Finest]: connection: 2016-09-21 09:18:14.529--ServerSession(1151842404)--Connection(2141479048)--Thread(Thread[Test worker,5,main])--Connection released to connection pool [default].
[EL Finer]: transaction: 2016-09-21 09:18:14.529--UnitOfWork(530258293)--Thread(Thread[Test worker,5,main])--end unit of work commit
[EL Finer]: transaction: 2016-09-21 09:18:14.529--UnitOfWork(530258293)--Thread(Thread[Test worker,5,main])--resume unit of work
[EL Finer]: transaction: 2016-09-21 09:18:14.529--UnitOfWork(530258293)--Thread(Thread[Test worker,5,main])--release unit of work
[EL Finer]: connection: 2016-09-21 09:18:14.53--ClientSession(1900018569)--Thread(Thread[Test worker,5,main])--client released
[EL Finer]: connection: 2016-09-21 09:18:14.555--ServerSession(1151842404)--Thread(Thread[Test worker,5,main])--client acquired: 943343452
[EL Finer]: transaction: 2016-09-21 09:18:14.555--ClientSession(943343452)--Thread(Thread[Test worker,5,main])--acquire unit of work: 2049115610
[EL Finest]: connection: 2016-09-21 09:18:14.555--ServerSession(1151842404)--Connection(290810331)--Thread(Thread[Test worker,5,main])--Connection acquired from connection pool [default].
[EL Finer]: transaction: 2016-09-21 09:18:14.557--ClientSession(943343452)--Connection(290810331)--Thread(Thread[Test worker,5,main])--begin transaction
[EL Finest]: connection: 2016-09-21 09:18:14.557--ClientSession(943343452)--Thread(Thread[Test worker,5,main])--reconnecting to external connection pool
[EL Finer]: transaction: 2016-09-21 09:18:14.559--UnitOfWork(2049115610)--Thread(Thread[Test worker,5,main])--begin unit of work flush
[EL Finer]: transaction: 2016-09-21 09:18:14.559--UnitOfWork(2049115610)--Thread(Thread[Test worker,5,main])--end unit of work flush
[EL Finest]: query: 2016-09-21 09:18:14.559--UnitOfWork(2049115610)--Thread(Thread[Test worker,5,main])--Execute query ReadAllQuery(name="PhoneCategory.findById" referenceClass=PhoneCategory sql="SELECT phoneCatId, phoneCatName, versionId, createdBy, createdDate, updatedBy, updatedDate, activeStatus, txnAccessCode FROM PhoneCategory WHERE ((activeStatus = ?) AND (phoneCatId = ?))")
[EL Fine]: sql: 2016-09-21 09:18:14.559--ClientSession(943343452)--Connection(1455675986)--Thread(Thread[Test worker,5,main])--SELECT phoneCatId, phoneCatName, versionId, createdBy, createdDate, updatedBy, updatedDate, activeStatus, txnAccessCode FROM PhoneCategory WHERE ((activeStatus = ?) AND (phoneCatId = ?))
	bind => [1, 9DDACFB5-8FED-4648-A771-1C845B919133]
Wed Sep 21 09:18:14 UTC 2016|Unknown Alarm = ORGCM324100200 Alarm Split = ORG-CM-3-2-4-100-200
[EL Finer]: transaction: 2016-09-21 09:18:14.561--UnitOfWork(2049115610)--Thread(Thread[Test worker,5,main])--begin unit of work commit
[EL Finer]: transaction: 2016-09-21 09:18:14.561--ClientSession(943343452)--Connection(1455675986)--Thread(Thread[Test worker,5,main])--commit transaction
[EL Finest]: connection: 2016-09-21 09:18:14.562--ServerSession(1151842404)--Connection(290810331)--Thread(Thread[Test worker,5,main])--Connection released to connection pool [default].
[EL Finer]: transaction: 2016-09-21 09:18:14.562--UnitOfWork(2049115610)--Thread(Thread[Test worker,5,main])--end unit of work commit
[EL Finer]: transaction: 2016-09-21 09:18:14.562--UnitOfWork(2049115610)--Thread(Thread[Test worker,5,main])--resume unit of work
[EL Finer]: transaction: 2016-09-21 09:18:14.562--UnitOfWork(2049115610)--Thread(Thread[Test worker,5,main])--release unit of work
[EL Finer]: connection: 2016-09-21 09:18:14.562--ClientSession(943343452)--Thread(Thread[Test worker,5,main])--client released
[EL Finer]: connection: 2016-09-21 09:18:14.621--ServerSession(1151842404)--Thread(Thread[Test worker,5,main])--client acquired: 66340913
[EL Finer]: transaction: 2016-09-21 09:18:14.621--ClientSession(66340913)--Thread(Thread[Test worker,5,main])--acquire unit of work: 447711998
[EL Finest]: connection: 2016-09-21 09:18:14.621--ServerSession(1151842404)--Connection(2060334945)--Thread(Thread[Test worker,5,main])--Connection acquired from connection pool [default].
[EL Finer]: transaction: 2016-09-21 09:18:14.621--ClientSession(66340913)--Connection(2060334945)--Thread(Thread[Test worker,5,main])--begin transaction
[EL Finest]: connection: 2016-09-21 09:18:14.621--ClientSession(66340913)--Thread(Thread[Test worker,5,main])--reconnecting to external connection pool
[EL Finest]: query: 2016-09-21 09:18:14.622--UnitOfWork(447711998)--Thread(Thread[Test worker,5,main])--Execute query ReadObjectQuery(name="readPhoneCategory" referenceClass=PhoneCategory sql="SELECT phoneCatId, phoneCatName, versionId, createdBy, createdDate, updatedBy, updatedDate, activeStatus, txnAccessCode FROM PhoneCategory WHERE (phoneCatId = ?)")
[EL Fine]: sql: 2016-09-21 09:18:14.623--ClientSession(66340913)--Connection(1072393358)--Thread(Thread[Test worker,5,main])--SELECT phoneCatId, phoneCatName, versionId, createdBy, createdDate, updatedBy, updatedDate, activeStatus, txnAccessCode FROM PhoneCategory WHERE (phoneCatId = ?)
	bind => [9DDACFB5-8FED-4648-A771-1C845B919133]
[EL Finest]: transaction: 2016-09-21 09:18:14.624--UnitOfWork(447711998)--Thread(Thread[Test worker,5,main])--remove() operation called on: OPrscFnHOZLbNuikbVWodxl3I7s9jErOOngMJ8ZUZGbsmqeyBx
Wed Sep 21 09:18:14 UTC 2016|Unknown Alarm = ORGCM328100200 Alarm Split = ORG-CM-3-2-8-100-200
[EL Finer]: transaction: 2016-09-21 09:18:14.625--UnitOfWork(447711998)--Thread(Thread[Test worker,5,main])--begin unit of work commit
[EL Finest]: query: 2016-09-21 09:18:14.625--UnitOfWork(447711998)--Thread(Thread[Test worker,5,main])--Execute query DoesExistQuery(referenceClass=PhoneCategory )
[EL Finest]: query: 2016-09-21 09:18:14.625--UnitOfWork(447711998)--Thread(Thread[Test worker,5,main])--Execute query DeleteObjectQuery(OPrscFnHOZLbNuikbVWodxl3I7s9jErOOngMJ8ZUZGbsmqeyBx)
[EL Fine]: sql: 2016-09-21 09:18:14.625--ClientSession(66340913)--Connection(1072393358)--Thread(Thread[Test worker,5,main])--DELETE FROM PhoneCategory WHERE ((phoneCatId = ?) AND (versionId = ?))
	bind => [9DDACFB5-8FED-4648-A771-1C845B919133, 2]
[EL Finer]: transaction: 2016-09-21 09:18:14.626--ClientSession(66340913)--Connection(1072393358)--Thread(Thread[Test worker,5,main])--commit transaction
[EL Finest]: connection: 2016-09-21 09:18:14.744--ServerSession(1151842404)--Connection(2060334945)--Thread(Thread[Test worker,5,main])--Connection released to connection pool [default].
[EL Finer]: transaction: 2016-09-21 09:18:14.744--UnitOfWork(447711998)--Thread(Thread[Test worker,5,main])--end unit of work commit
[EL Finer]: transaction: 2016-09-21 09:18:14.744--UnitOfWork(447711998)--Thread(Thread[Test worker,5,main])--resume unit of work
[EL Finer]: transaction: 2016-09-21 09:18:14.744--UnitOfWork(447711998)--Thread(Thread[Test worker,5,main])--release unit of work
[EL Finer]: connection: 2016-09-21 09:18:14.744--ClientSession(66340913)--Thread(Thread[Test worker,5,main])--client released
]]></system-out>
  <system-err><![CDATA[PhoneCategory.phoneCatName may not be null
java.lang.SecurityException: PhoneCategory.phoneCatName may not be null
	at com.athena.server.pluggable.utils.helper.EntityValidatorHelper.validateEntity(EntityValidatorHelper.java:37)
	at com.app.shared.organization.contactmanagement.PhoneCategory.isValid(PhoneCategory.java:147)
	at com.app.server.service.organization.contactmanagement.PhoneCategoryTestCase.validatePhoneCategory(PhoneCategoryTestCase.java:207)
	at com.app.server.service.organization.contactmanagement.PhoneCategoryTestCase.test5NegativeTesting(PhoneCategoryTestCase.java:238)
	at sun.reflect.NativeMethodAccessorImpl.invoke0(Native Method)
	at sun.reflect.NativeMethodAccessorImpl.invoke(NativeMethodAccessorImpl.java:57)
	at sun.reflect.DelegatingMethodAccessorImpl.invoke(DelegatingMethodAccessorImpl.java:43)
	at java.lang.reflect.Method.invoke(Method.java:606)
	at org.junit.runners.model.FrameworkMethod$1.runReflectiveCall(FrameworkMethod.java:47)
	at org.junit.internal.runners.model.ReflectiveCallable.run(ReflectiveCallable.java:12)
	at org.junit.runners.model.FrameworkMethod.invokeExplosively(FrameworkMethod.java:44)
	at org.junit.internal.runners.statements.InvokeMethod.evaluate(InvokeMethod.java:17)
	at org.junit.internal.runners.statements.RunBefores.evaluate(RunBefores.java:26)
	at org.springframework.test.context.junit4.statements.RunBeforeTestMethodCallbacks.evaluate(RunBeforeTestMethodCallbacks.java:74)
	at org.junit.internal.runners.statements.RunAfters.evaluate(RunAfters.java:27)
	at org.springframework.test.context.junit4.statements.RunAfterTestMethodCallbacks.evaluate(RunAfterTestMethodCallbacks.java:83)
	at org.springframework.test.context.junit4.statements.SpringRepeat.evaluate(SpringRepeat.java:72)
	at org.springframework.test.context.junit4.SpringJUnit4ClassRunner.runChild(SpringJUnit4ClassRunner.java:233)
	at org.springframework.test.context.junit4.SpringJUnit4ClassRunner.runChild(SpringJUnit4ClassRunner.java:87)
	at org.junit.runners.ParentRunner$3.run(ParentRunner.java:238)
	at org.junit.runners.ParentRunner$1.schedule(ParentRunner.java:63)
	at org.junit.runners.ParentRunner.runChildren(ParentRunner.java:236)
	at org.junit.runners.ParentRunner.access$000(ParentRunner.java:53)
	at org.junit.runners.ParentRunner$2.evaluate(ParentRunner.java:229)
	at org.junit.internal.runners.statements.RunBefores.evaluate(RunBefores.java:26)
	at org.springframework.test.context.junit4.statements.RunBeforeTestClassCallbacks.evaluate(RunBeforeTestClassCallbacks.java:61)
	at org.springframework.test.context.junit4.statements.RunAfterTestClassCallbacks.evaluate(RunAfterTestClassCallbacks.java:71)
	at org.junit.runners.ParentRunner.run(ParentRunner.java:309)
	at org.springframework.test.context.junit4.SpringJUnit4ClassRunner.run(SpringJUnit4ClassRunner.java:176)
	at org.gradle.api.internal.tasks.testing.junit.JUnitTestClassExecuter.runTestClass(JUnitTestClassExecuter.java:86)
	at org.gradle.api.internal.tasks.testing.junit.JUnitTestClassExecuter.execute(JUnitTestClassExecuter.java:49)
	at org.gradle.api.internal.tasks.testing.junit.JUnitTestClassProcessor.processTestClass(JUnitTestClassProcessor.java:64)
	at org.gradle.api.internal.tasks.testing.SuiteTestClassProcessor.processTestClass(SuiteTestClassProcessor.java:50)
	at sun.reflect.GeneratedMethodAccessor126.invoke(Unknown Source)
	at sun.reflect.DelegatingMethodAccessorImpl.invoke(DelegatingMethodAccessorImpl.java:43)
	at java.lang.reflect.Method.invoke(Method.java:606)
	at org.gradle.messaging.dispatch.ReflectionDispatch.dispatch(ReflectionDispatch.java:35)
	at org.gradle.messaging.dispatch.ReflectionDispatch.dispatch(ReflectionDispatch.java:24)
	at org.gradle.messaging.dispatch.ContextClassLoaderDispatch.dispatch(ContextClassLoaderDispatch.java:32)
	at org.gradle.messaging.dispatch.ProxyDispatchAdapter$DispatchingInvocationHandler.invoke(ProxyDispatchAdapter.java:93)
	at com.sun.proxy.$Proxy2.processTestClass(Unknown Source)
	at org.gradle.api.internal.tasks.testing.worker.TestWorker.processTestClass(TestWorker.java:106)
	at sun.reflect.GeneratedMethodAccessor125.invoke(Unknown Source)
	at sun.reflect.DelegatingMethodAccessorImpl.invoke(DelegatingMethodAccessorImpl.java:43)
	at java.lang.reflect.Method.invoke(Method.java:606)
	at org.gradle.messaging.dispatch.ReflectionDispatch.dispatch(ReflectionDispatch.java:35)
	at org.gradle.messaging.dispatch.ReflectionDispatch.dispatch(ReflectionDispatch.java:24)
	at org.gradle.messaging.remote.internal.hub.MessageHub$Handler.run(MessageHub.java:360)
	at org.gradle.internal.concurrent.DefaultExecutorFactory$StoppableExecutorImpl$1.run(DefaultExecutorFactory.java:64)
	at java.util.concurrent.ThreadPoolExecutor.runWorker(ThreadPoolExecutor.java:1145)
	at java.util.concurrent.ThreadPoolExecutor$Worker.run(ThreadPoolExecutor.java:615)
	at java.lang.Thread.run(Thread.java:745)
PhoneCategory.phoneCatName size must be between 1 and 256
java.lang.SecurityException: PhoneCategory.phoneCatName size must be between 1 and 256
	at com.athena.server.pluggable.utils.helper.EntityValidatorHelper.validateEntity(EntityValidatorHelper.java:37)
	at com.app.shared.organization.contactmanagement.PhoneCategory.isValid(PhoneCategory.java:147)
	at com.app.server.service.organization.contactmanagement.PhoneCategoryTestCase.validatePhoneCategory(PhoneCategoryTestCase.java:205)
	at com.app.server.service.organization.contactmanagement.PhoneCategoryTestCase.test5NegativeTesting(PhoneCategoryTestCase.java:243)
	at sun.reflect.NativeMethodAccessorImpl.invoke0(Native Method)
	at sun.reflect.NativeMethodAccessorImpl.invoke(NativeMethodAccessorImpl.java:57)
	at sun.reflect.DelegatingMethodAccessorImpl.invoke(DelegatingMethodAccessorImpl.java:43)
	at java.lang.reflect.Method.invoke(Method.java:606)
	at org.junit.runners.model.FrameworkMethod$1.runReflectiveCall(FrameworkMethod.java:47)
	at org.junit.internal.runners.model.ReflectiveCallable.run(ReflectiveCallable.java:12)
	at org.junit.runners.model.FrameworkMethod.invokeExplosively(FrameworkMethod.java:44)
	at org.junit.internal.runners.statements.InvokeMethod.evaluate(InvokeMethod.java:17)
	at org.junit.internal.runners.statements.RunBefores.evaluate(RunBefores.java:26)
	at org.springframework.test.context.junit4.statements.RunBeforeTestMethodCallbacks.evaluate(RunBeforeTestMethodCallbacks.java:74)
	at org.junit.internal.runners.statements.RunAfters.evaluate(RunAfters.java:27)
	at org.springframework.test.context.junit4.statements.RunAfterTestMethodCallbacks.evaluate(RunAfterTestMethodCallbacks.java:83)
	at org.springframework.test.context.junit4.statements.SpringRepeat.evaluate(SpringRepeat.java:72)
	at org.springframework.test.context.junit4.SpringJUnit4ClassRunner.runChild(SpringJUnit4ClassRunner.java:233)
	at org.springframework.test.context.junit4.SpringJUnit4ClassRunner.runChild(SpringJUnit4ClassRunner.java:87)
	at org.junit.runners.ParentRunner$3.run(ParentRunner.java:238)
	at org.junit.runners.ParentRunner$1.schedule(ParentRunner.java:63)
	at org.junit.runners.ParentRunner.runChildren(ParentRunner.java:236)
	at org.junit.runners.ParentRunner.access$000(ParentRunner.java:53)
	at org.junit.runners.ParentRunner$2.evaluate(ParentRunner.java:229)
	at org.junit.internal.runners.statements.RunBefores.evaluate(RunBefores.java:26)
	at org.springframework.test.context.junit4.statements.RunBeforeTestClassCallbacks.evaluate(RunBeforeTestClassCallbacks.java:61)
	at org.springframework.test.context.junit4.statements.RunAfterTestClassCallbacks.evaluate(RunAfterTestClassCallbacks.java:71)
	at org.junit.runners.ParentRunner.run(ParentRunner.java:309)
	at org.springframework.test.context.junit4.SpringJUnit4ClassRunner.run(SpringJUnit4ClassRunner.java:176)
	at org.gradle.api.internal.tasks.testing.junit.JUnitTestClassExecuter.runTestClass(JUnitTestClassExecuter.java:86)
	at org.gradle.api.internal.tasks.testing.junit.JUnitTestClassExecuter.execute(JUnitTestClassExecuter.java:49)
	at org.gradle.api.internal.tasks.testing.junit.JUnitTestClassProcessor.processTestClass(JUnitTestClassProcessor.java:64)
	at org.gradle.api.internal.tasks.testing.SuiteTestClassProcessor.processTestClass(SuiteTestClassProcessor.java:50)
	at sun.reflect.GeneratedMethodAccessor126.invoke(Unknown Source)
	at sun.reflect.DelegatingMethodAccessorImpl.invoke(DelegatingMethodAccessorImpl.java:43)
	at java.lang.reflect.Method.invoke(Method.java:606)
	at org.gradle.messaging.dispatch.ReflectionDispatch.dispatch(ReflectionDispatch.java:35)
	at org.gradle.messaging.dispatch.ReflectionDispatch.dispatch(ReflectionDispatch.java:24)
	at org.gradle.messaging.dispatch.ContextClassLoaderDispatch.dispatch(ContextClassLoaderDispatch.java:32)
	at org.gradle.messaging.dispatch.ProxyDispatchAdapter$DispatchingInvocationHandler.invoke(ProxyDispatchAdapter.java:93)
	at com.sun.proxy.$Proxy2.processTestClass(Unknown Source)
	at org.gradle.api.internal.tasks.testing.worker.TestWorker.processTestClass(TestWorker.java:106)
	at sun.reflect.GeneratedMethodAccessor125.invoke(Unknown Source)
	at sun.reflect.DelegatingMethodAccessorImpl.invoke(DelegatingMethodAccessorImpl.java:43)
	at java.lang.reflect.Method.invoke(Method.java:606)
	at org.gradle.messaging.dispatch.ReflectionDispatch.dispatch(ReflectionDispatch.java:35)
	at org.gradle.messaging.dispatch.ReflectionDispatch.dispatch(ReflectionDispatch.java:24)
	at org.gradle.messaging.remote.internal.hub.MessageHub$Handler.run(MessageHub.java:360)
	at org.gradle.internal.concurrent.DefaultExecutorFactory$StoppableExecutorImpl$1.run(DefaultExecutorFactory.java:64)
	at java.util.concurrent.ThreadPoolExecutor.runWorker(ThreadPoolExecutor.java:1145)
	at java.util.concurrent.ThreadPoolExecutor$Worker.run(ThreadPoolExecutor.java:615)
	at java.lang.Thread.run(Thread.java:745)
]]></system-err>
</testsuite>
