<?xml version="1.0" encoding="UTF-8"?>
<testsuite name="com.app.server.service.multitenant.customers.AppCustomerTypeTestCase" tests="5" skipped="0" failures="0" errors="0" timestamp="2016-09-21T06:35:21" hostname="ab5a12c16337" time="0.456">
  <properties/>
  <testcase name="test1Save" classname="com.app.server.service.multitenant.customers.AppCustomerTypeTestCase" time="0.151"/>
  <testcase name="test2Update" classname="com.app.server.service.multitenant.customers.AppCustomerTypeTestCase" time="0.123"/>
  <testcase name="test3FindById" classname="com.app.server.service.multitenant.customers.AppCustomerTypeTestCase" time="0.04"/>
  <testcase name="test5NegativeTesting" classname="com.app.server.service.multitenant.customers.AppCustomerTypeTestCase" time="0.013"/>
  <testcase name="test6Delete" classname="com.app.server.service.multitenant.customers.AppCustomerTypeTestCase" time="0.129"/>
  <system-out><![CDATA[Wed Sep 21 06:35:21 UTC 2016|Log Manager Factory|Initialization Process started.....
Wed Sep 21 06:35:21 UTC 2016|Log Manager|Initialized with Path = [/home/applifire/workspace/testpro/src/main/webapp/WEB-INF/conf]
Wed Sep 21 06:35:21 UTC 2016|Alarm Manager|Initialized with Path = [/home/applifire/workspace/testpro/src/main/webapp/WEB-INF/conf]
Wed Sep 21 06:35:21 UTC 2016|Alarm Manager|Loading Alarms ......
Wed Sep 21 06:35:21 UTC 2016|Alarm XML Parser|FWA|XML Parsing Complete........ 
Wed Sep 21 06:35:21 UTC 2016|Alarm File Manager|FWA|Alarm File Status.. [ApplicationFrameworkAlarms.xml]|Version=15|Status=Done 
Wed Sep 21 06:35:21 UTC 2016|Alarm File Manager|FWA|Alarm Stats = ( BC/AL=5/786 SYS=5/11 [786/0]  TPL=0/0 [0/0]  APP= A.Map=[875]  E.Map EC/RC=[391/79] )
Wed Sep 21 06:35:21 UTC 2016|Alarm XML Parser|APP|XML Parsing Complete........ 
Wed Sep 21 06:35:21 UTC 2016|Alarm File Manager|APP|Alarm File Status.. [ApplicationAlarms.xml]|Version=1|Status=Done 
Wed Sep 21 06:35:21 UTC 2016|Alarm File Manager|APP|Alarm Stats = ( BC/AL=5/786 SYS=5/11 [786/0]  TPL=0/0 [0/0]  APP=0/0 [0/0]  A.Map=[875]  E.Map EC/RC=[391/79] )
Wed Sep 21 06:35:21 UTC 2016|ApplicationAlarmContext| <><><><><> Create App Alarms ....  <><><><><> 
Wed Sep 21 06:35:21 UTC 2016|ApplicationAlarmContext|Alarms are generated ONLY in Development Mode.. 
Wed Sep 21 06:35:21 UTC 2016|Alarm Manager|APP|Alarm Stats = ( BC/AL=5/786 SYS=5/11 [786/0]  TPL=0/0 [0/0]  APP=0/0 [0/0]  A.Map=[875]  E.Map EC/RC=[391/79] )
Wed Sep 21 06:35:21 UTC 2016|Alarm Manager|Initialized Exception Lookup...
Wed Sep 21 06:35:21 UTC 2016|Log Manager|Initialize Log Config File ......
Wed Sep 21 06:35:21 UTC 2016|Pluggable Connectors|Adding Connectors : StandardOutputConnector isEnabled=true isDefault=false isFallBack=true
Wed Sep 21 06:35:21 UTC 2016|Pluggable Connectors|Adding Connectors : StandardFileConnector isEnabled=true isDefault=false isFallBack=false
Wed Sep 21 06:35:21 UTC 2016|Pluggable Connectors|Adding Connectors : Sprinkler isEnabled=true isDefault=true isFallBack=false
Wed Sep 21 06:35:21 UTC 2016|Pluggable Connectors|Default Connector Name : com.spartan.logger.core.LogMessenger
Wed Sep 21 06:35:21 UTC 2016|Log Config Parser|Connector Least Log Level =[4]  FallBack Log Level =[3]
Wed Sep 21 06:35:21 UTC 2016|Log Manager|Loading Default Connector for Logging ......
Wed Sep 21 06:35:21 UTC 2016|Log Manager|Loading class .. com.spartan.logger.core.LogMessenger
Wed Sep 21 06:35:21 UTC 2016|Plugggable Connector|Connector class com.spartan.logger.core.LogMessenger Initialized... @ Log Level = 3
Wed Sep 21 06:35:21 UTC 2016|Log Manager|Starting the Default Connector [com.spartan.logger.core.LogMessenger@3eaea4ce] ....
Wed Sep 21 06:35:21 UTC 2016|Scheduler|Starting the Scheduler ......
Wed Sep 21 06:35:21 UTC 2016|Scheduler|Adding [LMID=[b53b3b4c-eae5-4dab-b5a8-91035a9d6d6b]] Delay=5 Time Unit=MINUTES
Wed Sep 21 06:35:21 UTC 2016|Scheduler|Adding [App Alarm Manager File=[ApplicationAlarms.xml]] Delay=30 Time Unit=MINUTES
Wed Sep 21 06:35:21 UTC 2016|Scheduler|Adding [FW Alarm Manager File=[ApplicationFrameworkAlarms.xml]] Delay=3 Time Unit=MINUTES
Wed Sep 21 06:35:21 UTC 2016|Scheduler|Startup Completed..
Wed Sep 21 06:35:21 UTC 2016|Log Manager|Initialization Process Complete ......
Wed Sep 21 06:35:21 UTC 2016|Log Manager Factory|Log Manager READY! ID = b53b3b4c-eae5-4dab-b5a8-91035a9d6d6b
[EL Finer]: connection: 2016-09-21 06:35:21.498--ServerSession(993367760)--Thread(Thread[Test worker,5,main])--client acquired: 1442826427
[EL Finer]: transaction: 2016-09-21 06:35:21.498--ClientSession(1442826427)--Thread(Thread[Test worker,5,main])--acquire unit of work: 198416665
[EL Finest]: connection: 2016-09-21 06:35:21.498--ServerSession(993367760)--Connection(1894268511)--Thread(Thread[Test worker,5,main])--Connection acquired from connection pool [default].
[EL Finer]: transaction: 2016-09-21 06:35:21.498--ClientSession(1442826427)--Connection(1894268511)--Thread(Thread[Test worker,5,main])--begin transaction
[EL Finest]: connection: 2016-09-21 06:35:21.498--ClientSession(1442826427)--Thread(Thread[Test worker,5,main])--reconnecting to external connection pool
[EL Finest]: transaction: 2016-09-21 06:35:21.5--UnitOfWork(198416665)--Thread(Thread[Test worker,5,main])--persist() operation called on: nyl2no3MonaAVnyuEzN6jY40CT51W3vv2YewD8Y7xe2kC8U7Nw.
[EL Finest]: sequencing: 2016-09-21 06:35:21.5--UnitOfWork(198416665)--Thread(Thread[Test worker,5,main])--assign sequence to the object (E82D8016-1763-4185-A756-AD2AA39D989A -> nyl2no3MonaAVnyuEzN6jY40CT51W3vv2YewD8Y7xe2kC8U7Nw)
[EL Finer]: transaction: 2016-09-21 06:35:21.501--UnitOfWork(198416665)--Thread(Thread[Test worker,5,main])--begin unit of work commit
[EL Finest]: query: 2016-09-21 06:35:21.502--UnitOfWork(198416665)--Thread(Thread[Test worker,5,main])--Execute query InsertObjectQuery(nyl2no3MonaAVnyuEzN6jY40CT51W3vv2YewD8Y7xe2kC8U7Nw)
[EL Fine]: sql: 2016-09-21 06:35:21.502--ClientSession(1442826427)--Connection(1837136315)--Thread(Thread[Test worker,5,main])--INSERT INTO AppCustomerType (appcustTypeId, appCustomerTypeId, versionId, createdBy, createdDate, updatedBy, updatedDate, activeStatus, txnAccessCode) VALUES (?, ?, ?, ?, ?, ?, ?, ?, ?)
	bind => [E82D8016-1763-4185-A756-AD2AA39D989A, nyl2no3MonaAVnyuEzN6jY40CT51W3vv2YewD8Y7xe2kC8U7Nw, 1, AAAAA, 2016-09-21 06:35:21.466, AAAAA, 2016-09-21 06:35:21.466, 1, 51000]
[EL Finer]: transaction: 2016-09-21 06:35:21.504--ClientSession(1442826427)--Connection(1837136315)--Thread(Thread[Test worker,5,main])--commit transaction
[EL Finest]: connection: 2016-09-21 06:35:21.578--ServerSession(993367760)--Connection(1894268511)--Thread(Thread[Test worker,5,main])--Connection released to connection pool [default].
[EL Finer]: transaction: 2016-09-21 06:35:21.578--UnitOfWork(198416665)--Thread(Thread[Test worker,5,main])--end unit of work commit
[EL Finer]: transaction: 2016-09-21 06:35:21.578--UnitOfWork(198416665)--Thread(Thread[Test worker,5,main])--resume unit of work
[EL Finer]: transaction: 2016-09-21 06:35:21.579--UnitOfWork(198416665)--Thread(Thread[Test worker,5,main])--release unit of work
[EL Finer]: connection: 2016-09-21 06:35:21.579--ClientSession(1442826427)--Thread(Thread[Test worker,5,main])--client released
[EL Finer]: connection: 2016-09-21 06:35:21.606--ServerSession(993367760)--Thread(Thread[Test worker,5,main])--client acquired: 599290122
[EL Finer]: transaction: 2016-09-21 06:35:21.606--ClientSession(599290122)--Thread(Thread[Test worker,5,main])--acquire unit of work: 570776024
[EL Finest]: connection: 2016-09-21 06:35:21.606--ServerSession(993367760)--Connection(223184219)--Thread(Thread[Test worker,5,main])--Connection acquired from connection pool [default].
[EL Finer]: transaction: 2016-09-21 06:35:21.606--ClientSession(599290122)--Connection(223184219)--Thread(Thread[Test worker,5,main])--begin transaction
[EL Finest]: connection: 2016-09-21 06:35:21.606--ClientSession(599290122)--Thread(Thread[Test worker,5,main])--reconnecting to external connection pool
[EL Finer]: transaction: 2016-09-21 06:35:21.608--UnitOfWork(570776024)--Thread(Thread[Test worker,5,main])--begin unit of work flush
[EL Finer]: transaction: 2016-09-21 06:35:21.609--UnitOfWork(570776024)--Thread(Thread[Test worker,5,main])--end unit of work flush
[EL Finest]: query: 2016-09-21 06:35:21.609--UnitOfWork(570776024)--Thread(Thread[Test worker,5,main])--Execute query ReadAllQuery(name="AppCustomerType.findById" referenceClass=AppCustomerType sql="SELECT appcustTypeId, appCustomerTypeId, versionId, createdBy, createdDate, updatedBy, updatedDate, activeStatus, txnAccessCode FROM AppCustomerType WHERE ((activeStatus = ?) AND (appcustTypeId = ?))")
[EL Fine]: sql: 2016-09-21 06:35:21.609--ClientSession(599290122)--Connection(566668082)--Thread(Thread[Test worker,5,main])--SELECT appcustTypeId, appCustomerTypeId, versionId, createdBy, createdDate, updatedBy, updatedDate, activeStatus, txnAccessCode FROM AppCustomerType WHERE ((activeStatus = ?) AND (appcustTypeId = ?))
	bind => [1, E82D8016-1763-4185-A756-AD2AA39D989A]
[EL Finer]: transaction: 2016-09-21 06:35:21.611--UnitOfWork(570776024)--Thread(Thread[Test worker,5,main])--begin unit of work commit
[EL Finer]: transaction: 2016-09-21 06:35:21.611--ClientSession(599290122)--Connection(566668082)--Thread(Thread[Test worker,5,main])--commit transaction
[EL Finest]: connection: 2016-09-21 06:35:21.612--ServerSession(993367760)--Connection(223184219)--Thread(Thread[Test worker,5,main])--Connection released to connection pool [default].
[EL Finer]: transaction: 2016-09-21 06:35:21.612--UnitOfWork(570776024)--Thread(Thread[Test worker,5,main])--end unit of work commit
[EL Finer]: transaction: 2016-09-21 06:35:21.612--UnitOfWork(570776024)--Thread(Thread[Test worker,5,main])--resume unit of work
[EL Finer]: transaction: 2016-09-21 06:35:21.612--UnitOfWork(570776024)--Thread(Thread[Test worker,5,main])--release unit of work
[EL Finer]: connection: 2016-09-21 06:35:21.613--ClientSession(599290122)--Thread(Thread[Test worker,5,main])--client released
[EL Finer]: connection: 2016-09-21 06:35:21.613--ServerSession(993367760)--Thread(Thread[Test worker,5,main])--client acquired: 1209653027
[EL Finer]: transaction: 2016-09-21 06:35:21.613--ClientSession(1209653027)--Thread(Thread[Test worker,5,main])--acquire unit of work: 410738640
[EL Finest]: connection: 2016-09-21 06:35:21.613--ServerSession(993367760)--Connection(452114516)--Thread(Thread[Test worker,5,main])--Connection acquired from connection pool [default].
[EL Finer]: transaction: 2016-09-21 06:35:21.614--ClientSession(1209653027)--Connection(452114516)--Thread(Thread[Test worker,5,main])--begin transaction
[EL Finest]: connection: 2016-09-21 06:35:21.614--ClientSession(1209653027)--Thread(Thread[Test worker,5,main])--reconnecting to external connection pool
[EL Finest]: transaction: 2016-09-21 06:35:21.616--UnitOfWork(410738640)--Thread(Thread[Test worker,5,main])--Merge clone with references g6NcIz3yusQKWyYIIGjWOjloD95F6hrKWoWJzTEEf7CCatbGqu
[EL Finest]: query: 2016-09-21 06:35:21.617--UnitOfWork(410738640)--Thread(Thread[Test worker,5,main])--Execute query ReadObjectQuery(referenceClass=AppCustomerType )
[EL Fine]: sql: 2016-09-21 06:35:21.617--ClientSession(1209653027)--Connection(1417294533)--Thread(Thread[Test worker,5,main])--SELECT appcustTypeId, appCustomerTypeId, versionId, createdBy, createdDate, updatedBy, updatedDate, activeStatus, txnAccessCode FROM AppCustomerType WHERE (appcustTypeId = ?)
	bind => [E82D8016-1763-4185-A756-AD2AA39D989A]
[EL Finer]: transaction: 2016-09-21 06:35:21.619--UnitOfWork(410738640)--Thread(Thread[Test worker,5,main])--begin unit of work commit
[EL Finest]: query: 2016-09-21 06:35:21.619--UnitOfWork(410738640)--Thread(Thread[Test worker,5,main])--Execute query UpdateObjectQuery(g6NcIz3yusQKWyYIIGjWOjloD95F6hrKWoWJzTEEf7CCatbGqu)
[EL Fine]: sql: 2016-09-21 06:35:21.62--ClientSession(1209653027)--Connection(1417294533)--Thread(Thread[Test worker,5,main])--UPDATE AppCustomerType SET appCustomerTypeId = ?, versionId = ? WHERE ((appcustTypeId = ?) AND (versionId = ?))
	bind => [g6NcIz3yusQKWyYIIGjWOjloD95F6hrKWoWJzTEEf7CCatbGqu, 2, E82D8016-1763-4185-A756-AD2AA39D989A, 1]
[EL Finer]: transaction: 2016-09-21 06:35:21.621--ClientSession(1209653027)--Connection(1417294533)--Thread(Thread[Test worker,5,main])--commit transaction
[EL Finest]: connection: 2016-09-21 06:35:21.701--ServerSession(993367760)--Connection(452114516)--Thread(Thread[Test worker,5,main])--Connection released to connection pool [default].
[EL Finer]: transaction: 2016-09-21 06:35:21.701--UnitOfWork(410738640)--Thread(Thread[Test worker,5,main])--end unit of work commit
[EL Finer]: transaction: 2016-09-21 06:35:21.701--UnitOfWork(410738640)--Thread(Thread[Test worker,5,main])--resume unit of work
[EL Finer]: transaction: 2016-09-21 06:35:21.702--UnitOfWork(410738640)--Thread(Thread[Test worker,5,main])--release unit of work
[EL Finer]: connection: 2016-09-21 06:35:21.702--ClientSession(1209653027)--Thread(Thread[Test worker,5,main])--client released
[EL Finer]: connection: 2016-09-21 06:35:21.736--ServerSession(993367760)--Thread(Thread[Test worker,5,main])--client acquired: 1357135406
[EL Finer]: transaction: 2016-09-21 06:35:21.737--ClientSession(1357135406)--Thread(Thread[Test worker,5,main])--acquire unit of work: 950953855
[EL Finest]: connection: 2016-09-21 06:35:21.737--ServerSession(993367760)--Connection(1108140011)--Thread(Thread[Test worker,5,main])--Connection acquired from connection pool [default].
[EL Finer]: transaction: 2016-09-21 06:35:21.737--ClientSession(1357135406)--Connection(1108140011)--Thread(Thread[Test worker,5,main])--begin transaction
[EL Finest]: connection: 2016-09-21 06:35:21.737--ClientSession(1357135406)--Thread(Thread[Test worker,5,main])--reconnecting to external connection pool
[EL Finer]: transaction: 2016-09-21 06:35:21.738--UnitOfWork(950953855)--Thread(Thread[Test worker,5,main])--begin unit of work flush
[EL Finer]: transaction: 2016-09-21 06:35:21.738--UnitOfWork(950953855)--Thread(Thread[Test worker,5,main])--end unit of work flush
[EL Finest]: query: 2016-09-21 06:35:21.738--UnitOfWork(950953855)--Thread(Thread[Test worker,5,main])--Execute query ReadAllQuery(name="AppCustomerType.findById" referenceClass=AppCustomerType sql="SELECT appcustTypeId, appCustomerTypeId, versionId, createdBy, createdDate, updatedBy, updatedDate, activeStatus, txnAccessCode FROM AppCustomerType WHERE ((activeStatus = ?) AND (appcustTypeId = ?))")
[EL Fine]: sql: 2016-09-21 06:35:21.739--ClientSession(1357135406)--Connection(2147234344)--Thread(Thread[Test worker,5,main])--SELECT appcustTypeId, appCustomerTypeId, versionId, createdBy, createdDate, updatedBy, updatedDate, activeStatus, txnAccessCode FROM AppCustomerType WHERE ((activeStatus = ?) AND (appcustTypeId = ?))
	bind => [1, E82D8016-1763-4185-A756-AD2AA39D989A]
[EL Finer]: transaction: 2016-09-21 06:35:21.74--UnitOfWork(950953855)--Thread(Thread[Test worker,5,main])--begin unit of work commit
[EL Finer]: transaction: 2016-09-21 06:35:21.741--ClientSession(1357135406)--Connection(2147234344)--Thread(Thread[Test worker,5,main])--commit transaction
[EL Finest]: connection: 2016-09-21 06:35:21.741--ServerSession(993367760)--Connection(1108140011)--Thread(Thread[Test worker,5,main])--Connection released to connection pool [default].
[EL Finer]: transaction: 2016-09-21 06:35:21.741--UnitOfWork(950953855)--Thread(Thread[Test worker,5,main])--end unit of work commit
[EL Finer]: transaction: 2016-09-21 06:35:21.741--UnitOfWork(950953855)--Thread(Thread[Test worker,5,main])--resume unit of work
[EL Finer]: transaction: 2016-09-21 06:35:21.741--UnitOfWork(950953855)--Thread(Thread[Test worker,5,main])--release unit of work
[EL Finer]: connection: 2016-09-21 06:35:21.742--ClientSession(1357135406)--Thread(Thread[Test worker,5,main])--client released
[EL Finer]: connection: 2016-09-21 06:35:21.807--ServerSession(993367760)--Thread(Thread[Test worker,5,main])--client acquired: 614172671
[EL Finer]: transaction: 2016-09-21 06:35:21.807--ClientSession(614172671)--Thread(Thread[Test worker,5,main])--acquire unit of work: 1593674015
[EL Finest]: connection: 2016-09-21 06:35:21.807--ServerSession(993367760)--Connection(1463124721)--Thread(Thread[Test worker,5,main])--Connection acquired from connection pool [default].
[EL Finer]: transaction: 2016-09-21 06:35:21.807--ClientSession(614172671)--Connection(1463124721)--Thread(Thread[Test worker,5,main])--begin transaction
[EL Finest]: connection: 2016-09-21 06:35:21.807--ClientSession(614172671)--Thread(Thread[Test worker,5,main])--reconnecting to external connection pool
[EL Finest]: query: 2016-09-21 06:35:21.808--UnitOfWork(1593674015)--Thread(Thread[Test worker,5,main])--Execute query ReadObjectQuery(name="readAppCustomerType" referenceClass=AppCustomerType sql="SELECT appcustTypeId, appCustomerTypeId, versionId, createdBy, createdDate, updatedBy, updatedDate, activeStatus, txnAccessCode FROM AppCustomerType WHERE (appcustTypeId = ?)")
[EL Fine]: sql: 2016-09-21 06:35:21.808--ClientSession(614172671)--Connection(1241089246)--Thread(Thread[Test worker,5,main])--SELECT appcustTypeId, appCustomerTypeId, versionId, createdBy, createdDate, updatedBy, updatedDate, activeStatus, txnAccessCode FROM AppCustomerType WHERE (appcustTypeId = ?)
	bind => [E82D8016-1763-4185-A756-AD2AA39D989A]
[EL Finest]: transaction: 2016-09-21 06:35:21.809--UnitOfWork(1593674015)--Thread(Thread[Test worker,5,main])--remove() operation called on: g6NcIz3yusQKWyYIIGjWOjloD95F6hrKWoWJzTEEf7CCatbGqu
[EL Finer]: transaction: 2016-09-21 06:35:21.81--UnitOfWork(1593674015)--Thread(Thread[Test worker,5,main])--begin unit of work commit
[EL Finest]: query: 2016-09-21 06:35:21.81--UnitOfWork(1593674015)--Thread(Thread[Test worker,5,main])--Execute query DoesExistQuery(referenceClass=AppCustomerType )
[EL Finest]: query: 2016-09-21 06:35:21.81--UnitOfWork(1593674015)--Thread(Thread[Test worker,5,main])--Execute query DeleteObjectQuery(g6NcIz3yusQKWyYIIGjWOjloD95F6hrKWoWJzTEEf7CCatbGqu)
[EL Fine]: sql: 2016-09-21 06:35:21.811--ClientSession(614172671)--Connection(1241089246)--Thread(Thread[Test worker,5,main])--DELETE FROM AppCustomerType WHERE ((appcustTypeId = ?) AND (versionId = ?))
	bind => [E82D8016-1763-4185-A756-AD2AA39D989A, 2]
[EL Finer]: transaction: 2016-09-21 06:35:21.812--ClientSession(614172671)--Connection(1241089246)--Thread(Thread[Test worker,5,main])--commit transaction
[EL Finest]: connection: 2016-09-21 06:35:21.883--ServerSession(993367760)--Connection(1463124721)--Thread(Thread[Test worker,5,main])--Connection released to connection pool [default].
[EL Finer]: transaction: 2016-09-21 06:35:21.883--UnitOfWork(1593674015)--Thread(Thread[Test worker,5,main])--end unit of work commit
[EL Finer]: transaction: 2016-09-21 06:35:21.883--UnitOfWork(1593674015)--Thread(Thread[Test worker,5,main])--resume unit of work
[EL Finer]: transaction: 2016-09-21 06:35:21.884--UnitOfWork(1593674015)--Thread(Thread[Test worker,5,main])--release unit of work
[EL Finer]: connection: 2016-09-21 06:35:21.884--ClientSession(614172671)--Thread(Thread[Test worker,5,main])--client released
]]></system-out>
  <system-err><![CDATA[AppCustomerType.appCustomerTypeId may not be null
java.lang.SecurityException: AppCustomerType.appCustomerTypeId may not be null
	at com.athena.server.pluggable.utils.helper.EntityValidatorHelper.validateEntity(EntityValidatorHelper.java:37)
	at com.app.shared.multitenant.customers.AppCustomerType.isValid(AppCustomerType.java:146)
	at com.app.server.service.multitenant.customers.AppCustomerTypeTestCase.validateAppCustomerType(AppCustomerTypeTestCase.java:207)
	at com.app.server.service.multitenant.customers.AppCustomerTypeTestCase.test5NegativeTesting(AppCustomerTypeTestCase.java:238)
	at sun.reflect.NativeMethodAccessorImpl.invoke0(Native Method)
	at sun.reflect.NativeMethodAccessorImpl.invoke(NativeMethodAccessorImpl.java:57)
	at sun.reflect.DelegatingMethodAccessorImpl.invoke(DelegatingMethodAccessorImpl.java:43)
	at java.lang.reflect.Method.invoke(Method.java:606)
	at org.junit.runners.model.FrameworkMethod$1.runReflectiveCall(FrameworkMethod.java:47)
	at org.junit.internal.runners.model.ReflectiveCallable.run(ReflectiveCallable.java:12)
	at org.junit.runners.model.FrameworkMethod.invokeExplosively(FrameworkMethod.java:44)
	at org.junit.internal.runners.statements.InvokeMethod.evaluate(InvokeMethod.java:17)
	at org.junit.internal.runners.statements.RunBefores.evaluate(RunBefores.java:26)
	at org.springframework.test.context.junit4.statements.RunBeforeTestMethodCallbacks.evaluate(RunBeforeTestMethodCallbacks.java:74)
	at org.junit.internal.runners.statements.RunAfters.evaluate(RunAfters.java:27)
	at org.springframework.test.context.junit4.statements.RunAfterTestMethodCallbacks.evaluate(RunAfterTestMethodCallbacks.java:83)
	at org.springframework.test.context.junit4.statements.SpringRepeat.evaluate(SpringRepeat.java:72)
	at org.springframework.test.context.junit4.SpringJUnit4ClassRunner.runChild(SpringJUnit4ClassRunner.java:233)
	at org.springframework.test.context.junit4.SpringJUnit4ClassRunner.runChild(SpringJUnit4ClassRunner.java:87)
	at org.junit.runners.ParentRunner$3.run(ParentRunner.java:238)
	at org.junit.runners.ParentRunner$1.schedule(ParentRunner.java:63)
	at org.junit.runners.ParentRunner.runChildren(ParentRunner.java:236)
	at org.junit.runners.ParentRunner.access$000(ParentRunner.java:53)
	at org.junit.runners.ParentRunner$2.evaluate(ParentRunner.java:229)
	at org.junit.internal.runners.statements.RunBefores.evaluate(RunBefores.java:26)
	at org.springframework.test.context.junit4.statements.RunBeforeTestClassCallbacks.evaluate(RunBeforeTestClassCallbacks.java:61)
	at org.springframework.test.context.junit4.statements.RunAfterTestClassCallbacks.evaluate(RunAfterTestClassCallbacks.java:71)
	at org.junit.runners.ParentRunner.run(ParentRunner.java:309)
	at org.springframework.test.context.junit4.SpringJUnit4ClassRunner.run(SpringJUnit4ClassRunner.java:176)
	at org.gradle.api.internal.tasks.testing.junit.JUnitTestClassExecuter.runTestClass(JUnitTestClassExecuter.java:86)
	at org.gradle.api.internal.tasks.testing.junit.JUnitTestClassExecuter.execute(JUnitTestClassExecuter.java:49)
	at org.gradle.api.internal.tasks.testing.junit.JUnitTestClassProcessor.processTestClass(JUnitTestClassProcessor.java:64)
	at org.gradle.api.internal.tasks.testing.SuiteTestClassProcessor.processTestClass(SuiteTestClassProcessor.java:50)
	at sun.reflect.NativeMethodAccessorImpl.invoke0(Native Method)
	at sun.reflect.NativeMethodAccessorImpl.invoke(NativeMethodAccessorImpl.java:57)
	at sun.reflect.DelegatingMethodAccessorImpl.invoke(DelegatingMethodAccessorImpl.java:43)
	at java.lang.reflect.Method.invoke(Method.java:606)
	at org.gradle.messaging.dispatch.ReflectionDispatch.dispatch(ReflectionDispatch.java:35)
	at org.gradle.messaging.dispatch.ReflectionDispatch.dispatch(ReflectionDispatch.java:24)
	at org.gradle.messaging.dispatch.ContextClassLoaderDispatch.dispatch(ContextClassLoaderDispatch.java:32)
	at org.gradle.messaging.dispatch.ProxyDispatchAdapter$DispatchingInvocationHandler.invoke(ProxyDispatchAdapter.java:93)
	at com.sun.proxy.$Proxy2.processTestClass(Unknown Source)
	at org.gradle.api.internal.tasks.testing.worker.TestWorker.processTestClass(TestWorker.java:106)
	at sun.reflect.NativeMethodAccessorImpl.invoke0(Native Method)
	at sun.reflect.NativeMethodAccessorImpl.invoke(NativeMethodAccessorImpl.java:57)
	at sun.reflect.DelegatingMethodAccessorImpl.invoke(DelegatingMethodAccessorImpl.java:43)
	at java.lang.reflect.Method.invoke(Method.java:606)
	at org.gradle.messaging.dispatch.ReflectionDispatch.dispatch(ReflectionDispatch.java:35)
	at org.gradle.messaging.dispatch.ReflectionDispatch.dispatch(ReflectionDispatch.java:24)
	at org.gradle.messaging.remote.internal.hub.MessageHub$Handler.run(MessageHub.java:360)
	at org.gradle.internal.concurrent.DefaultExecutorFactory$StoppableExecutorImpl$1.run(DefaultExecutorFactory.java:64)
	at java.util.concurrent.ThreadPoolExecutor.runWorker(ThreadPoolExecutor.java:1145)
	at java.util.concurrent.ThreadPoolExecutor$Worker.run(ThreadPoolExecutor.java:615)
	at java.lang.Thread.run(Thread.java:745)
AppCustomerType.appCustomerTypeId size must be between 1 and 256
java.lang.SecurityException: AppCustomerType.appCustomerTypeId size must be between 1 and 256
	at com.athena.server.pluggable.utils.helper.EntityValidatorHelper.validateEntity(EntityValidatorHelper.java:37)
	at com.app.shared.multitenant.customers.AppCustomerType.isValid(AppCustomerType.java:146)
	at com.app.server.service.multitenant.customers.AppCustomerTypeTestCase.validateAppCustomerType(AppCustomerTypeTestCase.java:205)
	at com.app.server.service.multitenant.customers.AppCustomerTypeTestCase.test5NegativeTesting(AppCustomerTypeTestCase.java:243)
	at sun.reflect.NativeMethodAccessorImpl.invoke0(Native Method)
	at sun.reflect.NativeMethodAccessorImpl.invoke(NativeMethodAccessorImpl.java:57)
	at sun.reflect.DelegatingMethodAccessorImpl.invoke(DelegatingMethodAccessorImpl.java:43)
	at java.lang.reflect.Method.invoke(Method.java:606)
	at org.junit.runners.model.FrameworkMethod$1.runReflectiveCall(FrameworkMethod.java:47)
	at org.junit.internal.runners.model.ReflectiveCallable.run(ReflectiveCallable.java:12)
	at org.junit.runners.model.FrameworkMethod.invokeExplosively(FrameworkMethod.java:44)
	at org.junit.internal.runners.statements.InvokeMethod.evaluate(InvokeMethod.java:17)
	at org.junit.internal.runners.statements.RunBefores.evaluate(RunBefores.java:26)
	at org.springframework.test.context.junit4.statements.RunBeforeTestMethodCallbacks.evaluate(RunBeforeTestMethodCallbacks.java:74)
	at org.junit.internal.runners.statements.RunAfters.evaluate(RunAfters.java:27)
	at org.springframework.test.context.junit4.statements.RunAfterTestMethodCallbacks.evaluate(RunAfterTestMethodCallbacks.java:83)
	at org.springframework.test.context.junit4.statements.SpringRepeat.evaluate(SpringRepeat.java:72)
	at org.springframework.test.context.junit4.SpringJUnit4ClassRunner.runChild(SpringJUnit4ClassRunner.java:233)
	at org.springframework.test.context.junit4.SpringJUnit4ClassRunner.runChild(SpringJUnit4ClassRunner.java:87)
	at org.junit.runners.ParentRunner$3.run(ParentRunner.java:238)
	at org.junit.runners.ParentRunner$1.schedule(ParentRunner.java:63)
	at org.junit.runners.ParentRunner.runChildren(ParentRunner.java:236)
	at org.junit.runners.ParentRunner.access$000(ParentRunner.java:53)
	at org.junit.runners.ParentRunner$2.evaluate(ParentRunner.java:229)
	at org.junit.internal.runners.statements.RunBefores.evaluate(RunBefores.java:26)
	at org.springframework.test.context.junit4.statements.RunBeforeTestClassCallbacks.evaluate(RunBeforeTestClassCallbacks.java:61)
	at org.springframework.test.context.junit4.statements.RunAfterTestClassCallbacks.evaluate(RunAfterTestClassCallbacks.java:71)
	at org.junit.runners.ParentRunner.run(ParentRunner.java:309)
	at org.springframework.test.context.junit4.SpringJUnit4ClassRunner.run(SpringJUnit4ClassRunner.java:176)
	at org.gradle.api.internal.tasks.testing.junit.JUnitTestClassExecuter.runTestClass(JUnitTestClassExecuter.java:86)
	at org.gradle.api.internal.tasks.testing.junit.JUnitTestClassExecuter.execute(JUnitTestClassExecuter.java:49)
	at org.gradle.api.internal.tasks.testing.junit.JUnitTestClassProcessor.processTestClass(JUnitTestClassProcessor.java:64)
	at org.gradle.api.internal.tasks.testing.SuiteTestClassProcessor.processTestClass(SuiteTestClassProcessor.java:50)
	at sun.reflect.NativeMethodAccessorImpl.invoke0(Native Method)
	at sun.reflect.NativeMethodAccessorImpl.invoke(NativeMethodAccessorImpl.java:57)
	at sun.reflect.DelegatingMethodAccessorImpl.invoke(DelegatingMethodAccessorImpl.java:43)
	at java.lang.reflect.Method.invoke(Method.java:606)
	at org.gradle.messaging.dispatch.ReflectionDispatch.dispatch(ReflectionDispatch.java:35)
	at org.gradle.messaging.dispatch.ReflectionDispatch.dispatch(ReflectionDispatch.java:24)
	at org.gradle.messaging.dispatch.ContextClassLoaderDispatch.dispatch(ContextClassLoaderDispatch.java:32)
	at org.gradle.messaging.dispatch.ProxyDispatchAdapter$DispatchingInvocationHandler.invoke(ProxyDispatchAdapter.java:93)
	at com.sun.proxy.$Proxy2.processTestClass(Unknown Source)
	at org.gradle.api.internal.tasks.testing.worker.TestWorker.processTestClass(TestWorker.java:106)
	at sun.reflect.NativeMethodAccessorImpl.invoke0(Native Method)
	at sun.reflect.NativeMethodAccessorImpl.invoke(NativeMethodAccessorImpl.java:57)
	at sun.reflect.DelegatingMethodAccessorImpl.invoke(DelegatingMethodAccessorImpl.java:43)
	at java.lang.reflect.Method.invoke(Method.java:606)
	at org.gradle.messaging.dispatch.ReflectionDispatch.dispatch(ReflectionDispatch.java:35)
	at org.gradle.messaging.dispatch.ReflectionDispatch.dispatch(ReflectionDispatch.java:24)
	at org.gradle.messaging.remote.internal.hub.MessageHub$Handler.run(MessageHub.java:360)
	at org.gradle.internal.concurrent.DefaultExecutorFactory$StoppableExecutorImpl$1.run(DefaultExecutorFactory.java:64)
	at java.util.concurrent.ThreadPoolExecutor.runWorker(ThreadPoolExecutor.java:1145)
	at java.util.concurrent.ThreadPoolExecutor$Worker.run(ThreadPoolExecutor.java:615)
	at java.lang.Thread.run(Thread.java:745)
]]></system-err>
</testsuite>
