<?xml version="1.0" encoding="UTF-8"?>
<testsuite name="com.app.server.service.airlineboundedcontext.reservedomain.FlightTestCase" tests="7" skipped="0" failures="0" errors="0" timestamp="2016-09-21T09:18:09" hostname="c76164883ac0" time="1.161">
  <properties/>
  <testcase name="test1Save" classname="com.app.server.service.airlineboundedcontext.reservedomain.FlightTestCase" time="0.573"/>
  <testcase name="test2Update" classname="com.app.server.service.airlineboundedcontext.reservedomain.FlightTestCase" time="0.134"/>
  <testcase name="test3FindById" classname="com.app.server.service.airlineboundedcontext.reservedomain.FlightTestCase" time="0.046"/>
  <testcase name="test3findByflyDestination" classname="com.app.server.service.airlineboundedcontext.reservedomain.FlightTestCase" time="0.033"/>
  <testcase name="test3findByflySource" classname="com.app.server.service.airlineboundedcontext.reservedomain.FlightTestCase" time="0.033"/>
  <testcase name="test5NegativeTesting" classname="com.app.server.service.airlineboundedcontext.reservedomain.FlightTestCase" time="0.014"/>
  <testcase name="test6Delete" classname="com.app.server.service.airlineboundedcontext.reservedomain.FlightTestCase" time="0.327"/>
  <system-out><![CDATA[Wed Sep 21 09:18:09 UTC 2016|Log Manager Factory|Initialization Process started.....
Wed Sep 21 09:18:09 UTC 2016|Log Manager|Initialized with Path = [/home/applifire/workspace/testpro/src/main/webapp/WEB-INF/conf]
Wed Sep 21 09:18:09 UTC 2016|Alarm Manager|Initialized with Path = [/home/applifire/workspace/testpro/src/main/webapp/WEB-INF/conf]
Wed Sep 21 09:18:09 UTC 2016|Alarm Manager|Loading Alarms ......
Wed Sep 21 09:18:09 UTC 2016|Alarm XML Parser|FWA|XML Parsing Complete........ 
Wed Sep 21 09:18:09 UTC 2016|Alarm File Manager|FWA|Alarm File Status.. [ApplicationFrameworkAlarms.xml]|Version=15|Status=Done 
Wed Sep 21 09:18:09 UTC 2016|Alarm File Manager|FWA|Alarm Stats = ( BC/AL=5/786 SYS=5/11 [786/0]  TPL=0/0 [0/0]  APP= A.Map=[875]  E.Map EC/RC=[391/79] )
Wed Sep 21 09:18:09 UTC 2016|Alarm XML Parser|APP|XML Parsing Complete........ 
Wed Sep 21 09:18:09 UTC 2016|Alarm File Manager|APP|Alarm File Status.. [ApplicationAlarms.xml]|Version=1|Status=Done 
Wed Sep 21 09:18:09 UTC 2016|Alarm File Manager|APP|Alarm Stats = ( BC/AL=5/786 SYS=5/11 [786/0]  TPL=0/0 [0/0]  APP=0/0 [0/0]  A.Map=[875]  E.Map EC/RC=[391/79] )
Wed Sep 21 09:18:09 UTC 2016|ApplicationAlarmContext| <><><><><> Create App Alarms ....  <><><><><> 
Wed Sep 21 09:18:09 UTC 2016|ApplicationAlarmContext|Alarms are generated ONLY in Development Mode.. 
Wed Sep 21 09:18:09 UTC 2016|Alarm Manager|APP|Alarm Stats = ( BC/AL=5/786 SYS=5/11 [786/0]  TPL=0/0 [0/0]  APP=0/0 [0/0]  A.Map=[875]  E.Map EC/RC=[391/79] )
Wed Sep 21 09:18:09 UTC 2016|Alarm Manager|Initialized Exception Lookup...
Wed Sep 21 09:18:09 UTC 2016|Log Manager|Initialize Log Config File ......
Wed Sep 21 09:18:09 UTC 2016|Pluggable Connectors|Adding Connectors : StandardOutputConnector isEnabled=true isDefault=false isFallBack=true
Wed Sep 21 09:18:09 UTC 2016|Pluggable Connectors|Adding Connectors : StandardFileConnector isEnabled=true isDefault=false isFallBack=false
Wed Sep 21 09:18:09 UTC 2016|Pluggable Connectors|Adding Connectors : Sprinkler isEnabled=true isDefault=true isFallBack=false
Wed Sep 21 09:18:09 UTC 2016|Pluggable Connectors|Default Connector Name : com.spartan.logger.core.LogMessenger
Wed Sep 21 09:18:09 UTC 2016|Log Config Parser|Connector Least Log Level =[4]  FallBack Log Level =[3]
Wed Sep 21 09:18:09 UTC 2016|Log Manager|Loading Default Connector for Logging ......
Wed Sep 21 09:18:09 UTC 2016|Log Manager|Loading class .. com.spartan.logger.core.LogMessenger
Wed Sep 21 09:18:09 UTC 2016|Plugggable Connector|Connector class com.spartan.logger.core.LogMessenger Initialized... @ Log Level = 3
Wed Sep 21 09:18:09 UTC 2016|Log Manager|Starting the Default Connector [com.spartan.logger.core.LogMessenger@4247cb74] ....
Wed Sep 21 09:18:09 UTC 2016|Scheduler|Starting the Scheduler ......
Wed Sep 21 09:18:09 UTC 2016|Scheduler|Adding [LMID=[950cd733-ec55-4a91-aacb-ab957b93fa8b]] Delay=5 Time Unit=MINUTES
Wed Sep 21 09:18:09 UTC 2016|Scheduler|Adding [App Alarm Manager File=[ApplicationAlarms.xml]] Delay=30 Time Unit=MINUTES
Wed Sep 21 09:18:09 UTC 2016|Scheduler|Adding [FW Alarm Manager File=[ApplicationFrameworkAlarms.xml]] Delay=3 Time Unit=MINUTES
Wed Sep 21 09:18:09 UTC 2016|Scheduler|Startup Completed..
Wed Sep 21 09:18:09 UTC 2016|Log Manager|Initialization Process Complete ......
Wed Sep 21 09:18:09 UTC 2016|Log Manager Factory|Log Manager READY! ID = 950cd733-ec55-4a91-aacb-ab957b93fa8b
[EL Finer]: connection: 2016-09-21 09:18:09.167--ServerSession(1151842404)--Thread(Thread[Test worker,5,main])--client acquired: 492268059
[EL Finer]: transaction: 2016-09-21 09:18:09.167--ClientSession(492268059)--Thread(Thread[Test worker,5,main])--acquire unit of work: 1442259369
[EL Finest]: connection: 2016-09-21 09:18:09.167--ServerSession(1151842404)--Connection(1405291094)--Thread(Thread[Test worker,5,main])--Connection acquired from connection pool [default].
[EL Finer]: transaction: 2016-09-21 09:18:09.167--ClientSession(492268059)--Connection(1405291094)--Thread(Thread[Test worker,5,main])--begin transaction
[EL Finest]: connection: 2016-09-21 09:18:09.167--ClientSession(492268059)--Thread(Thread[Test worker,5,main])--reconnecting to external connection pool
Wed Sep 21 09:18:09 UTC 2016|Unknown Alarm = ORGLM312100100 Alarm Split = ORG-LM-3-1-2-100-100
[EL Finest]: transaction: 2016-09-21 09:18:09.17--UnitOfWork(1442259369)--Thread(Thread[Test worker,5,main])--persist() operation called on: Xkm8ujsnj17exSnv7JKEJRrrMO8Z0UHeOvx7C3kPBI0mohCxmw.
[EL Finest]: sequencing: 2016-09-21 09:18:09.17--UnitOfWork(1442259369)--Thread(Thread[Test worker,5,main])--assign sequence to the object (A3F7FD5C-1E48-4447-8589-7CB53C0FE23D -> Xkm8ujsnj17exSnv7JKEJRrrMO8Z0UHeOvx7C3kPBI0mohCxmw)
[EL Finer]: transaction: 2016-09-21 09:18:09.17--UnitOfWork(1442259369)--Thread(Thread[Test worker,5,main])--begin unit of work commit
[EL Finest]: query: 2016-09-21 09:18:09.171--UnitOfWork(1442259369)--Thread(Thread[Test worker,5,main])--Execute query InsertObjectQuery(Xkm8ujsnj17exSnv7JKEJRrrMO8Z0UHeOvx7C3kPBI0mohCxmw)
[EL Fine]: sql: 2016-09-21 09:18:09.171--ClientSession(492268059)--Connection(606511214)--Thread(Thread[Test worker,5,main])--INSERT INTO Country (countryId, capital, capitalLatitude, capitalLongitude, countryCode1, countryCode2, countryFlag, countryName, currencyCode, currencyName, currencySymbol, isoNumeric, versionId, createdBy, createdDate, updatedBy, updatedDate, activeStatus, txnAccessCode) VALUES (?, ?, ?, ?, ?, ?, ?, ?, ?, ?, ?, ?, ?, ?, ?, ?, ?, ?, ?)
	bind => [A3F7FD5C-1E48-4447-8589-7CB53C0FE23D, FCz68QJpl9FwbymxGATmeRFEVt5qE0k5, 1, 10, fTN, Kay, GNntxoRBZgTQsVQIH6dTu5cPJZreWpc59s56CzKoYv2fZmTE4I, Xkm8ujsnj17exSnv7JKEJRrrMO8Z0UHeOvx7C3kPBI0mohCxmw, 4AN, z0VsIG5enfTOhiQe90Rc7JZfcPknoZtUgrgg6CPUmm8oaRy0IA, Hs8Db6NsnXnBMYbDWBAcuKOOAnWiTt0m, 672, 1, AAAAA, 2016-09-21 09:18:09.148, AAAAA, 2016-09-21 09:18:09.148, 1, 51000]
[EL Finer]: transaction: 2016-09-21 09:18:09.173--ClientSession(492268059)--Connection(606511214)--Thread(Thread[Test worker,5,main])--commit transaction
[EL Finest]: connection: 2016-09-21 09:18:09.27--ServerSession(1151842404)--Connection(1405291094)--Thread(Thread[Test worker,5,main])--Connection released to connection pool [default].
[EL Finer]: transaction: 2016-09-21 09:18:09.27--UnitOfWork(1442259369)--Thread(Thread[Test worker,5,main])--end unit of work commit
[EL Finer]: transaction: 2016-09-21 09:18:09.27--UnitOfWork(1442259369)--Thread(Thread[Test worker,5,main])--resume unit of work
[EL Finer]: transaction: 2016-09-21 09:18:09.27--UnitOfWork(1442259369)--Thread(Thread[Test worker,5,main])--release unit of work
[EL Finer]: connection: 2016-09-21 09:18:09.27--ClientSession(492268059)--Thread(Thread[Test worker,5,main])--client released
[EL Finer]: connection: 2016-09-21 09:18:09.289--ServerSession(1151842404)--Thread(Thread[Test worker,5,main])--client acquired: 1730767283
[EL Finer]: transaction: 2016-09-21 09:18:09.289--ClientSession(1730767283)--Thread(Thread[Test worker,5,main])--acquire unit of work: 1339726766
[EL Finest]: connection: 2016-09-21 09:18:09.289--ServerSession(1151842404)--Connection(421717367)--Thread(Thread[Test worker,5,main])--Connection acquired from connection pool [default].
[EL Finer]: transaction: 2016-09-21 09:18:09.289--ClientSession(1730767283)--Connection(421717367)--Thread(Thread[Test worker,5,main])--begin transaction
[EL Finest]: connection: 2016-09-21 09:18:09.289--ClientSession(1730767283)--Thread(Thread[Test worker,5,main])--reconnecting to external connection pool
Wed Sep 21 09:18:09 UTC 2016|Unknown Alarm = ORGLM312100100 Alarm Split = ORG-LM-3-1-2-100-100
[EL Finest]: transaction: 2016-09-21 09:18:09.293--UnitOfWork(1339726766)--Thread(Thread[Test worker,5,main])--persist() operation called on: SSclCZEH54YumTGgqeBelDDa2whRZr1bzrSC6fLE2gfEalplNZ.
[EL Finest]: sequencing: 2016-09-21 09:18:09.293--UnitOfWork(1339726766)--Thread(Thread[Test worker,5,main])--assign sequence to the object (AFAE50C2-712E-4BE8-BAFD-ED62A8420D13 -> SSclCZEH54YumTGgqeBelDDa2whRZr1bzrSC6fLE2gfEalplNZ)
[EL Finer]: transaction: 2016-09-21 09:18:09.294--UnitOfWork(1339726766)--Thread(Thread[Test worker,5,main])--begin unit of work commit
[EL Finest]: query: 2016-09-21 09:18:09.294--UnitOfWork(1339726766)--Thread(Thread[Test worker,5,main])--Execute query InsertObjectQuery(SSclCZEH54YumTGgqeBelDDa2whRZr1bzrSC6fLE2gfEalplNZ)
[EL Fine]: sql: 2016-09-21 09:18:09.294--ClientSession(1730767283)--Connection(1760165217)--Thread(Thread[Test worker,5,main])--INSERT INTO State (stateId, countryId, stateCapital, stateCapitalLatitude, stateCapitalLongitude, stateCode, stateCodeChar2, stateCodeChar3, stateDescription, stateFlag, stateName, versionId, createdBy, createdDate, updatedBy, updatedDate, activeStatus, txnAccessCode) VALUES (?, ?, ?, ?, ?, ?, ?, ?, ?, ?, ?, ?, ?, ?, ?, ?, ?, ?)
	bind => [AFAE50C2-712E-4BE8-BAFD-ED62A8420D13, A3F7FD5C-1E48-4447-8589-7CB53C0FE23D, YfZIqkAdU1OcBz3VisjC4Z0wE1cEY4b8hIjLw2c6thorFnQcCN, 3, 7, 2, E71nvsl3yqa8L4tvFFI9h9g3hwCfN8Cu, qgC9pMLSL5RHR5poHQ2u9rxeD1F7MdU1, 9l1JA2Sus9WweJgOdejX1pAG0HeD3KGpWk3ZVKUqBCBWoJDW15, 2MIyeRwMYLeCCNwLp0uvcomSaaLmz25fyRYMUOAxilJuRZfEeI, SSclCZEH54YumTGgqeBelDDa2whRZr1bzrSC6fLE2gfEalplNZ, 1, AAAAA, 2016-09-21 09:18:09.148, AAAAA, 2016-09-21 09:18:09.148, 1, 51000]
[EL Finer]: transaction: 2016-09-21 09:18:09.297--ClientSession(1730767283)--Connection(1760165217)--Thread(Thread[Test worker,5,main])--commit transaction
[EL Finest]: connection: 2016-09-21 09:18:09.368--ServerSession(1151842404)--Connection(421717367)--Thread(Thread[Test worker,5,main])--Connection released to connection pool [default].
[EL Finer]: transaction: 2016-09-21 09:18:09.368--UnitOfWork(1339726766)--Thread(Thread[Test worker,5,main])--end unit of work commit
[EL Finer]: transaction: 2016-09-21 09:18:09.368--UnitOfWork(1339726766)--Thread(Thread[Test worker,5,main])--resume unit of work
[EL Finer]: transaction: 2016-09-21 09:18:09.368--UnitOfWork(1339726766)--Thread(Thread[Test worker,5,main])--release unit of work
[EL Finer]: connection: 2016-09-21 09:18:09.368--ClientSession(1730767283)--Thread(Thread[Test worker,5,main])--client released
[EL Finer]: connection: 2016-09-21 09:18:09.396--ServerSession(1151842404)--Thread(Thread[Test worker,5,main])--client acquired: 1540447103
[EL Finer]: transaction: 2016-09-21 09:18:09.396--ClientSession(1540447103)--Thread(Thread[Test worker,5,main])--acquire unit of work: 231611889
[EL Finest]: connection: 2016-09-21 09:18:09.397--ServerSession(1151842404)--Connection(1460650059)--Thread(Thread[Test worker,5,main])--Connection acquired from connection pool [default].
[EL Finer]: transaction: 2016-09-21 09:18:09.397--ClientSession(1540447103)--Connection(1460650059)--Thread(Thread[Test worker,5,main])--begin transaction
[EL Finest]: connection: 2016-09-21 09:18:09.397--ClientSession(1540447103)--Thread(Thread[Test worker,5,main])--reconnecting to external connection pool
Wed Sep 21 09:18:09 UTC 2016|Unknown Alarm = ORGLM312100100 Alarm Split = ORG-LM-3-1-2-100-100
[EL Finest]: transaction: 2016-09-21 09:18:09.4--UnitOfWork(231611889)--Thread(Thread[Test worker,5,main])--persist() operation called on: RM9RYP9ESQeADq9xGvF2jh5o9IuQDw8ltgNNZRCmQO0kCpIHlK,0DuvQdZ5t2tl9N3X2Vu7q0SBHfw4X6CJ,3.
[EL Finest]: sequencing: 2016-09-21 09:18:09.4--UnitOfWork(231611889)--Thread(Thread[Test worker,5,main])--assign sequence to the object (0A390004-A219-4D14-A9C6-3B62EA437835 -> RM9RYP9ESQeADq9xGvF2jh5o9IuQDw8ltgNNZRCmQO0kCpIHlK,0DuvQdZ5t2tl9N3X2Vu7q0SBHfw4X6CJ,3)
[EL Finer]: transaction: 2016-09-21 09:18:09.401--UnitOfWork(231611889)--Thread(Thread[Test worker,5,main])--begin unit of work commit
[EL Finest]: query: 2016-09-21 09:18:09.401--UnitOfWork(231611889)--Thread(Thread[Test worker,5,main])--Execute query InsertObjectQuery(RM9RYP9ESQeADq9xGvF2jh5o9IuQDw8ltgNNZRCmQO0kCpIHlK,0DuvQdZ5t2tl9N3X2Vu7q0SBHfw4X6CJ,3)
[EL Fine]: sql: 2016-09-21 09:18:09.402--ClientSession(1540447103)--Connection(308175679)--Thread(Thread[Test worker,5,main])--INSERT INTO City (cityId, cityCode, cityCodeChar2, cityDescription, cityFlag, cityLatitude, cityLongitude, cityName, countryId, stateId, versionId, createdBy, createdDate, updatedBy, updatedDate, activeStatus, txnAccessCode) VALUES (?, ?, ?, ?, ?, ?, ?, ?, ?, ?, ?, ?, ?, ?, ?, ?, ?)
	bind => [0A390004-A219-4D14-A9C6-3B62EA437835, 3, 0DuvQdZ5t2tl9N3X2Vu7q0SBHfw4X6CJ, VdWOaAbdh62rcBIxhEzkWjetqS0rByVwAsXjjczWShq9x7aZKn, bueo8uGb70ILuf3aqGzGIthi0U1CJBoYefnOPfAITyye11VkkJ, 1, 6, RM9RYP9ESQeADq9xGvF2jh5o9IuQDw8ltgNNZRCmQO0kCpIHlK, A3F7FD5C-1E48-4447-8589-7CB53C0FE23D, AFAE50C2-712E-4BE8-BAFD-ED62A8420D13, 1, AAAAA, 2016-09-21 09:18:09.148, AAAAA, 2016-09-21 09:18:09.148, 1, 51000]
[EL Finer]: transaction: 2016-09-21 09:18:09.403--ClientSession(1540447103)--Connection(308175679)--Thread(Thread[Test worker,5,main])--commit transaction
[EL Finest]: connection: 2016-09-21 09:18:09.461--ServerSession(1151842404)--Connection(1460650059)--Thread(Thread[Test worker,5,main])--Connection released to connection pool [default].
[EL Finer]: transaction: 2016-09-21 09:18:09.461--UnitOfWork(231611889)--Thread(Thread[Test worker,5,main])--end unit of work commit
[EL Finer]: transaction: 2016-09-21 09:18:09.461--UnitOfWork(231611889)--Thread(Thread[Test worker,5,main])--resume unit of work
[EL Finer]: transaction: 2016-09-21 09:18:09.461--UnitOfWork(231611889)--Thread(Thread[Test worker,5,main])--release unit of work
[EL Finer]: connection: 2016-09-21 09:18:09.461--ClientSession(1540447103)--Thread(Thread[Test worker,5,main])--client released
[EL Finer]: connection: 2016-09-21 09:18:09.556--ServerSession(1151842404)--Thread(Thread[Test worker,5,main])--client acquired: 885918848
[EL Finer]: transaction: 2016-09-21 09:18:09.556--ClientSession(885918848)--Thread(Thread[Test worker,5,main])--acquire unit of work: 1133953685
[EL Finest]: connection: 2016-09-21 09:18:09.556--ServerSession(1151842404)--Connection(1589700317)--Thread(Thread[Test worker,5,main])--Connection acquired from connection pool [default].
[EL Finer]: transaction: 2016-09-21 09:18:09.556--ClientSession(885918848)--Connection(1589700317)--Thread(Thread[Test worker,5,main])--begin transaction
[EL Finest]: connection: 2016-09-21 09:18:09.556--ClientSession(885918848)--Thread(Thread[Test worker,5,main])--reconnecting to external connection pool
Wed Sep 21 09:18:09 UTC 2016|Unknown Alarm = ABCHU312100100 Alarm Split = ABC-HU-3-1-2-100-100
[EL Finest]: transaction: 2016-09-21 09:18:09.561--UnitOfWork(1133953685)--Thread(Thread[Test worker,5,main])--persist() operation called on: xUyrzmWecb8jGSIh5O6T4ae1vVQOPSN3GtzAvgguhcLdz0a0MJ.
[EL Finest]: sequencing: 2016-09-21 09:18:09.561--UnitOfWork(1133953685)--Thread(Thread[Test worker,5,main])--assign sequence to the object (44D34210-0FC3-4C34-AD0E-7AF819007796 -> xUyrzmWecb8jGSIh5O6T4ae1vVQOPSN3GtzAvgguhcLdz0a0MJ)
Wed Sep 21 09:18:09 UTC 2016|Unknown Alarm = ABCHU322100200 Alarm Split = ABC-HU-3-2-2-100-200
Wed Sep 21 09:18:09 UTC 2016|Unknown Alarm = ABCHU317100100 Alarm Split = ABC-HU-3-1-7-100-100
[EL Finer]: transaction: 2016-09-21 09:18:09.561--UnitOfWork(1133953685)--Thread(Thread[Test worker,5,main])--begin unit of work commit
[EL Finest]: query: 2016-09-21 09:18:09.562--UnitOfWork(1133953685)--Thread(Thread[Test worker,5,main])--Execute query InsertObjectQuery(xUyrzmWecb8jGSIh5O6T4ae1vVQOPSN3GtzAvgguhcLdz0a0MJ)
[EL Fine]: sql: 2016-09-21 09:18:09.562--ClientSession(885918848)--Connection(1300691941)--Thread(Thread[Test worker,5,main])--INSERT INTO Flight (flightId, bookEcon, bookFirst, departureDate, departureTime, fareEconomy, fareFirst, flightName, flyDestination, flySource, totalSeat, versionId, createdBy, createdDate, updatedBy, updatedDate, activeStatus, txnAccessCode, multiTenantId) VALUES (?, ?, ?, ?, ?, ?, ?, ?, ?, ?, ?, ?, ?, ?, ?, ?, ?, ?, ?)
	bind => [44D34210-0FC3-4C34-AD0E-7AF819007796, 2147483647, 2147483647, 1970-01-02, 08:51:32, 2147483647, 2147483647, xUyrzmWecb8jGSIh5O6T4ae1vVQOPSN3GtzAvgguhcLdz0a0MJ, 0A390004-A219-4D14-A9C6-3B62EA437835, 0A390004-A219-4D14-A9C6-3B62EA437835, 2147483647, 1, AAAAA, 2016-09-21 09:18:09.462, AAAAA, 2016-09-21 09:18:09.462, 1, 51000, appCreateValue]
[EL Finer]: transaction: 2016-09-21 09:18:09.564--ClientSession(885918848)--Connection(1300691941)--Thread(Thread[Test worker,5,main])--commit transaction
[EL Finest]: connection: 2016-09-21 09:18:09.684--ServerSession(1151842404)--Connection(1589700317)--Thread(Thread[Test worker,5,main])--Connection released to connection pool [default].
[EL Finer]: transaction: 2016-09-21 09:18:09.684--UnitOfWork(1133953685)--Thread(Thread[Test worker,5,main])--end unit of work commit
[EL Finer]: transaction: 2016-09-21 09:18:09.684--UnitOfWork(1133953685)--Thread(Thread[Test worker,5,main])--resume unit of work
[EL Finer]: transaction: 2016-09-21 09:18:09.684--UnitOfWork(1133953685)--Thread(Thread[Test worker,5,main])--release unit of work
[EL Finer]: connection: 2016-09-21 09:18:09.685--ClientSession(885918848)--Thread(Thread[Test worker,5,main])--client released
[EL Finer]: connection: 2016-09-21 09:18:09.714--ServerSession(1151842404)--Thread(Thread[Test worker,5,main])--client acquired: 1335620623
[EL Finer]: transaction: 2016-09-21 09:18:09.714--ClientSession(1335620623)--Thread(Thread[Test worker,5,main])--acquire unit of work: 129248670
[EL Finest]: connection: 2016-09-21 09:18:09.714--ServerSession(1151842404)--Connection(1176429573)--Thread(Thread[Test worker,5,main])--Connection acquired from connection pool [default].
[EL Finer]: transaction: 2016-09-21 09:18:09.714--ClientSession(1335620623)--Connection(1176429573)--Thread(Thread[Test worker,5,main])--begin transaction
[EL Finest]: connection: 2016-09-21 09:18:09.714--ClientSession(1335620623)--Thread(Thread[Test worker,5,main])--reconnecting to external connection pool
Wed Sep 21 09:18:09 UTC 2016|Unknown Alarm = ABCHU314100100 Alarm Split = ABC-HU-3-1-4-100-100
[EL Finer]: transaction: 2016-09-21 09:18:09.716--UnitOfWork(129248670)--Thread(Thread[Test worker,5,main])--begin unit of work flush
[EL Finer]: transaction: 2016-09-21 09:18:09.716--UnitOfWork(129248670)--Thread(Thread[Test worker,5,main])--end unit of work flush
[EL Finest]: query: 2016-09-21 09:18:09.716--UnitOfWork(129248670)--Thread(Thread[Test worker,5,main])--Execute query ReadAllQuery(name="Flight.findById" referenceClass=Flight sql="SELECT flightId, multiTenantId, bookEcon, bookFirst, departureDate, departureTime, fareEconomy, fareFirst, flightName, flyDestination, flySource, totalSeat, versionId, createdBy, createdDate, updatedBy, updatedDate, activeStatus, txnAccessCode FROM Flight WHERE (((activeStatus = ?) AND (flightId = ?)) AND (multiTenantId = ?))")
[EL Fine]: sql: 2016-09-21 09:18:09.716--ClientSession(1335620623)--Connection(565438335)--Thread(Thread[Test worker,5,main])--SELECT flightId, multiTenantId, bookEcon, bookFirst, departureDate, departureTime, fareEconomy, fareFirst, flightName, flyDestination, flySource, totalSeat, versionId, createdBy, createdDate, updatedBy, updatedDate, activeStatus, txnAccessCode FROM Flight WHERE (((activeStatus = ?) AND (flightId = ?)) AND (multiTenantId = ?))
	bind => [1, 44D34210-0FC3-4C34-AD0E-7AF819007796, appCreateValue]
Wed Sep 21 09:18:09 UTC 2016|Unknown Alarm = ABCHU324100200 Alarm Split = ABC-HU-3-2-4-100-200
Wed Sep 21 09:18:09 UTC 2016|Unknown Alarm = ABCHU317100100 Alarm Split = ABC-HU-3-1-7-100-100
[EL Finer]: transaction: 2016-09-21 09:18:09.718--UnitOfWork(129248670)--Thread(Thread[Test worker,5,main])--begin unit of work commit
[EL Finer]: transaction: 2016-09-21 09:18:09.719--ClientSession(1335620623)--Connection(565438335)--Thread(Thread[Test worker,5,main])--commit transaction
[EL Finest]: connection: 2016-09-21 09:18:09.719--ServerSession(1151842404)--Connection(1176429573)--Thread(Thread[Test worker,5,main])--Connection released to connection pool [default].
[EL Finer]: transaction: 2016-09-21 09:18:09.719--UnitOfWork(129248670)--Thread(Thread[Test worker,5,main])--end unit of work commit
[EL Finer]: transaction: 2016-09-21 09:18:09.719--UnitOfWork(129248670)--Thread(Thread[Test worker,5,main])--resume unit of work
[EL Finer]: transaction: 2016-09-21 09:18:09.719--UnitOfWork(129248670)--Thread(Thread[Test worker,5,main])--release unit of work
[EL Finer]: connection: 2016-09-21 09:18:09.719--ClientSession(1335620623)--Thread(Thread[Test worker,5,main])--client released
[EL Finer]: connection: 2016-09-21 09:18:09.72--ServerSession(1151842404)--Thread(Thread[Test worker,5,main])--client acquired: 1754729997
[EL Finer]: transaction: 2016-09-21 09:18:09.72--ClientSession(1754729997)--Thread(Thread[Test worker,5,main])--acquire unit of work: 354135328
[EL Finest]: connection: 2016-09-21 09:18:09.72--ServerSession(1151842404)--Connection(1275271859)--Thread(Thread[Test worker,5,main])--Connection acquired from connection pool [default].
[EL Finer]: transaction: 2016-09-21 09:18:09.72--ClientSession(1754729997)--Connection(1275271859)--Thread(Thread[Test worker,5,main])--begin transaction
[EL Finest]: connection: 2016-09-21 09:18:09.72--ClientSession(1754729997)--Thread(Thread[Test worker,5,main])--reconnecting to external connection pool
Wed Sep 21 09:18:09 UTC 2016|Unknown Alarm = ABCHU311100100 Alarm Split = ABC-HU-3-1-1-100-100
[EL Finest]: transaction: 2016-09-21 09:18:09.724--UnitOfWork(354135328)--Thread(Thread[Test worker,5,main])--Merge clone with references BxFraHooXSo2J7Sn3I1AqvBPEPuChQOk2Eu7MkIAkQXQ2pOaIR
[EL Finest]: query: 2016-09-21 09:18:09.724--UnitOfWork(354135328)--Thread(Thread[Test worker,5,main])--Execute query ReadObjectQuery(referenceClass=Flight )
[EL Fine]: sql: 2016-09-21 09:18:09.725--ClientSession(1754729997)--Connection(573790827)--Thread(Thread[Test worker,5,main])--SELECT flightId, multiTenantId, bookEcon, bookFirst, departureDate, departureTime, fareEconomy, fareFirst, flightName, flyDestination, flySource, totalSeat, versionId, createdBy, createdDate, updatedBy, updatedDate, activeStatus, txnAccessCode FROM Flight WHERE ((flightId = ?) AND (multiTenantId = ?))
	bind => [44D34210-0FC3-4C34-AD0E-7AF819007796, appCreateValue]
Wed Sep 21 09:18:09 UTC 2016|Unknown Alarm = ABCHU321100200 Alarm Split = ABC-HU-3-2-1-100-200
Wed Sep 21 09:18:09 UTC 2016|Unknown Alarm = ABCHU317100100 Alarm Split = ABC-HU-3-1-7-100-100
[EL Finer]: transaction: 2016-09-21 09:18:09.726--UnitOfWork(354135328)--Thread(Thread[Test worker,5,main])--begin unit of work commit
[EL Finest]: query: 2016-09-21 09:18:09.727--UnitOfWork(354135328)--Thread(Thread[Test worker,5,main])--Execute query UpdateObjectQuery(BxFraHooXSo2J7Sn3I1AqvBPEPuChQOk2Eu7MkIAkQXQ2pOaIR)
[EL Fine]: sql: 2016-09-21 09:18:09.727--ClientSession(1754729997)--Connection(573790827)--Thread(Thread[Test worker,5,main])--UPDATE Flight SET departureDate = ?, departureTime = ?, flightName = ?, versionId = ? WHERE ((flightId = ?) AND (versionId = ?))
	bind => [1970-01-02, 08:51:32, BxFraHooXSo2J7Sn3I1AqvBPEPuChQOk2Eu7MkIAkQXQ2pOaIR, 2, 44D34210-0FC3-4C34-AD0E-7AF819007796, 1]
[EL Finer]: transaction: 2016-09-21 09:18:09.728--ClientSession(1754729997)--Connection(573790827)--Thread(Thread[Test worker,5,main])--commit transaction
[EL Finest]: connection: 2016-09-21 09:18:09.818--ServerSession(1151842404)--Connection(1275271859)--Thread(Thread[Test worker,5,main])--Connection released to connection pool [default].
[EL Finer]: transaction: 2016-09-21 09:18:09.818--UnitOfWork(354135328)--Thread(Thread[Test worker,5,main])--end unit of work commit
[EL Finer]: transaction: 2016-09-21 09:18:09.818--UnitOfWork(354135328)--Thread(Thread[Test worker,5,main])--resume unit of work
[EL Finer]: transaction: 2016-09-21 09:18:09.818--UnitOfWork(354135328)--Thread(Thread[Test worker,5,main])--release unit of work
[EL Finer]: connection: 2016-09-21 09:18:09.818--ClientSession(1754729997)--Thread(Thread[Test worker,5,main])--client released
[EL Finer]: connection: 2016-09-21 09:18:09.859--ServerSession(1151842404)--Thread(Thread[Test worker,5,main])--client acquired: 1170477147
[EL Finer]: transaction: 2016-09-21 09:18:09.859--ClientSession(1170477147)--Thread(Thread[Test worker,5,main])--acquire unit of work: 1259203109
[EL Finest]: connection: 2016-09-21 09:18:09.86--ServerSession(1151842404)--Connection(2122795425)--Thread(Thread[Test worker,5,main])--Connection acquired from connection pool [default].
[EL Finer]: transaction: 2016-09-21 09:18:09.86--ClientSession(1170477147)--Connection(2122795425)--Thread(Thread[Test worker,5,main])--begin transaction
[EL Finest]: connection: 2016-09-21 09:18:09.86--ClientSession(1170477147)--Thread(Thread[Test worker,5,main])--reconnecting to external connection pool
Wed Sep 21 09:18:09 UTC 2016|Unknown Alarm = ABCHU314100100 Alarm Split = ABC-HU-3-1-4-100-100
[EL Finer]: transaction: 2016-09-21 09:18:09.861--UnitOfWork(1259203109)--Thread(Thread[Test worker,5,main])--begin unit of work flush
[EL Finer]: transaction: 2016-09-21 09:18:09.861--UnitOfWork(1259203109)--Thread(Thread[Test worker,5,main])--end unit of work flush
[EL Finest]: query: 2016-09-21 09:18:09.861--UnitOfWork(1259203109)--Thread(Thread[Test worker,5,main])--Execute query ReadAllQuery(name="Flight.findById" referenceClass=Flight sql="SELECT flightId, multiTenantId, bookEcon, bookFirst, departureDate, departureTime, fareEconomy, fareFirst, flightName, flyDestination, flySource, totalSeat, versionId, createdBy, createdDate, updatedBy, updatedDate, activeStatus, txnAccessCode FROM Flight WHERE (((activeStatus = ?) AND (flightId = ?)) AND (multiTenantId = ?))")
[EL Fine]: sql: 2016-09-21 09:18:09.861--ClientSession(1170477147)--Connection(1900378167)--Thread(Thread[Test worker,5,main])--SELECT flightId, multiTenantId, bookEcon, bookFirst, departureDate, departureTime, fareEconomy, fareFirst, flightName, flyDestination, flySource, totalSeat, versionId, createdBy, createdDate, updatedBy, updatedDate, activeStatus, txnAccessCode FROM Flight WHERE (((activeStatus = ?) AND (flightId = ?)) AND (multiTenantId = ?))
	bind => [1, 44D34210-0FC3-4C34-AD0E-7AF819007796, appCreateValue]
Wed Sep 21 09:18:09 UTC 2016|Unknown Alarm = ABCHU324100200 Alarm Split = ABC-HU-3-2-4-100-200
Wed Sep 21 09:18:09 UTC 2016|Unknown Alarm = ABCHU317100100 Alarm Split = ABC-HU-3-1-7-100-100
[EL Finer]: transaction: 2016-09-21 09:18:09.864--UnitOfWork(1259203109)--Thread(Thread[Test worker,5,main])--begin unit of work commit
[EL Finer]: transaction: 2016-09-21 09:18:09.864--ClientSession(1170477147)--Connection(1900378167)--Thread(Thread[Test worker,5,main])--commit transaction
[EL Finest]: connection: 2016-09-21 09:18:09.864--ServerSession(1151842404)--Connection(2122795425)--Thread(Thread[Test worker,5,main])--Connection released to connection pool [default].
[EL Finer]: transaction: 2016-09-21 09:18:09.864--UnitOfWork(1259203109)--Thread(Thread[Test worker,5,main])--end unit of work commit
[EL Finer]: transaction: 2016-09-21 09:18:09.864--UnitOfWork(1259203109)--Thread(Thread[Test worker,5,main])--resume unit of work
[EL Finer]: transaction: 2016-09-21 09:18:09.864--UnitOfWork(1259203109)--Thread(Thread[Test worker,5,main])--release unit of work
[EL Finer]: connection: 2016-09-21 09:18:09.864--ClientSession(1170477147)--Thread(Thread[Test worker,5,main])--client released
[EL Finer]: connection: 2016-09-21 09:18:09.893--ServerSession(1151842404)--Thread(Thread[Test worker,5,main])--client acquired: 71937666
[EL Finer]: transaction: 2016-09-21 09:18:09.893--ClientSession(71937666)--Thread(Thread[Test worker,5,main])--acquire unit of work: 23059201
[EL Finest]: connection: 2016-09-21 09:18:09.893--ServerSession(1151842404)--Connection(1008934747)--Thread(Thread[Test worker,5,main])--Connection acquired from connection pool [default].
[EL Finer]: transaction: 2016-09-21 09:18:09.893--ClientSession(71937666)--Connection(1008934747)--Thread(Thread[Test worker,5,main])--begin transaction
[EL Finest]: connection: 2016-09-21 09:18:09.893--ClientSession(71937666)--Thread(Thread[Test worker,5,main])--reconnecting to external connection pool
Wed Sep 21 09:18:09 UTC 2016|Unknown Alarm = ABCHU314100100 Alarm Split = ABC-HU-3-1-4-100-100
[EL Finer]: transaction: 2016-09-21 09:18:09.895--UnitOfWork(23059201)--Thread(Thread[Test worker,5,main])--begin unit of work flush
[EL Finer]: transaction: 2016-09-21 09:18:09.895--UnitOfWork(23059201)--Thread(Thread[Test worker,5,main])--end unit of work flush
[EL Finest]: query: 2016-09-21 09:18:09.895--UnitOfWork(23059201)--Thread(Thread[Test worker,5,main])--Execute query ReadAllQuery(name="Flight.findByFlyDestination" referenceClass=Flight sql="SELECT flightId, multiTenantId, bookEcon, bookFirst, departureDate, departureTime, fareEconomy, fareFirst, flightName, flyDestination, flySource, totalSeat, versionId, createdBy, createdDate, updatedBy, updatedDate, activeStatus, txnAccessCode FROM Flight WHERE (((activeStatus = ?) AND (flyDestination = ?)) AND (multiTenantId = ?))")
[EL Fine]: sql: 2016-09-21 09:18:09.895--ClientSession(71937666)--Connection(527522807)--Thread(Thread[Test worker,5,main])--SELECT flightId, multiTenantId, bookEcon, bookFirst, departureDate, departureTime, fareEconomy, fareFirst, flightName, flyDestination, flySource, totalSeat, versionId, createdBy, createdDate, updatedBy, updatedDate, activeStatus, txnAccessCode FROM Flight WHERE (((activeStatus = ?) AND (flyDestination = ?)) AND (multiTenantId = ?))
	bind => [1, 0A390004-A219-4D14-A9C6-3B62EA437835, appCreateValue]
Wed Sep 21 09:18:09 UTC 2016|Unknown Alarm = ABCHU324100200 Alarm Split = ABC-HU-3-2-4-100-200
Wed Sep 21 09:18:09 UTC 2016|Unknown Alarm = ABCHU317100100 Alarm Split = ABC-HU-3-1-7-100-100
[EL Finer]: transaction: 2016-09-21 09:18:09.897--UnitOfWork(23059201)--Thread(Thread[Test worker,5,main])--begin unit of work commit
[EL Finer]: transaction: 2016-09-21 09:18:09.897--ClientSession(71937666)--Connection(527522807)--Thread(Thread[Test worker,5,main])--commit transaction
[EL Finest]: connection: 2016-09-21 09:18:09.898--ServerSession(1151842404)--Connection(1008934747)--Thread(Thread[Test worker,5,main])--Connection released to connection pool [default].
[EL Finer]: transaction: 2016-09-21 09:18:09.898--UnitOfWork(23059201)--Thread(Thread[Test worker,5,main])--end unit of work commit
[EL Finer]: transaction: 2016-09-21 09:18:09.898--UnitOfWork(23059201)--Thread(Thread[Test worker,5,main])--resume unit of work
[EL Finer]: transaction: 2016-09-21 09:18:09.898--UnitOfWork(23059201)--Thread(Thread[Test worker,5,main])--release unit of work
[EL Finer]: connection: 2016-09-21 09:18:09.898--ClientSession(71937666)--Thread(Thread[Test worker,5,main])--client released
[EL Finer]: connection: 2016-09-21 09:18:09.927--ServerSession(1151842404)--Thread(Thread[Test worker,5,main])--client acquired: 1695139222
[EL Finer]: transaction: 2016-09-21 09:18:09.927--ClientSession(1695139222)--Thread(Thread[Test worker,5,main])--acquire unit of work: 1686843052
[EL Finest]: connection: 2016-09-21 09:18:09.927--ServerSession(1151842404)--Connection(1839550917)--Thread(Thread[Test worker,5,main])--Connection acquired from connection pool [default].
[EL Finer]: transaction: 2016-09-21 09:18:09.927--ClientSession(1695139222)--Connection(1839550917)--Thread(Thread[Test worker,5,main])--begin transaction
[EL Finest]: connection: 2016-09-21 09:18:09.927--ClientSession(1695139222)--Thread(Thread[Test worker,5,main])--reconnecting to external connection pool
Wed Sep 21 09:18:09 UTC 2016|Unknown Alarm = ABCHU314100100 Alarm Split = ABC-HU-3-1-4-100-100
[EL Finer]: transaction: 2016-09-21 09:18:09.928--UnitOfWork(1686843052)--Thread(Thread[Test worker,5,main])--begin unit of work flush
[EL Finer]: transaction: 2016-09-21 09:18:09.928--UnitOfWork(1686843052)--Thread(Thread[Test worker,5,main])--end unit of work flush
[EL Finest]: query: 2016-09-21 09:18:09.929--UnitOfWork(1686843052)--Thread(Thread[Test worker,5,main])--Execute query ReadAllQuery(name="Flight.findByFlySource" referenceClass=Flight sql="SELECT flightId, multiTenantId, bookEcon, bookFirst, departureDate, departureTime, fareEconomy, fareFirst, flightName, flyDestination, flySource, totalSeat, versionId, createdBy, createdDate, updatedBy, updatedDate, activeStatus, txnAccessCode FROM Flight WHERE (((activeStatus = ?) AND (flySource = ?)) AND (multiTenantId = ?))")
[EL Fine]: sql: 2016-09-21 09:18:09.929--ClientSession(1695139222)--Connection(936784756)--Thread(Thread[Test worker,5,main])--SELECT flightId, multiTenantId, bookEcon, bookFirst, departureDate, departureTime, fareEconomy, fareFirst, flightName, flyDestination, flySource, totalSeat, versionId, createdBy, createdDate, updatedBy, updatedDate, activeStatus, txnAccessCode FROM Flight WHERE (((activeStatus = ?) AND (flySource = ?)) AND (multiTenantId = ?))
	bind => [1, 0A390004-A219-4D14-A9C6-3B62EA437835, appCreateValue]
Wed Sep 21 09:18:09 UTC 2016|Unknown Alarm = ABCHU324100200 Alarm Split = ABC-HU-3-2-4-100-200
Wed Sep 21 09:18:09 UTC 2016|Unknown Alarm = ABCHU317100100 Alarm Split = ABC-HU-3-1-7-100-100
[EL Finer]: transaction: 2016-09-21 09:18:09.93--UnitOfWork(1686843052)--Thread(Thread[Test worker,5,main])--begin unit of work commit
[EL Finer]: transaction: 2016-09-21 09:18:09.931--ClientSession(1695139222)--Connection(936784756)--Thread(Thread[Test worker,5,main])--commit transaction
[EL Finest]: connection: 2016-09-21 09:18:09.931--ServerSession(1151842404)--Connection(1839550917)--Thread(Thread[Test worker,5,main])--Connection released to connection pool [default].
[EL Finer]: transaction: 2016-09-21 09:18:09.931--UnitOfWork(1686843052)--Thread(Thread[Test worker,5,main])--end unit of work commit
[EL Finer]: transaction: 2016-09-21 09:18:09.931--UnitOfWork(1686843052)--Thread(Thread[Test worker,5,main])--resume unit of work
[EL Finer]: transaction: 2016-09-21 09:18:09.931--UnitOfWork(1686843052)--Thread(Thread[Test worker,5,main])--release unit of work
[EL Finer]: connection: 2016-09-21 09:18:09.931--ClientSession(1695139222)--Thread(Thread[Test worker,5,main])--client released
[EL Finer]: connection: 2016-09-21 09:18:09.975--ServerSession(1151842404)--Thread(Thread[Test worker,5,main])--client acquired: 976508722
[EL Finer]: transaction: 2016-09-21 09:18:09.975--ClientSession(976508722)--Thread(Thread[Test worker,5,main])--acquire unit of work: 1112060280
[EL Finest]: connection: 2016-09-21 09:18:09.975--ServerSession(1151842404)--Connection(846946119)--Thread(Thread[Test worker,5,main])--Connection acquired from connection pool [default].
[EL Finer]: transaction: 2016-09-21 09:18:09.975--ClientSession(976508722)--Connection(846946119)--Thread(Thread[Test worker,5,main])--begin transaction
[EL Finest]: connection: 2016-09-21 09:18:09.976--ClientSession(976508722)--Thread(Thread[Test worker,5,main])--reconnecting to external connection pool
Wed Sep 21 09:18:09 UTC 2016|Unknown Alarm = ABCHU318100100 Alarm Split = ABC-HU-3-1-8-100-100
[EL Finest]: query: 2016-09-21 09:18:09.976--UnitOfWork(1112060280)--Thread(Thread[Test worker,5,main])--Execute query ReadObjectQuery(name="readFlight" referenceClass=Flight sql="SELECT flightId, multiTenantId, bookEcon, bookFirst, departureDate, departureTime, fareEconomy, fareFirst, flightName, flyDestination, flySource, totalSeat, versionId, createdBy, createdDate, updatedBy, updatedDate, activeStatus, txnAccessCode FROM Flight WHERE ((flightId = ?) AND (multiTenantId = ?))")
[EL Fine]: sql: 2016-09-21 09:18:09.977--ClientSession(976508722)--Connection(364425538)--Thread(Thread[Test worker,5,main])--SELECT flightId, multiTenantId, bookEcon, bookFirst, departureDate, departureTime, fareEconomy, fareFirst, flightName, flyDestination, flySource, totalSeat, versionId, createdBy, createdDate, updatedBy, updatedDate, activeStatus, txnAccessCode FROM Flight WHERE ((flightId = ?) AND (multiTenantId = ?))
	bind => [44D34210-0FC3-4C34-AD0E-7AF819007796, appCreateValue]
[EL Finest]: transaction: 2016-09-21 09:18:09.978--UnitOfWork(1112060280)--Thread(Thread[Test worker,5,main])--remove() operation called on: BxFraHooXSo2J7Sn3I1AqvBPEPuChQOk2Eu7MkIAkQXQ2pOaIR
Wed Sep 21 09:18:09 UTC 2016|Unknown Alarm = ABCHU328100200 Alarm Split = ABC-HU-3-2-8-100-200
Wed Sep 21 09:18:09 UTC 2016|Unknown Alarm = ABCHU317100100 Alarm Split = ABC-HU-3-1-7-100-100
[EL Finer]: transaction: 2016-09-21 09:18:09.979--UnitOfWork(1112060280)--Thread(Thread[Test worker,5,main])--begin unit of work commit
[EL Finest]: query: 2016-09-21 09:18:09.979--UnitOfWork(1112060280)--Thread(Thread[Test worker,5,main])--Execute query DoesExistQuery(referenceClass=Flight )
[EL Finest]: query: 2016-09-21 09:18:09.979--UnitOfWork(1112060280)--Thread(Thread[Test worker,5,main])--Execute query DeleteObjectQuery(BxFraHooXSo2J7Sn3I1AqvBPEPuChQOk2Eu7MkIAkQXQ2pOaIR)
[EL Fine]: sql: 2016-09-21 09:18:09.979--ClientSession(976508722)--Connection(364425538)--Thread(Thread[Test worker,5,main])--DELETE FROM Flight WHERE ((flightId = ?) AND (versionId = ?))
	bind => [44D34210-0FC3-4C34-AD0E-7AF819007796, 2]
[EL Finer]: transaction: 2016-09-21 09:18:09.98--ClientSession(976508722)--Connection(364425538)--Thread(Thread[Test worker,5,main])--commit transaction
[EL Finest]: connection: 2016-09-21 09:18:10.033--ServerSession(1151842404)--Connection(846946119)--Thread(Thread[Test worker,5,main])--Connection released to connection pool [default].
[EL Finer]: transaction: 2016-09-21 09:18:10.033--UnitOfWork(1112060280)--Thread(Thread[Test worker,5,main])--end unit of work commit
[EL Finer]: transaction: 2016-09-21 09:18:10.033--UnitOfWork(1112060280)--Thread(Thread[Test worker,5,main])--resume unit of work
[EL Finer]: transaction: 2016-09-21 09:18:10.034--UnitOfWork(1112060280)--Thread(Thread[Test worker,5,main])--release unit of work
[EL Finer]: connection: 2016-09-21 09:18:10.034--ClientSession(976508722)--Thread(Thread[Test worker,5,main])--client released
[EL Finer]: connection: 2016-09-21 09:18:10.055--ServerSession(1151842404)--Thread(Thread[Test worker,5,main])--client acquired: 796110101
[EL Finer]: transaction: 2016-09-21 09:18:10.056--ClientSession(796110101)--Thread(Thread[Test worker,5,main])--acquire unit of work: 1399346697
[EL Finest]: connection: 2016-09-21 09:18:10.056--ServerSession(1151842404)--Connection(1726518182)--Thread(Thread[Test worker,5,main])--Connection acquired from connection pool [default].
[EL Finer]: transaction: 2016-09-21 09:18:10.056--ClientSession(796110101)--Connection(1726518182)--Thread(Thread[Test worker,5,main])--begin transaction
[EL Finest]: connection: 2016-09-21 09:18:10.056--ClientSession(796110101)--Thread(Thread[Test worker,5,main])--reconnecting to external connection pool
[EL Finest]: query: 2016-09-21 09:18:10.057--UnitOfWork(1399346697)--Thread(Thread[Test worker,5,main])--Execute query ReadObjectQuery(name="readCity" referenceClass=City sql="SELECT cityId, cityCode, cityCodeChar2, cityDescription, cityFlag, cityLatitude, cityLongitude, cityName, countryId, stateId, versionId, createdBy, createdDate, updatedBy, updatedDate, activeStatus, txnAccessCode FROM City WHERE (cityId = ?)")
[EL Fine]: sql: 2016-09-21 09:18:10.057--ClientSession(796110101)--Connection(1823730164)--Thread(Thread[Test worker,5,main])--SELECT cityId, cityCode, cityCodeChar2, cityDescription, cityFlag, cityLatitude, cityLongitude, cityName, countryId, stateId, versionId, createdBy, createdDate, updatedBy, updatedDate, activeStatus, txnAccessCode FROM City WHERE (cityId = ?)
	bind => [0A390004-A219-4D14-A9C6-3B62EA437835]
[EL Finest]: transaction: 2016-09-21 09:18:10.058--UnitOfWork(1399346697)--Thread(Thread[Test worker,5,main])--remove() operation called on: RM9RYP9ESQeADq9xGvF2jh5o9IuQDw8ltgNNZRCmQO0kCpIHlK,0DuvQdZ5t2tl9N3X2Vu7q0SBHfw4X6CJ,3
[EL Finer]: transaction: 2016-09-21 09:18:10.059--UnitOfWork(1399346697)--Thread(Thread[Test worker,5,main])--begin unit of work commit
[EL Finest]: query: 2016-09-21 09:18:10.059--UnitOfWork(1399346697)--Thread(Thread[Test worker,5,main])--Execute query DoesExistQuery(referenceClass=City )
[EL Finest]: query: 2016-09-21 09:18:10.059--UnitOfWork(1399346697)--Thread(Thread[Test worker,5,main])--Execute query DeleteObjectQuery(RM9RYP9ESQeADq9xGvF2jh5o9IuQDw8ltgNNZRCmQO0kCpIHlK,0DuvQdZ5t2tl9N3X2Vu7q0SBHfw4X6CJ,3)
[EL Fine]: sql: 2016-09-21 09:18:10.059--ClientSession(796110101)--Connection(1823730164)--Thread(Thread[Test worker,5,main])--DELETE FROM City WHERE ((cityId = ?) AND (versionId = ?))
	bind => [0A390004-A219-4D14-A9C6-3B62EA437835, 1]
[EL Finer]: transaction: 2016-09-21 09:18:10.061--ClientSession(796110101)--Connection(1823730164)--Thread(Thread[Test worker,5,main])--commit transaction
[EL Finest]: connection: 2016-09-21 09:18:10.108--ServerSession(1151842404)--Connection(1726518182)--Thread(Thread[Test worker,5,main])--Connection released to connection pool [default].
[EL Finer]: transaction: 2016-09-21 09:18:10.108--UnitOfWork(1399346697)--Thread(Thread[Test worker,5,main])--end unit of work commit
[EL Finer]: transaction: 2016-09-21 09:18:10.108--UnitOfWork(1399346697)--Thread(Thread[Test worker,5,main])--resume unit of work
[EL Finer]: transaction: 2016-09-21 09:18:10.109--UnitOfWork(1399346697)--Thread(Thread[Test worker,5,main])--release unit of work
[EL Finer]: connection: 2016-09-21 09:18:10.109--ClientSession(796110101)--Thread(Thread[Test worker,5,main])--client released
[EL Finer]: connection: 2016-09-21 09:18:10.13--ServerSession(1151842404)--Thread(Thread[Test worker,5,main])--client acquired: 1722439488
[EL Finer]: transaction: 2016-09-21 09:18:10.13--ClientSession(1722439488)--Thread(Thread[Test worker,5,main])--acquire unit of work: 960913256
[EL Finest]: connection: 2016-09-21 09:18:10.13--ServerSession(1151842404)--Connection(992068152)--Thread(Thread[Test worker,5,main])--Connection acquired from connection pool [default].
[EL Finer]: transaction: 2016-09-21 09:18:10.13--ClientSession(1722439488)--Connection(992068152)--Thread(Thread[Test worker,5,main])--begin transaction
[EL Finest]: connection: 2016-09-21 09:18:10.13--ClientSession(1722439488)--Thread(Thread[Test worker,5,main])--reconnecting to external connection pool
[EL Finest]: query: 2016-09-21 09:18:10.131--UnitOfWork(960913256)--Thread(Thread[Test worker,5,main])--Execute query ReadObjectQuery(name="readState" referenceClass=State sql="SELECT stateId, countryId, stateCapital, stateCapitalLatitude, stateCapitalLongitude, stateCode, stateCodeChar2, stateCodeChar3, stateDescription, stateFlag, stateName, versionId, createdBy, createdDate, updatedBy, updatedDate, activeStatus, txnAccessCode FROM State WHERE (stateId = ?)")
[EL Fine]: sql: 2016-09-21 09:18:10.131--ClientSession(1722439488)--Connection(861910698)--Thread(Thread[Test worker,5,main])--SELECT stateId, countryId, stateCapital, stateCapitalLatitude, stateCapitalLongitude, stateCode, stateCodeChar2, stateCodeChar3, stateDescription, stateFlag, stateName, versionId, createdBy, createdDate, updatedBy, updatedDate, activeStatus, txnAccessCode FROM State WHERE (stateId = ?)
	bind => [AFAE50C2-712E-4BE8-BAFD-ED62A8420D13]
[EL Finest]: transaction: 2016-09-21 09:18:10.132--UnitOfWork(960913256)--Thread(Thread[Test worker,5,main])--remove() operation called on: SSclCZEH54YumTGgqeBelDDa2whRZr1bzrSC6fLE2gfEalplNZ
[EL Finer]: transaction: 2016-09-21 09:18:10.133--UnitOfWork(960913256)--Thread(Thread[Test worker,5,main])--begin unit of work commit
[EL Finest]: query: 2016-09-21 09:18:10.133--UnitOfWork(960913256)--Thread(Thread[Test worker,5,main])--Execute query DoesExistQuery(referenceClass=State )
[EL Finest]: query: 2016-09-21 09:18:10.133--UnitOfWork(960913256)--Thread(Thread[Test worker,5,main])--Execute query DeleteObjectQuery(SSclCZEH54YumTGgqeBelDDa2whRZr1bzrSC6fLE2gfEalplNZ)
[EL Fine]: sql: 2016-09-21 09:18:10.133--ClientSession(1722439488)--Connection(861910698)--Thread(Thread[Test worker,5,main])--DELETE FROM State WHERE ((stateId = ?) AND (versionId = ?))
	bind => [AFAE50C2-712E-4BE8-BAFD-ED62A8420D13, 1]
[EL Finer]: transaction: 2016-09-21 09:18:10.134--ClientSession(1722439488)--Connection(861910698)--Thread(Thread[Test worker,5,main])--commit transaction
[EL Finest]: connection: 2016-09-21 09:18:10.175--ServerSession(1151842404)--Connection(992068152)--Thread(Thread[Test worker,5,main])--Connection released to connection pool [default].
[EL Finer]: transaction: 2016-09-21 09:18:10.175--UnitOfWork(960913256)--Thread(Thread[Test worker,5,main])--end unit of work commit
[EL Finer]: transaction: 2016-09-21 09:18:10.175--UnitOfWork(960913256)--Thread(Thread[Test worker,5,main])--resume unit of work
[EL Finer]: transaction: 2016-09-21 09:18:10.175--UnitOfWork(960913256)--Thread(Thread[Test worker,5,main])--release unit of work
[EL Finer]: connection: 2016-09-21 09:18:10.175--ClientSession(1722439488)--Thread(Thread[Test worker,5,main])--client released
[EL Finer]: connection: 2016-09-21 09:18:10.193--ServerSession(1151842404)--Thread(Thread[Test worker,5,main])--client acquired: 381066641
[EL Finer]: transaction: 2016-09-21 09:18:10.193--ClientSession(381066641)--Thread(Thread[Test worker,5,main])--acquire unit of work: 790799933
[EL Finest]: connection: 2016-09-21 09:18:10.193--ServerSession(1151842404)--Connection(198182648)--Thread(Thread[Test worker,5,main])--Connection acquired from connection pool [default].
[EL Finer]: transaction: 2016-09-21 09:18:10.193--ClientSession(381066641)--Connection(198182648)--Thread(Thread[Test worker,5,main])--begin transaction
[EL Finest]: connection: 2016-09-21 09:18:10.193--ClientSession(381066641)--Thread(Thread[Test worker,5,main])--reconnecting to external connection pool
[EL Finest]: query: 2016-09-21 09:18:10.194--UnitOfWork(790799933)--Thread(Thread[Test worker,5,main])--Execute query ReadObjectQuery(name="readCountry" referenceClass=Country sql="SELECT countryId, capital, capitalLatitude, capitalLongitude, countryCode1, countryCode2, countryFlag, countryName, currencyCode, currencyName, currencySymbol, isoNumeric, versionId, createdBy, createdDate, updatedBy, updatedDate, activeStatus, txnAccessCode FROM Country WHERE (countryId = ?)")
[EL Fine]: sql: 2016-09-21 09:18:10.194--ClientSession(381066641)--Connection(357074323)--Thread(Thread[Test worker,5,main])--SELECT countryId, capital, capitalLatitude, capitalLongitude, countryCode1, countryCode2, countryFlag, countryName, currencyCode, currencyName, currencySymbol, isoNumeric, versionId, createdBy, createdDate, updatedBy, updatedDate, activeStatus, txnAccessCode FROM Country WHERE (countryId = ?)
	bind => [A3F7FD5C-1E48-4447-8589-7CB53C0FE23D]
[EL Finest]: transaction: 2016-09-21 09:18:10.196--UnitOfWork(790799933)--Thread(Thread[Test worker,5,main])--remove() operation called on: Xkm8ujsnj17exSnv7JKEJRrrMO8Z0UHeOvx7C3kPBI0mohCxmw
[EL Finer]: transaction: 2016-09-21 09:18:10.196--UnitOfWork(790799933)--Thread(Thread[Test worker,5,main])--begin unit of work commit
[EL Finest]: query: 2016-09-21 09:18:10.196--UnitOfWork(790799933)--Thread(Thread[Test worker,5,main])--Execute query DoesExistQuery(referenceClass=Country )
[EL Finest]: query: 2016-09-21 09:18:10.197--UnitOfWork(790799933)--Thread(Thread[Test worker,5,main])--Execute query DeleteObjectQuery(Xkm8ujsnj17exSnv7JKEJRrrMO8Z0UHeOvx7C3kPBI0mohCxmw)
[EL Fine]: sql: 2016-09-21 09:18:10.197--ClientSession(381066641)--Connection(357074323)--Thread(Thread[Test worker,5,main])--DELETE FROM Country WHERE ((countryId = ?) AND (versionId = ?))
	bind => [A3F7FD5C-1E48-4447-8589-7CB53C0FE23D, 1]
[EL Finer]: transaction: 2016-09-21 09:18:10.198--ClientSession(381066641)--Connection(357074323)--Thread(Thread[Test worker,5,main])--commit transaction
[EL Finest]: connection: 2016-09-21 09:18:10.273--ServerSession(1151842404)--Connection(198182648)--Thread(Thread[Test worker,5,main])--Connection released to connection pool [default].
[EL Finer]: transaction: 2016-09-21 09:18:10.273--UnitOfWork(790799933)--Thread(Thread[Test worker,5,main])--end unit of work commit
[EL Finer]: transaction: 2016-09-21 09:18:10.273--UnitOfWork(790799933)--Thread(Thread[Test worker,5,main])--resume unit of work
[EL Finer]: transaction: 2016-09-21 09:18:10.273--UnitOfWork(790799933)--Thread(Thread[Test worker,5,main])--release unit of work
[EL Finer]: connection: 2016-09-21 09:18:10.273--ClientSession(381066641)--Thread(Thread[Test worker,5,main])--client released
]]></system-out>
  <system-err><![CDATA[Flight.flightName may not be null
java.lang.SecurityException: Flight.flightName may not be null
	at com.athena.server.pluggable.utils.helper.EntityValidatorHelper.validateEntity(EntityValidatorHelper.java:37)
	at com.app.shared.airlineboundedcontext.reservedomain.Flight.isValid(Flight.java:286)
	at com.app.server.service.airlineboundedcontext.reservedomain.FlightTestCase.validateFlight(FlightTestCase.java:318)
	at com.app.server.service.airlineboundedcontext.reservedomain.FlightTestCase.test5NegativeTesting(FlightTestCase.java:349)
	at sun.reflect.NativeMethodAccessorImpl.invoke0(Native Method)
	at sun.reflect.NativeMethodAccessorImpl.invoke(NativeMethodAccessorImpl.java:57)
	at sun.reflect.DelegatingMethodAccessorImpl.invoke(DelegatingMethodAccessorImpl.java:43)
	at java.lang.reflect.Method.invoke(Method.java:606)
	at org.junit.runners.model.FrameworkMethod$1.runReflectiveCall(FrameworkMethod.java:47)
	at org.junit.internal.runners.model.ReflectiveCallable.run(ReflectiveCallable.java:12)
	at org.junit.runners.model.FrameworkMethod.invokeExplosively(FrameworkMethod.java:44)
	at org.junit.internal.runners.statements.InvokeMethod.evaluate(InvokeMethod.java:17)
	at org.junit.internal.runners.statements.RunBefores.evaluate(RunBefores.java:26)
	at org.springframework.test.context.junit4.statements.RunBeforeTestMethodCallbacks.evaluate(RunBeforeTestMethodCallbacks.java:74)
	at org.junit.internal.runners.statements.RunAfters.evaluate(RunAfters.java:27)
	at org.springframework.test.context.junit4.statements.RunAfterTestMethodCallbacks.evaluate(RunAfterTestMethodCallbacks.java:83)
	at org.springframework.test.context.junit4.statements.SpringRepeat.evaluate(SpringRepeat.java:72)
	at org.springframework.test.context.junit4.SpringJUnit4ClassRunner.runChild(SpringJUnit4ClassRunner.java:233)
	at org.springframework.test.context.junit4.SpringJUnit4ClassRunner.runChild(SpringJUnit4ClassRunner.java:87)
	at org.junit.runners.ParentRunner$3.run(ParentRunner.java:238)
	at org.junit.runners.ParentRunner$1.schedule(ParentRunner.java:63)
	at org.junit.runners.ParentRunner.runChildren(ParentRunner.java:236)
	at org.junit.runners.ParentRunner.access$000(ParentRunner.java:53)
	at org.junit.runners.ParentRunner$2.evaluate(ParentRunner.java:229)
	at org.junit.internal.runners.statements.RunBefores.evaluate(RunBefores.java:26)
	at org.springframework.test.context.junit4.statements.RunBeforeTestClassCallbacks.evaluate(RunBeforeTestClassCallbacks.java:61)
	at org.springframework.test.context.junit4.statements.RunAfterTestClassCallbacks.evaluate(RunAfterTestClassCallbacks.java:71)
	at org.junit.runners.ParentRunner.run(ParentRunner.java:309)
	at org.springframework.test.context.junit4.SpringJUnit4ClassRunner.run(SpringJUnit4ClassRunner.java:176)
	at org.gradle.api.internal.tasks.testing.junit.JUnitTestClassExecuter.runTestClass(JUnitTestClassExecuter.java:86)
	at org.gradle.api.internal.tasks.testing.junit.JUnitTestClassExecuter.execute(JUnitTestClassExecuter.java:49)
	at org.gradle.api.internal.tasks.testing.junit.JUnitTestClassProcessor.processTestClass(JUnitTestClassProcessor.java:64)
	at org.gradle.api.internal.tasks.testing.SuiteTestClassProcessor.processTestClass(SuiteTestClassProcessor.java:50)
	at sun.reflect.GeneratedMethodAccessor126.invoke(Unknown Source)
	at sun.reflect.DelegatingMethodAccessorImpl.invoke(DelegatingMethodAccessorImpl.java:43)
	at java.lang.reflect.Method.invoke(Method.java:606)
	at org.gradle.messaging.dispatch.ReflectionDispatch.dispatch(ReflectionDispatch.java:35)
	at org.gradle.messaging.dispatch.ReflectionDispatch.dispatch(ReflectionDispatch.java:24)
	at org.gradle.messaging.dispatch.ContextClassLoaderDispatch.dispatch(ContextClassLoaderDispatch.java:32)
	at org.gradle.messaging.dispatch.ProxyDispatchAdapter$DispatchingInvocationHandler.invoke(ProxyDispatchAdapter.java:93)
	at com.sun.proxy.$Proxy2.processTestClass(Unknown Source)
	at org.gradle.api.internal.tasks.testing.worker.TestWorker.processTestClass(TestWorker.java:106)
	at sun.reflect.GeneratedMethodAccessor125.invoke(Unknown Source)
	at sun.reflect.DelegatingMethodAccessorImpl.invoke(DelegatingMethodAccessorImpl.java:43)
	at java.lang.reflect.Method.invoke(Method.java:606)
	at org.gradle.messaging.dispatch.ReflectionDispatch.dispatch(ReflectionDispatch.java:35)
	at org.gradle.messaging.dispatch.ReflectionDispatch.dispatch(ReflectionDispatch.java:24)
	at org.gradle.messaging.remote.internal.hub.MessageHub$Handler.run(MessageHub.java:360)
	at org.gradle.internal.concurrent.DefaultExecutorFactory$StoppableExecutorImpl$1.run(DefaultExecutorFactory.java:64)
	at java.util.concurrent.ThreadPoolExecutor.runWorker(ThreadPoolExecutor.java:1145)
	at java.util.concurrent.ThreadPoolExecutor$Worker.run(ThreadPoolExecutor.java:615)
	at java.lang.Thread.run(Thread.java:745)
Flight.flightName size must be between 1 and 256
java.lang.SecurityException: Flight.flightName size must be between 1 and 256
	at com.athena.server.pluggable.utils.helper.EntityValidatorHelper.validateEntity(EntityValidatorHelper.java:37)
	at com.app.shared.airlineboundedcontext.reservedomain.Flight.isValid(Flight.java:286)
	at com.app.server.service.airlineboundedcontext.reservedomain.FlightTestCase.validateFlight(FlightTestCase.java:316)
	at com.app.server.service.airlineboundedcontext.reservedomain.FlightTestCase.test5NegativeTesting(FlightTestCase.java:354)
	at sun.reflect.NativeMethodAccessorImpl.invoke0(Native Method)
	at sun.reflect.NativeMethodAccessorImpl.invoke(NativeMethodAccessorImpl.java:57)
	at sun.reflect.DelegatingMethodAccessorImpl.invoke(DelegatingMethodAccessorImpl.java:43)
	at java.lang.reflect.Method.invoke(Method.java:606)
	at org.junit.runners.model.FrameworkMethod$1.runReflectiveCall(FrameworkMethod.java:47)
	at org.junit.internal.runners.model.ReflectiveCallable.run(ReflectiveCallable.java:12)
	at org.junit.runners.model.FrameworkMethod.invokeExplosively(FrameworkMethod.java:44)
	at org.junit.internal.runners.statements.InvokeMethod.evaluate(InvokeMethod.java:17)
	at org.junit.internal.runners.statements.RunBefores.evaluate(RunBefores.java:26)
	at org.springframework.test.context.junit4.statements.RunBeforeTestMethodCallbacks.evaluate(RunBeforeTestMethodCallbacks.java:74)
	at org.junit.internal.runners.statements.RunAfters.evaluate(RunAfters.java:27)
	at org.springframework.test.context.junit4.statements.RunAfterTestMethodCallbacks.evaluate(RunAfterTestMethodCallbacks.java:83)
	at org.springframework.test.context.junit4.statements.SpringRepeat.evaluate(SpringRepeat.java:72)
	at org.springframework.test.context.junit4.SpringJUnit4ClassRunner.runChild(SpringJUnit4ClassRunner.java:233)
	at org.springframework.test.context.junit4.SpringJUnit4ClassRunner.runChild(SpringJUnit4ClassRunner.java:87)
	at org.junit.runners.ParentRunner$3.run(ParentRunner.java:238)
	at org.junit.runners.ParentRunner$1.schedule(ParentRunner.java:63)
	at org.junit.runners.ParentRunner.runChildren(ParentRunner.java:236)
	at org.junit.runners.ParentRunner.access$000(ParentRunner.java:53)
	at org.junit.runners.ParentRunner$2.evaluate(ParentRunner.java:229)
	at org.junit.internal.runners.statements.RunBefores.evaluate(RunBefores.java:26)
	at org.springframework.test.context.junit4.statements.RunBeforeTestClassCallbacks.evaluate(RunBeforeTestClassCallbacks.java:61)
	at org.springframework.test.context.junit4.statements.RunAfterTestClassCallbacks.evaluate(RunAfterTestClassCallbacks.java:71)
	at org.junit.runners.ParentRunner.run(ParentRunner.java:309)
	at org.springframework.test.context.junit4.SpringJUnit4ClassRunner.run(SpringJUnit4ClassRunner.java:176)
	at org.gradle.api.internal.tasks.testing.junit.JUnitTestClassExecuter.runTestClass(JUnitTestClassExecuter.java:86)
	at org.gradle.api.internal.tasks.testing.junit.JUnitTestClassExecuter.execute(JUnitTestClassExecuter.java:49)
	at org.gradle.api.internal.tasks.testing.junit.JUnitTestClassProcessor.processTestClass(JUnitTestClassProcessor.java:64)
	at org.gradle.api.internal.tasks.testing.SuiteTestClassProcessor.processTestClass(SuiteTestClassProcessor.java:50)
	at sun.reflect.GeneratedMethodAccessor126.invoke(Unknown Source)
	at sun.reflect.DelegatingMethodAccessorImpl.invoke(DelegatingMethodAccessorImpl.java:43)
	at java.lang.reflect.Method.invoke(Method.java:606)
	at org.gradle.messaging.dispatch.ReflectionDispatch.dispatch(ReflectionDispatch.java:35)
	at org.gradle.messaging.dispatch.ReflectionDispatch.dispatch(ReflectionDispatch.java:24)
	at org.gradle.messaging.dispatch.ContextClassLoaderDispatch.dispatch(ContextClassLoaderDispatch.java:32)
	at org.gradle.messaging.dispatch.ProxyDispatchAdapter$DispatchingInvocationHandler.invoke(ProxyDispatchAdapter.java:93)
	at com.sun.proxy.$Proxy2.processTestClass(Unknown Source)
	at org.gradle.api.internal.tasks.testing.worker.TestWorker.processTestClass(TestWorker.java:106)
	at sun.reflect.GeneratedMethodAccessor125.invoke(Unknown Source)
	at sun.reflect.DelegatingMethodAccessorImpl.invoke(DelegatingMethodAccessorImpl.java:43)
	at java.lang.reflect.Method.invoke(Method.java:606)
	at org.gradle.messaging.dispatch.ReflectionDispatch.dispatch(ReflectionDispatch.java:35)
	at org.gradle.messaging.dispatch.ReflectionDispatch.dispatch(ReflectionDispatch.java:24)
	at org.gradle.messaging.remote.internal.hub.MessageHub$Handler.run(MessageHub.java:360)
	at org.gradle.internal.concurrent.DefaultExecutorFactory$StoppableExecutorImpl$1.run(DefaultExecutorFactory.java:64)
	at java.util.concurrent.ThreadPoolExecutor.runWorker(ThreadPoolExecutor.java:1145)
	at java.util.concurrent.ThreadPoolExecutor$Worker.run(ThreadPoolExecutor.java:615)
	at java.lang.Thread.run(Thread.java:745)
]]></system-err>
</testsuite>
