<?xml version="1.0" encoding="UTF-8"?>
<testsuite name="com.app.server.service.organizationextendedbc.locationextended.VillageTestCase" tests="10" skipped="0" failures="0" errors="0" timestamp="2016-09-21T09:17:42" hostname="c76164883ac0" time="1.878">
  <properties/>
  <testcase name="test1Save" classname="com.app.server.service.organizationextendedbc.locationextended.VillageTestCase" time="0.794"/>
  <testcase name="test2Update" classname="com.app.server.service.organizationextendedbc.locationextended.VillageTestCase" time="0.124"/>
  <testcase name="test3FindById" classname="com.app.server.service.organizationextendedbc.locationextended.VillageTestCase" time="0.042"/>
  <testcase name="test3findBycountryId" classname="com.app.server.service.organizationextendedbc.locationextended.VillageTestCase" time="0.041"/>
  <testcase name="test3findBydistrictId" classname="com.app.server.service.organizationextendedbc.locationextended.VillageTestCase" time="0.037"/>
  <testcase name="test3findByregionId" classname="com.app.server.service.organizationextendedbc.locationextended.VillageTestCase" time="0.036"/>
  <testcase name="test3findBystateId" classname="com.app.server.service.organizationextendedbc.locationextended.VillageTestCase" time="0.032"/>
  <testcase name="test3findBytalukaaId" classname="com.app.server.service.organizationextendedbc.locationextended.VillageTestCase" time="0.032"/>
  <testcase name="test5NegativeTesting" classname="com.app.server.service.organizationextendedbc.locationextended.VillageTestCase" time="0.056"/>
  <testcase name="test6Delete" classname="com.app.server.service.organizationextendedbc.locationextended.VillageTestCase" time="0.68"/>
  <system-out><![CDATA[Wed Sep 21 09:17:42 UTC 2016|Log Manager Factory|Initialization Process started.....
Wed Sep 21 09:17:42 UTC 2016|Log Manager|Initialized with Path = [/home/applifire/workspace/testpro/src/main/webapp/WEB-INF/conf]
Wed Sep 21 09:17:42 UTC 2016|Alarm Manager|Initialized with Path = [/home/applifire/workspace/testpro/src/main/webapp/WEB-INF/conf]
Wed Sep 21 09:17:42 UTC 2016|Alarm Manager|Loading Alarms ......
Wed Sep 21 09:17:42 UTC 2016|Alarm XML Parser|FWA|XML Parsing Complete........ 
Wed Sep 21 09:17:42 UTC 2016|Alarm File Manager|FWA|Alarm File Status.. [ApplicationFrameworkAlarms.xml]|Version=15|Status=Done 
Wed Sep 21 09:17:42 UTC 2016|Alarm File Manager|FWA|Alarm Stats = ( BC/AL=5/786 SYS=5/11 [786/0]  TPL=0/0 [0/0]  APP= A.Map=[875]  E.Map EC/RC=[391/79] )
Wed Sep 21 09:17:42 UTC 2016|Alarm XML Parser|APP|XML Parsing Complete........ 
Wed Sep 21 09:17:42 UTC 2016|Alarm File Manager|APP|Alarm File Status.. [ApplicationAlarms.xml]|Version=1|Status=Done 
Wed Sep 21 09:17:42 UTC 2016|Alarm File Manager|APP|Alarm Stats = ( BC/AL=5/786 SYS=5/11 [786/0]  TPL=0/0 [0/0]  APP=0/0 [0/0]  A.Map=[875]  E.Map EC/RC=[391/79] )
Wed Sep 21 09:17:42 UTC 2016|ApplicationAlarmContext| <><><><><> Create App Alarms ....  <><><><><> 
Wed Sep 21 09:17:42 UTC 2016|ApplicationAlarmContext|Alarms are generated ONLY in Development Mode.. 
Wed Sep 21 09:17:42 UTC 2016|Alarm Manager|APP|Alarm Stats = ( BC/AL=5/786 SYS=5/11 [786/0]  TPL=0/0 [0/0]  APP=0/0 [0/0]  A.Map=[875]  E.Map EC/RC=[391/79] )
Wed Sep 21 09:17:42 UTC 2016|Alarm Manager|Initialized Exception Lookup...
Wed Sep 21 09:17:42 UTC 2016|Log Manager|Initialize Log Config File ......
Wed Sep 21 09:17:42 UTC 2016|Pluggable Connectors|Adding Connectors : StandardOutputConnector isEnabled=true isDefault=false isFallBack=true
Wed Sep 21 09:17:42 UTC 2016|Pluggable Connectors|Adding Connectors : StandardFileConnector isEnabled=true isDefault=false isFallBack=false
Wed Sep 21 09:17:42 UTC 2016|Pluggable Connectors|Adding Connectors : Sprinkler isEnabled=true isDefault=true isFallBack=false
Wed Sep 21 09:17:42 UTC 2016|Pluggable Connectors|Default Connector Name : com.spartan.logger.core.LogMessenger
Wed Sep 21 09:17:42 UTC 2016|Log Config Parser|Connector Least Log Level =[4]  FallBack Log Level =[3]
Wed Sep 21 09:17:42 UTC 2016|Log Manager|Loading Default Connector for Logging ......
Wed Sep 21 09:17:42 UTC 2016|Log Manager|Loading class .. com.spartan.logger.core.LogMessenger
Wed Sep 21 09:17:42 UTC 2016|Plugggable Connector|Connector class com.spartan.logger.core.LogMessenger Initialized... @ Log Level = 3
Wed Sep 21 09:17:42 UTC 2016|Log Manager|Starting the Default Connector [com.spartan.logger.core.LogMessenger@5250f889] ....
Wed Sep 21 09:17:42 UTC 2016|Scheduler|Starting the Scheduler ......
Wed Sep 21 09:17:42 UTC 2016|Scheduler|Adding [LMID=[950cd733-ec55-4a91-aacb-ab957b93fa8b]] Delay=5 Time Unit=MINUTES
Wed Sep 21 09:17:42 UTC 2016|Scheduler|Adding [App Alarm Manager File=[ApplicationAlarms.xml]] Delay=30 Time Unit=MINUTES
Wed Sep 21 09:17:42 UTC 2016|Scheduler|Adding [FW Alarm Manager File=[ApplicationFrameworkAlarms.xml]] Delay=3 Time Unit=MINUTES
Wed Sep 21 09:17:42 UTC 2016|Scheduler|Startup Completed..
Wed Sep 21 09:17:42 UTC 2016|Log Manager|Initialization Process Complete ......
Wed Sep 21 09:17:42 UTC 2016|Log Manager Factory|Log Manager READY! ID = 950cd733-ec55-4a91-aacb-ab957b93fa8b
[EL Finer]: connection: 2016-09-21 09:17:42.803--ServerSession(1151842404)--Thread(Thread[Test worker,5,main])--client acquired: 103877493
[EL Finer]: transaction: 2016-09-21 09:17:42.803--ClientSession(103877493)--Thread(Thread[Test worker,5,main])--acquire unit of work: 2112303487
[EL Finest]: connection: 2016-09-21 09:17:42.803--ServerSession(1151842404)--Connection(1432537452)--Thread(Thread[Test worker,5,main])--Connection acquired from connection pool [default].
[EL Finer]: transaction: 2016-09-21 09:17:42.803--ClientSession(103877493)--Connection(1432537452)--Thread(Thread[Test worker,5,main])--begin transaction
[EL Finest]: connection: 2016-09-21 09:17:42.803--ClientSession(103877493)--Thread(Thread[Test worker,5,main])--reconnecting to external connection pool
Wed Sep 21 09:17:42 UTC 2016|Unknown Alarm = ORGLM312100100 Alarm Split = ORG-LM-3-1-2-100-100
[EL Finest]: transaction: 2016-09-21 09:17:42.812--UnitOfWork(2112303487)--Thread(Thread[Test worker,5,main])--persist() operation called on: IYlwyw8ZFXQsBbHgDSz1GtQDPGojtJ21HYsjMcztdh1I9QfUnV.
[EL Finest]: sequencing: 2016-09-21 09:17:42.812--UnitOfWork(2112303487)--Thread(Thread[Test worker,5,main])--assign sequence to the object (0F0364A5-99D0-42DE-850A-E42DDCD60566 -> IYlwyw8ZFXQsBbHgDSz1GtQDPGojtJ21HYsjMcztdh1I9QfUnV)
[EL Finer]: transaction: 2016-09-21 09:17:42.814--UnitOfWork(2112303487)--Thread(Thread[Test worker,5,main])--begin unit of work commit
[EL Finest]: query: 2016-09-21 09:17:42.814--UnitOfWork(2112303487)--Thread(Thread[Test worker,5,main])--Execute query InsertObjectQuery(IYlwyw8ZFXQsBbHgDSz1GtQDPGojtJ21HYsjMcztdh1I9QfUnV)
[EL Fine]: sql: 2016-09-21 09:17:42.815--ClientSession(103877493)--Connection(205135738)--Thread(Thread[Test worker,5,main])--INSERT INTO Country (countryId, capital, capitalLatitude, capitalLongitude, countryCode1, countryCode2, countryFlag, countryName, currencyCode, currencyName, currencySymbol, isoNumeric, versionId, createdBy, createdDate, updatedBy, updatedDate, activeStatus, txnAccessCode) VALUES (?, ?, ?, ?, ?, ?, ?, ?, ?, ?, ?, ?, ?, ?, ?, ?, ?, ?, ?)
	bind => [0F0364A5-99D0-42DE-850A-E42DDCD60566, olFfb6bt30bNIxM7sN4DtvqHQmXnuqOG, 4, 4, uMa, 4lN, MsS61uzp3XTvNumpFefZWcwN9ToAkURmWpzAt0Luuv02zaDX1a, IYlwyw8ZFXQsBbHgDSz1GtQDPGojtJ21HYsjMcztdh1I9QfUnV, gxV, TGEXrKSjrHpZFSZWtN6eCB6DmDLUDSQSHFrGrMvh1yOK1DPCBm, T4j1oklhxjj4fuAV02KFkCZNoTU1IdPY, 583, 1, AAAAA, 2016-09-21 09:17:42.771, AAAAA, 2016-09-21 09:17:42.771, 1, 51000]
[EL Finer]: transaction: 2016-09-21 09:17:42.817--ClientSession(103877493)--Connection(205135738)--Thread(Thread[Test worker,5,main])--commit transaction
[EL Finest]: connection: 2016-09-21 09:17:42.866--ServerSession(1151842404)--Connection(1432537452)--Thread(Thread[Test worker,5,main])--Connection released to connection pool [default].
[EL Finer]: transaction: 2016-09-21 09:17:42.866--UnitOfWork(2112303487)--Thread(Thread[Test worker,5,main])--end unit of work commit
[EL Finer]: transaction: 2016-09-21 09:17:42.867--UnitOfWork(2112303487)--Thread(Thread[Test worker,5,main])--resume unit of work
[EL Finer]: transaction: 2016-09-21 09:17:42.867--UnitOfWork(2112303487)--Thread(Thread[Test worker,5,main])--release unit of work
[EL Finer]: connection: 2016-09-21 09:17:42.867--ClientSession(103877493)--Thread(Thread[Test worker,5,main])--client released
[EL Finer]: connection: 2016-09-21 09:17:42.899--ServerSession(1151842404)--Thread(Thread[Test worker,5,main])--client acquired: 1027260876
[EL Finer]: transaction: 2016-09-21 09:17:42.899--ClientSession(1027260876)--Thread(Thread[Test worker,5,main])--acquire unit of work: 1552504699
[EL Finest]: connection: 2016-09-21 09:17:42.9--ServerSession(1151842404)--Connection(1020165043)--Thread(Thread[Test worker,5,main])--Connection acquired from connection pool [default].
[EL Finer]: transaction: 2016-09-21 09:17:42.9--ClientSession(1027260876)--Connection(1020165043)--Thread(Thread[Test worker,5,main])--begin transaction
[EL Finest]: connection: 2016-09-21 09:17:42.9--ClientSession(1027260876)--Thread(Thread[Test worker,5,main])--reconnecting to external connection pool
Wed Sep 21 09:17:42 UTC 2016|Unknown Alarm = ORGLM312100100 Alarm Split = ORG-LM-3-1-2-100-100
[EL Finest]: transaction: 2016-09-21 09:17:42.908--UnitOfWork(1552504699)--Thread(Thread[Test worker,5,main])--persist() operation called on: MZVMD6qQakhEMbD4qoVkXfacFcdRNMbF9jhD0xogag8CfBbqWc.
[EL Finest]: sequencing: 2016-09-21 09:17:42.908--UnitOfWork(1552504699)--Thread(Thread[Test worker,5,main])--assign sequence to the object (C746CF85-EA1C-48C5-9AB7-035D738576EF -> MZVMD6qQakhEMbD4qoVkXfacFcdRNMbF9jhD0xogag8CfBbqWc)
[EL Finer]: transaction: 2016-09-21 09:17:42.91--UnitOfWork(1552504699)--Thread(Thread[Test worker,5,main])--begin unit of work commit
[EL Finest]: query: 2016-09-21 09:17:42.91--UnitOfWork(1552504699)--Thread(Thread[Test worker,5,main])--Execute query InsertObjectQuery(MZVMD6qQakhEMbD4qoVkXfacFcdRNMbF9jhD0xogag8CfBbqWc)
[EL Fine]: sql: 2016-09-21 09:17:42.911--ClientSession(1027260876)--Connection(1003126607)--Thread(Thread[Test worker,5,main])--INSERT INTO State (stateId, countryId, stateCapital, stateCapitalLatitude, stateCapitalLongitude, stateCode, stateCodeChar2, stateCodeChar3, stateDescription, stateFlag, stateName, versionId, createdBy, createdDate, updatedBy, updatedDate, activeStatus, txnAccessCode) VALUES (?, ?, ?, ?, ?, ?, ?, ?, ?, ?, ?, ?, ?, ?, ?, ?, ?, ?)
	bind => [C746CF85-EA1C-48C5-9AB7-035D738576EF, 0F0364A5-99D0-42DE-850A-E42DDCD60566, 94P0ldvSlqYUNohAFnEjCpnD4XHDOOSDtr60ACEzlKuKHtC9Sg, 8, 9, 1, a2EP0SSZ2CXTokpCdBhwnEDx1wNBKzrM, wZRffcC2UUKwto0tFDZ4XvBmQSwDGBS4, ixec7wryuzC5jSX7cn93TskyyHe0HQgBsC19ZGMMpyn7EBylXt, bqtr5vYV1LsyDB2fiznGhaoq1lZu1PGITHbizy7eDXn6C49Lpn, MZVMD6qQakhEMbD4qoVkXfacFcdRNMbF9jhD0xogag8CfBbqWc, 1, AAAAA, 2016-09-21 09:17:42.771, AAAAA, 2016-09-21 09:17:42.771, 1, 51000]
[EL Finer]: transaction: 2016-09-21 09:17:42.913--ClientSession(1027260876)--Connection(1003126607)--Thread(Thread[Test worker,5,main])--commit transaction
[EL Finest]: connection: 2016-09-21 09:17:43.006--ServerSession(1151842404)--Connection(1020165043)--Thread(Thread[Test worker,5,main])--Connection released to connection pool [default].
[EL Finer]: transaction: 2016-09-21 09:17:43.007--UnitOfWork(1552504699)--Thread(Thread[Test worker,5,main])--end unit of work commit
[EL Finer]: transaction: 2016-09-21 09:17:43.007--UnitOfWork(1552504699)--Thread(Thread[Test worker,5,main])--resume unit of work
[EL Finer]: transaction: 2016-09-21 09:17:43.007--UnitOfWork(1552504699)--Thread(Thread[Test worker,5,main])--release unit of work
[EL Finer]: connection: 2016-09-21 09:17:43.007--ClientSession(1027260876)--Thread(Thread[Test worker,5,main])--client released
[EL Finer]: connection: 2016-09-21 09:17:43.041--ServerSession(1151842404)--Thread(Thread[Test worker,5,main])--client acquired: 94773726
[EL Finer]: transaction: 2016-09-21 09:17:43.041--ClientSession(94773726)--Thread(Thread[Test worker,5,main])--acquire unit of work: 1576630455
[EL Finest]: connection: 2016-09-21 09:17:43.041--ServerSession(1151842404)--Connection(627336852)--Thread(Thread[Test worker,5,main])--Connection acquired from connection pool [default].
[EL Finer]: transaction: 2016-09-21 09:17:43.041--ClientSession(94773726)--Connection(627336852)--Thread(Thread[Test worker,5,main])--begin transaction
[EL Finest]: connection: 2016-09-21 09:17:43.041--ClientSession(94773726)--Thread(Thread[Test worker,5,main])--reconnecting to external connection pool
Wed Sep 21 09:17:43 UTC 2016|Unknown Alarm = OEBLE312100100 Alarm Split = OEB-LE-3-1-2-100-100
[EL Finest]: transaction: 2016-09-21 09:17:43.049--UnitOfWork(1576630455)--Thread(Thread[Test worker,5,main])--persist() operation called on: 2crqKKbLpbDyNHxL8jkKxc4U1GI4R7Brp4vQKfZqWBznODQtSs,3,alWXM1v2aCHgG8g7fHNvzBuz3RCmEKWq.
[EL Finest]: sequencing: 2016-09-21 09:17:43.049--UnitOfWork(1576630455)--Thread(Thread[Test worker,5,main])--assign sequence to the object (9B8BE7B9-9DF4-44F8-A7F6-BA564F071013 -> 2crqKKbLpbDyNHxL8jkKxc4U1GI4R7Brp4vQKfZqWBznODQtSs,3,alWXM1v2aCHgG8g7fHNvzBuz3RCmEKWq)
Wed Sep 21 09:17:43 UTC 2016|Unknown Alarm = OEBLE322100200 Alarm Split = OEB-LE-3-2-2-100-200
Wed Sep 21 09:17:43 UTC 2016|Unknown Alarm = OEBLE317100100 Alarm Split = OEB-LE-3-1-7-100-100
[EL Finer]: transaction: 2016-09-21 09:17:43.05--UnitOfWork(1576630455)--Thread(Thread[Test worker,5,main])--begin unit of work commit
[EL Finest]: query: 2016-09-21 09:17:43.05--UnitOfWork(1576630455)--Thread(Thread[Test worker,5,main])--Execute query InsertObjectQuery(2crqKKbLpbDyNHxL8jkKxc4U1GI4R7Brp4vQKfZqWBznODQtSs,3,alWXM1v2aCHgG8g7fHNvzBuz3RCmEKWq)
[EL Fine]: sql: 2016-09-21 09:17:43.051--ClientSession(94773726)--Connection(1940919423)--Thread(Thread[Test worker,5,main])--INSERT INTO Region (regionId, countryId, regionCode1, regionCodeChar2, regionDescription, regionFlag, regionLatitude, regionLongitude, regionName, stateId, versionId, createdBy, createdDate, updatedBy, updatedDate, activeStatus, txnAccessCode) VALUES (?, ?, ?, ?, ?, ?, ?, ?, ?, ?, ?, ?, ?, ?, ?, ?, ?)
	bind => [9B8BE7B9-9DF4-44F8-A7F6-BA564F071013, 0F0364A5-99D0-42DE-850A-E42DDCD60566, 3, alWXM1v2aCHgG8g7fHNvzBuz3RCmEKWq, fsZK5N7JFRhyZAD3PcKVcUDQbyOHcdGM6cvSzXCuD43DMZZae7, EFXzr3cQlkcEo7G3PN0UVK8FESQ1m2uYmxaaF8USx0zYkIscn1, 2, 8, 2crqKKbLpbDyNHxL8jkKxc4U1GI4R7Brp4vQKfZqWBznODQtSs, C746CF85-EA1C-48C5-9AB7-035D738576EF, 1, AAAAA, 2016-09-21 09:17:43.007, AAAAA, 2016-09-21 09:17:43.007, 1, 51000]
[EL Finer]: transaction: 2016-09-21 09:17:43.053--ClientSession(94773726)--Connection(1940919423)--Thread(Thread[Test worker,5,main])--commit transaction
[EL Finest]: connection: 2016-09-21 09:17:43.089--ServerSession(1151842404)--Connection(627336852)--Thread(Thread[Test worker,5,main])--Connection released to connection pool [default].
[EL Finer]: transaction: 2016-09-21 09:17:43.089--UnitOfWork(1576630455)--Thread(Thread[Test worker,5,main])--end unit of work commit
[EL Finer]: transaction: 2016-09-21 09:17:43.089--UnitOfWork(1576630455)--Thread(Thread[Test worker,5,main])--resume unit of work
[EL Finer]: transaction: 2016-09-21 09:17:43.09--UnitOfWork(1576630455)--Thread(Thread[Test worker,5,main])--release unit of work
[EL Finer]: connection: 2016-09-21 09:17:43.09--ClientSession(94773726)--Thread(Thread[Test worker,5,main])--client released
[EL Finer]: connection: 2016-09-21 09:17:43.109--ServerSession(1151842404)--Thread(Thread[Test worker,5,main])--client acquired: 1200692436
[EL Finer]: transaction: 2016-09-21 09:17:43.109--ClientSession(1200692436)--Thread(Thread[Test worker,5,main])--acquire unit of work: 133940993
[EL Finest]: connection: 2016-09-21 09:17:43.109--ServerSession(1151842404)--Connection(583407295)--Thread(Thread[Test worker,5,main])--Connection acquired from connection pool [default].
[EL Finer]: transaction: 2016-09-21 09:17:43.109--ClientSession(1200692436)--Connection(583407295)--Thread(Thread[Test worker,5,main])--begin transaction
[EL Finest]: connection: 2016-09-21 09:17:43.11--ClientSession(1200692436)--Thread(Thread[Test worker,5,main])--reconnecting to external connection pool
Wed Sep 21 09:17:43 UTC 2016|Unknown Alarm = OEBLE312100100 Alarm Split = OEB-LE-3-1-2-100-100
[EL Finest]: transaction: 2016-09-21 09:17:43.115--UnitOfWork(133940993)--Thread(Thread[Test worker,5,main])--persist() operation called on: BC2et5FApJSHzgaC8kYvRjsrbqDSaaUa0AmKmRWSoUGNlSFpxQ,we2syIzFtsO9NmD8WktmFsvW6pOhlYgE.
[EL Finest]: sequencing: 2016-09-21 09:17:43.115--UnitOfWork(133940993)--Thread(Thread[Test worker,5,main])--assign sequence to the object (55B14C09-7BCD-4B8B-8348-846641112E27 -> BC2et5FApJSHzgaC8kYvRjsrbqDSaaUa0AmKmRWSoUGNlSFpxQ,we2syIzFtsO9NmD8WktmFsvW6pOhlYgE)
Wed Sep 21 09:17:43 UTC 2016|Unknown Alarm = OEBLE322100200 Alarm Split = OEB-LE-3-2-2-100-200
Wed Sep 21 09:17:43 UTC 2016|Unknown Alarm = OEBLE317100100 Alarm Split = OEB-LE-3-1-7-100-100
[EL Finer]: transaction: 2016-09-21 09:17:43.116--UnitOfWork(133940993)--Thread(Thread[Test worker,5,main])--begin unit of work commit
[EL Finest]: query: 2016-09-21 09:17:43.116--UnitOfWork(133940993)--Thread(Thread[Test worker,5,main])--Execute query InsertObjectQuery(BC2et5FApJSHzgaC8kYvRjsrbqDSaaUa0AmKmRWSoUGNlSFpxQ,we2syIzFtsO9NmD8WktmFsvW6pOhlYgE)
[EL Fine]: sql: 2016-09-21 09:17:43.116--ClientSession(1200692436)--Connection(1906114336)--Thread(Thread[Test worker,5,main])--INSERT INTO District (districtId, code2, countryId, districtDescription, districtFlag, districtLatitude, districtLongitude, Name, regionId, stateId, versionId, createdBy, createdDate, updatedBy, updatedDate, activeStatus, txnAccessCode) VALUES (?, ?, ?, ?, ?, ?, ?, ?, ?, ?, ?, ?, ?, ?, ?, ?, ?)
	bind => [55B14C09-7BCD-4B8B-8348-846641112E27, we2syIzFtsO9NmD8WktmFsvW6pOhlYgE, 0F0364A5-99D0-42DE-850A-E42DDCD60566, GcXuT660jVdBGrQFb71EmpRHml92ER0kfuywxvlGLdvlGiK9Wh, BhLUbumjUjLJPAddeg86W8nhc5YhrwzbQ3AzmaAiL8x4Apc1CK, 11, 1, BC2et5FApJSHzgaC8kYvRjsrbqDSaaUa0AmKmRWSoUGNlSFpxQ, 9B8BE7B9-9DF4-44F8-A7F6-BA564F071013, C746CF85-EA1C-48C5-9AB7-035D738576EF, 1, AAAAA, 2016-09-21 09:17:43.09, AAAAA, 2016-09-21 09:17:43.09, 1, 51000]
[EL Finer]: transaction: 2016-09-21 09:17:43.119--ClientSession(1200692436)--Connection(1906114336)--Thread(Thread[Test worker,5,main])--commit transaction
[EL Finest]: connection: 2016-09-21 09:17:43.223--ServerSession(1151842404)--Connection(583407295)--Thread(Thread[Test worker,5,main])--Connection released to connection pool [default].
[EL Finer]: transaction: 2016-09-21 09:17:43.223--UnitOfWork(133940993)--Thread(Thread[Test worker,5,main])--end unit of work commit
[EL Finer]: transaction: 2016-09-21 09:17:43.223--UnitOfWork(133940993)--Thread(Thread[Test worker,5,main])--resume unit of work
[EL Finer]: transaction: 2016-09-21 09:17:43.223--UnitOfWork(133940993)--Thread(Thread[Test worker,5,main])--release unit of work
[EL Finer]: connection: 2016-09-21 09:17:43.223--ClientSession(1200692436)--Thread(Thread[Test worker,5,main])--client released
[EL Finer]: connection: 2016-09-21 09:17:43.318--ServerSession(1151842404)--Thread(Thread[Test worker,5,main])--client acquired: 63206582
[EL Finer]: transaction: 2016-09-21 09:17:43.318--ClientSession(63206582)--Thread(Thread[Test worker,5,main])--acquire unit of work: 1456102056
[EL Finest]: connection: 2016-09-21 09:17:43.318--ServerSession(1151842404)--Connection(2131097627)--Thread(Thread[Test worker,5,main])--Connection acquired from connection pool [default].
[EL Finer]: transaction: 2016-09-21 09:17:43.318--ClientSession(63206582)--Connection(2131097627)--Thread(Thread[Test worker,5,main])--begin transaction
[EL Finest]: connection: 2016-09-21 09:17:43.318--ClientSession(63206582)--Thread(Thread[Test worker,5,main])--reconnecting to external connection pool
Wed Sep 21 09:17:43 UTC 2016|Unknown Alarm = OEBLE312100100 Alarm Split = OEB-LE-3-1-2-100-100
[EL Finest]: transaction: 2016-09-21 09:17:43.331--UnitOfWork(1456102056)--Thread(Thread[Test worker,5,main])--persist() operation called on: gbz8GFFFqcDXYGzlcMn9IGGMbR24GImvZNk3xosWzgrCNTwNpX,1cb3FpX81a9Xj4kJG6kIYVy2cIiZsQDj.
[EL Finest]: sequencing: 2016-09-21 09:17:43.331--UnitOfWork(1456102056)--Thread(Thread[Test worker,5,main])--assign sequence to the object (0AE66434-61E4-4A25-9800-721067696E77 -> gbz8GFFFqcDXYGzlcMn9IGGMbR24GImvZNk3xosWzgrCNTwNpX,1cb3FpX81a9Xj4kJG6kIYVy2cIiZsQDj)
Wed Sep 21 09:17:43 UTC 2016|Unknown Alarm = OEBLE322100200 Alarm Split = OEB-LE-3-2-2-100-200
Wed Sep 21 09:17:43 UTC 2016|Unknown Alarm = OEBLE317100100 Alarm Split = OEB-LE-3-1-7-100-100
[EL Finer]: transaction: 2016-09-21 09:17:43.333--UnitOfWork(1456102056)--Thread(Thread[Test worker,5,main])--begin unit of work commit
[EL Finest]: query: 2016-09-21 09:17:43.333--UnitOfWork(1456102056)--Thread(Thread[Test worker,5,main])--Execute query InsertObjectQuery(gbz8GFFFqcDXYGzlcMn9IGGMbR24GImvZNk3xosWzgrCNTwNpX,1cb3FpX81a9Xj4kJG6kIYVy2cIiZsQDj)
[EL Fine]: sql: 2016-09-21 09:17:43.334--ClientSession(63206582)--Connection(787654941)--Thread(Thread[Test worker,5,main])--INSERT INTO Taluka (talukaId, countryId, districtId, regionId, stateId, talukaCode, talukaDescription, talukaFlag, talukaLatitude, talukaLongitude, talukaName, versionId, createdBy, createdDate, updatedBy, updatedDate, activeStatus, txnAccessCode) VALUES (?, ?, ?, ?, ?, ?, ?, ?, ?, ?, ?, ?, ?, ?, ?, ?, ?, ?)
	bind => [0AE66434-61E4-4A25-9800-721067696E77, 0F0364A5-99D0-42DE-850A-E42DDCD60566, 55B14C09-7BCD-4B8B-8348-846641112E27, 9B8BE7B9-9DF4-44F8-A7F6-BA564F071013, C746CF85-EA1C-48C5-9AB7-035D738576EF, 1cb3FpX81a9Xj4kJG6kIYVy2cIiZsQDj, cM8ihlDZgoUnG38xciNulIwdMHUeibZlBLeYBH18DtNCYWa23y, eBQVTjkrrh3iFOdWB0s1XmhOqc3fILVU5eXlHCbcoAYYyCnsnk, 6, 11, gbz8GFFFqcDXYGzlcMn9IGGMbR24GImvZNk3xosWzgrCNTwNpX, 1, AAAAA, 2016-09-21 09:17:43.09, AAAAA, 2016-09-21 09:17:43.09, 1, 51000]
[EL Finer]: transaction: 2016-09-21 09:17:43.336--ClientSession(63206582)--Connection(787654941)--Thread(Thread[Test worker,5,main])--commit transaction
[EL Finest]: connection: 2016-09-21 09:17:43.383--ServerSession(1151842404)--Connection(2131097627)--Thread(Thread[Test worker,5,main])--Connection released to connection pool [default].
[EL Finer]: transaction: 2016-09-21 09:17:43.383--UnitOfWork(1456102056)--Thread(Thread[Test worker,5,main])--end unit of work commit
[EL Finer]: transaction: 2016-09-21 09:17:43.383--UnitOfWork(1456102056)--Thread(Thread[Test worker,5,main])--resume unit of work
[EL Finer]: transaction: 2016-09-21 09:17:43.384--UnitOfWork(1456102056)--Thread(Thread[Test worker,5,main])--release unit of work
[EL Finer]: connection: 2016-09-21 09:17:43.384--ClientSession(63206582)--Thread(Thread[Test worker,5,main])--client released
[EL Finer]: connection: 2016-09-21 09:17:43.476--ServerSession(1151842404)--Thread(Thread[Test worker,5,main])--client acquired: 721376168
[EL Finer]: transaction: 2016-09-21 09:17:43.476--ClientSession(721376168)--Thread(Thread[Test worker,5,main])--acquire unit of work: 1624068261
[EL Finest]: connection: 2016-09-21 09:17:43.476--ServerSession(1151842404)--Connection(1198109257)--Thread(Thread[Test worker,5,main])--Connection acquired from connection pool [default].
[EL Finer]: transaction: 2016-09-21 09:17:43.476--ClientSession(721376168)--Connection(1198109257)--Thread(Thread[Test worker,5,main])--begin transaction
[EL Finest]: connection: 2016-09-21 09:17:43.476--ClientSession(721376168)--Thread(Thread[Test worker,5,main])--reconnecting to external connection pool
Wed Sep 21 09:17:43 UTC 2016|Unknown Alarm = OEBLE312100100 Alarm Split = OEB-LE-3-1-2-100-100
[EL Finest]: transaction: 2016-09-21 09:17:43.482--UnitOfWork(1624068261)--Thread(Thread[Test worker,5,main])--persist() operation called on: tT94GEHJNM80PZzLjS35KoJA0z2N2aALGHwGleYeuDLxEIsqoQ,z5cqTyrG2utPc8czAy31NDSs3BcFJADj.
[EL Finest]: sequencing: 2016-09-21 09:17:43.482--UnitOfWork(1624068261)--Thread(Thread[Test worker,5,main])--assign sequence to the object (A39A33EC-99E0-4453-9DE7-4B3751CDFC57 -> tT94GEHJNM80PZzLjS35KoJA0z2N2aALGHwGleYeuDLxEIsqoQ,z5cqTyrG2utPc8czAy31NDSs3BcFJADj)
Wed Sep 21 09:17:43 UTC 2016|Unknown Alarm = OEBLE322100200 Alarm Split = OEB-LE-3-2-2-100-200
Wed Sep 21 09:17:43 UTC 2016|Unknown Alarm = OEBLE317100100 Alarm Split = OEB-LE-3-1-7-100-100
[EL Finer]: transaction: 2016-09-21 09:17:43.483--UnitOfWork(1624068261)--Thread(Thread[Test worker,5,main])--begin unit of work commit
[EL Finest]: query: 2016-09-21 09:17:43.483--UnitOfWork(1624068261)--Thread(Thread[Test worker,5,main])--Execute query InsertObjectQuery(tT94GEHJNM80PZzLjS35KoJA0z2N2aALGHwGleYeuDLxEIsqoQ,z5cqTyrG2utPc8czAy31NDSs3BcFJADj)
[EL Fine]: sql: 2016-09-21 09:17:43.484--ClientSession(721376168)--Connection(1139491299)--Thread(Thread[Test worker,5,main])--INSERT INTO Village (villageId, countryId, districtId, regionId, stateId, talukaaId, versionId, villageCode, villageDescription, villageFlag, villageLatitude, villageLongtitude, villageName, createdBy, createdDate, updatedBy, updatedDate, activeStatus, txnAccessCode) VALUES (?, ?, ?, ?, ?, ?, ?, ?, ?, ?, ?, ?, ?, ?, ?, ?, ?, ?, ?)
	bind => [A39A33EC-99E0-4453-9DE7-4B3751CDFC57, 0F0364A5-99D0-42DE-850A-E42DDCD60566, 55B14C09-7BCD-4B8B-8348-846641112E27, 9B8BE7B9-9DF4-44F8-A7F6-BA564F071013, C746CF85-EA1C-48C5-9AB7-035D738576EF, 0AE66434-61E4-4A25-9800-721067696E77, 1, z5cqTyrG2utPc8czAy31NDSs3BcFJADj, JOD83FfKj67vqE4rpHbTzpQUUbypBFTJNjVLMJBK29ARYG9RHr, M9jIX9lTXXgUqUMrBiiScZ1ATGrGO740f1ySh5vb4QiPLmJbmk, Tosop7ueBWe, 1, tT94GEHJNM80PZzLjS35KoJA0z2N2aALGHwGleYeuDLxEIsqoQ, AAAAA, 2016-09-21 09:17:43.384, AAAAA, 2016-09-21 09:17:43.384, 1, 51000]
[EL Finer]: transaction: 2016-09-21 09:17:43.485--ClientSession(721376168)--Connection(1139491299)--Thread(Thread[Test worker,5,main])--commit transaction
[EL Finest]: connection: 2016-09-21 09:17:43.507--ServerSession(1151842404)--Connection(1198109257)--Thread(Thread[Test worker,5,main])--Connection released to connection pool [default].
[EL Finer]: transaction: 2016-09-21 09:17:43.507--UnitOfWork(1624068261)--Thread(Thread[Test worker,5,main])--end unit of work commit
[EL Finer]: transaction: 2016-09-21 09:17:43.507--UnitOfWork(1624068261)--Thread(Thread[Test worker,5,main])--resume unit of work
[EL Finer]: transaction: 2016-09-21 09:17:43.508--UnitOfWork(1624068261)--Thread(Thread[Test worker,5,main])--release unit of work
[EL Finer]: connection: 2016-09-21 09:17:43.508--ClientSession(721376168)--Thread(Thread[Test worker,5,main])--client released
[EL Finer]: connection: 2016-09-21 09:17:43.539--ServerSession(1151842404)--Thread(Thread[Test worker,5,main])--client acquired: 1042016472
[EL Finer]: transaction: 2016-09-21 09:17:43.539--ClientSession(1042016472)--Thread(Thread[Test worker,5,main])--acquire unit of work: 441703619
[EL Finest]: connection: 2016-09-21 09:17:43.539--ServerSession(1151842404)--Connection(2009240501)--Thread(Thread[Test worker,5,main])--Connection acquired from connection pool [default].
[EL Finer]: transaction: 2016-09-21 09:17:43.539--ClientSession(1042016472)--Connection(2009240501)--Thread(Thread[Test worker,5,main])--begin transaction
[EL Finest]: connection: 2016-09-21 09:17:43.539--ClientSession(1042016472)--Thread(Thread[Test worker,5,main])--reconnecting to external connection pool
Wed Sep 21 09:17:43 UTC 2016|Unknown Alarm = OEBLE314100100 Alarm Split = OEB-LE-3-1-4-100-100
[EL Finer]: transaction: 2016-09-21 09:17:43.541--UnitOfWork(441703619)--Thread(Thread[Test worker,5,main])--begin unit of work flush
[EL Finer]: transaction: 2016-09-21 09:17:43.541--UnitOfWork(441703619)--Thread(Thread[Test worker,5,main])--end unit of work flush
[EL Finest]: query: 2016-09-21 09:17:43.541--UnitOfWork(441703619)--Thread(Thread[Test worker,5,main])--Execute query ReadAllQuery(name="Village.findById" referenceClass=Village sql="SELECT villageId, countryId, districtId, regionId, stateId, talukaaId, versionId, villageCode, villageDescription, villageFlag, villageLatitude, villageLongtitude, villageName, createdBy, createdDate, updatedBy, updatedDate, activeStatus, txnAccessCode FROM Village WHERE ((activeStatus = ?) AND (villageId = ?))")
[EL Fine]: sql: 2016-09-21 09:17:43.542--ClientSession(1042016472)--Connection(1377437748)--Thread(Thread[Test worker,5,main])--SELECT villageId, countryId, districtId, regionId, stateId, talukaaId, versionId, villageCode, villageDescription, villageFlag, villageLatitude, villageLongtitude, villageName, createdBy, createdDate, updatedBy, updatedDate, activeStatus, txnAccessCode FROM Village WHERE ((activeStatus = ?) AND (villageId = ?))
	bind => [1, A39A33EC-99E0-4453-9DE7-4B3751CDFC57]
Wed Sep 21 09:17:43 UTC 2016|Unknown Alarm = OEBLE324100200 Alarm Split = OEB-LE-3-2-4-100-200
Wed Sep 21 09:17:43 UTC 2016|Unknown Alarm = OEBLE317100100 Alarm Split = OEB-LE-3-1-7-100-100
[EL Finer]: transaction: 2016-09-21 09:17:43.544--UnitOfWork(441703619)--Thread(Thread[Test worker,5,main])--begin unit of work commit
[EL Finer]: transaction: 2016-09-21 09:17:43.544--ClientSession(1042016472)--Connection(1377437748)--Thread(Thread[Test worker,5,main])--commit transaction
[EL Finest]: connection: 2016-09-21 09:17:43.545--ServerSession(1151842404)--Connection(2009240501)--Thread(Thread[Test worker,5,main])--Connection released to connection pool [default].
[EL Finer]: transaction: 2016-09-21 09:17:43.545--UnitOfWork(441703619)--Thread(Thread[Test worker,5,main])--end unit of work commit
[EL Finer]: transaction: 2016-09-21 09:17:43.545--UnitOfWork(441703619)--Thread(Thread[Test worker,5,main])--resume unit of work
[EL Finer]: transaction: 2016-09-21 09:17:43.545--UnitOfWork(441703619)--Thread(Thread[Test worker,5,main])--release unit of work
[EL Finer]: connection: 2016-09-21 09:17:43.545--ClientSession(1042016472)--Thread(Thread[Test worker,5,main])--client released
[EL Finer]: connection: 2016-09-21 09:17:43.546--ServerSession(1151842404)--Thread(Thread[Test worker,5,main])--client acquired: 1409462113
[EL Finer]: transaction: 2016-09-21 09:17:43.546--ClientSession(1409462113)--Thread(Thread[Test worker,5,main])--acquire unit of work: 2085106781
[EL Finest]: connection: 2016-09-21 09:17:43.546--ServerSession(1151842404)--Connection(1751516521)--Thread(Thread[Test worker,5,main])--Connection acquired from connection pool [default].
[EL Finer]: transaction: 2016-09-21 09:17:43.546--ClientSession(1409462113)--Connection(1751516521)--Thread(Thread[Test worker,5,main])--begin transaction
[EL Finest]: connection: 2016-09-21 09:17:43.546--ClientSession(1409462113)--Thread(Thread[Test worker,5,main])--reconnecting to external connection pool
Wed Sep 21 09:17:43 UTC 2016|Unknown Alarm = OEBLE311100100 Alarm Split = OEB-LE-3-1-1-100-100
[EL Finest]: transaction: 2016-09-21 09:17:43.552--UnitOfWork(2085106781)--Thread(Thread[Test worker,5,main])--Merge clone with references fkGChyBidFz2quJnQ9jrb6KDbrodfXVng9DLutlnwvRlPJNo6h,7pIbIz5dFtAFv3yDSrcLnqsPbcU9Qg7B
[EL Finest]: query: 2016-09-21 09:17:43.552--UnitOfWork(2085106781)--Thread(Thread[Test worker,5,main])--Execute query ReadObjectQuery(referenceClass=Village )
[EL Fine]: sql: 2016-09-21 09:17:43.553--ClientSession(1409462113)--Connection(1725355630)--Thread(Thread[Test worker,5,main])--SELECT villageId, countryId, districtId, regionId, stateId, talukaaId, versionId, villageCode, villageDescription, villageFlag, villageLatitude, villageLongtitude, villageName, createdBy, createdDate, updatedBy, updatedDate, activeStatus, txnAccessCode FROM Village WHERE (villageId = ?)
	bind => [A39A33EC-99E0-4453-9DE7-4B3751CDFC57]
Wed Sep 21 09:17:43 UTC 2016|Unknown Alarm = OEBLE321100200 Alarm Split = OEB-LE-3-2-1-100-200
Wed Sep 21 09:17:43 UTC 2016|Unknown Alarm = OEBLE317100100 Alarm Split = OEB-LE-3-1-7-100-100
[EL Finer]: transaction: 2016-09-21 09:17:43.555--UnitOfWork(2085106781)--Thread(Thread[Test worker,5,main])--begin unit of work commit
[EL Finest]: query: 2016-09-21 09:17:43.555--UnitOfWork(2085106781)--Thread(Thread[Test worker,5,main])--Execute query UpdateObjectQuery(fkGChyBidFz2quJnQ9jrb6KDbrodfXVng9DLutlnwvRlPJNo6h,7pIbIz5dFtAFv3yDSrcLnqsPbcU9Qg7B)
[EL Fine]: sql: 2016-09-21 09:17:43.556--ClientSession(1409462113)--Connection(1725355630)--Thread(Thread[Test worker,5,main])--UPDATE Village SET villageCode = ?, villageDescription = ?, villageFlag = ?, villageLatitude = ?, villageLongtitude = ?, villageName = ?, versionId = ? WHERE ((villageId = ?) AND (versionId = ?))
	bind => [7pIbIz5dFtAFv3yDSrcLnqsPbcU9Qg7B, wmdpBe3lBc0vgcSipWEdTdiE87X4NXfJfwRYV3iUJIla7WgvLc, 6qB5hBrwt57IkEVinhGEmNVafIz6naUOn5tfWNt7XYuFZMbWhS, FkB0lW2eYeV, 10, fkGChyBidFz2quJnQ9jrb6KDbrodfXVng9DLutlnwvRlPJNo6h, 2, A39A33EC-99E0-4453-9DE7-4B3751CDFC57, 1]
[EL Finer]: transaction: 2016-09-21 09:17:43.557--ClientSession(1409462113)--Connection(1725355630)--Thread(Thread[Test worker,5,main])--commit transaction
[EL Finest]: connection: 2016-09-21 09:17:43.631--ServerSession(1151842404)--Connection(1751516521)--Thread(Thread[Test worker,5,main])--Connection released to connection pool [default].
[EL Finer]: transaction: 2016-09-21 09:17:43.632--UnitOfWork(2085106781)--Thread(Thread[Test worker,5,main])--end unit of work commit
[EL Finer]: transaction: 2016-09-21 09:17:43.632--UnitOfWork(2085106781)--Thread(Thread[Test worker,5,main])--resume unit of work
[EL Finer]: transaction: 2016-09-21 09:17:43.632--UnitOfWork(2085106781)--Thread(Thread[Test worker,5,main])--release unit of work
[EL Finer]: connection: 2016-09-21 09:17:43.632--ClientSession(1409462113)--Thread(Thread[Test worker,5,main])--client released
[EL Finer]: connection: 2016-09-21 09:17:43.667--ServerSession(1151842404)--Thread(Thread[Test worker,5,main])--client acquired: 1485048268
[EL Finer]: transaction: 2016-09-21 09:17:43.668--ClientSession(1485048268)--Thread(Thread[Test worker,5,main])--acquire unit of work: 1151294842
[EL Finest]: connection: 2016-09-21 09:17:43.668--ServerSession(1151842404)--Connection(984750024)--Thread(Thread[Test worker,5,main])--Connection acquired from connection pool [default].
[EL Finer]: transaction: 2016-09-21 09:17:43.668--ClientSession(1485048268)--Connection(984750024)--Thread(Thread[Test worker,5,main])--begin transaction
[EL Finest]: connection: 2016-09-21 09:17:43.668--ClientSession(1485048268)--Thread(Thread[Test worker,5,main])--reconnecting to external connection pool
Wed Sep 21 09:17:43 UTC 2016|Unknown Alarm = OEBLE314100100 Alarm Split = OEB-LE-3-1-4-100-100
[EL Finer]: transaction: 2016-09-21 09:17:43.67--UnitOfWork(1151294842)--Thread(Thread[Test worker,5,main])--begin unit of work flush
[EL Finer]: transaction: 2016-09-21 09:17:43.67--UnitOfWork(1151294842)--Thread(Thread[Test worker,5,main])--end unit of work flush
[EL Finest]: query: 2016-09-21 09:17:43.67--UnitOfWork(1151294842)--Thread(Thread[Test worker,5,main])--Execute query ReadAllQuery(name="Village.findById" referenceClass=Village sql="SELECT villageId, countryId, districtId, regionId, stateId, talukaaId, versionId, villageCode, villageDescription, villageFlag, villageLatitude, villageLongtitude, villageName, createdBy, createdDate, updatedBy, updatedDate, activeStatus, txnAccessCode FROM Village WHERE ((activeStatus = ?) AND (villageId = ?))")
[EL Fine]: sql: 2016-09-21 09:17:43.67--ClientSession(1485048268)--Connection(66335496)--Thread(Thread[Test worker,5,main])--SELECT villageId, countryId, districtId, regionId, stateId, talukaaId, versionId, villageCode, villageDescription, villageFlag, villageLatitude, villageLongtitude, villageName, createdBy, createdDate, updatedBy, updatedDate, activeStatus, txnAccessCode FROM Village WHERE ((activeStatus = ?) AND (villageId = ?))
	bind => [1, A39A33EC-99E0-4453-9DE7-4B3751CDFC57]
Wed Sep 21 09:17:43 UTC 2016|Unknown Alarm = OEBLE324100200 Alarm Split = OEB-LE-3-2-4-100-200
Wed Sep 21 09:17:43 UTC 2016|Unknown Alarm = OEBLE317100100 Alarm Split = OEB-LE-3-1-7-100-100
[EL Finer]: transaction: 2016-09-21 09:17:43.673--UnitOfWork(1151294842)--Thread(Thread[Test worker,5,main])--begin unit of work commit
[EL Finer]: transaction: 2016-09-21 09:17:43.674--ClientSession(1485048268)--Connection(66335496)--Thread(Thread[Test worker,5,main])--commit transaction
[EL Finest]: connection: 2016-09-21 09:17:43.675--ServerSession(1151842404)--Connection(984750024)--Thread(Thread[Test worker,5,main])--Connection released to connection pool [default].
[EL Finer]: transaction: 2016-09-21 09:17:43.675--UnitOfWork(1151294842)--Thread(Thread[Test worker,5,main])--end unit of work commit
[EL Finer]: transaction: 2016-09-21 09:17:43.675--UnitOfWork(1151294842)--Thread(Thread[Test worker,5,main])--resume unit of work
[EL Finer]: transaction: 2016-09-21 09:17:43.675--UnitOfWork(1151294842)--Thread(Thread[Test worker,5,main])--release unit of work
[EL Finer]: connection: 2016-09-21 09:17:43.675--ClientSession(1485048268)--Thread(Thread[Test worker,5,main])--client released
[EL Finer]: connection: 2016-09-21 09:17:43.705--ServerSession(1151842404)--Thread(Thread[Test worker,5,main])--client acquired: 213902206
[EL Finer]: transaction: 2016-09-21 09:17:43.706--ClientSession(213902206)--Thread(Thread[Test worker,5,main])--acquire unit of work: 166751164
[EL Finest]: connection: 2016-09-21 09:17:43.706--ServerSession(1151842404)--Connection(120654013)--Thread(Thread[Test worker,5,main])--Connection acquired from connection pool [default].
[EL Finer]: transaction: 2016-09-21 09:17:43.706--ClientSession(213902206)--Connection(120654013)--Thread(Thread[Test worker,5,main])--begin transaction
[EL Finest]: connection: 2016-09-21 09:17:43.706--ClientSession(213902206)--Thread(Thread[Test worker,5,main])--reconnecting to external connection pool
Wed Sep 21 09:17:43 UTC 2016|Unknown Alarm = OEBLE314100100 Alarm Split = OEB-LE-3-1-4-100-100
[EL Finer]: transaction: 2016-09-21 09:17:43.708--UnitOfWork(166751164)--Thread(Thread[Test worker,5,main])--begin unit of work flush
[EL Finer]: transaction: 2016-09-21 09:17:43.708--UnitOfWork(166751164)--Thread(Thread[Test worker,5,main])--end unit of work flush
[EL Finest]: query: 2016-09-21 09:17:43.708--UnitOfWork(166751164)--Thread(Thread[Test worker,5,main])--Execute query ReadAllQuery(name="Village.findByCountryId" referenceClass=Village sql="SELECT villageId, countryId, districtId, regionId, stateId, talukaaId, versionId, villageCode, villageDescription, villageFlag, villageLatitude, villageLongtitude, villageName, createdBy, createdDate, updatedBy, updatedDate, activeStatus, txnAccessCode FROM Village WHERE ((activeStatus = ?) AND (countryId = ?))")
[EL Fine]: sql: 2016-09-21 09:17:43.709--ClientSession(213902206)--Connection(1520203302)--Thread(Thread[Test worker,5,main])--SELECT villageId, countryId, districtId, regionId, stateId, talukaaId, versionId, villageCode, villageDescription, villageFlag, villageLatitude, villageLongtitude, villageName, createdBy, createdDate, updatedBy, updatedDate, activeStatus, txnAccessCode FROM Village WHERE ((activeStatus = ?) AND (countryId = ?))
	bind => [1, 0F0364A5-99D0-42DE-850A-E42DDCD60566]
Wed Sep 21 09:17:43 UTC 2016|Unknown Alarm = OEBLE324100200 Alarm Split = OEB-LE-3-2-4-100-200
Wed Sep 21 09:17:43 UTC 2016|Unknown Alarm = OEBLE317100100 Alarm Split = OEB-LE-3-1-7-100-100
[EL Finer]: transaction: 2016-09-21 09:17:43.711--UnitOfWork(166751164)--Thread(Thread[Test worker,5,main])--begin unit of work commit
[EL Finer]: transaction: 2016-09-21 09:17:43.715--ClientSession(213902206)--Connection(1520203302)--Thread(Thread[Test worker,5,main])--commit transaction
[EL Finest]: connection: 2016-09-21 09:17:43.716--ServerSession(1151842404)--Connection(120654013)--Thread(Thread[Test worker,5,main])--Connection released to connection pool [default].
[EL Finer]: transaction: 2016-09-21 09:17:43.716--UnitOfWork(166751164)--Thread(Thread[Test worker,5,main])--end unit of work commit
[EL Finer]: transaction: 2016-09-21 09:17:43.716--UnitOfWork(166751164)--Thread(Thread[Test worker,5,main])--resume unit of work
[EL Finer]: transaction: 2016-09-21 09:17:43.716--UnitOfWork(166751164)--Thread(Thread[Test worker,5,main])--release unit of work
[EL Finer]: connection: 2016-09-21 09:17:43.716--ClientSession(213902206)--Thread(Thread[Test worker,5,main])--client released
[EL Finer]: connection: 2016-09-21 09:17:43.743--ServerSession(1151842404)--Thread(Thread[Test worker,5,main])--client acquired: 268448636
[EL Finer]: transaction: 2016-09-21 09:17:43.743--ClientSession(268448636)--Thread(Thread[Test worker,5,main])--acquire unit of work: 2100566552
[EL Finest]: connection: 2016-09-21 09:17:43.743--ServerSession(1151842404)--Connection(1738366431)--Thread(Thread[Test worker,5,main])--Connection acquired from connection pool [default].
[EL Finer]: transaction: 2016-09-21 09:17:43.744--ClientSession(268448636)--Connection(1738366431)--Thread(Thread[Test worker,5,main])--begin transaction
[EL Finest]: connection: 2016-09-21 09:17:43.744--ClientSession(268448636)--Thread(Thread[Test worker,5,main])--reconnecting to external connection pool
Wed Sep 21 09:17:43 UTC 2016|Unknown Alarm = OEBLE314100100 Alarm Split = OEB-LE-3-1-4-100-100
[EL Finer]: transaction: 2016-09-21 09:17:43.746--UnitOfWork(2100566552)--Thread(Thread[Test worker,5,main])--begin unit of work flush
[EL Finer]: transaction: 2016-09-21 09:17:43.746--UnitOfWork(2100566552)--Thread(Thread[Test worker,5,main])--end unit of work flush
[EL Finest]: query: 2016-09-21 09:17:43.746--UnitOfWork(2100566552)--Thread(Thread[Test worker,5,main])--Execute query ReadAllQuery(name="Village.findByDistrictId" referenceClass=Village sql="SELECT villageId, countryId, districtId, regionId, stateId, talukaaId, versionId, villageCode, villageDescription, villageFlag, villageLatitude, villageLongtitude, villageName, createdBy, createdDate, updatedBy, updatedDate, activeStatus, txnAccessCode FROM Village WHERE ((activeStatus = ?) AND (districtId = ?))")
[EL Fine]: sql: 2016-09-21 09:17:43.746--ClientSession(268448636)--Connection(12954891)--Thread(Thread[Test worker,5,main])--SELECT villageId, countryId, districtId, regionId, stateId, talukaaId, versionId, villageCode, villageDescription, villageFlag, villageLatitude, villageLongtitude, villageName, createdBy, createdDate, updatedBy, updatedDate, activeStatus, txnAccessCode FROM Village WHERE ((activeStatus = ?) AND (districtId = ?))
	bind => [1, 55B14C09-7BCD-4B8B-8348-846641112E27]
Wed Sep 21 09:17:43 UTC 2016|Unknown Alarm = OEBLE324100200 Alarm Split = OEB-LE-3-2-4-100-200
Wed Sep 21 09:17:43 UTC 2016|Unknown Alarm = OEBLE317100100 Alarm Split = OEB-LE-3-1-7-100-100
[EL Finer]: transaction: 2016-09-21 09:17:43.748--UnitOfWork(2100566552)--Thread(Thread[Test worker,5,main])--begin unit of work commit
[EL Finer]: transaction: 2016-09-21 09:17:43.749--ClientSession(268448636)--Connection(12954891)--Thread(Thread[Test worker,5,main])--commit transaction
[EL Finest]: connection: 2016-09-21 09:17:43.753--ServerSession(1151842404)--Connection(1738366431)--Thread(Thread[Test worker,5,main])--Connection released to connection pool [default].
[EL Finer]: transaction: 2016-09-21 09:17:43.753--UnitOfWork(2100566552)--Thread(Thread[Test worker,5,main])--end unit of work commit
[EL Finer]: transaction: 2016-09-21 09:17:43.754--UnitOfWork(2100566552)--Thread(Thread[Test worker,5,main])--resume unit of work
[EL Finer]: transaction: 2016-09-21 09:17:43.754--UnitOfWork(2100566552)--Thread(Thread[Test worker,5,main])--release unit of work
[EL Finer]: connection: 2016-09-21 09:17:43.754--ClientSession(268448636)--Thread(Thread[Test worker,5,main])--client released
[EL Finer]: connection: 2016-09-21 09:17:43.782--ServerSession(1151842404)--Thread(Thread[Test worker,5,main])--client acquired: 1983251003
[EL Finer]: transaction: 2016-09-21 09:17:43.782--ClientSession(1983251003)--Thread(Thread[Test worker,5,main])--acquire unit of work: 1405922334
[EL Finest]: connection: 2016-09-21 09:17:43.782--ServerSession(1151842404)--Connection(574099597)--Thread(Thread[Test worker,5,main])--Connection acquired from connection pool [default].
[EL Finer]: transaction: 2016-09-21 09:17:43.782--ClientSession(1983251003)--Connection(574099597)--Thread(Thread[Test worker,5,main])--begin transaction
[EL Finest]: connection: 2016-09-21 09:17:43.783--ClientSession(1983251003)--Thread(Thread[Test worker,5,main])--reconnecting to external connection pool
Wed Sep 21 09:17:43 UTC 2016|Unknown Alarm = OEBLE314100100 Alarm Split = OEB-LE-3-1-4-100-100
[EL Finer]: transaction: 2016-09-21 09:17:43.785--UnitOfWork(1405922334)--Thread(Thread[Test worker,5,main])--begin unit of work flush
[EL Finer]: transaction: 2016-09-21 09:17:43.785--UnitOfWork(1405922334)--Thread(Thread[Test worker,5,main])--end unit of work flush
[EL Finest]: query: 2016-09-21 09:17:43.785--UnitOfWork(1405922334)--Thread(Thread[Test worker,5,main])--Execute query ReadAllQuery(name="Village.findByRegionId" referenceClass=Village sql="SELECT villageId, countryId, districtId, regionId, stateId, talukaaId, versionId, villageCode, villageDescription, villageFlag, villageLatitude, villageLongtitude, villageName, createdBy, createdDate, updatedBy, updatedDate, activeStatus, txnAccessCode FROM Village WHERE ((activeStatus = ?) AND (regionId = ?))")
[EL Fine]: sql: 2016-09-21 09:17:43.785--ClientSession(1983251003)--Connection(1888528842)--Thread(Thread[Test worker,5,main])--SELECT villageId, countryId, districtId, regionId, stateId, talukaaId, versionId, villageCode, villageDescription, villageFlag, villageLatitude, villageLongtitude, villageName, createdBy, createdDate, updatedBy, updatedDate, activeStatus, txnAccessCode FROM Village WHERE ((activeStatus = ?) AND (regionId = ?))
	bind => [1, 9B8BE7B9-9DF4-44F8-A7F6-BA564F071013]
Wed Sep 21 09:17:43 UTC 2016|Unknown Alarm = OEBLE324100200 Alarm Split = OEB-LE-3-2-4-100-200
Wed Sep 21 09:17:43 UTC 2016|Unknown Alarm = OEBLE317100100 Alarm Split = OEB-LE-3-1-7-100-100
[EL Finer]: transaction: 2016-09-21 09:17:43.788--UnitOfWork(1405922334)--Thread(Thread[Test worker,5,main])--begin unit of work commit
[EL Finer]: transaction: 2016-09-21 09:17:43.789--ClientSession(1983251003)--Connection(1888528842)--Thread(Thread[Test worker,5,main])--commit transaction
[EL Finest]: connection: 2016-09-21 09:17:43.789--ServerSession(1151842404)--Connection(574099597)--Thread(Thread[Test worker,5,main])--Connection released to connection pool [default].
[EL Finer]: transaction: 2016-09-21 09:17:43.789--UnitOfWork(1405922334)--Thread(Thread[Test worker,5,main])--end unit of work commit
[EL Finer]: transaction: 2016-09-21 09:17:43.79--UnitOfWork(1405922334)--Thread(Thread[Test worker,5,main])--resume unit of work
[EL Finer]: transaction: 2016-09-21 09:17:43.79--UnitOfWork(1405922334)--Thread(Thread[Test worker,5,main])--release unit of work
[EL Finer]: connection: 2016-09-21 09:17:43.79--ClientSession(1983251003)--Thread(Thread[Test worker,5,main])--client released
[EL Finer]: connection: 2016-09-21 09:17:43.815--ServerSession(1151842404)--Thread(Thread[Test worker,5,main])--client acquired: 1559998002
[EL Finer]: transaction: 2016-09-21 09:17:43.815--ClientSession(1559998002)--Thread(Thread[Test worker,5,main])--acquire unit of work: 258573391
[EL Finest]: connection: 2016-09-21 09:17:43.815--ServerSession(1151842404)--Connection(1483564656)--Thread(Thread[Test worker,5,main])--Connection acquired from connection pool [default].
[EL Finer]: transaction: 2016-09-21 09:17:43.815--ClientSession(1559998002)--Connection(1483564656)--Thread(Thread[Test worker,5,main])--begin transaction
[EL Finest]: connection: 2016-09-21 09:17:43.815--ClientSession(1559998002)--Thread(Thread[Test worker,5,main])--reconnecting to external connection pool
Wed Sep 21 09:17:43 UTC 2016|Unknown Alarm = OEBLE314100100 Alarm Split = OEB-LE-3-1-4-100-100
[EL Finer]: transaction: 2016-09-21 09:17:43.817--UnitOfWork(258573391)--Thread(Thread[Test worker,5,main])--begin unit of work flush
[EL Finer]: transaction: 2016-09-21 09:17:43.817--UnitOfWork(258573391)--Thread(Thread[Test worker,5,main])--end unit of work flush
[EL Finest]: query: 2016-09-21 09:17:43.817--UnitOfWork(258573391)--Thread(Thread[Test worker,5,main])--Execute query ReadAllQuery(name="Village.findByStateId" referenceClass=Village sql="SELECT villageId, countryId, districtId, regionId, stateId, talukaaId, versionId, villageCode, villageDescription, villageFlag, villageLatitude, villageLongtitude, villageName, createdBy, createdDate, updatedBy, updatedDate, activeStatus, txnAccessCode FROM Village WHERE ((activeStatus = ?) AND (stateId = ?))")
[EL Fine]: sql: 2016-09-21 09:17:43.818--ClientSession(1559998002)--Connection(746815403)--Thread(Thread[Test worker,5,main])--SELECT villageId, countryId, districtId, regionId, stateId, talukaaId, versionId, villageCode, villageDescription, villageFlag, villageLatitude, villageLongtitude, villageName, createdBy, createdDate, updatedBy, updatedDate, activeStatus, txnAccessCode FROM Village WHERE ((activeStatus = ?) AND (stateId = ?))
	bind => [1, C746CF85-EA1C-48C5-9AB7-035D738576EF]
Wed Sep 21 09:17:43 UTC 2016|Unknown Alarm = OEBLE324100200 Alarm Split = OEB-LE-3-2-4-100-200
Wed Sep 21 09:17:43 UTC 2016|Unknown Alarm = OEBLE317100100 Alarm Split = OEB-LE-3-1-7-100-100
[EL Finer]: transaction: 2016-09-21 09:17:43.821--UnitOfWork(258573391)--Thread(Thread[Test worker,5,main])--begin unit of work commit
[EL Finer]: transaction: 2016-09-21 09:17:43.821--ClientSession(1559998002)--Connection(746815403)--Thread(Thread[Test worker,5,main])--commit transaction
[EL Finest]: connection: 2016-09-21 09:17:43.821--ServerSession(1151842404)--Connection(1483564656)--Thread(Thread[Test worker,5,main])--Connection released to connection pool [default].
[EL Finer]: transaction: 2016-09-21 09:17:43.822--UnitOfWork(258573391)--Thread(Thread[Test worker,5,main])--end unit of work commit
[EL Finer]: transaction: 2016-09-21 09:17:43.822--UnitOfWork(258573391)--Thread(Thread[Test worker,5,main])--resume unit of work
[EL Finer]: transaction: 2016-09-21 09:17:43.822--UnitOfWork(258573391)--Thread(Thread[Test worker,5,main])--release unit of work
[EL Finer]: connection: 2016-09-21 09:17:43.822--ClientSession(1559998002)--Thread(Thread[Test worker,5,main])--client released
[EL Finer]: connection: 2016-09-21 09:17:43.847--ServerSession(1151842404)--Thread(Thread[Test worker,5,main])--client acquired: 80846559
[EL Finer]: transaction: 2016-09-21 09:17:43.847--ClientSession(80846559)--Thread(Thread[Test worker,5,main])--acquire unit of work: 1578452209
[EL Finest]: connection: 2016-09-21 09:17:43.847--ServerSession(1151842404)--Connection(1180785272)--Thread(Thread[Test worker,5,main])--Connection acquired from connection pool [default].
[EL Finer]: transaction: 2016-09-21 09:17:43.847--ClientSession(80846559)--Connection(1180785272)--Thread(Thread[Test worker,5,main])--begin transaction
[EL Finest]: connection: 2016-09-21 09:17:43.848--ClientSession(80846559)--Thread(Thread[Test worker,5,main])--reconnecting to external connection pool
Wed Sep 21 09:17:43 UTC 2016|Unknown Alarm = OEBLE314100100 Alarm Split = OEB-LE-3-1-4-100-100
[EL Finer]: transaction: 2016-09-21 09:17:43.85--UnitOfWork(1578452209)--Thread(Thread[Test worker,5,main])--begin unit of work flush
[EL Finer]: transaction: 2016-09-21 09:17:43.85--UnitOfWork(1578452209)--Thread(Thread[Test worker,5,main])--end unit of work flush
[EL Finest]: query: 2016-09-21 09:17:43.85--UnitOfWork(1578452209)--Thread(Thread[Test worker,5,main])--Execute query ReadAllQuery(name="Village.findByTalukaaId" referenceClass=Village sql="SELECT villageId, countryId, districtId, regionId, stateId, talukaaId, versionId, villageCode, villageDescription, villageFlag, villageLatitude, villageLongtitude, villageName, createdBy, createdDate, updatedBy, updatedDate, activeStatus, txnAccessCode FROM Village WHERE ((activeStatus = ?) AND (talukaaId = ?))")
[EL Fine]: sql: 2016-09-21 09:17:43.85--ClientSession(80846559)--Connection(2003135438)--Thread(Thread[Test worker,5,main])--SELECT villageId, countryId, districtId, regionId, stateId, talukaaId, versionId, villageCode, villageDescription, villageFlag, villageLatitude, villageLongtitude, villageName, createdBy, createdDate, updatedBy, updatedDate, activeStatus, txnAccessCode FROM Village WHERE ((activeStatus = ?) AND (talukaaId = ?))
	bind => [1, 0AE66434-61E4-4A25-9800-721067696E77]
Wed Sep 21 09:17:43 UTC 2016|Unknown Alarm = OEBLE324100200 Alarm Split = OEB-LE-3-2-4-100-200
Wed Sep 21 09:17:43 UTC 2016|Unknown Alarm = OEBLE317100100 Alarm Split = OEB-LE-3-1-7-100-100
[EL Finer]: transaction: 2016-09-21 09:17:43.853--UnitOfWork(1578452209)--Thread(Thread[Test worker,5,main])--begin unit of work commit
[EL Finer]: transaction: 2016-09-21 09:17:43.853--ClientSession(80846559)--Connection(2003135438)--Thread(Thread[Test worker,5,main])--commit transaction
[EL Finest]: connection: 2016-09-21 09:17:43.854--ServerSession(1151842404)--Connection(1180785272)--Thread(Thread[Test worker,5,main])--Connection released to connection pool [default].
[EL Finer]: transaction: 2016-09-21 09:17:43.854--UnitOfWork(1578452209)--Thread(Thread[Test worker,5,main])--end unit of work commit
[EL Finer]: transaction: 2016-09-21 09:17:43.854--UnitOfWork(1578452209)--Thread(Thread[Test worker,5,main])--resume unit of work
[EL Finer]: transaction: 2016-09-21 09:17:43.854--UnitOfWork(1578452209)--Thread(Thread[Test worker,5,main])--release unit of work
[EL Finer]: connection: 2016-09-21 09:17:43.854--ClientSession(80846559)--Thread(Thread[Test worker,5,main])--client released
[EL Finer]: connection: 2016-09-21 09:17:43.94--ServerSession(1151842404)--Thread(Thread[Test worker,5,main])--client acquired: 1910261981
[EL Finer]: transaction: 2016-09-21 09:17:43.94--ClientSession(1910261981)--Thread(Thread[Test worker,5,main])--acquire unit of work: 892592017
[EL Finest]: connection: 2016-09-21 09:17:43.94--ServerSession(1151842404)--Connection(1620755424)--Thread(Thread[Test worker,5,main])--Connection acquired from connection pool [default].
[EL Finer]: transaction: 2016-09-21 09:17:43.94--ClientSession(1910261981)--Connection(1620755424)--Thread(Thread[Test worker,5,main])--begin transaction
[EL Finest]: connection: 2016-09-21 09:17:43.94--ClientSession(1910261981)--Thread(Thread[Test worker,5,main])--reconnecting to external connection pool
Wed Sep 21 09:17:43 UTC 2016|Unknown Alarm = OEBLE318100100 Alarm Split = OEB-LE-3-1-8-100-100
[EL Finest]: query: 2016-09-21 09:17:43.941--UnitOfWork(892592017)--Thread(Thread[Test worker,5,main])--Execute query ReadObjectQuery(name="readVillage" referenceClass=Village sql="SELECT villageId, countryId, districtId, regionId, stateId, talukaaId, versionId, villageCode, villageDescription, villageFlag, villageLatitude, villageLongtitude, villageName, createdBy, createdDate, updatedBy, updatedDate, activeStatus, txnAccessCode FROM Village WHERE (villageId = ?)")
[EL Fine]: sql: 2016-09-21 09:17:43.941--ClientSession(1910261981)--Connection(1275604375)--Thread(Thread[Test worker,5,main])--SELECT villageId, countryId, districtId, regionId, stateId, talukaaId, versionId, villageCode, villageDescription, villageFlag, villageLatitude, villageLongtitude, villageName, createdBy, createdDate, updatedBy, updatedDate, activeStatus, txnAccessCode FROM Village WHERE (villageId = ?)
	bind => [A39A33EC-99E0-4453-9DE7-4B3751CDFC57]
[EL Finest]: transaction: 2016-09-21 09:17:43.943--UnitOfWork(892592017)--Thread(Thread[Test worker,5,main])--remove() operation called on: fkGChyBidFz2quJnQ9jrb6KDbrodfXVng9DLutlnwvRlPJNo6h,7pIbIz5dFtAFv3yDSrcLnqsPbcU9Qg7B
Wed Sep 21 09:17:43 UTC 2016|Unknown Alarm = OEBLE328100200 Alarm Split = OEB-LE-3-2-8-100-200
Wed Sep 21 09:17:43 UTC 2016|Unknown Alarm = OEBLE317100100 Alarm Split = OEB-LE-3-1-7-100-100
[EL Finer]: transaction: 2016-09-21 09:17:43.943--UnitOfWork(892592017)--Thread(Thread[Test worker,5,main])--begin unit of work commit
[EL Finest]: query: 2016-09-21 09:17:43.944--UnitOfWork(892592017)--Thread(Thread[Test worker,5,main])--Execute query DoesExistQuery(referenceClass=Village )
[EL Finest]: query: 2016-09-21 09:17:43.944--UnitOfWork(892592017)--Thread(Thread[Test worker,5,main])--Execute query DeleteObjectQuery(fkGChyBidFz2quJnQ9jrb6KDbrodfXVng9DLutlnwvRlPJNo6h,7pIbIz5dFtAFv3yDSrcLnqsPbcU9Qg7B)
[EL Fine]: sql: 2016-09-21 09:17:43.944--ClientSession(1910261981)--Connection(1275604375)--Thread(Thread[Test worker,5,main])--DELETE FROM Village WHERE ((villageId = ?) AND (versionId = ?))
	bind => [A39A33EC-99E0-4453-9DE7-4B3751CDFC57, 2]
[EL Finer]: transaction: 2016-09-21 09:17:43.945--ClientSession(1910261981)--Connection(1275604375)--Thread(Thread[Test worker,5,main])--commit transaction
[EL Finest]: connection: 2016-09-21 09:17:44.189--ServerSession(1151842404)--Connection(1620755424)--Thread(Thread[Test worker,5,main])--Connection released to connection pool [default].
[EL Finer]: transaction: 2016-09-21 09:17:44.189--UnitOfWork(892592017)--Thread(Thread[Test worker,5,main])--end unit of work commit
[EL Finer]: transaction: 2016-09-21 09:17:44.189--UnitOfWork(892592017)--Thread(Thread[Test worker,5,main])--resume unit of work
[EL Finer]: transaction: 2016-09-21 09:17:44.19--UnitOfWork(892592017)--Thread(Thread[Test worker,5,main])--release unit of work
[EL Finer]: connection: 2016-09-21 09:17:44.19--ClientSession(1910261981)--Thread(Thread[Test worker,5,main])--client released
[EL Finer]: connection: 2016-09-21 09:17:44.218--ServerSession(1151842404)--Thread(Thread[Test worker,5,main])--client acquired: 1197114060
[EL Finer]: transaction: 2016-09-21 09:17:44.219--ClientSession(1197114060)--Thread(Thread[Test worker,5,main])--acquire unit of work: 121717677
[EL Finest]: connection: 2016-09-21 09:17:44.219--ServerSession(1151842404)--Connection(1304565395)--Thread(Thread[Test worker,5,main])--Connection acquired from connection pool [default].
[EL Finer]: transaction: 2016-09-21 09:17:44.219--ClientSession(1197114060)--Connection(1304565395)--Thread(Thread[Test worker,5,main])--begin transaction
[EL Finest]: connection: 2016-09-21 09:17:44.219--ClientSession(1197114060)--Thread(Thread[Test worker,5,main])--reconnecting to external connection pool
Wed Sep 21 09:17:44 UTC 2016|Unknown Alarm = OEBLE318100100 Alarm Split = OEB-LE-3-1-8-100-100
[EL Finest]: query: 2016-09-21 09:17:44.221--UnitOfWork(121717677)--Thread(Thread[Test worker,5,main])--Execute query ReadObjectQuery(name="readTaluka" referenceClass=Taluka sql="SELECT talukaId, countryId, districtId, regionId, stateId, talukaCode, talukaDescription, talukaFlag, talukaLatitude, talukaLongitude, talukaName, versionId, createdBy, createdDate, updatedBy, updatedDate, activeStatus, txnAccessCode FROM Taluka WHERE (talukaId = ?)")
[EL Fine]: sql: 2016-09-21 09:17:44.222--ClientSession(1197114060)--Connection(718278514)--Thread(Thread[Test worker,5,main])--SELECT talukaId, countryId, districtId, regionId, stateId, talukaCode, talukaDescription, talukaFlag, talukaLatitude, talukaLongitude, talukaName, versionId, createdBy, createdDate, updatedBy, updatedDate, activeStatus, txnAccessCode FROM Taluka WHERE (talukaId = ?)
	bind => [0AE66434-61E4-4A25-9800-721067696E77]
[EL Finest]: transaction: 2016-09-21 09:17:44.224--UnitOfWork(121717677)--Thread(Thread[Test worker,5,main])--remove() operation called on: gbz8GFFFqcDXYGzlcMn9IGGMbR24GImvZNk3xosWzgrCNTwNpX,1cb3FpX81a9Xj4kJG6kIYVy2cIiZsQDj
Wed Sep 21 09:17:44 UTC 2016|Unknown Alarm = OEBLE328100200 Alarm Split = OEB-LE-3-2-8-100-200
Wed Sep 21 09:17:44 UTC 2016|Unknown Alarm = OEBLE317100100 Alarm Split = OEB-LE-3-1-7-100-100
[EL Finer]: transaction: 2016-09-21 09:17:44.225--UnitOfWork(121717677)--Thread(Thread[Test worker,5,main])--begin unit of work commit
[EL Finest]: query: 2016-09-21 09:17:44.226--UnitOfWork(121717677)--Thread(Thread[Test worker,5,main])--Execute query DoesExistQuery(referenceClass=Taluka )
[EL Finest]: query: 2016-09-21 09:17:44.226--UnitOfWork(121717677)--Thread(Thread[Test worker,5,main])--Execute query DeleteObjectQuery(gbz8GFFFqcDXYGzlcMn9IGGMbR24GImvZNk3xosWzgrCNTwNpX,1cb3FpX81a9Xj4kJG6kIYVy2cIiZsQDj)
[EL Fine]: sql: 2016-09-21 09:17:44.227--ClientSession(1197114060)--Connection(718278514)--Thread(Thread[Test worker,5,main])--DELETE FROM Taluka WHERE ((talukaId = ?) AND (versionId = ?))
	bind => [0AE66434-61E4-4A25-9800-721067696E77, 1]
[EL Finer]: transaction: 2016-09-21 09:17:44.228--ClientSession(1197114060)--Connection(718278514)--Thread(Thread[Test worker,5,main])--commit transaction
[EL Finest]: connection: 2016-09-21 09:17:44.287--ServerSession(1151842404)--Connection(1304565395)--Thread(Thread[Test worker,5,main])--Connection released to connection pool [default].
[EL Finer]: transaction: 2016-09-21 09:17:44.287--UnitOfWork(121717677)--Thread(Thread[Test worker,5,main])--end unit of work commit
[EL Finer]: transaction: 2016-09-21 09:17:44.287--UnitOfWork(121717677)--Thread(Thread[Test worker,5,main])--resume unit of work
[EL Finer]: transaction: 2016-09-21 09:17:44.287--UnitOfWork(121717677)--Thread(Thread[Test worker,5,main])--release unit of work
[EL Finer]: connection: 2016-09-21 09:17:44.288--ClientSession(1197114060)--Thread(Thread[Test worker,5,main])--client released
[EL Finer]: connection: 2016-09-21 09:17:44.308--ServerSession(1151842404)--Thread(Thread[Test worker,5,main])--client acquired: 1615419379
[EL Finer]: transaction: 2016-09-21 09:17:44.308--ClientSession(1615419379)--Thread(Thread[Test worker,5,main])--acquire unit of work: 1865237479
[EL Finest]: connection: 2016-09-21 09:17:44.308--ServerSession(1151842404)--Connection(80030647)--Thread(Thread[Test worker,5,main])--Connection acquired from connection pool [default].
[EL Finer]: transaction: 2016-09-21 09:17:44.308--ClientSession(1615419379)--Connection(80030647)--Thread(Thread[Test worker,5,main])--begin transaction
[EL Finest]: connection: 2016-09-21 09:17:44.308--ClientSession(1615419379)--Thread(Thread[Test worker,5,main])--reconnecting to external connection pool
Wed Sep 21 09:17:44 UTC 2016|Unknown Alarm = OEBLE318100100 Alarm Split = OEB-LE-3-1-8-100-100
[EL Finest]: query: 2016-09-21 09:17:44.31--UnitOfWork(1865237479)--Thread(Thread[Test worker,5,main])--Execute query ReadObjectQuery(name="readDistrict" referenceClass=District sql="SELECT districtId, code2, countryId, districtDescription, districtFlag, districtLatitude, districtLongitude, Name, regionId, stateId, versionId, createdBy, createdDate, updatedBy, updatedDate, activeStatus, txnAccessCode FROM District WHERE (districtId = ?)")
[EL Fine]: sql: 2016-09-21 09:17:44.31--ClientSession(1615419379)--Connection(622870165)--Thread(Thread[Test worker,5,main])--SELECT districtId, code2, countryId, districtDescription, districtFlag, districtLatitude, districtLongitude, Name, regionId, stateId, versionId, createdBy, createdDate, updatedBy, updatedDate, activeStatus, txnAccessCode FROM District WHERE (districtId = ?)
	bind => [55B14C09-7BCD-4B8B-8348-846641112E27]
[EL Finest]: transaction: 2016-09-21 09:17:44.312--UnitOfWork(1865237479)--Thread(Thread[Test worker,5,main])--remove() operation called on: BC2et5FApJSHzgaC8kYvRjsrbqDSaaUa0AmKmRWSoUGNlSFpxQ,we2syIzFtsO9NmD8WktmFsvW6pOhlYgE
Wed Sep 21 09:17:44 UTC 2016|Unknown Alarm = OEBLE328100200 Alarm Split = OEB-LE-3-2-8-100-200
Wed Sep 21 09:17:44 UTC 2016|Unknown Alarm = OEBLE317100100 Alarm Split = OEB-LE-3-1-7-100-100
[EL Finer]: transaction: 2016-09-21 09:17:44.312--UnitOfWork(1865237479)--Thread(Thread[Test worker,5,main])--begin unit of work commit
[EL Finest]: query: 2016-09-21 09:17:44.313--UnitOfWork(1865237479)--Thread(Thread[Test worker,5,main])--Execute query DoesExistQuery(referenceClass=District )
[EL Finest]: query: 2016-09-21 09:17:44.313--UnitOfWork(1865237479)--Thread(Thread[Test worker,5,main])--Execute query DeleteObjectQuery(BC2et5FApJSHzgaC8kYvRjsrbqDSaaUa0AmKmRWSoUGNlSFpxQ,we2syIzFtsO9NmD8WktmFsvW6pOhlYgE)
[EL Fine]: sql: 2016-09-21 09:17:44.313--ClientSession(1615419379)--Connection(622870165)--Thread(Thread[Test worker,5,main])--DELETE FROM District WHERE ((districtId = ?) AND (versionId = ?))
	bind => [55B14C09-7BCD-4B8B-8348-846641112E27, 1]
[EL Finer]: transaction: 2016-09-21 09:17:44.315--ClientSession(1615419379)--Connection(622870165)--Thread(Thread[Test worker,5,main])--commit transaction
[EL Finest]: connection: 2016-09-21 09:17:44.361--ServerSession(1151842404)--Connection(80030647)--Thread(Thread[Test worker,5,main])--Connection released to connection pool [default].
[EL Finer]: transaction: 2016-09-21 09:17:44.361--UnitOfWork(1865237479)--Thread(Thread[Test worker,5,main])--end unit of work commit
[EL Finer]: transaction: 2016-09-21 09:17:44.362--UnitOfWork(1865237479)--Thread(Thread[Test worker,5,main])--resume unit of work
[EL Finer]: transaction: 2016-09-21 09:17:44.362--UnitOfWork(1865237479)--Thread(Thread[Test worker,5,main])--release unit of work
[EL Finer]: connection: 2016-09-21 09:17:44.362--ClientSession(1615419379)--Thread(Thread[Test worker,5,main])--client released
[EL Finer]: connection: 2016-09-21 09:17:44.381--ServerSession(1151842404)--Thread(Thread[Test worker,5,main])--client acquired: 405097338
[EL Finer]: transaction: 2016-09-21 09:17:44.381--ClientSession(405097338)--Thread(Thread[Test worker,5,main])--acquire unit of work: 947798776
[EL Finest]: connection: 2016-09-21 09:17:44.381--ServerSession(1151842404)--Connection(1767818433)--Thread(Thread[Test worker,5,main])--Connection acquired from connection pool [default].
[EL Finer]: transaction: 2016-09-21 09:17:44.381--ClientSession(405097338)--Connection(1767818433)--Thread(Thread[Test worker,5,main])--begin transaction
[EL Finest]: connection: 2016-09-21 09:17:44.381--ClientSession(405097338)--Thread(Thread[Test worker,5,main])--reconnecting to external connection pool
Wed Sep 21 09:17:44 UTC 2016|Unknown Alarm = OEBLE318100100 Alarm Split = OEB-LE-3-1-8-100-100
[EL Finest]: query: 2016-09-21 09:17:44.383--UnitOfWork(947798776)--Thread(Thread[Test worker,5,main])--Execute query ReadObjectQuery(name="readRegion" referenceClass=Region sql="SELECT regionId, countryId, regionCode1, regionCodeChar2, regionDescription, regionFlag, regionLatitude, regionLongitude, regionName, stateId, versionId, createdBy, createdDate, updatedBy, updatedDate, activeStatus, txnAccessCode FROM Region WHERE (regionId = ?)")
[EL Fine]: sql: 2016-09-21 09:17:44.384--ClientSession(405097338)--Connection(1461078993)--Thread(Thread[Test worker,5,main])--SELECT regionId, countryId, regionCode1, regionCodeChar2, regionDescription, regionFlag, regionLatitude, regionLongitude, regionName, stateId, versionId, createdBy, createdDate, updatedBy, updatedDate, activeStatus, txnAccessCode FROM Region WHERE (regionId = ?)
	bind => [9B8BE7B9-9DF4-44F8-A7F6-BA564F071013]
[EL Finest]: transaction: 2016-09-21 09:17:44.386--UnitOfWork(947798776)--Thread(Thread[Test worker,5,main])--remove() operation called on: 2crqKKbLpbDyNHxL8jkKxc4U1GI4R7Brp4vQKfZqWBznODQtSs,3,alWXM1v2aCHgG8g7fHNvzBuz3RCmEKWq
Wed Sep 21 09:17:44 UTC 2016|Unknown Alarm = OEBLE328100200 Alarm Split = OEB-LE-3-2-8-100-200
Wed Sep 21 09:17:44 UTC 2016|Unknown Alarm = OEBLE317100100 Alarm Split = OEB-LE-3-1-7-100-100
[EL Finer]: transaction: 2016-09-21 09:17:44.387--UnitOfWork(947798776)--Thread(Thread[Test worker,5,main])--begin unit of work commit
[EL Finest]: query: 2016-09-21 09:17:44.387--UnitOfWork(947798776)--Thread(Thread[Test worker,5,main])--Execute query DoesExistQuery(referenceClass=Region )
[EL Finest]: query: 2016-09-21 09:17:44.387--UnitOfWork(947798776)--Thread(Thread[Test worker,5,main])--Execute query DeleteObjectQuery(2crqKKbLpbDyNHxL8jkKxc4U1GI4R7Brp4vQKfZqWBznODQtSs,3,alWXM1v2aCHgG8g7fHNvzBuz3RCmEKWq)
[EL Fine]: sql: 2016-09-21 09:17:44.387--ClientSession(405097338)--Connection(1461078993)--Thread(Thread[Test worker,5,main])--DELETE FROM Region WHERE ((regionId = ?) AND (versionId = ?))
	bind => [9B8BE7B9-9DF4-44F8-A7F6-BA564F071013, 1]
[EL Finer]: transaction: 2016-09-21 09:17:44.435--ClientSession(405097338)--Connection(1461078993)--Thread(Thread[Test worker,5,main])--commit transaction
[EL Finest]: connection: 2016-09-21 09:17:44.459--ServerSession(1151842404)--Connection(1767818433)--Thread(Thread[Test worker,5,main])--Connection released to connection pool [default].
[EL Finer]: transaction: 2016-09-21 09:17:44.459--UnitOfWork(947798776)--Thread(Thread[Test worker,5,main])--end unit of work commit
[EL Finer]: transaction: 2016-09-21 09:17:44.459--UnitOfWork(947798776)--Thread(Thread[Test worker,5,main])--resume unit of work
[EL Finer]: transaction: 2016-09-21 09:17:44.46--UnitOfWork(947798776)--Thread(Thread[Test worker,5,main])--release unit of work
[EL Finer]: connection: 2016-09-21 09:17:44.46--ClientSession(405097338)--Thread(Thread[Test worker,5,main])--client released
[EL Finer]: connection: 2016-09-21 09:17:44.478--ServerSession(1151842404)--Thread(Thread[Test worker,5,main])--client acquired: 1487521331
[EL Finer]: transaction: 2016-09-21 09:17:44.479--ClientSession(1487521331)--Thread(Thread[Test worker,5,main])--acquire unit of work: 1913875390
[EL Finest]: connection: 2016-09-21 09:17:44.479--ServerSession(1151842404)--Connection(1493614964)--Thread(Thread[Test worker,5,main])--Connection acquired from connection pool [default].
[EL Finer]: transaction: 2016-09-21 09:17:44.479--ClientSession(1487521331)--Connection(1493614964)--Thread(Thread[Test worker,5,main])--begin transaction
[EL Finest]: connection: 2016-09-21 09:17:44.479--ClientSession(1487521331)--Thread(Thread[Test worker,5,main])--reconnecting to external connection pool
[EL Finest]: query: 2016-09-21 09:17:44.48--UnitOfWork(1913875390)--Thread(Thread[Test worker,5,main])--Execute query ReadObjectQuery(name="readState" referenceClass=State sql="SELECT stateId, countryId, stateCapital, stateCapitalLatitude, stateCapitalLongitude, stateCode, stateCodeChar2, stateCodeChar3, stateDescription, stateFlag, stateName, versionId, createdBy, createdDate, updatedBy, updatedDate, activeStatus, txnAccessCode FROM State WHERE (stateId = ?)")
[EL Fine]: sql: 2016-09-21 09:17:44.48--ClientSession(1487521331)--Connection(1507737260)--Thread(Thread[Test worker,5,main])--SELECT stateId, countryId, stateCapital, stateCapitalLatitude, stateCapitalLongitude, stateCode, stateCodeChar2, stateCodeChar3, stateDescription, stateFlag, stateName, versionId, createdBy, createdDate, updatedBy, updatedDate, activeStatus, txnAccessCode FROM State WHERE (stateId = ?)
	bind => [C746CF85-EA1C-48C5-9AB7-035D738576EF]
[EL Finest]: transaction: 2016-09-21 09:17:44.482--UnitOfWork(1913875390)--Thread(Thread[Test worker,5,main])--remove() operation called on: MZVMD6qQakhEMbD4qoVkXfacFcdRNMbF9jhD0xogag8CfBbqWc
[EL Finer]: transaction: 2016-09-21 09:17:44.482--UnitOfWork(1913875390)--Thread(Thread[Test worker,5,main])--begin unit of work commit
[EL Finest]: query: 2016-09-21 09:17:44.483--UnitOfWork(1913875390)--Thread(Thread[Test worker,5,main])--Execute query DoesExistQuery(referenceClass=State )
[EL Finest]: query: 2016-09-21 09:17:44.483--UnitOfWork(1913875390)--Thread(Thread[Test worker,5,main])--Execute query DeleteObjectQuery(MZVMD6qQakhEMbD4qoVkXfacFcdRNMbF9jhD0xogag8CfBbqWc)
[EL Fine]: sql: 2016-09-21 09:17:44.483--ClientSession(1487521331)--Connection(1507737260)--Thread(Thread[Test worker,5,main])--DELETE FROM State WHERE ((stateId = ?) AND (versionId = ?))
	bind => [C746CF85-EA1C-48C5-9AB7-035D738576EF, 1]
[EL Finer]: transaction: 2016-09-21 09:17:44.484--ClientSession(1487521331)--Connection(1507737260)--Thread(Thread[Test worker,5,main])--commit transaction
[EL Finest]: connection: 2016-09-21 09:17:44.508--ServerSession(1151842404)--Connection(1493614964)--Thread(Thread[Test worker,5,main])--Connection released to connection pool [default].
[EL Finer]: transaction: 2016-09-21 09:17:44.508--UnitOfWork(1913875390)--Thread(Thread[Test worker,5,main])--end unit of work commit
[EL Finer]: transaction: 2016-09-21 09:17:44.508--UnitOfWork(1913875390)--Thread(Thread[Test worker,5,main])--resume unit of work
[EL Finer]: transaction: 2016-09-21 09:17:44.508--UnitOfWork(1913875390)--Thread(Thread[Test worker,5,main])--release unit of work
[EL Finer]: connection: 2016-09-21 09:17:44.508--ClientSession(1487521331)--Thread(Thread[Test worker,5,main])--client released
[EL Finer]: connection: 2016-09-21 09:17:44.526--ServerSession(1151842404)--Thread(Thread[Test worker,5,main])--client acquired: 1718771899
[EL Finer]: transaction: 2016-09-21 09:17:44.526--ClientSession(1718771899)--Thread(Thread[Test worker,5,main])--acquire unit of work: 1596770696
[EL Finest]: connection: 2016-09-21 09:17:44.526--ServerSession(1151842404)--Connection(1969434760)--Thread(Thread[Test worker,5,main])--Connection acquired from connection pool [default].
[EL Finer]: transaction: 2016-09-21 09:17:44.527--ClientSession(1718771899)--Connection(1969434760)--Thread(Thread[Test worker,5,main])--begin transaction
[EL Finest]: connection: 2016-09-21 09:17:44.527--ClientSession(1718771899)--Thread(Thread[Test worker,5,main])--reconnecting to external connection pool
[EL Finest]: query: 2016-09-21 09:17:44.528--UnitOfWork(1596770696)--Thread(Thread[Test worker,5,main])--Execute query ReadObjectQuery(name="readCountry" referenceClass=Country sql="SELECT countryId, capital, capitalLatitude, capitalLongitude, countryCode1, countryCode2, countryFlag, countryName, currencyCode, currencyName, currencySymbol, isoNumeric, versionId, createdBy, createdDate, updatedBy, updatedDate, activeStatus, txnAccessCode FROM Country WHERE (countryId = ?)")
[EL Fine]: sql: 2016-09-21 09:17:44.528--ClientSession(1718771899)--Connection(478174716)--Thread(Thread[Test worker,5,main])--SELECT countryId, capital, capitalLatitude, capitalLongitude, countryCode1, countryCode2, countryFlag, countryName, currencyCode, currencyName, currencySymbol, isoNumeric, versionId, createdBy, createdDate, updatedBy, updatedDate, activeStatus, txnAccessCode FROM Country WHERE (countryId = ?)
	bind => [0F0364A5-99D0-42DE-850A-E42DDCD60566]
[EL Finest]: transaction: 2016-09-21 09:17:44.529--UnitOfWork(1596770696)--Thread(Thread[Test worker,5,main])--remove() operation called on: IYlwyw8ZFXQsBbHgDSz1GtQDPGojtJ21HYsjMcztdh1I9QfUnV
[EL Finer]: transaction: 2016-09-21 09:17:44.53--UnitOfWork(1596770696)--Thread(Thread[Test worker,5,main])--begin unit of work commit
[EL Finest]: query: 2016-09-21 09:17:44.53--UnitOfWork(1596770696)--Thread(Thread[Test worker,5,main])--Execute query DoesExistQuery(referenceClass=Country )
[EL Finest]: query: 2016-09-21 09:17:44.53--UnitOfWork(1596770696)--Thread(Thread[Test worker,5,main])--Execute query DeleteObjectQuery(IYlwyw8ZFXQsBbHgDSz1GtQDPGojtJ21HYsjMcztdh1I9QfUnV)
[EL Fine]: sql: 2016-09-21 09:17:44.531--ClientSession(1718771899)--Connection(478174716)--Thread(Thread[Test worker,5,main])--DELETE FROM Country WHERE ((countryId = ?) AND (versionId = ?))
	bind => [0F0364A5-99D0-42DE-850A-E42DDCD60566, 1]
[EL Finer]: transaction: 2016-09-21 09:17:44.532--ClientSession(1718771899)--Connection(478174716)--Thread(Thread[Test worker,5,main])--commit transaction
[EL Finest]: connection: 2016-09-21 09:17:44.591--ServerSession(1151842404)--Connection(1969434760)--Thread(Thread[Test worker,5,main])--Connection released to connection pool [default].
[EL Finer]: transaction: 2016-09-21 09:17:44.591--UnitOfWork(1596770696)--Thread(Thread[Test worker,5,main])--end unit of work commit
[EL Finer]: transaction: 2016-09-21 09:17:44.591--UnitOfWork(1596770696)--Thread(Thread[Test worker,5,main])--resume unit of work
[EL Finer]: transaction: 2016-09-21 09:17:44.591--UnitOfWork(1596770696)--Thread(Thread[Test worker,5,main])--release unit of work
[EL Finer]: connection: 2016-09-21 09:17:44.592--ClientSession(1718771899)--Thread(Thread[Test worker,5,main])--client released
]]></system-out>
  <system-err><![CDATA[Village.villageName may not be null
java.lang.SecurityException: Village.villageName may not be null
	at com.athena.server.pluggable.utils.helper.EntityValidatorHelper.validateEntity(EntityValidatorHelper.java:37)
	at com.app.shared.organizationextendedbc.locationextended.Village.isValid(Village.java:277)
	at com.app.server.service.organizationextendedbc.locationextended.VillageTestCase.validateVillage(VillageTestCase.java:400)
	at com.app.server.service.organizationextendedbc.locationextended.VillageTestCase.test5NegativeTesting(VillageTestCase.java:437)
	at sun.reflect.NativeMethodAccessorImpl.invoke0(Native Method)
	at sun.reflect.NativeMethodAccessorImpl.invoke(NativeMethodAccessorImpl.java:57)
	at sun.reflect.DelegatingMethodAccessorImpl.invoke(DelegatingMethodAccessorImpl.java:43)
	at java.lang.reflect.Method.invoke(Method.java:606)
	at org.junit.runners.model.FrameworkMethod$1.runReflectiveCall(FrameworkMethod.java:47)
	at org.junit.internal.runners.model.ReflectiveCallable.run(ReflectiveCallable.java:12)
	at org.junit.runners.model.FrameworkMethod.invokeExplosively(FrameworkMethod.java:44)
	at org.junit.internal.runners.statements.InvokeMethod.evaluate(InvokeMethod.java:17)
	at org.junit.internal.runners.statements.RunBefores.evaluate(RunBefores.java:26)
	at org.springframework.test.context.junit4.statements.RunBeforeTestMethodCallbacks.evaluate(RunBeforeTestMethodCallbacks.java:74)
	at org.junit.internal.runners.statements.RunAfters.evaluate(RunAfters.java:27)
	at org.springframework.test.context.junit4.statements.RunAfterTestMethodCallbacks.evaluate(RunAfterTestMethodCallbacks.java:83)
	at org.springframework.test.context.junit4.statements.SpringRepeat.evaluate(SpringRepeat.java:72)
	at org.springframework.test.context.junit4.SpringJUnit4ClassRunner.runChild(SpringJUnit4ClassRunner.java:233)
	at org.springframework.test.context.junit4.SpringJUnit4ClassRunner.runChild(SpringJUnit4ClassRunner.java:87)
	at org.junit.runners.ParentRunner$3.run(ParentRunner.java:238)
	at org.junit.runners.ParentRunner$1.schedule(ParentRunner.java:63)
	at org.junit.runners.ParentRunner.runChildren(ParentRunner.java:236)
	at org.junit.runners.ParentRunner.access$000(ParentRunner.java:53)
	at org.junit.runners.ParentRunner$2.evaluate(ParentRunner.java:229)
	at org.junit.internal.runners.statements.RunBefores.evaluate(RunBefores.java:26)
	at org.springframework.test.context.junit4.statements.RunBeforeTestClassCallbacks.evaluate(RunBeforeTestClassCallbacks.java:61)
	at org.springframework.test.context.junit4.statements.RunAfterTestClassCallbacks.evaluate(RunAfterTestClassCallbacks.java:71)
	at org.junit.runners.ParentRunner.run(ParentRunner.java:309)
	at org.springframework.test.context.junit4.SpringJUnit4ClassRunner.run(SpringJUnit4ClassRunner.java:176)
	at org.gradle.api.internal.tasks.testing.junit.JUnitTestClassExecuter.runTestClass(JUnitTestClassExecuter.java:86)
	at org.gradle.api.internal.tasks.testing.junit.JUnitTestClassExecuter.execute(JUnitTestClassExecuter.java:49)
	at org.gradle.api.internal.tasks.testing.junit.JUnitTestClassProcessor.processTestClass(JUnitTestClassProcessor.java:64)
	at org.gradle.api.internal.tasks.testing.SuiteTestClassProcessor.processTestClass(SuiteTestClassProcessor.java:50)
	at sun.reflect.NativeMethodAccessorImpl.invoke0(Native Method)
	at sun.reflect.NativeMethodAccessorImpl.invoke(NativeMethodAccessorImpl.java:57)
	at sun.reflect.DelegatingMethodAccessorImpl.invoke(DelegatingMethodAccessorImpl.java:43)
	at java.lang.reflect.Method.invoke(Method.java:606)
	at org.gradle.messaging.dispatch.ReflectionDispatch.dispatch(ReflectionDispatch.java:35)
	at org.gradle.messaging.dispatch.ReflectionDispatch.dispatch(ReflectionDispatch.java:24)
	at org.gradle.messaging.dispatch.ContextClassLoaderDispatch.dispatch(ContextClassLoaderDispatch.java:32)
	at org.gradle.messaging.dispatch.ProxyDispatchAdapter$DispatchingInvocationHandler.invoke(ProxyDispatchAdapter.java:93)
	at com.sun.proxy.$Proxy2.processTestClass(Unknown Source)
	at org.gradle.api.internal.tasks.testing.worker.TestWorker.processTestClass(TestWorker.java:106)
	at sun.reflect.NativeMethodAccessorImpl.invoke0(Native Method)
	at sun.reflect.NativeMethodAccessorImpl.invoke(NativeMethodAccessorImpl.java:57)
	at sun.reflect.DelegatingMethodAccessorImpl.invoke(DelegatingMethodAccessorImpl.java:43)
	at java.lang.reflect.Method.invoke(Method.java:606)
	at org.gradle.messaging.dispatch.ReflectionDispatch.dispatch(ReflectionDispatch.java:35)
	at org.gradle.messaging.dispatch.ReflectionDispatch.dispatch(ReflectionDispatch.java:24)
	at org.gradle.messaging.remote.internal.hub.MessageHub$Handler.run(MessageHub.java:360)
	at org.gradle.internal.concurrent.DefaultExecutorFactory$StoppableExecutorImpl$1.run(DefaultExecutorFactory.java:64)
	at java.util.concurrent.ThreadPoolExecutor.runWorker(ThreadPoolExecutor.java:1145)
	at java.util.concurrent.ThreadPoolExecutor$Worker.run(ThreadPoolExecutor.java:615)
	at java.lang.Thread.run(Thread.java:745)
Village.villageName size must be between 0 and 256
java.lang.SecurityException: Village.villageName size must be between 0 and 256
	at com.athena.server.pluggable.utils.helper.EntityValidatorHelper.validateEntity(EntityValidatorHelper.java:37)
	at com.app.shared.organizationextendedbc.locationextended.Village.isValid(Village.java:277)
	at com.app.server.service.organizationextendedbc.locationextended.VillageTestCase.validateVillage(VillageTestCase.java:398)
	at com.app.server.service.organizationextendedbc.locationextended.VillageTestCase.test5NegativeTesting(VillageTestCase.java:442)
	at sun.reflect.NativeMethodAccessorImpl.invoke0(Native Method)
	at sun.reflect.NativeMethodAccessorImpl.invoke(NativeMethodAccessorImpl.java:57)
	at sun.reflect.DelegatingMethodAccessorImpl.invoke(DelegatingMethodAccessorImpl.java:43)
	at java.lang.reflect.Method.invoke(Method.java:606)
	at org.junit.runners.model.FrameworkMethod$1.runReflectiveCall(FrameworkMethod.java:47)
	at org.junit.internal.runners.model.ReflectiveCallable.run(ReflectiveCallable.java:12)
	at org.junit.runners.model.FrameworkMethod.invokeExplosively(FrameworkMethod.java:44)
	at org.junit.internal.runners.statements.InvokeMethod.evaluate(InvokeMethod.java:17)
	at org.junit.internal.runners.statements.RunBefores.evaluate(RunBefores.java:26)
	at org.springframework.test.context.junit4.statements.RunBeforeTestMethodCallbacks.evaluate(RunBeforeTestMethodCallbacks.java:74)
	at org.junit.internal.runners.statements.RunAfters.evaluate(RunAfters.java:27)
	at org.springframework.test.context.junit4.statements.RunAfterTestMethodCallbacks.evaluate(RunAfterTestMethodCallbacks.java:83)
	at org.springframework.test.context.junit4.statements.SpringRepeat.evaluate(SpringRepeat.java:72)
	at org.springframework.test.context.junit4.SpringJUnit4ClassRunner.runChild(SpringJUnit4ClassRunner.java:233)
	at org.springframework.test.context.junit4.SpringJUnit4ClassRunner.runChild(SpringJUnit4ClassRunner.java:87)
	at org.junit.runners.ParentRunner$3.run(ParentRunner.java:238)
	at org.junit.runners.ParentRunner$1.schedule(ParentRunner.java:63)
	at org.junit.runners.ParentRunner.runChildren(ParentRunner.java:236)
	at org.junit.runners.ParentRunner.access$000(ParentRunner.java:53)
	at org.junit.runners.ParentRunner$2.evaluate(ParentRunner.java:229)
	at org.junit.internal.runners.statements.RunBefores.evaluate(RunBefores.java:26)
	at org.springframework.test.context.junit4.statements.RunBeforeTestClassCallbacks.evaluate(RunBeforeTestClassCallbacks.java:61)
	at org.springframework.test.context.junit4.statements.RunAfterTestClassCallbacks.evaluate(RunAfterTestClassCallbacks.java:71)
	at org.junit.runners.ParentRunner.run(ParentRunner.java:309)
	at org.springframework.test.context.junit4.SpringJUnit4ClassRunner.run(SpringJUnit4ClassRunner.java:176)
	at org.gradle.api.internal.tasks.testing.junit.JUnitTestClassExecuter.runTestClass(JUnitTestClassExecuter.java:86)
	at org.gradle.api.internal.tasks.testing.junit.JUnitTestClassExecuter.execute(JUnitTestClassExecuter.java:49)
	at org.gradle.api.internal.tasks.testing.junit.JUnitTestClassProcessor.processTestClass(JUnitTestClassProcessor.java:64)
	at org.gradle.api.internal.tasks.testing.SuiteTestClassProcessor.processTestClass(SuiteTestClassProcessor.java:50)
	at sun.reflect.NativeMethodAccessorImpl.invoke0(Native Method)
	at sun.reflect.NativeMethodAccessorImpl.invoke(NativeMethodAccessorImpl.java:57)
	at sun.reflect.DelegatingMethodAccessorImpl.invoke(DelegatingMethodAccessorImpl.java:43)
	at java.lang.reflect.Method.invoke(Method.java:606)
	at org.gradle.messaging.dispatch.ReflectionDispatch.dispatch(ReflectionDispatch.java:35)
	at org.gradle.messaging.dispatch.ReflectionDispatch.dispatch(ReflectionDispatch.java:24)
	at org.gradle.messaging.dispatch.ContextClassLoaderDispatch.dispatch(ContextClassLoaderDispatch.java:32)
	at org.gradle.messaging.dispatch.ProxyDispatchAdapter$DispatchingInvocationHandler.invoke(ProxyDispatchAdapter.java:93)
	at com.sun.proxy.$Proxy2.processTestClass(Unknown Source)
	at org.gradle.api.internal.tasks.testing.worker.TestWorker.processTestClass(TestWorker.java:106)
	at sun.reflect.NativeMethodAccessorImpl.invoke0(Native Method)
	at sun.reflect.NativeMethodAccessorImpl.invoke(NativeMethodAccessorImpl.java:57)
	at sun.reflect.DelegatingMethodAccessorImpl.invoke(DelegatingMethodAccessorImpl.java:43)
	at java.lang.reflect.Method.invoke(Method.java:606)
	at org.gradle.messaging.dispatch.ReflectionDispatch.dispatch(ReflectionDispatch.java:35)
	at org.gradle.messaging.dispatch.ReflectionDispatch.dispatch(ReflectionDispatch.java:24)
	at org.gradle.messaging.remote.internal.hub.MessageHub$Handler.run(MessageHub.java:360)
	at org.gradle.internal.concurrent.DefaultExecutorFactory$StoppableExecutorImpl$1.run(DefaultExecutorFactory.java:64)
	at java.util.concurrent.ThreadPoolExecutor.runWorker(ThreadPoolExecutor.java:1145)
	at java.util.concurrent.ThreadPoolExecutor$Worker.run(ThreadPoolExecutor.java:615)
	at java.lang.Thread.run(Thread.java:745)
Village.villageDescription size must be between 0 and 256
java.lang.SecurityException: Village.villageDescription size must be between 0 and 256
	at com.athena.server.pluggable.utils.helper.EntityValidatorHelper.validateEntity(EntityValidatorHelper.java:37)
	at com.app.shared.organizationextendedbc.locationextended.Village.isValid(Village.java:277)
	at com.app.server.service.organizationextendedbc.locationextended.VillageTestCase.validateVillage(VillageTestCase.java:398)
	at com.app.server.service.organizationextendedbc.locationextended.VillageTestCase.test5NegativeTesting(VillageTestCase.java:447)
	at sun.reflect.NativeMethodAccessorImpl.invoke0(Native Method)
	at sun.reflect.NativeMethodAccessorImpl.invoke(NativeMethodAccessorImpl.java:57)
	at sun.reflect.DelegatingMethodAccessorImpl.invoke(DelegatingMethodAccessorImpl.java:43)
	at java.lang.reflect.Method.invoke(Method.java:606)
	at org.junit.runners.model.FrameworkMethod$1.runReflectiveCall(FrameworkMethod.java:47)
	at org.junit.internal.runners.model.ReflectiveCallable.run(ReflectiveCallable.java:12)
	at org.junit.runners.model.FrameworkMethod.invokeExplosively(FrameworkMethod.java:44)
	at org.junit.internal.runners.statements.InvokeMethod.evaluate(InvokeMethod.java:17)
	at org.junit.internal.runners.statements.RunBefores.evaluate(RunBefores.java:26)
	at org.springframework.test.context.junit4.statements.RunBeforeTestMethodCallbacks.evaluate(RunBeforeTestMethodCallbacks.java:74)
	at org.junit.internal.runners.statements.RunAfters.evaluate(RunAfters.java:27)
	at org.springframework.test.context.junit4.statements.RunAfterTestMethodCallbacks.evaluate(RunAfterTestMethodCallbacks.java:83)
	at org.springframework.test.context.junit4.statements.SpringRepeat.evaluate(SpringRepeat.java:72)
	at org.springframework.test.context.junit4.SpringJUnit4ClassRunner.runChild(SpringJUnit4ClassRunner.java:233)
	at org.springframework.test.context.junit4.SpringJUnit4ClassRunner.runChild(SpringJUnit4ClassRunner.java:87)
	at org.junit.runners.ParentRunner$3.run(ParentRunner.java:238)
	at org.junit.runners.ParentRunner$1.schedule(ParentRunner.java:63)
	at org.junit.runners.ParentRunner.runChildren(ParentRunner.java:236)
	at org.junit.runners.ParentRunner.access$000(ParentRunner.java:53)
	at org.junit.runners.ParentRunner$2.evaluate(ParentRunner.java:229)
	at org.junit.internal.runners.statements.RunBefores.evaluate(RunBefores.java:26)
	at org.springframework.test.context.junit4.statements.RunBeforeTestClassCallbacks.evaluate(RunBeforeTestClassCallbacks.java:61)
	at org.springframework.test.context.junit4.statements.RunAfterTestClassCallbacks.evaluate(RunAfterTestClassCallbacks.java:71)
	at org.junit.runners.ParentRunner.run(ParentRunner.java:309)
	at org.springframework.test.context.junit4.SpringJUnit4ClassRunner.run(SpringJUnit4ClassRunner.java:176)
	at org.gradle.api.internal.tasks.testing.junit.JUnitTestClassExecuter.runTestClass(JUnitTestClassExecuter.java:86)
	at org.gradle.api.internal.tasks.testing.junit.JUnitTestClassExecuter.execute(JUnitTestClassExecuter.java:49)
	at org.gradle.api.internal.tasks.testing.junit.JUnitTestClassProcessor.processTestClass(JUnitTestClassProcessor.java:64)
	at org.gradle.api.internal.tasks.testing.SuiteTestClassProcessor.processTestClass(SuiteTestClassProcessor.java:50)
	at sun.reflect.NativeMethodAccessorImpl.invoke0(Native Method)
	at sun.reflect.NativeMethodAccessorImpl.invoke(NativeMethodAccessorImpl.java:57)
	at sun.reflect.DelegatingMethodAccessorImpl.invoke(DelegatingMethodAccessorImpl.java:43)
	at java.lang.reflect.Method.invoke(Method.java:606)
	at org.gradle.messaging.dispatch.ReflectionDispatch.dispatch(ReflectionDispatch.java:35)
	at org.gradle.messaging.dispatch.ReflectionDispatch.dispatch(ReflectionDispatch.java:24)
	at org.gradle.messaging.dispatch.ContextClassLoaderDispatch.dispatch(ContextClassLoaderDispatch.java:32)
	at org.gradle.messaging.dispatch.ProxyDispatchAdapter$DispatchingInvocationHandler.invoke(ProxyDispatchAdapter.java:93)
	at com.sun.proxy.$Proxy2.processTestClass(Unknown Source)
	at org.gradle.api.internal.tasks.testing.worker.TestWorker.processTestClass(TestWorker.java:106)
	at sun.reflect.NativeMethodAccessorImpl.invoke0(Native Method)
	at sun.reflect.NativeMethodAccessorImpl.invoke(NativeMethodAccessorImpl.java:57)
	at sun.reflect.DelegatingMethodAccessorImpl.invoke(DelegatingMethodAccessorImpl.java:43)
	at java.lang.reflect.Method.invoke(Method.java:606)
	at org.gradle.messaging.dispatch.ReflectionDispatch.dispatch(ReflectionDispatch.java:35)
	at org.gradle.messaging.dispatch.ReflectionDispatch.dispatch(ReflectionDispatch.java:24)
	at org.gradle.messaging.remote.internal.hub.MessageHub$Handler.run(MessageHub.java:360)
	at org.gradle.internal.concurrent.DefaultExecutorFactory$StoppableExecutorImpl$1.run(DefaultExecutorFactory.java:64)
	at java.util.concurrent.ThreadPoolExecutor.runWorker(ThreadPoolExecutor.java:1145)
	at java.util.concurrent.ThreadPoolExecutor$Worker.run(ThreadPoolExecutor.java:615)
	at java.lang.Thread.run(Thread.java:745)
Village.villageFlag size must be between 0 and 64
java.lang.SecurityException: Village.villageFlag size must be between 0 and 64
	at com.athena.server.pluggable.utils.helper.EntityValidatorHelper.validateEntity(EntityValidatorHelper.java:37)
	at com.app.shared.organizationextendedbc.locationextended.Village.isValid(Village.java:277)
	at com.app.server.service.organizationextendedbc.locationextended.VillageTestCase.validateVillage(VillageTestCase.java:398)
	at com.app.server.service.organizationextendedbc.locationextended.VillageTestCase.test5NegativeTesting(VillageTestCase.java:452)
	at sun.reflect.NativeMethodAccessorImpl.invoke0(Native Method)
	at sun.reflect.NativeMethodAccessorImpl.invoke(NativeMethodAccessorImpl.java:57)
	at sun.reflect.DelegatingMethodAccessorImpl.invoke(DelegatingMethodAccessorImpl.java:43)
	at java.lang.reflect.Method.invoke(Method.java:606)
	at org.junit.runners.model.FrameworkMethod$1.runReflectiveCall(FrameworkMethod.java:47)
	at org.junit.internal.runners.model.ReflectiveCallable.run(ReflectiveCallable.java:12)
	at org.junit.runners.model.FrameworkMethod.invokeExplosively(FrameworkMethod.java:44)
	at org.junit.internal.runners.statements.InvokeMethod.evaluate(InvokeMethod.java:17)
	at org.junit.internal.runners.statements.RunBefores.evaluate(RunBefores.java:26)
	at org.springframework.test.context.junit4.statements.RunBeforeTestMethodCallbacks.evaluate(RunBeforeTestMethodCallbacks.java:74)
	at org.junit.internal.runners.statements.RunAfters.evaluate(RunAfters.java:27)
	at org.springframework.test.context.junit4.statements.RunAfterTestMethodCallbacks.evaluate(RunAfterTestMethodCallbacks.java:83)
	at org.springframework.test.context.junit4.statements.SpringRepeat.evaluate(SpringRepeat.java:72)
	at org.springframework.test.context.junit4.SpringJUnit4ClassRunner.runChild(SpringJUnit4ClassRunner.java:233)
	at org.springframework.test.context.junit4.SpringJUnit4ClassRunner.runChild(SpringJUnit4ClassRunner.java:87)
	at org.junit.runners.ParentRunner$3.run(ParentRunner.java:238)
	at org.junit.runners.ParentRunner$1.schedule(ParentRunner.java:63)
	at org.junit.runners.ParentRunner.runChildren(ParentRunner.java:236)
	at org.junit.runners.ParentRunner.access$000(ParentRunner.java:53)
	at org.junit.runners.ParentRunner$2.evaluate(ParentRunner.java:229)
	at org.junit.internal.runners.statements.RunBefores.evaluate(RunBefores.java:26)
	at org.springframework.test.context.junit4.statements.RunBeforeTestClassCallbacks.evaluate(RunBeforeTestClassCallbacks.java:61)
	at org.springframework.test.context.junit4.statements.RunAfterTestClassCallbacks.evaluate(RunAfterTestClassCallbacks.java:71)
	at org.junit.runners.ParentRunner.run(ParentRunner.java:309)
	at org.springframework.test.context.junit4.SpringJUnit4ClassRunner.run(SpringJUnit4ClassRunner.java:176)
	at org.gradle.api.internal.tasks.testing.junit.JUnitTestClassExecuter.runTestClass(JUnitTestClassExecuter.java:86)
	at org.gradle.api.internal.tasks.testing.junit.JUnitTestClassExecuter.execute(JUnitTestClassExecuter.java:49)
	at org.gradle.api.internal.tasks.testing.junit.JUnitTestClassProcessor.processTestClass(JUnitTestClassProcessor.java:64)
	at org.gradle.api.internal.tasks.testing.SuiteTestClassProcessor.processTestClass(SuiteTestClassProcessor.java:50)
	at sun.reflect.NativeMethodAccessorImpl.invoke0(Native Method)
	at sun.reflect.NativeMethodAccessorImpl.invoke(NativeMethodAccessorImpl.java:57)
	at sun.reflect.DelegatingMethodAccessorImpl.invoke(DelegatingMethodAccessorImpl.java:43)
	at java.lang.reflect.Method.invoke(Method.java:606)
	at org.gradle.messaging.dispatch.ReflectionDispatch.dispatch(ReflectionDispatch.java:35)
	at org.gradle.messaging.dispatch.ReflectionDispatch.dispatch(ReflectionDispatch.java:24)
	at org.gradle.messaging.dispatch.ContextClassLoaderDispatch.dispatch(ContextClassLoaderDispatch.java:32)
	at org.gradle.messaging.dispatch.ProxyDispatchAdapter$DispatchingInvocationHandler.invoke(ProxyDispatchAdapter.java:93)
	at com.sun.proxy.$Proxy2.processTestClass(Unknown Source)
	at org.gradle.api.internal.tasks.testing.worker.TestWorker.processTestClass(TestWorker.java:106)
	at sun.reflect.NativeMethodAccessorImpl.invoke0(Native Method)
	at sun.reflect.NativeMethodAccessorImpl.invoke(NativeMethodAccessorImpl.java:57)
	at sun.reflect.DelegatingMethodAccessorImpl.invoke(DelegatingMethodAccessorImpl.java:43)
	at java.lang.reflect.Method.invoke(Method.java:606)
	at org.gradle.messaging.dispatch.ReflectionDispatch.dispatch(ReflectionDispatch.java:35)
	at org.gradle.messaging.dispatch.ReflectionDispatch.dispatch(ReflectionDispatch.java:24)
	at org.gradle.messaging.remote.internal.hub.MessageHub$Handler.run(MessageHub.java:360)
	at org.gradle.internal.concurrent.DefaultExecutorFactory$StoppableExecutorImpl$1.run(DefaultExecutorFactory.java:64)
	at java.util.concurrent.ThreadPoolExecutor.runWorker(ThreadPoolExecutor.java:1145)
	at java.util.concurrent.ThreadPoolExecutor$Worker.run(ThreadPoolExecutor.java:615)
	at java.lang.Thread.run(Thread.java:745)
Village.villageCode may not be null
java.lang.SecurityException: Village.villageCode may not be null
	at com.athena.server.pluggable.utils.helper.EntityValidatorHelper.validateEntity(EntityValidatorHelper.java:37)
	at com.app.shared.organizationextendedbc.locationextended.Village.isValid(Village.java:277)
	at com.app.server.service.organizationextendedbc.locationextended.VillageTestCase.validateVillage(VillageTestCase.java:400)
	at com.app.server.service.organizationextendedbc.locationextended.VillageTestCase.test5NegativeTesting(VillageTestCase.java:458)
	at sun.reflect.NativeMethodAccessorImpl.invoke0(Native Method)
	at sun.reflect.NativeMethodAccessorImpl.invoke(NativeMethodAccessorImpl.java:57)
	at sun.reflect.DelegatingMethodAccessorImpl.invoke(DelegatingMethodAccessorImpl.java:43)
	at java.lang.reflect.Method.invoke(Method.java:606)
	at org.junit.runners.model.FrameworkMethod$1.runReflectiveCall(FrameworkMethod.java:47)
	at org.junit.internal.runners.model.ReflectiveCallable.run(ReflectiveCallable.java:12)
	at org.junit.runners.model.FrameworkMethod.invokeExplosively(FrameworkMethod.java:44)
	at org.junit.internal.runners.statements.InvokeMethod.evaluate(InvokeMethod.java:17)
	at org.junit.internal.runners.statements.RunBefores.evaluate(RunBefores.java:26)
	at org.springframework.test.context.junit4.statements.RunBeforeTestMethodCallbacks.evaluate(RunBeforeTestMethodCallbacks.java:74)
	at org.junit.internal.runners.statements.RunAfters.evaluate(RunAfters.java:27)
	at org.springframework.test.context.junit4.statements.RunAfterTestMethodCallbacks.evaluate(RunAfterTestMethodCallbacks.java:83)
	at org.springframework.test.context.junit4.statements.SpringRepeat.evaluate(SpringRepeat.java:72)
	at org.springframework.test.context.junit4.SpringJUnit4ClassRunner.runChild(SpringJUnit4ClassRunner.java:233)
	at org.springframework.test.context.junit4.SpringJUnit4ClassRunner.runChild(SpringJUnit4ClassRunner.java:87)
	at org.junit.runners.ParentRunner$3.run(ParentRunner.java:238)
	at org.junit.runners.ParentRunner$1.schedule(ParentRunner.java:63)
	at org.junit.runners.ParentRunner.runChildren(ParentRunner.java:236)
	at org.junit.runners.ParentRunner.access$000(ParentRunner.java:53)
	at org.junit.runners.ParentRunner$2.evaluate(ParentRunner.java:229)
	at org.junit.internal.runners.statements.RunBefores.evaluate(RunBefores.java:26)
	at org.springframework.test.context.junit4.statements.RunBeforeTestClassCallbacks.evaluate(RunBeforeTestClassCallbacks.java:61)
	at org.springframework.test.context.junit4.statements.RunAfterTestClassCallbacks.evaluate(RunAfterTestClassCallbacks.java:71)
	at org.junit.runners.ParentRunner.run(ParentRunner.java:309)
	at org.springframework.test.context.junit4.SpringJUnit4ClassRunner.run(SpringJUnit4ClassRunner.java:176)
	at org.gradle.api.internal.tasks.testing.junit.JUnitTestClassExecuter.runTestClass(JUnitTestClassExecuter.java:86)
	at org.gradle.api.internal.tasks.testing.junit.JUnitTestClassExecuter.execute(JUnitTestClassExecuter.java:49)
	at org.gradle.api.internal.tasks.testing.junit.JUnitTestClassProcessor.processTestClass(JUnitTestClassProcessor.java:64)
	at org.gradle.api.internal.tasks.testing.SuiteTestClassProcessor.processTestClass(SuiteTestClassProcessor.java:50)
	at sun.reflect.NativeMethodAccessorImpl.invoke0(Native Method)
	at sun.reflect.NativeMethodAccessorImpl.invoke(NativeMethodAccessorImpl.java:57)
	at sun.reflect.DelegatingMethodAccessorImpl.invoke(DelegatingMethodAccessorImpl.java:43)
	at java.lang.reflect.Method.invoke(Method.java:606)
	at org.gradle.messaging.dispatch.ReflectionDispatch.dispatch(ReflectionDispatch.java:35)
	at org.gradle.messaging.dispatch.ReflectionDispatch.dispatch(ReflectionDispatch.java:24)
	at org.gradle.messaging.dispatch.ContextClassLoaderDispatch.dispatch(ContextClassLoaderDispatch.java:32)
	at org.gradle.messaging.dispatch.ProxyDispatchAdapter$DispatchingInvocationHandler.invoke(ProxyDispatchAdapter.java:93)
	at com.sun.proxy.$Proxy2.processTestClass(Unknown Source)
	at org.gradle.api.internal.tasks.testing.worker.TestWorker.processTestClass(TestWorker.java:106)
	at sun.reflect.NativeMethodAccessorImpl.invoke0(Native Method)
	at sun.reflect.NativeMethodAccessorImpl.invoke(NativeMethodAccessorImpl.java:57)
	at sun.reflect.DelegatingMethodAccessorImpl.invoke(DelegatingMethodAccessorImpl.java:43)
	at java.lang.reflect.Method.invoke(Method.java:606)
	at org.gradle.messaging.dispatch.ReflectionDispatch.dispatch(ReflectionDispatch.java:35)
	at org.gradle.messaging.dispatch.ReflectionDispatch.dispatch(ReflectionDispatch.java:24)
	at org.gradle.messaging.remote.internal.hub.MessageHub$Handler.run(MessageHub.java:360)
	at org.gradle.internal.concurrent.DefaultExecutorFactory$StoppableExecutorImpl$1.run(DefaultExecutorFactory.java:64)
	at java.util.concurrent.ThreadPoolExecutor.runWorker(ThreadPoolExecutor.java:1145)
	at java.util.concurrent.ThreadPoolExecutor$Worker.run(ThreadPoolExecutor.java:615)
	at java.lang.Thread.run(Thread.java:745)
Village.villageCode size must be between 0 and 32
java.lang.SecurityException: Village.villageCode size must be between 0 and 32
	at com.athena.server.pluggable.utils.helper.EntityValidatorHelper.validateEntity(EntityValidatorHelper.java:37)
	at com.app.shared.organizationextendedbc.locationextended.Village.isValid(Village.java:277)
	at com.app.server.service.organizationextendedbc.locationextended.VillageTestCase.validateVillage(VillageTestCase.java:398)
	at com.app.server.service.organizationextendedbc.locationextended.VillageTestCase.test5NegativeTesting(VillageTestCase.java:463)
	at sun.reflect.NativeMethodAccessorImpl.invoke0(Native Method)
	at sun.reflect.NativeMethodAccessorImpl.invoke(NativeMethodAccessorImpl.java:57)
	at sun.reflect.DelegatingMethodAccessorImpl.invoke(DelegatingMethodAccessorImpl.java:43)
	at java.lang.reflect.Method.invoke(Method.java:606)
	at org.junit.runners.model.FrameworkMethod$1.runReflectiveCall(FrameworkMethod.java:47)
	at org.junit.internal.runners.model.ReflectiveCallable.run(ReflectiveCallable.java:12)
	at org.junit.runners.model.FrameworkMethod.invokeExplosively(FrameworkMethod.java:44)
	at org.junit.internal.runners.statements.InvokeMethod.evaluate(InvokeMethod.java:17)
	at org.junit.internal.runners.statements.RunBefores.evaluate(RunBefores.java:26)
	at org.springframework.test.context.junit4.statements.RunBeforeTestMethodCallbacks.evaluate(RunBeforeTestMethodCallbacks.java:74)
	at org.junit.internal.runners.statements.RunAfters.evaluate(RunAfters.java:27)
	at org.springframework.test.context.junit4.statements.RunAfterTestMethodCallbacks.evaluate(RunAfterTestMethodCallbacks.java:83)
	at org.springframework.test.context.junit4.statements.SpringRepeat.evaluate(SpringRepeat.java:72)
	at org.springframework.test.context.junit4.SpringJUnit4ClassRunner.runChild(SpringJUnit4ClassRunner.java:233)
	at org.springframework.test.context.junit4.SpringJUnit4ClassRunner.runChild(SpringJUnit4ClassRunner.java:87)
	at org.junit.runners.ParentRunner$3.run(ParentRunner.java:238)
	at org.junit.runners.ParentRunner$1.schedule(ParentRunner.java:63)
	at org.junit.runners.ParentRunner.runChildren(ParentRunner.java:236)
	at org.junit.runners.ParentRunner.access$000(ParentRunner.java:53)
	at org.junit.runners.ParentRunner$2.evaluate(ParentRunner.java:229)
	at org.junit.internal.runners.statements.RunBefores.evaluate(RunBefores.java:26)
	at org.springframework.test.context.junit4.statements.RunBeforeTestClassCallbacks.evaluate(RunBeforeTestClassCallbacks.java:61)
	at org.springframework.test.context.junit4.statements.RunAfterTestClassCallbacks.evaluate(RunAfterTestClassCallbacks.java:71)
	at org.junit.runners.ParentRunner.run(ParentRunner.java:309)
	at org.springframework.test.context.junit4.SpringJUnit4ClassRunner.run(SpringJUnit4ClassRunner.java:176)
	at org.gradle.api.internal.tasks.testing.junit.JUnitTestClassExecuter.runTestClass(JUnitTestClassExecuter.java:86)
	at org.gradle.api.internal.tasks.testing.junit.JUnitTestClassExecuter.execute(JUnitTestClassExecuter.java:49)
	at org.gradle.api.internal.tasks.testing.junit.JUnitTestClassProcessor.processTestClass(JUnitTestClassProcessor.java:64)
	at org.gradle.api.internal.tasks.testing.SuiteTestClassProcessor.processTestClass(SuiteTestClassProcessor.java:50)
	at sun.reflect.NativeMethodAccessorImpl.invoke0(Native Method)
	at sun.reflect.NativeMethodAccessorImpl.invoke(NativeMethodAccessorImpl.java:57)
	at sun.reflect.DelegatingMethodAccessorImpl.invoke(DelegatingMethodAccessorImpl.java:43)
	at java.lang.reflect.Method.invoke(Method.java:606)
	at org.gradle.messaging.dispatch.ReflectionDispatch.dispatch(ReflectionDispatch.java:35)
	at org.gradle.messaging.dispatch.ReflectionDispatch.dispatch(ReflectionDispatch.java:24)
	at org.gradle.messaging.dispatch.ContextClassLoaderDispatch.dispatch(ContextClassLoaderDispatch.java:32)
	at org.gradle.messaging.dispatch.ProxyDispatchAdapter$DispatchingInvocationHandler.invoke(ProxyDispatchAdapter.java:93)
	at com.sun.proxy.$Proxy2.processTestClass(Unknown Source)
	at org.gradle.api.internal.tasks.testing.worker.TestWorker.processTestClass(TestWorker.java:106)
	at sun.reflect.NativeMethodAccessorImpl.invoke0(Native Method)
	at sun.reflect.NativeMethodAccessorImpl.invoke(NativeMethodAccessorImpl.java:57)
	at sun.reflect.DelegatingMethodAccessorImpl.invoke(DelegatingMethodAccessorImpl.java:43)
	at java.lang.reflect.Method.invoke(Method.java:606)
	at org.gradle.messaging.dispatch.ReflectionDispatch.dispatch(ReflectionDispatch.java:35)
	at org.gradle.messaging.dispatch.ReflectionDispatch.dispatch(ReflectionDispatch.java:24)
	at org.gradle.messaging.remote.internal.hub.MessageHub$Handler.run(MessageHub.java:360)
	at org.gradle.internal.concurrent.DefaultExecutorFactory$StoppableExecutorImpl$1.run(DefaultExecutorFactory.java:64)
	at java.util.concurrent.ThreadPoolExecutor.runWorker(ThreadPoolExecutor.java:1145)
	at java.util.concurrent.ThreadPoolExecutor$Worker.run(ThreadPoolExecutor.java:615)
	at java.lang.Thread.run(Thread.java:745)
Village.villageLatitude size must be between 0 and 11
java.lang.SecurityException: Village.villageLatitude size must be between 0 and 11
	at com.athena.server.pluggable.utils.helper.EntityValidatorHelper.validateEntity(EntityValidatorHelper.java:37)
	at com.app.shared.organizationextendedbc.locationextended.Village.isValid(Village.java:277)
	at com.app.server.service.organizationextendedbc.locationextended.VillageTestCase.validateVillage(VillageTestCase.java:398)
	at com.app.server.service.organizationextendedbc.locationextended.VillageTestCase.test5NegativeTesting(VillageTestCase.java:468)
	at sun.reflect.NativeMethodAccessorImpl.invoke0(Native Method)
	at sun.reflect.NativeMethodAccessorImpl.invoke(NativeMethodAccessorImpl.java:57)
	at sun.reflect.DelegatingMethodAccessorImpl.invoke(DelegatingMethodAccessorImpl.java:43)
	at java.lang.reflect.Method.invoke(Method.java:606)
	at org.junit.runners.model.FrameworkMethod$1.runReflectiveCall(FrameworkMethod.java:47)
	at org.junit.internal.runners.model.ReflectiveCallable.run(ReflectiveCallable.java:12)
	at org.junit.runners.model.FrameworkMethod.invokeExplosively(FrameworkMethod.java:44)
	at org.junit.internal.runners.statements.InvokeMethod.evaluate(InvokeMethod.java:17)
	at org.junit.internal.runners.statements.RunBefores.evaluate(RunBefores.java:26)
	at org.springframework.test.context.junit4.statements.RunBeforeTestMethodCallbacks.evaluate(RunBeforeTestMethodCallbacks.java:74)
	at org.junit.internal.runners.statements.RunAfters.evaluate(RunAfters.java:27)
	at org.springframework.test.context.junit4.statements.RunAfterTestMethodCallbacks.evaluate(RunAfterTestMethodCallbacks.java:83)
	at org.springframework.test.context.junit4.statements.SpringRepeat.evaluate(SpringRepeat.java:72)
	at org.springframework.test.context.junit4.SpringJUnit4ClassRunner.runChild(SpringJUnit4ClassRunner.java:233)
	at org.springframework.test.context.junit4.SpringJUnit4ClassRunner.runChild(SpringJUnit4ClassRunner.java:87)
	at org.junit.runners.ParentRunner$3.run(ParentRunner.java:238)
	at org.junit.runners.ParentRunner$1.schedule(ParentRunner.java:63)
	at org.junit.runners.ParentRunner.runChildren(ParentRunner.java:236)
	at org.junit.runners.ParentRunner.access$000(ParentRunner.java:53)
	at org.junit.runners.ParentRunner$2.evaluate(ParentRunner.java:229)
	at org.junit.internal.runners.statements.RunBefores.evaluate(RunBefores.java:26)
	at org.springframework.test.context.junit4.statements.RunBeforeTestClassCallbacks.evaluate(RunBeforeTestClassCallbacks.java:61)
	at org.springframework.test.context.junit4.statements.RunAfterTestClassCallbacks.evaluate(RunAfterTestClassCallbacks.java:71)
	at org.junit.runners.ParentRunner.run(ParentRunner.java:309)
	at org.springframework.test.context.junit4.SpringJUnit4ClassRunner.run(SpringJUnit4ClassRunner.java:176)
	at org.gradle.api.internal.tasks.testing.junit.JUnitTestClassExecuter.runTestClass(JUnitTestClassExecuter.java:86)
	at org.gradle.api.internal.tasks.testing.junit.JUnitTestClassExecuter.execute(JUnitTestClassExecuter.java:49)
	at org.gradle.api.internal.tasks.testing.junit.JUnitTestClassProcessor.processTestClass(JUnitTestClassProcessor.java:64)
	at org.gradle.api.internal.tasks.testing.SuiteTestClassProcessor.processTestClass(SuiteTestClassProcessor.java:50)
	at sun.reflect.NativeMethodAccessorImpl.invoke0(Native Method)
	at sun.reflect.NativeMethodAccessorImpl.invoke(NativeMethodAccessorImpl.java:57)
	at sun.reflect.DelegatingMethodAccessorImpl.invoke(DelegatingMethodAccessorImpl.java:43)
	at java.lang.reflect.Method.invoke(Method.java:606)
	at org.gradle.messaging.dispatch.ReflectionDispatch.dispatch(ReflectionDispatch.java:35)
	at org.gradle.messaging.dispatch.ReflectionDispatch.dispatch(ReflectionDispatch.java:24)
	at org.gradle.messaging.dispatch.ContextClassLoaderDispatch.dispatch(ContextClassLoaderDispatch.java:32)
	at org.gradle.messaging.dispatch.ProxyDispatchAdapter$DispatchingInvocationHandler.invoke(ProxyDispatchAdapter.java:93)
	at com.sun.proxy.$Proxy2.processTestClass(Unknown Source)
	at org.gradle.api.internal.tasks.testing.worker.TestWorker.processTestClass(TestWorker.java:106)
	at sun.reflect.NativeMethodAccessorImpl.invoke0(Native Method)
	at sun.reflect.NativeMethodAccessorImpl.invoke(NativeMethodAccessorImpl.java:57)
	at sun.reflect.DelegatingMethodAccessorImpl.invoke(DelegatingMethodAccessorImpl.java:43)
	at java.lang.reflect.Method.invoke(Method.java:606)
	at org.gradle.messaging.dispatch.ReflectionDispatch.dispatch(ReflectionDispatch.java:35)
	at org.gradle.messaging.dispatch.ReflectionDispatch.dispatch(ReflectionDispatch.java:24)
	at org.gradle.messaging.remote.internal.hub.MessageHub$Handler.run(MessageHub.java:360)
	at org.gradle.internal.concurrent.DefaultExecutorFactory$StoppableExecutorImpl$1.run(DefaultExecutorFactory.java:64)
	at java.util.concurrent.ThreadPoolExecutor.runWorker(ThreadPoolExecutor.java:1145)
	at java.util.concurrent.ThreadPoolExecutor$Worker.run(ThreadPoolExecutor.java:615)
	at java.lang.Thread.run(Thread.java:745)
Village.villageLongtitude must be less than or equal to 11
java.lang.SecurityException: Village.villageLongtitude must be less than or equal to 11
	at com.athena.server.pluggable.utils.helper.EntityValidatorHelper.validateEntity(EntityValidatorHelper.java:37)
	at com.app.shared.organizationextendedbc.locationextended.Village.isValid(Village.java:277)
	at com.app.server.service.organizationextendedbc.locationextended.VillageTestCase.validateVillage(VillageTestCase.java:398)
	at com.app.server.service.organizationextendedbc.locationextended.VillageTestCase.test5NegativeTesting(VillageTestCase.java:473)
	at sun.reflect.NativeMethodAccessorImpl.invoke0(Native Method)
	at sun.reflect.NativeMethodAccessorImpl.invoke(NativeMethodAccessorImpl.java:57)
	at sun.reflect.DelegatingMethodAccessorImpl.invoke(DelegatingMethodAccessorImpl.java:43)
	at java.lang.reflect.Method.invoke(Method.java:606)
	at org.junit.runners.model.FrameworkMethod$1.runReflectiveCall(FrameworkMethod.java:47)
	at org.junit.internal.runners.model.ReflectiveCallable.run(ReflectiveCallable.java:12)
	at org.junit.runners.model.FrameworkMethod.invokeExplosively(FrameworkMethod.java:44)
	at org.junit.internal.runners.statements.InvokeMethod.evaluate(InvokeMethod.java:17)
	at org.junit.internal.runners.statements.RunBefores.evaluate(RunBefores.java:26)
	at org.springframework.test.context.junit4.statements.RunBeforeTestMethodCallbacks.evaluate(RunBeforeTestMethodCallbacks.java:74)
	at org.junit.internal.runners.statements.RunAfters.evaluate(RunAfters.java:27)
	at org.springframework.test.context.junit4.statements.RunAfterTestMethodCallbacks.evaluate(RunAfterTestMethodCallbacks.java:83)
	at org.springframework.test.context.junit4.statements.SpringRepeat.evaluate(SpringRepeat.java:72)
	at org.springframework.test.context.junit4.SpringJUnit4ClassRunner.runChild(SpringJUnit4ClassRunner.java:233)
	at org.springframework.test.context.junit4.SpringJUnit4ClassRunner.runChild(SpringJUnit4ClassRunner.java:87)
	at org.junit.runners.ParentRunner$3.run(ParentRunner.java:238)
	at org.junit.runners.ParentRunner$1.schedule(ParentRunner.java:63)
	at org.junit.runners.ParentRunner.runChildren(ParentRunner.java:236)
	at org.junit.runners.ParentRunner.access$000(ParentRunner.java:53)
	at org.junit.runners.ParentRunner$2.evaluate(ParentRunner.java:229)
	at org.junit.internal.runners.statements.RunBefores.evaluate(RunBefores.java:26)
	at org.springframework.test.context.junit4.statements.RunBeforeTestClassCallbacks.evaluate(RunBeforeTestClassCallbacks.java:61)
	at org.springframework.test.context.junit4.statements.RunAfterTestClassCallbacks.evaluate(RunAfterTestClassCallbacks.java:71)
	at org.junit.runners.ParentRunner.run(ParentRunner.java:309)
	at org.springframework.test.context.junit4.SpringJUnit4ClassRunner.run(SpringJUnit4ClassRunner.java:176)
	at org.gradle.api.internal.tasks.testing.junit.JUnitTestClassExecuter.runTestClass(JUnitTestClassExecuter.java:86)
	at org.gradle.api.internal.tasks.testing.junit.JUnitTestClassExecuter.execute(JUnitTestClassExecuter.java:49)
	at org.gradle.api.internal.tasks.testing.junit.JUnitTestClassProcessor.processTestClass(JUnitTestClassProcessor.java:64)
	at org.gradle.api.internal.tasks.testing.SuiteTestClassProcessor.processTestClass(SuiteTestClassProcessor.java:50)
	at sun.reflect.NativeMethodAccessorImpl.invoke0(Native Method)
	at sun.reflect.NativeMethodAccessorImpl.invoke(NativeMethodAccessorImpl.java:57)
	at sun.reflect.DelegatingMethodAccessorImpl.invoke(DelegatingMethodAccessorImpl.java:43)
	at java.lang.reflect.Method.invoke(Method.java:606)
	at org.gradle.messaging.dispatch.ReflectionDispatch.dispatch(ReflectionDispatch.java:35)
	at org.gradle.messaging.dispatch.ReflectionDispatch.dispatch(ReflectionDispatch.java:24)
	at org.gradle.messaging.dispatch.ContextClassLoaderDispatch.dispatch(ContextClassLoaderDispatch.java:32)
	at org.gradle.messaging.dispatch.ProxyDispatchAdapter$DispatchingInvocationHandler.invoke(ProxyDispatchAdapter.java:93)
	at com.sun.proxy.$Proxy2.processTestClass(Unknown Source)
	at org.gradle.api.internal.tasks.testing.worker.TestWorker.processTestClass(TestWorker.java:106)
	at sun.reflect.NativeMethodAccessorImpl.invoke0(Native Method)
	at sun.reflect.NativeMethodAccessorImpl.invoke(NativeMethodAccessorImpl.java:57)
	at sun.reflect.DelegatingMethodAccessorImpl.invoke(DelegatingMethodAccessorImpl.java:43)
	at java.lang.reflect.Method.invoke(Method.java:606)
	at org.gradle.messaging.dispatch.ReflectionDispatch.dispatch(ReflectionDispatch.java:35)
	at org.gradle.messaging.dispatch.ReflectionDispatch.dispatch(ReflectionDispatch.java:24)
	at org.gradle.messaging.remote.internal.hub.MessageHub$Handler.run(MessageHub.java:360)
	at org.gradle.internal.concurrent.DefaultExecutorFactory$StoppableExecutorImpl$1.run(DefaultExecutorFactory.java:64)
	at java.util.concurrent.ThreadPoolExecutor.runWorker(ThreadPoolExecutor.java:1145)
	at java.util.concurrent.ThreadPoolExecutor$Worker.run(ThreadPoolExecutor.java:615)
	at java.lang.Thread.run(Thread.java:745)
]]></system-err>
</testsuite>
