<?xml version="1.0" encoding="UTF-8"?>
<testsuite name="com.app.server.service.organization.contactmanagement.TitleTestCase" tests="5" skipped="0" failures="0" errors="0" timestamp="2016-09-21T09:18:11" hostname="c76164883ac0" time="0.375">
  <properties/>
  <testcase name="test1Save" classname="com.app.server.service.organization.contactmanagement.TitleTestCase" time="0.169"/>
  <testcase name="test2Update" classname="com.app.server.service.organization.contactmanagement.TitleTestCase" time="0.082"/>
  <testcase name="test3FindById" classname="com.app.server.service.organization.contactmanagement.TitleTestCase" time="0.033"/>
  <testcase name="test5NegativeTesting" classname="com.app.server.service.organization.contactmanagement.TitleTestCase" time="0.011"/>
  <testcase name="test6Delete" classname="com.app.server.service.organization.contactmanagement.TitleTestCase" time="0.08"/>
  <system-out><![CDATA[Wed Sep 21 09:18:11 UTC 2016|Log Manager Factory|Initialization Process started.....
Wed Sep 21 09:18:11 UTC 2016|Log Manager|Initialized with Path = [/home/applifire/workspace/testpro/src/main/webapp/WEB-INF/conf]
Wed Sep 21 09:18:11 UTC 2016|Alarm Manager|Initialized with Path = [/home/applifire/workspace/testpro/src/main/webapp/WEB-INF/conf]
Wed Sep 21 09:18:11 UTC 2016|Alarm Manager|Loading Alarms ......
Wed Sep 21 09:18:11 UTC 2016|Alarm XML Parser|FWA|XML Parsing Complete........ 
Wed Sep 21 09:18:11 UTC 2016|Alarm File Manager|FWA|Alarm File Status.. [ApplicationFrameworkAlarms.xml]|Version=15|Status=Done 
Wed Sep 21 09:18:11 UTC 2016|Alarm File Manager|FWA|Alarm Stats = ( BC/AL=5/786 SYS=5/11 [786/0]  TPL=0/0 [0/0]  APP= A.Map=[875]  E.Map EC/RC=[391/79] )
Wed Sep 21 09:18:11 UTC 2016|Alarm XML Parser|APP|XML Parsing Complete........ 
Wed Sep 21 09:18:11 UTC 2016|Alarm File Manager|APP|Alarm File Status.. [ApplicationAlarms.xml]|Version=1|Status=Done 
Wed Sep 21 09:18:11 UTC 2016|Alarm File Manager|APP|Alarm Stats = ( BC/AL=5/786 SYS=5/11 [786/0]  TPL=0/0 [0/0]  APP=0/0 [0/0]  A.Map=[875]  E.Map EC/RC=[391/79] )
Wed Sep 21 09:18:11 UTC 2016|ApplicationAlarmContext| <><><><><> Create App Alarms ....  <><><><><> 
Wed Sep 21 09:18:11 UTC 2016|ApplicationAlarmContext|Alarms are generated ONLY in Development Mode.. 
Wed Sep 21 09:18:11 UTC 2016|Alarm Manager|APP|Alarm Stats = ( BC/AL=5/786 SYS=5/11 [786/0]  TPL=0/0 [0/0]  APP=0/0 [0/0]  A.Map=[875]  E.Map EC/RC=[391/79] )
Wed Sep 21 09:18:11 UTC 2016|Alarm Manager|Initialized Exception Lookup...
Wed Sep 21 09:18:11 UTC 2016|Log Manager|Initialize Log Config File ......
Wed Sep 21 09:18:11 UTC 2016|Pluggable Connectors|Adding Connectors : StandardOutputConnector isEnabled=true isDefault=false isFallBack=true
Wed Sep 21 09:18:11 UTC 2016|Pluggable Connectors|Adding Connectors : StandardFileConnector isEnabled=true isDefault=false isFallBack=false
Wed Sep 21 09:18:11 UTC 2016|Pluggable Connectors|Adding Connectors : Sprinkler isEnabled=true isDefault=true isFallBack=false
Wed Sep 21 09:18:11 UTC 2016|Pluggable Connectors|Default Connector Name : com.spartan.logger.core.LogMessenger
Wed Sep 21 09:18:11 UTC 2016|Log Config Parser|Connector Least Log Level =[4]  FallBack Log Level =[3]
Wed Sep 21 09:18:11 UTC 2016|Log Manager|Loading Default Connector for Logging ......
Wed Sep 21 09:18:11 UTC 2016|Log Manager|Loading class .. com.spartan.logger.core.LogMessenger
Wed Sep 21 09:18:11 UTC 2016|Plugggable Connector|Connector class com.spartan.logger.core.LogMessenger Initialized... @ Log Level = 3
Wed Sep 21 09:18:11 UTC 2016|Log Manager|Starting the Default Connector [com.spartan.logger.core.LogMessenger@16a5eb4a] ....
Wed Sep 21 09:18:11 UTC 2016|Scheduler|Starting the Scheduler ......
Wed Sep 21 09:18:11 UTC 2016|Scheduler|Adding [LMID=[950cd733-ec55-4a91-aacb-ab957b93fa8b]] Delay=5 Time Unit=MINUTES
Wed Sep 21 09:18:11 UTC 2016|Scheduler|Adding [App Alarm Manager File=[ApplicationAlarms.xml]] Delay=30 Time Unit=MINUTES
Wed Sep 21 09:18:11 UTC 2016|Scheduler|Adding [FW Alarm Manager File=[ApplicationFrameworkAlarms.xml]] Delay=3 Time Unit=MINUTES
Wed Sep 21 09:18:11 UTC 2016|Scheduler|Startup Completed..
Wed Sep 21 09:18:11 UTC 2016|Log Manager|Initialization Process Complete ......
Wed Sep 21 09:18:11 UTC 2016|Log Manager Factory|Log Manager READY! ID = 950cd733-ec55-4a91-aacb-ab957b93fa8b
[EL Finer]: connection: 2016-09-21 09:18:11.27--ServerSession(1151842404)--Thread(Thread[Test worker,5,main])--client acquired: 302079718
[EL Finer]: transaction: 2016-09-21 09:18:11.27--ClientSession(302079718)--Thread(Thread[Test worker,5,main])--acquire unit of work: 402478918
[EL Finest]: connection: 2016-09-21 09:18:11.27--ServerSession(1151842404)--Connection(2037170423)--Thread(Thread[Test worker,5,main])--Connection acquired from connection pool [default].
[EL Finer]: transaction: 2016-09-21 09:18:11.27--ClientSession(302079718)--Connection(2037170423)--Thread(Thread[Test worker,5,main])--begin transaction
[EL Finest]: connection: 2016-09-21 09:18:11.27--ClientSession(302079718)--Thread(Thread[Test worker,5,main])--reconnecting to external connection pool
[EL Finest]: transaction: 2016-09-21 09:18:11.271--UnitOfWork(402478918)--Thread(Thread[Test worker,5,main])--persist() operation called on: LPUUdXKtsl83PBlQnuN5xnlQ8pVPDIEmkKp5JEay6Di77a6IQS.
[EL Finest]: sequencing: 2016-09-21 09:18:11.271--UnitOfWork(402478918)--Thread(Thread[Test worker,5,main])--assign sequence to the object (9784ED09-3946-4BB6-827F-4BD3CF66EA96 -> LPUUdXKtsl83PBlQnuN5xnlQ8pVPDIEmkKp5JEay6Di77a6IQS)
[EL Finer]: transaction: 2016-09-21 09:18:11.272--UnitOfWork(402478918)--Thread(Thread[Test worker,5,main])--begin unit of work commit
[EL Finest]: query: 2016-09-21 09:18:11.272--UnitOfWork(402478918)--Thread(Thread[Test worker,5,main])--Execute query InsertObjectQuery(LPUUdXKtsl83PBlQnuN5xnlQ8pVPDIEmkKp5JEay6Di77a6IQS)
[EL Fine]: sql: 2016-09-21 09:18:11.273--ClientSession(302079718)--Connection(907115460)--Thread(Thread[Test worker,5,main])--INSERT INTO Title (titleId, titles, versionId, createdBy, createdDate, updatedBy, updatedDate, activeStatus, txnAccessCode) VALUES (?, ?, ?, ?, ?, ?, ?, ?, ?)
	bind => [9784ED09-3946-4BB6-827F-4BD3CF66EA96, LPUUdXKtsl83PBlQnuN5xnlQ8pVPDIEmkKp5JEay6Di77a6IQS, 1, AAAAA, 2016-09-21 09:18:11.244, AAAAA, 2016-09-21 09:18:11.244, 1, 51000]
[EL Finer]: transaction: 2016-09-21 09:18:11.274--ClientSession(302079718)--Connection(907115460)--Thread(Thread[Test worker,5,main])--commit transaction
[EL Finest]: connection: 2016-09-21 09:18:11.375--ServerSession(1151842404)--Connection(2037170423)--Thread(Thread[Test worker,5,main])--Connection released to connection pool [default].
[EL Finer]: transaction: 2016-09-21 09:18:11.375--UnitOfWork(402478918)--Thread(Thread[Test worker,5,main])--end unit of work commit
[EL Finer]: transaction: 2016-09-21 09:18:11.375--UnitOfWork(402478918)--Thread(Thread[Test worker,5,main])--resume unit of work
[EL Finer]: transaction: 2016-09-21 09:18:11.375--UnitOfWork(402478918)--Thread(Thread[Test worker,5,main])--release unit of work
[EL Finer]: connection: 2016-09-21 09:18:11.376--ClientSession(302079718)--Thread(Thread[Test worker,5,main])--client released
[EL Finer]: connection: 2016-09-21 09:18:11.4--ServerSession(1151842404)--Thread(Thread[Test worker,5,main])--client acquired: 1907693572
[EL Finer]: transaction: 2016-09-21 09:18:11.401--ClientSession(1907693572)--Thread(Thread[Test worker,5,main])--acquire unit of work: 675014894
[EL Finest]: connection: 2016-09-21 09:18:11.401--ServerSession(1151842404)--Connection(1966700004)--Thread(Thread[Test worker,5,main])--Connection acquired from connection pool [default].
[EL Finer]: transaction: 2016-09-21 09:18:11.401--ClientSession(1907693572)--Connection(1966700004)--Thread(Thread[Test worker,5,main])--begin transaction
[EL Finest]: connection: 2016-09-21 09:18:11.401--ClientSession(1907693572)--Thread(Thread[Test worker,5,main])--reconnecting to external connection pool
[EL Finer]: transaction: 2016-09-21 09:18:11.402--UnitOfWork(675014894)--Thread(Thread[Test worker,5,main])--begin unit of work flush
[EL Finer]: transaction: 2016-09-21 09:18:11.402--UnitOfWork(675014894)--Thread(Thread[Test worker,5,main])--end unit of work flush
[EL Finest]: query: 2016-09-21 09:18:11.402--UnitOfWork(675014894)--Thread(Thread[Test worker,5,main])--Execute query ReadAllQuery(name="Title.findById" referenceClass=Title sql="SELECT titleId, titles, versionId, createdBy, createdDate, updatedBy, updatedDate, activeStatus, txnAccessCode FROM Title WHERE ((activeStatus = ?) AND (titleId = ?))")
[EL Fine]: sql: 2016-09-21 09:18:11.403--ClientSession(1907693572)--Connection(50920553)--Thread(Thread[Test worker,5,main])--SELECT titleId, titles, versionId, createdBy, createdDate, updatedBy, updatedDate, activeStatus, txnAccessCode FROM Title WHERE ((activeStatus = ?) AND (titleId = ?))
	bind => [1, 9784ED09-3946-4BB6-827F-4BD3CF66EA96]
[EL Finer]: transaction: 2016-09-21 09:18:11.404--UnitOfWork(675014894)--Thread(Thread[Test worker,5,main])--begin unit of work commit
[EL Finer]: transaction: 2016-09-21 09:18:11.404--ClientSession(1907693572)--Connection(50920553)--Thread(Thread[Test worker,5,main])--commit transaction
[EL Finest]: connection: 2016-09-21 09:18:11.405--ServerSession(1151842404)--Connection(1966700004)--Thread(Thread[Test worker,5,main])--Connection released to connection pool [default].
[EL Finer]: transaction: 2016-09-21 09:18:11.405--UnitOfWork(675014894)--Thread(Thread[Test worker,5,main])--end unit of work commit
[EL Finer]: transaction: 2016-09-21 09:18:11.405--UnitOfWork(675014894)--Thread(Thread[Test worker,5,main])--resume unit of work
[EL Finer]: transaction: 2016-09-21 09:18:11.405--UnitOfWork(675014894)--Thread(Thread[Test worker,5,main])--release unit of work
[EL Finer]: connection: 2016-09-21 09:18:11.405--ClientSession(1907693572)--Thread(Thread[Test worker,5,main])--client released
[EL Finer]: connection: 2016-09-21 09:18:11.406--ServerSession(1151842404)--Thread(Thread[Test worker,5,main])--client acquired: 314559964
[EL Finer]: transaction: 2016-09-21 09:18:11.406--ClientSession(314559964)--Thread(Thread[Test worker,5,main])--acquire unit of work: 1852059681
[EL Finest]: connection: 2016-09-21 09:18:11.406--ServerSession(1151842404)--Connection(1939078949)--Thread(Thread[Test worker,5,main])--Connection acquired from connection pool [default].
[EL Finer]: transaction: 2016-09-21 09:18:11.406--ClientSession(314559964)--Connection(1939078949)--Thread(Thread[Test worker,5,main])--begin transaction
[EL Finest]: connection: 2016-09-21 09:18:11.406--ClientSession(314559964)--Thread(Thread[Test worker,5,main])--reconnecting to external connection pool
[EL Finest]: transaction: 2016-09-21 09:18:11.408--UnitOfWork(1852059681)--Thread(Thread[Test worker,5,main])--Merge clone with references Pc3rZYmqbrnoKS6lWIqpgrDnK4f2cLY0nedMIqB78hwGWyctEl
[EL Finest]: query: 2016-09-21 09:18:11.408--UnitOfWork(1852059681)--Thread(Thread[Test worker,5,main])--Execute query ReadObjectQuery(referenceClass=Title )
[EL Fine]: sql: 2016-09-21 09:18:11.408--ClientSession(314559964)--Connection(1681098672)--Thread(Thread[Test worker,5,main])--SELECT titleId, titles, versionId, createdBy, createdDate, updatedBy, updatedDate, activeStatus, txnAccessCode FROM Title WHERE (titleId = ?)
	bind => [9784ED09-3946-4BB6-827F-4BD3CF66EA96]
[EL Finer]: transaction: 2016-09-21 09:18:11.41--UnitOfWork(1852059681)--Thread(Thread[Test worker,5,main])--begin unit of work commit
[EL Finest]: query: 2016-09-21 09:18:11.41--UnitOfWork(1852059681)--Thread(Thread[Test worker,5,main])--Execute query UpdateObjectQuery(Pc3rZYmqbrnoKS6lWIqpgrDnK4f2cLY0nedMIqB78hwGWyctEl)
[EL Fine]: sql: 2016-09-21 09:18:11.41--ClientSession(314559964)--Connection(1681098672)--Thread(Thread[Test worker,5,main])--UPDATE Title SET titles = ?, versionId = ? WHERE ((titleId = ?) AND (versionId = ?))
	bind => [Pc3rZYmqbrnoKS6lWIqpgrDnK4f2cLY0nedMIqB78hwGWyctEl, 2, 9784ED09-3946-4BB6-827F-4BD3CF66EA96, 1]
[EL Finer]: transaction: 2016-09-21 09:18:11.411--ClientSession(314559964)--Connection(1681098672)--Thread(Thread[Test worker,5,main])--commit transaction
[EL Finest]: connection: 2016-09-21 09:18:11.457--ServerSession(1151842404)--Connection(1939078949)--Thread(Thread[Test worker,5,main])--Connection released to connection pool [default].
[EL Finer]: transaction: 2016-09-21 09:18:11.457--UnitOfWork(1852059681)--Thread(Thread[Test worker,5,main])--end unit of work commit
[EL Finer]: transaction: 2016-09-21 09:18:11.457--UnitOfWork(1852059681)--Thread(Thread[Test worker,5,main])--resume unit of work
[EL Finer]: transaction: 2016-09-21 09:18:11.458--UnitOfWork(1852059681)--Thread(Thread[Test worker,5,main])--release unit of work
[EL Finer]: connection: 2016-09-21 09:18:11.458--ClientSession(314559964)--Thread(Thread[Test worker,5,main])--client released
[EL Finer]: connection: 2016-09-21 09:18:11.487--ServerSession(1151842404)--Thread(Thread[Test worker,5,main])--client acquired: 1558991052
[EL Finer]: transaction: 2016-09-21 09:18:11.487--ClientSession(1558991052)--Thread(Thread[Test worker,5,main])--acquire unit of work: 514633917
[EL Finest]: connection: 2016-09-21 09:18:11.487--ServerSession(1151842404)--Connection(1535596550)--Thread(Thread[Test worker,5,main])--Connection acquired from connection pool [default].
[EL Finer]: transaction: 2016-09-21 09:18:11.487--ClientSession(1558991052)--Connection(1535596550)--Thread(Thread[Test worker,5,main])--begin transaction
[EL Finest]: connection: 2016-09-21 09:18:11.487--ClientSession(1558991052)--Thread(Thread[Test worker,5,main])--reconnecting to external connection pool
[EL Finer]: transaction: 2016-09-21 09:18:11.488--UnitOfWork(514633917)--Thread(Thread[Test worker,5,main])--begin unit of work flush
[EL Finer]: transaction: 2016-09-21 09:18:11.488--UnitOfWork(514633917)--Thread(Thread[Test worker,5,main])--end unit of work flush
[EL Finest]: query: 2016-09-21 09:18:11.488--UnitOfWork(514633917)--Thread(Thread[Test worker,5,main])--Execute query ReadAllQuery(name="Title.findById" referenceClass=Title sql="SELECT titleId, titles, versionId, createdBy, createdDate, updatedBy, updatedDate, activeStatus, txnAccessCode FROM Title WHERE ((activeStatus = ?) AND (titleId = ?))")
[EL Fine]: sql: 2016-09-21 09:18:11.489--ClientSession(1558991052)--Connection(1432966419)--Thread(Thread[Test worker,5,main])--SELECT titleId, titles, versionId, createdBy, createdDate, updatedBy, updatedDate, activeStatus, txnAccessCode FROM Title WHERE ((activeStatus = ?) AND (titleId = ?))
	bind => [1, 9784ED09-3946-4BB6-827F-4BD3CF66EA96]
[EL Finer]: transaction: 2016-09-21 09:18:11.49--UnitOfWork(514633917)--Thread(Thread[Test worker,5,main])--begin unit of work commit
[EL Finer]: transaction: 2016-09-21 09:18:11.49--ClientSession(1558991052)--Connection(1432966419)--Thread(Thread[Test worker,5,main])--commit transaction
[EL Finest]: connection: 2016-09-21 09:18:11.491--ServerSession(1151842404)--Connection(1535596550)--Thread(Thread[Test worker,5,main])--Connection released to connection pool [default].
[EL Finer]: transaction: 2016-09-21 09:18:11.491--UnitOfWork(514633917)--Thread(Thread[Test worker,5,main])--end unit of work commit
[EL Finer]: transaction: 2016-09-21 09:18:11.491--UnitOfWork(514633917)--Thread(Thread[Test worker,5,main])--resume unit of work
[EL Finer]: transaction: 2016-09-21 09:18:11.491--UnitOfWork(514633917)--Thread(Thread[Test worker,5,main])--release unit of work
[EL Finer]: connection: 2016-09-21 09:18:11.491--ClientSession(1558991052)--Thread(Thread[Test worker,5,main])--client released
[EL Finer]: connection: 2016-09-21 09:18:11.528--ServerSession(1151842404)--Thread(Thread[Test worker,5,main])--client acquired: 1488322028
[EL Finer]: transaction: 2016-09-21 09:18:11.529--ClientSession(1488322028)--Thread(Thread[Test worker,5,main])--acquire unit of work: 338804340
[EL Finest]: connection: 2016-09-21 09:18:11.529--ServerSession(1151842404)--Connection(1305394183)--Thread(Thread[Test worker,5,main])--Connection acquired from connection pool [default].
[EL Finer]: transaction: 2016-09-21 09:18:11.529--ClientSession(1488322028)--Connection(1305394183)--Thread(Thread[Test worker,5,main])--begin transaction
[EL Finest]: connection: 2016-09-21 09:18:11.529--ClientSession(1488322028)--Thread(Thread[Test worker,5,main])--reconnecting to external connection pool
[EL Finest]: query: 2016-09-21 09:18:11.53--UnitOfWork(338804340)--Thread(Thread[Test worker,5,main])--Execute query ReadObjectQuery(name="readTitle" referenceClass=Title sql="SELECT titleId, titles, versionId, createdBy, createdDate, updatedBy, updatedDate, activeStatus, txnAccessCode FROM Title WHERE (titleId = ?)")
[EL Fine]: sql: 2016-09-21 09:18:11.53--ClientSession(1488322028)--Connection(1045342606)--Thread(Thread[Test worker,5,main])--SELECT titleId, titles, versionId, createdBy, createdDate, updatedBy, updatedDate, activeStatus, txnAccessCode FROM Title WHERE (titleId = ?)
	bind => [9784ED09-3946-4BB6-827F-4BD3CF66EA96]
[EL Finest]: transaction: 2016-09-21 09:18:11.531--UnitOfWork(338804340)--Thread(Thread[Test worker,5,main])--remove() operation called on: Pc3rZYmqbrnoKS6lWIqpgrDnK4f2cLY0nedMIqB78hwGWyctEl
[EL Finer]: transaction: 2016-09-21 09:18:11.531--UnitOfWork(338804340)--Thread(Thread[Test worker,5,main])--begin unit of work commit
[EL Finest]: query: 2016-09-21 09:18:11.531--UnitOfWork(338804340)--Thread(Thread[Test worker,5,main])--Execute query DoesExistQuery(referenceClass=Title )
[EL Finest]: query: 2016-09-21 09:18:11.532--UnitOfWork(338804340)--Thread(Thread[Test worker,5,main])--Execute query DeleteObjectQuery(Pc3rZYmqbrnoKS6lWIqpgrDnK4f2cLY0nedMIqB78hwGWyctEl)
[EL Fine]: sql: 2016-09-21 09:18:11.532--ClientSession(1488322028)--Connection(1045342606)--Thread(Thread[Test worker,5,main])--DELETE FROM Title WHERE ((titleId = ?) AND (versionId = ?))
	bind => [9784ED09-3946-4BB6-827F-4BD3CF66EA96, 2]
[EL Finer]: transaction: 2016-09-21 09:18:11.533--ClientSession(1488322028)--Connection(1045342606)--Thread(Thread[Test worker,5,main])--commit transaction
[EL Finest]: connection: 2016-09-21 09:18:11.581--ServerSession(1151842404)--Connection(1305394183)--Thread(Thread[Test worker,5,main])--Connection released to connection pool [default].
[EL Finer]: transaction: 2016-09-21 09:18:11.582--UnitOfWork(338804340)--Thread(Thread[Test worker,5,main])--end unit of work commit
[EL Finer]: transaction: 2016-09-21 09:18:11.582--UnitOfWork(338804340)--Thread(Thread[Test worker,5,main])--resume unit of work
[EL Finer]: transaction: 2016-09-21 09:18:11.582--UnitOfWork(338804340)--Thread(Thread[Test worker,5,main])--release unit of work
[EL Finer]: connection: 2016-09-21 09:18:11.582--ClientSession(1488322028)--Thread(Thread[Test worker,5,main])--client released
]]></system-out>
  <system-err><![CDATA[Title.titles may not be null
java.lang.SecurityException: Title.titles may not be null
	at com.athena.server.pluggable.utils.helper.EntityValidatorHelper.validateEntity(EntityValidatorHelper.java:37)
	at com.app.shared.organization.contactmanagement.Title.isValid(Title.java:148)
	at com.app.server.service.organization.contactmanagement.TitleTestCase.validateTitle(TitleTestCase.java:207)
	at com.app.server.service.organization.contactmanagement.TitleTestCase.test5NegativeTesting(TitleTestCase.java:238)
	at sun.reflect.NativeMethodAccessorImpl.invoke0(Native Method)
	at sun.reflect.NativeMethodAccessorImpl.invoke(NativeMethodAccessorImpl.java:57)
	at sun.reflect.DelegatingMethodAccessorImpl.invoke(DelegatingMethodAccessorImpl.java:43)
	at java.lang.reflect.Method.invoke(Method.java:606)
	at org.junit.runners.model.FrameworkMethod$1.runReflectiveCall(FrameworkMethod.java:47)
	at org.junit.internal.runners.model.ReflectiveCallable.run(ReflectiveCallable.java:12)
	at org.junit.runners.model.FrameworkMethod.invokeExplosively(FrameworkMethod.java:44)
	at org.junit.internal.runners.statements.InvokeMethod.evaluate(InvokeMethod.java:17)
	at org.junit.internal.runners.statements.RunBefores.evaluate(RunBefores.java:26)
	at org.springframework.test.context.junit4.statements.RunBeforeTestMethodCallbacks.evaluate(RunBeforeTestMethodCallbacks.java:74)
	at org.junit.internal.runners.statements.RunAfters.evaluate(RunAfters.java:27)
	at org.springframework.test.context.junit4.statements.RunAfterTestMethodCallbacks.evaluate(RunAfterTestMethodCallbacks.java:83)
	at org.springframework.test.context.junit4.statements.SpringRepeat.evaluate(SpringRepeat.java:72)
	at org.springframework.test.context.junit4.SpringJUnit4ClassRunner.runChild(SpringJUnit4ClassRunner.java:233)
	at org.springframework.test.context.junit4.SpringJUnit4ClassRunner.runChild(SpringJUnit4ClassRunner.java:87)
	at org.junit.runners.ParentRunner$3.run(ParentRunner.java:238)
	at org.junit.runners.ParentRunner$1.schedule(ParentRunner.java:63)
	at org.junit.runners.ParentRunner.runChildren(ParentRunner.java:236)
	at org.junit.runners.ParentRunner.access$000(ParentRunner.java:53)
	at org.junit.runners.ParentRunner$2.evaluate(ParentRunner.java:229)
	at org.junit.internal.runners.statements.RunBefores.evaluate(RunBefores.java:26)
	at org.springframework.test.context.junit4.statements.RunBeforeTestClassCallbacks.evaluate(RunBeforeTestClassCallbacks.java:61)
	at org.springframework.test.context.junit4.statements.RunAfterTestClassCallbacks.evaluate(RunAfterTestClassCallbacks.java:71)
	at org.junit.runners.ParentRunner.run(ParentRunner.java:309)
	at org.springframework.test.context.junit4.SpringJUnit4ClassRunner.run(SpringJUnit4ClassRunner.java:176)
	at org.gradle.api.internal.tasks.testing.junit.JUnitTestClassExecuter.runTestClass(JUnitTestClassExecuter.java:86)
	at org.gradle.api.internal.tasks.testing.junit.JUnitTestClassExecuter.execute(JUnitTestClassExecuter.java:49)
	at org.gradle.api.internal.tasks.testing.junit.JUnitTestClassProcessor.processTestClass(JUnitTestClassProcessor.java:64)
	at org.gradle.api.internal.tasks.testing.SuiteTestClassProcessor.processTestClass(SuiteTestClassProcessor.java:50)
	at sun.reflect.GeneratedMethodAccessor126.invoke(Unknown Source)
	at sun.reflect.DelegatingMethodAccessorImpl.invoke(DelegatingMethodAccessorImpl.java:43)
	at java.lang.reflect.Method.invoke(Method.java:606)
	at org.gradle.messaging.dispatch.ReflectionDispatch.dispatch(ReflectionDispatch.java:35)
	at org.gradle.messaging.dispatch.ReflectionDispatch.dispatch(ReflectionDispatch.java:24)
	at org.gradle.messaging.dispatch.ContextClassLoaderDispatch.dispatch(ContextClassLoaderDispatch.java:32)
	at org.gradle.messaging.dispatch.ProxyDispatchAdapter$DispatchingInvocationHandler.invoke(ProxyDispatchAdapter.java:93)
	at com.sun.proxy.$Proxy2.processTestClass(Unknown Source)
	at org.gradle.api.internal.tasks.testing.worker.TestWorker.processTestClass(TestWorker.java:106)
	at sun.reflect.GeneratedMethodAccessor125.invoke(Unknown Source)
	at sun.reflect.DelegatingMethodAccessorImpl.invoke(DelegatingMethodAccessorImpl.java:43)
	at java.lang.reflect.Method.invoke(Method.java:606)
	at org.gradle.messaging.dispatch.ReflectionDispatch.dispatch(ReflectionDispatch.java:35)
	at org.gradle.messaging.dispatch.ReflectionDispatch.dispatch(ReflectionDispatch.java:24)
	at org.gradle.messaging.remote.internal.hub.MessageHub$Handler.run(MessageHub.java:360)
	at org.gradle.internal.concurrent.DefaultExecutorFactory$StoppableExecutorImpl$1.run(DefaultExecutorFactory.java:64)
	at java.util.concurrent.ThreadPoolExecutor.runWorker(ThreadPoolExecutor.java:1145)
	at java.util.concurrent.ThreadPoolExecutor$Worker.run(ThreadPoolExecutor.java:615)
	at java.lang.Thread.run(Thread.java:745)
Title.titles size must be between 0 and 256
java.lang.SecurityException: Title.titles size must be between 0 and 256
	at com.athena.server.pluggable.utils.helper.EntityValidatorHelper.validateEntity(EntityValidatorHelper.java:37)
	at com.app.shared.organization.contactmanagement.Title.isValid(Title.java:148)
	at com.app.server.service.organization.contactmanagement.TitleTestCase.validateTitle(TitleTestCase.java:205)
	at com.app.server.service.organization.contactmanagement.TitleTestCase.test5NegativeTesting(TitleTestCase.java:243)
	at sun.reflect.NativeMethodAccessorImpl.invoke0(Native Method)
	at sun.reflect.NativeMethodAccessorImpl.invoke(NativeMethodAccessorImpl.java:57)
	at sun.reflect.DelegatingMethodAccessorImpl.invoke(DelegatingMethodAccessorImpl.java:43)
	at java.lang.reflect.Method.invoke(Method.java:606)
	at org.junit.runners.model.FrameworkMethod$1.runReflectiveCall(FrameworkMethod.java:47)
	at org.junit.internal.runners.model.ReflectiveCallable.run(ReflectiveCallable.java:12)
	at org.junit.runners.model.FrameworkMethod.invokeExplosively(FrameworkMethod.java:44)
	at org.junit.internal.runners.statements.InvokeMethod.evaluate(InvokeMethod.java:17)
	at org.junit.internal.runners.statements.RunBefores.evaluate(RunBefores.java:26)
	at org.springframework.test.context.junit4.statements.RunBeforeTestMethodCallbacks.evaluate(RunBeforeTestMethodCallbacks.java:74)
	at org.junit.internal.runners.statements.RunAfters.evaluate(RunAfters.java:27)
	at org.springframework.test.context.junit4.statements.RunAfterTestMethodCallbacks.evaluate(RunAfterTestMethodCallbacks.java:83)
	at org.springframework.test.context.junit4.statements.SpringRepeat.evaluate(SpringRepeat.java:72)
	at org.springframework.test.context.junit4.SpringJUnit4ClassRunner.runChild(SpringJUnit4ClassRunner.java:233)
	at org.springframework.test.context.junit4.SpringJUnit4ClassRunner.runChild(SpringJUnit4ClassRunner.java:87)
	at org.junit.runners.ParentRunner$3.run(ParentRunner.java:238)
	at org.junit.runners.ParentRunner$1.schedule(ParentRunner.java:63)
	at org.junit.runners.ParentRunner.runChildren(ParentRunner.java:236)
	at org.junit.runners.ParentRunner.access$000(ParentRunner.java:53)
	at org.junit.runners.ParentRunner$2.evaluate(ParentRunner.java:229)
	at org.junit.internal.runners.statements.RunBefores.evaluate(RunBefores.java:26)
	at org.springframework.test.context.junit4.statements.RunBeforeTestClassCallbacks.evaluate(RunBeforeTestClassCallbacks.java:61)
	at org.springframework.test.context.junit4.statements.RunAfterTestClassCallbacks.evaluate(RunAfterTestClassCallbacks.java:71)
	at org.junit.runners.ParentRunner.run(ParentRunner.java:309)
	at org.springframework.test.context.junit4.SpringJUnit4ClassRunner.run(SpringJUnit4ClassRunner.java:176)
	at org.gradle.api.internal.tasks.testing.junit.JUnitTestClassExecuter.runTestClass(JUnitTestClassExecuter.java:86)
	at org.gradle.api.internal.tasks.testing.junit.JUnitTestClassExecuter.execute(JUnitTestClassExecuter.java:49)
	at org.gradle.api.internal.tasks.testing.junit.JUnitTestClassProcessor.processTestClass(JUnitTestClassProcessor.java:64)
	at org.gradle.api.internal.tasks.testing.SuiteTestClassProcessor.processTestClass(SuiteTestClassProcessor.java:50)
	at sun.reflect.GeneratedMethodAccessor126.invoke(Unknown Source)
	at sun.reflect.DelegatingMethodAccessorImpl.invoke(DelegatingMethodAccessorImpl.java:43)
	at java.lang.reflect.Method.invoke(Method.java:606)
	at org.gradle.messaging.dispatch.ReflectionDispatch.dispatch(ReflectionDispatch.java:35)
	at org.gradle.messaging.dispatch.ReflectionDispatch.dispatch(ReflectionDispatch.java:24)
	at org.gradle.messaging.dispatch.ContextClassLoaderDispatch.dispatch(ContextClassLoaderDispatch.java:32)
	at org.gradle.messaging.dispatch.ProxyDispatchAdapter$DispatchingInvocationHandler.invoke(ProxyDispatchAdapter.java:93)
	at com.sun.proxy.$Proxy2.processTestClass(Unknown Source)
	at org.gradle.api.internal.tasks.testing.worker.TestWorker.processTestClass(TestWorker.java:106)
	at sun.reflect.GeneratedMethodAccessor125.invoke(Unknown Source)
	at sun.reflect.DelegatingMethodAccessorImpl.invoke(DelegatingMethodAccessorImpl.java:43)
	at java.lang.reflect.Method.invoke(Method.java:606)
	at org.gradle.messaging.dispatch.ReflectionDispatch.dispatch(ReflectionDispatch.java:35)
	at org.gradle.messaging.dispatch.ReflectionDispatch.dispatch(ReflectionDispatch.java:24)
	at org.gradle.messaging.remote.internal.hub.MessageHub$Handler.run(MessageHub.java:360)
	at org.gradle.internal.concurrent.DefaultExecutorFactory$StoppableExecutorImpl$1.run(DefaultExecutorFactory.java:64)
	at java.util.concurrent.ThreadPoolExecutor.runWorker(ThreadPoolExecutor.java:1145)
	at java.util.concurrent.ThreadPoolExecutor$Worker.run(ThreadPoolExecutor.java:615)
	at java.lang.Thread.run(Thread.java:745)
]]></system-err>
</testsuite>
