<?xml version="1.0" encoding="UTF-8"?>
<testsuite name="com.app.server.service.organization.contactmanagement.SocialCommunicationTestCase" tests="6" skipped="0" failures="0" errors="0" timestamp="2016-09-21T09:18:14" hostname="c76164883ac0" time="0.579">
  <properties/>
  <testcase name="test1Save" classname="com.app.server.service.organization.contactmanagement.SocialCommunicationTestCase" time="0.232"/>
  <testcase name="test2Update" classname="com.app.server.service.organization.contactmanagement.SocialCommunicationTestCase" time="0.132"/>
  <testcase name="test3FindById" classname="com.app.server.service.organization.contactmanagement.SocialCommunicationTestCase" time="0.037"/>
  <testcase name="test3findBycommType" classname="com.app.server.service.organization.contactmanagement.SocialCommunicationTestCase" time="0.034"/>
  <testcase name="test5NegativeTesting" classname="com.app.server.service.organization.contactmanagement.SocialCommunicationTestCase" time="0.011"/>
  <testcase name="test6Delete" classname="com.app.server.service.organization.contactmanagement.SocialCommunicationTestCase" time="0.13"/>
  <system-out><![CDATA[Wed Sep 21 09:18:14 UTC 2016|Log Manager Factory|Initialization Process started.....
Wed Sep 21 09:18:14 UTC 2016|Log Manager|Initialized with Path = [/home/applifire/workspace/testpro/src/main/webapp/WEB-INF/conf]
Wed Sep 21 09:18:14 UTC 2016|Alarm Manager|Initialized with Path = [/home/applifire/workspace/testpro/src/main/webapp/WEB-INF/conf]
Wed Sep 21 09:18:14 UTC 2016|Alarm Manager|Loading Alarms ......
Wed Sep 21 09:18:14 UTC 2016|Alarm XML Parser|FWA|XML Parsing Complete........ 
Wed Sep 21 09:18:14 UTC 2016|Alarm File Manager|FWA|Alarm File Status.. [ApplicationFrameworkAlarms.xml]|Version=15|Status=Done 
Wed Sep 21 09:18:14 UTC 2016|Alarm File Manager|FWA|Alarm Stats = ( BC/AL=5/786 SYS=5/11 [786/0]  TPL=0/0 [0/0]  APP= A.Map=[875]  E.Map EC/RC=[391/79] )
Wed Sep 21 09:18:14 UTC 2016|Alarm XML Parser|APP|XML Parsing Complete........ 
Wed Sep 21 09:18:14 UTC 2016|Alarm File Manager|APP|Alarm File Status.. [ApplicationAlarms.xml]|Version=1|Status=Done 
Wed Sep 21 09:18:14 UTC 2016|Alarm File Manager|APP|Alarm Stats = ( BC/AL=5/786 SYS=5/11 [786/0]  TPL=0/0 [0/0]  APP=0/0 [0/0]  A.Map=[875]  E.Map EC/RC=[391/79] )
Wed Sep 21 09:18:14 UTC 2016|ApplicationAlarmContext| <><><><><> Create App Alarms ....  <><><><><> 
Wed Sep 21 09:18:14 UTC 2016|ApplicationAlarmContext|Alarms are generated ONLY in Development Mode.. 
Wed Sep 21 09:18:14 UTC 2016|Alarm Manager|APP|Alarm Stats = ( BC/AL=5/786 SYS=5/11 [786/0]  TPL=0/0 [0/0]  APP=0/0 [0/0]  A.Map=[875]  E.Map EC/RC=[391/79] )
Wed Sep 21 09:18:14 UTC 2016|Alarm Manager|Initialized Exception Lookup...
Wed Sep 21 09:18:14 UTC 2016|Log Manager|Initialize Log Config File ......
Wed Sep 21 09:18:14 UTC 2016|Pluggable Connectors|Adding Connectors : StandardOutputConnector isEnabled=true isDefault=false isFallBack=true
Wed Sep 21 09:18:14 UTC 2016|Pluggable Connectors|Adding Connectors : StandardFileConnector isEnabled=true isDefault=false isFallBack=false
Wed Sep 21 09:18:14 UTC 2016|Pluggable Connectors|Adding Connectors : Sprinkler isEnabled=true isDefault=true isFallBack=false
Wed Sep 21 09:18:14 UTC 2016|Pluggable Connectors|Default Connector Name : com.spartan.logger.core.LogMessenger
Wed Sep 21 09:18:14 UTC 2016|Log Config Parser|Connector Least Log Level =[4]  FallBack Log Level =[3]
Wed Sep 21 09:18:14 UTC 2016|Log Manager|Loading Default Connector for Logging ......
Wed Sep 21 09:18:14 UTC 2016|Log Manager|Loading class .. com.spartan.logger.core.LogMessenger
Wed Sep 21 09:18:14 UTC 2016|Plugggable Connector|Connector class com.spartan.logger.core.LogMessenger Initialized... @ Log Level = 3
Wed Sep 21 09:18:14 UTC 2016|Log Manager|Starting the Default Connector [com.spartan.logger.core.LogMessenger@7c9a6447] ....
Wed Sep 21 09:18:14 UTC 2016|Scheduler|Starting the Scheduler ......
Wed Sep 21 09:18:14 UTC 2016|Scheduler|Adding [LMID=[950cd733-ec55-4a91-aacb-ab957b93fa8b]] Delay=5 Time Unit=MINUTES
Wed Sep 21 09:18:14 UTC 2016|Scheduler|Adding [App Alarm Manager File=[ApplicationAlarms.xml]] Delay=30 Time Unit=MINUTES
Wed Sep 21 09:18:14 UTC 2016|Scheduler|Adding [FW Alarm Manager File=[ApplicationFrameworkAlarms.xml]] Delay=3 Time Unit=MINUTES
Wed Sep 21 09:18:14 UTC 2016|Scheduler|Startup Completed..
Wed Sep 21 09:18:14 UTC 2016|Log Manager|Initialization Process Complete ......
Wed Sep 21 09:18:14 UTC 2016|Log Manager Factory|Log Manager READY! ID = 950cd733-ec55-4a91-aacb-ab957b93fa8b
[EL Finer]: connection: 2016-09-21 09:18:14.807--ServerSession(1151842404)--Thread(Thread[Test worker,5,main])--client acquired: 1685212315
[EL Finer]: transaction: 2016-09-21 09:18:14.807--ClientSession(1685212315)--Thread(Thread[Test worker,5,main])--acquire unit of work: 201557922
[EL Finest]: connection: 2016-09-21 09:18:14.807--ServerSession(1151842404)--Connection(1002283735)--Thread(Thread[Test worker,5,main])--Connection acquired from connection pool [default].
[EL Finer]: transaction: 2016-09-21 09:18:14.807--ClientSession(1685212315)--Connection(1002283735)--Thread(Thread[Test worker,5,main])--begin transaction
[EL Finest]: connection: 2016-09-21 09:18:14.807--ClientSession(1685212315)--Thread(Thread[Test worker,5,main])--reconnecting to external connection pool
[EL Finest]: transaction: 2016-09-21 09:18:14.81--UnitOfWork(201557922)--Thread(Thread[Test worker,5,main])--persist() operation called on: RcpY1KA33Ud5gxj2Gt2p5iDsAYHJrK8mSijmfaGrwmMf4K2psd.
[EL Finest]: sequencing: 2016-09-21 09:18:14.81--UnitOfWork(201557922)--Thread(Thread[Test worker,5,main])--assign sequence to the object (04203D64-998F-4BD5-934A-439838C7AD41 -> RcpY1KA33Ud5gxj2Gt2p5iDsAYHJrK8mSijmfaGrwmMf4K2psd)
Wed Sep 21 09:18:14 UTC 2016|Unknown Alarm = ORGCM322100200 Alarm Split = ORG-CM-3-2-2-100-200
[EL Finer]: transaction: 2016-09-21 09:18:14.811--UnitOfWork(201557922)--Thread(Thread[Test worker,5,main])--begin unit of work commit
[EL Finest]: query: 2016-09-21 09:18:14.811--UnitOfWork(201557922)--Thread(Thread[Test worker,5,main])--Execute query InsertObjectQuery(RcpY1KA33Ud5gxj2Gt2p5iDsAYHJrK8mSijmfaGrwmMf4K2psd)
[EL Fine]: sql: 2016-09-21 09:18:14.811--ClientSession(1685212315)--Connection(1764241673)--Thread(Thread[Test worker,5,main])--INSERT INTO SocialCategory (socialCatId, socialCatName, versionId, createdBy, createdDate, updatedBy, updatedDate, activeStatus, txnAccessCode) VALUES (?, ?, ?, ?, ?, ?, ?, ?, ?)
	bind => [04203D64-998F-4BD5-934A-439838C7AD41, RcpY1KA33Ud5gxj2Gt2p5iDsAYHJrK8mSijmfaGrwmMf4K2psd, 1, AAAAA, 2016-09-21 09:18:14.788, AAAAA, 2016-09-21 09:18:14.788, 1, 51000]
[EL Finer]: transaction: 2016-09-21 09:18:14.813--ClientSession(1685212315)--Connection(1764241673)--Thread(Thread[Test worker,5,main])--commit transaction
[EL Finest]: connection: 2016-09-21 09:18:14.844--ServerSession(1151842404)--Connection(1002283735)--Thread(Thread[Test worker,5,main])--Connection released to connection pool [default].
[EL Finer]: transaction: 2016-09-21 09:18:14.844--UnitOfWork(201557922)--Thread(Thread[Test worker,5,main])--end unit of work commit
[EL Finer]: transaction: 2016-09-21 09:18:14.844--UnitOfWork(201557922)--Thread(Thread[Test worker,5,main])--resume unit of work
[EL Finer]: transaction: 2016-09-21 09:18:14.844--UnitOfWork(201557922)--Thread(Thread[Test worker,5,main])--release unit of work
[EL Finer]: connection: 2016-09-21 09:18:14.844--ClientSession(1685212315)--Thread(Thread[Test worker,5,main])--client released
[EL Finer]: connection: 2016-09-21 09:18:14.927--ServerSession(1151842404)--Thread(Thread[Test worker,5,main])--client acquired: 1401394104
[EL Finer]: transaction: 2016-09-21 09:18:14.927--ClientSession(1401394104)--Thread(Thread[Test worker,5,main])--acquire unit of work: 1777549279
[EL Finest]: connection: 2016-09-21 09:18:14.927--ServerSession(1151842404)--Connection(1625718736)--Thread(Thread[Test worker,5,main])--Connection acquired from connection pool [default].
[EL Finer]: transaction: 2016-09-21 09:18:14.928--ClientSession(1401394104)--Connection(1625718736)--Thread(Thread[Test worker,5,main])--begin transaction
[EL Finest]: connection: 2016-09-21 09:18:14.928--ClientSession(1401394104)--Thread(Thread[Test worker,5,main])--reconnecting to external connection pool
[EL Finest]: transaction: 2016-09-21 09:18:14.934--UnitOfWork(1777549279)--Thread(Thread[Test worker,5,main])--persist() operation called on: .
[EL Finest]: sequencing: 2016-09-21 09:18:14.935--UnitOfWork(1777549279)--Thread(Thread[Test worker,5,main])--assign sequence to the object (933DD5E3-17A0-4F2B-9BE0-665765D5FFB5 -> )
Wed Sep 21 09:18:14 UTC 2016|Unknown Alarm = ORGCM322100200 Alarm Split = ORG-CM-3-2-2-100-200
[EL Finer]: transaction: 2016-09-21 09:18:14.935--UnitOfWork(1777549279)--Thread(Thread[Test worker,5,main])--begin unit of work commit
[EL Finest]: query: 2016-09-21 09:18:14.936--UnitOfWork(1777549279)--Thread(Thread[Test worker,5,main])--Execute query InsertObjectQuery()
[EL Fine]: sql: 2016-09-21 09:18:14.936--ClientSession(1401394104)--Connection(723920633)--Thread(Thread[Test worker,5,main])--INSERT INTO SocialCommunication (socialId, commType, social, versionId, createdBy, createdDate, updatedBy, updatedDate, activeStatus, txnAccessCode, multiTenantId) VALUES (?, ?, ?, ?, ?, ?, ?, ?, ?, ?, ?)
	bind => [933DD5E3-17A0-4F2B-9BE0-665765D5FFB5, 04203D64-998F-4BD5-934A-439838C7AD41, 6n0ArD0fl2XXxzPfK7kFClHOaNiGdpOUSXEiVMwF8SOIykrezP, 1, AAAAA, 2016-09-21 09:18:14.844, AAAAA, 2016-09-21 09:18:14.844, 1, 51000, appCreateValue]
[EL Finer]: transaction: 2016-09-21 09:18:14.938--ClientSession(1401394104)--Connection(723920633)--Thread(Thread[Test worker,5,main])--commit transaction
[EL Finest]: connection: 2016-09-21 09:18:14.993--ServerSession(1151842404)--Connection(1625718736)--Thread(Thread[Test worker,5,main])--Connection released to connection pool [default].
[EL Finer]: transaction: 2016-09-21 09:18:14.993--UnitOfWork(1777549279)--Thread(Thread[Test worker,5,main])--end unit of work commit
[EL Finer]: transaction: 2016-09-21 09:18:14.994--UnitOfWork(1777549279)--Thread(Thread[Test worker,5,main])--resume unit of work
[EL Finer]: transaction: 2016-09-21 09:18:14.994--UnitOfWork(1777549279)--Thread(Thread[Test worker,5,main])--release unit of work
[EL Finer]: connection: 2016-09-21 09:18:14.994--ClientSession(1401394104)--Thread(Thread[Test worker,5,main])--client released
[EL Finer]: connection: 2016-09-21 09:18:15.04--ServerSession(1151842404)--Thread(Thread[Test worker,5,main])--client acquired: 231638711
[EL Finer]: transaction: 2016-09-21 09:18:15.04--ClientSession(231638711)--Thread(Thread[Test worker,5,main])--acquire unit of work: 1911447413
[EL Finest]: connection: 2016-09-21 09:18:15.04--ServerSession(1151842404)--Connection(1488794818)--Thread(Thread[Test worker,5,main])--Connection acquired from connection pool [default].
[EL Finer]: transaction: 2016-09-21 09:18:15.04--ClientSession(231638711)--Connection(1488794818)--Thread(Thread[Test worker,5,main])--begin transaction
[EL Finest]: connection: 2016-09-21 09:18:15.04--ClientSession(231638711)--Thread(Thread[Test worker,5,main])--reconnecting to external connection pool
[EL Finer]: transaction: 2016-09-21 09:18:15.042--UnitOfWork(1911447413)--Thread(Thread[Test worker,5,main])--begin unit of work flush
[EL Finer]: transaction: 2016-09-21 09:18:15.042--UnitOfWork(1911447413)--Thread(Thread[Test worker,5,main])--end unit of work flush
[EL Finest]: query: 2016-09-21 09:18:15.042--UnitOfWork(1911447413)--Thread(Thread[Test worker,5,main])--Execute query ReadAllQuery(name="SocialCommunication.findById" referenceClass=SocialCommunication sql="SELECT socialId, multiTenantId, commType, social, versionId, createdBy, createdDate, updatedBy, updatedDate, activeStatus, txnAccessCode FROM SocialCommunication WHERE (((activeStatus = ?) AND (socialId = ?)) AND (multiTenantId = ?))")
[EL Fine]: sql: 2016-09-21 09:18:15.042--ClientSession(231638711)--Connection(1999281860)--Thread(Thread[Test worker,5,main])--SELECT socialId, multiTenantId, commType, social, versionId, createdBy, createdDate, updatedBy, updatedDate, activeStatus, txnAccessCode FROM SocialCommunication WHERE (((activeStatus = ?) AND (socialId = ?)) AND (multiTenantId = ?))
	bind => [1, 933DD5E3-17A0-4F2B-9BE0-665765D5FFB5, appCreateValue]
Wed Sep 21 09:18:15 UTC 2016|Unknown Alarm = ORGCM324100200 Alarm Split = ORG-CM-3-2-4-100-200
[EL Finer]: transaction: 2016-09-21 09:18:15.044--UnitOfWork(1911447413)--Thread(Thread[Test worker,5,main])--begin unit of work commit
[EL Finer]: transaction: 2016-09-21 09:18:15.044--ClientSession(231638711)--Connection(1999281860)--Thread(Thread[Test worker,5,main])--commit transaction
[EL Finest]: connection: 2016-09-21 09:18:15.044--ServerSession(1151842404)--Connection(1488794818)--Thread(Thread[Test worker,5,main])--Connection released to connection pool [default].
[EL Finer]: transaction: 2016-09-21 09:18:15.045--UnitOfWork(1911447413)--Thread(Thread[Test worker,5,main])--end unit of work commit
[EL Finer]: transaction: 2016-09-21 09:18:15.045--UnitOfWork(1911447413)--Thread(Thread[Test worker,5,main])--resume unit of work
[EL Finer]: transaction: 2016-09-21 09:18:15.045--UnitOfWork(1911447413)--Thread(Thread[Test worker,5,main])--release unit of work
[EL Finer]: connection: 2016-09-21 09:18:15.045--ClientSession(231638711)--Thread(Thread[Test worker,5,main])--client released
[EL Finer]: connection: 2016-09-21 09:18:15.045--ServerSession(1151842404)--Thread(Thread[Test worker,5,main])--client acquired: 1128211243
[EL Finer]: transaction: 2016-09-21 09:18:15.045--ClientSession(1128211243)--Thread(Thread[Test worker,5,main])--acquire unit of work: 1713241738
[EL Finest]: connection: 2016-09-21 09:18:15.045--ServerSession(1151842404)--Connection(993151590)--Thread(Thread[Test worker,5,main])--Connection acquired from connection pool [default].
[EL Finer]: transaction: 2016-09-21 09:18:15.045--ClientSession(1128211243)--Connection(993151590)--Thread(Thread[Test worker,5,main])--begin transaction
[EL Finest]: connection: 2016-09-21 09:18:15.046--ClientSession(1128211243)--Thread(Thread[Test worker,5,main])--reconnecting to external connection pool
[EL Finest]: transaction: 2016-09-21 09:18:15.047--UnitOfWork(1713241738)--Thread(Thread[Test worker,5,main])--Merge clone with references 
[EL Finest]: query: 2016-09-21 09:18:15.048--UnitOfWork(1713241738)--Thread(Thread[Test worker,5,main])--Execute query ReadObjectQuery(referenceClass=SocialCommunication )
[EL Fine]: sql: 2016-09-21 09:18:15.048--ClientSession(1128211243)--Connection(58748994)--Thread(Thread[Test worker,5,main])--SELECT socialId, multiTenantId, commType, social, versionId, createdBy, createdDate, updatedBy, updatedDate, activeStatus, txnAccessCode FROM SocialCommunication WHERE ((socialId = ?) AND (multiTenantId = ?))
	bind => [933DD5E3-17A0-4F2B-9BE0-665765D5FFB5, appCreateValue]
Wed Sep 21 09:18:15 UTC 2016|Unknown Alarm = ORGCM321100200 Alarm Split = ORG-CM-3-2-1-100-200
[EL Finer]: transaction: 2016-09-21 09:18:15.05--UnitOfWork(1713241738)--Thread(Thread[Test worker,5,main])--begin unit of work commit
[EL Finest]: query: 2016-09-21 09:18:15.05--UnitOfWork(1713241738)--Thread(Thread[Test worker,5,main])--Execute query UpdateObjectQuery()
[EL Fine]: sql: 2016-09-21 09:18:15.051--ClientSession(1128211243)--Connection(58748994)--Thread(Thread[Test worker,5,main])--UPDATE SocialCommunication SET social = ?, versionId = ? WHERE ((socialId = ?) AND (versionId = ?))
	bind => [eZmDgopHgt0kZ4Otr4b85HL2SpWOrq32ZE03ytL1oItyiOpjr0, 2, 933DD5E3-17A0-4F2B-9BE0-665765D5FFB5, 1]
[EL Finer]: transaction: 2016-09-21 09:18:15.052--ClientSession(1128211243)--Connection(58748994)--Thread(Thread[Test worker,5,main])--commit transaction
[EL Finest]: connection: 2016-09-21 09:18:15.126--ServerSession(1151842404)--Connection(993151590)--Thread(Thread[Test worker,5,main])--Connection released to connection pool [default].
[EL Finer]: transaction: 2016-09-21 09:18:15.126--UnitOfWork(1713241738)--Thread(Thread[Test worker,5,main])--end unit of work commit
[EL Finer]: transaction: 2016-09-21 09:18:15.127--UnitOfWork(1713241738)--Thread(Thread[Test worker,5,main])--resume unit of work
[EL Finer]: transaction: 2016-09-21 09:18:15.127--UnitOfWork(1713241738)--Thread(Thread[Test worker,5,main])--release unit of work
[EL Finer]: connection: 2016-09-21 09:18:15.127--ClientSession(1128211243)--Thread(Thread[Test worker,5,main])--client released
[EL Finer]: connection: 2016-09-21 09:18:15.16--ServerSession(1151842404)--Thread(Thread[Test worker,5,main])--client acquired: 18266175
[EL Finer]: transaction: 2016-09-21 09:18:15.16--ClientSession(18266175)--Thread(Thread[Test worker,5,main])--acquire unit of work: 2056925351
[EL Finest]: connection: 2016-09-21 09:18:15.16--ServerSession(1151842404)--Connection(552624851)--Thread(Thread[Test worker,5,main])--Connection acquired from connection pool [default].
[EL Finer]: transaction: 2016-09-21 09:18:15.16--ClientSession(18266175)--Connection(552624851)--Thread(Thread[Test worker,5,main])--begin transaction
[EL Finest]: connection: 2016-09-21 09:18:15.16--ClientSession(18266175)--Thread(Thread[Test worker,5,main])--reconnecting to external connection pool
[EL Finer]: transaction: 2016-09-21 09:18:15.161--UnitOfWork(2056925351)--Thread(Thread[Test worker,5,main])--begin unit of work flush
[EL Finer]: transaction: 2016-09-21 09:18:15.161--UnitOfWork(2056925351)--Thread(Thread[Test worker,5,main])--end unit of work flush
[EL Finest]: query: 2016-09-21 09:18:15.161--UnitOfWork(2056925351)--Thread(Thread[Test worker,5,main])--Execute query ReadAllQuery(name="SocialCommunication.findById" referenceClass=SocialCommunication sql="SELECT socialId, multiTenantId, commType, social, versionId, createdBy, createdDate, updatedBy, updatedDate, activeStatus, txnAccessCode FROM SocialCommunication WHERE (((activeStatus = ?) AND (socialId = ?)) AND (multiTenantId = ?))")
[EL Fine]: sql: 2016-09-21 09:18:15.162--ClientSession(18266175)--Connection(1231553549)--Thread(Thread[Test worker,5,main])--SELECT socialId, multiTenantId, commType, social, versionId, createdBy, createdDate, updatedBy, updatedDate, activeStatus, txnAccessCode FROM SocialCommunication WHERE (((activeStatus = ?) AND (socialId = ?)) AND (multiTenantId = ?))
	bind => [1, 933DD5E3-17A0-4F2B-9BE0-665765D5FFB5, appCreateValue]
Wed Sep 21 09:18:15 UTC 2016|Unknown Alarm = ORGCM324100200 Alarm Split = ORG-CM-3-2-4-100-200
[EL Finer]: transaction: 2016-09-21 09:18:15.163--UnitOfWork(2056925351)--Thread(Thread[Test worker,5,main])--begin unit of work commit
[EL Finer]: transaction: 2016-09-21 09:18:15.164--ClientSession(18266175)--Connection(1231553549)--Thread(Thread[Test worker,5,main])--commit transaction
[EL Finest]: connection: 2016-09-21 09:18:15.164--ServerSession(1151842404)--Connection(552624851)--Thread(Thread[Test worker,5,main])--Connection released to connection pool [default].
[EL Finer]: transaction: 2016-09-21 09:18:15.164--UnitOfWork(2056925351)--Thread(Thread[Test worker,5,main])--end unit of work commit
[EL Finer]: transaction: 2016-09-21 09:18:15.164--UnitOfWork(2056925351)--Thread(Thread[Test worker,5,main])--resume unit of work
[EL Finer]: transaction: 2016-09-21 09:18:15.164--UnitOfWork(2056925351)--Thread(Thread[Test worker,5,main])--release unit of work
[EL Finer]: connection: 2016-09-21 09:18:15.165--ClientSession(18266175)--Thread(Thread[Test worker,5,main])--client released
[EL Finer]: connection: 2016-09-21 09:18:15.194--ServerSession(1151842404)--Thread(Thread[Test worker,5,main])--client acquired: 894460023
[EL Finer]: transaction: 2016-09-21 09:18:15.194--ClientSession(894460023)--Thread(Thread[Test worker,5,main])--acquire unit of work: 804077561
[EL Finest]: connection: 2016-09-21 09:18:15.194--ServerSession(1151842404)--Connection(16977156)--Thread(Thread[Test worker,5,main])--Connection acquired from connection pool [default].
[EL Finer]: transaction: 2016-09-21 09:18:15.194--ClientSession(894460023)--Connection(16977156)--Thread(Thread[Test worker,5,main])--begin transaction
[EL Finest]: connection: 2016-09-21 09:18:15.194--ClientSession(894460023)--Thread(Thread[Test worker,5,main])--reconnecting to external connection pool
[EL Finer]: transaction: 2016-09-21 09:18:15.195--UnitOfWork(804077561)--Thread(Thread[Test worker,5,main])--begin unit of work flush
[EL Finer]: transaction: 2016-09-21 09:18:15.195--UnitOfWork(804077561)--Thread(Thread[Test worker,5,main])--end unit of work flush
[EL Finest]: query: 2016-09-21 09:18:15.195--UnitOfWork(804077561)--Thread(Thread[Test worker,5,main])--Execute query ReadAllQuery(name="SocialCommunication.findByCommType" referenceClass=SocialCommunication sql="SELECT socialId, multiTenantId, commType, social, versionId, createdBy, createdDate, updatedBy, updatedDate, activeStatus, txnAccessCode FROM SocialCommunication WHERE (((activeStatus = ?) AND (commType = ?)) AND (multiTenantId = ?))")
[EL Fine]: sql: 2016-09-21 09:18:15.196--ClientSession(894460023)--Connection(669034836)--Thread(Thread[Test worker,5,main])--SELECT socialId, multiTenantId, commType, social, versionId, createdBy, createdDate, updatedBy, updatedDate, activeStatus, txnAccessCode FROM SocialCommunication WHERE (((activeStatus = ?) AND (commType = ?)) AND (multiTenantId = ?))
	bind => [1, 04203D64-998F-4BD5-934A-439838C7AD41, appCreateValue]
Wed Sep 21 09:18:15 UTC 2016|Unknown Alarm = ORGCM324100200 Alarm Split = ORG-CM-3-2-4-100-200
[EL Finer]: transaction: 2016-09-21 09:18:15.197--UnitOfWork(804077561)--Thread(Thread[Test worker,5,main])--begin unit of work commit
[EL Finer]: transaction: 2016-09-21 09:18:15.198--ClientSession(894460023)--Connection(669034836)--Thread(Thread[Test worker,5,main])--commit transaction
[EL Finest]: connection: 2016-09-21 09:18:15.198--ServerSession(1151842404)--Connection(16977156)--Thread(Thread[Test worker,5,main])--Connection released to connection pool [default].
[EL Finer]: transaction: 2016-09-21 09:18:15.198--UnitOfWork(804077561)--Thread(Thread[Test worker,5,main])--end unit of work commit
[EL Finer]: transaction: 2016-09-21 09:18:15.198--UnitOfWork(804077561)--Thread(Thread[Test worker,5,main])--resume unit of work
[EL Finer]: transaction: 2016-09-21 09:18:15.198--UnitOfWork(804077561)--Thread(Thread[Test worker,5,main])--release unit of work
[EL Finer]: connection: 2016-09-21 09:18:15.198--ClientSession(894460023)--Thread(Thread[Test worker,5,main])--client released
[EL Finer]: connection: 2016-09-21 09:18:15.239--ServerSession(1151842404)--Thread(Thread[Test worker,5,main])--client acquired: 1300820159
[EL Finer]: transaction: 2016-09-21 09:18:15.239--ClientSession(1300820159)--Thread(Thread[Test worker,5,main])--acquire unit of work: 1500885853
[EL Finest]: connection: 2016-09-21 09:18:15.239--ServerSession(1151842404)--Connection(1045613709)--Thread(Thread[Test worker,5,main])--Connection acquired from connection pool [default].
[EL Finer]: transaction: 2016-09-21 09:18:15.239--ClientSession(1300820159)--Connection(1045613709)--Thread(Thread[Test worker,5,main])--begin transaction
[EL Finest]: connection: 2016-09-21 09:18:15.239--ClientSession(1300820159)--Thread(Thread[Test worker,5,main])--reconnecting to external connection pool
[EL Finest]: query: 2016-09-21 09:18:15.24--UnitOfWork(1500885853)--Thread(Thread[Test worker,5,main])--Execute query ReadObjectQuery(name="readSocialCommunication" referenceClass=SocialCommunication sql="SELECT socialId, multiTenantId, commType, social, versionId, createdBy, createdDate, updatedBy, updatedDate, activeStatus, txnAccessCode FROM SocialCommunication WHERE ((socialId = ?) AND (multiTenantId = ?))")
[EL Fine]: sql: 2016-09-21 09:18:15.24--ClientSession(1300820159)--Connection(1146825583)--Thread(Thread[Test worker,5,main])--SELECT socialId, multiTenantId, commType, social, versionId, createdBy, createdDate, updatedBy, updatedDate, activeStatus, txnAccessCode FROM SocialCommunication WHERE ((socialId = ?) AND (multiTenantId = ?))
	bind => [933DD5E3-17A0-4F2B-9BE0-665765D5FFB5, appCreateValue]
[EL Finest]: transaction: 2016-09-21 09:18:15.241--UnitOfWork(1500885853)--Thread(Thread[Test worker,5,main])--remove() operation called on: 
Wed Sep 21 09:18:15 UTC 2016|Unknown Alarm = ORGCM328100200 Alarm Split = ORG-CM-3-2-8-100-200
[EL Finer]: transaction: 2016-09-21 09:18:15.242--UnitOfWork(1500885853)--Thread(Thread[Test worker,5,main])--begin unit of work commit
[EL Finest]: query: 2016-09-21 09:18:15.242--UnitOfWork(1500885853)--Thread(Thread[Test worker,5,main])--Execute query DoesExistQuery(referenceClass=SocialCommunication )
[EL Finest]: query: 2016-09-21 09:18:15.242--UnitOfWork(1500885853)--Thread(Thread[Test worker,5,main])--Execute query DeleteObjectQuery()
[EL Fine]: sql: 2016-09-21 09:18:15.242--ClientSession(1300820159)--Connection(1146825583)--Thread(Thread[Test worker,5,main])--DELETE FROM SocialCommunication WHERE ((socialId = ?) AND (versionId = ?))
	bind => [933DD5E3-17A0-4F2B-9BE0-665765D5FFB5, 2]
[EL Finer]: transaction: 2016-09-21 09:18:15.243--ClientSession(1300820159)--Connection(1146825583)--Thread(Thread[Test worker,5,main])--commit transaction
[EL Finest]: connection: 2016-09-21 09:18:15.291--ServerSession(1151842404)--Connection(1045613709)--Thread(Thread[Test worker,5,main])--Connection released to connection pool [default].
[EL Finer]: transaction: 2016-09-21 09:18:15.291--UnitOfWork(1500885853)--Thread(Thread[Test worker,5,main])--end unit of work commit
[EL Finer]: transaction: 2016-09-21 09:18:15.291--UnitOfWork(1500885853)--Thread(Thread[Test worker,5,main])--resume unit of work
[EL Finer]: transaction: 2016-09-21 09:18:15.291--UnitOfWork(1500885853)--Thread(Thread[Test worker,5,main])--release unit of work
[EL Finer]: connection: 2016-09-21 09:18:15.291--ClientSession(1300820159)--Thread(Thread[Test worker,5,main])--client released
[EL Finer]: connection: 2016-09-21 09:18:15.309--ServerSession(1151842404)--Thread(Thread[Test worker,5,main])--client acquired: 1670894431
[EL Finer]: transaction: 2016-09-21 09:18:15.309--ClientSession(1670894431)--Thread(Thread[Test worker,5,main])--acquire unit of work: 79049998
[EL Finest]: connection: 2016-09-21 09:18:15.309--ServerSession(1151842404)--Connection(1448422540)--Thread(Thread[Test worker,5,main])--Connection acquired from connection pool [default].
[EL Finer]: transaction: 2016-09-21 09:18:15.309--ClientSession(1670894431)--Connection(1448422540)--Thread(Thread[Test worker,5,main])--begin transaction
[EL Finest]: connection: 2016-09-21 09:18:15.309--ClientSession(1670894431)--Thread(Thread[Test worker,5,main])--reconnecting to external connection pool
[EL Finest]: query: 2016-09-21 09:18:15.31--UnitOfWork(79049998)--Thread(Thread[Test worker,5,main])--Execute query ReadObjectQuery(name="readSocialCategory" referenceClass=SocialCategory sql="SELECT socialCatId, socialCatName, versionId, createdBy, createdDate, updatedBy, updatedDate, activeStatus, txnAccessCode FROM SocialCategory WHERE (socialCatId = ?)")
[EL Fine]: sql: 2016-09-21 09:18:15.311--ClientSession(1670894431)--Connection(111449037)--Thread(Thread[Test worker,5,main])--SELECT socialCatId, socialCatName, versionId, createdBy, createdDate, updatedBy, updatedDate, activeStatus, txnAccessCode FROM SocialCategory WHERE (socialCatId = ?)
	bind => [04203D64-998F-4BD5-934A-439838C7AD41]
[EL Finest]: transaction: 2016-09-21 09:18:15.312--UnitOfWork(79049998)--Thread(Thread[Test worker,5,main])--remove() operation called on: RcpY1KA33Ud5gxj2Gt2p5iDsAYHJrK8mSijmfaGrwmMf4K2psd
Wed Sep 21 09:18:15 UTC 2016|Unknown Alarm = ORGCM328100200 Alarm Split = ORG-CM-3-2-8-100-200
[EL Finer]: transaction: 2016-09-21 09:18:15.312--UnitOfWork(79049998)--Thread(Thread[Test worker,5,main])--begin unit of work commit
[EL Finest]: query: 2016-09-21 09:18:15.313--UnitOfWork(79049998)--Thread(Thread[Test worker,5,main])--Execute query DoesExistQuery(referenceClass=SocialCategory )
[EL Finest]: query: 2016-09-21 09:18:15.313--UnitOfWork(79049998)--Thread(Thread[Test worker,5,main])--Execute query DeleteObjectQuery(RcpY1KA33Ud5gxj2Gt2p5iDsAYHJrK8mSijmfaGrwmMf4K2psd)
[EL Fine]: sql: 2016-09-21 09:18:15.313--ClientSession(1670894431)--Connection(111449037)--Thread(Thread[Test worker,5,main])--DELETE FROM SocialCategory WHERE ((socialCatId = ?) AND (versionId = ?))
	bind => [04203D64-998F-4BD5-934A-439838C7AD41, 1]
[EL Finer]: transaction: 2016-09-21 09:18:15.316--ClientSession(1670894431)--Connection(111449037)--Thread(Thread[Test worker,5,main])--commit transaction
[EL Finest]: connection: 2016-09-21 09:18:15.34--ServerSession(1151842404)--Connection(1448422540)--Thread(Thread[Test worker,5,main])--Connection released to connection pool [default].
[EL Finer]: transaction: 2016-09-21 09:18:15.341--UnitOfWork(79049998)--Thread(Thread[Test worker,5,main])--end unit of work commit
[EL Finer]: transaction: 2016-09-21 09:18:15.341--UnitOfWork(79049998)--Thread(Thread[Test worker,5,main])--resume unit of work
[EL Finer]: transaction: 2016-09-21 09:18:15.341--UnitOfWork(79049998)--Thread(Thread[Test worker,5,main])--release unit of work
[EL Finer]: connection: 2016-09-21 09:18:15.341--ClientSession(1670894431)--Thread(Thread[Test worker,5,main])--client released
]]></system-out>
  <system-err><![CDATA[SocialCommunication.social may not be null
java.lang.SecurityException: SocialCommunication.social may not be null
	at com.athena.server.pluggable.utils.helper.EntityValidatorHelper.validateEntity(EntityValidatorHelper.java:37)
	at com.app.shared.organization.contactmanagement.SocialCommunication.isValid(SocialCommunication.java:176)
	at com.app.server.service.organization.contactmanagement.SocialCommunicationTestCase.validateSocialCommunication(SocialCommunicationTestCase.java:233)
	at com.app.server.service.organization.contactmanagement.SocialCommunicationTestCase.test5NegativeTesting(SocialCommunicationTestCase.java:264)
	at sun.reflect.NativeMethodAccessorImpl.invoke0(Native Method)
	at sun.reflect.NativeMethodAccessorImpl.invoke(NativeMethodAccessorImpl.java:57)
	at sun.reflect.DelegatingMethodAccessorImpl.invoke(DelegatingMethodAccessorImpl.java:43)
	at java.lang.reflect.Method.invoke(Method.java:606)
	at org.junit.runners.model.FrameworkMethod$1.runReflectiveCall(FrameworkMethod.java:47)
	at org.junit.internal.runners.model.ReflectiveCallable.run(ReflectiveCallable.java:12)
	at org.junit.runners.model.FrameworkMethod.invokeExplosively(FrameworkMethod.java:44)
	at org.junit.internal.runners.statements.InvokeMethod.evaluate(InvokeMethod.java:17)
	at org.junit.internal.runners.statements.RunBefores.evaluate(RunBefores.java:26)
	at org.springframework.test.context.junit4.statements.RunBeforeTestMethodCallbacks.evaluate(RunBeforeTestMethodCallbacks.java:74)
	at org.junit.internal.runners.statements.RunAfters.evaluate(RunAfters.java:27)
	at org.springframework.test.context.junit4.statements.RunAfterTestMethodCallbacks.evaluate(RunAfterTestMethodCallbacks.java:83)
	at org.springframework.test.context.junit4.statements.SpringRepeat.evaluate(SpringRepeat.java:72)
	at org.springframework.test.context.junit4.SpringJUnit4ClassRunner.runChild(SpringJUnit4ClassRunner.java:233)
	at org.springframework.test.context.junit4.SpringJUnit4ClassRunner.runChild(SpringJUnit4ClassRunner.java:87)
	at org.junit.runners.ParentRunner$3.run(ParentRunner.java:238)
	at org.junit.runners.ParentRunner$1.schedule(ParentRunner.java:63)
	at org.junit.runners.ParentRunner.runChildren(ParentRunner.java:236)
	at org.junit.runners.ParentRunner.access$000(ParentRunner.java:53)
	at org.junit.runners.ParentRunner$2.evaluate(ParentRunner.java:229)
	at org.junit.internal.runners.statements.RunBefores.evaluate(RunBefores.java:26)
	at org.springframework.test.context.junit4.statements.RunBeforeTestClassCallbacks.evaluate(RunBeforeTestClassCallbacks.java:61)
	at org.springframework.test.context.junit4.statements.RunAfterTestClassCallbacks.evaluate(RunAfterTestClassCallbacks.java:71)
	at org.junit.runners.ParentRunner.run(ParentRunner.java:309)
	at org.springframework.test.context.junit4.SpringJUnit4ClassRunner.run(SpringJUnit4ClassRunner.java:176)
	at org.gradle.api.internal.tasks.testing.junit.JUnitTestClassExecuter.runTestClass(JUnitTestClassExecuter.java:86)
	at org.gradle.api.internal.tasks.testing.junit.JUnitTestClassExecuter.execute(JUnitTestClassExecuter.java:49)
	at org.gradle.api.internal.tasks.testing.junit.JUnitTestClassProcessor.processTestClass(JUnitTestClassProcessor.java:64)
	at org.gradle.api.internal.tasks.testing.SuiteTestClassProcessor.processTestClass(SuiteTestClassProcessor.java:50)
	at sun.reflect.GeneratedMethodAccessor126.invoke(Unknown Source)
	at sun.reflect.DelegatingMethodAccessorImpl.invoke(DelegatingMethodAccessorImpl.java:43)
	at java.lang.reflect.Method.invoke(Method.java:606)
	at org.gradle.messaging.dispatch.ReflectionDispatch.dispatch(ReflectionDispatch.java:35)
	at org.gradle.messaging.dispatch.ReflectionDispatch.dispatch(ReflectionDispatch.java:24)
	at org.gradle.messaging.dispatch.ContextClassLoaderDispatch.dispatch(ContextClassLoaderDispatch.java:32)
	at org.gradle.messaging.dispatch.ProxyDispatchAdapter$DispatchingInvocationHandler.invoke(ProxyDispatchAdapter.java:93)
	at com.sun.proxy.$Proxy2.processTestClass(Unknown Source)
	at org.gradle.api.internal.tasks.testing.worker.TestWorker.processTestClass(TestWorker.java:106)
	at sun.reflect.GeneratedMethodAccessor125.invoke(Unknown Source)
	at sun.reflect.DelegatingMethodAccessorImpl.invoke(DelegatingMethodAccessorImpl.java:43)
	at java.lang.reflect.Method.invoke(Method.java:606)
	at org.gradle.messaging.dispatch.ReflectionDispatch.dispatch(ReflectionDispatch.java:35)
	at org.gradle.messaging.dispatch.ReflectionDispatch.dispatch(ReflectionDispatch.java:24)
	at org.gradle.messaging.remote.internal.hub.MessageHub$Handler.run(MessageHub.java:360)
	at org.gradle.internal.concurrent.DefaultExecutorFactory$StoppableExecutorImpl$1.run(DefaultExecutorFactory.java:64)
	at java.util.concurrent.ThreadPoolExecutor.runWorker(ThreadPoolExecutor.java:1145)
	at java.util.concurrent.ThreadPoolExecutor$Worker.run(ThreadPoolExecutor.java:615)
	at java.lang.Thread.run(Thread.java:745)
SocialCommunication.social size must be between 1 and 256
java.lang.SecurityException: SocialCommunication.social size must be between 1 and 256
	at com.athena.server.pluggable.utils.helper.EntityValidatorHelper.validateEntity(EntityValidatorHelper.java:37)
	at com.app.shared.organization.contactmanagement.SocialCommunication.isValid(SocialCommunication.java:176)
	at com.app.server.service.organization.contactmanagement.SocialCommunicationTestCase.validateSocialCommunication(SocialCommunicationTestCase.java:231)
	at com.app.server.service.organization.contactmanagement.SocialCommunicationTestCase.test5NegativeTesting(SocialCommunicationTestCase.java:269)
	at sun.reflect.NativeMethodAccessorImpl.invoke0(Native Method)
	at sun.reflect.NativeMethodAccessorImpl.invoke(NativeMethodAccessorImpl.java:57)
	at sun.reflect.DelegatingMethodAccessorImpl.invoke(DelegatingMethodAccessorImpl.java:43)
	at java.lang.reflect.Method.invoke(Method.java:606)
	at org.junit.runners.model.FrameworkMethod$1.runReflectiveCall(FrameworkMethod.java:47)
	at org.junit.internal.runners.model.ReflectiveCallable.run(ReflectiveCallable.java:12)
	at org.junit.runners.model.FrameworkMethod.invokeExplosively(FrameworkMethod.java:44)
	at org.junit.internal.runners.statements.InvokeMethod.evaluate(InvokeMethod.java:17)
	at org.junit.internal.runners.statements.RunBefores.evaluate(RunBefores.java:26)
	at org.springframework.test.context.junit4.statements.RunBeforeTestMethodCallbacks.evaluate(RunBeforeTestMethodCallbacks.java:74)
	at org.junit.internal.runners.statements.RunAfters.evaluate(RunAfters.java:27)
	at org.springframework.test.context.junit4.statements.RunAfterTestMethodCallbacks.evaluate(RunAfterTestMethodCallbacks.java:83)
	at org.springframework.test.context.junit4.statements.SpringRepeat.evaluate(SpringRepeat.java:72)
	at org.springframework.test.context.junit4.SpringJUnit4ClassRunner.runChild(SpringJUnit4ClassRunner.java:233)
	at org.springframework.test.context.junit4.SpringJUnit4ClassRunner.runChild(SpringJUnit4ClassRunner.java:87)
	at org.junit.runners.ParentRunner$3.run(ParentRunner.java:238)
	at org.junit.runners.ParentRunner$1.schedule(ParentRunner.java:63)
	at org.junit.runners.ParentRunner.runChildren(ParentRunner.java:236)
	at org.junit.runners.ParentRunner.access$000(ParentRunner.java:53)
	at org.junit.runners.ParentRunner$2.evaluate(ParentRunner.java:229)
	at org.junit.internal.runners.statements.RunBefores.evaluate(RunBefores.java:26)
	at org.springframework.test.context.junit4.statements.RunBeforeTestClassCallbacks.evaluate(RunBeforeTestClassCallbacks.java:61)
	at org.springframework.test.context.junit4.statements.RunAfterTestClassCallbacks.evaluate(RunAfterTestClassCallbacks.java:71)
	at org.junit.runners.ParentRunner.run(ParentRunner.java:309)
	at org.springframework.test.context.junit4.SpringJUnit4ClassRunner.run(SpringJUnit4ClassRunner.java:176)
	at org.gradle.api.internal.tasks.testing.junit.JUnitTestClassExecuter.runTestClass(JUnitTestClassExecuter.java:86)
	at org.gradle.api.internal.tasks.testing.junit.JUnitTestClassExecuter.execute(JUnitTestClassExecuter.java:49)
	at org.gradle.api.internal.tasks.testing.junit.JUnitTestClassProcessor.processTestClass(JUnitTestClassProcessor.java:64)
	at org.gradle.api.internal.tasks.testing.SuiteTestClassProcessor.processTestClass(SuiteTestClassProcessor.java:50)
	at sun.reflect.GeneratedMethodAccessor126.invoke(Unknown Source)
	at sun.reflect.DelegatingMethodAccessorImpl.invoke(DelegatingMethodAccessorImpl.java:43)
	at java.lang.reflect.Method.invoke(Method.java:606)
	at org.gradle.messaging.dispatch.ReflectionDispatch.dispatch(ReflectionDispatch.java:35)
	at org.gradle.messaging.dispatch.ReflectionDispatch.dispatch(ReflectionDispatch.java:24)
	at org.gradle.messaging.dispatch.ContextClassLoaderDispatch.dispatch(ContextClassLoaderDispatch.java:32)
	at org.gradle.messaging.dispatch.ProxyDispatchAdapter$DispatchingInvocationHandler.invoke(ProxyDispatchAdapter.java:93)
	at com.sun.proxy.$Proxy2.processTestClass(Unknown Source)
	at org.gradle.api.internal.tasks.testing.worker.TestWorker.processTestClass(TestWorker.java:106)
	at sun.reflect.GeneratedMethodAccessor125.invoke(Unknown Source)
	at sun.reflect.DelegatingMethodAccessorImpl.invoke(DelegatingMethodAccessorImpl.java:43)
	at java.lang.reflect.Method.invoke(Method.java:606)
	at org.gradle.messaging.dispatch.ReflectionDispatch.dispatch(ReflectionDispatch.java:35)
	at org.gradle.messaging.dispatch.ReflectionDispatch.dispatch(ReflectionDispatch.java:24)
	at org.gradle.messaging.remote.internal.hub.MessageHub$Handler.run(MessageHub.java:360)
	at org.gradle.internal.concurrent.DefaultExecutorFactory$StoppableExecutorImpl$1.run(DefaultExecutorFactory.java:64)
	at java.util.concurrent.ThreadPoolExecutor.runWorker(ThreadPoolExecutor.java:1145)
	at java.util.concurrent.ThreadPoolExecutor$Worker.run(ThreadPoolExecutor.java:615)
	at java.lang.Thread.run(Thread.java:745)
]]></system-err>
</testsuite>
