<?xml version="1.0" encoding="UTF-8"?>
<testsuite name="com.app.server.service.appbasicsetup.usermanagement.LoginTestCase" tests="7" skipped="0" failures="0" errors="0" timestamp="2016-09-21T09:17:59" hostname="c76164883ac0" time="2.774">
  <properties/>
  <testcase name="test1Save" classname="com.app.server.service.appbasicsetup.usermanagement.LoginTestCase" time="1.239"/>
  <testcase name="test2Update" classname="com.app.server.service.appbasicsetup.usermanagement.LoginTestCase" time="0.155"/>
  <testcase name="test3FindById" classname="com.app.server.service.appbasicsetup.usermanagement.LoginTestCase" time="0.058"/>
  <testcase name="test5NegativeTesting" classname="com.app.server.service.appbasicsetup.usermanagement.LoginTestCase" time="0.027"/>
  <testcase name="test6Delete" classname="com.app.server.service.appbasicsetup.usermanagement.LoginTestCase" time="1.191"/>
  <testcase name="testNQFindMappedUser" classname="com.app.server.service.appbasicsetup.usermanagement.LoginTestCase" time="0.065"/>
  <testcase name="testNQFindUnMappedUser" classname="com.app.server.service.appbasicsetup.usermanagement.LoginTestCase" time="0.037"/>
  <system-out><![CDATA[Wed Sep 21 09:17:59 UTC 2016|Log Manager Factory|Initialization Process started.....
Wed Sep 21 09:17:59 UTC 2016|Log Manager|Initialized with Path = [/home/applifire/workspace/testpro/src/main/webapp/WEB-INF/conf]
Wed Sep 21 09:17:59 UTC 2016|Alarm Manager|Initialized with Path = [/home/applifire/workspace/testpro/src/main/webapp/WEB-INF/conf]
Wed Sep 21 09:17:59 UTC 2016|Alarm Manager|Loading Alarms ......
Wed Sep 21 09:17:59 UTC 2016|Alarm XML Parser|FWA|XML Parsing Complete........ 
Wed Sep 21 09:17:59 UTC 2016|Alarm File Manager|FWA|Alarm File Status.. [ApplicationFrameworkAlarms.xml]|Version=15|Status=Done 
Wed Sep 21 09:17:59 UTC 2016|Alarm File Manager|FWA|Alarm Stats = ( BC/AL=5/786 SYS=5/11 [786/0]  TPL=0/0 [0/0]  APP= A.Map=[875]  E.Map EC/RC=[391/79] )
Wed Sep 21 09:17:59 UTC 2016|Alarm XML Parser|APP|XML Parsing Complete........ 
Wed Sep 21 09:17:59 UTC 2016|Alarm File Manager|APP|Alarm File Status.. [ApplicationAlarms.xml]|Version=1|Status=Done 
Wed Sep 21 09:17:59 UTC 2016|Alarm File Manager|APP|Alarm Stats = ( BC/AL=5/786 SYS=5/11 [786/0]  TPL=0/0 [0/0]  APP=0/0 [0/0]  A.Map=[875]  E.Map EC/RC=[391/79] )
Wed Sep 21 09:17:59 UTC 2016|ApplicationAlarmContext| <><><><><> Create App Alarms ....  <><><><><> 
Wed Sep 21 09:17:59 UTC 2016|ApplicationAlarmContext|Alarms are generated ONLY in Development Mode.. 
Wed Sep 21 09:17:59 UTC 2016|Alarm Manager|APP|Alarm Stats = ( BC/AL=5/786 SYS=5/11 [786/0]  TPL=0/0 [0/0]  APP=0/0 [0/0]  A.Map=[875]  E.Map EC/RC=[391/79] )
Wed Sep 21 09:17:59 UTC 2016|Alarm Manager|Initialized Exception Lookup...
Wed Sep 21 09:17:59 UTC 2016|Log Manager|Initialize Log Config File ......
Wed Sep 21 09:17:59 UTC 2016|Pluggable Connectors|Adding Connectors : StandardOutputConnector isEnabled=true isDefault=false isFallBack=true
Wed Sep 21 09:17:59 UTC 2016|Pluggable Connectors|Adding Connectors : StandardFileConnector isEnabled=true isDefault=false isFallBack=false
Wed Sep 21 09:17:59 UTC 2016|Pluggable Connectors|Adding Connectors : Sprinkler isEnabled=true isDefault=true isFallBack=false
Wed Sep 21 09:17:59 UTC 2016|Pluggable Connectors|Default Connector Name : com.spartan.logger.core.LogMessenger
Wed Sep 21 09:17:59 UTC 2016|Log Config Parser|Connector Least Log Level =[4]  FallBack Log Level =[3]
Wed Sep 21 09:17:59 UTC 2016|Log Manager|Loading Default Connector for Logging ......
Wed Sep 21 09:17:59 UTC 2016|Log Manager|Loading class .. com.spartan.logger.core.LogMessenger
Wed Sep 21 09:17:59 UTC 2016|Plugggable Connector|Connector class com.spartan.logger.core.LogMessenger Initialized... @ Log Level = 3
Wed Sep 21 09:17:59 UTC 2016|Log Manager|Starting the Default Connector [com.spartan.logger.core.LogMessenger@7488e66] ....
Wed Sep 21 09:17:59 UTC 2016|Scheduler|Starting the Scheduler ......
Wed Sep 21 09:17:59 UTC 2016|Scheduler|Adding [LMID=[950cd733-ec55-4a91-aacb-ab957b93fa8b]] Delay=5 Time Unit=MINUTES
Wed Sep 21 09:17:59 UTC 2016|Scheduler|Adding [App Alarm Manager File=[ApplicationAlarms.xml]] Delay=30 Time Unit=MINUTES
Wed Sep 21 09:17:59 UTC 2016|Scheduler|Adding [FW Alarm Manager File=[ApplicationFrameworkAlarms.xml]] Delay=3 Time Unit=MINUTES
Wed Sep 21 09:17:59 UTC 2016|Scheduler|Startup Completed..
Wed Sep 21 09:17:59 UTC 2016|Log Manager|Initialization Process Complete ......
Wed Sep 21 09:17:59 UTC 2016|Log Manager Factory|Log Manager READY! ID = 950cd733-ec55-4a91-aacb-ab957b93fa8b
[EL Finer]: connection: 2016-09-21 09:17:59.364--ServerSession(1151842404)--Thread(Thread[Test worker,5,main])--client acquired: 1750927848
[EL Finer]: transaction: 2016-09-21 09:17:59.364--ClientSession(1750927848)--Thread(Thread[Test worker,5,main])--acquire unit of work: 875926495
[EL Finest]: connection: 2016-09-21 09:17:59.364--ServerSession(1151842404)--Connection(696201280)--Thread(Thread[Test worker,5,main])--Connection acquired from connection pool [default].
[EL Finer]: transaction: 2016-09-21 09:17:59.364--ClientSession(1750927848)--Connection(696201280)--Thread(Thread[Test worker,5,main])--begin transaction
[EL Finest]: connection: 2016-09-21 09:17:59.364--ClientSession(1750927848)--Thread(Thread[Test worker,5,main])--reconnecting to external connection pool
[EL Finest]: transaction: 2016-09-21 09:17:59.367--UnitOfWork(875926495)--Thread(Thread[Test worker,5,main])--persist() operation called on: 18224,eCro9yNGJbLxE7IEBCdftpURmI3CBgbFSN1gGqucUwUb5MODzk,5p73drAti8nZJpNk5hHCTsctO7lMu4FDrGNz5YCJYaZAviKhyD.
[EL Finest]: sequencing: 2016-09-21 09:17:59.367--UnitOfWork(875926495)--Thread(Thread[Test worker,5,main])--assign sequence to the object (B52FDEBC-327C-48E5-92EA-92795327ACA2 -> 18224,eCro9yNGJbLxE7IEBCdftpURmI3CBgbFSN1gGqucUwUb5MODzk,5p73drAti8nZJpNk5hHCTsctO7lMu4FDrGNz5YCJYaZAviKhyD)
[EL Finer]: transaction: 2016-09-21 09:17:59.368--UnitOfWork(875926495)--Thread(Thread[Test worker,5,main])--begin unit of work commit
[EL Finest]: query: 2016-09-21 09:17:59.368--UnitOfWork(875926495)--Thread(Thread[Test worker,5,main])--Execute query InsertObjectQuery(18224,eCro9yNGJbLxE7IEBCdftpURmI3CBgbFSN1gGqucUwUb5MODzk,5p73drAti8nZJpNk5hHCTsctO7lMu4FDrGNz5YCJYaZAviKhyD)
[EL Fine]: sql: 2016-09-21 09:17:59.369--ClientSession(1750927848)--Connection(1777237698)--Thread(Thread[Test worker,5,main])--INSERT INTO UserAccessDomain (userAccessDomainId, domainDescription, domainHelp, domainIcon, domainName, userAccessDomain, versionId, createdBy, createdDate, updatedBy, updatedDate, activeStatus, txnAccessCode) VALUES (?, ?, ?, ?, ?, ?, ?, ?, ?, ?, ?, ?, ?)
	bind => [B52FDEBC-327C-48E5-92EA-92795327ACA2, 5p73drAti8nZJpNk5hHCTsctO7lMu4FDrGNz5YCJYaZAviKhyD, gdeV0bQX0Xc4JtYSPL6sajWfN7zW1k5HhzSFazwz5XHrywEoAc, FCmT7YyFVvnzEwRXCimug7SDcyG0iEqd66KIZVrZjLIUws7ydD, eCro9yNGJbLxE7IEBCdftpURmI3CBgbFSN1gGqucUwUb5MODzk, 18224, 1, AAAAA, 2016-09-21 09:17:59.332, AAAAA, 2016-09-21 09:17:59.332, 1, 51000]
[EL Finer]: transaction: 2016-09-21 09:17:59.372--ClientSession(1750927848)--Connection(1777237698)--Thread(Thread[Test worker,5,main])--commit transaction
[EL Finest]: connection: 2016-09-21 09:17:59.459--ServerSession(1151842404)--Connection(696201280)--Thread(Thread[Test worker,5,main])--Connection released to connection pool [default].
[EL Finer]: transaction: 2016-09-21 09:17:59.459--UnitOfWork(875926495)--Thread(Thread[Test worker,5,main])--end unit of work commit
[EL Finer]: transaction: 2016-09-21 09:17:59.459--UnitOfWork(875926495)--Thread(Thread[Test worker,5,main])--resume unit of work
[EL Finer]: transaction: 2016-09-21 09:17:59.459--UnitOfWork(875926495)--Thread(Thread[Test worker,5,main])--release unit of work
[EL Finer]: connection: 2016-09-21 09:17:59.46--ClientSession(1750927848)--Thread(Thread[Test worker,5,main])--client released
[EL Finer]: connection: 2016-09-21 09:17:59.481--ServerSession(1151842404)--Thread(Thread[Test worker,5,main])--client acquired: 474354147
[EL Finer]: transaction: 2016-09-21 09:17:59.481--ClientSession(474354147)--Thread(Thread[Test worker,5,main])--acquire unit of work: 1010850965
[EL Finest]: connection: 2016-09-21 09:17:59.482--ServerSession(1151842404)--Connection(629037338)--Thread(Thread[Test worker,5,main])--Connection acquired from connection pool [default].
[EL Finer]: transaction: 2016-09-21 09:17:59.482--ClientSession(474354147)--Connection(629037338)--Thread(Thread[Test worker,5,main])--begin transaction
[EL Finest]: connection: 2016-09-21 09:17:59.482--ClientSession(474354147)--Thread(Thread[Test worker,5,main])--reconnecting to external connection pool
[EL Finest]: transaction: 2016-09-21 09:17:59.486--UnitOfWork(1010850965)--Thread(Thread[Test worker,5,main])--persist() operation called on: 71410,fvD6r1Nnk5eiFE7jvTYEQ8NUXQL9CGicNxcQK1jQbfGrCByF4u,ZTzuZFSvWBGFHGASfvAnyWL7tBJ1dZM3FZCczKCEwtFY6OW6v3.
[EL Finest]: sequencing: 2016-09-21 09:17:59.486--UnitOfWork(1010850965)--Thread(Thread[Test worker,5,main])--assign sequence to the object (BD8AD4C7-D3CC-491F-B62B-0A8228FD4BF5 -> 71410,fvD6r1Nnk5eiFE7jvTYEQ8NUXQL9CGicNxcQK1jQbfGrCByF4u,ZTzuZFSvWBGFHGASfvAnyWL7tBJ1dZM3FZCczKCEwtFY6OW6v3)
[EL Finer]: transaction: 2016-09-21 09:17:59.487--UnitOfWork(1010850965)--Thread(Thread[Test worker,5,main])--begin unit of work commit
[EL Finest]: query: 2016-09-21 09:17:59.487--UnitOfWork(1010850965)--Thread(Thread[Test worker,5,main])--Execute query InsertObjectQuery(71410,fvD6r1Nnk5eiFE7jvTYEQ8NUXQL9CGicNxcQK1jQbfGrCByF4u,ZTzuZFSvWBGFHGASfvAnyWL7tBJ1dZM3FZCczKCEwtFY6OW6v3)
[EL Fine]: sql: 2016-09-21 09:17:59.487--ClientSession(474354147)--Connection(1188924261)--Thread(Thread[Test worker,5,main])--INSERT INTO UserAccessLevel (userAccessLevelId, levelDescription, levelHelp, levelIcon, levelName, userAccessLevel, versionId, createdBy, createdDate, updatedBy, updatedDate, activeStatus, txnAccessCode) VALUES (?, ?, ?, ?, ?, ?, ?, ?, ?, ?, ?, ?, ?)
	bind => [BD8AD4C7-D3CC-491F-B62B-0A8228FD4BF5, ZTzuZFSvWBGFHGASfvAnyWL7tBJ1dZM3FZCczKCEwtFY6OW6v3, 57njnIay0arrQ0fjWWbYi26H5yACOnmBwRryx8oImkatQU2RvA, OmIcHN96vDUMzwXHOJVTfmBMGiHDVlhfEQ4ri0OJZ2fAdp2FQa, fvD6r1Nnk5eiFE7jvTYEQ8NUXQL9CGicNxcQK1jQbfGrCByF4u, 71410, 1, AAAAA, 2016-09-21 09:17:59.46, AAAAA, 2016-09-21 09:17:59.46, 1, 51000]
[EL Finer]: transaction: 2016-09-21 09:17:59.489--ClientSession(474354147)--Connection(1188924261)--Thread(Thread[Test worker,5,main])--commit transaction
[EL Finest]: connection: 2016-09-21 09:17:59.517--ServerSession(1151842404)--Connection(629037338)--Thread(Thread[Test worker,5,main])--Connection released to connection pool [default].
[EL Finer]: transaction: 2016-09-21 09:17:59.517--UnitOfWork(1010850965)--Thread(Thread[Test worker,5,main])--end unit of work commit
[EL Finer]: transaction: 2016-09-21 09:17:59.517--UnitOfWork(1010850965)--Thread(Thread[Test worker,5,main])--resume unit of work
[EL Finer]: transaction: 2016-09-21 09:17:59.517--UnitOfWork(1010850965)--Thread(Thread[Test worker,5,main])--release unit of work
[EL Finer]: connection: 2016-09-21 09:17:59.518--ClientSession(474354147)--Thread(Thread[Test worker,5,main])--client released
[EL Finer]: connection: 2016-09-21 09:17:59.544--ServerSession(1151842404)--Thread(Thread[Test worker,5,main])--client acquired: 1936399890
[EL Finer]: transaction: 2016-09-21 09:17:59.544--ClientSession(1936399890)--Thread(Thread[Test worker,5,main])--acquire unit of work: 2105764592
[EL Finest]: connection: 2016-09-21 09:17:59.544--ServerSession(1151842404)--Connection(1679067856)--Thread(Thread[Test worker,5,main])--Connection acquired from connection pool [default].
[EL Finer]: transaction: 2016-09-21 09:17:59.544--ClientSession(1936399890)--Connection(1679067856)--Thread(Thread[Test worker,5,main])--begin transaction
[EL Finest]: connection: 2016-09-21 09:17:59.544--ClientSession(1936399890)--Thread(Thread[Test worker,5,main])--reconnecting to external connection pool
[EL Finest]: transaction: 2016-09-21 09:17:59.547--UnitOfWork(2105764592)--Thread(Thread[Test worker,5,main])--persist() operation called on: 3,VaGHDL7UIdACcZaihNNV70R8qRlKQ5zr3hLU6h910GI15QMa1q.
[EL Finest]: sequencing: 2016-09-21 09:17:59.547--UnitOfWork(2105764592)--Thread(Thread[Test worker,5,main])--assign sequence to the object (832438F2-EE61-4097-B775-1AACE8B99D85 -> 3,VaGHDL7UIdACcZaihNNV70R8qRlKQ5zr3hLU6h910GI15QMa1q)
[EL Finer]: transaction: 2016-09-21 09:17:59.547--UnitOfWork(2105764592)--Thread(Thread[Test worker,5,main])--begin unit of work commit
[EL Finest]: query: 2016-09-21 09:17:59.548--UnitOfWork(2105764592)--Thread(Thread[Test worker,5,main])--Execute query InsertObjectQuery(3,VaGHDL7UIdACcZaihNNV70R8qRlKQ5zr3hLU6h910GI15QMa1q)
[EL Fine]: sql: 2016-09-21 09:17:59.548--ClientSession(1936399890)--Connection(2031641719)--Thread(Thread[Test worker,5,main])--INSERT INTO Question (questionId, levelid, question, questionDetails, questionIcon, versionId, createdBy, createdDate, updatedBy, updatedDate, activeStatus, txnAccessCode) VALUES (?, ?, ?, ?, ?, ?, ?, ?, ?, ?, ?, ?)
	bind => [832438F2-EE61-4097-B775-1AACE8B99D85, 3, VaGHDL7UIdACcZaihNNV70R8qRlKQ5zr3hLU6h910GI15QMa1q, FK14NvY6g22eVUeVr2dRj0iOJzCZd6uPTC00nGjst6OaQudIb0, NOjlXAj6AeTKmQtNyZCkWrSlHDujmNWO8bfVc2MwJYvZlO9NHN, 1, AAAAA, 2016-09-21 09:17:59.518, AAAAA, 2016-09-21 09:17:59.518, 1, 51000]
[EL Finer]: transaction: 2016-09-21 09:17:59.55--ClientSession(1936399890)--Connection(2031641719)--Thread(Thread[Test worker,5,main])--commit transaction
[EL Finest]: connection: 2016-09-21 09:17:59.624--ServerSession(1151842404)--Connection(1679067856)--Thread(Thread[Test worker,5,main])--Connection released to connection pool [default].
[EL Finer]: transaction: 2016-09-21 09:17:59.624--UnitOfWork(2105764592)--Thread(Thread[Test worker,5,main])--end unit of work commit
[EL Finer]: transaction: 2016-09-21 09:17:59.624--UnitOfWork(2105764592)--Thread(Thread[Test worker,5,main])--resume unit of work
[EL Finer]: transaction: 2016-09-21 09:17:59.624--UnitOfWork(2105764592)--Thread(Thread[Test worker,5,main])--release unit of work
[EL Finer]: connection: 2016-09-21 09:17:59.625--ClientSession(1936399890)--Thread(Thread[Test worker,5,main])--client released
[EL Finer]: connection: 2016-09-21 09:17:59.671--ServerSession(1151842404)--Thread(Thread[Test worker,5,main])--client acquired: 1602742105
[EL Finer]: transaction: 2016-09-21 09:17:59.672--ClientSession(1602742105)--Thread(Thread[Test worker,5,main])--acquire unit of work: 1399174414
[EL Finest]: connection: 2016-09-21 09:17:59.672--ServerSession(1151842404)--Connection(978441448)--Thread(Thread[Test worker,5,main])--Connection acquired from connection pool [default].
[EL Finer]: transaction: 2016-09-21 09:17:59.672--ClientSession(1602742105)--Connection(978441448)--Thread(Thread[Test worker,5,main])--begin transaction
[EL Finest]: connection: 2016-09-21 09:17:59.672--ClientSession(1602742105)--Thread(Thread[Test worker,5,main])--reconnecting to external connection pool
[EL Finest]: transaction: 2016-09-21 09:17:59.675--UnitOfWork(1399174414)--Thread(Thread[Test worker,5,main])--persist() operation called on: qWXEXVdT1TiIJqW6MVELtWoaY9vRMjm0g8PYZP6zXa189cdLdc.
[EL Finest]: sequencing: 2016-09-21 09:17:59.675--UnitOfWork(1399174414)--Thread(Thread[Test worker,5,main])--assign sequence to the object (22149707-320C-4E8F-B610-7B16FA1628CE -> qWXEXVdT1TiIJqW6MVELtWoaY9vRMjm0g8PYZP6zXa189cdLdc)
[EL Finer]: transaction: 2016-09-21 09:17:59.676--UnitOfWork(1399174414)--Thread(Thread[Test worker,5,main])--begin unit of work commit
[EL Finest]: query: 2016-09-21 09:17:59.676--UnitOfWork(1399174414)--Thread(Thread[Test worker,5,main])--Execute query InsertObjectQuery(qWXEXVdT1TiIJqW6MVELtWoaY9vRMjm0g8PYZP6zXa189cdLdc)
[EL Fine]: sql: 2016-09-21 09:17:59.676--ClientSession(1602742105)--Connection(2035751078)--Thread(Thread[Test worker,5,main])--INSERT INTO Title (titleId, titles, versionId, createdBy, createdDate, updatedBy, updatedDate, activeStatus, txnAccessCode) VALUES (?, ?, ?, ?, ?, ?, ?, ?, ?)
	bind => [22149707-320C-4E8F-B610-7B16FA1628CE, qWXEXVdT1TiIJqW6MVELtWoaY9vRMjm0g8PYZP6zXa189cdLdc, 1, AAAAA, 2016-09-21 09:17:59.625, AAAAA, 2016-09-21 09:17:59.625, 1, 51000]
[EL Finer]: transaction: 2016-09-21 09:17:59.678--ClientSession(1602742105)--Connection(2035751078)--Thread(Thread[Test worker,5,main])--commit transaction
[EL Finest]: connection: 2016-09-21 09:17:59.74--ServerSession(1151842404)--Connection(978441448)--Thread(Thread[Test worker,5,main])--Connection released to connection pool [default].
[EL Finer]: transaction: 2016-09-21 09:17:59.74--UnitOfWork(1399174414)--Thread(Thread[Test worker,5,main])--end unit of work commit
[EL Finer]: transaction: 2016-09-21 09:17:59.74--UnitOfWork(1399174414)--Thread(Thread[Test worker,5,main])--resume unit of work
[EL Finer]: transaction: 2016-09-21 09:17:59.74--UnitOfWork(1399174414)--Thread(Thread[Test worker,5,main])--release unit of work
[EL Finer]: connection: 2016-09-21 09:17:59.74--ClientSession(1602742105)--Thread(Thread[Test worker,5,main])--client released
[EL Finer]: connection: 2016-09-21 09:17:59.772--ServerSession(1151842404)--Thread(Thread[Test worker,5,main])--client acquired: 1300114063
[EL Finer]: transaction: 2016-09-21 09:17:59.772--ClientSession(1300114063)--Thread(Thread[Test worker,5,main])--acquire unit of work: 370948616
[EL Finest]: connection: 2016-09-21 09:17:59.772--ServerSession(1151842404)--Connection(388361871)--Thread(Thread[Test worker,5,main])--Connection acquired from connection pool [default].
[EL Finer]: transaction: 2016-09-21 09:17:59.772--ClientSession(1300114063)--Connection(388361871)--Thread(Thread[Test worker,5,main])--begin transaction
[EL Finest]: connection: 2016-09-21 09:17:59.772--ClientSession(1300114063)--Thread(Thread[Test worker,5,main])--reconnecting to external connection pool
Wed Sep 21 09:17:59 UTC 2016|Unknown Alarm = ORGLM312100100 Alarm Split = ORG-LM-3-1-2-100-100
[EL Finest]: transaction: 2016-09-21 09:17:59.777--UnitOfWork(370948616)--Thread(Thread[Test worker,5,main])--persist() operation called on: l90Sh60sv26Ww8gyurLuVGtibfL0K7SGOcFNP6hq95L6wXQTsk.
[EL Finest]: sequencing: 2016-09-21 09:17:59.777--UnitOfWork(370948616)--Thread(Thread[Test worker,5,main])--assign sequence to the object (09461EA5-0137-4E88-B147-B7210303F337 -> l90Sh60sv26Ww8gyurLuVGtibfL0K7SGOcFNP6hq95L6wXQTsk)
[EL Finer]: transaction: 2016-09-21 09:17:59.778--UnitOfWork(370948616)--Thread(Thread[Test worker,5,main])--begin unit of work commit
[EL Finest]: query: 2016-09-21 09:17:59.778--UnitOfWork(370948616)--Thread(Thread[Test worker,5,main])--Execute query InsertObjectQuery(l90Sh60sv26Ww8gyurLuVGtibfL0K7SGOcFNP6hq95L6wXQTsk)
[EL Fine]: sql: 2016-09-21 09:17:59.778--ClientSession(1300114063)--Connection(327932487)--Thread(Thread[Test worker,5,main])--INSERT INTO Language (languageId, alpha2, alpha3, alpha4, alpha4parentid, language, languageDescription, languageIcon, languageType, versionId, createdBy, createdDate, updatedBy, updatedDate, activeStatus, txnAccessCode) VALUES (?, ?, ?, ?, ?, ?, ?, ?, ?, ?, ?, ?, ?, ?, ?, ?)
	bind => [09461EA5-0137-4E88-B147-B7210303F337, Lf, bUE, mAj6, 5, l90Sh60sv26Ww8gyurLuVGtibfL0K7SGOcFNP6hq95L6wXQTsk, MkImSguXbqkHooNsXD0W4ueOdhAgIXSzhgRV12jH9kAIOvlUmj, FSKFGei0DJDQpeOimlvVs00pGb3vrYenm62EgomRUjG5uCBIRa, ST1AHcfVZJmNKOvaXrZBdeagVQrffSMo, 1, AAAAA, 2016-09-21 09:17:59.741, AAAAA, 2016-09-21 09:17:59.741, 1, 51000]
[EL Finer]: transaction: 2016-09-21 09:17:59.78--ClientSession(1300114063)--Connection(327932487)--Thread(Thread[Test worker,5,main])--commit transaction
[EL Finest]: connection: 2016-09-21 09:17:59.831--ServerSession(1151842404)--Connection(388361871)--Thread(Thread[Test worker,5,main])--Connection released to connection pool [default].
[EL Finer]: transaction: 2016-09-21 09:17:59.831--UnitOfWork(370948616)--Thread(Thread[Test worker,5,main])--end unit of work commit
[EL Finer]: transaction: 2016-09-21 09:17:59.831--UnitOfWork(370948616)--Thread(Thread[Test worker,5,main])--resume unit of work
[EL Finer]: transaction: 2016-09-21 09:17:59.831--UnitOfWork(370948616)--Thread(Thread[Test worker,5,main])--release unit of work
[EL Finer]: connection: 2016-09-21 09:17:59.832--ClientSession(1300114063)--Thread(Thread[Test worker,5,main])--client released
[EL Finer]: connection: 2016-09-21 09:17:59.855--ServerSession(1151842404)--Thread(Thread[Test worker,5,main])--client acquired: 1125425454
[EL Finer]: transaction: 2016-09-21 09:17:59.855--ClientSession(1125425454)--Thread(Thread[Test worker,5,main])--acquire unit of work: 2137126249
[EL Finest]: connection: 2016-09-21 09:17:59.855--ServerSession(1151842404)--Connection(2016870868)--Thread(Thread[Test worker,5,main])--Connection acquired from connection pool [default].
[EL Finer]: transaction: 2016-09-21 09:17:59.855--ClientSession(1125425454)--Connection(2016870868)--Thread(Thread[Test worker,5,main])--begin transaction
[EL Finest]: connection: 2016-09-21 09:17:59.855--ClientSession(1125425454)--Thread(Thread[Test worker,5,main])--reconnecting to external connection pool
[EL Finest]: transaction: 2016-09-21 09:17:59.857--UnitOfWork(2137126249)--Thread(Thread[Test worker,5,main])--persist() operation called on: Q2liXChktM9wE5Xy05xN2qXHpdHeTr4LvjG4D7c3j9qmHlx63S.
[EL Finest]: sequencing: 2016-09-21 09:17:59.857--UnitOfWork(2137126249)--Thread(Thread[Test worker,5,main])--assign sequence to the object (885BB575-B59A-4578-A30C-B205CEEE4990 -> Q2liXChktM9wE5Xy05xN2qXHpdHeTr4LvjG4D7c3j9qmHlx63S)
[EL Finer]: transaction: 2016-09-21 09:17:59.858--UnitOfWork(2137126249)--Thread(Thread[Test worker,5,main])--begin unit of work commit
[EL Finest]: query: 2016-09-21 09:17:59.858--UnitOfWork(2137126249)--Thread(Thread[Test worker,5,main])--Execute query InsertObjectQuery(Q2liXChktM9wE5Xy05xN2qXHpdHeTr4LvjG4D7c3j9qmHlx63S)
[EL Fine]: sql: 2016-09-21 09:17:59.859--ClientSession(1125425454)--Connection(1436598407)--Thread(Thread[Test worker,5,main])--INSERT INTO Gender (genderId, gender, versionId, createdBy, createdDate, updatedBy, updatedDate, activeStatus, txnAccessCode) VALUES (?, ?, ?, ?, ?, ?, ?, ?, ?)
	bind => [885BB575-B59A-4578-A30C-B205CEEE4990, Q2liXChktM9wE5Xy05xN2qXHpdHeTr4LvjG4D7c3j9qmHlx63S, 1, AAAAA, 2016-09-21 09:17:59.832, AAAAA, 2016-09-21 09:17:59.832, 1, 51000]
[EL Finer]: transaction: 2016-09-21 09:17:59.86--ClientSession(1125425454)--Connection(1436598407)--Thread(Thread[Test worker,5,main])--commit transaction
[EL Finest]: connection: 2016-09-21 09:17:59.888--ServerSession(1151842404)--Connection(2016870868)--Thread(Thread[Test worker,5,main])--Connection released to connection pool [default].
[EL Finer]: transaction: 2016-09-21 09:17:59.888--UnitOfWork(2137126249)--Thread(Thread[Test worker,5,main])--end unit of work commit
[EL Finer]: transaction: 2016-09-21 09:17:59.888--UnitOfWork(2137126249)--Thread(Thread[Test worker,5,main])--resume unit of work
[EL Finer]: transaction: 2016-09-21 09:17:59.888--UnitOfWork(2137126249)--Thread(Thread[Test worker,5,main])--release unit of work
[EL Finer]: connection: 2016-09-21 09:17:59.888--ClientSession(1125425454)--Thread(Thread[Test worker,5,main])--client released
[EL Finer]: connection: 2016-09-21 09:17:59.908--ServerSession(1151842404)--Thread(Thread[Test worker,5,main])--client acquired: 594747258
[EL Finer]: transaction: 2016-09-21 09:17:59.908--ClientSession(594747258)--Thread(Thread[Test worker,5,main])--acquire unit of work: 1528272068
[EL Finest]: connection: 2016-09-21 09:17:59.908--ServerSession(1151842404)--Connection(1764228756)--Thread(Thread[Test worker,5,main])--Connection acquired from connection pool [default].
[EL Finer]: transaction: 2016-09-21 09:17:59.909--ClientSession(594747258)--Connection(1764228756)--Thread(Thread[Test worker,5,main])--begin transaction
[EL Finest]: connection: 2016-09-21 09:17:59.909--ClientSession(594747258)--Thread(Thread[Test worker,5,main])--reconnecting to external connection pool
Wed Sep 21 09:17:59 UTC 2016|Unknown Alarm = ORGLM312100100 Alarm Split = ORG-LM-3-1-2-100-100
[EL Finest]: transaction: 2016-09-21 09:17:59.911--UnitOfWork(1528272068)--Thread(Thread[Test worker,5,main])--persist() operation called on: 2,fvs14PlO7rWpt9IDl0t37xHVoSxV9jYk1ejR1kKhmUGpJTKIsJ.
[EL Finest]: sequencing: 2016-09-21 09:17:59.912--UnitOfWork(1528272068)--Thread(Thread[Test worker,5,main])--assign sequence to the object (A1DC3A28-C0CC-4B75-A68A-9471CDCD3E4D -> 2,fvs14PlO7rWpt9IDl0t37xHVoSxV9jYk1ejR1kKhmUGpJTKIsJ)
[EL Finer]: transaction: 2016-09-21 09:17:59.912--UnitOfWork(1528272068)--Thread(Thread[Test worker,5,main])--begin unit of work commit
[EL Finest]: query: 2016-09-21 09:17:59.912--UnitOfWork(1528272068)--Thread(Thread[Test worker,5,main])--Execute query InsertObjectQuery(2,fvs14PlO7rWpt9IDl0t37xHVoSxV9jYk1ejR1kKhmUGpJTKIsJ)
[EL Fine]: sql: 2016-09-21 09:17:59.913--ClientSession(594747258)--Connection(1177159935)--Thread(Thread[Test worker,5,main])--INSERT INTO Timezone (timeZoneId, cities, country, gmtLabel, timeZoneLabel, utcdifference, versionId, createdBy, createdDate, updatedBy, updatedDate, activeStatus, txnAccessCode) VALUES (?, ?, ?, ?, ?, ?, ?, ?, ?, ?, ?, ?, ?)
	bind => [A1DC3A28-C0CC-4B75-A68A-9471CDCD3E4D, c4driNb1aB5vwLiGFe1DZ8SenUGig8fwt0x2PBW9HmSx5TgH00, jPwX1Nxv4Fs5JxaeN7KvyLC66vQR23BjbzTutibRx33SkrNQro, SqgYz7BGsw7nucKwmVQKPmtQKVspQ2tDtXgaUufwDC12EIruny, fvs14PlO7rWpt9IDl0t37xHVoSxV9jYk1ejR1kKhmUGpJTKIsJ, 2, 1, AAAAA, 2016-09-21 09:17:59.888, AAAAA, 2016-09-21 09:17:59.888, 1, 51000]
[EL Finer]: transaction: 2016-09-21 09:17:59.914--ClientSession(594747258)--Connection(1177159935)--Thread(Thread[Test worker,5,main])--commit transaction
[EL Finest]: connection: 2016-09-21 09:17:59.972--ServerSession(1151842404)--Connection(1764228756)--Thread(Thread[Test worker,5,main])--Connection released to connection pool [default].
[EL Finer]: transaction: 2016-09-21 09:17:59.973--UnitOfWork(1528272068)--Thread(Thread[Test worker,5,main])--end unit of work commit
[EL Finer]: transaction: 2016-09-21 09:17:59.973--UnitOfWork(1528272068)--Thread(Thread[Test worker,5,main])--resume unit of work
[EL Finer]: transaction: 2016-09-21 09:17:59.973--UnitOfWork(1528272068)--Thread(Thread[Test worker,5,main])--release unit of work
[EL Finer]: connection: 2016-09-21 09:17:59.973--ClientSession(594747258)--Thread(Thread[Test worker,5,main])--client released
[EL Finer]: connection: 2016-09-21 09:17:59.993--ServerSession(1151842404)--Thread(Thread[Test worker,5,main])--client acquired: 1171726613
[EL Finer]: transaction: 2016-09-21 09:17:59.993--ClientSession(1171726613)--Thread(Thread[Test worker,5,main])--acquire unit of work: 784141701
[EL Finest]: connection: 2016-09-21 09:17:59.993--ServerSession(1151842404)--Connection(2109910715)--Thread(Thread[Test worker,5,main])--Connection acquired from connection pool [default].
[EL Finer]: transaction: 2016-09-21 09:17:59.993--ClientSession(1171726613)--Connection(2109910715)--Thread(Thread[Test worker,5,main])--begin transaction
[EL Finest]: connection: 2016-09-21 09:17:59.993--ClientSession(1171726613)--Thread(Thread[Test worker,5,main])--reconnecting to external connection pool
Wed Sep 21 09:17:59 UTC 2016|Unknown Alarm = ORGLM312100100 Alarm Split = ORG-LM-3-1-2-100-100
[EL Finest]: transaction: 2016-09-21 09:17:59.996--UnitOfWork(784141701)--Thread(Thread[Test worker,5,main])--persist() operation called on: SiBrqqe8k49yLlSbaVbAr7P7MHmocUzuTynvAzSYzuwONQlqXS.
[EL Finest]: sequencing: 2016-09-21 09:17:59.997--UnitOfWork(784141701)--Thread(Thread[Test worker,5,main])--assign sequence to the object (E5DE4629-B48A-4A1E-BFB8-8891A84FA946 -> SiBrqqe8k49yLlSbaVbAr7P7MHmocUzuTynvAzSYzuwONQlqXS)
[EL Finer]: transaction: 2016-09-21 09:17:59.998--UnitOfWork(784141701)--Thread(Thread[Test worker,5,main])--begin unit of work commit
[EL Finest]: query: 2016-09-21 09:17:59.998--UnitOfWork(784141701)--Thread(Thread[Test worker,5,main])--Execute query InsertObjectQuery(SiBrqqe8k49yLlSbaVbAr7P7MHmocUzuTynvAzSYzuwONQlqXS)
[EL Fine]: sql: 2016-09-21 09:17:59.999--ClientSession(1171726613)--Connection(1118011726)--Thread(Thread[Test worker,5,main])--INSERT INTO AddressType (addressTypeId, addressType, addressTypeDesc, addressTypeIcon, versionId, createdBy, createdDate, updatedBy, updatedDate, activeStatus, txnAccessCode) VALUES (?, ?, ?, ?, ?, ?, ?, ?, ?, ?, ?)
	bind => [E5DE4629-B48A-4A1E-BFB8-8891A84FA946, SiBrqqe8k49yLlSbaVbAr7P7MHmocUzuTynvAzSYzuwONQlqXS, TxTebCi9UUMSQLgXxNQ1J7CUZZYqTpWy9lRj4dMSeXeU3b2W4B, PU5wlozIxQgC3CcvdNOzsp3jzYBQdoP5fYY5x20zagsqghFlZu, 1, AAAAA, 2016-09-21 09:17:59.973, AAAAA, 2016-09-21 09:17:59.973, 1, 51000]
[EL Finer]: transaction: 2016-09-21 09:18:00.001--ClientSession(1171726613)--Connection(1118011726)--Thread(Thread[Test worker,5,main])--commit transaction
[EL Finest]: connection: 2016-09-21 09:18:00.072--ServerSession(1151842404)--Connection(2109910715)--Thread(Thread[Test worker,5,main])--Connection released to connection pool [default].
[EL Finer]: transaction: 2016-09-21 09:18:00.072--UnitOfWork(784141701)--Thread(Thread[Test worker,5,main])--end unit of work commit
[EL Finer]: transaction: 2016-09-21 09:18:00.072--UnitOfWork(784141701)--Thread(Thread[Test worker,5,main])--resume unit of work
[EL Finer]: transaction: 2016-09-21 09:18:00.073--UnitOfWork(784141701)--Thread(Thread[Test worker,5,main])--release unit of work
[EL Finer]: connection: 2016-09-21 09:18:00.073--ClientSession(1171726613)--Thread(Thread[Test worker,5,main])--client released
[EL Finer]: connection: 2016-09-21 09:18:00.105--ServerSession(1151842404)--Thread(Thread[Test worker,5,main])--client acquired: 1782892233
[EL Finer]: transaction: 2016-09-21 09:18:00.105--ClientSession(1782892233)--Thread(Thread[Test worker,5,main])--acquire unit of work: 1230433440
[EL Finest]: connection: 2016-09-21 09:18:00.105--ServerSession(1151842404)--Connection(1774789117)--Thread(Thread[Test worker,5,main])--Connection acquired from connection pool [default].
[EL Finer]: transaction: 2016-09-21 09:18:00.106--ClientSession(1782892233)--Connection(1774789117)--Thread(Thread[Test worker,5,main])--begin transaction
[EL Finest]: connection: 2016-09-21 09:18:00.106--ClientSession(1782892233)--Thread(Thread[Test worker,5,main])--reconnecting to external connection pool
Wed Sep 21 09:18:00 UTC 2016|Unknown Alarm = ORGLM312100100 Alarm Split = ORG-LM-3-1-2-100-100
[EL Finest]: transaction: 2016-09-21 09:18:00.111--UnitOfWork(1230433440)--Thread(Thread[Test worker,5,main])--persist() operation called on: ddV05N5brBIreOPbxcumg50MZsOHdlKBb6Be8cPz14rpHXMvzC.
[EL Finest]: sequencing: 2016-09-21 09:18:00.111--UnitOfWork(1230433440)--Thread(Thread[Test worker,5,main])--assign sequence to the object (6E81B15A-E4F9-4074-AC5F-998FC018B2B1 -> ddV05N5brBIreOPbxcumg50MZsOHdlKBb6Be8cPz14rpHXMvzC)
[EL Finer]: transaction: 2016-09-21 09:18:00.112--UnitOfWork(1230433440)--Thread(Thread[Test worker,5,main])--begin unit of work commit
[EL Finest]: query: 2016-09-21 09:18:00.112--UnitOfWork(1230433440)--Thread(Thread[Test worker,5,main])--Execute query InsertObjectQuery(ddV05N5brBIreOPbxcumg50MZsOHdlKBb6Be8cPz14rpHXMvzC)
[EL Fine]: sql: 2016-09-21 09:18:00.113--ClientSession(1782892233)--Connection(530987452)--Thread(Thread[Test worker,5,main])--INSERT INTO Country (countryId, capital, capitalLatitude, capitalLongitude, countryCode1, countryCode2, countryFlag, countryName, currencyCode, currencyName, currencySymbol, isoNumeric, versionId, createdBy, createdDate, updatedBy, updatedDate, activeStatus, txnAccessCode) VALUES (?, ?, ?, ?, ?, ?, ?, ?, ?, ?, ?, ?, ?, ?, ?, ?, ?, ?, ?)
	bind => [6E81B15A-E4F9-4074-AC5F-998FC018B2B1, FOBzU3BZZdX4vlbY6avu6xxfHlC0ICjV, 11, 8, Oo3, Eqi, NOtv2rGXT5EpxDCohVM472TQajP6Asfd3dha2Is75bkK6YHIs2, ddV05N5brBIreOPbxcumg50MZsOHdlKBb6Be8cPz14rpHXMvzC, g2V, erbqg6pEhZvQHG6OtkZ6TrB3YJWexFBmQExiKdjadnNthjTi9f, 0xI0iU5llUE8tQ7sa8uqB9YglLqP54eb, 635, 1, AAAAA, 2016-09-21 09:18:00.073, AAAAA, 2016-09-21 09:18:00.073, 1, 51000]
[EL Finer]: transaction: 2016-09-21 09:18:00.114--ClientSession(1782892233)--Connection(530987452)--Thread(Thread[Test worker,5,main])--commit transaction
[EL Finest]: connection: 2016-09-21 09:18:00.138--ServerSession(1151842404)--Connection(1774789117)--Thread(Thread[Test worker,5,main])--Connection released to connection pool [default].
[EL Finer]: transaction: 2016-09-21 09:18:00.139--UnitOfWork(1230433440)--Thread(Thread[Test worker,5,main])--end unit of work commit
[EL Finer]: transaction: 2016-09-21 09:18:00.139--UnitOfWork(1230433440)--Thread(Thread[Test worker,5,main])--resume unit of work
[EL Finer]: transaction: 2016-09-21 09:18:00.139--UnitOfWork(1230433440)--Thread(Thread[Test worker,5,main])--release unit of work
[EL Finer]: connection: 2016-09-21 09:18:00.139--ClientSession(1782892233)--Thread(Thread[Test worker,5,main])--client released
[EL Finer]: connection: 2016-09-21 09:18:00.161--ServerSession(1151842404)--Thread(Thread[Test worker,5,main])--client acquired: 945635684
[EL Finer]: transaction: 2016-09-21 09:18:00.161--ClientSession(945635684)--Thread(Thread[Test worker,5,main])--acquire unit of work: 1919953188
[EL Finest]: connection: 2016-09-21 09:18:00.161--ServerSession(1151842404)--Connection(563950894)--Thread(Thread[Test worker,5,main])--Connection acquired from connection pool [default].
[EL Finer]: transaction: 2016-09-21 09:18:00.161--ClientSession(945635684)--Connection(563950894)--Thread(Thread[Test worker,5,main])--begin transaction
[EL Finest]: connection: 2016-09-21 09:18:00.161--ClientSession(945635684)--Thread(Thread[Test worker,5,main])--reconnecting to external connection pool
Wed Sep 21 09:18:00 UTC 2016|Unknown Alarm = ORGLM312100100 Alarm Split = ORG-LM-3-1-2-100-100
[EL Finest]: transaction: 2016-09-21 09:18:00.165--UnitOfWork(1919953188)--Thread(Thread[Test worker,5,main])--persist() operation called on: JZXyCXtqU3aQVQtB8wvlSdhNkxVVUrgvYcHifAoVFg2LhoyOqo.
[EL Finest]: sequencing: 2016-09-21 09:18:00.165--UnitOfWork(1919953188)--Thread(Thread[Test worker,5,main])--assign sequence to the object (5CE9110A-0EBD-4E24-A2BE-8A42C27FC31A -> JZXyCXtqU3aQVQtB8wvlSdhNkxVVUrgvYcHifAoVFg2LhoyOqo)
[EL Finer]: transaction: 2016-09-21 09:18:00.165--UnitOfWork(1919953188)--Thread(Thread[Test worker,5,main])--begin unit of work commit
[EL Finest]: query: 2016-09-21 09:18:00.166--UnitOfWork(1919953188)--Thread(Thread[Test worker,5,main])--Execute query InsertObjectQuery(JZXyCXtqU3aQVQtB8wvlSdhNkxVVUrgvYcHifAoVFg2LhoyOqo)
[EL Fine]: sql: 2016-09-21 09:18:00.166--ClientSession(945635684)--Connection(2138797220)--Thread(Thread[Test worker,5,main])--INSERT INTO State (stateId, countryId, stateCapital, stateCapitalLatitude, stateCapitalLongitude, stateCode, stateCodeChar2, stateCodeChar3, stateDescription, stateFlag, stateName, versionId, createdBy, createdDate, updatedBy, updatedDate, activeStatus, txnAccessCode) VALUES (?, ?, ?, ?, ?, ?, ?, ?, ?, ?, ?, ?, ?, ?, ?, ?, ?, ?)
	bind => [5CE9110A-0EBD-4E24-A2BE-8A42C27FC31A, 6E81B15A-E4F9-4074-AC5F-998FC018B2B1, Injp9LitrkKO1rgYRLhsaaiSardGWX6wja1C2rKFpikOePNbl6, 8, 10, 2, 1ME5T3G9qmurC8xtmj3rgg4lecWk3KLl, M2YrOezIoElgLwWYy8zsf3rhJeS4Rc1C, vonD7hESeh0OxL3wrAqtlohbSW2kD6hTtT7IyyLz1iAOIZ1g3k, 3xGzDT34f0qLJb9sxrJqvRWSr0n6MBKJJNk889Y6n5rk6s7JV1, JZXyCXtqU3aQVQtB8wvlSdhNkxVVUrgvYcHifAoVFg2LhoyOqo, 1, AAAAA, 2016-09-21 09:18:00.073, AAAAA, 2016-09-21 09:18:00.073, 1, 51000]
[EL Finer]: transaction: 2016-09-21 09:18:00.173--ClientSession(945635684)--Connection(2138797220)--Thread(Thread[Test worker,5,main])--commit transaction
[EL Finest]: connection: 2016-09-21 09:18:00.228--ServerSession(1151842404)--Connection(563950894)--Thread(Thread[Test worker,5,main])--Connection released to connection pool [default].
[EL Finer]: transaction: 2016-09-21 09:18:00.229--UnitOfWork(1919953188)--Thread(Thread[Test worker,5,main])--end unit of work commit
[EL Finer]: transaction: 2016-09-21 09:18:00.229--UnitOfWork(1919953188)--Thread(Thread[Test worker,5,main])--resume unit of work
[EL Finer]: transaction: 2016-09-21 09:18:00.229--UnitOfWork(1919953188)--Thread(Thread[Test worker,5,main])--release unit of work
[EL Finer]: connection: 2016-09-21 09:18:00.229--ClientSession(945635684)--Thread(Thread[Test worker,5,main])--client released
[EL Finer]: connection: 2016-09-21 09:18:00.254--ServerSession(1151842404)--Thread(Thread[Test worker,5,main])--client acquired: 25730387
[EL Finer]: transaction: 2016-09-21 09:18:00.254--ClientSession(25730387)--Thread(Thread[Test worker,5,main])--acquire unit of work: 806401262
[EL Finest]: connection: 2016-09-21 09:18:00.254--ServerSession(1151842404)--Connection(416714217)--Thread(Thread[Test worker,5,main])--Connection acquired from connection pool [default].
[EL Finer]: transaction: 2016-09-21 09:18:00.255--ClientSession(25730387)--Connection(416714217)--Thread(Thread[Test worker,5,main])--begin transaction
[EL Finest]: connection: 2016-09-21 09:18:00.255--ClientSession(25730387)--Thread(Thread[Test worker,5,main])--reconnecting to external connection pool
Wed Sep 21 09:18:00 UTC 2016|Unknown Alarm = ORGLM312100100 Alarm Split = ORG-LM-3-1-2-100-100
[EL Finest]: transaction: 2016-09-21 09:18:00.259--UnitOfWork(806401262)--Thread(Thread[Test worker,5,main])--persist() operation called on: BFRGl8PYi2f6oV0CzebcuCkPCT1NxvMSNqD1wcq6GrrXQizLTv,MdunNU644sGhvsJr2OdSoFIziHhtoKxJ,2.
[EL Finest]: sequencing: 2016-09-21 09:18:00.26--UnitOfWork(806401262)--Thread(Thread[Test worker,5,main])--assign sequence to the object (8D408943-8209-434C-A2A1-B669676878BF -> BFRGl8PYi2f6oV0CzebcuCkPCT1NxvMSNqD1wcq6GrrXQizLTv,MdunNU644sGhvsJr2OdSoFIziHhtoKxJ,2)
[EL Finer]: transaction: 2016-09-21 09:18:00.26--UnitOfWork(806401262)--Thread(Thread[Test worker,5,main])--begin unit of work commit
[EL Finest]: query: 2016-09-21 09:18:00.26--UnitOfWork(806401262)--Thread(Thread[Test worker,5,main])--Execute query InsertObjectQuery(BFRGl8PYi2f6oV0CzebcuCkPCT1NxvMSNqD1wcq6GrrXQizLTv,MdunNU644sGhvsJr2OdSoFIziHhtoKxJ,2)
[EL Fine]: sql: 2016-09-21 09:18:00.261--ClientSession(25730387)--Connection(1372883072)--Thread(Thread[Test worker,5,main])--INSERT INTO City (cityId, cityCode, cityCodeChar2, cityDescription, cityFlag, cityLatitude, cityLongitude, cityName, countryId, stateId, versionId, createdBy, createdDate, updatedBy, updatedDate, activeStatus, txnAccessCode) VALUES (?, ?, ?, ?, ?, ?, ?, ?, ?, ?, ?, ?, ?, ?, ?, ?, ?)
	bind => [8D408943-8209-434C-A2A1-B669676878BF, 2, MdunNU644sGhvsJr2OdSoFIziHhtoKxJ, 88SJH9hRtKPOTOcJBJCRxHsINtuVKw7X796PvKxDT07SbJxFDR, zRLPwrxiDTfxeqlqKtkDARvJPFCQx3zRaMYqOW5LnwzfUqJDSp, 6, 2, BFRGl8PYi2f6oV0CzebcuCkPCT1NxvMSNqD1wcq6GrrXQizLTv, 6E81B15A-E4F9-4074-AC5F-998FC018B2B1, 5CE9110A-0EBD-4E24-A2BE-8A42C27FC31A, 1, AAAAA, 2016-09-21 09:18:00.073, AAAAA, 2016-09-21 09:18:00.073, 1, 51000]
[EL Finer]: transaction: 2016-09-21 09:18:00.263--ClientSession(25730387)--Connection(1372883072)--Thread(Thread[Test worker,5,main])--commit transaction
[EL Finest]: connection: 2016-09-21 09:18:00.29--ServerSession(1151842404)--Connection(416714217)--Thread(Thread[Test worker,5,main])--Connection released to connection pool [default].
[EL Finer]: transaction: 2016-09-21 09:18:00.29--UnitOfWork(806401262)--Thread(Thread[Test worker,5,main])--end unit of work commit
[EL Finer]: transaction: 2016-09-21 09:18:00.29--UnitOfWork(806401262)--Thread(Thread[Test worker,5,main])--resume unit of work
[EL Finer]: transaction: 2016-09-21 09:18:00.29--UnitOfWork(806401262)--Thread(Thread[Test worker,5,main])--release unit of work
[EL Finer]: connection: 2016-09-21 09:18:00.29--ClientSession(25730387)--Thread(Thread[Test worker,5,main])--client released
[EL Finer]: connection: 2016-09-21 09:18:00.409--ServerSession(1151842404)--Thread(Thread[Test worker,5,main])--client acquired: 1387274031
[EL Finer]: transaction: 2016-09-21 09:18:00.409--ClientSession(1387274031)--Thread(Thread[Test worker,5,main])--acquire unit of work: 684683538
[EL Finest]: connection: 2016-09-21 09:18:00.409--ServerSession(1151842404)--Connection(1258842540)--Thread(Thread[Test worker,5,main])--Connection acquired from connection pool [default].
[EL Finer]: transaction: 2016-09-21 09:18:00.409--ClientSession(1387274031)--Connection(1258842540)--Thread(Thread[Test worker,5,main])--begin transaction
[EL Finest]: connection: 2016-09-21 09:18:00.409--ClientSession(1387274031)--Thread(Thread[Test worker,5,main])--reconnecting to external connection pool
[EL Finest]: transaction: 2016-09-21 09:18:00.414--UnitOfWork(684683538)--Thread(Thread[Test worker,5,main])--persist() operation called on: RkBTJLc4dpzWu7vZa3hsTaKhtGPJxumX.
[EL Finest]: sequencing: 2016-09-21 09:18:00.414--UnitOfWork(684683538)--Thread(Thread[Test worker,5,main])--assign sequence to the object (6AE405EC-CB3E-4DCA-AC03-C50029BB05DA -> RkBTJLc4dpzWu7vZa3hsTaKhtGPJxumX)
[EL Finest]: transaction: 2016-09-21 09:18:00.414--UnitOfWork(684683538)--Thread(Thread[Test worker,5,main])--persist() operation called on: iupNySOZXn7DfCSSy8VWcrHOOa42wp3NO7JSvTpn8r2uHVW0Nf,03SOOa8NmYwU0nOAJVbz06SBvnml4xlfYOSyAk5ST4ybscXWEm,NRKE8bVDbuyYOkr8Qu1Ffa48vkUSkkJb42wdDs7n6qrzYQcc4e,eSjhkUvoDIrgB1ZmGTjdVBl72OFokGYRtjvODQOVilITGsh84x,ugSNY9ew4gxXpEouQRWc.
[EL Finest]: sequencing: 2016-09-21 09:18:00.414--UnitOfWork(684683538)--Thread(Thread[Test worker,5,main])--assign sequence to the object (5E574BE5-428B-41DA-8CE8-D6B30577D54D -> iupNySOZXn7DfCSSy8VWcrHOOa42wp3NO7JSvTpn8r2uHVW0Nf,03SOOa8NmYwU0nOAJVbz06SBvnml4xlfYOSyAk5ST4ybscXWEm,NRKE8bVDbuyYOkr8Qu1Ffa48vkUSkkJb42wdDs7n6qrzYQcc4e,eSjhkUvoDIrgB1ZmGTjdVBl72OFokGYRtjvODQOVilITGsh84x,ugSNY9ew4gxXpEouQRWc)
[EL Finest]: transaction: 2016-09-21 09:18:00.414--UnitOfWork(684683538)--Thread(Thread[Test worker,5,main])--persist() operation called on: OC8Ptq.
[EL Finest]: sequencing: 2016-09-21 09:18:00.415--UnitOfWork(684683538)--Thread(Thread[Test worker,5,main])--assign sequence to the object (F9195643-428B-4AA2-8696-EAB89E5C74CB -> OC8Ptq)
[EL Finest]: transaction: 2016-09-21 09:18:00.415--UnitOfWork(684683538)--Thread(Thread[Test worker,5,main])--persist() operation called on: pVy8aooQIQ05RZicqEu5326J4yS9VLj6AFEW8d47P4iNimzEmb.
[EL Finest]: sequencing: 2016-09-21 09:18:00.415--UnitOfWork(684683538)--Thread(Thread[Test worker,5,main])--assign sequence to the object (0D9A27DC-06A0-4037-9773-749AB33871B4 -> pVy8aooQIQ05RZicqEu5326J4yS9VLj6AFEW8d47P4iNimzEmb)
[EL Finest]: transaction: 2016-09-21 09:18:00.415--UnitOfWork(684683538)--Thread(Thread[Test worker,5,main])--persist() operation called on: pVy8aooQIQ05RZicqEu5326J4yS9VLj6AFEW8d47P4iNimzEmb.
[EL Finest]: sequencing: 2016-09-21 09:18:00.415--UnitOfWork(684683538)--Thread(Thread[Test worker,5,main])--assign sequence to the object (B516E39B-FC8D-4C64-94DF-0E4BC161B56A -> pVy8aooQIQ05RZicqEu5326J4yS9VLj6AFEW8d47P4iNimzEmb)
[EL Finest]: transaction: 2016-09-21 09:18:00.415--UnitOfWork(684683538)--Thread(Thread[Test worker,5,main])--persist() operation called on: 832438F2-EE61-4097-B775-1AACE8B99D85,eIdGteMSeKGBkhXDPr73TUOvE8PAqUOk9Q6yxYQlP7P9jGvpL7.
[EL Finest]: sequencing: 2016-09-21 09:18:00.415--UnitOfWork(684683538)--Thread(Thread[Test worker,5,main])--assign sequence to the object (3944E956-254A-4D57-A523-06C1C198D0A5 -> 832438F2-EE61-4097-B775-1AACE8B99D85,eIdGteMSeKGBkhXDPr73TUOvE8PAqUOk9Q6yxYQlP7P9jGvpL7)
[EL Finer]: transaction: 2016-09-21 09:18:00.416--UnitOfWork(684683538)--Thread(Thread[Test worker,5,main])--begin unit of work commit
[EL Finest]: query: 2016-09-21 09:18:00.416--UnitOfWork(684683538)--Thread(Thread[Test worker,5,main])--Execute query DoesExistQuery(referenceClass=Timezone )
[EL Fine]: sql: 2016-09-21 09:18:00.416--ClientSession(1387274031)--Connection(35768151)--Thread(Thread[Test worker,5,main])--SELECT timeZoneId FROM Timezone WHERE (timeZoneId = ?)
	bind => [A1DC3A28-C0CC-4B75-A68A-9471CDCD3E4D]
[EL Finest]: query: 2016-09-21 09:18:00.418--UnitOfWork(684683538)--Thread(Thread[Test worker,5,main])--Execute query InsertObjectQuery(iupNySOZXn7DfCSSy8VWcrHOOa42wp3NO7JSvTpn8r2uHVW0Nf,03SOOa8NmYwU0nOAJVbz06SBvnml4xlfYOSyAk5ST4ybscXWEm,NRKE8bVDbuyYOkr8Qu1Ffa48vkUSkkJb42wdDs7n6qrzYQcc4e,eSjhkUvoDIrgB1ZmGTjdVBl72OFokGYRtjvODQOVilITGsh84x,ugSNY9ew4gxXpEouQRWc)
[EL Finest]: query: 2016-09-21 09:18:00.418--UnitOfWork(684683538)--Thread(Thread[Test worker,5,main])--Execute query InsertObjectQuery(pVy8aooQIQ05RZicqEu5326J4yS9VLj6AFEW8d47P4iNimzEmb)
[EL Fine]: sql: 2016-09-21 09:18:00.419--ClientSession(1387274031)--Connection(35768151)--Thread(Thread[Test worker,5,main])--INSERT INTO CoreContacts (contactId, age, approximateDOB, dateofbirth, emailId, firstName, genderId, lastName, middleName, nativeFirstName, nativeLanguageCode, nativeLastName, nativeMiddleName, nativeTitle, phoneNumber, titleId, versionId, createdBy, createdDate, updatedBy, updatedDate, activeStatus, txnAccessCode, timeZoneId, multiTenantId) VALUES (?, ?, ?, ?, ?, ?, ?, ?, ?, ?, ?, ?, ?, ?, ?, ?, ?, ?, ?, ?, ?, ?, ?, ?, ?)
	bind => [5E574BE5-428B-41DA-8CE8-D6B30577D54D, 23, 2016-09-21 05:42:39.165, 2016-09-21 05:42:39.237, eSjhkUvoDIrgB1ZmGTjdVBl72OFokGYRtjvODQOVilITGsh84x, iupNySOZXn7DfCSSy8VWcrHOOa42wp3NO7JSvTpn8r2uHVW0Nf, 885BB575-B59A-4578-A30C-B205CEEE4990, NRKE8bVDbuyYOkr8Qu1Ffa48vkUSkkJb42wdDs7n6qrzYQcc4e, 03SOOa8NmYwU0nOAJVbz06SBvnml4xlfYOSyAk5ST4ybscXWEm, Fy5JBwD72qsptTZ7LYsC3Rrjtve9MoDdjanMFr8REyQJ9kPG7F, 09461EA5-0137-4E88-B147-B7210303F337, 3ojzJd4aWETF6rKgdEdpjevnpFi8wuglf5h1FCOKblje2Hcqpo, JRU3kuhO4DL8IQKjU2jbq2yuZpV7uAM67G6D5zdRORYnIJnku5, ViopzTcgJY9pmEepA3BmVhpbDu1ljj3yLx5xx8YkBnZhzraXIA, ugSNY9ew4gxXpEouQRWc, 22149707-320C-4E8F-B610-7B16FA1628CE, 1, AAAAA, 2016-09-21 09:17:59.625, AAAAA, 2016-09-21 09:17:59.625, 1, 51000, A1DC3A28-C0CC-4B75-A68A-9471CDCD3E4D, appCreateValue]
[EL Finest]: query: 2016-09-21 09:18:00.421--UnitOfWork(684683538)--Thread(Thread[Test worker,5,main])--Execute query InsertObjectQuery(RkBTJLc4dpzWu7vZa3hsTaKhtGPJxumX)
[EL Fine]: sql: 2016-09-21 09:18:00.421--ClientSession(1387274031)--Connection(35768151)--Thread(Thread[Test worker,5,main])--INSERT INTO UserDetail (userId, allowMultipleLogin, changePasswordNextLogin, genTempOneTimePassword, isDeleted, isLocked, lastPasswordChangeDate, multiFactorAuthEnabled, passwordAlgo, passwordExpiryDate, sessionTimeout, userAccessCode, userAccessDomainId, userAccessLevelId, versionId, createdBy, createdDate, updatedBy, updatedDate, activeStatus, txnAccessCode, multiTenantId) VALUES (?, ?, ?, ?, ?, ?, ?, ?, ?, ?, ?, ?, ?, ?, ?, ?, ?, ?, ?, ?, ?, ?)
	bind => [0D9A27DC-06A0-4037-9773-749AB33871B4, 1, 1, 1, 1, 1, 2016-09-21 05:42:38.847, 1, pVy8aooQIQ05RZicqEu5326J4yS9VLj6AFEW8d47P4iNimzEmb, 2016-09-21 05:42:38.8, 2723, 47601, B52FDEBC-327C-48E5-92EA-92795327ACA2, BD8AD4C7-D3CC-491F-B62B-0A8228FD4BF5, 1, AAAAA, 2016-09-21 09:17:59.332, AAAAA, 2016-09-21 09:17:59.332, 1, 51000, appCreateValue]
[EL Finest]: query: 2016-09-21 09:18:00.423--UnitOfWork(684683538)--Thread(Thread[Test worker,5,main])--Execute query InsertObjectQuery(832438F2-EE61-4097-B775-1AACE8B99D85,eIdGteMSeKGBkhXDPr73TUOvE8PAqUOk9Q6yxYQlP7P9jGvpL7)
[EL Fine]: sql: 2016-09-21 09:18:00.423--ClientSession(1387274031)--Connection(35768151)--Thread(Thread[Test worker,5,main])--INSERT INTO Login (loginPk, failedLoginAttempts, loginId, serverAuthImage, serverAuthText, versionId, createdBy, createdDate, updatedBy, updatedDate, activeStatus, txnAccessCode, contactId, userId, multiTenantId) VALUES (?, ?, ?, ?, ?, ?, ?, ?, ?, ?, ?, ?, ?, ?, ?)
	bind => [6AE405EC-CB3E-4DCA-AC03-C50029BB05DA, 9, REDPKhkHKdcNvFKtNROY0IQMkgDeBHgm1jRPoNihdZQXrHZuIL, RkBTJLc4dpzWu7vZa3hsTaKhtGPJxumX, TYOs4FYaOsNjUeFF, 1, AAAAA, 2016-09-21 09:18:00.291, AAAAA, 2016-09-21 09:18:00.291, 1, 51000, 5E574BE5-428B-41DA-8CE8-D6B30577D54D, 0D9A27DC-06A0-4037-9773-749AB33871B4, appCreateValue]
[EL Finest]: query: 2016-09-21 09:18:00.425--UnitOfWork(684683538)--Thread(Thread[Test worker,5,main])--Execute query InsertObjectQuery(pVy8aooQIQ05RZicqEu5326J4yS9VLj6AFEW8d47P4iNimzEmb)
[EL Fine]: sql: 2016-09-21 09:18:00.425--ClientSession(1387274031)--Connection(35768151)--Thread(Thread[Test worker,5,main])--INSERT INTO PassRecovery (passRecoveryId, answer, questionId, versionId, createdBy, createdDate, updatedBy, updatedDate, activeStatus, txnAccessCode, userId, multiTenantId) VALUES (?, ?, ?, ?, ?, ?, ?, ?, ?, ?, ?, ?)
	bind => [3944E956-254A-4D57-A523-06C1C198D0A5, eIdGteMSeKGBkhXDPr73TUOvE8PAqUOk9Q6yxYQlP7P9jGvpL7, 832438F2-EE61-4097-B775-1AACE8B99D85, 1, AAAAA, 2016-09-21 09:17:59.518, AAAAA, 2016-09-21 09:17:59.518, 1, 51000, 0D9A27DC-06A0-4037-9773-749AB33871B4, appCreateValue]
[EL Finest]: query: 2016-09-21 09:18:00.427--UnitOfWork(684683538)--Thread(Thread[Test worker,5,main])--Execute query InsertObjectQuery(OC8Ptq)
[EL Fine]: sql: 2016-09-21 09:18:00.428--ClientSession(1387274031)--Connection(35768151)--Thread(Thread[Test worker,5,main])--INSERT INTO UserData (userDataId, last5Passwords, oneTimePassword, oneTimePasswordExpiry, oneTimePasswordGenDate, password, versionId, createdBy, createdDate, updatedBy, updatedDate, activeStatus, txnAccessCode, userId, multiTenantId) VALUES (?, ?, ?, ?, ?, ?, ?, ?, ?, ?, ?, ?, ?, ?, ?)
	bind => [B516E39B-FC8D-4C64-94DF-0E4BC161B56A, smSnKEe1Mjc4UyV8sjFjDHDi3p59yPyLtRUhdxoewVdNogQ2lm, t34L1pTfAXZWvbuqBnnS4lvAsOIiaHdM, 1, 2016-09-21 05:42:39.057, cNgeHK6yRGjc8qzP71mVvymnmUejSUa2DtR80fkCCngZKOBKS1, 1, AAAAA, 2016-09-21 09:17:59.625, AAAAA, 2016-09-21 09:17:59.625, 1, 51000, 0D9A27DC-06A0-4037-9773-749AB33871B4, appCreateValue]
[EL Finest]: query: 2016-09-21 09:18:00.429--ClientSession(1387274031)--Thread(Thread[Test worker,5,main])--Execute query DataModifyQuery(name="address" sql="INSERT INTO AddressMap (addressId, contactId) VALUES (?, ?)")
[EL Fine]: sql: 2016-09-21 09:18:00.429--ClientSession(1387274031)--Connection(35768151)--Thread(Thread[Test worker,5,main])--INSERT INTO Address (addressId, address1, address2, address3, addressLabel, addressTypeId, cityId, countryId, latitude, longitude, stateId, versionId, zipcode, createdBy, createdDate, updatedBy, updatedDate, activeStatus, txnAccessCode, multiTenantId) VALUES (?, ?, ?, ?, ?, ?, ?, ?, ?, ?, ?, ?, ?, ?, ?, ?, ?, ?, ?, ?)
	bind => [F9195643-428B-4AA2-8696-EAB89E5C74CB, k7rd78nV0CBaCmvfIGlup81dvxTUu2uz660ITa4Paf4Z2D0G3n, yLhHzl4dbWVbz9RrUacaiFLFdrdET8TCwzjEIVZ65dT9GbDg0F, Rmhk2DkKzlRCpcWzedCwV2lOfYSdXttF6o2iJg6brIre7k5jKC, qXf6YyBaxTZ, E5DE4629-B48A-4A1E-BFB8-8891A84FA946, 8D408943-8209-434C-A2A1-B669676878BF, 6E81B15A-E4F9-4074-AC5F-998FC018B2B1, zIRmI6Avy9MOPeUOVwpf25kepEWK4FDbXY7RUEg1lUYS1tcBED, c7lBLkzpyMiVrrFRQdVWdwc5YKQNcvNv0rkV5eMzzv2ctrerwH, 5CE9110A-0EBD-4E24-A2BE-8A42C27FC31A, 1, OC8Ptq, AAAAA, 2016-09-21 09:17:59.973, AAAAA, 2016-09-21 09:17:59.973, 1, 51000, appCreateValue]
[EL Fine]: sql: 2016-09-21 09:18:00.431--ClientSession(1387274031)--Connection(35768151)--Thread(Thread[Test worker,5,main])--INSERT INTO AddressMap (addressId, contactId) VALUES (?, ?)
	bind => [F9195643-428B-4AA2-8696-EAB89E5C74CB, 5E574BE5-428B-41DA-8CE8-D6B30577D54D]
[EL Finer]: transaction: 2016-09-21 09:18:00.498--ClientSession(1387274031)--Connection(35768151)--Thread(Thread[Test worker,5,main])--commit transaction
[EL Finest]: connection: 2016-09-21 09:18:00.522--ServerSession(1151842404)--Connection(1258842540)--Thread(Thread[Test worker,5,main])--Connection released to connection pool [default].
[EL Finer]: transaction: 2016-09-21 09:18:00.522--UnitOfWork(684683538)--Thread(Thread[Test worker,5,main])--end unit of work commit
[EL Finer]: transaction: 2016-09-21 09:18:00.522--UnitOfWork(684683538)--Thread(Thread[Test worker,5,main])--resume unit of work
[EL Finer]: transaction: 2016-09-21 09:18:00.523--UnitOfWork(684683538)--Thread(Thread[Test worker,5,main])--release unit of work
[EL Finer]: connection: 2016-09-21 09:18:00.523--ClientSession(1387274031)--Thread(Thread[Test worker,5,main])--client released
[EL Finer]: connection: 2016-09-21 09:18:00.557--ServerSession(1151842404)--Thread(Thread[Test worker,5,main])--client acquired: 1743217247
[EL Finer]: transaction: 2016-09-21 09:18:00.557--ClientSession(1743217247)--Thread(Thread[Test worker,5,main])--acquire unit of work: 132874308
[EL Finest]: connection: 2016-09-21 09:18:00.557--ServerSession(1151842404)--Connection(1982985323)--Thread(Thread[Test worker,5,main])--Connection acquired from connection pool [default].
[EL Finer]: transaction: 2016-09-21 09:18:00.557--ClientSession(1743217247)--Connection(1982985323)--Thread(Thread[Test worker,5,main])--begin transaction
[EL Finest]: connection: 2016-09-21 09:18:00.557--ClientSession(1743217247)--Thread(Thread[Test worker,5,main])--reconnecting to external connection pool
[EL Finer]: transaction: 2016-09-21 09:18:00.559--UnitOfWork(132874308)--Thread(Thread[Test worker,5,main])--begin unit of work flush
[EL Finer]: transaction: 2016-09-21 09:18:00.559--UnitOfWork(132874308)--Thread(Thread[Test worker,5,main])--end unit of work flush
[EL Finest]: query: 2016-09-21 09:18:00.559--UnitOfWork(132874308)--Thread(Thread[Test worker,5,main])--Execute query ReadAllQuery(name="Login.findById" referenceClass=Login sql="SELECT loginPk, multiTenantId, failedLoginAttempts, loginId, serverAuthImage, serverAuthText, versionId, createdBy, createdDate, updatedBy, updatedDate, activeStatus, txnAccessCode, contactId, userId FROM Login WHERE (((activeStatus = ?) AND (loginPk = ?)) AND (multiTenantId = ?))")
[EL Fine]: sql: 2016-09-21 09:18:00.559--ClientSession(1743217247)--Connection(563576921)--Thread(Thread[Test worker,5,main])--SELECT loginPk, multiTenantId, failedLoginAttempts, loginId, serverAuthImage, serverAuthText, versionId, createdBy, createdDate, updatedBy, updatedDate, activeStatus, txnAccessCode, contactId, userId FROM Login WHERE (((activeStatus = ?) AND (loginPk = ?)) AND (multiTenantId = ?))
	bind => [1, 6AE405EC-CB3E-4DCA-AC03-C50029BB05DA, appCreateValue]
[EL Finest]: query: 2016-09-21 09:18:00.561--UnitOfWork(132874308)--Thread(Thread[Test worker,5,main])--Execute query ReadObjectQuery(name="coreContacts" referenceClass=CoreContacts )
[EL Fine]: sql: 2016-09-21 09:18:00.562--ClientSession(1743217247)--Connection(563576921)--Thread(Thread[Test worker,5,main])--SELECT contactId, multiTenantId, age, approximateDOB, dateofbirth, emailId, firstName, genderId, lastName, middleName, nativeFirstName, nativeLanguageCode, nativeLastName, nativeMiddleName, nativeTitle, phoneNumber, titleId, versionId, createdBy, createdDate, updatedBy, updatedDate, activeStatus, txnAccessCode, timeZoneId FROM CoreContacts WHERE ((contactId = ?) AND (multiTenantId = ?))
	bind => [5E574BE5-428B-41DA-8CE8-D6B30577D54D, appCreateValue]
[EL Finest]: query: 2016-09-21 09:18:00.564--UnitOfWork(132874308)--Thread(Thread[Test worker,5,main])--Execute query ReadObjectQuery(name="timezone" referenceClass=Timezone )
[EL Fine]: sql: 2016-09-21 09:18:00.564--ClientSession(1743217247)--Connection(563576921)--Thread(Thread[Test worker,5,main])--SELECT timeZoneId, cities, country, gmtLabel, timeZoneLabel, utcdifference, versionId, createdBy, createdDate, updatedBy, updatedDate, activeStatus, txnAccessCode FROM Timezone WHERE (timeZoneId = ?)
	bind => [A1DC3A28-C0CC-4B75-A68A-9471CDCD3E4D]
[EL Finest]: query: 2016-09-21 09:18:00.566--UnitOfWork(132874308)--Thread(Thread[Test worker,5,main])--Execute query ReadObjectQuery(name="userDetail" referenceClass=UserDetail )
[EL Fine]: sql: 2016-09-21 09:18:00.566--ClientSession(1743217247)--Connection(563576921)--Thread(Thread[Test worker,5,main])--SELECT userId, multiTenantId, allowMultipleLogin, changePasswordNextLogin, genTempOneTimePassword, isDeleted, isLocked, lastPasswordChangeDate, multiFactorAuthEnabled, passwordAlgo, passwordExpiryDate, sessionTimeout, userAccessCode, userAccessDomainId, userAccessLevelId, versionId, createdBy, createdDate, updatedBy, updatedDate, activeStatus, txnAccessCode FROM UserDetail WHERE ((userId = ?) AND (multiTenantId = ?))
	bind => [0D9A27DC-06A0-4037-9773-749AB33871B4, appCreateValue]
[EL Finest]: query: 2016-09-21 09:18:00.568--UnitOfWork(132874308)--Thread(Thread[Test worker,5,main])--Execute query ReadObjectQuery(name="userData" referenceClass=UserData sql="SELECT userDataId, multiTenantId, last5Passwords, oneTimePassword, oneTimePasswordExpiry, oneTimePasswordGenDate, password, versionId, createdBy, createdDate, updatedBy, updatedDate, activeStatus, txnAccessCode, userId FROM UserData WHERE ((userId = ?) AND (multiTenantId = ?))")
[EL Fine]: sql: 2016-09-21 09:18:00.568--ClientSession(1743217247)--Connection(563576921)--Thread(Thread[Test worker,5,main])--SELECT userDataId, multiTenantId, last5Passwords, oneTimePassword, oneTimePasswordExpiry, oneTimePasswordGenDate, password, versionId, createdBy, createdDate, updatedBy, updatedDate, activeStatus, txnAccessCode, userId FROM UserData WHERE ((userId = ?) AND (multiTenantId = ?))
	bind => [0D9A27DC-06A0-4037-9773-749AB33871B4, appCreateValue]
[EL Finest]: query: 2016-09-21 09:18:00.57--UnitOfWork(132874308)--Thread(Thread[Test worker,5,main])--Execute query ReadObjectQuery(name="userDetail" referenceClass=UserDetail )
[EL Finer]: transaction: 2016-09-21 09:18:00.571--UnitOfWork(132874308)--Thread(Thread[Test worker,5,main])--begin unit of work commit
[EL Finer]: transaction: 2016-09-21 09:18:00.571--ClientSession(1743217247)--Connection(563576921)--Thread(Thread[Test worker,5,main])--commit transaction
[EL Finest]: connection: 2016-09-21 09:18:00.572--ServerSession(1151842404)--Connection(1982985323)--Thread(Thread[Test worker,5,main])--Connection released to connection pool [default].
[EL Finer]: transaction: 2016-09-21 09:18:00.572--UnitOfWork(132874308)--Thread(Thread[Test worker,5,main])--end unit of work commit
[EL Finer]: transaction: 2016-09-21 09:18:00.572--UnitOfWork(132874308)--Thread(Thread[Test worker,5,main])--resume unit of work
[EL Finer]: transaction: 2016-09-21 09:18:00.572--UnitOfWork(132874308)--Thread(Thread[Test worker,5,main])--release unit of work
[EL Finer]: connection: 2016-09-21 09:18:00.572--ClientSession(1743217247)--Thread(Thread[Test worker,5,main])--client released
[EL Finest]: query: 2016-09-21 09:18:00.572--UnitOfWork(132874308)--Thread(Thread[Test worker,5,main])--Execute query ReadAllQuery(name="passRecovery" referenceClass=PassRecovery sql="SELECT passRecoveryId, multiTenantId, answer, questionId, versionId, createdBy, createdDate, updatedBy, updatedDate, activeStatus, txnAccessCode, userId FROM PassRecovery WHERE ((userId = ?) AND (multiTenantId = ?))")
[EL Finest]: connection: 2016-09-21 09:18:00.573--ServerSession(1151842404)--Connection(1103708749)--Thread(Thread[Test worker,5,main])--Connection acquired from connection pool [read].
[EL Finest]: connection: 2016-09-21 09:18:00.573--ServerSession(1151842404)--Thread(Thread[Test worker,5,main])--reconnecting to external connection pool
[EL Fine]: sql: 2016-09-21 09:18:00.573--ServerSession(1151842404)--Connection(69201657)--Thread(Thread[Test worker,5,main])--SELECT passRecoveryId, multiTenantId, answer, questionId, versionId, createdBy, createdDate, updatedBy, updatedDate, activeStatus, txnAccessCode, userId FROM PassRecovery WHERE ((userId = ?) AND (multiTenantId = ?))
	bind => [0D9A27DC-06A0-4037-9773-749AB33871B4, appCreateValue]
[EL Finest]: connection: 2016-09-21 09:18:00.575--ServerSession(1151842404)--Connection(1103708749)--Thread(Thread[Test worker,5,main])--Connection released to connection pool [read].
[EL Finest]: query: 2016-09-21 09:18:00.575--UnitOfWork(132874308)--Thread(Thread[Test worker,5,main])--Execute query ReadObjectQuery(name="userDetail" referenceClass=UserDetail )
[EL Finest]: transaction: 2016-09-21 09:18:00.576--UnitOfWork(132874308)--Thread(Thread[Test worker,5,main])--Register the existing object 832438F2-EE61-4097-B775-1AACE8B99D85,eIdGteMSeKGBkhXDPr73TUOvE8PAqUOk9Q6yxYQlP7P9jGvpL7
[EL Finest]: query: 2016-09-21 09:18:00.576--UnitOfWork(132874308)--Thread(Thread[Test worker,5,main])--Execute query ReadAllQuery(name="address" referenceClass=Address sql="SELECT t1.addressId, t1.multiTenantId, t1.address1, t1.address2, t1.address3, t1.addressLabel, t1.addressTypeId, t1.cityId, t1.countryId, t1.latitude, t1.longitude, t1.stateId, t1.versionId, t1.zipcode, t1.createdBy, t1.createdDate, t1.updatedBy, t1.updatedDate, t1.activeStatus, t1.txnAccessCode FROM AddressMap t0, Address t1 WHERE (((t0.contactId = ?) AND (t1.addressId = t0.addressId)) AND (t1.multiTenantId = ?))")
[EL Finest]: connection: 2016-09-21 09:18:00.576--ServerSession(1151842404)--Connection(241315503)--Thread(Thread[Test worker,5,main])--Connection acquired from connection pool [read].
[EL Finest]: connection: 2016-09-21 09:18:00.577--ServerSession(1151842404)--Thread(Thread[Test worker,5,main])--reconnecting to external connection pool
[EL Fine]: sql: 2016-09-21 09:18:00.577--ServerSession(1151842404)--Connection(1340533385)--Thread(Thread[Test worker,5,main])--SELECT t1.addressId, t1.multiTenantId, t1.address1, t1.address2, t1.address3, t1.addressLabel, t1.addressTypeId, t1.cityId, t1.countryId, t1.latitude, t1.longitude, t1.stateId, t1.versionId, t1.zipcode, t1.createdBy, t1.createdDate, t1.updatedBy, t1.updatedDate, t1.activeStatus, t1.txnAccessCode FROM AddressMap t0, Address t1 WHERE (((t0.contactId = ?) AND (t1.addressId = t0.addressId)) AND (t1.multiTenantId = ?))
	bind => [5E574BE5-428B-41DA-8CE8-D6B30577D54D, appCreateValue]
[EL Finest]: connection: 2016-09-21 09:18:00.579--ServerSession(1151842404)--Connection(241315503)--Thread(Thread[Test worker,5,main])--Connection released to connection pool [read].
[EL Finest]: transaction: 2016-09-21 09:18:00.579--UnitOfWork(132874308)--Thread(Thread[Test worker,5,main])--Register the existing object OC8Ptq
[EL Finer]: connection: 2016-09-21 09:18:00.58--ServerSession(1151842404)--Thread(Thread[Test worker,5,main])--client acquired: 397786654
[EL Finer]: transaction: 2016-09-21 09:18:00.58--ClientSession(397786654)--Thread(Thread[Test worker,5,main])--acquire unit of work: 483700667
[EL Finest]: connection: 2016-09-21 09:18:00.58--ServerSession(1151842404)--Connection(1331506374)--Thread(Thread[Test worker,5,main])--Connection acquired from connection pool [default].
[EL Finer]: transaction: 2016-09-21 09:18:00.581--ClientSession(397786654)--Connection(1331506374)--Thread(Thread[Test worker,5,main])--begin transaction
[EL Finest]: connection: 2016-09-21 09:18:00.581--ClientSession(397786654)--Thread(Thread[Test worker,5,main])--reconnecting to external connection pool
[EL Finest]: transaction: 2016-09-21 09:18:00.586--UnitOfWork(483700667)--Thread(Thread[Test worker,5,main])--Merge clone with references Hv8lmswkFlrWAUIXxhXCDx8N8TTphqtK
[EL Finest]: query: 2016-09-21 09:18:00.586--UnitOfWork(483700667)--Thread(Thread[Test worker,5,main])--Execute query ReadObjectQuery(referenceClass=Login )
[EL Fine]: sql: 2016-09-21 09:18:00.586--ClientSession(397786654)--Connection(1138053413)--Thread(Thread[Test worker,5,main])--SELECT loginPk, multiTenantId, failedLoginAttempts, loginId, serverAuthImage, serverAuthText, versionId, createdBy, createdDate, updatedBy, updatedDate, activeStatus, txnAccessCode, contactId, userId FROM Login WHERE ((loginPk = ?) AND (multiTenantId = ?))
	bind => [6AE405EC-CB3E-4DCA-AC03-C50029BB05DA, appCreateValue]
[EL Finest]: query: 2016-09-21 09:18:00.588--UnitOfWork(483700667)--Thread(Thread[Test worker,5,main])--Execute query ReadObjectQuery(name="coreContacts" referenceClass=CoreContacts )
[EL Fine]: sql: 2016-09-21 09:18:00.588--ClientSession(397786654)--Connection(1138053413)--Thread(Thread[Test worker,5,main])--SELECT contactId, multiTenantId, age, approximateDOB, dateofbirth, emailId, firstName, genderId, lastName, middleName, nativeFirstName, nativeLanguageCode, nativeLastName, nativeMiddleName, nativeTitle, phoneNumber, titleId, versionId, createdBy, createdDate, updatedBy, updatedDate, activeStatus, txnAccessCode, timeZoneId FROM CoreContacts WHERE ((contactId = ?) AND (multiTenantId = ?))
	bind => [5E574BE5-428B-41DA-8CE8-D6B30577D54D, appCreateValue]
[EL Finest]: query: 2016-09-21 09:18:00.59--UnitOfWork(483700667)--Thread(Thread[Test worker,5,main])--Execute query ReadObjectQuery(name="timezone" referenceClass=Timezone )
[EL Fine]: sql: 2016-09-21 09:18:00.59--ClientSession(397786654)--Connection(1138053413)--Thread(Thread[Test worker,5,main])--SELECT timeZoneId, cities, country, gmtLabel, timeZoneLabel, utcdifference, versionId, createdBy, createdDate, updatedBy, updatedDate, activeStatus, txnAccessCode FROM Timezone WHERE (timeZoneId = ?)
	bind => [A1DC3A28-C0CC-4B75-A68A-9471CDCD3E4D]
[EL Finest]: query: 2016-09-21 09:18:00.591--UnitOfWork(483700667)--Thread(Thread[Test worker,5,main])--Execute query ReadObjectQuery(name="userDetail" referenceClass=UserDetail )
[EL Fine]: sql: 2016-09-21 09:18:00.591--ClientSession(397786654)--Connection(1138053413)--Thread(Thread[Test worker,5,main])--SELECT userId, multiTenantId, allowMultipleLogin, changePasswordNextLogin, genTempOneTimePassword, isDeleted, isLocked, lastPasswordChangeDate, multiFactorAuthEnabled, passwordAlgo, passwordExpiryDate, sessionTimeout, userAccessCode, userAccessDomainId, userAccessLevelId, versionId, createdBy, createdDate, updatedBy, updatedDate, activeStatus, txnAccessCode FROM UserDetail WHERE ((userId = ?) AND (multiTenantId = ?))
	bind => [0D9A27DC-06A0-4037-9773-749AB33871B4, appCreateValue]
[EL Finest]: query: 2016-09-21 09:18:00.593--UnitOfWork(483700667)--Thread(Thread[Test worker,5,main])--Execute query ReadObjectQuery(name="userData" referenceClass=UserData sql="SELECT userDataId, multiTenantId, last5Passwords, oneTimePassword, oneTimePasswordExpiry, oneTimePasswordGenDate, password, versionId, createdBy, createdDate, updatedBy, updatedDate, activeStatus, txnAccessCode, userId FROM UserData WHERE ((userId = ?) AND (multiTenantId = ?))")
[EL Fine]: sql: 2016-09-21 09:18:00.593--ClientSession(397786654)--Connection(1138053413)--Thread(Thread[Test worker,5,main])--SELECT userDataId, multiTenantId, last5Passwords, oneTimePassword, oneTimePasswordExpiry, oneTimePasswordGenDate, password, versionId, createdBy, createdDate, updatedBy, updatedDate, activeStatus, txnAccessCode, userId FROM UserData WHERE ((userId = ?) AND (multiTenantId = ?))
	bind => [0D9A27DC-06A0-4037-9773-749AB33871B4, appCreateValue]
[EL Finest]: query: 2016-09-21 09:18:00.595--UnitOfWork(483700667)--Thread(Thread[Test worker,5,main])--Execute query ReadObjectQuery(name="userDetail" referenceClass=UserDetail )
[EL Finest]: query: 2016-09-21 09:18:00.596--UnitOfWork(483700667)--Thread(Thread[Test worker,5,main])--Execute query ReadAllQuery(name="address" referenceClass=Address sql="SELECT t1.addressId, t1.multiTenantId, t1.address1, t1.address2, t1.address3, t1.addressLabel, t1.addressTypeId, t1.cityId, t1.countryId, t1.latitude, t1.longitude, t1.stateId, t1.versionId, t1.zipcode, t1.createdBy, t1.createdDate, t1.updatedBy, t1.updatedDate, t1.activeStatus, t1.txnAccessCode FROM AddressMap t0, Address t1 WHERE (((t0.contactId = ?) AND (t1.addressId = t0.addressId)) AND (t1.multiTenantId = ?))")
[EL Fine]: sql: 2016-09-21 09:18:00.596--ClientSession(397786654)--Connection(1138053413)--Thread(Thread[Test worker,5,main])--SELECT t1.addressId, t1.multiTenantId, t1.address1, t1.address2, t1.address3, t1.addressLabel, t1.addressTypeId, t1.cityId, t1.countryId, t1.latitude, t1.longitude, t1.stateId, t1.versionId, t1.zipcode, t1.createdBy, t1.createdDate, t1.updatedBy, t1.updatedDate, t1.activeStatus, t1.txnAccessCode FROM AddressMap t0, Address t1 WHERE (((t0.contactId = ?) AND (t1.addressId = t0.addressId)) AND (t1.multiTenantId = ?))
	bind => [5E574BE5-428B-41DA-8CE8-D6B30577D54D, appCreateValue]
[EL Finest]: query: 2016-09-21 09:18:00.598--UnitOfWork(483700667)--Thread(Thread[Test worker,5,main])--Execute query ReadAllQuery(name="passRecovery" referenceClass=PassRecovery sql="SELECT passRecoveryId, multiTenantId, answer, questionId, versionId, createdBy, createdDate, updatedBy, updatedDate, activeStatus, txnAccessCode, userId FROM PassRecovery WHERE ((userId = ?) AND (multiTenantId = ?))")
[EL Fine]: sql: 2016-09-21 09:18:00.598--ClientSession(397786654)--Connection(1138053413)--Thread(Thread[Test worker,5,main])--SELECT passRecoveryId, multiTenantId, answer, questionId, versionId, createdBy, createdDate, updatedBy, updatedDate, activeStatus, txnAccessCode, userId FROM PassRecovery WHERE ((userId = ?) AND (multiTenantId = ?))
	bind => [0D9A27DC-06A0-4037-9773-749AB33871B4, appCreateValue]
[EL Finest]: query: 2016-09-21 09:18:00.6--UnitOfWork(483700667)--Thread(Thread[Test worker,5,main])--Execute query ReadObjectQuery(name="userDetail" referenceClass=UserDetail )
[EL Finer]: transaction: 2016-09-21 09:18:00.601--UnitOfWork(483700667)--Thread(Thread[Test worker,5,main])--begin unit of work commit
[EL Finest]: query: 2016-09-21 09:18:00.602--UnitOfWork(483700667)--Thread(Thread[Test worker,5,main])--Execute query UpdateObjectQuery(Hv8lmswkFlrWAUIXxhXCDx8N8TTphqtK)
[EL Fine]: sql: 2016-09-21 09:18:00.602--ClientSession(397786654)--Connection(1138053413)--Thread(Thread[Test worker,5,main])--UPDATE Login SET failedLoginAttempts = ?, loginId = ?, serverAuthImage = ?, serverAuthText = ?, versionId = ? WHERE ((loginPk = ?) AND (versionId = ?))
	bind => [5, nhMtdTgstDndYLGwL7jhMxZrVEOTCWDoGoBqDUiKlz44KdvBRD, Hv8lmswkFlrWAUIXxhXCDx8N8TTphqtK, amumbbXTuwA4pl0A, 2, 6AE405EC-CB3E-4DCA-AC03-C50029BB05DA, 1]
[EL Finer]: transaction: 2016-09-21 09:18:00.603--ClientSession(397786654)--Connection(1138053413)--Thread(Thread[Test worker,5,main])--commit transaction
[EL Finest]: connection: 2016-09-21 09:18:00.679--ServerSession(1151842404)--Connection(1331506374)--Thread(Thread[Test worker,5,main])--Connection released to connection pool [default].
[EL Finer]: transaction: 2016-09-21 09:18:00.679--UnitOfWork(483700667)--Thread(Thread[Test worker,5,main])--end unit of work commit
[EL Finer]: transaction: 2016-09-21 09:18:00.679--UnitOfWork(483700667)--Thread(Thread[Test worker,5,main])--resume unit of work
[EL Finer]: transaction: 2016-09-21 09:18:00.679--UnitOfWork(483700667)--Thread(Thread[Test worker,5,main])--release unit of work
[EL Finer]: connection: 2016-09-21 09:18:00.679--ClientSession(397786654)--Thread(Thread[Test worker,5,main])--client released
[EL Finer]: connection: 2016-09-21 09:18:00.722--ServerSession(1151842404)--Thread(Thread[Test worker,5,main])--client acquired: 829343831
[EL Finer]: transaction: 2016-09-21 09:18:00.722--ClientSession(829343831)--Thread(Thread[Test worker,5,main])--acquire unit of work: 1612898587
[EL Finest]: connection: 2016-09-21 09:18:00.722--ServerSession(1151842404)--Connection(300475628)--Thread(Thread[Test worker,5,main])--Connection acquired from connection pool [default].
[EL Finer]: transaction: 2016-09-21 09:18:00.723--ClientSession(829343831)--Connection(300475628)--Thread(Thread[Test worker,5,main])--begin transaction
[EL Finest]: connection: 2016-09-21 09:18:00.723--ClientSession(829343831)--Thread(Thread[Test worker,5,main])--reconnecting to external connection pool
[EL Finer]: transaction: 2016-09-21 09:18:00.724--UnitOfWork(1612898587)--Thread(Thread[Test worker,5,main])--begin unit of work flush
[EL Finer]: transaction: 2016-09-21 09:18:00.724--UnitOfWork(1612898587)--Thread(Thread[Test worker,5,main])--end unit of work flush
[EL Finest]: query: 2016-09-21 09:18:00.724--UnitOfWork(1612898587)--Thread(Thread[Test worker,5,main])--Execute query ReadAllQuery(name="Login.findById" referenceClass=Login sql="SELECT loginPk, multiTenantId, failedLoginAttempts, loginId, serverAuthImage, serverAuthText, versionId, createdBy, createdDate, updatedBy, updatedDate, activeStatus, txnAccessCode, contactId, userId FROM Login WHERE (((activeStatus = ?) AND (loginPk = ?)) AND (multiTenantId = ?))")
[EL Fine]: sql: 2016-09-21 09:18:00.724--ClientSession(829343831)--Connection(1069551719)--Thread(Thread[Test worker,5,main])--SELECT loginPk, multiTenantId, failedLoginAttempts, loginId, serverAuthImage, serverAuthText, versionId, createdBy, createdDate, updatedBy, updatedDate, activeStatus, txnAccessCode, contactId, userId FROM Login WHERE (((activeStatus = ?) AND (loginPk = ?)) AND (multiTenantId = ?))
	bind => [1, 6AE405EC-CB3E-4DCA-AC03-C50029BB05DA, appCreateValue]
[EL Finest]: query: 2016-09-21 09:18:00.726--UnitOfWork(1612898587)--Thread(Thread[Test worker,5,main])--Execute query ReadObjectQuery(name="coreContacts" referenceClass=CoreContacts )
[EL Fine]: sql: 2016-09-21 09:18:00.726--ClientSession(829343831)--Connection(1069551719)--Thread(Thread[Test worker,5,main])--SELECT contactId, multiTenantId, age, approximateDOB, dateofbirth, emailId, firstName, genderId, lastName, middleName, nativeFirstName, nativeLanguageCode, nativeLastName, nativeMiddleName, nativeTitle, phoneNumber, titleId, versionId, createdBy, createdDate, updatedBy, updatedDate, activeStatus, txnAccessCode, timeZoneId FROM CoreContacts WHERE ((contactId = ?) AND (multiTenantId = ?))
	bind => [5E574BE5-428B-41DA-8CE8-D6B30577D54D, appCreateValue]
[EL Finest]: query: 2016-09-21 09:18:00.728--UnitOfWork(1612898587)--Thread(Thread[Test worker,5,main])--Execute query ReadObjectQuery(name="timezone" referenceClass=Timezone )
[EL Fine]: sql: 2016-09-21 09:18:00.728--ClientSession(829343831)--Connection(1069551719)--Thread(Thread[Test worker,5,main])--SELECT timeZoneId, cities, country, gmtLabel, timeZoneLabel, utcdifference, versionId, createdBy, createdDate, updatedBy, updatedDate, activeStatus, txnAccessCode FROM Timezone WHERE (timeZoneId = ?)
	bind => [A1DC3A28-C0CC-4B75-A68A-9471CDCD3E4D]
[EL Finest]: query: 2016-09-21 09:18:00.73--UnitOfWork(1612898587)--Thread(Thread[Test worker,5,main])--Execute query ReadObjectQuery(name="userDetail" referenceClass=UserDetail )
[EL Fine]: sql: 2016-09-21 09:18:00.73--ClientSession(829343831)--Connection(1069551719)--Thread(Thread[Test worker,5,main])--SELECT userId, multiTenantId, allowMultipleLogin, changePasswordNextLogin, genTempOneTimePassword, isDeleted, isLocked, lastPasswordChangeDate, multiFactorAuthEnabled, passwordAlgo, passwordExpiryDate, sessionTimeout, userAccessCode, userAccessDomainId, userAccessLevelId, versionId, createdBy, createdDate, updatedBy, updatedDate, activeStatus, txnAccessCode FROM UserDetail WHERE ((userId = ?) AND (multiTenantId = ?))
	bind => [0D9A27DC-06A0-4037-9773-749AB33871B4, appCreateValue]
[EL Finest]: query: 2016-09-21 09:18:00.733--UnitOfWork(1612898587)--Thread(Thread[Test worker,5,main])--Execute query ReadObjectQuery(name="userData" referenceClass=UserData sql="SELECT userDataId, multiTenantId, last5Passwords, oneTimePassword, oneTimePasswordExpiry, oneTimePasswordGenDate, password, versionId, createdBy, createdDate, updatedBy, updatedDate, activeStatus, txnAccessCode, userId FROM UserData WHERE ((userId = ?) AND (multiTenantId = ?))")
[EL Fine]: sql: 2016-09-21 09:18:00.733--ClientSession(829343831)--Connection(1069551719)--Thread(Thread[Test worker,5,main])--SELECT userDataId, multiTenantId, last5Passwords, oneTimePassword, oneTimePasswordExpiry, oneTimePasswordGenDate, password, versionId, createdBy, createdDate, updatedBy, updatedDate, activeStatus, txnAccessCode, userId FROM UserData WHERE ((userId = ?) AND (multiTenantId = ?))
	bind => [0D9A27DC-06A0-4037-9773-749AB33871B4, appCreateValue]
[EL Finest]: query: 2016-09-21 09:18:00.735--UnitOfWork(1612898587)--Thread(Thread[Test worker,5,main])--Execute query ReadObjectQuery(name="userDetail" referenceClass=UserDetail )
[EL Finer]: transaction: 2016-09-21 09:18:00.736--UnitOfWork(1612898587)--Thread(Thread[Test worker,5,main])--begin unit of work commit
[EL Finer]: transaction: 2016-09-21 09:18:00.737--ClientSession(829343831)--Connection(1069551719)--Thread(Thread[Test worker,5,main])--commit transaction
[EL Finest]: connection: 2016-09-21 09:18:00.738--ServerSession(1151842404)--Connection(300475628)--Thread(Thread[Test worker,5,main])--Connection released to connection pool [default].
[EL Finer]: transaction: 2016-09-21 09:18:00.738--UnitOfWork(1612898587)--Thread(Thread[Test worker,5,main])--end unit of work commit
[EL Finer]: transaction: 2016-09-21 09:18:00.738--UnitOfWork(1612898587)--Thread(Thread[Test worker,5,main])--resume unit of work
[EL Finer]: transaction: 2016-09-21 09:18:00.738--UnitOfWork(1612898587)--Thread(Thread[Test worker,5,main])--release unit of work
[EL Finer]: connection: 2016-09-21 09:18:00.738--ClientSession(829343831)--Thread(Thread[Test worker,5,main])--client released
[EL Finer]: connection: 2016-09-21 09:18:00.794--ServerSession(1151842404)--Thread(Thread[Test worker,5,main])--client acquired: 682546132
[EL Finer]: transaction: 2016-09-21 09:18:00.794--ClientSession(682546132)--Thread(Thread[Test worker,5,main])--acquire unit of work: 1842681897
[EL Finest]: connection: 2016-09-21 09:18:00.794--ServerSession(1151842404)--Connection(1092969492)--Thread(Thread[Test worker,5,main])--Connection acquired from connection pool [default].
[EL Finer]: transaction: 2016-09-21 09:18:00.794--ClientSession(682546132)--Connection(1092969492)--Thread(Thread[Test worker,5,main])--begin transaction
[EL Finest]: connection: 2016-09-21 09:18:00.794--ClientSession(682546132)--Thread(Thread[Test worker,5,main])--reconnecting to external connection pool
[EL Finest]: query: 2016-09-21 09:18:00.795--UnitOfWork(1842681897)--Thread(Thread[Test worker,5,main])--Execute query ReadObjectQuery(name="readLogin" referenceClass=Login sql="SELECT loginPk, multiTenantId, failedLoginAttempts, loginId, serverAuthImage, serverAuthText, versionId, createdBy, createdDate, updatedBy, updatedDate, activeStatus, txnAccessCode, contactId, userId FROM Login WHERE ((loginPk = ?) AND (multiTenantId = ?))")
[EL Fine]: sql: 2016-09-21 09:18:00.795--ClientSession(682546132)--Connection(1042904025)--Thread(Thread[Test worker,5,main])--SELECT loginPk, multiTenantId, failedLoginAttempts, loginId, serverAuthImage, serverAuthText, versionId, createdBy, createdDate, updatedBy, updatedDate, activeStatus, txnAccessCode, contactId, userId FROM Login WHERE ((loginPk = ?) AND (multiTenantId = ?))
	bind => [6AE405EC-CB3E-4DCA-AC03-C50029BB05DA, appCreateValue]
[EL Finest]: query: 2016-09-21 09:18:00.796--UnitOfWork(1842681897)--Thread(Thread[Test worker,5,main])--Execute query ReadObjectQuery(name="coreContacts" referenceClass=CoreContacts )
[EL Fine]: sql: 2016-09-21 09:18:00.796--ClientSession(682546132)--Connection(1042904025)--Thread(Thread[Test worker,5,main])--SELECT contactId, multiTenantId, age, approximateDOB, dateofbirth, emailId, firstName, genderId, lastName, middleName, nativeFirstName, nativeLanguageCode, nativeLastName, nativeMiddleName, nativeTitle, phoneNumber, titleId, versionId, createdBy, createdDate, updatedBy, updatedDate, activeStatus, txnAccessCode, timeZoneId FROM CoreContacts WHERE ((contactId = ?) AND (multiTenantId = ?))
	bind => [5E574BE5-428B-41DA-8CE8-D6B30577D54D, appCreateValue]
[EL Finest]: query: 2016-09-21 09:18:00.798--UnitOfWork(1842681897)--Thread(Thread[Test worker,5,main])--Execute query ReadObjectQuery(name="timezone" referenceClass=Timezone )
[EL Fine]: sql: 2016-09-21 09:18:00.798--ClientSession(682546132)--Connection(1042904025)--Thread(Thread[Test worker,5,main])--SELECT timeZoneId, cities, country, gmtLabel, timeZoneLabel, utcdifference, versionId, createdBy, createdDate, updatedBy, updatedDate, activeStatus, txnAccessCode FROM Timezone WHERE (timeZoneId = ?)
	bind => [A1DC3A28-C0CC-4B75-A68A-9471CDCD3E4D]
[EL Finest]: query: 2016-09-21 09:18:00.799--UnitOfWork(1842681897)--Thread(Thread[Test worker,5,main])--Execute query ReadObjectQuery(name="userDetail" referenceClass=UserDetail )
[EL Fine]: sql: 2016-09-21 09:18:00.8--ClientSession(682546132)--Connection(1042904025)--Thread(Thread[Test worker,5,main])--SELECT userId, multiTenantId, allowMultipleLogin, changePasswordNextLogin, genTempOneTimePassword, isDeleted, isLocked, lastPasswordChangeDate, multiFactorAuthEnabled, passwordAlgo, passwordExpiryDate, sessionTimeout, userAccessCode, userAccessDomainId, userAccessLevelId, versionId, createdBy, createdDate, updatedBy, updatedDate, activeStatus, txnAccessCode FROM UserDetail WHERE ((userId = ?) AND (multiTenantId = ?))
	bind => [0D9A27DC-06A0-4037-9773-749AB33871B4, appCreateValue]
[EL Finest]: query: 2016-09-21 09:18:00.801--UnitOfWork(1842681897)--Thread(Thread[Test worker,5,main])--Execute query ReadObjectQuery(name="userData" referenceClass=UserData sql="SELECT userDataId, multiTenantId, last5Passwords, oneTimePassword, oneTimePasswordExpiry, oneTimePasswordGenDate, password, versionId, createdBy, createdDate, updatedBy, updatedDate, activeStatus, txnAccessCode, userId FROM UserData WHERE ((userId = ?) AND (multiTenantId = ?))")
[EL Fine]: sql: 2016-09-21 09:18:00.801--ClientSession(682546132)--Connection(1042904025)--Thread(Thread[Test worker,5,main])--SELECT userDataId, multiTenantId, last5Passwords, oneTimePassword, oneTimePasswordExpiry, oneTimePasswordGenDate, password, versionId, createdBy, createdDate, updatedBy, updatedDate, activeStatus, txnAccessCode, userId FROM UserData WHERE ((userId = ?) AND (multiTenantId = ?))
	bind => [0D9A27DC-06A0-4037-9773-749AB33871B4, appCreateValue]
[EL Finest]: query: 2016-09-21 09:18:00.802--UnitOfWork(1842681897)--Thread(Thread[Test worker,5,main])--Execute query ReadObjectQuery(name="userDetail" referenceClass=UserDetail )
[EL Finest]: transaction: 2016-09-21 09:18:00.802--UnitOfWork(1842681897)--Thread(Thread[Test worker,5,main])--remove() operation called on: Hv8lmswkFlrWAUIXxhXCDx8N8TTphqtK
[EL Finest]: transaction: 2016-09-21 09:18:00.802--UnitOfWork(1842681897)--Thread(Thread[Test worker,5,main])--remove() operation called on: iupNySOZXn7DfCSSy8VWcrHOOa42wp3NO7JSvTpn8r2uHVW0Nf,03SOOa8NmYwU0nOAJVbz06SBvnml4xlfYOSyAk5ST4ybscXWEm,NRKE8bVDbuyYOkr8Qu1Ffa48vkUSkkJb42wdDs7n6qrzYQcc4e,eSjhkUvoDIrgB1ZmGTjdVBl72OFokGYRtjvODQOVilITGsh84x,ugSNY9ew4gxXpEouQRWc
[EL Finest]: query: 2016-09-21 09:18:00.802--UnitOfWork(1842681897)--Thread(Thread[Test worker,5,main])--Execute query ReadAllQuery(name="address" referenceClass=Address sql="SELECT t1.addressId, t1.multiTenantId, t1.address1, t1.address2, t1.address3, t1.addressLabel, t1.addressTypeId, t1.cityId, t1.countryId, t1.latitude, t1.longitude, t1.stateId, t1.versionId, t1.zipcode, t1.createdBy, t1.createdDate, t1.updatedBy, t1.updatedDate, t1.activeStatus, t1.txnAccessCode FROM AddressMap t0, Address t1 WHERE (((t0.contactId = ?) AND (t1.addressId = t0.addressId)) AND (t1.multiTenantId = ?))")
[EL Fine]: sql: 2016-09-21 09:18:00.803--ClientSession(682546132)--Connection(1042904025)--Thread(Thread[Test worker,5,main])--SELECT t1.addressId, t1.multiTenantId, t1.address1, t1.address2, t1.address3, t1.addressLabel, t1.addressTypeId, t1.cityId, t1.countryId, t1.latitude, t1.longitude, t1.stateId, t1.versionId, t1.zipcode, t1.createdBy, t1.createdDate, t1.updatedBy, t1.updatedDate, t1.activeStatus, t1.txnAccessCode FROM AddressMap t0, Address t1 WHERE (((t0.contactId = ?) AND (t1.addressId = t0.addressId)) AND (t1.multiTenantId = ?))
	bind => [5E574BE5-428B-41DA-8CE8-D6B30577D54D, appCreateValue]
[EL Finest]: transaction: 2016-09-21 09:18:00.804--UnitOfWork(1842681897)--Thread(Thread[Test worker,5,main])--remove() operation called on: OC8Ptq
[EL Finest]: transaction: 2016-09-21 09:18:00.805--UnitOfWork(1842681897)--Thread(Thread[Test worker,5,main])--remove() operation called on: pVy8aooQIQ05RZicqEu5326J4yS9VLj6AFEW8d47P4iNimzEmb
[EL Finest]: transaction: 2016-09-21 09:18:00.805--UnitOfWork(1842681897)--Thread(Thread[Test worker,5,main])--remove() operation called on: pVy8aooQIQ05RZicqEu5326J4yS9VLj6AFEW8d47P4iNimzEmb
[EL Finest]: query: 2016-09-21 09:18:00.805--UnitOfWork(1842681897)--Thread(Thread[Test worker,5,main])--Execute query ReadAllQuery(name="passRecovery" referenceClass=PassRecovery sql="SELECT passRecoveryId, multiTenantId, answer, questionId, versionId, createdBy, createdDate, updatedBy, updatedDate, activeStatus, txnAccessCode, userId FROM PassRecovery WHERE ((userId = ?) AND (multiTenantId = ?))")
[EL Fine]: sql: 2016-09-21 09:18:00.805--ClientSession(682546132)--Connection(1042904025)--Thread(Thread[Test worker,5,main])--SELECT passRecoveryId, multiTenantId, answer, questionId, versionId, createdBy, createdDate, updatedBy, updatedDate, activeStatus, txnAccessCode, userId FROM PassRecovery WHERE ((userId = ?) AND (multiTenantId = ?))
	bind => [0D9A27DC-06A0-4037-9773-749AB33871B4, appCreateValue]
[EL Finest]: query: 2016-09-21 09:18:00.806--UnitOfWork(1842681897)--Thread(Thread[Test worker,5,main])--Execute query ReadObjectQuery(name="userDetail" referenceClass=UserDetail )
[EL Finest]: transaction: 2016-09-21 09:18:00.806--UnitOfWork(1842681897)--Thread(Thread[Test worker,5,main])--remove() operation called on: 832438F2-EE61-4097-B775-1AACE8B99D85,eIdGteMSeKGBkhXDPr73TUOvE8PAqUOk9Q6yxYQlP7P9jGvpL7
[EL Finer]: transaction: 2016-09-21 09:18:00.807--UnitOfWork(1842681897)--Thread(Thread[Test worker,5,main])--begin unit of work commit
[EL Finest]: query: 2016-09-21 09:18:00.807--UnitOfWork(1842681897)--Thread(Thread[Test worker,5,main])--Execute query DoesExistQuery(referenceClass=Login )
[EL Finest]: query: 2016-09-21 09:18:00.808--UnitOfWork(1842681897)--Thread(Thread[Test worker,5,main])--Execute query DoesExistQuery(referenceClass=UserData )
[EL Finest]: query: 2016-09-21 09:18:00.808--UnitOfWork(1842681897)--Thread(Thread[Test worker,5,main])--Execute query DoesExistQuery(referenceClass=CoreContacts )
[EL Finest]: query: 2016-09-21 09:18:00.808--UnitOfWork(1842681897)--Thread(Thread[Test worker,5,main])--Execute query DoesExistQuery(referenceClass=UserDetail )
[EL Finest]: query: 2016-09-21 09:18:00.808--UnitOfWork(1842681897)--Thread(Thread[Test worker,5,main])--Execute query DoesExistQuery(referenceClass=PassRecovery )
[EL Finest]: query: 2016-09-21 09:18:00.808--UnitOfWork(1842681897)--Thread(Thread[Test worker,5,main])--Execute query DoesExistQuery(referenceClass=Address )
[EL Finest]: query: 2016-09-21 09:18:00.808--UnitOfWork(1842681897)--Thread(Thread[Test worker,5,main])--Execute query DataModifyQuery(name="address" sql="DELETE FROM AddressMap WHERE (contactId = ?)")
[EL Finest]: query: 2016-09-21 09:18:00.809--UnitOfWork(1842681897)--Thread(Thread[Test worker,5,main])--Execute query DeleteObjectQuery(OC8Ptq)
[EL Fine]: sql: 2016-09-21 09:18:00.809--ClientSession(682546132)--Connection(1042904025)--Thread(Thread[Test worker,5,main])--DELETE FROM AddressMap WHERE (contactId = ?)
	bind => [5E574BE5-428B-41DA-8CE8-D6B30577D54D]
[EL Finest]: query: 2016-09-21 09:18:00.813--UnitOfWork(1842681897)--Thread(Thread[Test worker,5,main])--Execute query DeleteObjectQuery(pVy8aooQIQ05RZicqEu5326J4yS9VLj6AFEW8d47P4iNimzEmb)
[EL Fine]: sql: 2016-09-21 09:18:00.814--ClientSession(682546132)--Connection(1042904025)--Thread(Thread[Test worker,5,main])--DELETE FROM Address WHERE ((addressId = ?) AND (versionId = ?))
	bind => [F9195643-428B-4AA2-8696-EAB89E5C74CB, 1]
[EL Finest]: query: 2016-09-21 09:18:00.912--UnitOfWork(1842681897)--Thread(Thread[Test worker,5,main])--Execute query DeleteObjectQuery(832438F2-EE61-4097-B775-1AACE8B99D85,eIdGteMSeKGBkhXDPr73TUOvE8PAqUOk9Q6yxYQlP7P9jGvpL7)
[EL Fine]: sql: 2016-09-21 09:18:00.913--ClientSession(682546132)--Connection(1042904025)--Thread(Thread[Test worker,5,main])--DELETE FROM UserData WHERE ((userDataId = ?) AND (versionId = ?))
	bind => [B516E39B-FC8D-4C64-94DF-0E4BC161B56A, 1]
[EL Finest]: query: 2016-09-21 09:18:00.914--UnitOfWork(1842681897)--Thread(Thread[Test worker,5,main])--Execute query DeleteObjectQuery(Hv8lmswkFlrWAUIXxhXCDx8N8TTphqtK)
[EL Fine]: sql: 2016-09-21 09:18:00.914--ClientSession(682546132)--Connection(1042904025)--Thread(Thread[Test worker,5,main])--DELETE FROM PassRecovery WHERE ((passRecoveryId = ?) AND (versionId = ?))
	bind => [3944E956-254A-4D57-A523-06C1C198D0A5, 1]
[EL Finest]: query: 2016-09-21 09:18:00.916--UnitOfWork(1842681897)--Thread(Thread[Test worker,5,main])--Execute query DeleteObjectQuery(pVy8aooQIQ05RZicqEu5326J4yS9VLj6AFEW8d47P4iNimzEmb)
[EL Fine]: sql: 2016-09-21 09:18:00.917--ClientSession(682546132)--Connection(1042904025)--Thread(Thread[Test worker,5,main])--DELETE FROM Login WHERE ((loginPk = ?) AND (versionId = ?))
	bind => [6AE405EC-CB3E-4DCA-AC03-C50029BB05DA, 2]
[EL Finest]: query: 2016-09-21 09:18:00.918--UnitOfWork(1842681897)--Thread(Thread[Test worker,5,main])--Execute query DeleteObjectQuery(iupNySOZXn7DfCSSy8VWcrHOOa42wp3NO7JSvTpn8r2uHVW0Nf,03SOOa8NmYwU0nOAJVbz06SBvnml4xlfYOSyAk5ST4ybscXWEm,NRKE8bVDbuyYOkr8Qu1Ffa48vkUSkkJb42wdDs7n6qrzYQcc4e,eSjhkUvoDIrgB1ZmGTjdVBl72OFokGYRtjvODQOVilITGsh84x,ugSNY9ew4gxXpEouQRWc)
[EL Fine]: sql: 2016-09-21 09:18:00.918--ClientSession(682546132)--Connection(1042904025)--Thread(Thread[Test worker,5,main])--DELETE FROM UserDetail WHERE ((userId = ?) AND (versionId = ?))
	bind => [0D9A27DC-06A0-4037-9773-749AB33871B4, 1]
[EL Fine]: sql: 2016-09-21 09:18:01.04--ClientSession(682546132)--Connection(1042904025)--Thread(Thread[Test worker,5,main])--DELETE FROM CoreContacts WHERE ((contactId = ?) AND (versionId = ?))
	bind => [5E574BE5-428B-41DA-8CE8-D6B30577D54D, 1]
[EL Finer]: transaction: 2016-09-21 09:18:01.041--ClientSession(682546132)--Connection(1042904025)--Thread(Thread[Test worker,5,main])--commit transaction
[EL Finest]: connection: 2016-09-21 09:18:01.088--ServerSession(1151842404)--Connection(1092969492)--Thread(Thread[Test worker,5,main])--Connection released to connection pool [default].
[EL Finer]: transaction: 2016-09-21 09:18:01.088--UnitOfWork(1842681897)--Thread(Thread[Test worker,5,main])--end unit of work commit
[EL Finer]: transaction: 2016-09-21 09:18:01.088--UnitOfWork(1842681897)--Thread(Thread[Test worker,5,main])--resume unit of work
[EL Finer]: transaction: 2016-09-21 09:18:01.089--UnitOfWork(1842681897)--Thread(Thread[Test worker,5,main])--release unit of work
[EL Finer]: connection: 2016-09-21 09:18:01.089--ClientSession(682546132)--Thread(Thread[Test worker,5,main])--client released
[EL Finer]: connection: 2016-09-21 09:18:01.127--ServerSession(1151842404)--Thread(Thread[Test worker,5,main])--client acquired: 864824009
[EL Finer]: transaction: 2016-09-21 09:18:01.128--ClientSession(864824009)--Thread(Thread[Test worker,5,main])--acquire unit of work: 927796367
[EL Finest]: connection: 2016-09-21 09:18:01.128--ServerSession(1151842404)--Connection(594779302)--Thread(Thread[Test worker,5,main])--Connection acquired from connection pool [default].
[EL Finer]: transaction: 2016-09-21 09:18:01.129--ClientSession(864824009)--Connection(594779302)--Thread(Thread[Test worker,5,main])--begin transaction
[EL Finest]: connection: 2016-09-21 09:18:01.129--ClientSession(864824009)--Thread(Thread[Test worker,5,main])--reconnecting to external connection pool
[EL Finest]: query: 2016-09-21 09:18:01.13--UnitOfWork(927796367)--Thread(Thread[Test worker,5,main])--Execute query ReadObjectQuery(name="readCity" referenceClass=City sql="SELECT cityId, cityCode, cityCodeChar2, cityDescription, cityFlag, cityLatitude, cityLongitude, cityName, countryId, stateId, versionId, createdBy, createdDate, updatedBy, updatedDate, activeStatus, txnAccessCode FROM City WHERE (cityId = ?)")
[EL Fine]: sql: 2016-09-21 09:18:01.13--ClientSession(864824009)--Connection(1757535607)--Thread(Thread[Test worker,5,main])--SELECT cityId, cityCode, cityCodeChar2, cityDescription, cityFlag, cityLatitude, cityLongitude, cityName, countryId, stateId, versionId, createdBy, createdDate, updatedBy, updatedDate, activeStatus, txnAccessCode FROM City WHERE (cityId = ?)
	bind => [8D408943-8209-434C-A2A1-B669676878BF]
[EL Finest]: transaction: 2016-09-21 09:18:01.131--UnitOfWork(927796367)--Thread(Thread[Test worker,5,main])--remove() operation called on: BFRGl8PYi2f6oV0CzebcuCkPCT1NxvMSNqD1wcq6GrrXQizLTv,MdunNU644sGhvsJr2OdSoFIziHhtoKxJ,2
[EL Finer]: transaction: 2016-09-21 09:18:01.132--UnitOfWork(927796367)--Thread(Thread[Test worker,5,main])--begin unit of work commit
[EL Finest]: query: 2016-09-21 09:18:01.132--UnitOfWork(927796367)--Thread(Thread[Test worker,5,main])--Execute query DoesExistQuery(referenceClass=City )
[EL Finest]: query: 2016-09-21 09:18:01.132--UnitOfWork(927796367)--Thread(Thread[Test worker,5,main])--Execute query DeleteObjectQuery(BFRGl8PYi2f6oV0CzebcuCkPCT1NxvMSNqD1wcq6GrrXQizLTv,MdunNU644sGhvsJr2OdSoFIziHhtoKxJ,2)
[EL Fine]: sql: 2016-09-21 09:18:01.132--ClientSession(864824009)--Connection(1757535607)--Thread(Thread[Test worker,5,main])--DELETE FROM City WHERE ((cityId = ?) AND (versionId = ?))
	bind => [8D408943-8209-434C-A2A1-B669676878BF, 1]
[EL Finer]: transaction: 2016-09-21 09:18:01.134--ClientSession(864824009)--Connection(1757535607)--Thread(Thread[Test worker,5,main])--commit transaction
[EL Finest]: connection: 2016-09-21 09:18:01.179--ServerSession(1151842404)--Connection(594779302)--Thread(Thread[Test worker,5,main])--Connection released to connection pool [default].
[EL Finer]: transaction: 2016-09-21 09:18:01.179--UnitOfWork(927796367)--Thread(Thread[Test worker,5,main])--end unit of work commit
[EL Finer]: transaction: 2016-09-21 09:18:01.179--UnitOfWork(927796367)--Thread(Thread[Test worker,5,main])--resume unit of work
[EL Finer]: transaction: 2016-09-21 09:18:01.18--UnitOfWork(927796367)--Thread(Thread[Test worker,5,main])--release unit of work
[EL Finer]: connection: 2016-09-21 09:18:01.18--ClientSession(864824009)--Thread(Thread[Test worker,5,main])--client released
[EL Finer]: connection: 2016-09-21 09:18:01.199--ServerSession(1151842404)--Thread(Thread[Test worker,5,main])--client acquired: 806182611
[EL Finer]: transaction: 2016-09-21 09:18:01.2--ClientSession(806182611)--Thread(Thread[Test worker,5,main])--acquire unit of work: 1036814154
[EL Finest]: connection: 2016-09-21 09:18:01.2--ServerSession(1151842404)--Connection(1053174520)--Thread(Thread[Test worker,5,main])--Connection acquired from connection pool [default].
[EL Finer]: transaction: 2016-09-21 09:18:01.2--ClientSession(806182611)--Connection(1053174520)--Thread(Thread[Test worker,5,main])--begin transaction
[EL Finest]: connection: 2016-09-21 09:18:01.2--ClientSession(806182611)--Thread(Thread[Test worker,5,main])--reconnecting to external connection pool
[EL Finest]: query: 2016-09-21 09:18:01.201--UnitOfWork(1036814154)--Thread(Thread[Test worker,5,main])--Execute query ReadObjectQuery(name="readState" referenceClass=State sql="SELECT stateId, countryId, stateCapital, stateCapitalLatitude, stateCapitalLongitude, stateCode, stateCodeChar2, stateCodeChar3, stateDescription, stateFlag, stateName, versionId, createdBy, createdDate, updatedBy, updatedDate, activeStatus, txnAccessCode FROM State WHERE (stateId = ?)")
[EL Fine]: sql: 2016-09-21 09:18:01.201--ClientSession(806182611)--Connection(1910274318)--Thread(Thread[Test worker,5,main])--SELECT stateId, countryId, stateCapital, stateCapitalLatitude, stateCapitalLongitude, stateCode, stateCodeChar2, stateCodeChar3, stateDescription, stateFlag, stateName, versionId, createdBy, createdDate, updatedBy, updatedDate, activeStatus, txnAccessCode FROM State WHERE (stateId = ?)
	bind => [5CE9110A-0EBD-4E24-A2BE-8A42C27FC31A]
[EL Finest]: transaction: 2016-09-21 09:18:01.202--UnitOfWork(1036814154)--Thread(Thread[Test worker,5,main])--remove() operation called on: JZXyCXtqU3aQVQtB8wvlSdhNkxVVUrgvYcHifAoVFg2LhoyOqo
[EL Finer]: transaction: 2016-09-21 09:18:01.202--UnitOfWork(1036814154)--Thread(Thread[Test worker,5,main])--begin unit of work commit
[EL Finest]: query: 2016-09-21 09:18:01.203--UnitOfWork(1036814154)--Thread(Thread[Test worker,5,main])--Execute query DoesExistQuery(referenceClass=State )
[EL Finest]: query: 2016-09-21 09:18:01.203--UnitOfWork(1036814154)--Thread(Thread[Test worker,5,main])--Execute query DeleteObjectQuery(JZXyCXtqU3aQVQtB8wvlSdhNkxVVUrgvYcHifAoVFg2LhoyOqo)
[EL Fine]: sql: 2016-09-21 09:18:01.203--ClientSession(806182611)--Connection(1910274318)--Thread(Thread[Test worker,5,main])--DELETE FROM State WHERE ((stateId = ?) AND (versionId = ?))
	bind => [5CE9110A-0EBD-4E24-A2BE-8A42C27FC31A, 1]
[EL Finer]: transaction: 2016-09-21 09:18:01.204--ClientSession(806182611)--Connection(1910274318)--Thread(Thread[Test worker,5,main])--commit transaction
[EL Finest]: connection: 2016-09-21 09:18:01.229--ServerSession(1151842404)--Connection(1053174520)--Thread(Thread[Test worker,5,main])--Connection released to connection pool [default].
[EL Finer]: transaction: 2016-09-21 09:18:01.229--UnitOfWork(1036814154)--Thread(Thread[Test worker,5,main])--end unit of work commit
[EL Finer]: transaction: 2016-09-21 09:18:01.229--UnitOfWork(1036814154)--Thread(Thread[Test worker,5,main])--resume unit of work
[EL Finer]: transaction: 2016-09-21 09:18:01.229--UnitOfWork(1036814154)--Thread(Thread[Test worker,5,main])--release unit of work
[EL Finer]: connection: 2016-09-21 09:18:01.229--ClientSession(806182611)--Thread(Thread[Test worker,5,main])--client released
[EL Finer]: connection: 2016-09-21 09:18:01.247--ServerSession(1151842404)--Thread(Thread[Test worker,5,main])--client acquired: 1846120898
[EL Finer]: transaction: 2016-09-21 09:18:01.247--ClientSession(1846120898)--Thread(Thread[Test worker,5,main])--acquire unit of work: 910200830
[EL Finest]: connection: 2016-09-21 09:18:01.247--ServerSession(1151842404)--Connection(1219332229)--Thread(Thread[Test worker,5,main])--Connection acquired from connection pool [default].
[EL Finer]: transaction: 2016-09-21 09:18:01.248--ClientSession(1846120898)--Connection(1219332229)--Thread(Thread[Test worker,5,main])--begin transaction
[EL Finest]: connection: 2016-09-21 09:18:01.248--ClientSession(1846120898)--Thread(Thread[Test worker,5,main])--reconnecting to external connection pool
[EL Finest]: query: 2016-09-21 09:18:01.248--UnitOfWork(910200830)--Thread(Thread[Test worker,5,main])--Execute query ReadObjectQuery(name="readCountry" referenceClass=Country sql="SELECT countryId, capital, capitalLatitude, capitalLongitude, countryCode1, countryCode2, countryFlag, countryName, currencyCode, currencyName, currencySymbol, isoNumeric, versionId, createdBy, createdDate, updatedBy, updatedDate, activeStatus, txnAccessCode FROM Country WHERE (countryId = ?)")
[EL Fine]: sql: 2016-09-21 09:18:01.249--ClientSession(1846120898)--Connection(889781213)--Thread(Thread[Test worker,5,main])--SELECT countryId, capital, capitalLatitude, capitalLongitude, countryCode1, countryCode2, countryFlag, countryName, currencyCode, currencyName, currencySymbol, isoNumeric, versionId, createdBy, createdDate, updatedBy, updatedDate, activeStatus, txnAccessCode FROM Country WHERE (countryId = ?)
	bind => [6E81B15A-E4F9-4074-AC5F-998FC018B2B1]
[EL Finest]: transaction: 2016-09-21 09:18:01.25--UnitOfWork(910200830)--Thread(Thread[Test worker,5,main])--remove() operation called on: ddV05N5brBIreOPbxcumg50MZsOHdlKBb6Be8cPz14rpHXMvzC
[EL Finer]: transaction: 2016-09-21 09:18:01.25--UnitOfWork(910200830)--Thread(Thread[Test worker,5,main])--begin unit of work commit
[EL Finest]: query: 2016-09-21 09:18:01.25--UnitOfWork(910200830)--Thread(Thread[Test worker,5,main])--Execute query DoesExistQuery(referenceClass=Country )
[EL Finest]: query: 2016-09-21 09:18:01.251--UnitOfWork(910200830)--Thread(Thread[Test worker,5,main])--Execute query DeleteObjectQuery(ddV05N5brBIreOPbxcumg50MZsOHdlKBb6Be8cPz14rpHXMvzC)
[EL Fine]: sql: 2016-09-21 09:18:01.251--ClientSession(1846120898)--Connection(889781213)--Thread(Thread[Test worker,5,main])--DELETE FROM Country WHERE ((countryId = ?) AND (versionId = ?))
	bind => [6E81B15A-E4F9-4074-AC5F-998FC018B2B1, 1]
[EL Finer]: transaction: 2016-09-21 09:18:01.252--ClientSession(1846120898)--Connection(889781213)--Thread(Thread[Test worker,5,main])--commit transaction
[EL Finest]: connection: 2016-09-21 09:18:01.312--ServerSession(1151842404)--Connection(1219332229)--Thread(Thread[Test worker,5,main])--Connection released to connection pool [default].
[EL Finer]: transaction: 2016-09-21 09:18:01.312--UnitOfWork(910200830)--Thread(Thread[Test worker,5,main])--end unit of work commit
[EL Finer]: transaction: 2016-09-21 09:18:01.312--UnitOfWork(910200830)--Thread(Thread[Test worker,5,main])--resume unit of work
[EL Finer]: transaction: 2016-09-21 09:18:01.312--UnitOfWork(910200830)--Thread(Thread[Test worker,5,main])--release unit of work
[EL Finer]: connection: 2016-09-21 09:18:01.312--ClientSession(1846120898)--Thread(Thread[Test worker,5,main])--client released
[EL Finer]: connection: 2016-09-21 09:18:01.33--ServerSession(1151842404)--Thread(Thread[Test worker,5,main])--client acquired: 947243688
[EL Finer]: transaction: 2016-09-21 09:18:01.33--ClientSession(947243688)--Thread(Thread[Test worker,5,main])--acquire unit of work: 1028389005
[EL Finest]: connection: 2016-09-21 09:18:01.331--ServerSession(1151842404)--Connection(1185615979)--Thread(Thread[Test worker,5,main])--Connection acquired from connection pool [default].
[EL Finer]: transaction: 2016-09-21 09:18:01.331--ClientSession(947243688)--Connection(1185615979)--Thread(Thread[Test worker,5,main])--begin transaction
[EL Finest]: connection: 2016-09-21 09:18:01.331--ClientSession(947243688)--Thread(Thread[Test worker,5,main])--reconnecting to external connection pool
[EL Finest]: query: 2016-09-21 09:18:01.332--UnitOfWork(1028389005)--Thread(Thread[Test worker,5,main])--Execute query ReadObjectQuery(name="readAddressType" referenceClass=AddressType sql="SELECT addressTypeId, addressType, addressTypeDesc, addressTypeIcon, versionId, createdBy, createdDate, updatedBy, updatedDate, activeStatus, txnAccessCode FROM AddressType WHERE (addressTypeId = ?)")
[EL Fine]: sql: 2016-09-21 09:18:01.332--ClientSession(947243688)--Connection(998267730)--Thread(Thread[Test worker,5,main])--SELECT addressTypeId, addressType, addressTypeDesc, addressTypeIcon, versionId, createdBy, createdDate, updatedBy, updatedDate, activeStatus, txnAccessCode FROM AddressType WHERE (addressTypeId = ?)
	bind => [E5DE4629-B48A-4A1E-BFB8-8891A84FA946]
[EL Finest]: transaction: 2016-09-21 09:18:01.333--UnitOfWork(1028389005)--Thread(Thread[Test worker,5,main])--remove() operation called on: SiBrqqe8k49yLlSbaVbAr7P7MHmocUzuTynvAzSYzuwONQlqXS
[EL Finer]: transaction: 2016-09-21 09:18:01.333--UnitOfWork(1028389005)--Thread(Thread[Test worker,5,main])--begin unit of work commit
[EL Finest]: query: 2016-09-21 09:18:01.334--UnitOfWork(1028389005)--Thread(Thread[Test worker,5,main])--Execute query DoesExistQuery(referenceClass=AddressType )
[EL Finest]: query: 2016-09-21 09:18:01.334--UnitOfWork(1028389005)--Thread(Thread[Test worker,5,main])--Execute query DeleteObjectQuery(SiBrqqe8k49yLlSbaVbAr7P7MHmocUzuTynvAzSYzuwONQlqXS)
[EL Fine]: sql: 2016-09-21 09:18:01.334--ClientSession(947243688)--Connection(998267730)--Thread(Thread[Test worker,5,main])--DELETE FROM AddressType WHERE ((addressTypeId = ?) AND (versionId = ?))
	bind => [E5DE4629-B48A-4A1E-BFB8-8891A84FA946, 1]
[EL Finer]: transaction: 2016-09-21 09:18:01.335--ClientSession(947243688)--Connection(998267730)--Thread(Thread[Test worker,5,main])--commit transaction
[EL Finest]: connection: 2016-09-21 09:18:01.36--ServerSession(1151842404)--Connection(1185615979)--Thread(Thread[Test worker,5,main])--Connection released to connection pool [default].
[EL Finer]: transaction: 2016-09-21 09:18:01.361--UnitOfWork(1028389005)--Thread(Thread[Test worker,5,main])--end unit of work commit
[EL Finer]: transaction: 2016-09-21 09:18:01.361--UnitOfWork(1028389005)--Thread(Thread[Test worker,5,main])--resume unit of work
[EL Finer]: transaction: 2016-09-21 09:18:01.361--UnitOfWork(1028389005)--Thread(Thread[Test worker,5,main])--release unit of work
[EL Finer]: connection: 2016-09-21 09:18:01.361--ClientSession(947243688)--Thread(Thread[Test worker,5,main])--client released
[EL Finer]: connection: 2016-09-21 09:18:01.379--ServerSession(1151842404)--Thread(Thread[Test worker,5,main])--client acquired: 124525335
[EL Finer]: transaction: 2016-09-21 09:18:01.379--ClientSession(124525335)--Thread(Thread[Test worker,5,main])--acquire unit of work: 1248233167
[EL Finest]: connection: 2016-09-21 09:18:01.379--ServerSession(1151842404)--Connection(287090226)--Thread(Thread[Test worker,5,main])--Connection acquired from connection pool [default].
[EL Finer]: transaction: 2016-09-21 09:18:01.379--ClientSession(124525335)--Connection(287090226)--Thread(Thread[Test worker,5,main])--begin transaction
[EL Finest]: connection: 2016-09-21 09:18:01.379--ClientSession(124525335)--Thread(Thread[Test worker,5,main])--reconnecting to external connection pool
[EL Finest]: query: 2016-09-21 09:18:01.38--UnitOfWork(1248233167)--Thread(Thread[Test worker,5,main])--Execute query ReadObjectQuery(name="readTimezone" referenceClass=Timezone sql="SELECT timeZoneId, cities, country, gmtLabel, timeZoneLabel, utcdifference, versionId, createdBy, createdDate, updatedBy, updatedDate, activeStatus, txnAccessCode FROM Timezone WHERE (timeZoneId = ?)")
[EL Fine]: sql: 2016-09-21 09:18:01.38--ClientSession(124525335)--Connection(699138463)--Thread(Thread[Test worker,5,main])--SELECT timeZoneId, cities, country, gmtLabel, timeZoneLabel, utcdifference, versionId, createdBy, createdDate, updatedBy, updatedDate, activeStatus, txnAccessCode FROM Timezone WHERE (timeZoneId = ?)
	bind => [A1DC3A28-C0CC-4B75-A68A-9471CDCD3E4D]
[EL Finest]: transaction: 2016-09-21 09:18:01.381--UnitOfWork(1248233167)--Thread(Thread[Test worker,5,main])--remove() operation called on: 2,fvs14PlO7rWpt9IDl0t37xHVoSxV9jYk1ejR1kKhmUGpJTKIsJ
[EL Finer]: transaction: 2016-09-21 09:18:01.382--UnitOfWork(1248233167)--Thread(Thread[Test worker,5,main])--begin unit of work commit
[EL Finest]: query: 2016-09-21 09:18:01.382--UnitOfWork(1248233167)--Thread(Thread[Test worker,5,main])--Execute query DoesExistQuery(referenceClass=Timezone )
[EL Finest]: query: 2016-09-21 09:18:01.382--UnitOfWork(1248233167)--Thread(Thread[Test worker,5,main])--Execute query DeleteObjectQuery(2,fvs14PlO7rWpt9IDl0t37xHVoSxV9jYk1ejR1kKhmUGpJTKIsJ)
[EL Fine]: sql: 2016-09-21 09:18:01.382--ClientSession(124525335)--Connection(699138463)--Thread(Thread[Test worker,5,main])--DELETE FROM Timezone WHERE ((timeZoneId = ?) AND (versionId = ?))
	bind => [A1DC3A28-C0CC-4B75-A68A-9471CDCD3E4D, 1]
[EL Finer]: transaction: 2016-09-21 09:18:01.383--ClientSession(124525335)--Connection(699138463)--Thread(Thread[Test worker,5,main])--commit transaction
[EL Finest]: connection: 2016-09-21 09:18:01.468--ServerSession(1151842404)--Connection(287090226)--Thread(Thread[Test worker,5,main])--Connection released to connection pool [default].
[EL Finer]: transaction: 2016-09-21 09:18:01.469--UnitOfWork(1248233167)--Thread(Thread[Test worker,5,main])--end unit of work commit
[EL Finer]: transaction: 2016-09-21 09:18:01.469--UnitOfWork(1248233167)--Thread(Thread[Test worker,5,main])--resume unit of work
[EL Finer]: transaction: 2016-09-21 09:18:01.469--UnitOfWork(1248233167)--Thread(Thread[Test worker,5,main])--release unit of work
[EL Finer]: connection: 2016-09-21 09:18:01.469--ClientSession(124525335)--Thread(Thread[Test worker,5,main])--client released
[EL Finer]: connection: 2016-09-21 09:18:01.487--ServerSession(1151842404)--Thread(Thread[Test worker,5,main])--client acquired: 465650722
[EL Finer]: transaction: 2016-09-21 09:18:01.487--ClientSession(465650722)--Thread(Thread[Test worker,5,main])--acquire unit of work: 761274986
[EL Finest]: connection: 2016-09-21 09:18:01.487--ServerSession(1151842404)--Connection(41120876)--Thread(Thread[Test worker,5,main])--Connection acquired from connection pool [default].
[EL Finer]: transaction: 2016-09-21 09:18:01.488--ClientSession(465650722)--Connection(41120876)--Thread(Thread[Test worker,5,main])--begin transaction
[EL Finest]: connection: 2016-09-21 09:18:01.488--ClientSession(465650722)--Thread(Thread[Test worker,5,main])--reconnecting to external connection pool
[EL Finest]: query: 2016-09-21 09:18:01.488--UnitOfWork(761274986)--Thread(Thread[Test worker,5,main])--Execute query ReadObjectQuery(name="readGender" referenceClass=Gender sql="SELECT genderId, gender, versionId, createdBy, createdDate, updatedBy, updatedDate, activeStatus, txnAccessCode FROM Gender WHERE (genderId = ?)")
[EL Fine]: sql: 2016-09-21 09:18:01.489--ClientSession(465650722)--Connection(162241121)--Thread(Thread[Test worker,5,main])--SELECT genderId, gender, versionId, createdBy, createdDate, updatedBy, updatedDate, activeStatus, txnAccessCode FROM Gender WHERE (genderId = ?)
	bind => [885BB575-B59A-4578-A30C-B205CEEE4990]
[EL Finest]: transaction: 2016-09-21 09:18:01.49--UnitOfWork(761274986)--Thread(Thread[Test worker,5,main])--remove() operation called on: Q2liXChktM9wE5Xy05xN2qXHpdHeTr4LvjG4D7c3j9qmHlx63S
[EL Finer]: transaction: 2016-09-21 09:18:01.49--UnitOfWork(761274986)--Thread(Thread[Test worker,5,main])--begin unit of work commit
[EL Finest]: query: 2016-09-21 09:18:01.49--UnitOfWork(761274986)--Thread(Thread[Test worker,5,main])--Execute query DoesExistQuery(referenceClass=Gender )
[EL Finest]: query: 2016-09-21 09:18:01.491--UnitOfWork(761274986)--Thread(Thread[Test worker,5,main])--Execute query DeleteObjectQuery(Q2liXChktM9wE5Xy05xN2qXHpdHeTr4LvjG4D7c3j9qmHlx63S)
[EL Fine]: sql: 2016-09-21 09:18:01.491--ClientSession(465650722)--Connection(162241121)--Thread(Thread[Test worker,5,main])--DELETE FROM Gender WHERE ((genderId = ?) AND (versionId = ?))
	bind => [885BB575-B59A-4578-A30C-B205CEEE4990, 1]
[EL Finer]: transaction: 2016-09-21 09:18:01.493--ClientSession(465650722)--Connection(162241121)--Thread(Thread[Test worker,5,main])--commit transaction
[EL Finest]: connection: 2016-09-21 09:18:01.542--ServerSession(1151842404)--Connection(41120876)--Thread(Thread[Test worker,5,main])--Connection released to connection pool [default].
[EL Finer]: transaction: 2016-09-21 09:18:01.542--UnitOfWork(761274986)--Thread(Thread[Test worker,5,main])--end unit of work commit
[EL Finer]: transaction: 2016-09-21 09:18:01.542--UnitOfWork(761274986)--Thread(Thread[Test worker,5,main])--resume unit of work
[EL Finer]: transaction: 2016-09-21 09:18:01.542--UnitOfWork(761274986)--Thread(Thread[Test worker,5,main])--release unit of work
[EL Finer]: connection: 2016-09-21 09:18:01.542--ClientSession(465650722)--Thread(Thread[Test worker,5,main])--client released
[EL Finer]: connection: 2016-09-21 09:18:01.56--ServerSession(1151842404)--Thread(Thread[Test worker,5,main])--client acquired: 2077285083
[EL Finer]: transaction: 2016-09-21 09:18:01.56--ClientSession(2077285083)--Thread(Thread[Test worker,5,main])--acquire unit of work: 1288740702
[EL Finest]: connection: 2016-09-21 09:18:01.56--ServerSession(1151842404)--Connection(344914872)--Thread(Thread[Test worker,5,main])--Connection acquired from connection pool [default].
[EL Finer]: transaction: 2016-09-21 09:18:01.56--ClientSession(2077285083)--Connection(344914872)--Thread(Thread[Test worker,5,main])--begin transaction
[EL Finest]: connection: 2016-09-21 09:18:01.56--ClientSession(2077285083)--Thread(Thread[Test worker,5,main])--reconnecting to external connection pool
[EL Finest]: query: 2016-09-21 09:18:01.561--UnitOfWork(1288740702)--Thread(Thread[Test worker,5,main])--Execute query ReadObjectQuery(name="readLanguage" referenceClass=Language sql="SELECT languageId, alpha2, alpha3, alpha4, alpha4parentid, language, languageDescription, languageIcon, languageType, versionId, createdBy, createdDate, updatedBy, updatedDate, activeStatus, txnAccessCode FROM Language WHERE (languageId = ?)")
[EL Fine]: sql: 2016-09-21 09:18:01.562--ClientSession(2077285083)--Connection(774303795)--Thread(Thread[Test worker,5,main])--SELECT languageId, alpha2, alpha3, alpha4, alpha4parentid, language, languageDescription, languageIcon, languageType, versionId, createdBy, createdDate, updatedBy, updatedDate, activeStatus, txnAccessCode FROM Language WHERE (languageId = ?)
	bind => [09461EA5-0137-4E88-B147-B7210303F337]
[EL Finest]: transaction: 2016-09-21 09:18:01.563--UnitOfWork(1288740702)--Thread(Thread[Test worker,5,main])--remove() operation called on: l90Sh60sv26Ww8gyurLuVGtibfL0K7SGOcFNP6hq95L6wXQTsk
[EL Finer]: transaction: 2016-09-21 09:18:01.563--UnitOfWork(1288740702)--Thread(Thread[Test worker,5,main])--begin unit of work commit
[EL Finest]: query: 2016-09-21 09:18:01.563--UnitOfWork(1288740702)--Thread(Thread[Test worker,5,main])--Execute query DoesExistQuery(referenceClass=Language )
[EL Finest]: query: 2016-09-21 09:18:01.564--UnitOfWork(1288740702)--Thread(Thread[Test worker,5,main])--Execute query DeleteObjectQuery(l90Sh60sv26Ww8gyurLuVGtibfL0K7SGOcFNP6hq95L6wXQTsk)
[EL Fine]: sql: 2016-09-21 09:18:01.564--ClientSession(2077285083)--Connection(774303795)--Thread(Thread[Test worker,5,main])--DELETE FROM Language WHERE ((languageId = ?) AND (versionId = ?))
	bind => [09461EA5-0137-4E88-B147-B7210303F337, 1]
[EL Finer]: transaction: 2016-09-21 09:18:01.567--ClientSession(2077285083)--Connection(774303795)--Thread(Thread[Test worker,5,main])--commit transaction
[EL Finest]: connection: 2016-09-21 09:18:01.591--ServerSession(1151842404)--Connection(344914872)--Thread(Thread[Test worker,5,main])--Connection released to connection pool [default].
[EL Finer]: transaction: 2016-09-21 09:18:01.591--UnitOfWork(1288740702)--Thread(Thread[Test worker,5,main])--end unit of work commit
[EL Finer]: transaction: 2016-09-21 09:18:01.591--UnitOfWork(1288740702)--Thread(Thread[Test worker,5,main])--resume unit of work
[EL Finer]: transaction: 2016-09-21 09:18:01.592--UnitOfWork(1288740702)--Thread(Thread[Test worker,5,main])--release unit of work
[EL Finer]: connection: 2016-09-21 09:18:01.592--ClientSession(2077285083)--Thread(Thread[Test worker,5,main])--client released
[EL Finer]: connection: 2016-09-21 09:18:01.61--ServerSession(1151842404)--Thread(Thread[Test worker,5,main])--client acquired: 821568938
[EL Finer]: transaction: 2016-09-21 09:18:01.611--ClientSession(821568938)--Thread(Thread[Test worker,5,main])--acquire unit of work: 1936774403
[EL Finest]: connection: 2016-09-21 09:18:01.611--ServerSession(1151842404)--Connection(1957753642)--Thread(Thread[Test worker,5,main])--Connection acquired from connection pool [default].
[EL Finer]: transaction: 2016-09-21 09:18:01.611--ClientSession(821568938)--Connection(1957753642)--Thread(Thread[Test worker,5,main])--begin transaction
[EL Finest]: connection: 2016-09-21 09:18:01.611--ClientSession(821568938)--Thread(Thread[Test worker,5,main])--reconnecting to external connection pool
[EL Finest]: query: 2016-09-21 09:18:01.612--UnitOfWork(1936774403)--Thread(Thread[Test worker,5,main])--Execute query ReadObjectQuery(name="readTitle" referenceClass=Title sql="SELECT titleId, titles, versionId, createdBy, createdDate, updatedBy, updatedDate, activeStatus, txnAccessCode FROM Title WHERE (titleId = ?)")
[EL Fine]: sql: 2016-09-21 09:18:01.612--ClientSession(821568938)--Connection(1713494657)--Thread(Thread[Test worker,5,main])--SELECT titleId, titles, versionId, createdBy, createdDate, updatedBy, updatedDate, activeStatus, txnAccessCode FROM Title WHERE (titleId = ?)
	bind => [22149707-320C-4E8F-B610-7B16FA1628CE]
[EL Finest]: transaction: 2016-09-21 09:18:01.614--UnitOfWork(1936774403)--Thread(Thread[Test worker,5,main])--remove() operation called on: qWXEXVdT1TiIJqW6MVELtWoaY9vRMjm0g8PYZP6zXa189cdLdc
[EL Finer]: transaction: 2016-09-21 09:18:01.614--UnitOfWork(1936774403)--Thread(Thread[Test worker,5,main])--begin unit of work commit
[EL Finest]: query: 2016-09-21 09:18:01.615--UnitOfWork(1936774403)--Thread(Thread[Test worker,5,main])--Execute query DoesExistQuery(referenceClass=Title )
[EL Finest]: query: 2016-09-21 09:18:01.615--UnitOfWork(1936774403)--Thread(Thread[Test worker,5,main])--Execute query DeleteObjectQuery(qWXEXVdT1TiIJqW6MVELtWoaY9vRMjm0g8PYZP6zXa189cdLdc)
[EL Fine]: sql: 2016-09-21 09:18:01.615--ClientSession(821568938)--Connection(1713494657)--Thread(Thread[Test worker,5,main])--DELETE FROM Title WHERE ((titleId = ?) AND (versionId = ?))
	bind => [22149707-320C-4E8F-B610-7B16FA1628CE, 1]
[EL Finer]: transaction: 2016-09-21 09:18:01.616--ClientSession(821568938)--Connection(1713494657)--Thread(Thread[Test worker,5,main])--commit transaction
[EL Finest]: connection: 2016-09-21 09:18:01.716--ServerSession(1151842404)--Connection(1957753642)--Thread(Thread[Test worker,5,main])--Connection released to connection pool [default].
[EL Finer]: transaction: 2016-09-21 09:18:01.716--UnitOfWork(1936774403)--Thread(Thread[Test worker,5,main])--end unit of work commit
[EL Finer]: transaction: 2016-09-21 09:18:01.716--UnitOfWork(1936774403)--Thread(Thread[Test worker,5,main])--resume unit of work
[EL Finer]: transaction: 2016-09-21 09:18:01.716--UnitOfWork(1936774403)--Thread(Thread[Test worker,5,main])--release unit of work
[EL Finer]: connection: 2016-09-21 09:18:01.716--ClientSession(821568938)--Thread(Thread[Test worker,5,main])--client released
[EL Finer]: connection: 2016-09-21 09:18:01.749--ServerSession(1151842404)--Thread(Thread[Test worker,5,main])--client acquired: 1438854072
[EL Finer]: transaction: 2016-09-21 09:18:01.749--ClientSession(1438854072)--Thread(Thread[Test worker,5,main])--acquire unit of work: 7039237
[EL Finest]: connection: 2016-09-21 09:18:01.749--ServerSession(1151842404)--Connection(196855674)--Thread(Thread[Test worker,5,main])--Connection acquired from connection pool [default].
[EL Finer]: transaction: 2016-09-21 09:18:01.749--ClientSession(1438854072)--Connection(196855674)--Thread(Thread[Test worker,5,main])--begin transaction
[EL Finest]: connection: 2016-09-21 09:18:01.749--ClientSession(1438854072)--Thread(Thread[Test worker,5,main])--reconnecting to external connection pool
[EL Finest]: query: 2016-09-21 09:18:01.751--UnitOfWork(7039237)--Thread(Thread[Test worker,5,main])--Execute query ReadObjectQuery(name="readQuestion" referenceClass=Question sql="SELECT questionId, levelid, question, questionDetails, questionIcon, versionId, createdBy, createdDate, updatedBy, updatedDate, activeStatus, txnAccessCode FROM Question WHERE (questionId = ?)")
[EL Fine]: sql: 2016-09-21 09:18:01.751--ClientSession(1438854072)--Connection(2021624353)--Thread(Thread[Test worker,5,main])--SELECT questionId, levelid, question, questionDetails, questionIcon, versionId, createdBy, createdDate, updatedBy, updatedDate, activeStatus, txnAccessCode FROM Question WHERE (questionId = ?)
	bind => [832438F2-EE61-4097-B775-1AACE8B99D85]
[EL Finest]: transaction: 2016-09-21 09:18:01.752--UnitOfWork(7039237)--Thread(Thread[Test worker,5,main])--remove() operation called on: 3,VaGHDL7UIdACcZaihNNV70R8qRlKQ5zr3hLU6h910GI15QMa1q
[EL Finer]: transaction: 2016-09-21 09:18:01.753--UnitOfWork(7039237)--Thread(Thread[Test worker,5,main])--begin unit of work commit
[EL Finest]: query: 2016-09-21 09:18:01.753--UnitOfWork(7039237)--Thread(Thread[Test worker,5,main])--Execute query DoesExistQuery(referenceClass=Question )
[EL Finest]: query: 2016-09-21 09:18:01.753--UnitOfWork(7039237)--Thread(Thread[Test worker,5,main])--Execute query DeleteObjectQuery(3,VaGHDL7UIdACcZaihNNV70R8qRlKQ5zr3hLU6h910GI15QMa1q)
[EL Fine]: sql: 2016-09-21 09:18:01.754--ClientSession(1438854072)--Connection(2021624353)--Thread(Thread[Test worker,5,main])--DELETE FROM Question WHERE ((questionId = ?) AND (versionId = ?))
	bind => [832438F2-EE61-4097-B775-1AACE8B99D85, 1]
[EL Finer]: transaction: 2016-09-21 09:18:01.755--ClientSession(1438854072)--Connection(2021624353)--Thread(Thread[Test worker,5,main])--commit transaction
[EL Finest]: connection: 2016-09-21 09:18:01.781--ServerSession(1151842404)--Connection(196855674)--Thread(Thread[Test worker,5,main])--Connection released to connection pool [default].
[EL Finer]: transaction: 2016-09-21 09:18:01.781--UnitOfWork(7039237)--Thread(Thread[Test worker,5,main])--end unit of work commit
[EL Finer]: transaction: 2016-09-21 09:18:01.781--UnitOfWork(7039237)--Thread(Thread[Test worker,5,main])--resume unit of work
[EL Finer]: transaction: 2016-09-21 09:18:01.781--UnitOfWork(7039237)--Thread(Thread[Test worker,5,main])--release unit of work
[EL Finer]: connection: 2016-09-21 09:18:01.781--ClientSession(1438854072)--Thread(Thread[Test worker,5,main])--client released
[EL Finer]: connection: 2016-09-21 09:18:01.814--ServerSession(1151842404)--Thread(Thread[Test worker,5,main])--client acquired: 1238934286
[EL Finer]: transaction: 2016-09-21 09:18:01.814--ClientSession(1238934286)--Thread(Thread[Test worker,5,main])--acquire unit of work: 767103490
[EL Finest]: connection: 2016-09-21 09:18:01.815--ServerSession(1151842404)--Connection(1364023489)--Thread(Thread[Test worker,5,main])--Connection acquired from connection pool [default].
[EL Finer]: transaction: 2016-09-21 09:18:01.815--ClientSession(1238934286)--Connection(1364023489)--Thread(Thread[Test worker,5,main])--begin transaction
[EL Finest]: connection: 2016-09-21 09:18:01.815--ClientSession(1238934286)--Thread(Thread[Test worker,5,main])--reconnecting to external connection pool
[EL Finest]: query: 2016-09-21 09:18:01.816--UnitOfWork(767103490)--Thread(Thread[Test worker,5,main])--Execute query ReadObjectQuery(name="readUserAccessLevel" referenceClass=UserAccessLevel sql="SELECT userAccessLevelId, levelDescription, levelHelp, levelIcon, levelName, userAccessLevel, versionId, createdBy, createdDate, updatedBy, updatedDate, activeStatus, txnAccessCode FROM UserAccessLevel WHERE (userAccessLevelId = ?)")
[EL Fine]: sql: 2016-09-21 09:18:01.816--ClientSession(1238934286)--Connection(1542718857)--Thread(Thread[Test worker,5,main])--SELECT userAccessLevelId, levelDescription, levelHelp, levelIcon, levelName, userAccessLevel, versionId, createdBy, createdDate, updatedBy, updatedDate, activeStatus, txnAccessCode FROM UserAccessLevel WHERE (userAccessLevelId = ?)
	bind => [BD8AD4C7-D3CC-491F-B62B-0A8228FD4BF5]
[EL Finest]: transaction: 2016-09-21 09:18:01.817--UnitOfWork(767103490)--Thread(Thread[Test worker,5,main])--remove() operation called on: 71410,fvD6r1Nnk5eiFE7jvTYEQ8NUXQL9CGicNxcQK1jQbfGrCByF4u,ZTzuZFSvWBGFHGASfvAnyWL7tBJ1dZM3FZCczKCEwtFY6OW6v3
[EL Finer]: transaction: 2016-09-21 09:18:01.818--UnitOfWork(767103490)--Thread(Thread[Test worker,5,main])--begin unit of work commit
[EL Finest]: query: 2016-09-21 09:18:01.818--UnitOfWork(767103490)--Thread(Thread[Test worker,5,main])--Execute query DoesExistQuery(referenceClass=UserAccessLevel )
[EL Finest]: query: 2016-09-21 09:18:01.819--UnitOfWork(767103490)--Thread(Thread[Test worker,5,main])--Execute query DeleteObjectQuery(71410,fvD6r1Nnk5eiFE7jvTYEQ8NUXQL9CGicNxcQK1jQbfGrCByF4u,ZTzuZFSvWBGFHGASfvAnyWL7tBJ1dZM3FZCczKCEwtFY6OW6v3)
[EL Fine]: sql: 2016-09-21 09:18:01.819--ClientSession(1238934286)--Connection(1542718857)--Thread(Thread[Test worker,5,main])--DELETE FROM UserAccessLevel WHERE ((userAccessLevelId = ?) AND (versionId = ?))
	bind => [BD8AD4C7-D3CC-491F-B62B-0A8228FD4BF5, 1]
[EL Finer]: transaction: 2016-09-21 09:18:01.82--ClientSession(1238934286)--Connection(1542718857)--Thread(Thread[Test worker,5,main])--commit transaction
[EL Finest]: connection: 2016-09-21 09:18:01.864--ServerSession(1151842404)--Connection(1364023489)--Thread(Thread[Test worker,5,main])--Connection released to connection pool [default].
[EL Finer]: transaction: 2016-09-21 09:18:01.864--UnitOfWork(767103490)--Thread(Thread[Test worker,5,main])--end unit of work commit
[EL Finer]: transaction: 2016-09-21 09:18:01.864--UnitOfWork(767103490)--Thread(Thread[Test worker,5,main])--resume unit of work
[EL Finer]: transaction: 2016-09-21 09:18:01.864--UnitOfWork(767103490)--Thread(Thread[Test worker,5,main])--release unit of work
[EL Finer]: connection: 2016-09-21 09:18:01.864--ClientSession(1238934286)--Thread(Thread[Test worker,5,main])--client released
[EL Finer]: connection: 2016-09-21 09:18:01.897--ServerSession(1151842404)--Thread(Thread[Test worker,5,main])--client acquired: 1797450232
[EL Finer]: transaction: 2016-09-21 09:18:01.897--ClientSession(1797450232)--Thread(Thread[Test worker,5,main])--acquire unit of work: 1093586875
[EL Finest]: connection: 2016-09-21 09:18:01.897--ServerSession(1151842404)--Connection(1749557099)--Thread(Thread[Test worker,5,main])--Connection acquired from connection pool [default].
[EL Finer]: transaction: 2016-09-21 09:18:01.897--ClientSession(1797450232)--Connection(1749557099)--Thread(Thread[Test worker,5,main])--begin transaction
[EL Finest]: connection: 2016-09-21 09:18:01.897--ClientSession(1797450232)--Thread(Thread[Test worker,5,main])--reconnecting to external connection pool
[EL Finest]: query: 2016-09-21 09:18:01.898--UnitOfWork(1093586875)--Thread(Thread[Test worker,5,main])--Execute query ReadObjectQuery(name="readUserAccessDomain" referenceClass=UserAccessDomain sql="SELECT userAccessDomainId, domainDescription, domainHelp, domainIcon, domainName, userAccessDomain, versionId, createdBy, createdDate, updatedBy, updatedDate, activeStatus, txnAccessCode FROM UserAccessDomain WHERE (userAccessDomainId = ?)")
[EL Fine]: sql: 2016-09-21 09:18:01.899--ClientSession(1797450232)--Connection(70082114)--Thread(Thread[Test worker,5,main])--SELECT userAccessDomainId, domainDescription, domainHelp, domainIcon, domainName, userAccessDomain, versionId, createdBy, createdDate, updatedBy, updatedDate, activeStatus, txnAccessCode FROM UserAccessDomain WHERE (userAccessDomainId = ?)
	bind => [B52FDEBC-327C-48E5-92EA-92795327ACA2]
[EL Finest]: transaction: 2016-09-21 09:18:01.9--UnitOfWork(1093586875)--Thread(Thread[Test worker,5,main])--remove() operation called on: 18224,eCro9yNGJbLxE7IEBCdftpURmI3CBgbFSN1gGqucUwUb5MODzk,5p73drAti8nZJpNk5hHCTsctO7lMu4FDrGNz5YCJYaZAviKhyD
[EL Finer]: transaction: 2016-09-21 09:18:01.901--UnitOfWork(1093586875)--Thread(Thread[Test worker,5,main])--begin unit of work commit
[EL Finest]: query: 2016-09-21 09:18:01.901--UnitOfWork(1093586875)--Thread(Thread[Test worker,5,main])--Execute query DoesExistQuery(referenceClass=UserAccessDomain )
[EL Finest]: query: 2016-09-21 09:18:01.901--UnitOfWork(1093586875)--Thread(Thread[Test worker,5,main])--Execute query DeleteObjectQuery(18224,eCro9yNGJbLxE7IEBCdftpURmI3CBgbFSN1gGqucUwUb5MODzk,5p73drAti8nZJpNk5hHCTsctO7lMu4FDrGNz5YCJYaZAviKhyD)
[EL Fine]: sql: 2016-09-21 09:18:01.901--ClientSession(1797450232)--Connection(70082114)--Thread(Thread[Test worker,5,main])--DELETE FROM UserAccessDomain WHERE ((userAccessDomainId = ?) AND (versionId = ?))
	bind => [B52FDEBC-327C-48E5-92EA-92795327ACA2, 1]
[EL Finer]: transaction: 2016-09-21 09:18:01.902--ClientSession(1797450232)--Connection(70082114)--Thread(Thread[Test worker,5,main])--commit transaction
[EL Finest]: connection: 2016-09-21 09:18:01.955--ServerSession(1151842404)--Connection(1749557099)--Thread(Thread[Test worker,5,main])--Connection released to connection pool [default].
[EL Finer]: transaction: 2016-09-21 09:18:01.955--UnitOfWork(1093586875)--Thread(Thread[Test worker,5,main])--end unit of work commit
[EL Finer]: transaction: 2016-09-21 09:18:01.955--UnitOfWork(1093586875)--Thread(Thread[Test worker,5,main])--resume unit of work
[EL Finer]: transaction: 2016-09-21 09:18:01.956--UnitOfWork(1093586875)--Thread(Thread[Test worker,5,main])--release unit of work
[EL Finer]: connection: 2016-09-21 09:18:01.956--ClientSession(1797450232)--Thread(Thread[Test worker,5,main])--client released
[EL Finer]: connection: 2016-09-21 09:18:02.011--ServerSession(1151842404)--Thread(Thread[Test worker,5,main])--client acquired: 1349554740
[EL Finer]: transaction: 2016-09-21 09:18:02.011--ClientSession(1349554740)--Thread(Thread[Test worker,5,main])--acquire unit of work: 244235566
[EL Finest]: query: 2016-09-21 09:18:02.011--UnitOfWork(244235566)--Thread(Thread[Test worker,5,main])--Execute query ReadAllQuery(name="Login.FindMappedUser" referenceClass=Login sql="SELECT t0.loginPk, t0.multiTenantId, t0.failedLoginAttempts, t0.loginId, t0.serverAuthImage, t0.serverAuthText, t0.versionId, t0.createdBy, t0.createdDate, t0.updatedBy, t0.updatedDate, t0.activeStatus, t0.txnAccessCode, t0.contactId, t0.userId FROM Login t0, UserDetail t1 WHERE ((((t0.activeStatus = ?) AND t1.userId IN (SELECT t2.userId FROM UserRoleBridge t2 WHERE (t2.multiTenantId = ?))) AND (t0.multiTenantId = ?)) AND ((t1.userId = t0.userId) AND (t1.multiTenantId = ?)))")
[EL Warning]: 2016-09-21 09:18:02.017--UnitOfWork(244235566)--Thread(Thread[Test worker,5,main])--Local Exception Stack: 
Exception [EclipseLink-6174] (Eclipse Persistence Services - 2.5.1.v20130918-f2b9fc5): org.eclipse.persistence.exceptions.QueryException
Exception Description: No value was provided for the session property [tenant.id]. This exception is possible when using additional criteria or tenant discriminator columns without specifying the associated contextual property. These properties must be set through Entity Manager, Entity Manager Factory or persistence unit properties. If using native EclipseLink, these properties should be set directly on the session.
Query: ReadAllQuery(name="Login.FindMappedUser" referenceClass=Login sql="SELECT t0.loginPk, t0.multiTenantId, t0.failedLoginAttempts, t0.loginId, t0.serverAuthImage, t0.serverAuthText, t0.versionId, t0.createdBy, t0.createdDate, t0.updatedBy, t0.updatedDate, t0.activeStatus, t0.txnAccessCode, t0.contactId, t0.userId FROM Login t0, UserDetail t1 WHERE ((((t0.activeStatus = ?) AND t1.userId IN (SELECT t2.userId FROM UserRoleBridge t2 WHERE (t2.multiTenantId = ?))) AND (t0.multiTenantId = ?)) AND ((t1.userId = t0.userId) AND (t1.multiTenantId = ?)))")
	at org.eclipse.persistence.exceptions.QueryException.missingContextPropertyForPropertyParameterExpression(QueryException.java:265)
	at org.eclipse.persistence.internal.expressions.ParameterExpression.getValue(ParameterExpression.java:269)
	at org.eclipse.persistence.internal.databaseaccess.DatabaseCall.translate(DatabaseCall.java:1102)
	at org.eclipse.persistence.internal.queries.DatasourceCallQueryMechanism.executeCall(DatasourceCallQueryMechanism.java:241)
	at org.eclipse.persistence.internal.queries.DatasourceCallQueryMechanism.executeCall(DatasourceCallQueryMechanism.java:228)
	at org.eclipse.persistence.internal.queries.DatasourceCallQueryMechanism.executeSelectCall(DatasourceCallQueryMechanism.java:299)
	at org.eclipse.persistence.internal.queries.DatasourceCallQueryMechanism.selectAllRows(DatasourceCallQueryMechanism.java:694)
	at org.eclipse.persistence.internal.queries.ExpressionQueryMechanism.selectAllRowsFromTable(ExpressionQueryMechanism.java:2738)
	at org.eclipse.persistence.internal.queries.ExpressionQueryMechanism.selectAllRows(ExpressionQueryMechanism.java:2691)
	at org.eclipse.persistence.queries.ReadAllQuery.executeObjectLevelReadQuery(ReadAllQuery.java:495)
	at org.eclipse.persistence.queries.ObjectLevelReadQuery.executeDatabaseQuery(ObjectLevelReadQuery.java:1168)
	at org.eclipse.persistence.queries.DatabaseQuery.execute(DatabaseQuery.java:899)
	at org.eclipse.persistence.queries.ObjectLevelReadQuery.execute(ObjectLevelReadQuery.java:1127)
	at org.eclipse.persistence.queries.ReadAllQuery.execute(ReadAllQuery.java:403)
	at org.eclipse.persistence.queries.ObjectLevelReadQuery.executeInUnitOfWork(ObjectLevelReadQuery.java:1215)
	at org.eclipse.persistence.internal.sessions.UnitOfWorkImpl.internalExecuteQuery(UnitOfWorkImpl.java:2896)
	at org.eclipse.persistence.internal.sessions.AbstractSession.executeQuery(AbstractSession.java:1793)
	at org.eclipse.persistence.internal.sessions.AbstractSession.executeQuery(AbstractSession.java:1775)
	at org.eclipse.persistence.internal.sessions.AbstractSession.executeQuery(AbstractSession.java:1740)
	at org.eclipse.persistence.internal.jpa.QueryImpl.executeReadQuery(QueryImpl.java:258)
	at org.eclipse.persistence.internal.jpa.QueryImpl.getResultList(QueryImpl.java:469)
	at sun.reflect.NativeMethodAccessorImpl.invoke0(Native Method)
	at sun.reflect.NativeMethodAccessorImpl.invoke(NativeMethodAccessorImpl.java:57)
	at sun.reflect.DelegatingMethodAccessorImpl.invoke(DelegatingMethodAccessorImpl.java:43)
	at java.lang.reflect.Method.invoke(Method.java:606)
	at org.springframework.orm.jpa.SharedEntityManagerCreator$DeferredQueryInvocationHandler.invoke(SharedEntityManagerCreator.java:360)
	at com.sun.proxy.$Proxy150.getResultList(Unknown Source)
	at com.app.server.repository.appbasicsetup.usermanagement.LoginRepositoryImpl.FindMappedUser(LoginRepositoryImpl.java:253)
	at com.app.server.repository.appbasicsetup.usermanagement.LoginRepositoryImpl$$FastClassByCGLIB$$59a2d544.invoke(<generated>)
	at org.springframework.cglib.proxy.MethodProxy.invoke(MethodProxy.java:204)
	at org.springframework.aop.framework.CglibAopProxy$CglibMethodInvocation.invokeJoinpoint(CglibAopProxy.java:701)
	at org.springframework.aop.framework.ReflectiveMethodInvocation.proceed(ReflectiveMethodInvocation.java:150)
	at org.springframework.aop.aspectj.MethodInvocationProceedingJoinPoint.proceed(MethodInvocationProceedingJoinPoint.java:80)
	at com.app.server.repository.appbasicsetup.usermanagement.aspect.RepositoryusermanagementAspect.aroundAllOtherOpeartion(RepositoryusermanagementAspect.java:39)
	at sun.reflect.NativeMethodAccessorImpl.invoke0(Native Method)
	at sun.reflect.NativeMethodAccessorImpl.invoke(NativeMethodAccessorImpl.java:57)
	at sun.reflect.DelegatingMethodAccessorImpl.invoke(DelegatingMethodAccessorImpl.java:43)
	at java.lang.reflect.Method.invoke(Method.java:606)
	at org.springframework.aop.aspectj.AbstractAspectJAdvice.invokeAdviceMethodWithGivenArgs(AbstractAspectJAdvice.java:621)
	at org.springframework.aop.aspectj.AbstractAspectJAdvice.invokeAdviceMethod(AbstractAspectJAdvice.java:610)
	at org.springframework.aop.aspectj.AspectJAroundAdvice.invoke(AspectJAroundAdvice.java:65)
	at org.springframework.aop.framework.ReflectiveMethodInvocation.proceed(ReflectiveMethodInvocation.java:172)
	at org.springframework.aop.interceptor.ExposeInvocationInterceptor.invoke(ExposeInvocationInterceptor.java:91)
	at org.springframework.aop.framework.ReflectiveMethodInvocation.proceed(ReflectiveMethodInvocation.java:172)
	at org.springframework.aop.framework.CglibAopProxy$DynamicAdvisedInterceptor.intercept(CglibAopProxy.java:634)
	at com.app.server.repository.appbasicsetup.usermanagement.LoginRepositoryImpl$$EnhancerByCGLIB$$5bc733b1.FindMappedUser(<generated>)
	at com.app.server.repository.appbasicsetup.usermanagement.LoginRepositoryImpl$$FastClassByCGLIB$$59a2d544.invoke(<generated>)
	at org.springframework.cglib.proxy.MethodProxy.invoke(MethodProxy.java:204)
	at org.springframework.aop.framework.CglibAopProxy$CglibMethodInvocation.invokeJoinpoint(CglibAopProxy.java:701)
	at org.springframework.aop.framework.ReflectiveMethodInvocation.proceed(ReflectiveMethodInvocation.java:150)
	at org.springframework.aop.support.DelegatingIntroductionInterceptor.doProceed(DelegatingIntroductionInterceptor.java:132)
	at org.springframework.aop.support.DelegatingIntroductionInterceptor.invoke(DelegatingIntroductionInterceptor.java:120)
	at org.springframework.aop.framework.ReflectiveMethodInvocation.proceed(ReflectiveMethodInvocation.java:172)
	at org.springframework.aop.framework.CglibAopProxy$DynamicAdvisedInterceptor.intercept(CglibAopProxy.java:634)
	at com.app.server.repository.appbasicsetup.usermanagement.LoginRepositoryImpl$$EnhancerByCGLIB$$7fbdefb5.FindMappedUser(<generated>)
	at com.app.server.service.appbasicsetup.usermanagement.LoginTestCase.testNQFindMappedUser(LoginTestCase.java:488)
	at sun.reflect.NativeMethodAccessorImpl.invoke0(Native Method)
	at sun.reflect.NativeMethodAccessorImpl.invoke(NativeMethodAccessorImpl.java:57)
	at sun.reflect.DelegatingMethodAccessorImpl.invoke(DelegatingMethodAccessorImpl.java:43)
	at java.lang.reflect.Method.invoke(Method.java:606)
	at org.junit.runners.model.FrameworkMethod$1.runReflectiveCall(FrameworkMethod.java:47)
	at org.junit.internal.runners.model.ReflectiveCallable.run(ReflectiveCallable.java:12)
	at org.junit.runners.model.FrameworkMethod.invokeExplosively(FrameworkMethod.java:44)
	at org.junit.internal.runners.statements.InvokeMethod.evaluate(InvokeMethod.java:17)
	at org.junit.internal.runners.statements.RunBefores.evaluate(RunBefores.java:26)
	at org.springframework.test.context.junit4.statements.RunBeforeTestMethodCallbacks.evaluate(RunBeforeTestMethodCallbacks.java:74)
	at org.junit.internal.runners.statements.RunAfters.evaluate(RunAfters.java:27)
	at org.springframework.test.context.junit4.statements.RunAfterTestMethodCallbacks.evaluate(RunAfterTestMethodCallbacks.java:83)
	at org.springframework.test.context.junit4.statements.SpringRepeat.evaluate(SpringRepeat.java:72)
	at org.springframework.test.context.junit4.SpringJUnit4ClassRunner.runChild(SpringJUnit4ClassRunner.java:233)
	at org.springframework.test.context.junit4.SpringJUnit4ClassRunner.runChild(SpringJUnit4ClassRunner.java:87)
	at org.junit.runners.ParentRunner$3.run(ParentRunner.java:238)
	at org.junit.runners.ParentRunner$1.schedule(ParentRunner.java:63)
	at org.junit.runners.ParentRunner.runChildren(ParentRunner.java:236)
	at org.junit.runners.ParentRunner.access$000(ParentRunner.java:53)
	at org.junit.runners.ParentRunner$2.evaluate(ParentRunner.java:229)
	at org.junit.internal.runners.statements.RunBefores.evaluate(RunBefores.java:26)
	at org.springframework.test.context.junit4.statements.RunBeforeTestClassCallbacks.evaluate(RunBeforeTestClassCallbacks.java:61)
	at org.springframework.test.context.junit4.statements.RunAfterTestClassCallbacks.evaluate(RunAfterTestClassCallbacks.java:71)
	at org.junit.runners.ParentRunner.run(ParentRunner.java:309)
	at org.springframework.test.context.junit4.SpringJUnit4ClassRunner.run(SpringJUnit4ClassRunner.java:176)
	at org.gradle.api.internal.tasks.testing.junit.JUnitTestClassExecuter.runTestClass(JUnitTestClassExecuter.java:86)
	at org.gradle.api.internal.tasks.testing.junit.JUnitTestClassExecuter.execute(JUnitTestClassExecuter.java:49)
	at org.gradle.api.internal.tasks.testing.junit.JUnitTestClassProcessor.processTestClass(JUnitTestClassProcessor.java:64)
	at org.gradle.api.internal.tasks.testing.SuiteTestClassProcessor.processTestClass(SuiteTestClassProcessor.java:50)
	at sun.reflect.GeneratedMethodAccessor126.invoke(Unknown Source)
	at sun.reflect.DelegatingMethodAccessorImpl.invoke(DelegatingMethodAccessorImpl.java:43)
	at java.lang.reflect.Method.invoke(Method.java:606)
	at org.gradle.messaging.dispatch.ReflectionDispatch.dispatch(ReflectionDispatch.java:35)
	at org.gradle.messaging.dispatch.ReflectionDispatch.dispatch(ReflectionDispatch.java:24)
	at org.gradle.messaging.dispatch.ContextClassLoaderDispatch.dispatch(ContextClassLoaderDispatch.java:32)
	at org.gradle.messaging.dispatch.ProxyDispatchAdapter$DispatchingInvocationHandler.invoke(ProxyDispatchAdapter.java:93)
	at com.sun.proxy.$Proxy2.processTestClass(Unknown Source)
	at org.gradle.api.internal.tasks.testing.worker.TestWorker.processTestClass(TestWorker.java:106)
	at sun.reflect.GeneratedMethodAccessor125.invoke(Unknown Source)
	at sun.reflect.DelegatingMethodAccessorImpl.invoke(DelegatingMethodAccessorImpl.java:43)
	at java.lang.reflect.Method.invoke(Method.java:606)
	at org.gradle.messaging.dispatch.ReflectionDispatch.dispatch(ReflectionDispatch.java:35)
	at org.gradle.messaging.dispatch.ReflectionDispatch.dispatch(ReflectionDispatch.java:24)
	at org.gradle.messaging.remote.internal.hub.MessageHub$Handler.run(MessageHub.java:360)
	at org.gradle.internal.concurrent.DefaultExecutorFactory$StoppableExecutorImpl$1.run(DefaultExecutorFactory.java:64)
	at java.util.concurrent.ThreadPoolExecutor.runWorker(ThreadPoolExecutor.java:1145)
	at java.util.concurrent.ThreadPoolExecutor$Worker.run(ThreadPoolExecutor.java:615)
	at java.lang.Thread.run(Thread.java:745)

[EL Finer]: transaction: 2016-09-21 09:18:02.019--UnitOfWork(244235566)--Thread(Thread[Test worker,5,main])--release unit of work
[EL Finer]: connection: 2016-09-21 09:18:02.019--ClientSession(1349554740)--Thread(Thread[Test worker,5,main])--client released
Wed Sep 21 09:18:02 UTC 2016|Unknown Alarm = ABSUM347999500 Alarm Split = ABS-UM-3-4-7-999-500
[EL Finer]: connection: 2016-09-21 09:18:02.056--ServerSession(1151842404)--Thread(Thread[Test worker,5,main])--client acquired: 1839053594
[EL Finer]: transaction: 2016-09-21 09:18:02.056--ClientSession(1839053594)--Thread(Thread[Test worker,5,main])--acquire unit of work: 241623087
[EL Finest]: query: 2016-09-21 09:18:02.056--UnitOfWork(241623087)--Thread(Thread[Test worker,5,main])--Execute query ReadAllQuery(name="Login.FindUnMappedUser" referenceClass=Login sql="SELECT t0.loginPk, t0.multiTenantId, t0.failedLoginAttempts, t0.loginId, t0.serverAuthImage, t0.serverAuthText, t0.versionId, t0.createdBy, t0.createdDate, t0.updatedBy, t0.updatedDate, t0.activeStatus, t0.txnAccessCode, t0.contactId, t0.userId FROM Login t0, UserDetail t1 WHERE ((((t0.activeStatus = ?) AND t1.userId NOT IN (SELECT t2.userId FROM UserRoleBridge t2 WHERE (t2.multiTenantId = ?))) AND (t0.multiTenantId = ?)) AND ((t1.userId = t0.userId) AND (t1.multiTenantId = ?)))")
[EL Warning]: 2016-09-21 09:18:02.056--UnitOfWork(241623087)--Thread(Thread[Test worker,5,main])--Local Exception Stack: 
Exception [EclipseLink-6174] (Eclipse Persistence Services - 2.5.1.v20130918-f2b9fc5): org.eclipse.persistence.exceptions.QueryException
Exception Description: No value was provided for the session property [tenant.id]. This exception is possible when using additional criteria or tenant discriminator columns without specifying the associated contextual property. These properties must be set through Entity Manager, Entity Manager Factory or persistence unit properties. If using native EclipseLink, these properties should be set directly on the session.
Query: ReadAllQuery(name="Login.FindUnMappedUser" referenceClass=Login sql="SELECT t0.loginPk, t0.multiTenantId, t0.failedLoginAttempts, t0.loginId, t0.serverAuthImage, t0.serverAuthText, t0.versionId, t0.createdBy, t0.createdDate, t0.updatedBy, t0.updatedDate, t0.activeStatus, t0.txnAccessCode, t0.contactId, t0.userId FROM Login t0, UserDetail t1 WHERE ((((t0.activeStatus = ?) AND t1.userId NOT IN (SELECT t2.userId FROM UserRoleBridge t2 WHERE (t2.multiTenantId = ?))) AND (t0.multiTenantId = ?)) AND ((t1.userId = t0.userId) AND (t1.multiTenantId = ?)))")
	at org.eclipse.persistence.exceptions.QueryException.missingContextPropertyForPropertyParameterExpression(QueryException.java:265)
	at org.eclipse.persistence.internal.expressions.ParameterExpression.getValue(ParameterExpression.java:269)
	at org.eclipse.persistence.internal.databaseaccess.DatabaseCall.translate(DatabaseCall.java:1102)
	at org.eclipse.persistence.internal.queries.DatasourceCallQueryMechanism.executeCall(DatasourceCallQueryMechanism.java:241)
	at org.eclipse.persistence.internal.queries.DatasourceCallQueryMechanism.executeCall(DatasourceCallQueryMechanism.java:228)
	at org.eclipse.persistence.internal.queries.DatasourceCallQueryMechanism.executeSelectCall(DatasourceCallQueryMechanism.java:299)
	at org.eclipse.persistence.internal.queries.DatasourceCallQueryMechanism.selectAllRows(DatasourceCallQueryMechanism.java:694)
	at org.eclipse.persistence.internal.queries.ExpressionQueryMechanism.selectAllRowsFromTable(ExpressionQueryMechanism.java:2738)
	at org.eclipse.persistence.internal.queries.ExpressionQueryMechanism.selectAllRows(ExpressionQueryMechanism.java:2691)
	at org.eclipse.persistence.queries.ReadAllQuery.executeObjectLevelReadQuery(ReadAllQuery.java:495)
	at org.eclipse.persistence.queries.ObjectLevelReadQuery.executeDatabaseQuery(ObjectLevelReadQuery.java:1168)
	at org.eclipse.persistence.queries.DatabaseQuery.execute(DatabaseQuery.java:899)
	at org.eclipse.persistence.queries.ObjectLevelReadQuery.execute(ObjectLevelReadQuery.java:1127)
	at org.eclipse.persistence.queries.ReadAllQuery.execute(ReadAllQuery.java:403)
	at org.eclipse.persistence.queries.ObjectLevelReadQuery.executeInUnitOfWork(ObjectLevelReadQuery.java:1215)
	at org.eclipse.persistence.internal.sessions.UnitOfWorkImpl.internalExecuteQuery(UnitOfWorkImpl.java:2896)
	at org.eclipse.persistence.internal.sessions.AbstractSession.executeQuery(AbstractSession.java:1793)
	at org.eclipse.persistence.internal.sessions.AbstractSession.executeQuery(AbstractSession.java:1775)
	at org.eclipse.persistence.internal.sessions.AbstractSession.executeQuery(AbstractSession.java:1740)
	at org.eclipse.persistence.internal.jpa.QueryImpl.executeReadQuery(QueryImpl.java:258)
	at org.eclipse.persistence.internal.jpa.QueryImpl.getResultList(QueryImpl.java:469)
	at sun.reflect.NativeMethodAccessorImpl.invoke0(Native Method)
	at sun.reflect.NativeMethodAccessorImpl.invoke(NativeMethodAccessorImpl.java:57)
	at sun.reflect.DelegatingMethodAccessorImpl.invoke(DelegatingMethodAccessorImpl.java:43)
	at java.lang.reflect.Method.invoke(Method.java:606)
	at org.springframework.orm.jpa.SharedEntityManagerCreator$DeferredQueryInvocationHandler.invoke(SharedEntityManagerCreator.java:360)
	at com.sun.proxy.$Proxy150.getResultList(Unknown Source)
	at com.app.server.repository.appbasicsetup.usermanagement.LoginRepositoryImpl.FindUnMappedUser(LoginRepositoryImpl.java:245)
	at com.app.server.repository.appbasicsetup.usermanagement.LoginRepositoryImpl$$FastClassByCGLIB$$59a2d544.invoke(<generated>)
	at org.springframework.cglib.proxy.MethodProxy.invoke(MethodProxy.java:204)
	at org.springframework.aop.framework.CglibAopProxy$CglibMethodInvocation.invokeJoinpoint(CglibAopProxy.java:701)
	at org.springframework.aop.framework.ReflectiveMethodInvocation.proceed(ReflectiveMethodInvocation.java:150)
	at org.springframework.aop.aspectj.MethodInvocationProceedingJoinPoint.proceed(MethodInvocationProceedingJoinPoint.java:80)
	at com.app.server.repository.appbasicsetup.usermanagement.aspect.RepositoryusermanagementAspect.aroundAllOtherOpeartion(RepositoryusermanagementAspect.java:39)
	at sun.reflect.NativeMethodAccessorImpl.invoke0(Native Method)
	at sun.reflect.NativeMethodAccessorImpl.invoke(NativeMethodAccessorImpl.java:57)
	at sun.reflect.DelegatingMethodAccessorImpl.invoke(DelegatingMethodAccessorImpl.java:43)
	at java.lang.reflect.Method.invoke(Method.java:606)
	at org.springframework.aop.aspectj.AbstractAspectJAdvice.invokeAdviceMethodWithGivenArgs(AbstractAspectJAdvice.java:621)
	at org.springframework.aop.aspectj.AbstractAspectJAdvice.invokeAdviceMethod(AbstractAspectJAdvice.java:610)
	at org.springframework.aop.aspectj.AspectJAroundAdvice.invoke(AspectJAroundAdvice.java:65)
	at org.springframework.aop.framework.ReflectiveMethodInvocation.proceed(ReflectiveMethodInvocation.java:172)
	at org.springframework.aop.interceptor.ExposeInvocationInterceptor.invoke(ExposeInvocationInterceptor.java:91)
	at org.springframework.aop.framework.ReflectiveMethodInvocation.proceed(ReflectiveMethodInvocation.java:172)
	at org.springframework.aop.framework.CglibAopProxy$DynamicAdvisedInterceptor.intercept(CglibAopProxy.java:634)
	at com.app.server.repository.appbasicsetup.usermanagement.LoginRepositoryImpl$$EnhancerByCGLIB$$5bc733b1.FindUnMappedUser(<generated>)
	at com.app.server.repository.appbasicsetup.usermanagement.LoginRepositoryImpl$$FastClassByCGLIB$$59a2d544.invoke(<generated>)
	at org.springframework.cglib.proxy.MethodProxy.invoke(MethodProxy.java:204)
	at org.springframework.aop.framework.CglibAopProxy$CglibMethodInvocation.invokeJoinpoint(CglibAopProxy.java:701)
	at org.springframework.aop.framework.ReflectiveMethodInvocation.proceed(ReflectiveMethodInvocation.java:150)
	at org.springframework.aop.support.DelegatingIntroductionInterceptor.doProceed(DelegatingIntroductionInterceptor.java:132)
	at org.springframework.aop.support.DelegatingIntroductionInterceptor.invoke(DelegatingIntroductionInterceptor.java:120)
	at org.springframework.aop.framework.ReflectiveMethodInvocation.proceed(ReflectiveMethodInvocation.java:172)
	at org.springframework.aop.framework.CglibAopProxy$DynamicAdvisedInterceptor.intercept(CglibAopProxy.java:634)
	at com.app.server.repository.appbasicsetup.usermanagement.LoginRepositoryImpl$$EnhancerByCGLIB$$7fbdefb5.FindUnMappedUser(<generated>)
	at com.app.server.service.appbasicsetup.usermanagement.LoginTestCase.testNQFindUnMappedUser(LoginTestCase.java:479)
	at sun.reflect.NativeMethodAccessorImpl.invoke0(Native Method)
	at sun.reflect.NativeMethodAccessorImpl.invoke(NativeMethodAccessorImpl.java:57)
	at sun.reflect.DelegatingMethodAccessorImpl.invoke(DelegatingMethodAccessorImpl.java:43)
	at java.lang.reflect.Method.invoke(Method.java:606)
	at org.junit.runners.model.FrameworkMethod$1.runReflectiveCall(FrameworkMethod.java:47)
	at org.junit.internal.runners.model.ReflectiveCallable.run(ReflectiveCallable.java:12)
	at org.junit.runners.model.FrameworkMethod.invokeExplosively(FrameworkMethod.java:44)
	at org.junit.internal.runners.statements.InvokeMethod.evaluate(InvokeMethod.java:17)
	at org.junit.internal.runners.statements.RunBefores.evaluate(RunBefores.java:26)
	at org.springframework.test.context.junit4.statements.RunBeforeTestMethodCallbacks.evaluate(RunBeforeTestMethodCallbacks.java:74)
	at org.junit.internal.runners.statements.RunAfters.evaluate(RunAfters.java:27)
	at org.springframework.test.context.junit4.statements.RunAfterTestMethodCallbacks.evaluate(RunAfterTestMethodCallbacks.java:83)
	at org.springframework.test.context.junit4.statements.SpringRepeat.evaluate(SpringRepeat.java:72)
	at org.springframework.test.context.junit4.SpringJUnit4ClassRunner.runChild(SpringJUnit4ClassRunner.java:233)
	at org.springframework.test.context.junit4.SpringJUnit4ClassRunner.runChild(SpringJUnit4ClassRunner.java:87)
	at org.junit.runners.ParentRunner$3.run(ParentRunner.java:238)
	at org.junit.runners.ParentRunner$1.schedule(ParentRunner.java:63)
	at org.junit.runners.ParentRunner.runChildren(ParentRunner.java:236)
	at org.junit.runners.ParentRunner.access$000(ParentRunner.java:53)
	at org.junit.runners.ParentRunner$2.evaluate(ParentRunner.java:229)
	at org.junit.internal.runners.statements.RunBefores.evaluate(RunBefores.java:26)
	at org.springframework.test.context.junit4.statements.RunBeforeTestClassCallbacks.evaluate(RunBeforeTestClassCallbacks.java:61)
	at org.springframework.test.context.junit4.statements.RunAfterTestClassCallbacks.evaluate(RunAfterTestClassCallbacks.java:71)
	at org.junit.runners.ParentRunner.run(ParentRunner.java:309)
	at org.springframework.test.context.junit4.SpringJUnit4ClassRunner.run(SpringJUnit4ClassRunner.java:176)
	at org.gradle.api.internal.tasks.testing.junit.JUnitTestClassExecuter.runTestClass(JUnitTestClassExecuter.java:86)
	at org.gradle.api.internal.tasks.testing.junit.JUnitTestClassExecuter.execute(JUnitTestClassExecuter.java:49)
	at org.gradle.api.internal.tasks.testing.junit.JUnitTestClassProcessor.processTestClass(JUnitTestClassProcessor.java:64)
	at org.gradle.api.internal.tasks.testing.SuiteTestClassProcessor.processTestClass(SuiteTestClassProcessor.java:50)
	at sun.reflect.GeneratedMethodAccessor126.invoke(Unknown Source)
	at sun.reflect.DelegatingMethodAccessorImpl.invoke(DelegatingMethodAccessorImpl.java:43)
	at java.lang.reflect.Method.invoke(Method.java:606)
	at org.gradle.messaging.dispatch.ReflectionDispatch.dispatch(ReflectionDispatch.java:35)
	at org.gradle.messaging.dispatch.ReflectionDispatch.dispatch(ReflectionDispatch.java:24)
	at org.gradle.messaging.dispatch.ContextClassLoaderDispatch.dispatch(ContextClassLoaderDispatch.java:32)
	at org.gradle.messaging.dispatch.ProxyDispatchAdapter$DispatchingInvocationHandler.invoke(ProxyDispatchAdapter.java:93)
	at com.sun.proxy.$Proxy2.processTestClass(Unknown Source)
	at org.gradle.api.internal.tasks.testing.worker.TestWorker.processTestClass(TestWorker.java:106)
	at sun.reflect.GeneratedMethodAccessor125.invoke(Unknown Source)
	at sun.reflect.DelegatingMethodAccessorImpl.invoke(DelegatingMethodAccessorImpl.java:43)
	at java.lang.reflect.Method.invoke(Method.java:606)
	at org.gradle.messaging.dispatch.ReflectionDispatch.dispatch(ReflectionDispatch.java:35)
	at org.gradle.messaging.dispatch.ReflectionDispatch.dispatch(ReflectionDispatch.java:24)
	at org.gradle.messaging.remote.internal.hub.MessageHub$Handler.run(MessageHub.java:360)
	at org.gradle.internal.concurrent.DefaultExecutorFactory$StoppableExecutorImpl$1.run(DefaultExecutorFactory.java:64)
	at java.util.concurrent.ThreadPoolExecutor.runWorker(ThreadPoolExecutor.java:1145)
	at java.util.concurrent.ThreadPoolExecutor$Worker.run(ThreadPoolExecutor.java:615)
	at java.lang.Thread.run(Thread.java:745)

[EL Finer]: transaction: 2016-09-21 09:18:02.057--UnitOfWork(241623087)--Thread(Thread[Test worker,5,main])--release unit of work
[EL Finer]: connection: 2016-09-21 09:18:02.057--ClientSession(1839053594)--Thread(Thread[Test worker,5,main])--client released
Wed Sep 21 09:18:02 UTC 2016|Unknown Alarm = ABSUM347999500 Alarm Split = ABS-UM-3-4-7-999-500
]]></system-out>
  <system-err><![CDATA[Login.loginId may not be null
java.lang.SecurityException: Login.loginId may not be null
	at com.athena.server.pluggable.utils.helper.EntityValidatorHelper.validateEntity(EntityValidatorHelper.java:37)
	at com.app.shared.appbasicsetup.usermanagement.Login.isValid(Login.java:249)
	at com.app.server.service.appbasicsetup.usermanagement.LoginTestCase.validateLogin(LoginTestCase.java:519)
	at com.app.server.service.appbasicsetup.usermanagement.LoginTestCase.test5NegativeTesting(LoginTestCase.java:554)
	at sun.reflect.NativeMethodAccessorImpl.invoke0(Native Method)
	at sun.reflect.NativeMethodAccessorImpl.invoke(NativeMethodAccessorImpl.java:57)
	at sun.reflect.DelegatingMethodAccessorImpl.invoke(DelegatingMethodAccessorImpl.java:43)
	at java.lang.reflect.Method.invoke(Method.java:606)
	at org.junit.runners.model.FrameworkMethod$1.runReflectiveCall(FrameworkMethod.java:47)
	at org.junit.internal.runners.model.ReflectiveCallable.run(ReflectiveCallable.java:12)
	at org.junit.runners.model.FrameworkMethod.invokeExplosively(FrameworkMethod.java:44)
	at org.junit.internal.runners.statements.InvokeMethod.evaluate(InvokeMethod.java:17)
	at org.junit.internal.runners.statements.RunBefores.evaluate(RunBefores.java:26)
	at org.springframework.test.context.junit4.statements.RunBeforeTestMethodCallbacks.evaluate(RunBeforeTestMethodCallbacks.java:74)
	at org.junit.internal.runners.statements.RunAfters.evaluate(RunAfters.java:27)
	at org.springframework.test.context.junit4.statements.RunAfterTestMethodCallbacks.evaluate(RunAfterTestMethodCallbacks.java:83)
	at org.springframework.test.context.junit4.statements.SpringRepeat.evaluate(SpringRepeat.java:72)
	at org.springframework.test.context.junit4.SpringJUnit4ClassRunner.runChild(SpringJUnit4ClassRunner.java:233)
	at org.springframework.test.context.junit4.SpringJUnit4ClassRunner.runChild(SpringJUnit4ClassRunner.java:87)
	at org.junit.runners.ParentRunner$3.run(ParentRunner.java:238)
	at org.junit.runners.ParentRunner$1.schedule(ParentRunner.java:63)
	at org.junit.runners.ParentRunner.runChildren(ParentRunner.java:236)
	at org.junit.runners.ParentRunner.access$000(ParentRunner.java:53)
	at org.junit.runners.ParentRunner$2.evaluate(ParentRunner.java:229)
	at org.junit.internal.runners.statements.RunBefores.evaluate(RunBefores.java:26)
	at org.springframework.test.context.junit4.statements.RunBeforeTestClassCallbacks.evaluate(RunBeforeTestClassCallbacks.java:61)
	at org.springframework.test.context.junit4.statements.RunAfterTestClassCallbacks.evaluate(RunAfterTestClassCallbacks.java:71)
	at org.junit.runners.ParentRunner.run(ParentRunner.java:309)
	at org.springframework.test.context.junit4.SpringJUnit4ClassRunner.run(SpringJUnit4ClassRunner.java:176)
	at org.gradle.api.internal.tasks.testing.junit.JUnitTestClassExecuter.runTestClass(JUnitTestClassExecuter.java:86)
	at org.gradle.api.internal.tasks.testing.junit.JUnitTestClassExecuter.execute(JUnitTestClassExecuter.java:49)
	at org.gradle.api.internal.tasks.testing.junit.JUnitTestClassProcessor.processTestClass(JUnitTestClassProcessor.java:64)
	at org.gradle.api.internal.tasks.testing.SuiteTestClassProcessor.processTestClass(SuiteTestClassProcessor.java:50)
	at sun.reflect.GeneratedMethodAccessor126.invoke(Unknown Source)
	at sun.reflect.DelegatingMethodAccessorImpl.invoke(DelegatingMethodAccessorImpl.java:43)
	at java.lang.reflect.Method.invoke(Method.java:606)
	at org.gradle.messaging.dispatch.ReflectionDispatch.dispatch(ReflectionDispatch.java:35)
	at org.gradle.messaging.dispatch.ReflectionDispatch.dispatch(ReflectionDispatch.java:24)
	at org.gradle.messaging.dispatch.ContextClassLoaderDispatch.dispatch(ContextClassLoaderDispatch.java:32)
	at org.gradle.messaging.dispatch.ProxyDispatchAdapter$DispatchingInvocationHandler.invoke(ProxyDispatchAdapter.java:93)
	at com.sun.proxy.$Proxy2.processTestClass(Unknown Source)
	at org.gradle.api.internal.tasks.testing.worker.TestWorker.processTestClass(TestWorker.java:106)
	at sun.reflect.GeneratedMethodAccessor125.invoke(Unknown Source)
	at sun.reflect.DelegatingMethodAccessorImpl.invoke(DelegatingMethodAccessorImpl.java:43)
	at java.lang.reflect.Method.invoke(Method.java:606)
	at org.gradle.messaging.dispatch.ReflectionDispatch.dispatch(ReflectionDispatch.java:35)
	at org.gradle.messaging.dispatch.ReflectionDispatch.dispatch(ReflectionDispatch.java:24)
	at org.gradle.messaging.remote.internal.hub.MessageHub$Handler.run(MessageHub.java:360)
	at org.gradle.internal.concurrent.DefaultExecutorFactory$StoppableExecutorImpl$1.run(DefaultExecutorFactory.java:64)
	at java.util.concurrent.ThreadPoolExecutor.runWorker(ThreadPoolExecutor.java:1145)
	at java.util.concurrent.ThreadPoolExecutor$Worker.run(ThreadPoolExecutor.java:615)
	at java.lang.Thread.run(Thread.java:745)
Login.loginId size must be between 0 and 200
java.lang.SecurityException: Login.loginId size must be between 0 and 200
	at com.athena.server.pluggable.utils.helper.EntityValidatorHelper.validateEntity(EntityValidatorHelper.java:37)
	at com.app.shared.appbasicsetup.usermanagement.Login.isValid(Login.java:249)
	at com.app.server.service.appbasicsetup.usermanagement.LoginTestCase.validateLogin(LoginTestCase.java:517)
	at com.app.server.service.appbasicsetup.usermanagement.LoginTestCase.test5NegativeTesting(LoginTestCase.java:559)
	at sun.reflect.NativeMethodAccessorImpl.invoke0(Native Method)
	at sun.reflect.NativeMethodAccessorImpl.invoke(NativeMethodAccessorImpl.java:57)
	at sun.reflect.DelegatingMethodAccessorImpl.invoke(DelegatingMethodAccessorImpl.java:43)
	at java.lang.reflect.Method.invoke(Method.java:606)
	at org.junit.runners.model.FrameworkMethod$1.runReflectiveCall(FrameworkMethod.java:47)
	at org.junit.internal.runners.model.ReflectiveCallable.run(ReflectiveCallable.java:12)
	at org.junit.runners.model.FrameworkMethod.invokeExplosively(FrameworkMethod.java:44)
	at org.junit.internal.runners.statements.InvokeMethod.evaluate(InvokeMethod.java:17)
	at org.junit.internal.runners.statements.RunBefores.evaluate(RunBefores.java:26)
	at org.springframework.test.context.junit4.statements.RunBeforeTestMethodCallbacks.evaluate(RunBeforeTestMethodCallbacks.java:74)
	at org.junit.internal.runners.statements.RunAfters.evaluate(RunAfters.java:27)
	at org.springframework.test.context.junit4.statements.RunAfterTestMethodCallbacks.evaluate(RunAfterTestMethodCallbacks.java:83)
	at org.springframework.test.context.junit4.statements.SpringRepeat.evaluate(SpringRepeat.java:72)
	at org.springframework.test.context.junit4.SpringJUnit4ClassRunner.runChild(SpringJUnit4ClassRunner.java:233)
	at org.springframework.test.context.junit4.SpringJUnit4ClassRunner.runChild(SpringJUnit4ClassRunner.java:87)
	at org.junit.runners.ParentRunner$3.run(ParentRunner.java:238)
	at org.junit.runners.ParentRunner$1.schedule(ParentRunner.java:63)
	at org.junit.runners.ParentRunner.runChildren(ParentRunner.java:236)
	at org.junit.runners.ParentRunner.access$000(ParentRunner.java:53)
	at org.junit.runners.ParentRunner$2.evaluate(ParentRunner.java:229)
	at org.junit.internal.runners.statements.RunBefores.evaluate(RunBefores.java:26)
	at org.springframework.test.context.junit4.statements.RunBeforeTestClassCallbacks.evaluate(RunBeforeTestClassCallbacks.java:61)
	at org.springframework.test.context.junit4.statements.RunAfterTestClassCallbacks.evaluate(RunAfterTestClassCallbacks.java:71)
	at org.junit.runners.ParentRunner.run(ParentRunner.java:309)
	at org.springframework.test.context.junit4.SpringJUnit4ClassRunner.run(SpringJUnit4ClassRunner.java:176)
	at org.gradle.api.internal.tasks.testing.junit.JUnitTestClassExecuter.runTestClass(JUnitTestClassExecuter.java:86)
	at org.gradle.api.internal.tasks.testing.junit.JUnitTestClassExecuter.execute(JUnitTestClassExecuter.java:49)
	at org.gradle.api.internal.tasks.testing.junit.JUnitTestClassProcessor.processTestClass(JUnitTestClassProcessor.java:64)
	at org.gradle.api.internal.tasks.testing.SuiteTestClassProcessor.processTestClass(SuiteTestClassProcessor.java:50)
	at sun.reflect.GeneratedMethodAccessor126.invoke(Unknown Source)
	at sun.reflect.DelegatingMethodAccessorImpl.invoke(DelegatingMethodAccessorImpl.java:43)
	at java.lang.reflect.Method.invoke(Method.java:606)
	at org.gradle.messaging.dispatch.ReflectionDispatch.dispatch(ReflectionDispatch.java:35)
	at org.gradle.messaging.dispatch.ReflectionDispatch.dispatch(ReflectionDispatch.java:24)
	at org.gradle.messaging.dispatch.ContextClassLoaderDispatch.dispatch(ContextClassLoaderDispatch.java:32)
	at org.gradle.messaging.dispatch.ProxyDispatchAdapter$DispatchingInvocationHandler.invoke(ProxyDispatchAdapter.java:93)
	at com.sun.proxy.$Proxy2.processTestClass(Unknown Source)
	at org.gradle.api.internal.tasks.testing.worker.TestWorker.processTestClass(TestWorker.java:106)
	at sun.reflect.GeneratedMethodAccessor125.invoke(Unknown Source)
	at sun.reflect.DelegatingMethodAccessorImpl.invoke(DelegatingMethodAccessorImpl.java:43)
	at java.lang.reflect.Method.invoke(Method.java:606)
	at org.gradle.messaging.dispatch.ReflectionDispatch.dispatch(ReflectionDispatch.java:35)
	at org.gradle.messaging.dispatch.ReflectionDispatch.dispatch(ReflectionDispatch.java:24)
	at org.gradle.messaging.remote.internal.hub.MessageHub$Handler.run(MessageHub.java:360)
	at org.gradle.internal.concurrent.DefaultExecutorFactory$StoppableExecutorImpl$1.run(DefaultExecutorFactory.java:64)
	at java.util.concurrent.ThreadPoolExecutor.runWorker(ThreadPoolExecutor.java:1145)
	at java.util.concurrent.ThreadPoolExecutor$Worker.run(ThreadPoolExecutor.java:615)
	at java.lang.Thread.run(Thread.java:745)
Login.serverAuthImage size must be between 0 and 32
java.lang.SecurityException: Login.serverAuthImage size must be between 0 and 32
	at com.athena.server.pluggable.utils.helper.EntityValidatorHelper.validateEntity(EntityValidatorHelper.java:37)
	at com.app.shared.appbasicsetup.usermanagement.Login.isValid(Login.java:249)
	at com.app.server.service.appbasicsetup.usermanagement.LoginTestCase.validateLogin(LoginTestCase.java:517)
	at com.app.server.service.appbasicsetup.usermanagement.LoginTestCase.test5NegativeTesting(LoginTestCase.java:564)
	at sun.reflect.NativeMethodAccessorImpl.invoke0(Native Method)
	at sun.reflect.NativeMethodAccessorImpl.invoke(NativeMethodAccessorImpl.java:57)
	at sun.reflect.DelegatingMethodAccessorImpl.invoke(DelegatingMethodAccessorImpl.java:43)
	at java.lang.reflect.Method.invoke(Method.java:606)
	at org.junit.runners.model.FrameworkMethod$1.runReflectiveCall(FrameworkMethod.java:47)
	at org.junit.internal.runners.model.ReflectiveCallable.run(ReflectiveCallable.java:12)
	at org.junit.runners.model.FrameworkMethod.invokeExplosively(FrameworkMethod.java:44)
	at org.junit.internal.runners.statements.InvokeMethod.evaluate(InvokeMethod.java:17)
	at org.junit.internal.runners.statements.RunBefores.evaluate(RunBefores.java:26)
	at org.springframework.test.context.junit4.statements.RunBeforeTestMethodCallbacks.evaluate(RunBeforeTestMethodCallbacks.java:74)
	at org.junit.internal.runners.statements.RunAfters.evaluate(RunAfters.java:27)
	at org.springframework.test.context.junit4.statements.RunAfterTestMethodCallbacks.evaluate(RunAfterTestMethodCallbacks.java:83)
	at org.springframework.test.context.junit4.statements.SpringRepeat.evaluate(SpringRepeat.java:72)
	at org.springframework.test.context.junit4.SpringJUnit4ClassRunner.runChild(SpringJUnit4ClassRunner.java:233)
	at org.springframework.test.context.junit4.SpringJUnit4ClassRunner.runChild(SpringJUnit4ClassRunner.java:87)
	at org.junit.runners.ParentRunner$3.run(ParentRunner.java:238)
	at org.junit.runners.ParentRunner$1.schedule(ParentRunner.java:63)
	at org.junit.runners.ParentRunner.runChildren(ParentRunner.java:236)
	at org.junit.runners.ParentRunner.access$000(ParentRunner.java:53)
	at org.junit.runners.ParentRunner$2.evaluate(ParentRunner.java:229)
	at org.junit.internal.runners.statements.RunBefores.evaluate(RunBefores.java:26)
	at org.springframework.test.context.junit4.statements.RunBeforeTestClassCallbacks.evaluate(RunBeforeTestClassCallbacks.java:61)
	at org.springframework.test.context.junit4.statements.RunAfterTestClassCallbacks.evaluate(RunAfterTestClassCallbacks.java:71)
	at org.junit.runners.ParentRunner.run(ParentRunner.java:309)
	at org.springframework.test.context.junit4.SpringJUnit4ClassRunner.run(SpringJUnit4ClassRunner.java:176)
	at org.gradle.api.internal.tasks.testing.junit.JUnitTestClassExecuter.runTestClass(JUnitTestClassExecuter.java:86)
	at org.gradle.api.internal.tasks.testing.junit.JUnitTestClassExecuter.execute(JUnitTestClassExecuter.java:49)
	at org.gradle.api.internal.tasks.testing.junit.JUnitTestClassProcessor.processTestClass(JUnitTestClassProcessor.java:64)
	at org.gradle.api.internal.tasks.testing.SuiteTestClassProcessor.processTestClass(SuiteTestClassProcessor.java:50)
	at sun.reflect.GeneratedMethodAccessor126.invoke(Unknown Source)
	at sun.reflect.DelegatingMethodAccessorImpl.invoke(DelegatingMethodAccessorImpl.java:43)
	at java.lang.reflect.Method.invoke(Method.java:606)
	at org.gradle.messaging.dispatch.ReflectionDispatch.dispatch(ReflectionDispatch.java:35)
	at org.gradle.messaging.dispatch.ReflectionDispatch.dispatch(ReflectionDispatch.java:24)
	at org.gradle.messaging.dispatch.ContextClassLoaderDispatch.dispatch(ContextClassLoaderDispatch.java:32)
	at org.gradle.messaging.dispatch.ProxyDispatchAdapter$DispatchingInvocationHandler.invoke(ProxyDispatchAdapter.java:93)
	at com.sun.proxy.$Proxy2.processTestClass(Unknown Source)
	at org.gradle.api.internal.tasks.testing.worker.TestWorker.processTestClass(TestWorker.java:106)
	at sun.reflect.GeneratedMethodAccessor125.invoke(Unknown Source)
	at sun.reflect.DelegatingMethodAccessorImpl.invoke(DelegatingMethodAccessorImpl.java:43)
	at java.lang.reflect.Method.invoke(Method.java:606)
	at org.gradle.messaging.dispatch.ReflectionDispatch.dispatch(ReflectionDispatch.java:35)
	at org.gradle.messaging.dispatch.ReflectionDispatch.dispatch(ReflectionDispatch.java:24)
	at org.gradle.messaging.remote.internal.hub.MessageHub$Handler.run(MessageHub.java:360)
	at org.gradle.internal.concurrent.DefaultExecutorFactory$StoppableExecutorImpl$1.run(DefaultExecutorFactory.java:64)
	at java.util.concurrent.ThreadPoolExecutor.runWorker(ThreadPoolExecutor.java:1145)
	at java.util.concurrent.ThreadPoolExecutor$Worker.run(ThreadPoolExecutor.java:615)
	at java.lang.Thread.run(Thread.java:745)
Login.serverAuthText size must be between 0 and 16
java.lang.SecurityException: Login.serverAuthText size must be between 0 and 16
	at com.athena.server.pluggable.utils.helper.EntityValidatorHelper.validateEntity(EntityValidatorHelper.java:37)
	at com.app.shared.appbasicsetup.usermanagement.Login.isValid(Login.java:249)
	at com.app.server.service.appbasicsetup.usermanagement.LoginTestCase.validateLogin(LoginTestCase.java:517)
	at com.app.server.service.appbasicsetup.usermanagement.LoginTestCase.test5NegativeTesting(LoginTestCase.java:569)
	at sun.reflect.NativeMethodAccessorImpl.invoke0(Native Method)
	at sun.reflect.NativeMethodAccessorImpl.invoke(NativeMethodAccessorImpl.java:57)
	at sun.reflect.DelegatingMethodAccessorImpl.invoke(DelegatingMethodAccessorImpl.java:43)
	at java.lang.reflect.Method.invoke(Method.java:606)
	at org.junit.runners.model.FrameworkMethod$1.runReflectiveCall(FrameworkMethod.java:47)
	at org.junit.internal.runners.model.ReflectiveCallable.run(ReflectiveCallable.java:12)
	at org.junit.runners.model.FrameworkMethod.invokeExplosively(FrameworkMethod.java:44)
	at org.junit.internal.runners.statements.InvokeMethod.evaluate(InvokeMethod.java:17)
	at org.junit.internal.runners.statements.RunBefores.evaluate(RunBefores.java:26)
	at org.springframework.test.context.junit4.statements.RunBeforeTestMethodCallbacks.evaluate(RunBeforeTestMethodCallbacks.java:74)
	at org.junit.internal.runners.statements.RunAfters.evaluate(RunAfters.java:27)
	at org.springframework.test.context.junit4.statements.RunAfterTestMethodCallbacks.evaluate(RunAfterTestMethodCallbacks.java:83)
	at org.springframework.test.context.junit4.statements.SpringRepeat.evaluate(SpringRepeat.java:72)
	at org.springframework.test.context.junit4.SpringJUnit4ClassRunner.runChild(SpringJUnit4ClassRunner.java:233)
	at org.springframework.test.context.junit4.SpringJUnit4ClassRunner.runChild(SpringJUnit4ClassRunner.java:87)
	at org.junit.runners.ParentRunner$3.run(ParentRunner.java:238)
	at org.junit.runners.ParentRunner$1.schedule(ParentRunner.java:63)
	at org.junit.runners.ParentRunner.runChildren(ParentRunner.java:236)
	at org.junit.runners.ParentRunner.access$000(ParentRunner.java:53)
	at org.junit.runners.ParentRunner$2.evaluate(ParentRunner.java:229)
	at org.junit.internal.runners.statements.RunBefores.evaluate(RunBefores.java:26)
	at org.springframework.test.context.junit4.statements.RunBeforeTestClassCallbacks.evaluate(RunBeforeTestClassCallbacks.java:61)
	at org.springframework.test.context.junit4.statements.RunAfterTestClassCallbacks.evaluate(RunAfterTestClassCallbacks.java:71)
	at org.junit.runners.ParentRunner.run(ParentRunner.java:309)
	at org.springframework.test.context.junit4.SpringJUnit4ClassRunner.run(SpringJUnit4ClassRunner.java:176)
	at org.gradle.api.internal.tasks.testing.junit.JUnitTestClassExecuter.runTestClass(JUnitTestClassExecuter.java:86)
	at org.gradle.api.internal.tasks.testing.junit.JUnitTestClassExecuter.execute(JUnitTestClassExecuter.java:49)
	at org.gradle.api.internal.tasks.testing.junit.JUnitTestClassProcessor.processTestClass(JUnitTestClassProcessor.java:64)
	at org.gradle.api.internal.tasks.testing.SuiteTestClassProcessor.processTestClass(SuiteTestClassProcessor.java:50)
	at sun.reflect.GeneratedMethodAccessor126.invoke(Unknown Source)
	at sun.reflect.DelegatingMethodAccessorImpl.invoke(DelegatingMethodAccessorImpl.java:43)
	at java.lang.reflect.Method.invoke(Method.java:606)
	at org.gradle.messaging.dispatch.ReflectionDispatch.dispatch(ReflectionDispatch.java:35)
	at org.gradle.messaging.dispatch.ReflectionDispatch.dispatch(ReflectionDispatch.java:24)
	at org.gradle.messaging.dispatch.ContextClassLoaderDispatch.dispatch(ContextClassLoaderDispatch.java:32)
	at org.gradle.messaging.dispatch.ProxyDispatchAdapter$DispatchingInvocationHandler.invoke(ProxyDispatchAdapter.java:93)
	at com.sun.proxy.$Proxy2.processTestClass(Unknown Source)
	at org.gradle.api.internal.tasks.testing.worker.TestWorker.processTestClass(TestWorker.java:106)
	at sun.reflect.GeneratedMethodAccessor125.invoke(Unknown Source)
	at sun.reflect.DelegatingMethodAccessorImpl.invoke(DelegatingMethodAccessorImpl.java:43)
	at java.lang.reflect.Method.invoke(Method.java:606)
	at org.gradle.messaging.dispatch.ReflectionDispatch.dispatch(ReflectionDispatch.java:35)
	at org.gradle.messaging.dispatch.ReflectionDispatch.dispatch(ReflectionDispatch.java:24)
	at org.gradle.messaging.remote.internal.hub.MessageHub$Handler.run(MessageHub.java:360)
	at org.gradle.internal.concurrent.DefaultExecutorFactory$StoppableExecutorImpl$1.run(DefaultExecutorFactory.java:64)
	at java.util.concurrent.ThreadPoolExecutor.runWorker(ThreadPoolExecutor.java:1145)
	at java.util.concurrent.ThreadPoolExecutor$Worker.run(ThreadPoolExecutor.java:615)
	at java.lang.Thread.run(Thread.java:745)
Login.failedLoginAttempts must be less than or equal to 11
java.lang.SecurityException: Login.failedLoginAttempts must be less than or equal to 11
	at com.athena.server.pluggable.utils.helper.EntityValidatorHelper.validateEntity(EntityValidatorHelper.java:37)
	at com.app.shared.appbasicsetup.usermanagement.Login.isValid(Login.java:249)
	at com.app.server.service.appbasicsetup.usermanagement.LoginTestCase.validateLogin(LoginTestCase.java:517)
	at com.app.server.service.appbasicsetup.usermanagement.LoginTestCase.test5NegativeTesting(LoginTestCase.java:574)
	at sun.reflect.NativeMethodAccessorImpl.invoke0(Native Method)
	at sun.reflect.NativeMethodAccessorImpl.invoke(NativeMethodAccessorImpl.java:57)
	at sun.reflect.DelegatingMethodAccessorImpl.invoke(DelegatingMethodAccessorImpl.java:43)
	at java.lang.reflect.Method.invoke(Method.java:606)
	at org.junit.runners.model.FrameworkMethod$1.runReflectiveCall(FrameworkMethod.java:47)
	at org.junit.internal.runners.model.ReflectiveCallable.run(ReflectiveCallable.java:12)
	at org.junit.runners.model.FrameworkMethod.invokeExplosively(FrameworkMethod.java:44)
	at org.junit.internal.runners.statements.InvokeMethod.evaluate(InvokeMethod.java:17)
	at org.junit.internal.runners.statements.RunBefores.evaluate(RunBefores.java:26)
	at org.springframework.test.context.junit4.statements.RunBeforeTestMethodCallbacks.evaluate(RunBeforeTestMethodCallbacks.java:74)
	at org.junit.internal.runners.statements.RunAfters.evaluate(RunAfters.java:27)
	at org.springframework.test.context.junit4.statements.RunAfterTestMethodCallbacks.evaluate(RunAfterTestMethodCallbacks.java:83)
	at org.springframework.test.context.junit4.statements.SpringRepeat.evaluate(SpringRepeat.java:72)
	at org.springframework.test.context.junit4.SpringJUnit4ClassRunner.runChild(SpringJUnit4ClassRunner.java:233)
	at org.springframework.test.context.junit4.SpringJUnit4ClassRunner.runChild(SpringJUnit4ClassRunner.java:87)
	at org.junit.runners.ParentRunner$3.run(ParentRunner.java:238)
	at org.junit.runners.ParentRunner$1.schedule(ParentRunner.java:63)
	at org.junit.runners.ParentRunner.runChildren(ParentRunner.java:236)
	at org.junit.runners.ParentRunner.access$000(ParentRunner.java:53)
	at org.junit.runners.ParentRunner$2.evaluate(ParentRunner.java:229)
	at org.junit.internal.runners.statements.RunBefores.evaluate(RunBefores.java:26)
	at org.springframework.test.context.junit4.statements.RunBeforeTestClassCallbacks.evaluate(RunBeforeTestClassCallbacks.java:61)
	at org.springframework.test.context.junit4.statements.RunAfterTestClassCallbacks.evaluate(RunAfterTestClassCallbacks.java:71)
	at org.junit.runners.ParentRunner.run(ParentRunner.java:309)
	at org.springframework.test.context.junit4.SpringJUnit4ClassRunner.run(SpringJUnit4ClassRunner.java:176)
	at org.gradle.api.internal.tasks.testing.junit.JUnitTestClassExecuter.runTestClass(JUnitTestClassExecuter.java:86)
	at org.gradle.api.internal.tasks.testing.junit.JUnitTestClassExecuter.execute(JUnitTestClassExecuter.java:49)
	at org.gradle.api.internal.tasks.testing.junit.JUnitTestClassProcessor.processTestClass(JUnitTestClassProcessor.java:64)
	at org.gradle.api.internal.tasks.testing.SuiteTestClassProcessor.processTestClass(SuiteTestClassProcessor.java:50)
	at sun.reflect.GeneratedMethodAccessor126.invoke(Unknown Source)
	at sun.reflect.DelegatingMethodAccessorImpl.invoke(DelegatingMethodAccessorImpl.java:43)
	at java.lang.reflect.Method.invoke(Method.java:606)
	at org.gradle.messaging.dispatch.ReflectionDispatch.dispatch(ReflectionDispatch.java:35)
	at org.gradle.messaging.dispatch.ReflectionDispatch.dispatch(ReflectionDispatch.java:24)
	at org.gradle.messaging.dispatch.ContextClassLoaderDispatch.dispatch(ContextClassLoaderDispatch.java:32)
	at org.gradle.messaging.dispatch.ProxyDispatchAdapter$DispatchingInvocationHandler.invoke(ProxyDispatchAdapter.java:93)
	at com.sun.proxy.$Proxy2.processTestClass(Unknown Source)
	at org.gradle.api.internal.tasks.testing.worker.TestWorker.processTestClass(TestWorker.java:106)
	at sun.reflect.GeneratedMethodAccessor125.invoke(Unknown Source)
	at sun.reflect.DelegatingMethodAccessorImpl.invoke(DelegatingMethodAccessorImpl.java:43)
	at java.lang.reflect.Method.invoke(Method.java:606)
	at org.gradle.messaging.dispatch.ReflectionDispatch.dispatch(ReflectionDispatch.java:35)
	at org.gradle.messaging.dispatch.ReflectionDispatch.dispatch(ReflectionDispatch.java:24)
	at org.gradle.messaging.remote.internal.hub.MessageHub$Handler.run(MessageHub.java:360)
	at org.gradle.internal.concurrent.DefaultExecutorFactory$StoppableExecutorImpl$1.run(DefaultExecutorFactory.java:64)
	at java.util.concurrent.ThreadPoolExecutor.runWorker(ThreadPoolExecutor.java:1145)
	at java.util.concurrent.ThreadPoolExecutor$Worker.run(ThreadPoolExecutor.java:615)
	at java.lang.Thread.run(Thread.java:745)
javax.persistence.PersistenceException: Exception [EclipseLink-6174] (Eclipse Persistence Services - 2.5.1.v20130918-f2b9fc5): org.eclipse.persistence.exceptions.QueryException
Exception Description: No value was provided for the session property [tenant.id]. This exception is possible when using additional criteria or tenant discriminator columns without specifying the associated contextual property. These properties must be set through Entity Manager, Entity Manager Factory or persistence unit properties. If using native EclipseLink, these properties should be set directly on the session.
Query: ReadAllQuery(name="Login.FindMappedUser" referenceClass=Login sql="SELECT t0.loginPk, t0.multiTenantId, t0.failedLoginAttempts, t0.loginId, t0.serverAuthImage, t0.serverAuthText, t0.versionId, t0.createdBy, t0.createdDate, t0.updatedBy, t0.updatedDate, t0.activeStatus, t0.txnAccessCode, t0.contactId, t0.userId FROM Login t0, UserDetail t1 WHERE ((((t0.activeStatus = ?) AND t1.userId IN (SELECT t2.userId FROM UserRoleBridge t2 WHERE (t2.multiTenantId = ?))) AND (t0.multiTenantId = ?)) AND ((t1.userId = t0.userId) AND (t1.multiTenantId = ?)))")
	at org.eclipse.persistence.internal.jpa.QueryImpl.getResultList(QueryImpl.java:480)
	at sun.reflect.NativeMethodAccessorImpl.invoke0(Native Method)
	at sun.reflect.NativeMethodAccessorImpl.invoke(NativeMethodAccessorImpl.java:57)
	at sun.reflect.DelegatingMethodAccessorImpl.invoke(DelegatingMethodAccessorImpl.java:43)
	at java.lang.reflect.Method.invoke(Method.java:606)
	at org.springframework.orm.jpa.SharedEntityManagerCreator$DeferredQueryInvocationHandler.invoke(SharedEntityManagerCreator.java:360)
	at com.sun.proxy.$Proxy150.getResultList(Unknown Source)
	at com.app.server.repository.appbasicsetup.usermanagement.LoginRepositoryImpl.FindMappedUser(LoginRepositoryImpl.java:253)
	at com.app.server.repository.appbasicsetup.usermanagement.LoginRepositoryImpl$$FastClassByCGLIB$$59a2d544.invoke(<generated>)
	at org.springframework.cglib.proxy.MethodProxy.invoke(MethodProxy.java:204)
	at org.springframework.aop.framework.CglibAopProxy$CglibMethodInvocation.invokeJoinpoint(CglibAopProxy.java:701)
	at org.springframework.aop.framework.ReflectiveMethodInvocation.proceed(ReflectiveMethodInvocation.java:150)
	at org.springframework.aop.aspectj.MethodInvocationProceedingJoinPoint.proceed(MethodInvocationProceedingJoinPoint.java:80)
	at com.app.server.repository.appbasicsetup.usermanagement.aspect.RepositoryusermanagementAspect.aroundAllOtherOpeartion(RepositoryusermanagementAspect.java:39)
	at sun.reflect.NativeMethodAccessorImpl.invoke0(Native Method)
	at sun.reflect.NativeMethodAccessorImpl.invoke(NativeMethodAccessorImpl.java:57)
	at sun.reflect.DelegatingMethodAccessorImpl.invoke(DelegatingMethodAccessorImpl.java:43)
	at java.lang.reflect.Method.invoke(Method.java:606)
	at org.springframework.aop.aspectj.AbstractAspectJAdvice.invokeAdviceMethodWithGivenArgs(AbstractAspectJAdvice.java:621)
	at org.springframework.aop.aspectj.AbstractAspectJAdvice.invokeAdviceMethod(AbstractAspectJAdvice.java:610)
	at org.springframework.aop.aspectj.AspectJAroundAdvice.invoke(AspectJAroundAdvice.java:65)
	at org.springframework.aop.framework.ReflectiveMethodInvocation.proceed(ReflectiveMethodInvocation.java:172)
	at org.springframework.aop.interceptor.ExposeInvocationInterceptor.invoke(ExposeInvocationInterceptor.java:91)
	at org.springframework.aop.framework.ReflectiveMethodInvocation.proceed(ReflectiveMethodInvocation.java:172)
	at org.springframework.aop.framework.CglibAopProxy$DynamicAdvisedInterceptor.intercept(CglibAopProxy.java:634)
	at com.app.server.repository.appbasicsetup.usermanagement.LoginRepositoryImpl$$EnhancerByCGLIB$$5bc733b1.FindMappedUser(<generated>)
	at com.app.server.repository.appbasicsetup.usermanagement.LoginRepositoryImpl$$FastClassByCGLIB$$59a2d544.invoke(<generated>)
	at org.springframework.cglib.proxy.MethodProxy.invoke(MethodProxy.java:204)
	at org.springframework.aop.framework.CglibAopProxy$CglibMethodInvocation.invokeJoinpoint(CglibAopProxy.java:701)
	at org.springframework.aop.framework.ReflectiveMethodInvocation.proceed(ReflectiveMethodInvocation.java:150)
	at org.springframework.aop.support.DelegatingIntroductionInterceptor.doProceed(DelegatingIntroductionInterceptor.java:132)
	at org.springframework.aop.support.DelegatingIntroductionInterceptor.invoke(DelegatingIntroductionInterceptor.java:120)
	at org.springframework.aop.framework.ReflectiveMethodInvocation.proceed(ReflectiveMethodInvocation.java:172)
	at org.springframework.aop.framework.CglibAopProxy$DynamicAdvisedInterceptor.intercept(CglibAopProxy.java:634)
	at com.app.server.repository.appbasicsetup.usermanagement.LoginRepositoryImpl$$EnhancerByCGLIB$$7fbdefb5.FindMappedUser(<generated>)
	at com.app.server.service.appbasicsetup.usermanagement.LoginTestCase.testNQFindMappedUser(LoginTestCase.java:488)
	at sun.reflect.NativeMethodAccessorImpl.invoke0(Native Method)
	at sun.reflect.NativeMethodAccessorImpl.invoke(NativeMethodAccessorImpl.java:57)
	at sun.reflect.DelegatingMethodAccessorImpl.invoke(DelegatingMethodAccessorImpl.java:43)
	at java.lang.reflect.Method.invoke(Method.java:606)
	at org.junit.runners.model.FrameworkMethod$1.runReflectiveCall(FrameworkMethod.java:47)
	at org.junit.internal.runners.model.ReflectiveCallable.run(ReflectiveCallable.java:12)
	at org.junit.runners.model.FrameworkMethod.invokeExplosively(FrameworkMethod.java:44)
	at org.junit.internal.runners.statements.InvokeMethod.evaluate(InvokeMethod.java:17)
	at org.junit.internal.runners.statements.RunBefores.evaluate(RunBefores.java:26)
	at org.springframework.test.context.junit4.statements.RunBeforeTestMethodCallbacks.evaluate(RunBeforeTestMethodCallbacks.java:74)
	at org.junit.internal.runners.statements.RunAfters.evaluate(RunAfters.java:27)
	at org.springframework.test.context.junit4.statements.RunAfterTestMethodCallbacks.evaluate(RunAfterTestMethodCallbacks.java:83)
	at org.springframework.test.context.junit4.statements.SpringRepeat.evaluate(SpringRepeat.java:72)
	at org.springframework.test.context.junit4.SpringJUnit4ClassRunner.runChild(SpringJUnit4ClassRunner.java:233)
	at org.springframework.test.context.junit4.SpringJUnit4ClassRunner.runChild(SpringJUnit4ClassRunner.java:87)
	at org.junit.runners.ParentRunner$3.run(ParentRunner.java:238)
	at org.junit.runners.ParentRunner$1.schedule(ParentRunner.java:63)
	at org.junit.runners.ParentRunner.runChildren(ParentRunner.java:236)
	at org.junit.runners.ParentRunner.access$000(ParentRunner.java:53)
	at org.junit.runners.ParentRunner$2.evaluate(ParentRunner.java:229)
	at org.junit.internal.runners.statements.RunBefores.evaluate(RunBefores.java:26)
	at org.springframework.test.context.junit4.statements.RunBeforeTestClassCallbacks.evaluate(RunBeforeTestClassCallbacks.java:61)
	at org.springframework.test.context.junit4.statements.RunAfterTestClassCallbacks.evaluate(RunAfterTestClassCallbacks.java:71)
	at org.junit.runners.ParentRunner.run(ParentRunner.java:309)
	at org.springframework.test.context.junit4.SpringJUnit4ClassRunner.run(SpringJUnit4ClassRunner.java:176)
	at org.gradle.api.internal.tasks.testing.junit.JUnitTestClassExecuter.runTestClass(JUnitTestClassExecuter.java:86)
	at org.gradle.api.internal.tasks.testing.junit.JUnitTestClassExecuter.execute(JUnitTestClassExecuter.java:49)
	at org.gradle.api.internal.tasks.testing.junit.JUnitTestClassProcessor.processTestClass(JUnitTestClassProcessor.java:64)
	at org.gradle.api.internal.tasks.testing.SuiteTestClassProcessor.processTestClass(SuiteTestClassProcessor.java:50)
	at sun.reflect.GeneratedMethodAccessor126.invoke(Unknown Source)
	at sun.reflect.DelegatingMethodAccessorImpl.invoke(DelegatingMethodAccessorImpl.java:43)
	at java.lang.reflect.Method.invoke(Method.java:606)
	at org.gradle.messaging.dispatch.ReflectionDispatch.dispatch(ReflectionDispatch.java:35)
	at org.gradle.messaging.dispatch.ReflectionDispatch.dispatch(ReflectionDispatch.java:24)
	at org.gradle.messaging.dispatch.ContextClassLoaderDispatch.dispatch(ContextClassLoaderDispatch.java:32)
	at org.gradle.messaging.dispatch.ProxyDispatchAdapter$DispatchingInvocationHandler.invoke(ProxyDispatchAdapter.java:93)
	at com.sun.proxy.$Proxy2.processTestClass(Unknown Source)
	at org.gradle.api.internal.tasks.testing.worker.TestWorker.processTestClass(TestWorker.java:106)
	at sun.reflect.GeneratedMethodAccessor125.invoke(Unknown Source)
	at sun.reflect.DelegatingMethodAccessorImpl.invoke(DelegatingMethodAccessorImpl.java:43)
	at java.lang.reflect.Method.invoke(Method.java:606)
	at org.gradle.messaging.dispatch.ReflectionDispatch.dispatch(ReflectionDispatch.java:35)
	at org.gradle.messaging.dispatch.ReflectionDispatch.dispatch(ReflectionDispatch.java:24)
	at org.gradle.messaging.remote.internal.hub.MessageHub$Handler.run(MessageHub.java:360)
	at org.gradle.internal.concurrent.DefaultExecutorFactory$StoppableExecutorImpl$1.run(DefaultExecutorFactory.java:64)
	at java.util.concurrent.ThreadPoolExecutor.runWorker(ThreadPoolExecutor.java:1145)
	at java.util.concurrent.ThreadPoolExecutor$Worker.run(ThreadPoolExecutor.java:615)
	at java.lang.Thread.run(Thread.java:745)
Caused by: Exception [EclipseLink-6174] (Eclipse Persistence Services - 2.5.1.v20130918-f2b9fc5): org.eclipse.persistence.exceptions.QueryException
Exception Description: No value was provided for the session property [tenant.id]. This exception is possible when using additional criteria or tenant discriminator columns without specifying the associated contextual property. These properties must be set through Entity Manager, Entity Manager Factory or persistence unit properties. If using native EclipseLink, these properties should be set directly on the session.
Query: ReadAllQuery(name="Login.FindMappedUser" referenceClass=Login sql="SELECT t0.loginPk, t0.multiTenantId, t0.failedLoginAttempts, t0.loginId, t0.serverAuthImage, t0.serverAuthText, t0.versionId, t0.createdBy, t0.createdDate, t0.updatedBy, t0.updatedDate, t0.activeStatus, t0.txnAccessCode, t0.contactId, t0.userId FROM Login t0, UserDetail t1 WHERE ((((t0.activeStatus = ?) AND t1.userId IN (SELECT t2.userId FROM UserRoleBridge t2 WHERE (t2.multiTenantId = ?))) AND (t0.multiTenantId = ?)) AND ((t1.userId = t0.userId) AND (t1.multiTenantId = ?)))")
	at org.eclipse.persistence.exceptions.QueryException.missingContextPropertyForPropertyParameterExpression(QueryException.java:265)
	at org.eclipse.persistence.internal.expressions.ParameterExpression.getValue(ParameterExpression.java:269)
	at org.eclipse.persistence.internal.databaseaccess.DatabaseCall.translate(DatabaseCall.java:1102)
	at org.eclipse.persistence.internal.queries.DatasourceCallQueryMechanism.executeCall(DatasourceCallQueryMechanism.java:241)
	at org.eclipse.persistence.internal.queries.DatasourceCallQueryMechanism.executeCall(DatasourceCallQueryMechanism.java:228)
	at org.eclipse.persistence.internal.queries.DatasourceCallQueryMechanism.executeSelectCall(DatasourceCallQueryMechanism.java:299)
	at org.eclipse.persistence.internal.queries.DatasourceCallQueryMechanism.selectAllRows(DatasourceCallQueryMechanism.java:694)
	at org.eclipse.persistence.internal.queries.ExpressionQueryMechanism.selectAllRowsFromTable(ExpressionQueryMechanism.java:2738)
	at org.eclipse.persistence.internal.queries.ExpressionQueryMechanism.selectAllRows(ExpressionQueryMechanism.java:2691)
	at org.eclipse.persistence.queries.ReadAllQuery.executeObjectLevelReadQuery(ReadAllQuery.java:495)
	at org.eclipse.persistence.queries.ObjectLevelReadQuery.executeDatabaseQuery(ObjectLevelReadQuery.java:1168)
	at org.eclipse.persistence.queries.DatabaseQuery.execute(DatabaseQuery.java:899)
	at org.eclipse.persistence.queries.ObjectLevelReadQuery.execute(ObjectLevelReadQuery.java:1127)
	at org.eclipse.persistence.queries.ReadAllQuery.execute(ReadAllQuery.java:403)
	at org.eclipse.persistence.queries.ObjectLevelReadQuery.executeInUnitOfWork(ObjectLevelReadQuery.java:1215)
	at org.eclipse.persistence.internal.sessions.UnitOfWorkImpl.internalExecuteQuery(UnitOfWorkImpl.java:2896)
	at org.eclipse.persistence.internal.sessions.AbstractSession.executeQuery(AbstractSession.java:1793)
	at org.eclipse.persistence.internal.sessions.AbstractSession.executeQuery(AbstractSession.java:1775)
	at org.eclipse.persistence.internal.sessions.AbstractSession.executeQuery(AbstractSession.java:1740)
	at org.eclipse.persistence.internal.jpa.QueryImpl.executeReadQuery(QueryImpl.java:258)
	at org.eclipse.persistence.internal.jpa.QueryImpl.getResultList(QueryImpl.java:469)
	... 83 more
javax.persistence.PersistenceException: Exception [EclipseLink-6174] (Eclipse Persistence Services - 2.5.1.v20130918-f2b9fc5): org.eclipse.persistence.exceptions.QueryException
Exception Description: No value was provided for the session property [tenant.id]. This exception is possible when using additional criteria or tenant discriminator columns without specifying the associated contextual property. These properties must be set through Entity Manager, Entity Manager Factory or persistence unit properties. If using native EclipseLink, these properties should be set directly on the session.
Query: ReadAllQuery(name="Login.FindUnMappedUser" referenceClass=Login sql="SELECT t0.loginPk, t0.multiTenantId, t0.failedLoginAttempts, t0.loginId, t0.serverAuthImage, t0.serverAuthText, t0.versionId, t0.createdBy, t0.createdDate, t0.updatedBy, t0.updatedDate, t0.activeStatus, t0.txnAccessCode, t0.contactId, t0.userId FROM Login t0, UserDetail t1 WHERE ((((t0.activeStatus = ?) AND t1.userId NOT IN (SELECT t2.userId FROM UserRoleBridge t2 WHERE (t2.multiTenantId = ?))) AND (t0.multiTenantId = ?)) AND ((t1.userId = t0.userId) AND (t1.multiTenantId = ?)))")
	at org.eclipse.persistence.internal.jpa.QueryImpl.getResultList(QueryImpl.java:480)
	at sun.reflect.NativeMethodAccessorImpl.invoke0(Native Method)
	at sun.reflect.NativeMethodAccessorImpl.invoke(NativeMethodAccessorImpl.java:57)
	at sun.reflect.DelegatingMethodAccessorImpl.invoke(DelegatingMethodAccessorImpl.java:43)
	at java.lang.reflect.Method.invoke(Method.java:606)
	at org.springframework.orm.jpa.SharedEntityManagerCreator$DeferredQueryInvocationHandler.invoke(SharedEntityManagerCreator.java:360)
	at com.sun.proxy.$Proxy150.getResultList(Unknown Source)
	at com.app.server.repository.appbasicsetup.usermanagement.LoginRepositoryImpl.FindUnMappedUser(LoginRepositoryImpl.java:245)
	at com.app.server.repository.appbasicsetup.usermanagement.LoginRepositoryImpl$$FastClassByCGLIB$$59a2d544.invoke(<generated>)
	at org.springframework.cglib.proxy.MethodProxy.invoke(MethodProxy.java:204)
	at org.springframework.aop.framework.CglibAopProxy$CglibMethodInvocation.invokeJoinpoint(CglibAopProxy.java:701)
	at org.springframework.aop.framework.ReflectiveMethodInvocation.proceed(ReflectiveMethodInvocation.java:150)
	at org.springframework.aop.aspectj.MethodInvocationProceedingJoinPoint.proceed(MethodInvocationProceedingJoinPoint.java:80)
	at com.app.server.repository.appbasicsetup.usermanagement.aspect.RepositoryusermanagementAspect.aroundAllOtherOpeartion(RepositoryusermanagementAspect.java:39)
	at sun.reflect.NativeMethodAccessorImpl.invoke0(Native Method)
	at sun.reflect.NativeMethodAccessorImpl.invoke(NativeMethodAccessorImpl.java:57)
	at sun.reflect.DelegatingMethodAccessorImpl.invoke(DelegatingMethodAccessorImpl.java:43)
	at java.lang.reflect.Method.invoke(Method.java:606)
	at org.springframework.aop.aspectj.AbstractAspectJAdvice.invokeAdviceMethodWithGivenArgs(AbstractAspectJAdvice.java:621)
	at org.springframework.aop.aspectj.AbstractAspectJAdvice.invokeAdviceMethod(AbstractAspectJAdvice.java:610)
	at org.springframework.aop.aspectj.AspectJAroundAdvice.invoke(AspectJAroundAdvice.java:65)
	at org.springframework.aop.framework.ReflectiveMethodInvocation.proceed(ReflectiveMethodInvocation.java:172)
	at org.springframework.aop.interceptor.ExposeInvocationInterceptor.invoke(ExposeInvocationInterceptor.java:91)
	at org.springframework.aop.framework.ReflectiveMethodInvocation.proceed(ReflectiveMethodInvocation.java:172)
	at org.springframework.aop.framework.CglibAopProxy$DynamicAdvisedInterceptor.intercept(CglibAopProxy.java:634)
	at com.app.server.repository.appbasicsetup.usermanagement.LoginRepositoryImpl$$EnhancerByCGLIB$$5bc733b1.FindUnMappedUser(<generated>)
	at com.app.server.repository.appbasicsetup.usermanagement.LoginRepositoryImpl$$FastClassByCGLIB$$59a2d544.invoke(<generated>)
	at org.springframework.cglib.proxy.MethodProxy.invoke(MethodProxy.java:204)
	at org.springframework.aop.framework.CglibAopProxy$CglibMethodInvocation.invokeJoinpoint(CglibAopProxy.java:701)
	at org.springframework.aop.framework.ReflectiveMethodInvocation.proceed(ReflectiveMethodInvocation.java:150)
	at org.springframework.aop.support.DelegatingIntroductionInterceptor.doProceed(DelegatingIntroductionInterceptor.java:132)
	at org.springframework.aop.support.DelegatingIntroductionInterceptor.invoke(DelegatingIntroductionInterceptor.java:120)
	at org.springframework.aop.framework.ReflectiveMethodInvocation.proceed(ReflectiveMethodInvocation.java:172)
	at org.springframework.aop.framework.CglibAopProxy$DynamicAdvisedInterceptor.intercept(CglibAopProxy.java:634)
	at com.app.server.repository.appbasicsetup.usermanagement.LoginRepositoryImpl$$EnhancerByCGLIB$$7fbdefb5.FindUnMappedUser(<generated>)
	at com.app.server.service.appbasicsetup.usermanagement.LoginTestCase.testNQFindUnMappedUser(LoginTestCase.java:479)
	at sun.reflect.NativeMethodAccessorImpl.invoke0(Native Method)
	at sun.reflect.NativeMethodAccessorImpl.invoke(NativeMethodAccessorImpl.java:57)
	at sun.reflect.DelegatingMethodAccessorImpl.invoke(DelegatingMethodAccessorImpl.java:43)
	at java.lang.reflect.Method.invoke(Method.java:606)
	at org.junit.runners.model.FrameworkMethod$1.runReflectiveCall(FrameworkMethod.java:47)
	at org.junit.internal.runners.model.ReflectiveCallable.run(ReflectiveCallable.java:12)
	at org.junit.runners.model.FrameworkMethod.invokeExplosively(FrameworkMethod.java:44)
	at org.junit.internal.runners.statements.InvokeMethod.evaluate(InvokeMethod.java:17)
	at org.junit.internal.runners.statements.RunBefores.evaluate(RunBefores.java:26)
	at org.springframework.test.context.junit4.statements.RunBeforeTestMethodCallbacks.evaluate(RunBeforeTestMethodCallbacks.java:74)
	at org.junit.internal.runners.statements.RunAfters.evaluate(RunAfters.java:27)
	at org.springframework.test.context.junit4.statements.RunAfterTestMethodCallbacks.evaluate(RunAfterTestMethodCallbacks.java:83)
	at org.springframework.test.context.junit4.statements.SpringRepeat.evaluate(SpringRepeat.java:72)
	at org.springframework.test.context.junit4.SpringJUnit4ClassRunner.runChild(SpringJUnit4ClassRunner.java:233)
	at org.springframework.test.context.junit4.SpringJUnit4ClassRunner.runChild(SpringJUnit4ClassRunner.java:87)
	at org.junit.runners.ParentRunner$3.run(ParentRunner.java:238)
	at org.junit.runners.ParentRunner$1.schedule(ParentRunner.java:63)
	at org.junit.runners.ParentRunner.runChildren(ParentRunner.java:236)
	at org.junit.runners.ParentRunner.access$000(ParentRunner.java:53)
	at org.junit.runners.ParentRunner$2.evaluate(ParentRunner.java:229)
	at org.junit.internal.runners.statements.RunBefores.evaluate(RunBefores.java:26)
	at org.springframework.test.context.junit4.statements.RunBeforeTestClassCallbacks.evaluate(RunBeforeTestClassCallbacks.java:61)
	at org.springframework.test.context.junit4.statements.RunAfterTestClassCallbacks.evaluate(RunAfterTestClassCallbacks.java:71)
	at org.junit.runners.ParentRunner.run(ParentRunner.java:309)
	at org.springframework.test.context.junit4.SpringJUnit4ClassRunner.run(SpringJUnit4ClassRunner.java:176)
	at org.gradle.api.internal.tasks.testing.junit.JUnitTestClassExecuter.runTestClass(JUnitTestClassExecuter.java:86)
	at org.gradle.api.internal.tasks.testing.junit.JUnitTestClassExecuter.execute(JUnitTestClassExecuter.java:49)
	at org.gradle.api.internal.tasks.testing.junit.JUnitTestClassProcessor.processTestClass(JUnitTestClassProcessor.java:64)
	at org.gradle.api.internal.tasks.testing.SuiteTestClassProcessor.processTestClass(SuiteTestClassProcessor.java:50)
	at sun.reflect.GeneratedMethodAccessor126.invoke(Unknown Source)
	at sun.reflect.DelegatingMethodAccessorImpl.invoke(DelegatingMethodAccessorImpl.java:43)
	at java.lang.reflect.Method.invoke(Method.java:606)
	at org.gradle.messaging.dispatch.ReflectionDispatch.dispatch(ReflectionDispatch.java:35)
	at org.gradle.messaging.dispatch.ReflectionDispatch.dispatch(ReflectionDispatch.java:24)
	at org.gradle.messaging.dispatch.ContextClassLoaderDispatch.dispatch(ContextClassLoaderDispatch.java:32)
	at org.gradle.messaging.dispatch.ProxyDispatchAdapter$DispatchingInvocationHandler.invoke(ProxyDispatchAdapter.java:93)
	at com.sun.proxy.$Proxy2.processTestClass(Unknown Source)
	at org.gradle.api.internal.tasks.testing.worker.TestWorker.processTestClass(TestWorker.java:106)
	at sun.reflect.GeneratedMethodAccessor125.invoke(Unknown Source)
	at sun.reflect.DelegatingMethodAccessorImpl.invoke(DelegatingMethodAccessorImpl.java:43)
	at java.lang.reflect.Method.invoke(Method.java:606)
	at org.gradle.messaging.dispatch.ReflectionDispatch.dispatch(ReflectionDispatch.java:35)
	at org.gradle.messaging.dispatch.ReflectionDispatch.dispatch(ReflectionDispatch.java:24)
	at org.gradle.messaging.remote.internal.hub.MessageHub$Handler.run(MessageHub.java:360)
	at org.gradle.internal.concurrent.DefaultExecutorFactory$StoppableExecutorImpl$1.run(DefaultExecutorFactory.java:64)
	at java.util.concurrent.ThreadPoolExecutor.runWorker(ThreadPoolExecutor.java:1145)
	at java.util.concurrent.ThreadPoolExecutor$Worker.run(ThreadPoolExecutor.java:615)
	at java.lang.Thread.run(Thread.java:745)
Caused by: Exception [EclipseLink-6174] (Eclipse Persistence Services - 2.5.1.v20130918-f2b9fc5): org.eclipse.persistence.exceptions.QueryException
Exception Description: No value was provided for the session property [tenant.id]. This exception is possible when using additional criteria or tenant discriminator columns without specifying the associated contextual property. These properties must be set through Entity Manager, Entity Manager Factory or persistence unit properties. If using native EclipseLink, these properties should be set directly on the session.
Query: ReadAllQuery(name="Login.FindUnMappedUser" referenceClass=Login sql="SELECT t0.loginPk, t0.multiTenantId, t0.failedLoginAttempts, t0.loginId, t0.serverAuthImage, t0.serverAuthText, t0.versionId, t0.createdBy, t0.createdDate, t0.updatedBy, t0.updatedDate, t0.activeStatus, t0.txnAccessCode, t0.contactId, t0.userId FROM Login t0, UserDetail t1 WHERE ((((t0.activeStatus = ?) AND t1.userId NOT IN (SELECT t2.userId FROM UserRoleBridge t2 WHERE (t2.multiTenantId = ?))) AND (t0.multiTenantId = ?)) AND ((t1.userId = t0.userId) AND (t1.multiTenantId = ?)))")
	at org.eclipse.persistence.exceptions.QueryException.missingContextPropertyForPropertyParameterExpression(QueryException.java:265)
	at org.eclipse.persistence.internal.expressions.ParameterExpression.getValue(ParameterExpression.java:269)
	at org.eclipse.persistence.internal.databaseaccess.DatabaseCall.translate(DatabaseCall.java:1102)
	at org.eclipse.persistence.internal.queries.DatasourceCallQueryMechanism.executeCall(DatasourceCallQueryMechanism.java:241)
	at org.eclipse.persistence.internal.queries.DatasourceCallQueryMechanism.executeCall(DatasourceCallQueryMechanism.java:228)
	at org.eclipse.persistence.internal.queries.DatasourceCallQueryMechanism.executeSelectCall(DatasourceCallQueryMechanism.java:299)
	at org.eclipse.persistence.internal.queries.DatasourceCallQueryMechanism.selectAllRows(DatasourceCallQueryMechanism.java:694)
	at org.eclipse.persistence.internal.queries.ExpressionQueryMechanism.selectAllRowsFromTable(ExpressionQueryMechanism.java:2738)
	at org.eclipse.persistence.internal.queries.ExpressionQueryMechanism.selectAllRows(ExpressionQueryMechanism.java:2691)
	at org.eclipse.persistence.queries.ReadAllQuery.executeObjectLevelReadQuery(ReadAllQuery.java:495)
	at org.eclipse.persistence.queries.ObjectLevelReadQuery.executeDatabaseQuery(ObjectLevelReadQuery.java:1168)
	at org.eclipse.persistence.queries.DatabaseQuery.execute(DatabaseQuery.java:899)
	at org.eclipse.persistence.queries.ObjectLevelReadQuery.execute(ObjectLevelReadQuery.java:1127)
	at org.eclipse.persistence.queries.ReadAllQuery.execute(ReadAllQuery.java:403)
	at org.eclipse.persistence.queries.ObjectLevelReadQuery.executeInUnitOfWork(ObjectLevelReadQuery.java:1215)
	at org.eclipse.persistence.internal.sessions.UnitOfWorkImpl.internalExecuteQuery(UnitOfWorkImpl.java:2896)
	at org.eclipse.persistence.internal.sessions.AbstractSession.executeQuery(AbstractSession.java:1793)
	at org.eclipse.persistence.internal.sessions.AbstractSession.executeQuery(AbstractSession.java:1775)
	at org.eclipse.persistence.internal.sessions.AbstractSession.executeQuery(AbstractSession.java:1740)
	at org.eclipse.persistence.internal.jpa.QueryImpl.executeReadQuery(QueryImpl.java:258)
	at org.eclipse.persistence.internal.jpa.QueryImpl.getResultList(QueryImpl.java:469)
	... 83 more
]]></system-err>
</testsuite>
