<?xml version="1.0" encoding="UTF-8"?>
<testsuite name="com.app.server.service.sampleboundedcontext.sampledomain.EmployeeTestCase" tests="5" skipped="0" failures="0" errors="0" timestamp="2016-09-21T09:18:06" hostname="c76164883ac0" time="0.558">
  <properties/>
  <testcase name="test1Save" classname="com.app.server.service.sampleboundedcontext.sampledomain.EmployeeTestCase" time="0.226"/>
  <testcase name="test2Update" classname="com.app.server.service.sampleboundedcontext.sampledomain.EmployeeTestCase" time="0.091"/>
  <testcase name="test3FindById" classname="com.app.server.service.sampleboundedcontext.sampledomain.EmployeeTestCase" time="0.041"/>
  <testcase name="test5NegativeTesting" classname="com.app.server.service.sampleboundedcontext.sampledomain.EmployeeTestCase" time="0.016"/>
  <testcase name="test6Delete" classname="com.app.server.service.sampleboundedcontext.sampledomain.EmployeeTestCase" time="0.183"/>
  <system-out><![CDATA[Wed Sep 21 09:18:06 UTC 2016|Log Manager Factory|Initialization Process started.....
Wed Sep 21 09:18:06 UTC 2016|Log Manager|Initialized with Path = [/home/applifire/workspace/testpro/src/main/webapp/WEB-INF/conf]
Wed Sep 21 09:18:06 UTC 2016|Alarm Manager|Initialized with Path = [/home/applifire/workspace/testpro/src/main/webapp/WEB-INF/conf]
Wed Sep 21 09:18:06 UTC 2016|Alarm Manager|Loading Alarms ......
Wed Sep 21 09:18:06 UTC 2016|Alarm XML Parser|FWA|XML Parsing Complete........ 
Wed Sep 21 09:18:06 UTC 2016|Alarm File Manager|FWA|Alarm File Status.. [ApplicationFrameworkAlarms.xml]|Version=15|Status=Done 
Wed Sep 21 09:18:06 UTC 2016|Alarm File Manager|FWA|Alarm Stats = ( BC/AL=5/786 SYS=5/11 [786/0]  TPL=0/0 [0/0]  APP= A.Map=[875]  E.Map EC/RC=[391/79] )
Wed Sep 21 09:18:06 UTC 2016|Alarm XML Parser|APP|XML Parsing Complete........ 
Wed Sep 21 09:18:06 UTC 2016|Alarm File Manager|APP|Alarm File Status.. [ApplicationAlarms.xml]|Version=1|Status=Done 
Wed Sep 21 09:18:06 UTC 2016|Alarm File Manager|APP|Alarm Stats = ( BC/AL=5/786 SYS=5/11 [786/0]  TPL=0/0 [0/0]  APP=0/0 [0/0]  A.Map=[875]  E.Map EC/RC=[391/79] )
Wed Sep 21 09:18:06 UTC 2016|ApplicationAlarmContext| <><><><><> Create App Alarms ....  <><><><><> 
Wed Sep 21 09:18:06 UTC 2016|ApplicationAlarmContext|Alarms are generated ONLY in Development Mode.. 
Wed Sep 21 09:18:06 UTC 2016|Alarm Manager|APP|Alarm Stats = ( BC/AL=5/786 SYS=5/11 [786/0]  TPL=0/0 [0/0]  APP=0/0 [0/0]  A.Map=[875]  E.Map EC/RC=[391/79] )
Wed Sep 21 09:18:06 UTC 2016|Alarm Manager|Initialized Exception Lookup...
Wed Sep 21 09:18:06 UTC 2016|Log Manager|Initialize Log Config File ......
Wed Sep 21 09:18:06 UTC 2016|Pluggable Connectors|Adding Connectors : StandardOutputConnector isEnabled=true isDefault=false isFallBack=true
Wed Sep 21 09:18:06 UTC 2016|Pluggable Connectors|Adding Connectors : StandardFileConnector isEnabled=true isDefault=false isFallBack=false
Wed Sep 21 09:18:06 UTC 2016|Pluggable Connectors|Adding Connectors : Sprinkler isEnabled=true isDefault=true isFallBack=false
Wed Sep 21 09:18:06 UTC 2016|Pluggable Connectors|Default Connector Name : com.spartan.logger.core.LogMessenger
Wed Sep 21 09:18:06 UTC 2016|Log Config Parser|Connector Least Log Level =[4]  FallBack Log Level =[3]
Wed Sep 21 09:18:06 UTC 2016|Log Manager|Loading Default Connector for Logging ......
Wed Sep 21 09:18:06 UTC 2016|Log Manager|Loading class .. com.spartan.logger.core.LogMessenger
Wed Sep 21 09:18:06 UTC 2016|Plugggable Connector|Connector class com.spartan.logger.core.LogMessenger Initialized... @ Log Level = 3
Wed Sep 21 09:18:06 UTC 2016|Log Manager|Starting the Default Connector [com.spartan.logger.core.LogMessenger@6160309e] ....
Wed Sep 21 09:18:06 UTC 2016|Scheduler|Starting the Scheduler ......
Wed Sep 21 09:18:06 UTC 2016|Scheduler|Adding [LMID=[950cd733-ec55-4a91-aacb-ab957b93fa8b]] Delay=5 Time Unit=MINUTES
Wed Sep 21 09:18:06 UTC 2016|Scheduler|Adding [App Alarm Manager File=[ApplicationAlarms.xml]] Delay=30 Time Unit=MINUTES
Wed Sep 21 09:18:06 UTC 2016|Scheduler|Adding [FW Alarm Manager File=[ApplicationFrameworkAlarms.xml]] Delay=3 Time Unit=MINUTES
Wed Sep 21 09:18:06 UTC 2016|Scheduler|Startup Completed..
Wed Sep 21 09:18:06 UTC 2016|Log Manager|Initialization Process Complete ......
Wed Sep 21 09:18:06 UTC 2016|Log Manager Factory|Log Manager READY! ID = 950cd733-ec55-4a91-aacb-ab957b93fa8b
[EL Finer]: connection: 2016-09-21 09:18:06.51--ServerSession(1151842404)--Thread(Thread[Test worker,5,main])--client acquired: 224220695
[EL Finer]: transaction: 2016-09-21 09:18:06.51--ClientSession(224220695)--Thread(Thread[Test worker,5,main])--acquire unit of work: 1790904027
[EL Finest]: connection: 2016-09-21 09:18:06.51--ServerSession(1151842404)--Connection(593185437)--Thread(Thread[Test worker,5,main])--Connection acquired from connection pool [default].
[EL Finer]: transaction: 2016-09-21 09:18:06.51--ClientSession(224220695)--Connection(593185437)--Thread(Thread[Test worker,5,main])--begin transaction
[EL Finest]: connection: 2016-09-21 09:18:06.51--ClientSession(224220695)--Thread(Thread[Test worker,5,main])--reconnecting to external connection pool
Wed Sep 21 09:18:06 UTC 2016|Unknown Alarm = YHHHH312100100 Alarm Split = YHH-HH-3-1-2-100-100
[EL Finest]: transaction: 2016-09-21 09:18:06.515--UnitOfWork(1790904027)--Thread(Thread[Test worker,5,main])--persist() operation called on: FgRIsxugIoBUXXr4BmxIiHt2ojPTU6HzMubnVOCkvlQ83kh2pf.
[EL Finest]: sequencing: 2016-09-21 09:18:06.515--UnitOfWork(1790904027)--Thread(Thread[Test worker,5,main])--assign sequence to the object (F8F20A55-C9F6-4605-B788-8DFA1ECA425B -> FgRIsxugIoBUXXr4BmxIiHt2ojPTU6HzMubnVOCkvlQ83kh2pf)
Wed Sep 21 09:18:06 UTC 2016|Unknown Alarm = YHHHH322100200 Alarm Split = YHH-HH-3-2-2-100-200
Wed Sep 21 09:18:06 UTC 2016|Unknown Alarm = YHHHH317100100 Alarm Split = YHH-HH-3-1-7-100-100
[EL Finer]: transaction: 2016-09-21 09:18:06.516--UnitOfWork(1790904027)--Thread(Thread[Test worker,5,main])--begin unit of work commit
[EL Finest]: query: 2016-09-21 09:18:06.516--UnitOfWork(1790904027)--Thread(Thread[Test worker,5,main])--Execute query InsertObjectQuery(FgRIsxugIoBUXXr4BmxIiHt2ojPTU6HzMubnVOCkvlQ83kh2pf)
[EL Fine]: sql: 2016-09-21 09:18:06.516--ClientSession(224220695)--Connection(748870806)--Thread(Thread[Test worker,5,main])--INSERT INTO Employee (empId, empName, empsal, versionId, createdBy, createdDate, updatedBy, updatedDate, activeStatus, txnAccessCode, multiTenantId) VALUES (?, ?, ?, ?, ?, ?, ?, ?, ?, ?, ?)
	bind => [F8F20A55-C9F6-4605-B788-8DFA1ECA425B, FgRIsxugIoBUXXr4BmxIiHt2ojPTU6HzMubnVOCkvlQ83kh2pf, 3400.0, 1, AAAAA, 2016-09-21 09:18:06.4, AAAAA, 2016-09-21 09:18:06.4, 1, 51000, appCreateValue]
[EL Finer]: transaction: 2016-09-21 09:18:06.519--ClientSession(224220695)--Connection(748870806)--Thread(Thread[Test worker,5,main])--commit transaction
[EL Finest]: connection: 2016-09-21 09:18:06.584--ServerSession(1151842404)--Connection(593185437)--Thread(Thread[Test worker,5,main])--Connection released to connection pool [default].
[EL Finer]: transaction: 2016-09-21 09:18:06.585--UnitOfWork(1790904027)--Thread(Thread[Test worker,5,main])--end unit of work commit
[EL Finer]: transaction: 2016-09-21 09:18:06.585--UnitOfWork(1790904027)--Thread(Thread[Test worker,5,main])--resume unit of work
[EL Finer]: transaction: 2016-09-21 09:18:06.585--UnitOfWork(1790904027)--Thread(Thread[Test worker,5,main])--release unit of work
[EL Finer]: connection: 2016-09-21 09:18:06.585--ClientSession(224220695)--Thread(Thread[Test worker,5,main])--client released
[EL Finer]: connection: 2016-09-21 09:18:06.614--ServerSession(1151842404)--Thread(Thread[Test worker,5,main])--client acquired: 1586215173
[EL Finer]: transaction: 2016-09-21 09:18:06.614--ClientSession(1586215173)--Thread(Thread[Test worker,5,main])--acquire unit of work: 656418753
[EL Finest]: connection: 2016-09-21 09:18:06.614--ServerSession(1151842404)--Connection(806487032)--Thread(Thread[Test worker,5,main])--Connection acquired from connection pool [default].
[EL Finer]: transaction: 2016-09-21 09:18:06.614--ClientSession(1586215173)--Connection(806487032)--Thread(Thread[Test worker,5,main])--begin transaction
[EL Finest]: connection: 2016-09-21 09:18:06.614--ClientSession(1586215173)--Thread(Thread[Test worker,5,main])--reconnecting to external connection pool
Wed Sep 21 09:18:06 UTC 2016|Unknown Alarm = YHHHH314100100 Alarm Split = YHH-HH-3-1-4-100-100
[EL Finer]: transaction: 2016-09-21 09:18:06.616--UnitOfWork(656418753)--Thread(Thread[Test worker,5,main])--begin unit of work flush
[EL Finer]: transaction: 2016-09-21 09:18:06.616--UnitOfWork(656418753)--Thread(Thread[Test worker,5,main])--end unit of work flush
[EL Finest]: query: 2016-09-21 09:18:06.616--UnitOfWork(656418753)--Thread(Thread[Test worker,5,main])--Execute query ReadAllQuery(name="Employee.findById" referenceClass=Employee sql="SELECT empId, multiTenantId, empName, empsal, versionId, createdBy, createdDate, updatedBy, updatedDate, activeStatus, txnAccessCode FROM Employee WHERE (((activeStatus = ?) AND (empId = ?)) AND (multiTenantId = ?))")
[EL Fine]: sql: 2016-09-21 09:18:06.616--ClientSession(1586215173)--Connection(1659363704)--Thread(Thread[Test worker,5,main])--SELECT empId, multiTenantId, empName, empsal, versionId, createdBy, createdDate, updatedBy, updatedDate, activeStatus, txnAccessCode FROM Employee WHERE (((activeStatus = ?) AND (empId = ?)) AND (multiTenantId = ?))
	bind => [1, F8F20A55-C9F6-4605-B788-8DFA1ECA425B, appCreateValue]
Wed Sep 21 09:18:06 UTC 2016|Unknown Alarm = YHHHH324100200 Alarm Split = YHH-HH-3-2-4-100-200
Wed Sep 21 09:18:06 UTC 2016|Unknown Alarm = YHHHH317100100 Alarm Split = YHH-HH-3-1-7-100-100
[EL Finer]: transaction: 2016-09-21 09:18:06.618--UnitOfWork(656418753)--Thread(Thread[Test worker,5,main])--begin unit of work commit
[EL Finer]: transaction: 2016-09-21 09:18:06.619--ClientSession(1586215173)--Connection(1659363704)--Thread(Thread[Test worker,5,main])--commit transaction
[EL Finest]: connection: 2016-09-21 09:18:06.619--ServerSession(1151842404)--Connection(806487032)--Thread(Thread[Test worker,5,main])--Connection released to connection pool [default].
[EL Finer]: transaction: 2016-09-21 09:18:06.619--UnitOfWork(656418753)--Thread(Thread[Test worker,5,main])--end unit of work commit
[EL Finer]: transaction: 2016-09-21 09:18:06.619--UnitOfWork(656418753)--Thread(Thread[Test worker,5,main])--resume unit of work
[EL Finer]: transaction: 2016-09-21 09:18:06.619--UnitOfWork(656418753)--Thread(Thread[Test worker,5,main])--release unit of work
[EL Finer]: connection: 2016-09-21 09:18:06.619--ClientSession(1586215173)--Thread(Thread[Test worker,5,main])--client released
[EL Finer]: connection: 2016-09-21 09:18:06.62--ServerSession(1151842404)--Thread(Thread[Test worker,5,main])--client acquired: 1956053281
[EL Finer]: transaction: 2016-09-21 09:18:06.62--ClientSession(1956053281)--Thread(Thread[Test worker,5,main])--acquire unit of work: 1707825491
[EL Finest]: connection: 2016-09-21 09:18:06.62--ServerSession(1151842404)--Connection(156601435)--Thread(Thread[Test worker,5,main])--Connection acquired from connection pool [default].
[EL Finer]: transaction: 2016-09-21 09:18:06.62--ClientSession(1956053281)--Connection(156601435)--Thread(Thread[Test worker,5,main])--begin transaction
[EL Finest]: connection: 2016-09-21 09:18:06.62--ClientSession(1956053281)--Thread(Thread[Test worker,5,main])--reconnecting to external connection pool
Wed Sep 21 09:18:06 UTC 2016|Unknown Alarm = YHHHH311100100 Alarm Split = YHH-HH-3-1-1-100-100
[EL Finest]: transaction: 2016-09-21 09:18:06.623--UnitOfWork(1707825491)--Thread(Thread[Test worker,5,main])--Merge clone with references uQdICf2r6xK9Tz74YqcHebMe29KGvkORBbdJApj7aYS0F4lQD1
[EL Finest]: query: 2016-09-21 09:18:06.623--UnitOfWork(1707825491)--Thread(Thread[Test worker,5,main])--Execute query ReadObjectQuery(referenceClass=Employee )
[EL Fine]: sql: 2016-09-21 09:18:06.623--ClientSession(1956053281)--Connection(490346972)--Thread(Thread[Test worker,5,main])--SELECT empId, multiTenantId, empName, empsal, versionId, createdBy, createdDate, updatedBy, updatedDate, activeStatus, txnAccessCode FROM Employee WHERE ((empId = ?) AND (multiTenantId = ?))
	bind => [F8F20A55-C9F6-4605-B788-8DFA1ECA425B, appCreateValue]
Wed Sep 21 09:18:06 UTC 2016|Unknown Alarm = YHHHH321100200 Alarm Split = YHH-HH-3-2-1-100-200
Wed Sep 21 09:18:06 UTC 2016|Unknown Alarm = YHHHH317100100 Alarm Split = YHH-HH-3-1-7-100-100
[EL Finer]: transaction: 2016-09-21 09:18:06.625--UnitOfWork(1707825491)--Thread(Thread[Test worker,5,main])--begin unit of work commit
[EL Finest]: query: 2016-09-21 09:18:06.625--UnitOfWork(1707825491)--Thread(Thread[Test worker,5,main])--Execute query UpdateObjectQuery(uQdICf2r6xK9Tz74YqcHebMe29KGvkORBbdJApj7aYS0F4lQD1)
[EL Fine]: sql: 2016-09-21 09:18:06.625--ClientSession(1956053281)--Connection(490346972)--Thread(Thread[Test worker,5,main])--UPDATE Employee SET empName = ?, empsal = ?, versionId = ? WHERE ((empId = ?) AND (versionId = ?))
	bind => [uQdICf2r6xK9Tz74YqcHebMe29KGvkORBbdJApj7aYS0F4lQD1, 6860.0, 2, F8F20A55-C9F6-4605-B788-8DFA1ECA425B, 1]
[EL Finer]: transaction: 2016-09-21 09:18:06.629--ClientSession(1956053281)--Connection(490346972)--Thread(Thread[Test worker,5,main])--commit transaction
[EL Finest]: connection: 2016-09-21 09:18:06.676--ServerSession(1151842404)--Connection(156601435)--Thread(Thread[Test worker,5,main])--Connection released to connection pool [default].
[EL Finer]: transaction: 2016-09-21 09:18:06.676--UnitOfWork(1707825491)--Thread(Thread[Test worker,5,main])--end unit of work commit
[EL Finer]: transaction: 2016-09-21 09:18:06.676--UnitOfWork(1707825491)--Thread(Thread[Test worker,5,main])--resume unit of work
[EL Finer]: transaction: 2016-09-21 09:18:06.676--UnitOfWork(1707825491)--Thread(Thread[Test worker,5,main])--release unit of work
[EL Finer]: connection: 2016-09-21 09:18:06.676--ClientSession(1956053281)--Thread(Thread[Test worker,5,main])--client released
[EL Finer]: connection: 2016-09-21 09:18:06.713--ServerSession(1151842404)--Thread(Thread[Test worker,5,main])--client acquired: 918811515
[EL Finer]: transaction: 2016-09-21 09:18:06.713--ClientSession(918811515)--Thread(Thread[Test worker,5,main])--acquire unit of work: 2057710675
[EL Finest]: connection: 2016-09-21 09:18:06.713--ServerSession(1151842404)--Connection(866663437)--Thread(Thread[Test worker,5,main])--Connection acquired from connection pool [default].
[EL Finer]: transaction: 2016-09-21 09:18:06.713--ClientSession(918811515)--Connection(866663437)--Thread(Thread[Test worker,5,main])--begin transaction
[EL Finest]: connection: 2016-09-21 09:18:06.713--ClientSession(918811515)--Thread(Thread[Test worker,5,main])--reconnecting to external connection pool
Wed Sep 21 09:18:06 UTC 2016|Unknown Alarm = YHHHH314100100 Alarm Split = YHH-HH-3-1-4-100-100
[EL Finer]: transaction: 2016-09-21 09:18:06.715--UnitOfWork(2057710675)--Thread(Thread[Test worker,5,main])--begin unit of work flush
[EL Finer]: transaction: 2016-09-21 09:18:06.715--UnitOfWork(2057710675)--Thread(Thread[Test worker,5,main])--end unit of work flush
[EL Finest]: query: 2016-09-21 09:18:06.715--UnitOfWork(2057710675)--Thread(Thread[Test worker,5,main])--Execute query ReadAllQuery(name="Employee.findById" referenceClass=Employee sql="SELECT empId, multiTenantId, empName, empsal, versionId, createdBy, createdDate, updatedBy, updatedDate, activeStatus, txnAccessCode FROM Employee WHERE (((activeStatus = ?) AND (empId = ?)) AND (multiTenantId = ?))")
[EL Fine]: sql: 2016-09-21 09:18:06.715--ClientSession(918811515)--Connection(1218770636)--Thread(Thread[Test worker,5,main])--SELECT empId, multiTenantId, empName, empsal, versionId, createdBy, createdDate, updatedBy, updatedDate, activeStatus, txnAccessCode FROM Employee WHERE (((activeStatus = ?) AND (empId = ?)) AND (multiTenantId = ?))
	bind => [1, F8F20A55-C9F6-4605-B788-8DFA1ECA425B, appCreateValue]
Wed Sep 21 09:18:06 UTC 2016|Unknown Alarm = YHHHH324100200 Alarm Split = YHH-HH-3-2-4-100-200
Wed Sep 21 09:18:06 UTC 2016|Unknown Alarm = YHHHH317100100 Alarm Split = YHH-HH-3-1-7-100-100
[EL Finer]: transaction: 2016-09-21 09:18:06.717--UnitOfWork(2057710675)--Thread(Thread[Test worker,5,main])--begin unit of work commit
[EL Finer]: transaction: 2016-09-21 09:18:06.717--ClientSession(918811515)--Connection(1218770636)--Thread(Thread[Test worker,5,main])--commit transaction
[EL Finest]: connection: 2016-09-21 09:18:06.718--ServerSession(1151842404)--Connection(866663437)--Thread(Thread[Test worker,5,main])--Connection released to connection pool [default].
[EL Finer]: transaction: 2016-09-21 09:18:06.718--UnitOfWork(2057710675)--Thread(Thread[Test worker,5,main])--end unit of work commit
[EL Finer]: transaction: 2016-09-21 09:18:06.718--UnitOfWork(2057710675)--Thread(Thread[Test worker,5,main])--resume unit of work
[EL Finer]: transaction: 2016-09-21 09:18:06.718--UnitOfWork(2057710675)--Thread(Thread[Test worker,5,main])--release unit of work
[EL Finer]: connection: 2016-09-21 09:18:06.718--ClientSession(918811515)--Thread(Thread[Test worker,5,main])--client released
[EL Finer]: connection: 2016-09-21 09:18:06.765--ServerSession(1151842404)--Thread(Thread[Test worker,5,main])--client acquired: 1340409218
[EL Finer]: transaction: 2016-09-21 09:18:06.765--ClientSession(1340409218)--Thread(Thread[Test worker,5,main])--acquire unit of work: 1154269896
[EL Finest]: connection: 2016-09-21 09:18:06.765--ServerSession(1151842404)--Connection(1594358721)--Thread(Thread[Test worker,5,main])--Connection acquired from connection pool [default].
[EL Finer]: transaction: 2016-09-21 09:18:06.765--ClientSession(1340409218)--Connection(1594358721)--Thread(Thread[Test worker,5,main])--begin transaction
[EL Finest]: connection: 2016-09-21 09:18:06.765--ClientSession(1340409218)--Thread(Thread[Test worker,5,main])--reconnecting to external connection pool
Wed Sep 21 09:18:06 UTC 2016|Unknown Alarm = YHHHH318100100 Alarm Split = YHH-HH-3-1-8-100-100
[EL Finest]: query: 2016-09-21 09:18:06.766--UnitOfWork(1154269896)--Thread(Thread[Test worker,5,main])--Execute query ReadObjectQuery(name="readEmployee" referenceClass=Employee sql="SELECT empId, multiTenantId, empName, empsal, versionId, createdBy, createdDate, updatedBy, updatedDate, activeStatus, txnAccessCode FROM Employee WHERE ((empId = ?) AND (multiTenantId = ?))")
[EL Fine]: sql: 2016-09-21 09:18:06.767--ClientSession(1340409218)--Connection(1432602436)--Thread(Thread[Test worker,5,main])--SELECT empId, multiTenantId, empName, empsal, versionId, createdBy, createdDate, updatedBy, updatedDate, activeStatus, txnAccessCode FROM Employee WHERE ((empId = ?) AND (multiTenantId = ?))
	bind => [F8F20A55-C9F6-4605-B788-8DFA1ECA425B, appCreateValue]
[EL Finest]: transaction: 2016-09-21 09:18:06.768--UnitOfWork(1154269896)--Thread(Thread[Test worker,5,main])--remove() operation called on: uQdICf2r6xK9Tz74YqcHebMe29KGvkORBbdJApj7aYS0F4lQD1
Wed Sep 21 09:18:06 UTC 2016|Unknown Alarm = YHHHH328100200 Alarm Split = YHH-HH-3-2-8-100-200
Wed Sep 21 09:18:06 UTC 2016|Unknown Alarm = YHHHH317100100 Alarm Split = YHH-HH-3-1-7-100-100
[EL Finer]: transaction: 2016-09-21 09:18:06.768--UnitOfWork(1154269896)--Thread(Thread[Test worker,5,main])--begin unit of work commit
[EL Finest]: query: 2016-09-21 09:18:06.768--UnitOfWork(1154269896)--Thread(Thread[Test worker,5,main])--Execute query DoesExistQuery(referenceClass=Employee )
[EL Finest]: query: 2016-09-21 09:18:06.769--UnitOfWork(1154269896)--Thread(Thread[Test worker,5,main])--Execute query DeleteObjectQuery(uQdICf2r6xK9Tz74YqcHebMe29KGvkORBbdJApj7aYS0F4lQD1)
[EL Fine]: sql: 2016-09-21 09:18:06.769--ClientSession(1340409218)--Connection(1432602436)--Thread(Thread[Test worker,5,main])--DELETE FROM Employee WHERE ((empId = ?) AND (versionId = ?))
	bind => [F8F20A55-C9F6-4605-B788-8DFA1ECA425B, 2]
[EL Finer]: transaction: 2016-09-21 09:18:06.77--ClientSession(1340409218)--Connection(1432602436)--Thread(Thread[Test worker,5,main])--commit transaction
[EL Finest]: connection: 2016-09-21 09:18:06.917--ServerSession(1151842404)--Connection(1594358721)--Thread(Thread[Test worker,5,main])--Connection released to connection pool [default].
[EL Finer]: transaction: 2016-09-21 09:18:06.917--UnitOfWork(1154269896)--Thread(Thread[Test worker,5,main])--end unit of work commit
[EL Finer]: transaction: 2016-09-21 09:18:06.917--UnitOfWork(1154269896)--Thread(Thread[Test worker,5,main])--resume unit of work
[EL Finer]: transaction: 2016-09-21 09:18:06.917--UnitOfWork(1154269896)--Thread(Thread[Test worker,5,main])--release unit of work
[EL Finer]: connection: 2016-09-21 09:18:06.917--ClientSession(1340409218)--Thread(Thread[Test worker,5,main])--client released
]]></system-out>
  <system-err><![CDATA[Employee.empName may not be null
java.lang.SecurityException: Employee.empName may not be null
	at com.athena.server.pluggable.utils.helper.EntityValidatorHelper.validateEntity(EntityValidatorHelper.java:37)
	at com.app.shared.sampleboundedcontext.sampledomain.Employee.isValid(Employee.java:178)
	at com.app.server.service.sampleboundedcontext.sampledomain.EmployeeTestCase.validateEmployee(EmployeeTestCase.java:209)
	at com.app.server.service.sampleboundedcontext.sampledomain.EmployeeTestCase.test5NegativeTesting(EmployeeTestCase.java:241)
	at sun.reflect.NativeMethodAccessorImpl.invoke0(Native Method)
	at sun.reflect.NativeMethodAccessorImpl.invoke(NativeMethodAccessorImpl.java:57)
	at sun.reflect.DelegatingMethodAccessorImpl.invoke(DelegatingMethodAccessorImpl.java:43)
	at java.lang.reflect.Method.invoke(Method.java:606)
	at org.junit.runners.model.FrameworkMethod$1.runReflectiveCall(FrameworkMethod.java:47)
	at org.junit.internal.runners.model.ReflectiveCallable.run(ReflectiveCallable.java:12)
	at org.junit.runners.model.FrameworkMethod.invokeExplosively(FrameworkMethod.java:44)
	at org.junit.internal.runners.statements.InvokeMethod.evaluate(InvokeMethod.java:17)
	at org.junit.internal.runners.statements.RunBefores.evaluate(RunBefores.java:26)
	at org.springframework.test.context.junit4.statements.RunBeforeTestMethodCallbacks.evaluate(RunBeforeTestMethodCallbacks.java:74)
	at org.junit.internal.runners.statements.RunAfters.evaluate(RunAfters.java:27)
	at org.springframework.test.context.junit4.statements.RunAfterTestMethodCallbacks.evaluate(RunAfterTestMethodCallbacks.java:83)
	at org.springframework.test.context.junit4.statements.SpringRepeat.evaluate(SpringRepeat.java:72)
	at org.springframework.test.context.junit4.SpringJUnit4ClassRunner.runChild(SpringJUnit4ClassRunner.java:233)
	at org.springframework.test.context.junit4.SpringJUnit4ClassRunner.runChild(SpringJUnit4ClassRunner.java:87)
	at org.junit.runners.ParentRunner$3.run(ParentRunner.java:238)
	at org.junit.runners.ParentRunner$1.schedule(ParentRunner.java:63)
	at org.junit.runners.ParentRunner.runChildren(ParentRunner.java:236)
	at org.junit.runners.ParentRunner.access$000(ParentRunner.java:53)
	at org.junit.runners.ParentRunner$2.evaluate(ParentRunner.java:229)
	at org.junit.internal.runners.statements.RunBefores.evaluate(RunBefores.java:26)
	at org.springframework.test.context.junit4.statements.RunBeforeTestClassCallbacks.evaluate(RunBeforeTestClassCallbacks.java:61)
	at org.springframework.test.context.junit4.statements.RunAfterTestClassCallbacks.evaluate(RunAfterTestClassCallbacks.java:71)
	at org.junit.runners.ParentRunner.run(ParentRunner.java:309)
	at org.springframework.test.context.junit4.SpringJUnit4ClassRunner.run(SpringJUnit4ClassRunner.java:176)
	at org.gradle.api.internal.tasks.testing.junit.JUnitTestClassExecuter.runTestClass(JUnitTestClassExecuter.java:86)
	at org.gradle.api.internal.tasks.testing.junit.JUnitTestClassExecuter.execute(JUnitTestClassExecuter.java:49)
	at org.gradle.api.internal.tasks.testing.junit.JUnitTestClassProcessor.processTestClass(JUnitTestClassProcessor.java:64)
	at org.gradle.api.internal.tasks.testing.SuiteTestClassProcessor.processTestClass(SuiteTestClassProcessor.java:50)
	at sun.reflect.GeneratedMethodAccessor126.invoke(Unknown Source)
	at sun.reflect.DelegatingMethodAccessorImpl.invoke(DelegatingMethodAccessorImpl.java:43)
	at java.lang.reflect.Method.invoke(Method.java:606)
	at org.gradle.messaging.dispatch.ReflectionDispatch.dispatch(ReflectionDispatch.java:35)
	at org.gradle.messaging.dispatch.ReflectionDispatch.dispatch(ReflectionDispatch.java:24)
	at org.gradle.messaging.dispatch.ContextClassLoaderDispatch.dispatch(ContextClassLoaderDispatch.java:32)
	at org.gradle.messaging.dispatch.ProxyDispatchAdapter$DispatchingInvocationHandler.invoke(ProxyDispatchAdapter.java:93)
	at com.sun.proxy.$Proxy2.processTestClass(Unknown Source)
	at org.gradle.api.internal.tasks.testing.worker.TestWorker.processTestClass(TestWorker.java:106)
	at sun.reflect.GeneratedMethodAccessor125.invoke(Unknown Source)
	at sun.reflect.DelegatingMethodAccessorImpl.invoke(DelegatingMethodAccessorImpl.java:43)
	at java.lang.reflect.Method.invoke(Method.java:606)
	at org.gradle.messaging.dispatch.ReflectionDispatch.dispatch(ReflectionDispatch.java:35)
	at org.gradle.messaging.dispatch.ReflectionDispatch.dispatch(ReflectionDispatch.java:24)
	at org.gradle.messaging.remote.internal.hub.MessageHub$Handler.run(MessageHub.java:360)
	at org.gradle.internal.concurrent.DefaultExecutorFactory$StoppableExecutorImpl$1.run(DefaultExecutorFactory.java:64)
	at java.util.concurrent.ThreadPoolExecutor.runWorker(ThreadPoolExecutor.java:1145)
	at java.util.concurrent.ThreadPoolExecutor$Worker.run(ThreadPoolExecutor.java:615)
	at java.lang.Thread.run(Thread.java:745)
Employee.empName size must be between 1 and 256
java.lang.SecurityException: Employee.empName size must be between 1 and 256
	at com.athena.server.pluggable.utils.helper.EntityValidatorHelper.validateEntity(EntityValidatorHelper.java:37)
	at com.app.shared.sampleboundedcontext.sampledomain.Employee.isValid(Employee.java:178)
	at com.app.server.service.sampleboundedcontext.sampledomain.EmployeeTestCase.validateEmployee(EmployeeTestCase.java:207)
	at com.app.server.service.sampleboundedcontext.sampledomain.EmployeeTestCase.test5NegativeTesting(EmployeeTestCase.java:246)
	at sun.reflect.NativeMethodAccessorImpl.invoke0(Native Method)
	at sun.reflect.NativeMethodAccessorImpl.invoke(NativeMethodAccessorImpl.java:57)
	at sun.reflect.DelegatingMethodAccessorImpl.invoke(DelegatingMethodAccessorImpl.java:43)
	at java.lang.reflect.Method.invoke(Method.java:606)
	at org.junit.runners.model.FrameworkMethod$1.runReflectiveCall(FrameworkMethod.java:47)
	at org.junit.internal.runners.model.ReflectiveCallable.run(ReflectiveCallable.java:12)
	at org.junit.runners.model.FrameworkMethod.invokeExplosively(FrameworkMethod.java:44)
	at org.junit.internal.runners.statements.InvokeMethod.evaluate(InvokeMethod.java:17)
	at org.junit.internal.runners.statements.RunBefores.evaluate(RunBefores.java:26)
	at org.springframework.test.context.junit4.statements.RunBeforeTestMethodCallbacks.evaluate(RunBeforeTestMethodCallbacks.java:74)
	at org.junit.internal.runners.statements.RunAfters.evaluate(RunAfters.java:27)
	at org.springframework.test.context.junit4.statements.RunAfterTestMethodCallbacks.evaluate(RunAfterTestMethodCallbacks.java:83)
	at org.springframework.test.context.junit4.statements.SpringRepeat.evaluate(SpringRepeat.java:72)
	at org.springframework.test.context.junit4.SpringJUnit4ClassRunner.runChild(SpringJUnit4ClassRunner.java:233)
	at org.springframework.test.context.junit4.SpringJUnit4ClassRunner.runChild(SpringJUnit4ClassRunner.java:87)
	at org.junit.runners.ParentRunner$3.run(ParentRunner.java:238)
	at org.junit.runners.ParentRunner$1.schedule(ParentRunner.java:63)
	at org.junit.runners.ParentRunner.runChildren(ParentRunner.java:236)
	at org.junit.runners.ParentRunner.access$000(ParentRunner.java:53)
	at org.junit.runners.ParentRunner$2.evaluate(ParentRunner.java:229)
	at org.junit.internal.runners.statements.RunBefores.evaluate(RunBefores.java:26)
	at org.springframework.test.context.junit4.statements.RunBeforeTestClassCallbacks.evaluate(RunBeforeTestClassCallbacks.java:61)
	at org.springframework.test.context.junit4.statements.RunAfterTestClassCallbacks.evaluate(RunAfterTestClassCallbacks.java:71)
	at org.junit.runners.ParentRunner.run(ParentRunner.java:309)
	at org.springframework.test.context.junit4.SpringJUnit4ClassRunner.run(SpringJUnit4ClassRunner.java:176)
	at org.gradle.api.internal.tasks.testing.junit.JUnitTestClassExecuter.runTestClass(JUnitTestClassExecuter.java:86)
	at org.gradle.api.internal.tasks.testing.junit.JUnitTestClassExecuter.execute(JUnitTestClassExecuter.java:49)
	at org.gradle.api.internal.tasks.testing.junit.JUnitTestClassProcessor.processTestClass(JUnitTestClassProcessor.java:64)
	at org.gradle.api.internal.tasks.testing.SuiteTestClassProcessor.processTestClass(SuiteTestClassProcessor.java:50)
	at sun.reflect.GeneratedMethodAccessor126.invoke(Unknown Source)
	at sun.reflect.DelegatingMethodAccessorImpl.invoke(DelegatingMethodAccessorImpl.java:43)
	at java.lang.reflect.Method.invoke(Method.java:606)
	at org.gradle.messaging.dispatch.ReflectionDispatch.dispatch(ReflectionDispatch.java:35)
	at org.gradle.messaging.dispatch.ReflectionDispatch.dispatch(ReflectionDispatch.java:24)
	at org.gradle.messaging.dispatch.ContextClassLoaderDispatch.dispatch(ContextClassLoaderDispatch.java:32)
	at org.gradle.messaging.dispatch.ProxyDispatchAdapter$DispatchingInvocationHandler.invoke(ProxyDispatchAdapter.java:93)
	at com.sun.proxy.$Proxy2.processTestClass(Unknown Source)
	at org.gradle.api.internal.tasks.testing.worker.TestWorker.processTestClass(TestWorker.java:106)
	at sun.reflect.GeneratedMethodAccessor125.invoke(Unknown Source)
	at sun.reflect.DelegatingMethodAccessorImpl.invoke(DelegatingMethodAccessorImpl.java:43)
	at java.lang.reflect.Method.invoke(Method.java:606)
	at org.gradle.messaging.dispatch.ReflectionDispatch.dispatch(ReflectionDispatch.java:35)
	at org.gradle.messaging.dispatch.ReflectionDispatch.dispatch(ReflectionDispatch.java:24)
	at org.gradle.messaging.remote.internal.hub.MessageHub$Handler.run(MessageHub.java:360)
	at org.gradle.internal.concurrent.DefaultExecutorFactory$StoppableExecutorImpl$1.run(DefaultExecutorFactory.java:64)
	at java.util.concurrent.ThreadPoolExecutor.runWorker(ThreadPoolExecutor.java:1145)
	at java.util.concurrent.ThreadPoolExecutor$Worker.run(ThreadPoolExecutor.java:615)
	at java.lang.Thread.run(Thread.java:745)
Employee.empsal must be less than or equal to 9223372000000000000
java.lang.SecurityException: Employee.empsal must be less than or equal to 9223372000000000000
	at com.athena.server.pluggable.utils.helper.EntityValidatorHelper.validateEntity(EntityValidatorHelper.java:37)
	at com.app.shared.sampleboundedcontext.sampledomain.Employee.isValid(Employee.java:178)
	at com.app.server.service.sampleboundedcontext.sampledomain.EmployeeTestCase.validateEmployee(EmployeeTestCase.java:207)
	at com.app.server.service.sampleboundedcontext.sampledomain.EmployeeTestCase.test5NegativeTesting(EmployeeTestCase.java:251)
	at sun.reflect.NativeMethodAccessorImpl.invoke0(Native Method)
	at sun.reflect.NativeMethodAccessorImpl.invoke(NativeMethodAccessorImpl.java:57)
	at sun.reflect.DelegatingMethodAccessorImpl.invoke(DelegatingMethodAccessorImpl.java:43)
	at java.lang.reflect.Method.invoke(Method.java:606)
	at org.junit.runners.model.FrameworkMethod$1.runReflectiveCall(FrameworkMethod.java:47)
	at org.junit.internal.runners.model.ReflectiveCallable.run(ReflectiveCallable.java:12)
	at org.junit.runners.model.FrameworkMethod.invokeExplosively(FrameworkMethod.java:44)
	at org.junit.internal.runners.statements.InvokeMethod.evaluate(InvokeMethod.java:17)
	at org.junit.internal.runners.statements.RunBefores.evaluate(RunBefores.java:26)
	at org.springframework.test.context.junit4.statements.RunBeforeTestMethodCallbacks.evaluate(RunBeforeTestMethodCallbacks.java:74)
	at org.junit.internal.runners.statements.RunAfters.evaluate(RunAfters.java:27)
	at org.springframework.test.context.junit4.statements.RunAfterTestMethodCallbacks.evaluate(RunAfterTestMethodCallbacks.java:83)
	at org.springframework.test.context.junit4.statements.SpringRepeat.evaluate(SpringRepeat.java:72)
	at org.springframework.test.context.junit4.SpringJUnit4ClassRunner.runChild(SpringJUnit4ClassRunner.java:233)
	at org.springframework.test.context.junit4.SpringJUnit4ClassRunner.runChild(SpringJUnit4ClassRunner.java:87)
	at org.junit.runners.ParentRunner$3.run(ParentRunner.java:238)
	at org.junit.runners.ParentRunner$1.schedule(ParentRunner.java:63)
	at org.junit.runners.ParentRunner.runChildren(ParentRunner.java:236)
	at org.junit.runners.ParentRunner.access$000(ParentRunner.java:53)
	at org.junit.runners.ParentRunner$2.evaluate(ParentRunner.java:229)
	at org.junit.internal.runners.statements.RunBefores.evaluate(RunBefores.java:26)
	at org.springframework.test.context.junit4.statements.RunBeforeTestClassCallbacks.evaluate(RunBeforeTestClassCallbacks.java:61)
	at org.springframework.test.context.junit4.statements.RunAfterTestClassCallbacks.evaluate(RunAfterTestClassCallbacks.java:71)
	at org.junit.runners.ParentRunner.run(ParentRunner.java:309)
	at org.springframework.test.context.junit4.SpringJUnit4ClassRunner.run(SpringJUnit4ClassRunner.java:176)
	at org.gradle.api.internal.tasks.testing.junit.JUnitTestClassExecuter.runTestClass(JUnitTestClassExecuter.java:86)
	at org.gradle.api.internal.tasks.testing.junit.JUnitTestClassExecuter.execute(JUnitTestClassExecuter.java:49)
	at org.gradle.api.internal.tasks.testing.junit.JUnitTestClassProcessor.processTestClass(JUnitTestClassProcessor.java:64)
	at org.gradle.api.internal.tasks.testing.SuiteTestClassProcessor.processTestClass(SuiteTestClassProcessor.java:50)
	at sun.reflect.GeneratedMethodAccessor126.invoke(Unknown Source)
	at sun.reflect.DelegatingMethodAccessorImpl.invoke(DelegatingMethodAccessorImpl.java:43)
	at java.lang.reflect.Method.invoke(Method.java:606)
	at org.gradle.messaging.dispatch.ReflectionDispatch.dispatch(ReflectionDispatch.java:35)
	at org.gradle.messaging.dispatch.ReflectionDispatch.dispatch(ReflectionDispatch.java:24)
	at org.gradle.messaging.dispatch.ContextClassLoaderDispatch.dispatch(ContextClassLoaderDispatch.java:32)
	at org.gradle.messaging.dispatch.ProxyDispatchAdapter$DispatchingInvocationHandler.invoke(ProxyDispatchAdapter.java:93)
	at com.sun.proxy.$Proxy2.processTestClass(Unknown Source)
	at org.gradle.api.internal.tasks.testing.worker.TestWorker.processTestClass(TestWorker.java:106)
	at sun.reflect.GeneratedMethodAccessor125.invoke(Unknown Source)
	at sun.reflect.DelegatingMethodAccessorImpl.invoke(DelegatingMethodAccessorImpl.java:43)
	at java.lang.reflect.Method.invoke(Method.java:606)
	at org.gradle.messaging.dispatch.ReflectionDispatch.dispatch(ReflectionDispatch.java:35)
	at org.gradle.messaging.dispatch.ReflectionDispatch.dispatch(ReflectionDispatch.java:24)
	at org.gradle.messaging.remote.internal.hub.MessageHub$Handler.run(MessageHub.java:360)
	at org.gradle.internal.concurrent.DefaultExecutorFactory$StoppableExecutorImpl$1.run(DefaultExecutorFactory.java:64)
	at java.util.concurrent.ThreadPoolExecutor.runWorker(ThreadPoolExecutor.java:1145)
	at java.util.concurrent.ThreadPoolExecutor$Worker.run(ThreadPoolExecutor.java:615)
	at java.lang.Thread.run(Thread.java:745)
]]></system-err>
</testsuite>
