<?xml version="1.0" encoding="UTF-8"?>
<testsuite name="com.app.server.service.organizationextendedbc.locationextended.CurrencyTestCase" tests="6" skipped="0" failures="0" errors="0" timestamp="2016-09-21T09:17:41" hostname="c76164883ac0" time="1.096">
  <properties/>
  <testcase name="test1Save" classname="com.app.server.service.organizationextendedbc.locationextended.CurrencyTestCase" time="0.421"/>
  <testcase name="test2Update" classname="com.app.server.service.organizationextendedbc.locationextended.CurrencyTestCase" time="0.174"/>
  <testcase name="test3FindById" classname="com.app.server.service.organizationextendedbc.locationextended.CurrencyTestCase" time="0.06"/>
  <testcase name="test3findBycountryId" classname="com.app.server.service.organizationextendedbc.locationextended.CurrencyTestCase" time="0.065"/>
  <testcase name="test5NegativeTesting" classname="com.app.server.service.organizationextendedbc.locationextended.CurrencyTestCase" time="0.069"/>
  <testcase name="test6Delete" classname="com.app.server.service.organizationextendedbc.locationextended.CurrencyTestCase" time="0.303"/>
  <system-out><![CDATA[Wed Sep 21 09:17:41 UTC 2016|Log Manager Factory|Initialization Process started.....
Wed Sep 21 09:17:41 UTC 2016|Log Manager|Initialized with Path = [/home/applifire/workspace/testpro/src/main/webapp/WEB-INF/conf]
Wed Sep 21 09:17:41 UTC 2016|Alarm Manager|Initialized with Path = [/home/applifire/workspace/testpro/src/main/webapp/WEB-INF/conf]
Wed Sep 21 09:17:41 UTC 2016|Alarm Manager|Loading Alarms ......
Wed Sep 21 09:17:41 UTC 2016|Alarm XML Parser|FWA|XML Parsing Complete........ 
Wed Sep 21 09:17:41 UTC 2016|Alarm File Manager|FWA|Alarm File Status.. [ApplicationFrameworkAlarms.xml]|Version=15|Status=Done 
Wed Sep 21 09:17:41 UTC 2016|Alarm File Manager|FWA|Alarm Stats = ( BC/AL=5/786 SYS=5/11 [786/0]  TPL=0/0 [0/0]  APP= A.Map=[875]  E.Map EC/RC=[391/79] )
Wed Sep 21 09:17:41 UTC 2016|Alarm XML Parser|APP|XML Parsing Complete........ 
Wed Sep 21 09:17:41 UTC 2016|Alarm File Manager|APP|Alarm File Status.. [ApplicationAlarms.xml]|Version=1|Status=Done 
Wed Sep 21 09:17:41 UTC 2016|Alarm File Manager|APP|Alarm Stats = ( BC/AL=5/786 SYS=5/11 [786/0]  TPL=0/0 [0/0]  APP=0/0 [0/0]  A.Map=[875]  E.Map EC/RC=[391/79] )
Wed Sep 21 09:17:41 UTC 2016|ApplicationAlarmContext| <><><><><> Create App Alarms ....  <><><><><> 
Wed Sep 21 09:17:41 UTC 2016|ApplicationAlarmContext|Alarms are generated ONLY in Development Mode.. 
Wed Sep 21 09:17:41 UTC 2016|Alarm Manager|APP|Alarm Stats = ( BC/AL=5/786 SYS=5/11 [786/0]  TPL=0/0 [0/0]  APP=0/0 [0/0]  A.Map=[875]  E.Map EC/RC=[391/79] )
Wed Sep 21 09:17:41 UTC 2016|Alarm Manager|Initialized Exception Lookup...
Wed Sep 21 09:17:41 UTC 2016|Log Manager|Initialize Log Config File ......
Wed Sep 21 09:17:41 UTC 2016|Pluggable Connectors|Adding Connectors : StandardOutputConnector isEnabled=true isDefault=false isFallBack=true
Wed Sep 21 09:17:41 UTC 2016|Pluggable Connectors|Adding Connectors : StandardFileConnector isEnabled=true isDefault=false isFallBack=false
Wed Sep 21 09:17:41 UTC 2016|Pluggable Connectors|Adding Connectors : Sprinkler isEnabled=true isDefault=true isFallBack=false
Wed Sep 21 09:17:41 UTC 2016|Pluggable Connectors|Default Connector Name : com.spartan.logger.core.LogMessenger
Wed Sep 21 09:17:41 UTC 2016|Log Config Parser|Connector Least Log Level =[4]  FallBack Log Level =[3]
Wed Sep 21 09:17:41 UTC 2016|Log Manager|Loading Default Connector for Logging ......
Wed Sep 21 09:17:41 UTC 2016|Log Manager|Loading class .. com.spartan.logger.core.LogMessenger
Wed Sep 21 09:17:41 UTC 2016|Plugggable Connector|Connector class com.spartan.logger.core.LogMessenger Initialized... @ Log Level = 3
Wed Sep 21 09:17:41 UTC 2016|Log Manager|Starting the Default Connector [com.spartan.logger.core.LogMessenger@553170e2] ....
Wed Sep 21 09:17:41 UTC 2016|Scheduler|Starting the Scheduler ......
Wed Sep 21 09:17:41 UTC 2016|Scheduler|Adding [LMID=[950cd733-ec55-4a91-aacb-ab957b93fa8b]] Delay=5 Time Unit=MINUTES
Wed Sep 21 09:17:41 UTC 2016|Scheduler|Adding [App Alarm Manager File=[ApplicationAlarms.xml]] Delay=30 Time Unit=MINUTES
Wed Sep 21 09:17:41 UTC 2016|Scheduler|Adding [FW Alarm Manager File=[ApplicationFrameworkAlarms.xml]] Delay=3 Time Unit=MINUTES
Wed Sep 21 09:17:41 UTC 2016|Scheduler|Startup Completed..
Wed Sep 21 09:17:41 UTC 2016|Log Manager|Initialization Process Complete ......
Wed Sep 21 09:17:41 UTC 2016|Log Manager Factory|Log Manager READY! ID = 950cd733-ec55-4a91-aacb-ab957b93fa8b
[EL Finer]: connection: 2016-09-21 09:17:41.64--ServerSession(1151842404)--Thread(Thread[Test worker,5,main])--client acquired: 600602060
[EL Finer]: transaction: 2016-09-21 09:17:41.641--ClientSession(600602060)--Thread(Thread[Test worker,5,main])--acquire unit of work: 1145681520
[EL Finest]: connection: 2016-09-21 09:17:41.641--ServerSession(1151842404)--Connection(1130927638)--Thread(Thread[Test worker,5,main])--Connection acquired from connection pool [default].
[EL Finer]: transaction: 2016-09-21 09:17:41.641--ClientSession(600602060)--Connection(1130927638)--Thread(Thread[Test worker,5,main])--begin transaction
[EL Finest]: connection: 2016-09-21 09:17:41.641--ClientSession(600602060)--Thread(Thread[Test worker,5,main])--reconnecting to external connection pool
Wed Sep 21 09:17:41 UTC 2016|Unknown Alarm = ORGLM312100100 Alarm Split = ORG-LM-3-1-2-100-100
[EL Finest]: transaction: 2016-09-21 09:17:41.65--UnitOfWork(1145681520)--Thread(Thread[Test worker,5,main])--persist() operation called on: AEpGiqY6Cljr4uUana319epVRnpioylATyyhNf8m7tNM7jwGLs.
[EL Finest]: sequencing: 2016-09-21 09:17:41.65--UnitOfWork(1145681520)--Thread(Thread[Test worker,5,main])--assign sequence to the object (71D0FC1A-374E-4F5B-9E50-AEF9D42204DD -> AEpGiqY6Cljr4uUana319epVRnpioylATyyhNf8m7tNM7jwGLs)
[EL Finer]: transaction: 2016-09-21 09:17:41.652--UnitOfWork(1145681520)--Thread(Thread[Test worker,5,main])--begin unit of work commit
[EL Finest]: query: 2016-09-21 09:17:41.652--UnitOfWork(1145681520)--Thread(Thread[Test worker,5,main])--Execute query InsertObjectQuery(AEpGiqY6Cljr4uUana319epVRnpioylATyyhNf8m7tNM7jwGLs)
[EL Fine]: sql: 2016-09-21 09:17:41.653--ClientSession(600602060)--Connection(1708326205)--Thread(Thread[Test worker,5,main])--INSERT INTO Country (countryId, capital, capitalLatitude, capitalLongitude, countryCode1, countryCode2, countryFlag, countryName, currencyCode, currencyName, currencySymbol, isoNumeric, versionId, createdBy, createdDate, updatedBy, updatedDate, activeStatus, txnAccessCode) VALUES (?, ?, ?, ?, ?, ?, ?, ?, ?, ?, ?, ?, ?, ?, ?, ?, ?, ?, ?)
	bind => [71D0FC1A-374E-4F5B-9E50-AEF9D42204DD, u3qAGr4moML20RcoX9ND1MrCsgPQjGSF, 3, 2, OCX, DNx, k0LDhbMg1JrCmwA5HO9scvvqC6gPc5TEfd6fimILj2ovDCrNzg, AEpGiqY6Cljr4uUana319epVRnpioylATyyhNf8m7tNM7jwGLs, 76b, B7V144JBtyzBVAaVNobQLSATfufaOnViF2KwwtPW9DXBWjJ5QR, O6peNLobZcYbW9iCJrJ24RwvQ9Bg4gYn, 430, 1, AAAAA, 2016-09-21 09:17:41.61, AAAAA, 2016-09-21 09:17:41.61, 1, 51000]
[EL Finer]: transaction: 2016-09-21 09:17:41.655--ClientSession(600602060)--Connection(1708326205)--Thread(Thread[Test worker,5,main])--commit transaction
[EL Finest]: connection: 2016-09-21 09:17:41.742--ServerSession(1151842404)--Connection(1130927638)--Thread(Thread[Test worker,5,main])--Connection released to connection pool [default].
[EL Finer]: transaction: 2016-09-21 09:17:41.742--UnitOfWork(1145681520)--Thread(Thread[Test worker,5,main])--end unit of work commit
[EL Finer]: transaction: 2016-09-21 09:17:41.742--UnitOfWork(1145681520)--Thread(Thread[Test worker,5,main])--resume unit of work
[EL Finer]: transaction: 2016-09-21 09:17:41.742--UnitOfWork(1145681520)--Thread(Thread[Test worker,5,main])--release unit of work
[EL Finer]: connection: 2016-09-21 09:17:41.743--ClientSession(600602060)--Thread(Thread[Test worker,5,main])--client released
[EL Finer]: connection: 2016-09-21 09:17:41.891--ServerSession(1151842404)--Thread(Thread[Test worker,5,main])--client acquired: 1438465313
[EL Finer]: transaction: 2016-09-21 09:17:41.891--ClientSession(1438465313)--Thread(Thread[Test worker,5,main])--acquire unit of work: 2063101312
[EL Finest]: connection: 2016-09-21 09:17:41.891--ServerSession(1151842404)--Connection(1272786322)--Thread(Thread[Test worker,5,main])--Connection acquired from connection pool [default].
[EL Finer]: transaction: 2016-09-21 09:17:41.891--ClientSession(1438465313)--Connection(1272786322)--Thread(Thread[Test worker,5,main])--begin transaction
[EL Finest]: connection: 2016-09-21 09:17:41.891--ClientSession(1438465313)--Thread(Thread[Test worker,5,main])--reconnecting to external connection pool
Wed Sep 21 09:17:41 UTC 2016|Unknown Alarm = OEBLE312100100 Alarm Split = OEB-LE-3-1-2-100-100
[EL Finest]: transaction: 2016-09-21 09:17:41.905--UnitOfWork(2063101312)--Thread(Thread[Test worker,5,main])--persist() operation called on: fQ8t8DIfomSdtP0Yxv3sr3tOaWPRXyV4uGMkTwbeoIrYstYzru.
[EL Finest]: sequencing: 2016-09-21 09:17:41.905--UnitOfWork(2063101312)--Thread(Thread[Test worker,5,main])--assign sequence to the object (190A76AC-5B7B-48CC-803B-DCC1E2ABF4BD -> fQ8t8DIfomSdtP0Yxv3sr3tOaWPRXyV4uGMkTwbeoIrYstYzru)
Wed Sep 21 09:17:41 UTC 2016|Unknown Alarm = OEBLE322100200 Alarm Split = OEB-LE-3-2-2-100-200
Wed Sep 21 09:17:41 UTC 2016|Unknown Alarm = OEBLE317100100 Alarm Split = OEB-LE-3-1-7-100-100
[EL Finer]: transaction: 2016-09-21 09:17:41.906--UnitOfWork(2063101312)--Thread(Thread[Test worker,5,main])--begin unit of work commit
[EL Finest]: query: 2016-09-21 09:17:41.906--UnitOfWork(2063101312)--Thread(Thread[Test worker,5,main])--Execute query InsertObjectQuery(fQ8t8DIfomSdtP0Yxv3sr3tOaWPRXyV4uGMkTwbeoIrYstYzru)
[EL Fine]: sql: 2016-09-21 09:17:41.907--ClientSession(1438465313)--Connection(481153847)--Thread(Thread[Test worker,5,main])--INSERT INTO Currency (currencyId, countryId, currencyCode, unicodeDecimal, unicodeHex, versionId, createdBy, createdDate, updatedBy, updatedDate, activeStatus, txnAccessCode) VALUES (?, ?, ?, ?, ?, ?, ?, ?, ?, ?, ?, ?)
	bind => [190A76AC-5B7B-48CC-803B-DCC1E2ABF4BD, 71D0FC1A-374E-4F5B-9E50-AEF9D42204DD, fQ8t8DIfomSdtP0Yxv3sr3tOaWPRXyV4uGMkTwbeoIrYstYzru, WJk1vfCx3gnX7qsDJULxsCzXH05kbkhppJ1gWNjDkjX4HBsIfy, pmkWIyaprkDmF4Y66UqndebSASUkDzSV25TAntMxmpaKDtv0uq, 1, AAAAA, 2016-09-21 09:17:41.743, AAAAA, 2016-09-21 09:17:41.743, 1, 51000]
[EL Finer]: transaction: 2016-09-21 09:17:41.909--ClientSession(1438465313)--Connection(481153847)--Thread(Thread[Test worker,5,main])--commit transaction
[EL Finest]: connection: 2016-09-21 09:17:41.975--ServerSession(1151842404)--Connection(1272786322)--Thread(Thread[Test worker,5,main])--Connection released to connection pool [default].
[EL Finer]: transaction: 2016-09-21 09:17:41.975--UnitOfWork(2063101312)--Thread(Thread[Test worker,5,main])--end unit of work commit
[EL Finer]: transaction: 2016-09-21 09:17:41.975--UnitOfWork(2063101312)--Thread(Thread[Test worker,5,main])--resume unit of work
[EL Finer]: transaction: 2016-09-21 09:17:41.975--UnitOfWork(2063101312)--Thread(Thread[Test worker,5,main])--release unit of work
[EL Finer]: connection: 2016-09-21 09:17:41.975--ClientSession(1438465313)--Thread(Thread[Test worker,5,main])--client released
[EL Finer]: connection: 2016-09-21 09:17:42.033--ServerSession(1151842404)--Thread(Thread[Test worker,5,main])--client acquired: 1979033315
[EL Finer]: transaction: 2016-09-21 09:17:42.033--ClientSession(1979033315)--Thread(Thread[Test worker,5,main])--acquire unit of work: 1386200469
[EL Finest]: connection: 2016-09-21 09:17:42.033--ServerSession(1151842404)--Connection(1968679827)--Thread(Thread[Test worker,5,main])--Connection acquired from connection pool [default].
[EL Finer]: transaction: 2016-09-21 09:17:42.033--ClientSession(1979033315)--Connection(1968679827)--Thread(Thread[Test worker,5,main])--begin transaction
[EL Finest]: connection: 2016-09-21 09:17:42.034--ClientSession(1979033315)--Thread(Thread[Test worker,5,main])--reconnecting to external connection pool
Wed Sep 21 09:17:42 UTC 2016|Unknown Alarm = OEBLE314100100 Alarm Split = OEB-LE-3-1-4-100-100
[EL Finer]: transaction: 2016-09-21 09:17:42.039--UnitOfWork(1386200469)--Thread(Thread[Test worker,5,main])--begin unit of work flush
[EL Finer]: transaction: 2016-09-21 09:17:42.039--UnitOfWork(1386200469)--Thread(Thread[Test worker,5,main])--end unit of work flush
[EL Finest]: query: 2016-09-21 09:17:42.04--UnitOfWork(1386200469)--Thread(Thread[Test worker,5,main])--Execute query ReadAllQuery(name="Currency.findById" referenceClass=Currency sql="SELECT currencyId, countryId, currencyCode, unicodeDecimal, unicodeHex, versionId, createdBy, createdDate, updatedBy, updatedDate, activeStatus, txnAccessCode FROM Currency WHERE ((activeStatus = ?) AND (currencyId = ?))")
[EL Fine]: sql: 2016-09-21 09:17:42.04--ClientSession(1979033315)--Connection(1081705604)--Thread(Thread[Test worker,5,main])--SELECT currencyId, countryId, currencyCode, unicodeDecimal, unicodeHex, versionId, createdBy, createdDate, updatedBy, updatedDate, activeStatus, txnAccessCode FROM Currency WHERE ((activeStatus = ?) AND (currencyId = ?))
	bind => [1, 190A76AC-5B7B-48CC-803B-DCC1E2ABF4BD]
Wed Sep 21 09:17:42 UTC 2016|Unknown Alarm = OEBLE324100200 Alarm Split = OEB-LE-3-2-4-100-200
Wed Sep 21 09:17:42 UTC 2016|Unknown Alarm = OEBLE317100100 Alarm Split = OEB-LE-3-1-7-100-100
[EL Finer]: transaction: 2016-09-21 09:17:42.045--UnitOfWork(1386200469)--Thread(Thread[Test worker,5,main])--begin unit of work commit
[EL Finer]: transaction: 2016-09-21 09:17:42.045--ClientSession(1979033315)--Connection(1081705604)--Thread(Thread[Test worker,5,main])--commit transaction
[EL Finest]: connection: 2016-09-21 09:17:42.046--ServerSession(1151842404)--Connection(1968679827)--Thread(Thread[Test worker,5,main])--Connection released to connection pool [default].
[EL Finer]: transaction: 2016-09-21 09:17:42.047--UnitOfWork(1386200469)--Thread(Thread[Test worker,5,main])--end unit of work commit
[EL Finer]: transaction: 2016-09-21 09:17:42.047--UnitOfWork(1386200469)--Thread(Thread[Test worker,5,main])--resume unit of work
[EL Finer]: transaction: 2016-09-21 09:17:42.048--UnitOfWork(1386200469)--Thread(Thread[Test worker,5,main])--release unit of work
[EL Finer]: connection: 2016-09-21 09:17:42.048--ClientSession(1979033315)--Thread(Thread[Test worker,5,main])--client released
[EL Finer]: connection: 2016-09-21 09:17:42.049--ServerSession(1151842404)--Thread(Thread[Test worker,5,main])--client acquired: 1198686915
[EL Finer]: transaction: 2016-09-21 09:17:42.049--ClientSession(1198686915)--Thread(Thread[Test worker,5,main])--acquire unit of work: 786887898
[EL Finest]: connection: 2016-09-21 09:17:42.05--ServerSession(1151842404)--Connection(1020603460)--Thread(Thread[Test worker,5,main])--Connection acquired from connection pool [default].
[EL Finer]: transaction: 2016-09-21 09:17:42.05--ClientSession(1198686915)--Connection(1020603460)--Thread(Thread[Test worker,5,main])--begin transaction
[EL Finest]: connection: 2016-09-21 09:17:42.05--ClientSession(1198686915)--Thread(Thread[Test worker,5,main])--reconnecting to external connection pool
Wed Sep 21 09:17:42 UTC 2016|Unknown Alarm = OEBLE311100100 Alarm Split = OEB-LE-3-1-1-100-100
[EL Finest]: transaction: 2016-09-21 09:17:42.057--UnitOfWork(786887898)--Thread(Thread[Test worker,5,main])--Merge clone with references mG9lo8HxRmjJaCDdzMnJyk5NqHI3PpF2YX8i8vMmSNEJNeDeH6
[EL Finest]: query: 2016-09-21 09:17:42.058--UnitOfWork(786887898)--Thread(Thread[Test worker,5,main])--Execute query ReadObjectQuery(referenceClass=Currency )
[EL Fine]: sql: 2016-09-21 09:17:42.059--ClientSession(1198686915)--Connection(436666491)--Thread(Thread[Test worker,5,main])--SELECT currencyId, countryId, currencyCode, unicodeDecimal, unicodeHex, versionId, createdBy, createdDate, updatedBy, updatedDate, activeStatus, txnAccessCode FROM Currency WHERE (currencyId = ?)
	bind => [190A76AC-5B7B-48CC-803B-DCC1E2ABF4BD]
Wed Sep 21 09:17:42 UTC 2016|Unknown Alarm = OEBLE321100200 Alarm Split = OEB-LE-3-2-1-100-200
Wed Sep 21 09:17:42 UTC 2016|Unknown Alarm = OEBLE317100100 Alarm Split = OEB-LE-3-1-7-100-100
[EL Finer]: transaction: 2016-09-21 09:17:42.063--UnitOfWork(786887898)--Thread(Thread[Test worker,5,main])--begin unit of work commit
[EL Finest]: query: 2016-09-21 09:17:42.064--UnitOfWork(786887898)--Thread(Thread[Test worker,5,main])--Execute query UpdateObjectQuery(mG9lo8HxRmjJaCDdzMnJyk5NqHI3PpF2YX8i8vMmSNEJNeDeH6)
[EL Fine]: sql: 2016-09-21 09:17:42.065--ClientSession(1198686915)--Connection(436666491)--Thread(Thread[Test worker,5,main])--UPDATE Currency SET currencyCode = ?, unicodeDecimal = ?, unicodeHex = ?, versionId = ? WHERE ((currencyId = ?) AND (versionId = ?))
	bind => [mG9lo8HxRmjJaCDdzMnJyk5NqHI3PpF2YX8i8vMmSNEJNeDeH6, CPLbelRzGdKUn4SwSeHGighFzsf3sMdy2PDSqbpmqlTu0hPKm5, ii3CCoKcziLe59P6K8HtsVlKvzHuSAQ7vbuXZ7vqY8t7g6NUs2, 2, 190A76AC-5B7B-48CC-803B-DCC1E2ABF4BD, 1]
[EL Finer]: transaction: 2016-09-21 09:17:42.067--ClientSession(1198686915)--Connection(436666491)--Thread(Thread[Test worker,5,main])--commit transaction
[EL Finest]: connection: 2016-09-21 09:17:42.148--ServerSession(1151842404)--Connection(1020603460)--Thread(Thread[Test worker,5,main])--Connection released to connection pool [default].
[EL Finer]: transaction: 2016-09-21 09:17:42.148--UnitOfWork(786887898)--Thread(Thread[Test worker,5,main])--end unit of work commit
[EL Finer]: transaction: 2016-09-21 09:17:42.149--UnitOfWork(786887898)--Thread(Thread[Test worker,5,main])--resume unit of work
[EL Finer]: transaction: 2016-09-21 09:17:42.149--UnitOfWork(786887898)--Thread(Thread[Test worker,5,main])--release unit of work
[EL Finer]: connection: 2016-09-21 09:17:42.149--ClientSession(1198686915)--Thread(Thread[Test worker,5,main])--client released
[EL Finer]: connection: 2016-09-21 09:17:42.196--ServerSession(1151842404)--Thread(Thread[Test worker,5,main])--client acquired: 1091364428
[EL Finer]: transaction: 2016-09-21 09:17:42.196--ClientSession(1091364428)--Thread(Thread[Test worker,5,main])--acquire unit of work: 904112369
[EL Finest]: connection: 2016-09-21 09:17:42.197--ServerSession(1151842404)--Connection(1969783258)--Thread(Thread[Test worker,5,main])--Connection acquired from connection pool [default].
[EL Finer]: transaction: 2016-09-21 09:17:42.198--ClientSession(1091364428)--Connection(1969783258)--Thread(Thread[Test worker,5,main])--begin transaction
[EL Finest]: connection: 2016-09-21 09:17:42.198--ClientSession(1091364428)--Thread(Thread[Test worker,5,main])--reconnecting to external connection pool
Wed Sep 21 09:17:42 UTC 2016|Unknown Alarm = OEBLE314100100 Alarm Split = OEB-LE-3-1-4-100-100
[EL Finer]: transaction: 2016-09-21 09:17:42.201--UnitOfWork(904112369)--Thread(Thread[Test worker,5,main])--begin unit of work flush
[EL Finer]: transaction: 2016-09-21 09:17:42.201--UnitOfWork(904112369)--Thread(Thread[Test worker,5,main])--end unit of work flush
[EL Finest]: query: 2016-09-21 09:17:42.202--UnitOfWork(904112369)--Thread(Thread[Test worker,5,main])--Execute query ReadAllQuery(name="Currency.findById" referenceClass=Currency sql="SELECT currencyId, countryId, currencyCode, unicodeDecimal, unicodeHex, versionId, createdBy, createdDate, updatedBy, updatedDate, activeStatus, txnAccessCode FROM Currency WHERE ((activeStatus = ?) AND (currencyId = ?))")
[EL Fine]: sql: 2016-09-21 09:17:42.202--ClientSession(1091364428)--Connection(1887122238)--Thread(Thread[Test worker,5,main])--SELECT currencyId, countryId, currencyCode, unicodeDecimal, unicodeHex, versionId, createdBy, createdDate, updatedBy, updatedDate, activeStatus, txnAccessCode FROM Currency WHERE ((activeStatus = ?) AND (currencyId = ?))
	bind => [1, 190A76AC-5B7B-48CC-803B-DCC1E2ABF4BD]
Wed Sep 21 09:17:42 UTC 2016|Unknown Alarm = OEBLE324100200 Alarm Split = OEB-LE-3-2-4-100-200
Wed Sep 21 09:17:42 UTC 2016|Unknown Alarm = OEBLE317100100 Alarm Split = OEB-LE-3-1-7-100-100
[EL Finer]: transaction: 2016-09-21 09:17:42.207--UnitOfWork(904112369)--Thread(Thread[Test worker,5,main])--begin unit of work commit
[EL Finer]: transaction: 2016-09-21 09:17:42.207--ClientSession(1091364428)--Connection(1887122238)--Thread(Thread[Test worker,5,main])--commit transaction
[EL Finest]: connection: 2016-09-21 09:17:42.208--ServerSession(1151842404)--Connection(1969783258)--Thread(Thread[Test worker,5,main])--Connection released to connection pool [default].
[EL Finer]: transaction: 2016-09-21 09:17:42.209--UnitOfWork(904112369)--Thread(Thread[Test worker,5,main])--end unit of work commit
[EL Finer]: transaction: 2016-09-21 09:17:42.21--UnitOfWork(904112369)--Thread(Thread[Test worker,5,main])--resume unit of work
[EL Finer]: transaction: 2016-09-21 09:17:42.21--UnitOfWork(904112369)--Thread(Thread[Test worker,5,main])--release unit of work
[EL Finer]: connection: 2016-09-21 09:17:42.21--ClientSession(1091364428)--Thread(Thread[Test worker,5,main])--client released
[EL Finer]: connection: 2016-09-21 09:17:42.256--ServerSession(1151842404)--Thread(Thread[Test worker,5,main])--client acquired: 1269090690
[EL Finer]: transaction: 2016-09-21 09:17:42.257--ClientSession(1269090690)--Thread(Thread[Test worker,5,main])--acquire unit of work: 799644826
[EL Finest]: connection: 2016-09-21 09:17:42.26--ServerSession(1151842404)--Connection(677927656)--Thread(Thread[Test worker,5,main])--Connection acquired from connection pool [default].
[EL Finer]: transaction: 2016-09-21 09:17:42.261--ClientSession(1269090690)--Connection(677927656)--Thread(Thread[Test worker,5,main])--begin transaction
[EL Finest]: connection: 2016-09-21 09:17:42.261--ClientSession(1269090690)--Thread(Thread[Test worker,5,main])--reconnecting to external connection pool
Wed Sep 21 09:17:42 UTC 2016|Unknown Alarm = OEBLE314100100 Alarm Split = OEB-LE-3-1-4-100-100
[EL Finer]: transaction: 2016-09-21 09:17:42.265--UnitOfWork(799644826)--Thread(Thread[Test worker,5,main])--begin unit of work flush
[EL Finer]: transaction: 2016-09-21 09:17:42.266--UnitOfWork(799644826)--Thread(Thread[Test worker,5,main])--end unit of work flush
[EL Finest]: query: 2016-09-21 09:17:42.266--UnitOfWork(799644826)--Thread(Thread[Test worker,5,main])--Execute query ReadAllQuery(name="Currency.findByCountryId" referenceClass=Currency sql="SELECT currencyId, countryId, currencyCode, unicodeDecimal, unicodeHex, versionId, createdBy, createdDate, updatedBy, updatedDate, activeStatus, txnAccessCode FROM Currency WHERE ((activeStatus = ?) AND (countryId = ?))")
[EL Fine]: sql: 2016-09-21 09:17:42.267--ClientSession(1269090690)--Connection(1297192459)--Thread(Thread[Test worker,5,main])--SELECT currencyId, countryId, currencyCode, unicodeDecimal, unicodeHex, versionId, createdBy, createdDate, updatedBy, updatedDate, activeStatus, txnAccessCode FROM Currency WHERE ((activeStatus = ?) AND (countryId = ?))
	bind => [1, 71D0FC1A-374E-4F5B-9E50-AEF9D42204DD]
Wed Sep 21 09:17:42 UTC 2016|Unknown Alarm = OEBLE324100200 Alarm Split = OEB-LE-3-2-4-100-200
Wed Sep 21 09:17:42 UTC 2016|Unknown Alarm = OEBLE317100100 Alarm Split = OEB-LE-3-1-7-100-100
[EL Finer]: transaction: 2016-09-21 09:17:42.272--UnitOfWork(799644826)--Thread(Thread[Test worker,5,main])--begin unit of work commit
[EL Finer]: transaction: 2016-09-21 09:17:42.273--ClientSession(1269090690)--Connection(1297192459)--Thread(Thread[Test worker,5,main])--commit transaction
[EL Finest]: connection: 2016-09-21 09:17:42.274--ServerSession(1151842404)--Connection(677927656)--Thread(Thread[Test worker,5,main])--Connection released to connection pool [default].
[EL Finer]: transaction: 2016-09-21 09:17:42.275--UnitOfWork(799644826)--Thread(Thread[Test worker,5,main])--end unit of work commit
[EL Finer]: transaction: 2016-09-21 09:17:42.275--UnitOfWork(799644826)--Thread(Thread[Test worker,5,main])--resume unit of work
[EL Finer]: transaction: 2016-09-21 09:17:42.276--UnitOfWork(799644826)--Thread(Thread[Test worker,5,main])--release unit of work
[EL Finer]: connection: 2016-09-21 09:17:42.276--ClientSession(1269090690)--Thread(Thread[Test worker,5,main])--client released
[EL Finer]: connection: 2016-09-21 09:17:42.391--ServerSession(1151842404)--Thread(Thread[Test worker,5,main])--client acquired: 652803953
[EL Finer]: transaction: 2016-09-21 09:17:42.392--ClientSession(652803953)--Thread(Thread[Test worker,5,main])--acquire unit of work: 182085548
[EL Finest]: connection: 2016-09-21 09:17:42.392--ServerSession(1151842404)--Connection(147608261)--Thread(Thread[Test worker,5,main])--Connection acquired from connection pool [default].
[EL Finer]: transaction: 2016-09-21 09:17:42.392--ClientSession(652803953)--Connection(147608261)--Thread(Thread[Test worker,5,main])--begin transaction
[EL Finest]: connection: 2016-09-21 09:17:42.393--ClientSession(652803953)--Thread(Thread[Test worker,5,main])--reconnecting to external connection pool
Wed Sep 21 09:17:42 UTC 2016|Unknown Alarm = OEBLE318100100 Alarm Split = OEB-LE-3-1-8-100-100
[EL Finest]: query: 2016-09-21 09:17:42.396--UnitOfWork(182085548)--Thread(Thread[Test worker,5,main])--Execute query ReadObjectQuery(name="readCurrency" referenceClass=Currency sql="SELECT currencyId, countryId, currencyCode, unicodeDecimal, unicodeHex, versionId, createdBy, createdDate, updatedBy, updatedDate, activeStatus, txnAccessCode FROM Currency WHERE (currencyId = ?)")
[EL Fine]: sql: 2016-09-21 09:17:42.396--ClientSession(652803953)--Connection(351326581)--Thread(Thread[Test worker,5,main])--SELECT currencyId, countryId, currencyCode, unicodeDecimal, unicodeHex, versionId, createdBy, createdDate, updatedBy, updatedDate, activeStatus, txnAccessCode FROM Currency WHERE (currencyId = ?)
	bind => [190A76AC-5B7B-48CC-803B-DCC1E2ABF4BD]
[EL Finest]: transaction: 2016-09-21 09:17:42.399--UnitOfWork(182085548)--Thread(Thread[Test worker,5,main])--remove() operation called on: mG9lo8HxRmjJaCDdzMnJyk5NqHI3PpF2YX8i8vMmSNEJNeDeH6
Wed Sep 21 09:17:42 UTC 2016|Unknown Alarm = OEBLE328100200 Alarm Split = OEB-LE-3-2-8-100-200
Wed Sep 21 09:17:42 UTC 2016|Unknown Alarm = OEBLE317100100 Alarm Split = OEB-LE-3-1-7-100-100
[EL Finer]: transaction: 2016-09-21 09:17:42.4--UnitOfWork(182085548)--Thread(Thread[Test worker,5,main])--begin unit of work commit
[EL Finest]: query: 2016-09-21 09:17:42.404--UnitOfWork(182085548)--Thread(Thread[Test worker,5,main])--Execute query DoesExistQuery(referenceClass=Currency )
[EL Finest]: query: 2016-09-21 09:17:42.405--UnitOfWork(182085548)--Thread(Thread[Test worker,5,main])--Execute query DeleteObjectQuery(mG9lo8HxRmjJaCDdzMnJyk5NqHI3PpF2YX8i8vMmSNEJNeDeH6)
[EL Fine]: sql: 2016-09-21 09:17:42.406--ClientSession(652803953)--Connection(351326581)--Thread(Thread[Test worker,5,main])--DELETE FROM Currency WHERE ((currencyId = ?) AND (versionId = ?))
	bind => [190A76AC-5B7B-48CC-803B-DCC1E2ABF4BD, 2]
[EL Finer]: transaction: 2016-09-21 09:17:42.408--ClientSession(652803953)--Connection(351326581)--Thread(Thread[Test worker,5,main])--commit transaction
[EL Finest]: connection: 2016-09-21 09:17:42.534--ServerSession(1151842404)--Connection(147608261)--Thread(Thread[Test worker,5,main])--Connection released to connection pool [default].
[EL Finer]: transaction: 2016-09-21 09:17:42.534--UnitOfWork(182085548)--Thread(Thread[Test worker,5,main])--end unit of work commit
[EL Finer]: transaction: 2016-09-21 09:17:42.534--UnitOfWork(182085548)--Thread(Thread[Test worker,5,main])--resume unit of work
[EL Finer]: transaction: 2016-09-21 09:17:42.534--UnitOfWork(182085548)--Thread(Thread[Test worker,5,main])--release unit of work
[EL Finer]: connection: 2016-09-21 09:17:42.535--ClientSession(652803953)--Thread(Thread[Test worker,5,main])--client released
[EL Finer]: connection: 2016-09-21 09:17:42.583--ServerSession(1151842404)--Thread(Thread[Test worker,5,main])--client acquired: 976810476
[EL Finer]: transaction: 2016-09-21 09:17:42.583--ClientSession(976810476)--Thread(Thread[Test worker,5,main])--acquire unit of work: 1888672464
[EL Finest]: connection: 2016-09-21 09:17:42.583--ServerSession(1151842404)--Connection(962316141)--Thread(Thread[Test worker,5,main])--Connection acquired from connection pool [default].
[EL Finer]: transaction: 2016-09-21 09:17:42.584--ClientSession(976810476)--Connection(962316141)--Thread(Thread[Test worker,5,main])--begin transaction
[EL Finest]: connection: 2016-09-21 09:17:42.584--ClientSession(976810476)--Thread(Thread[Test worker,5,main])--reconnecting to external connection pool
[EL Finest]: query: 2016-09-21 09:17:42.586--UnitOfWork(1888672464)--Thread(Thread[Test worker,5,main])--Execute query ReadObjectQuery(name="readCountry" referenceClass=Country sql="SELECT countryId, capital, capitalLatitude, capitalLongitude, countryCode1, countryCode2, countryFlag, countryName, currencyCode, currencyName, currencySymbol, isoNumeric, versionId, createdBy, createdDate, updatedBy, updatedDate, activeStatus, txnAccessCode FROM Country WHERE (countryId = ?)")
[EL Fine]: sql: 2016-09-21 09:17:42.587--ClientSession(976810476)--Connection(46631803)--Thread(Thread[Test worker,5,main])--SELECT countryId, capital, capitalLatitude, capitalLongitude, countryCode1, countryCode2, countryFlag, countryName, currencyCode, currencyName, currencySymbol, isoNumeric, versionId, createdBy, createdDate, updatedBy, updatedDate, activeStatus, txnAccessCode FROM Country WHERE (countryId = ?)
	bind => [71D0FC1A-374E-4F5B-9E50-AEF9D42204DD]
[EL Finest]: transaction: 2016-09-21 09:17:42.589--UnitOfWork(1888672464)--Thread(Thread[Test worker,5,main])--remove() operation called on: AEpGiqY6Cljr4uUana319epVRnpioylATyyhNf8m7tNM7jwGLs
[EL Finer]: transaction: 2016-09-21 09:17:42.591--UnitOfWork(1888672464)--Thread(Thread[Test worker,5,main])--begin unit of work commit
[EL Finest]: query: 2016-09-21 09:17:42.591--UnitOfWork(1888672464)--Thread(Thread[Test worker,5,main])--Execute query DoesExistQuery(referenceClass=Country )
[EL Finest]: query: 2016-09-21 09:17:42.591--UnitOfWork(1888672464)--Thread(Thread[Test worker,5,main])--Execute query DeleteObjectQuery(AEpGiqY6Cljr4uUana319epVRnpioylATyyhNf8m7tNM7jwGLs)
[EL Fine]: sql: 2016-09-21 09:17:42.592--ClientSession(976810476)--Connection(46631803)--Thread(Thread[Test worker,5,main])--DELETE FROM Country WHERE ((countryId = ?) AND (versionId = ?))
	bind => [71D0FC1A-374E-4F5B-9E50-AEF9D42204DD, 1]
[EL Finer]: transaction: 2016-09-21 09:17:42.594--ClientSession(976810476)--Connection(46631803)--Thread(Thread[Test worker,5,main])--commit transaction
[EL Finest]: connection: 2016-09-21 09:17:42.65--ServerSession(1151842404)--Connection(962316141)--Thread(Thread[Test worker,5,main])--Connection released to connection pool [default].
[EL Finer]: transaction: 2016-09-21 09:17:42.65--UnitOfWork(1888672464)--Thread(Thread[Test worker,5,main])--end unit of work commit
[EL Finer]: transaction: 2016-09-21 09:17:42.65--UnitOfWork(1888672464)--Thread(Thread[Test worker,5,main])--resume unit of work
[EL Finer]: transaction: 2016-09-21 09:17:42.651--UnitOfWork(1888672464)--Thread(Thread[Test worker,5,main])--release unit of work
[EL Finer]: connection: 2016-09-21 09:17:42.651--ClientSession(976810476)--Thread(Thread[Test worker,5,main])--client released
]]></system-out>
  <system-err><![CDATA[Currency.currencyCode size must be between 0 and 128
java.lang.SecurityException: Currency.currencyCode size must be between 0 and 128
	at com.athena.server.pluggable.utils.helper.EntityValidatorHelper.validateEntity(EntityValidatorHelper.java:37)
	at com.app.shared.organizationextendedbc.locationextended.Currency.isValid(Currency.java:182)
	at com.app.server.service.organizationextendedbc.locationextended.CurrencyTestCase.validateCurrency(CurrencyTestCase.java:245)
	at com.app.server.service.organizationextendedbc.locationextended.CurrencyTestCase.test5NegativeTesting(CurrencyTestCase.java:278)
	at sun.reflect.NativeMethodAccessorImpl.invoke0(Native Method)
	at sun.reflect.NativeMethodAccessorImpl.invoke(NativeMethodAccessorImpl.java:57)
	at sun.reflect.DelegatingMethodAccessorImpl.invoke(DelegatingMethodAccessorImpl.java:43)
	at java.lang.reflect.Method.invoke(Method.java:606)
	at org.junit.runners.model.FrameworkMethod$1.runReflectiveCall(FrameworkMethod.java:47)
	at org.junit.internal.runners.model.ReflectiveCallable.run(ReflectiveCallable.java:12)
	at org.junit.runners.model.FrameworkMethod.invokeExplosively(FrameworkMethod.java:44)
	at org.junit.internal.runners.statements.InvokeMethod.evaluate(InvokeMethod.java:17)
	at org.junit.internal.runners.statements.RunBefores.evaluate(RunBefores.java:26)
	at org.springframework.test.context.junit4.statements.RunBeforeTestMethodCallbacks.evaluate(RunBeforeTestMethodCallbacks.java:74)
	at org.junit.internal.runners.statements.RunAfters.evaluate(RunAfters.java:27)
	at org.springframework.test.context.junit4.statements.RunAfterTestMethodCallbacks.evaluate(RunAfterTestMethodCallbacks.java:83)
	at org.springframework.test.context.junit4.statements.SpringRepeat.evaluate(SpringRepeat.java:72)
	at org.springframework.test.context.junit4.SpringJUnit4ClassRunner.runChild(SpringJUnit4ClassRunner.java:233)
	at org.springframework.test.context.junit4.SpringJUnit4ClassRunner.runChild(SpringJUnit4ClassRunner.java:87)
	at org.junit.runners.ParentRunner$3.run(ParentRunner.java:238)
	at org.junit.runners.ParentRunner$1.schedule(ParentRunner.java:63)
	at org.junit.runners.ParentRunner.runChildren(ParentRunner.java:236)
	at org.junit.runners.ParentRunner.access$000(ParentRunner.java:53)
	at org.junit.runners.ParentRunner$2.evaluate(ParentRunner.java:229)
	at org.junit.internal.runners.statements.RunBefores.evaluate(RunBefores.java:26)
	at org.springframework.test.context.junit4.statements.RunBeforeTestClassCallbacks.evaluate(RunBeforeTestClassCallbacks.java:61)
	at org.springframework.test.context.junit4.statements.RunAfterTestClassCallbacks.evaluate(RunAfterTestClassCallbacks.java:71)
	at org.junit.runners.ParentRunner.run(ParentRunner.java:309)
	at org.springframework.test.context.junit4.SpringJUnit4ClassRunner.run(SpringJUnit4ClassRunner.java:176)
	at org.gradle.api.internal.tasks.testing.junit.JUnitTestClassExecuter.runTestClass(JUnitTestClassExecuter.java:86)
	at org.gradle.api.internal.tasks.testing.junit.JUnitTestClassExecuter.execute(JUnitTestClassExecuter.java:49)
	at org.gradle.api.internal.tasks.testing.junit.JUnitTestClassProcessor.processTestClass(JUnitTestClassProcessor.java:64)
	at org.gradle.api.internal.tasks.testing.SuiteTestClassProcessor.processTestClass(SuiteTestClassProcessor.java:50)
	at sun.reflect.NativeMethodAccessorImpl.invoke0(Native Method)
	at sun.reflect.NativeMethodAccessorImpl.invoke(NativeMethodAccessorImpl.java:57)
	at sun.reflect.DelegatingMethodAccessorImpl.invoke(DelegatingMethodAccessorImpl.java:43)
	at java.lang.reflect.Method.invoke(Method.java:606)
	at org.gradle.messaging.dispatch.ReflectionDispatch.dispatch(ReflectionDispatch.java:35)
	at org.gradle.messaging.dispatch.ReflectionDispatch.dispatch(ReflectionDispatch.java:24)
	at org.gradle.messaging.dispatch.ContextClassLoaderDispatch.dispatch(ContextClassLoaderDispatch.java:32)
	at org.gradle.messaging.dispatch.ProxyDispatchAdapter$DispatchingInvocationHandler.invoke(ProxyDispatchAdapter.java:93)
	at com.sun.proxy.$Proxy2.processTestClass(Unknown Source)
	at org.gradle.api.internal.tasks.testing.worker.TestWorker.processTestClass(TestWorker.java:106)
	at sun.reflect.NativeMethodAccessorImpl.invoke0(Native Method)
	at sun.reflect.NativeMethodAccessorImpl.invoke(NativeMethodAccessorImpl.java:57)
	at sun.reflect.DelegatingMethodAccessorImpl.invoke(DelegatingMethodAccessorImpl.java:43)
	at java.lang.reflect.Method.invoke(Method.java:606)
	at org.gradle.messaging.dispatch.ReflectionDispatch.dispatch(ReflectionDispatch.java:35)
	at org.gradle.messaging.dispatch.ReflectionDispatch.dispatch(ReflectionDispatch.java:24)
	at org.gradle.messaging.remote.internal.hub.MessageHub$Handler.run(MessageHub.java:360)
	at org.gradle.internal.concurrent.DefaultExecutorFactory$StoppableExecutorImpl$1.run(DefaultExecutorFactory.java:64)
	at java.util.concurrent.ThreadPoolExecutor.runWorker(ThreadPoolExecutor.java:1145)
	at java.util.concurrent.ThreadPoolExecutor$Worker.run(ThreadPoolExecutor.java:615)
	at java.lang.Thread.run(Thread.java:745)
Currency.unicodeDecimal size must be between 0 and 128
java.lang.SecurityException: Currency.unicodeDecimal size must be between 0 and 128
	at com.athena.server.pluggable.utils.helper.EntityValidatorHelper.validateEntity(EntityValidatorHelper.java:37)
	at com.app.shared.organizationextendedbc.locationextended.Currency.isValid(Currency.java:182)
	at com.app.server.service.organizationextendedbc.locationextended.CurrencyTestCase.validateCurrency(CurrencyTestCase.java:245)
	at com.app.server.service.organizationextendedbc.locationextended.CurrencyTestCase.test5NegativeTesting(CurrencyTestCase.java:283)
	at sun.reflect.NativeMethodAccessorImpl.invoke0(Native Method)
	at sun.reflect.NativeMethodAccessorImpl.invoke(NativeMethodAccessorImpl.java:57)
	at sun.reflect.DelegatingMethodAccessorImpl.invoke(DelegatingMethodAccessorImpl.java:43)
	at java.lang.reflect.Method.invoke(Method.java:606)
	at org.junit.runners.model.FrameworkMethod$1.runReflectiveCall(FrameworkMethod.java:47)
	at org.junit.internal.runners.model.ReflectiveCallable.run(ReflectiveCallable.java:12)
	at org.junit.runners.model.FrameworkMethod.invokeExplosively(FrameworkMethod.java:44)
	at org.junit.internal.runners.statements.InvokeMethod.evaluate(InvokeMethod.java:17)
	at org.junit.internal.runners.statements.RunBefores.evaluate(RunBefores.java:26)
	at org.springframework.test.context.junit4.statements.RunBeforeTestMethodCallbacks.evaluate(RunBeforeTestMethodCallbacks.java:74)
	at org.junit.internal.runners.statements.RunAfters.evaluate(RunAfters.java:27)
	at org.springframework.test.context.junit4.statements.RunAfterTestMethodCallbacks.evaluate(RunAfterTestMethodCallbacks.java:83)
	at org.springframework.test.context.junit4.statements.SpringRepeat.evaluate(SpringRepeat.java:72)
	at org.springframework.test.context.junit4.SpringJUnit4ClassRunner.runChild(SpringJUnit4ClassRunner.java:233)
	at org.springframework.test.context.junit4.SpringJUnit4ClassRunner.runChild(SpringJUnit4ClassRunner.java:87)
	at org.junit.runners.ParentRunner$3.run(ParentRunner.java:238)
	at org.junit.runners.ParentRunner$1.schedule(ParentRunner.java:63)
	at org.junit.runners.ParentRunner.runChildren(ParentRunner.java:236)
	at org.junit.runners.ParentRunner.access$000(ParentRunner.java:53)
	at org.junit.runners.ParentRunner$2.evaluate(ParentRunner.java:229)
	at org.junit.internal.runners.statements.RunBefores.evaluate(RunBefores.java:26)
	at org.springframework.test.context.junit4.statements.RunBeforeTestClassCallbacks.evaluate(RunBeforeTestClassCallbacks.java:61)
	at org.springframework.test.context.junit4.statements.RunAfterTestClassCallbacks.evaluate(RunAfterTestClassCallbacks.java:71)
	at org.junit.runners.ParentRunner.run(ParentRunner.java:309)
	at org.springframework.test.context.junit4.SpringJUnit4ClassRunner.run(SpringJUnit4ClassRunner.java:176)
	at org.gradle.api.internal.tasks.testing.junit.JUnitTestClassExecuter.runTestClass(JUnitTestClassExecuter.java:86)
	at org.gradle.api.internal.tasks.testing.junit.JUnitTestClassExecuter.execute(JUnitTestClassExecuter.java:49)
	at org.gradle.api.internal.tasks.testing.junit.JUnitTestClassProcessor.processTestClass(JUnitTestClassProcessor.java:64)
	at org.gradle.api.internal.tasks.testing.SuiteTestClassProcessor.processTestClass(SuiteTestClassProcessor.java:50)
	at sun.reflect.NativeMethodAccessorImpl.invoke0(Native Method)
	at sun.reflect.NativeMethodAccessorImpl.invoke(NativeMethodAccessorImpl.java:57)
	at sun.reflect.DelegatingMethodAccessorImpl.invoke(DelegatingMethodAccessorImpl.java:43)
	at java.lang.reflect.Method.invoke(Method.java:606)
	at org.gradle.messaging.dispatch.ReflectionDispatch.dispatch(ReflectionDispatch.java:35)
	at org.gradle.messaging.dispatch.ReflectionDispatch.dispatch(ReflectionDispatch.java:24)
	at org.gradle.messaging.dispatch.ContextClassLoaderDispatch.dispatch(ContextClassLoaderDispatch.java:32)
	at org.gradle.messaging.dispatch.ProxyDispatchAdapter$DispatchingInvocationHandler.invoke(ProxyDispatchAdapter.java:93)
	at com.sun.proxy.$Proxy2.processTestClass(Unknown Source)
	at org.gradle.api.internal.tasks.testing.worker.TestWorker.processTestClass(TestWorker.java:106)
	at sun.reflect.NativeMethodAccessorImpl.invoke0(Native Method)
	at sun.reflect.NativeMethodAccessorImpl.invoke(NativeMethodAccessorImpl.java:57)
	at sun.reflect.DelegatingMethodAccessorImpl.invoke(DelegatingMethodAccessorImpl.java:43)
	at java.lang.reflect.Method.invoke(Method.java:606)
	at org.gradle.messaging.dispatch.ReflectionDispatch.dispatch(ReflectionDispatch.java:35)
	at org.gradle.messaging.dispatch.ReflectionDispatch.dispatch(ReflectionDispatch.java:24)
	at org.gradle.messaging.remote.internal.hub.MessageHub$Handler.run(MessageHub.java:360)
	at org.gradle.internal.concurrent.DefaultExecutorFactory$StoppableExecutorImpl$1.run(DefaultExecutorFactory.java:64)
	at java.util.concurrent.ThreadPoolExecutor.runWorker(ThreadPoolExecutor.java:1145)
	at java.util.concurrent.ThreadPoolExecutor$Worker.run(ThreadPoolExecutor.java:615)
	at java.lang.Thread.run(Thread.java:745)
Currency.unicodeHex size must be between 0 and 128
java.lang.SecurityException: Currency.unicodeHex size must be between 0 and 128
	at com.athena.server.pluggable.utils.helper.EntityValidatorHelper.validateEntity(EntityValidatorHelper.java:37)
	at com.app.shared.organizationextendedbc.locationextended.Currency.isValid(Currency.java:182)
	at com.app.server.service.organizationextendedbc.locationextended.CurrencyTestCase.validateCurrency(CurrencyTestCase.java:245)
	at com.app.server.service.organizationextendedbc.locationextended.CurrencyTestCase.test5NegativeTesting(CurrencyTestCase.java:288)
	at sun.reflect.NativeMethodAccessorImpl.invoke0(Native Method)
	at sun.reflect.NativeMethodAccessorImpl.invoke(NativeMethodAccessorImpl.java:57)
	at sun.reflect.DelegatingMethodAccessorImpl.invoke(DelegatingMethodAccessorImpl.java:43)
	at java.lang.reflect.Method.invoke(Method.java:606)
	at org.junit.runners.model.FrameworkMethod$1.runReflectiveCall(FrameworkMethod.java:47)
	at org.junit.internal.runners.model.ReflectiveCallable.run(ReflectiveCallable.java:12)
	at org.junit.runners.model.FrameworkMethod.invokeExplosively(FrameworkMethod.java:44)
	at org.junit.internal.runners.statements.InvokeMethod.evaluate(InvokeMethod.java:17)
	at org.junit.internal.runners.statements.RunBefores.evaluate(RunBefores.java:26)
	at org.springframework.test.context.junit4.statements.RunBeforeTestMethodCallbacks.evaluate(RunBeforeTestMethodCallbacks.java:74)
	at org.junit.internal.runners.statements.RunAfters.evaluate(RunAfters.java:27)
	at org.springframework.test.context.junit4.statements.RunAfterTestMethodCallbacks.evaluate(RunAfterTestMethodCallbacks.java:83)
	at org.springframework.test.context.junit4.statements.SpringRepeat.evaluate(SpringRepeat.java:72)
	at org.springframework.test.context.junit4.SpringJUnit4ClassRunner.runChild(SpringJUnit4ClassRunner.java:233)
	at org.springframework.test.context.junit4.SpringJUnit4ClassRunner.runChild(SpringJUnit4ClassRunner.java:87)
	at org.junit.runners.ParentRunner$3.run(ParentRunner.java:238)
	at org.junit.runners.ParentRunner$1.schedule(ParentRunner.java:63)
	at org.junit.runners.ParentRunner.runChildren(ParentRunner.java:236)
	at org.junit.runners.ParentRunner.access$000(ParentRunner.java:53)
	at org.junit.runners.ParentRunner$2.evaluate(ParentRunner.java:229)
	at org.junit.internal.runners.statements.RunBefores.evaluate(RunBefores.java:26)
	at org.springframework.test.context.junit4.statements.RunBeforeTestClassCallbacks.evaluate(RunBeforeTestClassCallbacks.java:61)
	at org.springframework.test.context.junit4.statements.RunAfterTestClassCallbacks.evaluate(RunAfterTestClassCallbacks.java:71)
	at org.junit.runners.ParentRunner.run(ParentRunner.java:309)
	at org.springframework.test.context.junit4.SpringJUnit4ClassRunner.run(SpringJUnit4ClassRunner.java:176)
	at org.gradle.api.internal.tasks.testing.junit.JUnitTestClassExecuter.runTestClass(JUnitTestClassExecuter.java:86)
	at org.gradle.api.internal.tasks.testing.junit.JUnitTestClassExecuter.execute(JUnitTestClassExecuter.java:49)
	at org.gradle.api.internal.tasks.testing.junit.JUnitTestClassProcessor.processTestClass(JUnitTestClassProcessor.java:64)
	at org.gradle.api.internal.tasks.testing.SuiteTestClassProcessor.processTestClass(SuiteTestClassProcessor.java:50)
	at sun.reflect.NativeMethodAccessorImpl.invoke0(Native Method)
	at sun.reflect.NativeMethodAccessorImpl.invoke(NativeMethodAccessorImpl.java:57)
	at sun.reflect.DelegatingMethodAccessorImpl.invoke(DelegatingMethodAccessorImpl.java:43)
	at java.lang.reflect.Method.invoke(Method.java:606)
	at org.gradle.messaging.dispatch.ReflectionDispatch.dispatch(ReflectionDispatch.java:35)
	at org.gradle.messaging.dispatch.ReflectionDispatch.dispatch(ReflectionDispatch.java:24)
	at org.gradle.messaging.dispatch.ContextClassLoaderDispatch.dispatch(ContextClassLoaderDispatch.java:32)
	at org.gradle.messaging.dispatch.ProxyDispatchAdapter$DispatchingInvocationHandler.invoke(ProxyDispatchAdapter.java:93)
	at com.sun.proxy.$Proxy2.processTestClass(Unknown Source)
	at org.gradle.api.internal.tasks.testing.worker.TestWorker.processTestClass(TestWorker.java:106)
	at sun.reflect.NativeMethodAccessorImpl.invoke0(Native Method)
	at sun.reflect.NativeMethodAccessorImpl.invoke(NativeMethodAccessorImpl.java:57)
	at sun.reflect.DelegatingMethodAccessorImpl.invoke(DelegatingMethodAccessorImpl.java:43)
	at java.lang.reflect.Method.invoke(Method.java:606)
	at org.gradle.messaging.dispatch.ReflectionDispatch.dispatch(ReflectionDispatch.java:35)
	at org.gradle.messaging.dispatch.ReflectionDispatch.dispatch(ReflectionDispatch.java:24)
	at org.gradle.messaging.remote.internal.hub.MessageHub$Handler.run(MessageHub.java:360)
	at org.gradle.internal.concurrent.DefaultExecutorFactory$StoppableExecutorImpl$1.run(DefaultExecutorFactory.java:64)
	at java.util.concurrent.ThreadPoolExecutor.runWorker(ThreadPoolExecutor.java:1145)
	at java.util.concurrent.ThreadPoolExecutor$Worker.run(ThreadPoolExecutor.java:615)
	at java.lang.Thread.run(Thread.java:745)
]]></system-err>
</testsuite>
