<?xml version="1.0" encoding="UTF-8"?>
<testsuite name="com.app.server.service.organizationextendedbc.locationextended.ZonesTestCase" tests="7" skipped="0" failures="0" errors="0" timestamp="2016-09-21T06:35:17" hostname="ab5a12c16337" time="0.94">
  <properties/>
  <testcase name="test1Save" classname="com.app.server.service.organizationextendedbc.locationextended.ZonesTestCase" time="0.395"/>
  <testcase name="test2Update" classname="com.app.server.service.organizationextendedbc.locationextended.ZonesTestCase" time="0.086"/>
  <testcase name="test3FindById" classname="com.app.server.service.organizationextendedbc.locationextended.ZonesTestCase" time="0.057"/>
  <testcase name="test3findBycountryId" classname="com.app.server.service.organizationextendedbc.locationextended.ZonesTestCase" time="0.063"/>
  <testcase name="test3findBystateId" classname="com.app.server.service.organizationextendedbc.locationextended.ZonesTestCase" time="0.049"/>
  <testcase name="test5NegativeTesting" classname="com.app.server.service.organizationextendedbc.locationextended.ZonesTestCase" time="0.017"/>
  <testcase name="test6Delete" classname="com.app.server.service.organizationextendedbc.locationextended.ZonesTestCase" time="0.271"/>
  <system-out><![CDATA[Wed Sep 21 06:35:17 UTC 2016|Log Manager Factory|Initialization Process started.....
Wed Sep 21 06:35:17 UTC 2016|Log Manager|Initialized with Path = [/home/applifire/workspace/testpro/src/main/webapp/WEB-INF/conf]
Wed Sep 21 06:35:17 UTC 2016|Alarm Manager|Initialized with Path = [/home/applifire/workspace/testpro/src/main/webapp/WEB-INF/conf]
Wed Sep 21 06:35:17 UTC 2016|Alarm Manager|Loading Alarms ......
Wed Sep 21 06:35:17 UTC 2016|Alarm XML Parser|FWA|XML Parsing Complete........ 
Wed Sep 21 06:35:17 UTC 2016|Alarm File Manager|FWA|Alarm File Status.. [ApplicationFrameworkAlarms.xml]|Version=15|Status=Done 
Wed Sep 21 06:35:17 UTC 2016|Alarm File Manager|FWA|Alarm Stats = ( BC/AL=5/786 SYS=5/11 [786/0]  TPL=0/0 [0/0]  APP= A.Map=[875]  E.Map EC/RC=[391/79] )
Wed Sep 21 06:35:17 UTC 2016|Alarm XML Parser|APP|XML Parsing Complete........ 
Wed Sep 21 06:35:17 UTC 2016|Alarm File Manager|APP|Alarm File Status.. [ApplicationAlarms.xml]|Version=1|Status=Done 
Wed Sep 21 06:35:17 UTC 2016|Alarm File Manager|APP|Alarm Stats = ( BC/AL=5/786 SYS=5/11 [786/0]  TPL=0/0 [0/0]  APP=0/0 [0/0]  A.Map=[875]  E.Map EC/RC=[391/79] )
Wed Sep 21 06:35:17 UTC 2016|ApplicationAlarmContext| <><><><><> Create App Alarms ....  <><><><><> 
Wed Sep 21 06:35:17 UTC 2016|ApplicationAlarmContext|Alarms are generated ONLY in Development Mode.. 
Wed Sep 21 06:35:17 UTC 2016|Alarm Manager|APP|Alarm Stats = ( BC/AL=5/786 SYS=5/11 [786/0]  TPL=0/0 [0/0]  APP=0/0 [0/0]  A.Map=[875]  E.Map EC/RC=[391/79] )
Wed Sep 21 06:35:17 UTC 2016|Alarm Manager|Initialized Exception Lookup...
Wed Sep 21 06:35:17 UTC 2016|Log Manager|Initialize Log Config File ......
Wed Sep 21 06:35:17 UTC 2016|Pluggable Connectors|Adding Connectors : StandardOutputConnector isEnabled=true isDefault=false isFallBack=true
Wed Sep 21 06:35:17 UTC 2016|Pluggable Connectors|Adding Connectors : StandardFileConnector isEnabled=true isDefault=false isFallBack=false
Wed Sep 21 06:35:17 UTC 2016|Pluggable Connectors|Adding Connectors : Sprinkler isEnabled=true isDefault=true isFallBack=false
Wed Sep 21 06:35:17 UTC 2016|Pluggable Connectors|Default Connector Name : com.spartan.logger.core.LogMessenger
Wed Sep 21 06:35:17 UTC 2016|Log Config Parser|Connector Least Log Level =[4]  FallBack Log Level =[3]
Wed Sep 21 06:35:17 UTC 2016|Log Manager|Loading Default Connector for Logging ......
Wed Sep 21 06:35:17 UTC 2016|Log Manager|Loading class .. com.spartan.logger.core.LogMessenger
Wed Sep 21 06:35:17 UTC 2016|Plugggable Connector|Connector class com.spartan.logger.core.LogMessenger Initialized... @ Log Level = 3
Wed Sep 21 06:35:17 UTC 2016|Log Manager|Starting the Default Connector [com.spartan.logger.core.LogMessenger@49b5b628] ....
Wed Sep 21 06:35:17 UTC 2016|Scheduler|Starting the Scheduler ......
Wed Sep 21 06:35:17 UTC 2016|Scheduler|Adding [LMID=[b53b3b4c-eae5-4dab-b5a8-91035a9d6d6b]] Delay=5 Time Unit=MINUTES
Wed Sep 21 06:35:17 UTC 2016|Scheduler|Adding [App Alarm Manager File=[ApplicationAlarms.xml]] Delay=30 Time Unit=MINUTES
Wed Sep 21 06:35:17 UTC 2016|Scheduler|Adding [FW Alarm Manager File=[ApplicationFrameworkAlarms.xml]] Delay=3 Time Unit=MINUTES
Wed Sep 21 06:35:17 UTC 2016|Scheduler|Startup Completed..
Wed Sep 21 06:35:17 UTC 2016|Log Manager|Initialization Process Complete ......
Wed Sep 21 06:35:17 UTC 2016|Log Manager Factory|Log Manager READY! ID = b53b3b4c-eae5-4dab-b5a8-91035a9d6d6b
[EL Finer]: connection: 2016-09-21 06:35:17.154--ServerSession(993367760)--Thread(Thread[Test worker,5,main])--client acquired: 1197307996
[EL Finer]: transaction: 2016-09-21 06:35:17.154--ClientSession(1197307996)--Thread(Thread[Test worker,5,main])--acquire unit of work: 1233716382
[EL Finest]: connection: 2016-09-21 06:35:17.154--ServerSession(993367760)--Connection(1116620489)--Thread(Thread[Test worker,5,main])--Connection acquired from connection pool [default].
[EL Finer]: transaction: 2016-09-21 06:35:17.154--ClientSession(1197307996)--Connection(1116620489)--Thread(Thread[Test worker,5,main])--begin transaction
[EL Finest]: connection: 2016-09-21 06:35:17.154--ClientSession(1197307996)--Thread(Thread[Test worker,5,main])--reconnecting to external connection pool
Wed Sep 21 06:35:17 UTC 2016|Unknown Alarm = ORGLM312100100 Alarm Split = ORG-LM-3-1-2-100-100
[EL Finest]: transaction: 2016-09-21 06:35:17.161--UnitOfWork(1233716382)--Thread(Thread[Test worker,5,main])--persist() operation called on: 41sBDis1Aofb0Vmb4L9Ey2bjUpvJXP2mX25kz9tuiUYAD6vrDx.
[EL Finest]: sequencing: 2016-09-21 06:35:17.161--UnitOfWork(1233716382)--Thread(Thread[Test worker,5,main])--assign sequence to the object (9957D918-D1CE-45C3-85A6-EABE21A0753C -> 41sBDis1Aofb0Vmb4L9Ey2bjUpvJXP2mX25kz9tuiUYAD6vrDx)
[EL Finer]: transaction: 2016-09-21 06:35:17.162--UnitOfWork(1233716382)--Thread(Thread[Test worker,5,main])--begin unit of work commit
[EL Finest]: query: 2016-09-21 06:35:17.162--UnitOfWork(1233716382)--Thread(Thread[Test worker,5,main])--Execute query InsertObjectQuery(41sBDis1Aofb0Vmb4L9Ey2bjUpvJXP2mX25kz9tuiUYAD6vrDx)
[EL Fine]: sql: 2016-09-21 06:35:17.163--ClientSession(1197307996)--Connection(2026859351)--Thread(Thread[Test worker,5,main])--INSERT INTO Country (countryId, capital, capitalLatitude, capitalLongitude, countryCode1, countryCode2, countryFlag, countryName, currencyCode, currencyName, currencySymbol, isoNumeric, versionId, createdBy, createdDate, updatedBy, updatedDate, activeStatus, txnAccessCode) VALUES (?, ?, ?, ?, ?, ?, ?, ?, ?, ?, ?, ?, ?, ?, ?, ?, ?, ?, ?)
	bind => [9957D918-D1CE-45C3-85A6-EABE21A0753C, AQzycOLIXsVsxdRQfWvKuIi1jefvlQWZ, 7, 7, Clq, 9Cd, nFoD0tx6HNi0paiNIyxsXopQdMRcemseTo7Dr0hIqpsflXX2dq, 41sBDis1Aofb0Vmb4L9Ey2bjUpvJXP2mX25kz9tuiUYAD6vrDx, lMI, Z4PoTbd0pUAbwXqlZ0vgNrmUAafTRKTGgnjiXZ3GYXnAmQ0XHV, tfR1ZYfOi7IUPC3x1M9A0umXGk8H3fMh, 254, 1, AAAAA, 2016-09-21 06:35:17.133, AAAAA, 2016-09-21 06:35:17.133, 1, 51000]
[EL Finer]: transaction: 2016-09-21 06:35:17.166--ClientSession(1197307996)--Connection(2026859351)--Thread(Thread[Test worker,5,main])--commit transaction
[EL Finest]: connection: 2016-09-21 06:35:17.222--ServerSession(993367760)--Connection(1116620489)--Thread(Thread[Test worker,5,main])--Connection released to connection pool [default].
[EL Finer]: transaction: 2016-09-21 06:35:17.223--UnitOfWork(1233716382)--Thread(Thread[Test worker,5,main])--end unit of work commit
[EL Finer]: transaction: 2016-09-21 06:35:17.223--UnitOfWork(1233716382)--Thread(Thread[Test worker,5,main])--resume unit of work
[EL Finer]: transaction: 2016-09-21 06:35:17.223--UnitOfWork(1233716382)--Thread(Thread[Test worker,5,main])--release unit of work
[EL Finer]: connection: 2016-09-21 06:35:17.223--ClientSession(1197307996)--Thread(Thread[Test worker,5,main])--client released
[EL Finer]: connection: 2016-09-21 06:35:17.249--ServerSession(993367760)--Thread(Thread[Test worker,5,main])--client acquired: 517872256
[EL Finer]: transaction: 2016-09-21 06:35:17.249--ClientSession(517872256)--Thread(Thread[Test worker,5,main])--acquire unit of work: 127785301
[EL Finest]: connection: 2016-09-21 06:35:17.249--ServerSession(993367760)--Connection(203906907)--Thread(Thread[Test worker,5,main])--Connection acquired from connection pool [default].
[EL Finer]: transaction: 2016-09-21 06:35:17.249--ClientSession(517872256)--Connection(203906907)--Thread(Thread[Test worker,5,main])--begin transaction
[EL Finest]: connection: 2016-09-21 06:35:17.25--ClientSession(517872256)--Thread(Thread[Test worker,5,main])--reconnecting to external connection pool
Wed Sep 21 06:35:17 UTC 2016|Unknown Alarm = ORGLM312100100 Alarm Split = ORG-LM-3-1-2-100-100
[EL Finest]: transaction: 2016-09-21 06:35:17.256--UnitOfWork(127785301)--Thread(Thread[Test worker,5,main])--persist() operation called on: wcQbDH1s7YQyrR6AunMRsq0lHNB4ihRAL57wfPKWqSmH1BO9Ju.
[EL Finest]: sequencing: 2016-09-21 06:35:17.256--UnitOfWork(127785301)--Thread(Thread[Test worker,5,main])--assign sequence to the object (28E7F83B-6246-487A-9836-68AB3C9B03C9 -> wcQbDH1s7YQyrR6AunMRsq0lHNB4ihRAL57wfPKWqSmH1BO9Ju)
[EL Finer]: transaction: 2016-09-21 06:35:17.257--UnitOfWork(127785301)--Thread(Thread[Test worker,5,main])--begin unit of work commit
[EL Finest]: query: 2016-09-21 06:35:17.257--UnitOfWork(127785301)--Thread(Thread[Test worker,5,main])--Execute query InsertObjectQuery(wcQbDH1s7YQyrR6AunMRsq0lHNB4ihRAL57wfPKWqSmH1BO9Ju)
[EL Fine]: sql: 2016-09-21 06:35:17.258--ClientSession(517872256)--Connection(1952855413)--Thread(Thread[Test worker,5,main])--INSERT INTO State (stateId, countryId, stateCapital, stateCapitalLatitude, stateCapitalLongitude, stateCode, stateCodeChar2, stateCodeChar3, stateDescription, stateFlag, stateName, versionId, createdBy, createdDate, updatedBy, updatedDate, activeStatus, txnAccessCode) VALUES (?, ?, ?, ?, ?, ?, ?, ?, ?, ?, ?, ?, ?, ?, ?, ?, ?, ?)
	bind => [28E7F83B-6246-487A-9836-68AB3C9B03C9, 9957D918-D1CE-45C3-85A6-EABE21A0753C, 8BeQJQHxM7tjOF6TFzkRsvOgGg9SctArRlnEBEhBObYNDtY062, 11, 1, 2, Wu2lsvrmUHOhiIQFejDbvm0IvnfO0YbU, jGiApslYZ59XuzQw3IT1rTspTjaGeWJj, KomGcrzD9ja6zF0WY0BNHHDOP6G5EXAVao87SA1byZIHBJJ0Ks, SqSK0rGCBJIdWDNLY6yaT9GPCLaPhhpKSYH8BCuGculz8pMnoz, wcQbDH1s7YQyrR6AunMRsq0lHNB4ihRAL57wfPKWqSmH1BO9Ju, 1, AAAAA, 2016-09-21 06:35:17.133, AAAAA, 2016-09-21 06:35:17.133, 1, 51000]
[EL Finer]: transaction: 2016-09-21 06:35:17.259--ClientSession(517872256)--Connection(1952855413)--Thread(Thread[Test worker,5,main])--commit transaction
[EL Finest]: connection: 2016-09-21 06:35:17.288--ServerSession(993367760)--Connection(203906907)--Thread(Thread[Test worker,5,main])--Connection released to connection pool [default].
[EL Finer]: transaction: 2016-09-21 06:35:17.288--UnitOfWork(127785301)--Thread(Thread[Test worker,5,main])--end unit of work commit
[EL Finer]: transaction: 2016-09-21 06:35:17.288--UnitOfWork(127785301)--Thread(Thread[Test worker,5,main])--resume unit of work
[EL Finer]: transaction: 2016-09-21 06:35:17.288--UnitOfWork(127785301)--Thread(Thread[Test worker,5,main])--release unit of work
[EL Finer]: connection: 2016-09-21 06:35:17.288--ClientSession(517872256)--Thread(Thread[Test worker,5,main])--client released
[EL Finer]: connection: 2016-09-21 06:35:17.393--ServerSession(993367760)--Thread(Thread[Test worker,5,main])--client acquired: 390785426
[EL Finer]: transaction: 2016-09-21 06:35:17.393--ClientSession(390785426)--Thread(Thread[Test worker,5,main])--acquire unit of work: 925662256
[EL Finest]: connection: 2016-09-21 06:35:17.394--ServerSession(993367760)--Connection(1233997724)--Thread(Thread[Test worker,5,main])--Connection acquired from connection pool [default].
[EL Finer]: transaction: 2016-09-21 06:35:17.394--ClientSession(390785426)--Connection(1233997724)--Thread(Thread[Test worker,5,main])--begin transaction
[EL Finest]: connection: 2016-09-21 06:35:17.394--ClientSession(390785426)--Thread(Thread[Test worker,5,main])--reconnecting to external connection pool
Wed Sep 21 06:35:17 UTC 2016|Unknown Alarm = OEBLE312100100 Alarm Split = OEB-LE-3-1-2-100-100
[EL Finest]: transaction: 2016-09-21 06:35:17.401--UnitOfWork(925662256)--Thread(Thread[Test worker,5,main])--persist() operation called on: vNLRQebt1ilsPhUR89Wje6XH4tGGZw0Lda8jIqMlzRpsIe89Zy.
[EL Finest]: sequencing: 2016-09-21 06:35:17.402--UnitOfWork(925662256)--Thread(Thread[Test worker,5,main])--assign sequence to the object (B3378275-1EA9-48D7-91B8-92F1670A191F -> vNLRQebt1ilsPhUR89Wje6XH4tGGZw0Lda8jIqMlzRpsIe89Zy)
Wed Sep 21 06:35:17 UTC 2016|Unknown Alarm = OEBLE322100200 Alarm Split = OEB-LE-3-2-2-100-200
Wed Sep 21 06:35:17 UTC 2016|Unknown Alarm = OEBLE317100100 Alarm Split = OEB-LE-3-1-7-100-100
[EL Finer]: transaction: 2016-09-21 06:35:17.403--UnitOfWork(925662256)--Thread(Thread[Test worker,5,main])--begin unit of work commit
[EL Finest]: query: 2016-09-21 06:35:17.403--UnitOfWork(925662256)--Thread(Thread[Test worker,5,main])--Execute query InsertObjectQuery(vNLRQebt1ilsPhUR89Wje6XH4tGGZw0Lda8jIqMlzRpsIe89Zy)
[EL Fine]: sql: 2016-09-21 06:35:17.404--ClientSession(390785426)--Connection(1115424467)--Thread(Thread[Test worker,5,main])--INSERT INTO Zones (zoneId, countryId, stateId, versionId, zoneName, createdBy, createdDate, updatedBy, updatedDate, activeStatus, txnAccessCode) VALUES (?, ?, ?, ?, ?, ?, ?, ?, ?, ?, ?)
	bind => [B3378275-1EA9-48D7-91B8-92F1670A191F, 9957D918-D1CE-45C3-85A6-EABE21A0753C, 28E7F83B-6246-487A-9836-68AB3C9B03C9, 1, vNLRQebt1ilsPhUR89Wje6XH4tGGZw0Lda8jIqMlzRpsIe89Zy, AAAAA, 2016-09-21 06:35:17.288, AAAAA, 2016-09-21 06:35:17.288, 1, 51000]
[EL Finer]: transaction: 2016-09-21 06:35:17.406--ClientSession(390785426)--Connection(1115424467)--Thread(Thread[Test worker,5,main])--commit transaction
[EL Finest]: connection: 2016-09-21 06:35:17.497--ServerSession(993367760)--Connection(1233997724)--Thread(Thread[Test worker,5,main])--Connection released to connection pool [default].
[EL Finer]: transaction: 2016-09-21 06:35:17.497--UnitOfWork(925662256)--Thread(Thread[Test worker,5,main])--end unit of work commit
[EL Finer]: transaction: 2016-09-21 06:35:17.497--UnitOfWork(925662256)--Thread(Thread[Test worker,5,main])--resume unit of work
[EL Finer]: transaction: 2016-09-21 06:35:17.498--UnitOfWork(925662256)--Thread(Thread[Test worker,5,main])--release unit of work
[EL Finer]: connection: 2016-09-21 06:35:17.498--ClientSession(390785426)--Thread(Thread[Test worker,5,main])--client released
[EL Finer]: connection: 2016-09-21 06:35:17.524--ServerSession(993367760)--Thread(Thread[Test worker,5,main])--client acquired: 891890384
[EL Finer]: transaction: 2016-09-21 06:35:17.524--ClientSession(891890384)--Thread(Thread[Test worker,5,main])--acquire unit of work: 565827828
[EL Finest]: connection: 2016-09-21 06:35:17.524--ServerSession(993367760)--Connection(810716280)--Thread(Thread[Test worker,5,main])--Connection acquired from connection pool [default].
[EL Finer]: transaction: 2016-09-21 06:35:17.524--ClientSession(891890384)--Connection(810716280)--Thread(Thread[Test worker,5,main])--begin transaction
[EL Finest]: connection: 2016-09-21 06:35:17.524--ClientSession(891890384)--Thread(Thread[Test worker,5,main])--reconnecting to external connection pool
Wed Sep 21 06:35:17 UTC 2016|Unknown Alarm = OEBLE314100100 Alarm Split = OEB-LE-3-1-4-100-100
[EL Finer]: transaction: 2016-09-21 06:35:17.526--UnitOfWork(565827828)--Thread(Thread[Test worker,5,main])--begin unit of work flush
[EL Finer]: transaction: 2016-09-21 06:35:17.526--UnitOfWork(565827828)--Thread(Thread[Test worker,5,main])--end unit of work flush
[EL Finest]: query: 2016-09-21 06:35:17.527--UnitOfWork(565827828)--Thread(Thread[Test worker,5,main])--Execute query ReadAllQuery(name="Zones.findById" referenceClass=Zones sql="SELECT zoneId, countryId, stateId, versionId, zoneName, createdBy, createdDate, updatedBy, updatedDate, activeStatus, txnAccessCode FROM Zones WHERE ((activeStatus = ?) AND (zoneId = ?))")
[EL Fine]: sql: 2016-09-21 06:35:17.527--ClientSession(891890384)--Connection(2005809924)--Thread(Thread[Test worker,5,main])--SELECT zoneId, countryId, stateId, versionId, zoneName, createdBy, createdDate, updatedBy, updatedDate, activeStatus, txnAccessCode FROM Zones WHERE ((activeStatus = ?) AND (zoneId = ?))
	bind => [1, B3378275-1EA9-48D7-91B8-92F1670A191F]
Wed Sep 21 06:35:17 UTC 2016|Unknown Alarm = OEBLE324100200 Alarm Split = OEB-LE-3-2-4-100-200
Wed Sep 21 06:35:17 UTC 2016|Unknown Alarm = OEBLE317100100 Alarm Split = OEB-LE-3-1-7-100-100
[EL Finer]: transaction: 2016-09-21 06:35:17.529--UnitOfWork(565827828)--Thread(Thread[Test worker,5,main])--begin unit of work commit
[EL Finer]: transaction: 2016-09-21 06:35:17.53--ClientSession(891890384)--Connection(2005809924)--Thread(Thread[Test worker,5,main])--commit transaction
[EL Finest]: connection: 2016-09-21 06:35:17.53--ServerSession(993367760)--Connection(810716280)--Thread(Thread[Test worker,5,main])--Connection released to connection pool [default].
[EL Finer]: transaction: 2016-09-21 06:35:17.53--UnitOfWork(565827828)--Thread(Thread[Test worker,5,main])--end unit of work commit
[EL Finer]: transaction: 2016-09-21 06:35:17.53--UnitOfWork(565827828)--Thread(Thread[Test worker,5,main])--resume unit of work
[EL Finer]: transaction: 2016-09-21 06:35:17.531--UnitOfWork(565827828)--Thread(Thread[Test worker,5,main])--release unit of work
[EL Finer]: connection: 2016-09-21 06:35:17.531--ClientSession(891890384)--Thread(Thread[Test worker,5,main])--client released
[EL Finer]: connection: 2016-09-21 06:35:17.531--ServerSession(993367760)--Thread(Thread[Test worker,5,main])--client acquired: 1224949074
[EL Finer]: transaction: 2016-09-21 06:35:17.531--ClientSession(1224949074)--Thread(Thread[Test worker,5,main])--acquire unit of work: 1940846576
[EL Finest]: connection: 2016-09-21 06:35:17.531--ServerSession(993367760)--Connection(1679288549)--Thread(Thread[Test worker,5,main])--Connection acquired from connection pool [default].
[EL Finer]: transaction: 2016-09-21 06:35:17.532--ClientSession(1224949074)--Connection(1679288549)--Thread(Thread[Test worker,5,main])--begin transaction
[EL Finest]: connection: 2016-09-21 06:35:17.532--ClientSession(1224949074)--Thread(Thread[Test worker,5,main])--reconnecting to external connection pool
Wed Sep 21 06:35:17 UTC 2016|Unknown Alarm = OEBLE311100100 Alarm Split = OEB-LE-3-1-1-100-100
[EL Finest]: transaction: 2016-09-21 06:35:17.534--UnitOfWork(1940846576)--Thread(Thread[Test worker,5,main])--Merge clone with references lmABhqfSIppUcsYckkQucibjgAmhEiuLbKlDigfCQhQjbdhP3U
[EL Finest]: query: 2016-09-21 06:35:17.534--UnitOfWork(1940846576)--Thread(Thread[Test worker,5,main])--Execute query ReadObjectQuery(referenceClass=Zones )
[EL Fine]: sql: 2016-09-21 06:35:17.535--ClientSession(1224949074)--Connection(1499544002)--Thread(Thread[Test worker,5,main])--SELECT zoneId, countryId, stateId, versionId, zoneName, createdBy, createdDate, updatedBy, updatedDate, activeStatus, txnAccessCode FROM Zones WHERE (zoneId = ?)
	bind => [B3378275-1EA9-48D7-91B8-92F1670A191F]
Wed Sep 21 06:35:17 UTC 2016|Unknown Alarm = OEBLE321100200 Alarm Split = OEB-LE-3-2-1-100-200
Wed Sep 21 06:35:17 UTC 2016|Unknown Alarm = OEBLE317100100 Alarm Split = OEB-LE-3-1-7-100-100
[EL Finer]: transaction: 2016-09-21 06:35:17.537--UnitOfWork(1940846576)--Thread(Thread[Test worker,5,main])--begin unit of work commit
[EL Finest]: query: 2016-09-21 06:35:17.537--UnitOfWork(1940846576)--Thread(Thread[Test worker,5,main])--Execute query UpdateObjectQuery(lmABhqfSIppUcsYckkQucibjgAmhEiuLbKlDigfCQhQjbdhP3U)
[EL Fine]: sql: 2016-09-21 06:35:17.538--ClientSession(1224949074)--Connection(1499544002)--Thread(Thread[Test worker,5,main])--UPDATE Zones SET zoneName = ?, versionId = ? WHERE ((zoneId = ?) AND (versionId = ?))
	bind => [lmABhqfSIppUcsYckkQucibjgAmhEiuLbKlDigfCQhQjbdhP3U, 2, B3378275-1EA9-48D7-91B8-92F1670A191F, 1]
[EL Finer]: transaction: 2016-09-21 06:35:17.539--ClientSession(1224949074)--Connection(1499544002)--Thread(Thread[Test worker,5,main])--commit transaction
[EL Finest]: connection: 2016-09-21 06:35:17.583--ServerSession(993367760)--Connection(1679288549)--Thread(Thread[Test worker,5,main])--Connection released to connection pool [default].
[EL Finer]: transaction: 2016-09-21 06:35:17.583--UnitOfWork(1940846576)--Thread(Thread[Test worker,5,main])--end unit of work commit
[EL Finer]: transaction: 2016-09-21 06:35:17.583--UnitOfWork(1940846576)--Thread(Thread[Test worker,5,main])--resume unit of work
[EL Finer]: transaction: 2016-09-21 06:35:17.584--UnitOfWork(1940846576)--Thread(Thread[Test worker,5,main])--release unit of work
[EL Finer]: connection: 2016-09-21 06:35:17.584--ClientSession(1224949074)--Thread(Thread[Test worker,5,main])--client released
[EL Finer]: connection: 2016-09-21 06:35:17.629--ServerSession(993367760)--Thread(Thread[Test worker,5,main])--client acquired: 1969950170
[EL Finer]: transaction: 2016-09-21 06:35:17.629--ClientSession(1969950170)--Thread(Thread[Test worker,5,main])--acquire unit of work: 1197121391
[EL Finest]: connection: 2016-09-21 06:35:17.629--ServerSession(993367760)--Connection(244929794)--Thread(Thread[Test worker,5,main])--Connection acquired from connection pool [default].
[EL Finer]: transaction: 2016-09-21 06:35:17.629--ClientSession(1969950170)--Connection(244929794)--Thread(Thread[Test worker,5,main])--begin transaction
[EL Finest]: connection: 2016-09-21 06:35:17.63--ClientSession(1969950170)--Thread(Thread[Test worker,5,main])--reconnecting to external connection pool
Wed Sep 21 06:35:17 UTC 2016|Unknown Alarm = OEBLE314100100 Alarm Split = OEB-LE-3-1-4-100-100
[EL Finer]: transaction: 2016-09-21 06:35:17.631--UnitOfWork(1197121391)--Thread(Thread[Test worker,5,main])--begin unit of work flush
[EL Finer]: transaction: 2016-09-21 06:35:17.631--UnitOfWork(1197121391)--Thread(Thread[Test worker,5,main])--end unit of work flush
[EL Finest]: query: 2016-09-21 06:35:17.634--UnitOfWork(1197121391)--Thread(Thread[Test worker,5,main])--Execute query ReadAllQuery(name="Zones.findById" referenceClass=Zones sql="SELECT zoneId, countryId, stateId, versionId, zoneName, createdBy, createdDate, updatedBy, updatedDate, activeStatus, txnAccessCode FROM Zones WHERE ((activeStatus = ?) AND (zoneId = ?))")
[EL Fine]: sql: 2016-09-21 06:35:17.634--ClientSession(1969950170)--Connection(758322325)--Thread(Thread[Test worker,5,main])--SELECT zoneId, countryId, stateId, versionId, zoneName, createdBy, createdDate, updatedBy, updatedDate, activeStatus, txnAccessCode FROM Zones WHERE ((activeStatus = ?) AND (zoneId = ?))
	bind => [1, B3378275-1EA9-48D7-91B8-92F1670A191F]
Wed Sep 21 06:35:17 UTC 2016|Unknown Alarm = OEBLE324100200 Alarm Split = OEB-LE-3-2-4-100-200
Wed Sep 21 06:35:17 UTC 2016|Unknown Alarm = OEBLE317100100 Alarm Split = OEB-LE-3-1-7-100-100
[EL Finer]: transaction: 2016-09-21 06:35:17.636--UnitOfWork(1197121391)--Thread(Thread[Test worker,5,main])--begin unit of work commit
[EL Finer]: transaction: 2016-09-21 06:35:17.637--ClientSession(1969950170)--Connection(758322325)--Thread(Thread[Test worker,5,main])--commit transaction
[EL Finest]: connection: 2016-09-21 06:35:17.638--ServerSession(993367760)--Connection(244929794)--Thread(Thread[Test worker,5,main])--Connection released to connection pool [default].
[EL Finer]: transaction: 2016-09-21 06:35:17.638--UnitOfWork(1197121391)--Thread(Thread[Test worker,5,main])--end unit of work commit
[EL Finer]: transaction: 2016-09-21 06:35:17.638--UnitOfWork(1197121391)--Thread(Thread[Test worker,5,main])--resume unit of work
[EL Finer]: transaction: 2016-09-21 06:35:17.638--UnitOfWork(1197121391)--Thread(Thread[Test worker,5,main])--release unit of work
[EL Finer]: connection: 2016-09-21 06:35:17.638--ClientSession(1969950170)--Thread(Thread[Test worker,5,main])--client released
[EL Finer]: connection: 2016-09-21 06:35:17.688--ServerSession(993367760)--Thread(Thread[Test worker,5,main])--client acquired: 505392109
[EL Finer]: transaction: 2016-09-21 06:35:17.689--ClientSession(505392109)--Thread(Thread[Test worker,5,main])--acquire unit of work: 827352078
[EL Finest]: connection: 2016-09-21 06:35:17.689--ServerSession(993367760)--Connection(349760621)--Thread(Thread[Test worker,5,main])--Connection acquired from connection pool [default].
[EL Finer]: transaction: 2016-09-21 06:35:17.69--ClientSession(505392109)--Connection(349760621)--Thread(Thread[Test worker,5,main])--begin transaction
[EL Finest]: connection: 2016-09-21 06:35:17.69--ClientSession(505392109)--Thread(Thread[Test worker,5,main])--reconnecting to external connection pool
Wed Sep 21 06:35:17 UTC 2016|Unknown Alarm = OEBLE314100100 Alarm Split = OEB-LE-3-1-4-100-100
[EL Finer]: transaction: 2016-09-21 06:35:17.696--UnitOfWork(827352078)--Thread(Thread[Test worker,5,main])--begin unit of work flush
[EL Finer]: transaction: 2016-09-21 06:35:17.697--UnitOfWork(827352078)--Thread(Thread[Test worker,5,main])--end unit of work flush
[EL Finest]: query: 2016-09-21 06:35:17.697--UnitOfWork(827352078)--Thread(Thread[Test worker,5,main])--Execute query ReadAllQuery(name="Zones.findByCountryId" referenceClass=Zones sql="SELECT zoneId, countryId, stateId, versionId, zoneName, createdBy, createdDate, updatedBy, updatedDate, activeStatus, txnAccessCode FROM Zones WHERE ((activeStatus = ?) AND (countryId = ?))")
[EL Fine]: sql: 2016-09-21 06:35:17.697--ClientSession(505392109)--Connection(1829773841)--Thread(Thread[Test worker,5,main])--SELECT zoneId, countryId, stateId, versionId, zoneName, createdBy, createdDate, updatedBy, updatedDate, activeStatus, txnAccessCode FROM Zones WHERE ((activeStatus = ?) AND (countryId = ?))
	bind => [1, 9957D918-D1CE-45C3-85A6-EABE21A0753C]
Wed Sep 21 06:35:17 UTC 2016|Unknown Alarm = OEBLE324100200 Alarm Split = OEB-LE-3-2-4-100-200
Wed Sep 21 06:35:17 UTC 2016|Unknown Alarm = OEBLE317100100 Alarm Split = OEB-LE-3-1-7-100-100
[EL Finer]: transaction: 2016-09-21 06:35:17.701--UnitOfWork(827352078)--Thread(Thread[Test worker,5,main])--begin unit of work commit
[EL Finer]: transaction: 2016-09-21 06:35:17.702--ClientSession(505392109)--Connection(1829773841)--Thread(Thread[Test worker,5,main])--commit transaction
[EL Finest]: connection: 2016-09-21 06:35:17.702--ServerSession(993367760)--Connection(349760621)--Thread(Thread[Test worker,5,main])--Connection released to connection pool [default].
[EL Finer]: transaction: 2016-09-21 06:35:17.703--UnitOfWork(827352078)--Thread(Thread[Test worker,5,main])--end unit of work commit
[EL Finer]: transaction: 2016-09-21 06:35:17.703--UnitOfWork(827352078)--Thread(Thread[Test worker,5,main])--resume unit of work
[EL Finer]: transaction: 2016-09-21 06:35:17.704--UnitOfWork(827352078)--Thread(Thread[Test worker,5,main])--release unit of work
[EL Finer]: connection: 2016-09-21 06:35:17.704--ClientSession(505392109)--Thread(Thread[Test worker,5,main])--client released
[EL Finer]: connection: 2016-09-21 06:35:17.748--ServerSession(993367760)--Thread(Thread[Test worker,5,main])--client acquired: 1012129801
[EL Finer]: transaction: 2016-09-21 06:35:17.748--ClientSession(1012129801)--Thread(Thread[Test worker,5,main])--acquire unit of work: 647597520
[EL Finest]: connection: 2016-09-21 06:35:17.748--ServerSession(993367760)--Connection(724395644)--Thread(Thread[Test worker,5,main])--Connection acquired from connection pool [default].
[EL Finer]: transaction: 2016-09-21 06:35:17.748--ClientSession(1012129801)--Connection(724395644)--Thread(Thread[Test worker,5,main])--begin transaction
[EL Finest]: connection: 2016-09-21 06:35:17.748--ClientSession(1012129801)--Thread(Thread[Test worker,5,main])--reconnecting to external connection pool
Wed Sep 21 06:35:17 UTC 2016|Unknown Alarm = OEBLE314100100 Alarm Split = OEB-LE-3-1-4-100-100
[EL Finer]: transaction: 2016-09-21 06:35:17.75--UnitOfWork(647597520)--Thread(Thread[Test worker,5,main])--begin unit of work flush
[EL Finer]: transaction: 2016-09-21 06:35:17.75--UnitOfWork(647597520)--Thread(Thread[Test worker,5,main])--end unit of work flush
[EL Finest]: query: 2016-09-21 06:35:17.751--UnitOfWork(647597520)--Thread(Thread[Test worker,5,main])--Execute query ReadAllQuery(name="Zones.findByStateId" referenceClass=Zones sql="SELECT zoneId, countryId, stateId, versionId, zoneName, createdBy, createdDate, updatedBy, updatedDate, activeStatus, txnAccessCode FROM Zones WHERE ((activeStatus = ?) AND (stateId = ?))")
[EL Fine]: sql: 2016-09-21 06:35:17.751--ClientSession(1012129801)--Connection(747989081)--Thread(Thread[Test worker,5,main])--SELECT zoneId, countryId, stateId, versionId, zoneName, createdBy, createdDate, updatedBy, updatedDate, activeStatus, txnAccessCode FROM Zones WHERE ((activeStatus = ?) AND (stateId = ?))
	bind => [1, 28E7F83B-6246-487A-9836-68AB3C9B03C9]
Wed Sep 21 06:35:17 UTC 2016|Unknown Alarm = OEBLE324100200 Alarm Split = OEB-LE-3-2-4-100-200
Wed Sep 21 06:35:17 UTC 2016|Unknown Alarm = OEBLE317100100 Alarm Split = OEB-LE-3-1-7-100-100
[EL Finer]: transaction: 2016-09-21 06:35:17.753--UnitOfWork(647597520)--Thread(Thread[Test worker,5,main])--begin unit of work commit
[EL Finer]: transaction: 2016-09-21 06:35:17.753--ClientSession(1012129801)--Connection(747989081)--Thread(Thread[Test worker,5,main])--commit transaction
[EL Finest]: connection: 2016-09-21 06:35:17.754--ServerSession(993367760)--Connection(724395644)--Thread(Thread[Test worker,5,main])--Connection released to connection pool [default].
[EL Finer]: transaction: 2016-09-21 06:35:17.754--UnitOfWork(647597520)--Thread(Thread[Test worker,5,main])--end unit of work commit
[EL Finer]: transaction: 2016-09-21 06:35:17.754--UnitOfWork(647597520)--Thread(Thread[Test worker,5,main])--resume unit of work
[EL Finer]: transaction: 2016-09-21 06:35:17.754--UnitOfWork(647597520)--Thread(Thread[Test worker,5,main])--release unit of work
[EL Finer]: connection: 2016-09-21 06:35:17.754--ClientSession(1012129801)--Thread(Thread[Test worker,5,main])--client released
[EL Finer]: connection: 2016-09-21 06:35:17.814--ServerSession(993367760)--Thread(Thread[Test worker,5,main])--client acquired: 262019121
[EL Finer]: transaction: 2016-09-21 06:35:17.814--ClientSession(262019121)--Thread(Thread[Test worker,5,main])--acquire unit of work: 1413890297
[EL Finest]: connection: 2016-09-21 06:35:17.814--ServerSession(993367760)--Connection(1347667624)--Thread(Thread[Test worker,5,main])--Connection acquired from connection pool [default].
[EL Finer]: transaction: 2016-09-21 06:35:17.814--ClientSession(262019121)--Connection(1347667624)--Thread(Thread[Test worker,5,main])--begin transaction
[EL Finest]: connection: 2016-09-21 06:35:17.814--ClientSession(262019121)--Thread(Thread[Test worker,5,main])--reconnecting to external connection pool
Wed Sep 21 06:35:17 UTC 2016|Unknown Alarm = OEBLE318100100 Alarm Split = OEB-LE-3-1-8-100-100
[EL Finest]: query: 2016-09-21 06:35:17.816--UnitOfWork(1413890297)--Thread(Thread[Test worker,5,main])--Execute query ReadObjectQuery(name="readZones" referenceClass=Zones sql="SELECT zoneId, countryId, stateId, versionId, zoneName, createdBy, createdDate, updatedBy, updatedDate, activeStatus, txnAccessCode FROM Zones WHERE (zoneId = ?)")
[EL Fine]: sql: 2016-09-21 06:35:17.816--ClientSession(262019121)--Connection(887160330)--Thread(Thread[Test worker,5,main])--SELECT zoneId, countryId, stateId, versionId, zoneName, createdBy, createdDate, updatedBy, updatedDate, activeStatus, txnAccessCode FROM Zones WHERE (zoneId = ?)
	bind => [B3378275-1EA9-48D7-91B8-92F1670A191F]
[EL Finest]: transaction: 2016-09-21 06:35:17.818--UnitOfWork(1413890297)--Thread(Thread[Test worker,5,main])--remove() operation called on: lmABhqfSIppUcsYckkQucibjgAmhEiuLbKlDigfCQhQjbdhP3U
Wed Sep 21 06:35:17 UTC 2016|Unknown Alarm = OEBLE328100200 Alarm Split = OEB-LE-3-2-8-100-200
Wed Sep 21 06:35:17 UTC 2016|Unknown Alarm = OEBLE317100100 Alarm Split = OEB-LE-3-1-7-100-100
[EL Finer]: transaction: 2016-09-21 06:35:17.819--UnitOfWork(1413890297)--Thread(Thread[Test worker,5,main])--begin unit of work commit
[EL Finest]: query: 2016-09-21 06:35:17.819--UnitOfWork(1413890297)--Thread(Thread[Test worker,5,main])--Execute query DoesExistQuery(referenceClass=Zones )
[EL Finest]: query: 2016-09-21 06:35:17.82--UnitOfWork(1413890297)--Thread(Thread[Test worker,5,main])--Execute query DeleteObjectQuery(lmABhqfSIppUcsYckkQucibjgAmhEiuLbKlDigfCQhQjbdhP3U)
[EL Fine]: sql: 2016-09-21 06:35:17.82--ClientSession(262019121)--Connection(887160330)--Thread(Thread[Test worker,5,main])--DELETE FROM Zones WHERE ((zoneId = ?) AND (versionId = ?))
	bind => [B3378275-1EA9-48D7-91B8-92F1670A191F, 2]
[EL Finer]: transaction: 2016-09-21 06:35:17.821--ClientSession(262019121)--Connection(887160330)--Thread(Thread[Test worker,5,main])--commit transaction
[EL Finest]: connection: 2016-09-21 06:35:17.894--ServerSession(993367760)--Connection(1347667624)--Thread(Thread[Test worker,5,main])--Connection released to connection pool [default].
[EL Finer]: transaction: 2016-09-21 06:35:17.894--UnitOfWork(1413890297)--Thread(Thread[Test worker,5,main])--end unit of work commit
[EL Finer]: transaction: 2016-09-21 06:35:17.894--UnitOfWork(1413890297)--Thread(Thread[Test worker,5,main])--resume unit of work
[EL Finer]: transaction: 2016-09-21 06:35:17.894--UnitOfWork(1413890297)--Thread(Thread[Test worker,5,main])--release unit of work
[EL Finer]: connection: 2016-09-21 06:35:17.894--ClientSession(262019121)--Thread(Thread[Test worker,5,main])--client released
[EL Finer]: connection: 2016-09-21 06:35:17.911--ServerSession(993367760)--Thread(Thread[Test worker,5,main])--client acquired: 122971387
[EL Finer]: transaction: 2016-09-21 06:35:17.911--ClientSession(122971387)--Thread(Thread[Test worker,5,main])--acquire unit of work: 900832895
[EL Finest]: connection: 2016-09-21 06:35:17.911--ServerSession(993367760)--Connection(538754915)--Thread(Thread[Test worker,5,main])--Connection acquired from connection pool [default].
[EL Finer]: transaction: 2016-09-21 06:35:17.911--ClientSession(122971387)--Connection(538754915)--Thread(Thread[Test worker,5,main])--begin transaction
[EL Finest]: connection: 2016-09-21 06:35:17.911--ClientSession(122971387)--Thread(Thread[Test worker,5,main])--reconnecting to external connection pool
[EL Finest]: query: 2016-09-21 06:35:17.912--UnitOfWork(900832895)--Thread(Thread[Test worker,5,main])--Execute query ReadObjectQuery(name="readState" referenceClass=State sql="SELECT stateId, countryId, stateCapital, stateCapitalLatitude, stateCapitalLongitude, stateCode, stateCodeChar2, stateCodeChar3, stateDescription, stateFlag, stateName, versionId, createdBy, createdDate, updatedBy, updatedDate, activeStatus, txnAccessCode FROM State WHERE (stateId = ?)")
[EL Fine]: sql: 2016-09-21 06:35:17.912--ClientSession(122971387)--Connection(1869082872)--Thread(Thread[Test worker,5,main])--SELECT stateId, countryId, stateCapital, stateCapitalLatitude, stateCapitalLongitude, stateCode, stateCodeChar2, stateCodeChar3, stateDescription, stateFlag, stateName, versionId, createdBy, createdDate, updatedBy, updatedDate, activeStatus, txnAccessCode FROM State WHERE (stateId = ?)
	bind => [28E7F83B-6246-487A-9836-68AB3C9B03C9]
[EL Finest]: transaction: 2016-09-21 06:35:17.914--UnitOfWork(900832895)--Thread(Thread[Test worker,5,main])--remove() operation called on: wcQbDH1s7YQyrR6AunMRsq0lHNB4ihRAL57wfPKWqSmH1BO9Ju
[EL Finer]: transaction: 2016-09-21 06:35:17.914--UnitOfWork(900832895)--Thread(Thread[Test worker,5,main])--begin unit of work commit
[EL Finest]: query: 2016-09-21 06:35:17.915--UnitOfWork(900832895)--Thread(Thread[Test worker,5,main])--Execute query DoesExistQuery(referenceClass=State )
[EL Finest]: query: 2016-09-21 06:35:17.915--UnitOfWork(900832895)--Thread(Thread[Test worker,5,main])--Execute query DeleteObjectQuery(wcQbDH1s7YQyrR6AunMRsq0lHNB4ihRAL57wfPKWqSmH1BO9Ju)
[EL Fine]: sql: 2016-09-21 06:35:17.915--ClientSession(122971387)--Connection(1869082872)--Thread(Thread[Test worker,5,main])--DELETE FROM State WHERE ((stateId = ?) AND (versionId = ?))
	bind => [28E7F83B-6246-487A-9836-68AB3C9B03C9, 1]
[EL Finer]: transaction: 2016-09-21 06:35:17.916--ClientSession(122971387)--Connection(1869082872)--Thread(Thread[Test worker,5,main])--commit transaction
[EL Finest]: connection: 2016-09-21 06:35:17.968--ServerSession(993367760)--Connection(538754915)--Thread(Thread[Test worker,5,main])--Connection released to connection pool [default].
[EL Finer]: transaction: 2016-09-21 06:35:17.968--UnitOfWork(900832895)--Thread(Thread[Test worker,5,main])--end unit of work commit
[EL Finer]: transaction: 2016-09-21 06:35:17.968--UnitOfWork(900832895)--Thread(Thread[Test worker,5,main])--resume unit of work
[EL Finer]: transaction: 2016-09-21 06:35:17.969--UnitOfWork(900832895)--Thread(Thread[Test worker,5,main])--release unit of work
[EL Finer]: connection: 2016-09-21 06:35:17.969--ClientSession(122971387)--Thread(Thread[Test worker,5,main])--client released
[EL Finer]: connection: 2016-09-21 06:35:17.987--ServerSession(993367760)--Thread(Thread[Test worker,5,main])--client acquired: 1365303691
[EL Finer]: transaction: 2016-09-21 06:35:17.988--ClientSession(1365303691)--Thread(Thread[Test worker,5,main])--acquire unit of work: 796366442
[EL Finest]: connection: 2016-09-21 06:35:17.988--ServerSession(993367760)--Connection(1412702590)--Thread(Thread[Test worker,5,main])--Connection acquired from connection pool [default].
[EL Finer]: transaction: 2016-09-21 06:35:17.988--ClientSession(1365303691)--Connection(1412702590)--Thread(Thread[Test worker,5,main])--begin transaction
[EL Finest]: connection: 2016-09-21 06:35:17.988--ClientSession(1365303691)--Thread(Thread[Test worker,5,main])--reconnecting to external connection pool
[EL Finest]: query: 2016-09-21 06:35:17.989--UnitOfWork(796366442)--Thread(Thread[Test worker,5,main])--Execute query ReadObjectQuery(name="readCountry" referenceClass=Country sql="SELECT countryId, capital, capitalLatitude, capitalLongitude, countryCode1, countryCode2, countryFlag, countryName, currencyCode, currencyName, currencySymbol, isoNumeric, versionId, createdBy, createdDate, updatedBy, updatedDate, activeStatus, txnAccessCode FROM Country WHERE (countryId = ?)")
[EL Fine]: sql: 2016-09-21 06:35:17.989--ClientSession(1365303691)--Connection(584327057)--Thread(Thread[Test worker,5,main])--SELECT countryId, capital, capitalLatitude, capitalLongitude, countryCode1, countryCode2, countryFlag, countryName, currencyCode, currencyName, currencySymbol, isoNumeric, versionId, createdBy, createdDate, updatedBy, updatedDate, activeStatus, txnAccessCode FROM Country WHERE (countryId = ?)
	bind => [9957D918-D1CE-45C3-85A6-EABE21A0753C]
[EL Finest]: transaction: 2016-09-21 06:35:17.991--UnitOfWork(796366442)--Thread(Thread[Test worker,5,main])--remove() operation called on: 41sBDis1Aofb0Vmb4L9Ey2bjUpvJXP2mX25kz9tuiUYAD6vrDx
[EL Finer]: transaction: 2016-09-21 06:35:17.991--UnitOfWork(796366442)--Thread(Thread[Test worker,5,main])--begin unit of work commit
[EL Finest]: query: 2016-09-21 06:35:17.992--UnitOfWork(796366442)--Thread(Thread[Test worker,5,main])--Execute query DoesExistQuery(referenceClass=Country )
[EL Finest]: query: 2016-09-21 06:35:17.992--UnitOfWork(796366442)--Thread(Thread[Test worker,5,main])--Execute query DeleteObjectQuery(41sBDis1Aofb0Vmb4L9Ey2bjUpvJXP2mX25kz9tuiUYAD6vrDx)
[EL Fine]: sql: 2016-09-21 06:35:17.992--ClientSession(1365303691)--Connection(584327057)--Thread(Thread[Test worker,5,main])--DELETE FROM Country WHERE ((countryId = ?) AND (versionId = ?))
	bind => [9957D918-D1CE-45C3-85A6-EABE21A0753C, 1]
[EL Finer]: transaction: 2016-09-21 06:35:17.993--ClientSession(1365303691)--Connection(584327057)--Thread(Thread[Test worker,5,main])--commit transaction
[EL Finest]: connection: 2016-09-21 06:35:18.042--ServerSession(993367760)--Connection(1412702590)--Thread(Thread[Test worker,5,main])--Connection released to connection pool [default].
[EL Finer]: transaction: 2016-09-21 06:35:18.042--UnitOfWork(796366442)--Thread(Thread[Test worker,5,main])--end unit of work commit
[EL Finer]: transaction: 2016-09-21 06:35:18.042--UnitOfWork(796366442)--Thread(Thread[Test worker,5,main])--resume unit of work
[EL Finer]: transaction: 2016-09-21 06:35:18.042--UnitOfWork(796366442)--Thread(Thread[Test worker,5,main])--release unit of work
[EL Finer]: connection: 2016-09-21 06:35:18.042--ClientSession(1365303691)--Thread(Thread[Test worker,5,main])--client released
]]></system-out>
  <system-err><![CDATA[Zones.zoneName may not be null
java.lang.SecurityException: Zones.zoneName may not be null
	at com.athena.server.pluggable.utils.helper.EntityValidatorHelper.validateEntity(EntityValidatorHelper.java:37)
	at com.app.shared.organizationextendedbc.locationextended.Zones.isValid(Zones.java:170)
	at com.app.server.service.organizationextendedbc.locationextended.ZonesTestCase.validateZones(ZonesTestCase.java:279)
	at com.app.server.service.organizationextendedbc.locationextended.ZonesTestCase.test5NegativeTesting(ZonesTestCase.java:310)
	at sun.reflect.NativeMethodAccessorImpl.invoke0(Native Method)
	at sun.reflect.NativeMethodAccessorImpl.invoke(NativeMethodAccessorImpl.java:57)
	at sun.reflect.DelegatingMethodAccessorImpl.invoke(DelegatingMethodAccessorImpl.java:43)
	at java.lang.reflect.Method.invoke(Method.java:606)
	at org.junit.runners.model.FrameworkMethod$1.runReflectiveCall(FrameworkMethod.java:47)
	at org.junit.internal.runners.model.ReflectiveCallable.run(ReflectiveCallable.java:12)
	at org.junit.runners.model.FrameworkMethod.invokeExplosively(FrameworkMethod.java:44)
	at org.junit.internal.runners.statements.InvokeMethod.evaluate(InvokeMethod.java:17)
	at org.junit.internal.runners.statements.RunBefores.evaluate(RunBefores.java:26)
	at org.springframework.test.context.junit4.statements.RunBeforeTestMethodCallbacks.evaluate(RunBeforeTestMethodCallbacks.java:74)
	at org.junit.internal.runners.statements.RunAfters.evaluate(RunAfters.java:27)
	at org.springframework.test.context.junit4.statements.RunAfterTestMethodCallbacks.evaluate(RunAfterTestMethodCallbacks.java:83)
	at org.springframework.test.context.junit4.statements.SpringRepeat.evaluate(SpringRepeat.java:72)
	at org.springframework.test.context.junit4.SpringJUnit4ClassRunner.runChild(SpringJUnit4ClassRunner.java:233)
	at org.springframework.test.context.junit4.SpringJUnit4ClassRunner.runChild(SpringJUnit4ClassRunner.java:87)
	at org.junit.runners.ParentRunner$3.run(ParentRunner.java:238)
	at org.junit.runners.ParentRunner$1.schedule(ParentRunner.java:63)
	at org.junit.runners.ParentRunner.runChildren(ParentRunner.java:236)
	at org.junit.runners.ParentRunner.access$000(ParentRunner.java:53)
	at org.junit.runners.ParentRunner$2.evaluate(ParentRunner.java:229)
	at org.junit.internal.runners.statements.RunBefores.evaluate(RunBefores.java:26)
	at org.springframework.test.context.junit4.statements.RunBeforeTestClassCallbacks.evaluate(RunBeforeTestClassCallbacks.java:61)
	at org.springframework.test.context.junit4.statements.RunAfterTestClassCallbacks.evaluate(RunAfterTestClassCallbacks.java:71)
	at org.junit.runners.ParentRunner.run(ParentRunner.java:309)
	at org.springframework.test.context.junit4.SpringJUnit4ClassRunner.run(SpringJUnit4ClassRunner.java:176)
	at org.gradle.api.internal.tasks.testing.junit.JUnitTestClassExecuter.runTestClass(JUnitTestClassExecuter.java:86)
	at org.gradle.api.internal.tasks.testing.junit.JUnitTestClassExecuter.execute(JUnitTestClassExecuter.java:49)
	at org.gradle.api.internal.tasks.testing.junit.JUnitTestClassProcessor.processTestClass(JUnitTestClassProcessor.java:64)
	at org.gradle.api.internal.tasks.testing.SuiteTestClassProcessor.processTestClass(SuiteTestClassProcessor.java:50)
	at sun.reflect.NativeMethodAccessorImpl.invoke0(Native Method)
	at sun.reflect.NativeMethodAccessorImpl.invoke(NativeMethodAccessorImpl.java:57)
	at sun.reflect.DelegatingMethodAccessorImpl.invoke(DelegatingMethodAccessorImpl.java:43)
	at java.lang.reflect.Method.invoke(Method.java:606)
	at org.gradle.messaging.dispatch.ReflectionDispatch.dispatch(ReflectionDispatch.java:35)
	at org.gradle.messaging.dispatch.ReflectionDispatch.dispatch(ReflectionDispatch.java:24)
	at org.gradle.messaging.dispatch.ContextClassLoaderDispatch.dispatch(ContextClassLoaderDispatch.java:32)
	at org.gradle.messaging.dispatch.ProxyDispatchAdapter$DispatchingInvocationHandler.invoke(ProxyDispatchAdapter.java:93)
	at com.sun.proxy.$Proxy2.processTestClass(Unknown Source)
	at org.gradle.api.internal.tasks.testing.worker.TestWorker.processTestClass(TestWorker.java:106)
	at sun.reflect.NativeMethodAccessorImpl.invoke0(Native Method)
	at sun.reflect.NativeMethodAccessorImpl.invoke(NativeMethodAccessorImpl.java:57)
	at sun.reflect.DelegatingMethodAccessorImpl.invoke(DelegatingMethodAccessorImpl.java:43)
	at java.lang.reflect.Method.invoke(Method.java:606)
	at org.gradle.messaging.dispatch.ReflectionDispatch.dispatch(ReflectionDispatch.java:35)
	at org.gradle.messaging.dispatch.ReflectionDispatch.dispatch(ReflectionDispatch.java:24)
	at org.gradle.messaging.remote.internal.hub.MessageHub$Handler.run(MessageHub.java:360)
	at org.gradle.internal.concurrent.DefaultExecutorFactory$StoppableExecutorImpl$1.run(DefaultExecutorFactory.java:64)
	at java.util.concurrent.ThreadPoolExecutor.runWorker(ThreadPoolExecutor.java:1145)
	at java.util.concurrent.ThreadPoolExecutor$Worker.run(ThreadPoolExecutor.java:615)
	at java.lang.Thread.run(Thread.java:745)
Zones.zoneName size must be between 1 and 256
java.lang.SecurityException: Zones.zoneName size must be between 1 and 256
	at com.athena.server.pluggable.utils.helper.EntityValidatorHelper.validateEntity(EntityValidatorHelper.java:37)
	at com.app.shared.organizationextendedbc.locationextended.Zones.isValid(Zones.java:170)
	at com.app.server.service.organizationextendedbc.locationextended.ZonesTestCase.validateZones(ZonesTestCase.java:277)
	at com.app.server.service.organizationextendedbc.locationextended.ZonesTestCase.test5NegativeTesting(ZonesTestCase.java:315)
	at sun.reflect.NativeMethodAccessorImpl.invoke0(Native Method)
	at sun.reflect.NativeMethodAccessorImpl.invoke(NativeMethodAccessorImpl.java:57)
	at sun.reflect.DelegatingMethodAccessorImpl.invoke(DelegatingMethodAccessorImpl.java:43)
	at java.lang.reflect.Method.invoke(Method.java:606)
	at org.junit.runners.model.FrameworkMethod$1.runReflectiveCall(FrameworkMethod.java:47)
	at org.junit.internal.runners.model.ReflectiveCallable.run(ReflectiveCallable.java:12)
	at org.junit.runners.model.FrameworkMethod.invokeExplosively(FrameworkMethod.java:44)
	at org.junit.internal.runners.statements.InvokeMethod.evaluate(InvokeMethod.java:17)
	at org.junit.internal.runners.statements.RunBefores.evaluate(RunBefores.java:26)
	at org.springframework.test.context.junit4.statements.RunBeforeTestMethodCallbacks.evaluate(RunBeforeTestMethodCallbacks.java:74)
	at org.junit.internal.runners.statements.RunAfters.evaluate(RunAfters.java:27)
	at org.springframework.test.context.junit4.statements.RunAfterTestMethodCallbacks.evaluate(RunAfterTestMethodCallbacks.java:83)
	at org.springframework.test.context.junit4.statements.SpringRepeat.evaluate(SpringRepeat.java:72)
	at org.springframework.test.context.junit4.SpringJUnit4ClassRunner.runChild(SpringJUnit4ClassRunner.java:233)
	at org.springframework.test.context.junit4.SpringJUnit4ClassRunner.runChild(SpringJUnit4ClassRunner.java:87)
	at org.junit.runners.ParentRunner$3.run(ParentRunner.java:238)
	at org.junit.runners.ParentRunner$1.schedule(ParentRunner.java:63)
	at org.junit.runners.ParentRunner.runChildren(ParentRunner.java:236)
	at org.junit.runners.ParentRunner.access$000(ParentRunner.java:53)
	at org.junit.runners.ParentRunner$2.evaluate(ParentRunner.java:229)
	at org.junit.internal.runners.statements.RunBefores.evaluate(RunBefores.java:26)
	at org.springframework.test.context.junit4.statements.RunBeforeTestClassCallbacks.evaluate(RunBeforeTestClassCallbacks.java:61)
	at org.springframework.test.context.junit4.statements.RunAfterTestClassCallbacks.evaluate(RunAfterTestClassCallbacks.java:71)
	at org.junit.runners.ParentRunner.run(ParentRunner.java:309)
	at org.springframework.test.context.junit4.SpringJUnit4ClassRunner.run(SpringJUnit4ClassRunner.java:176)
	at org.gradle.api.internal.tasks.testing.junit.JUnitTestClassExecuter.runTestClass(JUnitTestClassExecuter.java:86)
	at org.gradle.api.internal.tasks.testing.junit.JUnitTestClassExecuter.execute(JUnitTestClassExecuter.java:49)
	at org.gradle.api.internal.tasks.testing.junit.JUnitTestClassProcessor.processTestClass(JUnitTestClassProcessor.java:64)
	at org.gradle.api.internal.tasks.testing.SuiteTestClassProcessor.processTestClass(SuiteTestClassProcessor.java:50)
	at sun.reflect.NativeMethodAccessorImpl.invoke0(Native Method)
	at sun.reflect.NativeMethodAccessorImpl.invoke(NativeMethodAccessorImpl.java:57)
	at sun.reflect.DelegatingMethodAccessorImpl.invoke(DelegatingMethodAccessorImpl.java:43)
	at java.lang.reflect.Method.invoke(Method.java:606)
	at org.gradle.messaging.dispatch.ReflectionDispatch.dispatch(ReflectionDispatch.java:35)
	at org.gradle.messaging.dispatch.ReflectionDispatch.dispatch(ReflectionDispatch.java:24)
	at org.gradle.messaging.dispatch.ContextClassLoaderDispatch.dispatch(ContextClassLoaderDispatch.java:32)
	at org.gradle.messaging.dispatch.ProxyDispatchAdapter$DispatchingInvocationHandler.invoke(ProxyDispatchAdapter.java:93)
	at com.sun.proxy.$Proxy2.processTestClass(Unknown Source)
	at org.gradle.api.internal.tasks.testing.worker.TestWorker.processTestClass(TestWorker.java:106)
	at sun.reflect.NativeMethodAccessorImpl.invoke0(Native Method)
	at sun.reflect.NativeMethodAccessorImpl.invoke(NativeMethodAccessorImpl.java:57)
	at sun.reflect.DelegatingMethodAccessorImpl.invoke(DelegatingMethodAccessorImpl.java:43)
	at java.lang.reflect.Method.invoke(Method.java:606)
	at org.gradle.messaging.dispatch.ReflectionDispatch.dispatch(ReflectionDispatch.java:35)
	at org.gradle.messaging.dispatch.ReflectionDispatch.dispatch(ReflectionDispatch.java:24)
	at org.gradle.messaging.remote.internal.hub.MessageHub$Handler.run(MessageHub.java:360)
	at org.gradle.internal.concurrent.DefaultExecutorFactory$StoppableExecutorImpl$1.run(DefaultExecutorFactory.java:64)
	at java.util.concurrent.ThreadPoolExecutor.runWorker(ThreadPoolExecutor.java:1145)
	at java.util.concurrent.ThreadPoolExecutor$Worker.run(ThreadPoolExecutor.java:615)
	at java.lang.Thread.run(Thread.java:745)
]]></system-err>
</testsuite>
