<?xml version="1.0" encoding="UTF-8"?>
<testsuite name="com.app.server.service.organization.contactmanagement.PhoneCommunicationTestCase" tests="6" skipped="0" failures="0" errors="0" timestamp="2016-09-21T06:35:36" hostname="ab5a12c16337" time="0.803">
  <properties/>
  <testcase name="test1Save" classname="com.app.server.service.organization.contactmanagement.PhoneCommunicationTestCase" time="0.418"/>
  <testcase name="test2Update" classname="com.app.server.service.organization.contactmanagement.PhoneCommunicationTestCase" time="0.098"/>
  <testcase name="test3FindById" classname="com.app.server.service.organization.contactmanagement.PhoneCommunicationTestCase" time="0.028"/>
  <testcase name="test3findBycommType" classname="com.app.server.service.organization.contactmanagement.PhoneCommunicationTestCase" time="0.029"/>
  <testcase name="test5NegativeTesting" classname="com.app.server.service.organization.contactmanagement.PhoneCommunicationTestCase" time="0.009"/>
  <testcase name="test6Delete" classname="com.app.server.service.organization.contactmanagement.PhoneCommunicationTestCase" time="0.219"/>
  <system-out><![CDATA[Wed Sep 21 06:35:36 UTC 2016|Log Manager Factory|Initialization Process started.....
Wed Sep 21 06:35:36 UTC 2016|Log Manager|Initialized with Path = [/home/applifire/workspace/testpro/src/main/webapp/WEB-INF/conf]
Wed Sep 21 06:35:36 UTC 2016|Alarm Manager|Initialized with Path = [/home/applifire/workspace/testpro/src/main/webapp/WEB-INF/conf]
Wed Sep 21 06:35:36 UTC 2016|Alarm Manager|Loading Alarms ......
Wed Sep 21 06:35:36 UTC 2016|Alarm XML Parser|FWA|XML Parsing Complete........ 
Wed Sep 21 06:35:36 UTC 2016|Alarm File Manager|FWA|Alarm File Status.. [ApplicationFrameworkAlarms.xml]|Version=15|Status=Done 
Wed Sep 21 06:35:36 UTC 2016|Alarm File Manager|FWA|Alarm Stats = ( BC/AL=5/786 SYS=5/11 [786/0]  TPL=0/0 [0/0]  APP= A.Map=[875]  E.Map EC/RC=[391/79] )
Wed Sep 21 06:35:36 UTC 2016|Alarm XML Parser|APP|XML Parsing Complete........ 
Wed Sep 21 06:35:36 UTC 2016|Alarm File Manager|APP|Alarm File Status.. [ApplicationAlarms.xml]|Version=1|Status=Done 
Wed Sep 21 06:35:36 UTC 2016|Alarm File Manager|APP|Alarm Stats = ( BC/AL=5/786 SYS=5/11 [786/0]  TPL=0/0 [0/0]  APP=0/0 [0/0]  A.Map=[875]  E.Map EC/RC=[391/79] )
Wed Sep 21 06:35:36 UTC 2016|ApplicationAlarmContext| <><><><><> Create App Alarms ....  <><><><><> 
Wed Sep 21 06:35:36 UTC 2016|ApplicationAlarmContext|Alarms are generated ONLY in Development Mode.. 
Wed Sep 21 06:35:36 UTC 2016|Alarm Manager|APP|Alarm Stats = ( BC/AL=5/786 SYS=5/11 [786/0]  TPL=0/0 [0/0]  APP=0/0 [0/0]  A.Map=[875]  E.Map EC/RC=[391/79] )
Wed Sep 21 06:35:36 UTC 2016|Alarm Manager|Initialized Exception Lookup...
Wed Sep 21 06:35:36 UTC 2016|Log Manager|Initialize Log Config File ......
Wed Sep 21 06:35:36 UTC 2016|Pluggable Connectors|Adding Connectors : StandardOutputConnector isEnabled=true isDefault=false isFallBack=true
Wed Sep 21 06:35:36 UTC 2016|Pluggable Connectors|Adding Connectors : StandardFileConnector isEnabled=true isDefault=false isFallBack=false
Wed Sep 21 06:35:36 UTC 2016|Pluggable Connectors|Adding Connectors : Sprinkler isEnabled=true isDefault=true isFallBack=false
Wed Sep 21 06:35:36 UTC 2016|Pluggable Connectors|Default Connector Name : com.spartan.logger.core.LogMessenger
Wed Sep 21 06:35:36 UTC 2016|Log Config Parser|Connector Least Log Level =[4]  FallBack Log Level =[3]
Wed Sep 21 06:35:36 UTC 2016|Log Manager|Loading Default Connector for Logging ......
Wed Sep 21 06:35:36 UTC 2016|Log Manager|Loading class .. com.spartan.logger.core.LogMessenger
Wed Sep 21 06:35:36 UTC 2016|Plugggable Connector|Connector class com.spartan.logger.core.LogMessenger Initialized... @ Log Level = 3
Wed Sep 21 06:35:36 UTC 2016|Log Manager|Starting the Default Connector [com.spartan.logger.core.LogMessenger@52c6dc8c] ....
Wed Sep 21 06:35:36 UTC 2016|Scheduler|Starting the Scheduler ......
Wed Sep 21 06:35:36 UTC 2016|Scheduler|Adding [LMID=[b53b3b4c-eae5-4dab-b5a8-91035a9d6d6b]] Delay=5 Time Unit=MINUTES
Wed Sep 21 06:35:36 UTC 2016|Scheduler|Adding [App Alarm Manager File=[ApplicationAlarms.xml]] Delay=30 Time Unit=MINUTES
Wed Sep 21 06:35:36 UTC 2016|Scheduler|Adding [FW Alarm Manager File=[ApplicationFrameworkAlarms.xml]] Delay=3 Time Unit=MINUTES
Wed Sep 21 06:35:36 UTC 2016|Scheduler|Startup Completed..
Wed Sep 21 06:35:36 UTC 2016|Log Manager|Initialization Process Complete ......
Wed Sep 21 06:35:36 UTC 2016|Log Manager Factory|Log Manager READY! ID = b53b3b4c-eae5-4dab-b5a8-91035a9d6d6b
[EL Finer]: connection: 2016-09-21 06:35:36.412--ServerSession(993367760)--Thread(Thread[Test worker,5,main])--client acquired: 1901269221
[EL Finer]: transaction: 2016-09-21 06:35:36.412--ClientSession(1901269221)--Thread(Thread[Test worker,5,main])--acquire unit of work: 75129987
[EL Finest]: connection: 2016-09-21 06:35:36.412--ServerSession(993367760)--Connection(2136790720)--Thread(Thread[Test worker,5,main])--Connection acquired from connection pool [default].
[EL Finer]: transaction: 2016-09-21 06:35:36.412--ClientSession(1901269221)--Connection(2136790720)--Thread(Thread[Test worker,5,main])--begin transaction
[EL Finest]: connection: 2016-09-21 06:35:36.412--ClientSession(1901269221)--Thread(Thread[Test worker,5,main])--reconnecting to external connection pool
[EL Finest]: transaction: 2016-09-21 06:35:36.418--UnitOfWork(75129987)--Thread(Thread[Test worker,5,main])--persist() operation called on: 3O4UTmUCCSd5I28p6VEqPwSDXyUm5ZelWgiIXc7lVgFx3Rb5Jm.
[EL Finest]: sequencing: 2016-09-21 06:35:36.418--UnitOfWork(75129987)--Thread(Thread[Test worker,5,main])--assign sequence to the object (86B3807C-C3A7-4AE5-9534-F3EC85C763B5 -> 3O4UTmUCCSd5I28p6VEqPwSDXyUm5ZelWgiIXc7lVgFx3Rb5Jm)
Wed Sep 21 06:35:36 UTC 2016|Unknown Alarm = ORGCM322100200 Alarm Split = ORG-CM-3-2-2-100-200
[EL Finer]: transaction: 2016-09-21 06:35:36.419--UnitOfWork(75129987)--Thread(Thread[Test worker,5,main])--begin unit of work commit
[EL Finest]: query: 2016-09-21 06:35:36.419--UnitOfWork(75129987)--Thread(Thread[Test worker,5,main])--Execute query InsertObjectQuery(3O4UTmUCCSd5I28p6VEqPwSDXyUm5ZelWgiIXc7lVgFx3Rb5Jm)
[EL Fine]: sql: 2016-09-21 06:35:36.42--ClientSession(1901269221)--Connection(2031291732)--Thread(Thread[Test worker,5,main])--INSERT INTO PhoneCategory (phoneCatId, phoneCatName, versionId, createdBy, createdDate, updatedBy, updatedDate, activeStatus, txnAccessCode) VALUES (?, ?, ?, ?, ?, ?, ?, ?, ?)
	bind => [86B3807C-C3A7-4AE5-9534-F3EC85C763B5, 3O4UTmUCCSd5I28p6VEqPwSDXyUm5ZelWgiIXc7lVgFx3Rb5Jm, 1, AAAAA, 2016-09-21 06:35:36.333, AAAAA, 2016-09-21 06:35:36.333, 1, 51000]
[EL Finer]: transaction: 2016-09-21 06:35:36.421--ClientSession(1901269221)--Connection(2031291732)--Thread(Thread[Test worker,5,main])--commit transaction
[EL Finest]: connection: 2016-09-21 06:35:36.513--ServerSession(993367760)--Connection(2136790720)--Thread(Thread[Test worker,5,main])--Connection released to connection pool [default].
[EL Finer]: transaction: 2016-09-21 06:35:36.514--UnitOfWork(75129987)--Thread(Thread[Test worker,5,main])--end unit of work commit
[EL Finer]: transaction: 2016-09-21 06:35:36.514--UnitOfWork(75129987)--Thread(Thread[Test worker,5,main])--resume unit of work
[EL Finer]: transaction: 2016-09-21 06:35:36.514--UnitOfWork(75129987)--Thread(Thread[Test worker,5,main])--release unit of work
[EL Finer]: connection: 2016-09-21 06:35:36.514--ClientSession(1901269221)--Thread(Thread[Test worker,5,main])--client released
[EL Finer]: connection: 2016-09-21 06:35:36.598--ServerSession(993367760)--Thread(Thread[Test worker,5,main])--client acquired: 238851266
[EL Finer]: transaction: 2016-09-21 06:35:36.599--ClientSession(238851266)--Thread(Thread[Test worker,5,main])--acquire unit of work: 726291419
[EL Finest]: connection: 2016-09-21 06:35:36.599--ServerSession(993367760)--Connection(482829585)--Thread(Thread[Test worker,5,main])--Connection acquired from connection pool [default].
[EL Finer]: transaction: 2016-09-21 06:35:36.599--ClientSession(238851266)--Connection(482829585)--Thread(Thread[Test worker,5,main])--begin transaction
[EL Finest]: connection: 2016-09-21 06:35:36.599--ClientSession(238851266)--Thread(Thread[Test worker,5,main])--reconnecting to external connection pool
[EL Finest]: transaction: 2016-09-21 06:35:36.603--UnitOfWork(726291419)--Thread(Thread[Test worker,5,main])--persist() operation called on: .
[EL Finest]: sequencing: 2016-09-21 06:35:36.603--UnitOfWork(726291419)--Thread(Thread[Test worker,5,main])--assign sequence to the object (A0FAA97C-5637-4B8F-8BC4-0CE46B3181AA -> )
Wed Sep 21 06:35:36 UTC 2016|Unknown Alarm = ORGCM322100200 Alarm Split = ORG-CM-3-2-2-100-200
[EL Finer]: transaction: 2016-09-21 06:35:36.604--UnitOfWork(726291419)--Thread(Thread[Test worker,5,main])--begin unit of work commit
[EL Finest]: query: 2016-09-21 06:35:36.604--UnitOfWork(726291419)--Thread(Thread[Test worker,5,main])--Execute query InsertObjectQuery()
[EL Fine]: sql: 2016-09-21 06:35:36.605--ClientSession(238851266)--Connection(1109546687)--Thread(Thread[Test worker,5,main])--INSERT INTO PhoneCommunication (phoneId, commType, phoneNo, versionId, createdBy, createdDate, updatedBy, updatedDate, activeStatus, txnAccessCode, multiTenantId) VALUES (?, ?, ?, ?, ?, ?, ?, ?, ?, ?, ?)
	bind => [A0FAA97C-5637-4B8F-8BC4-0CE46B3181AA, 86B3807C-C3A7-4AE5-9534-F3EC85C763B5, NaFffk8891WMf8aF8QMVPP0pWP8re5kz28h6HB2yCw9NipsQ3G, 1, AAAAA, 2016-09-21 06:35:36.514, AAAAA, 2016-09-21 06:35:36.514, 1, 51000, appCreateValue]
[EL Finer]: transaction: 2016-09-21 06:35:36.606--ClientSession(238851266)--Connection(1109546687)--Thread(Thread[Test worker,5,main])--commit transaction
[EL Finest]: connection: 2016-09-21 06:35:36.712--ServerSession(993367760)--Connection(482829585)--Thread(Thread[Test worker,5,main])--Connection released to connection pool [default].
[EL Finer]: transaction: 2016-09-21 06:35:36.712--UnitOfWork(726291419)--Thread(Thread[Test worker,5,main])--end unit of work commit
[EL Finer]: transaction: 2016-09-21 06:35:36.712--UnitOfWork(726291419)--Thread(Thread[Test worker,5,main])--resume unit of work
[EL Finer]: transaction: 2016-09-21 06:35:36.712--UnitOfWork(726291419)--Thread(Thread[Test worker,5,main])--release unit of work
[EL Finer]: connection: 2016-09-21 06:35:36.712--ClientSession(238851266)--Thread(Thread[Test worker,5,main])--client released
[EL Finer]: connection: 2016-09-21 06:35:36.755--ServerSession(993367760)--Thread(Thread[Test worker,5,main])--client acquired: 1260616929
[EL Finer]: transaction: 2016-09-21 06:35:36.755--ClientSession(1260616929)--Thread(Thread[Test worker,5,main])--acquire unit of work: 115064401
[EL Finest]: connection: 2016-09-21 06:35:36.756--ServerSession(993367760)--Connection(1152105307)--Thread(Thread[Test worker,5,main])--Connection acquired from connection pool [default].
[EL Finer]: transaction: 2016-09-21 06:35:36.756--ClientSession(1260616929)--Connection(1152105307)--Thread(Thread[Test worker,5,main])--begin transaction
[EL Finest]: connection: 2016-09-21 06:35:36.756--ClientSession(1260616929)--Thread(Thread[Test worker,5,main])--reconnecting to external connection pool
[EL Finer]: transaction: 2016-09-21 06:35:36.757--UnitOfWork(115064401)--Thread(Thread[Test worker,5,main])--begin unit of work flush
[EL Finer]: transaction: 2016-09-21 06:35:36.757--UnitOfWork(115064401)--Thread(Thread[Test worker,5,main])--end unit of work flush
[EL Finest]: query: 2016-09-21 06:35:36.757--UnitOfWork(115064401)--Thread(Thread[Test worker,5,main])--Execute query ReadAllQuery(name="PhoneCommunication.findById" referenceClass=PhoneCommunication sql="SELECT phoneId, multiTenantId, commType, phoneNo, versionId, createdBy, createdDate, updatedBy, updatedDate, activeStatus, txnAccessCode FROM PhoneCommunication WHERE (((activeStatus = ?) AND (phoneId = ?)) AND (multiTenantId = ?))")
[EL Fine]: sql: 2016-09-21 06:35:36.758--ClientSession(1260616929)--Connection(1847623680)--Thread(Thread[Test worker,5,main])--SELECT phoneId, multiTenantId, commType, phoneNo, versionId, createdBy, createdDate, updatedBy, updatedDate, activeStatus, txnAccessCode FROM PhoneCommunication WHERE (((activeStatus = ?) AND (phoneId = ?)) AND (multiTenantId = ?))
	bind => [1, A0FAA97C-5637-4B8F-8BC4-0CE46B3181AA, appCreateValue]
Wed Sep 21 06:35:36 UTC 2016|Unknown Alarm = ORGCM324100200 Alarm Split = ORG-CM-3-2-4-100-200
[EL Finer]: transaction: 2016-09-21 06:35:36.759--UnitOfWork(115064401)--Thread(Thread[Test worker,5,main])--begin unit of work commit
[EL Finer]: transaction: 2016-09-21 06:35:36.759--ClientSession(1260616929)--Connection(1847623680)--Thread(Thread[Test worker,5,main])--commit transaction
[EL Finest]: connection: 2016-09-21 06:35:36.76--ServerSession(993367760)--Connection(1152105307)--Thread(Thread[Test worker,5,main])--Connection released to connection pool [default].
[EL Finer]: transaction: 2016-09-21 06:35:36.76--UnitOfWork(115064401)--Thread(Thread[Test worker,5,main])--end unit of work commit
[EL Finer]: transaction: 2016-09-21 06:35:36.76--UnitOfWork(115064401)--Thread(Thread[Test worker,5,main])--resume unit of work
[EL Finer]: transaction: 2016-09-21 06:35:36.76--UnitOfWork(115064401)--Thread(Thread[Test worker,5,main])--release unit of work
[EL Finer]: connection: 2016-09-21 06:35:36.76--ClientSession(1260616929)--Thread(Thread[Test worker,5,main])--client released
[EL Finer]: connection: 2016-09-21 06:35:36.761--ServerSession(993367760)--Thread(Thread[Test worker,5,main])--client acquired: 146134104
[EL Finer]: transaction: 2016-09-21 06:35:36.761--ClientSession(146134104)--Thread(Thread[Test worker,5,main])--acquire unit of work: 1502077407
[EL Finest]: connection: 2016-09-21 06:35:36.761--ServerSession(993367760)--Connection(1744708964)--Thread(Thread[Test worker,5,main])--Connection acquired from connection pool [default].
[EL Finer]: transaction: 2016-09-21 06:35:36.761--ClientSession(146134104)--Connection(1744708964)--Thread(Thread[Test worker,5,main])--begin transaction
[EL Finest]: connection: 2016-09-21 06:35:36.761--ClientSession(146134104)--Thread(Thread[Test worker,5,main])--reconnecting to external connection pool
[EL Finest]: transaction: 2016-09-21 06:35:36.763--UnitOfWork(1502077407)--Thread(Thread[Test worker,5,main])--Merge clone with references 
[EL Finest]: query: 2016-09-21 06:35:36.764--UnitOfWork(1502077407)--Thread(Thread[Test worker,5,main])--Execute query ReadObjectQuery(referenceClass=PhoneCommunication )
[EL Fine]: sql: 2016-09-21 06:35:36.764--ClientSession(146134104)--Connection(663959896)--Thread(Thread[Test worker,5,main])--SELECT phoneId, multiTenantId, commType, phoneNo, versionId, createdBy, createdDate, updatedBy, updatedDate, activeStatus, txnAccessCode FROM PhoneCommunication WHERE ((phoneId = ?) AND (multiTenantId = ?))
	bind => [A0FAA97C-5637-4B8F-8BC4-0CE46B3181AA, appCreateValue]
Wed Sep 21 06:35:36 UTC 2016|Unknown Alarm = ORGCM321100200 Alarm Split = ORG-CM-3-2-1-100-200
[EL Finer]: transaction: 2016-09-21 06:35:36.766--UnitOfWork(1502077407)--Thread(Thread[Test worker,5,main])--begin unit of work commit
[EL Finest]: query: 2016-09-21 06:35:36.766--UnitOfWork(1502077407)--Thread(Thread[Test worker,5,main])--Execute query UpdateObjectQuery()
[EL Fine]: sql: 2016-09-21 06:35:36.766--ClientSession(146134104)--Connection(663959896)--Thread(Thread[Test worker,5,main])--UPDATE PhoneCommunication SET phoneNo = ?, versionId = ? WHERE ((phoneId = ?) AND (versionId = ?))
	bind => [KjaSZDeh9InIa8hs9sTLi0Z8E9QEcbvfKawAEFQw3p5Ma4wYli, 2, A0FAA97C-5637-4B8F-8BC4-0CE46B3181AA, 1]
[EL Finer]: transaction: 2016-09-21 06:35:36.767--ClientSession(146134104)--Connection(663959896)--Thread(Thread[Test worker,5,main])--commit transaction
[EL Finest]: connection: 2016-09-21 06:35:36.811--ServerSession(993367760)--Connection(1744708964)--Thread(Thread[Test worker,5,main])--Connection released to connection pool [default].
[EL Finer]: transaction: 2016-09-21 06:35:36.811--UnitOfWork(1502077407)--Thread(Thread[Test worker,5,main])--end unit of work commit
[EL Finer]: transaction: 2016-09-21 06:35:36.811--UnitOfWork(1502077407)--Thread(Thread[Test worker,5,main])--resume unit of work
[EL Finer]: transaction: 2016-09-21 06:35:36.811--UnitOfWork(1502077407)--Thread(Thread[Test worker,5,main])--release unit of work
[EL Finer]: connection: 2016-09-21 06:35:36.811--ClientSession(146134104)--Thread(Thread[Test worker,5,main])--client released
[EL Finer]: connection: 2016-09-21 06:35:36.836--ServerSession(993367760)--Thread(Thread[Test worker,5,main])--client acquired: 391838720
[EL Finer]: transaction: 2016-09-21 06:35:36.836--ClientSession(391838720)--Thread(Thread[Test worker,5,main])--acquire unit of work: 1448505338
[EL Finest]: connection: 2016-09-21 06:35:36.836--ServerSession(993367760)--Connection(1154593374)--Thread(Thread[Test worker,5,main])--Connection acquired from connection pool [default].
[EL Finer]: transaction: 2016-09-21 06:35:36.837--ClientSession(391838720)--Connection(1154593374)--Thread(Thread[Test worker,5,main])--begin transaction
[EL Finest]: connection: 2016-09-21 06:35:36.837--ClientSession(391838720)--Thread(Thread[Test worker,5,main])--reconnecting to external connection pool
[EL Finer]: transaction: 2016-09-21 06:35:36.837--UnitOfWork(1448505338)--Thread(Thread[Test worker,5,main])--begin unit of work flush
[EL Finer]: transaction: 2016-09-21 06:35:36.838--UnitOfWork(1448505338)--Thread(Thread[Test worker,5,main])--end unit of work flush
[EL Finest]: query: 2016-09-21 06:35:36.838--UnitOfWork(1448505338)--Thread(Thread[Test worker,5,main])--Execute query ReadAllQuery(name="PhoneCommunication.findById" referenceClass=PhoneCommunication sql="SELECT phoneId, multiTenantId, commType, phoneNo, versionId, createdBy, createdDate, updatedBy, updatedDate, activeStatus, txnAccessCode FROM PhoneCommunication WHERE (((activeStatus = ?) AND (phoneId = ?)) AND (multiTenantId = ?))")
[EL Fine]: sql: 2016-09-21 06:35:36.838--ClientSession(391838720)--Connection(1332976400)--Thread(Thread[Test worker,5,main])--SELECT phoneId, multiTenantId, commType, phoneNo, versionId, createdBy, createdDate, updatedBy, updatedDate, activeStatus, txnAccessCode FROM PhoneCommunication WHERE (((activeStatus = ?) AND (phoneId = ?)) AND (multiTenantId = ?))
	bind => [1, A0FAA97C-5637-4B8F-8BC4-0CE46B3181AA, appCreateValue]
Wed Sep 21 06:35:36 UTC 2016|Unknown Alarm = ORGCM324100200 Alarm Split = ORG-CM-3-2-4-100-200
[EL Finer]: transaction: 2016-09-21 06:35:36.839--UnitOfWork(1448505338)--Thread(Thread[Test worker,5,main])--begin unit of work commit
[EL Finer]: transaction: 2016-09-21 06:35:36.839--ClientSession(391838720)--Connection(1332976400)--Thread(Thread[Test worker,5,main])--commit transaction
[EL Finest]: connection: 2016-09-21 06:35:36.84--ServerSession(993367760)--Connection(1154593374)--Thread(Thread[Test worker,5,main])--Connection released to connection pool [default].
[EL Finer]: transaction: 2016-09-21 06:35:36.84--UnitOfWork(1448505338)--Thread(Thread[Test worker,5,main])--end unit of work commit
[EL Finer]: transaction: 2016-09-21 06:35:36.84--UnitOfWork(1448505338)--Thread(Thread[Test worker,5,main])--resume unit of work
[EL Finer]: transaction: 2016-09-21 06:35:36.84--UnitOfWork(1448505338)--Thread(Thread[Test worker,5,main])--release unit of work
[EL Finer]: connection: 2016-09-21 06:35:36.84--ClientSession(391838720)--Thread(Thread[Test worker,5,main])--client released
[EL Finer]: connection: 2016-09-21 06:35:36.865--ServerSession(993367760)--Thread(Thread[Test worker,5,main])--client acquired: 926204671
[EL Finer]: transaction: 2016-09-21 06:35:36.865--ClientSession(926204671)--Thread(Thread[Test worker,5,main])--acquire unit of work: 1760432041
[EL Finest]: connection: 2016-09-21 06:35:36.865--ServerSession(993367760)--Connection(1699108368)--Thread(Thread[Test worker,5,main])--Connection acquired from connection pool [default].
[EL Finer]: transaction: 2016-09-21 06:35:36.865--ClientSession(926204671)--Connection(1699108368)--Thread(Thread[Test worker,5,main])--begin transaction
[EL Finest]: connection: 2016-09-21 06:35:36.865--ClientSession(926204671)--Thread(Thread[Test worker,5,main])--reconnecting to external connection pool
[EL Finer]: transaction: 2016-09-21 06:35:36.866--UnitOfWork(1760432041)--Thread(Thread[Test worker,5,main])--begin unit of work flush
[EL Finer]: transaction: 2016-09-21 06:35:36.866--UnitOfWork(1760432041)--Thread(Thread[Test worker,5,main])--end unit of work flush
[EL Finest]: query: 2016-09-21 06:35:36.866--UnitOfWork(1760432041)--Thread(Thread[Test worker,5,main])--Execute query ReadAllQuery(name="PhoneCommunication.findByCommType" referenceClass=PhoneCommunication sql="SELECT phoneId, multiTenantId, commType, phoneNo, versionId, createdBy, createdDate, updatedBy, updatedDate, activeStatus, txnAccessCode FROM PhoneCommunication WHERE (((activeStatus = ?) AND (commType = ?)) AND (multiTenantId = ?))")
[EL Fine]: sql: 2016-09-21 06:35:36.867--ClientSession(926204671)--Connection(209458125)--Thread(Thread[Test worker,5,main])--SELECT phoneId, multiTenantId, commType, phoneNo, versionId, createdBy, createdDate, updatedBy, updatedDate, activeStatus, txnAccessCode FROM PhoneCommunication WHERE (((activeStatus = ?) AND (commType = ?)) AND (multiTenantId = ?))
	bind => [1, 86B3807C-C3A7-4AE5-9534-F3EC85C763B5, appCreateValue]
Wed Sep 21 06:35:36 UTC 2016|Unknown Alarm = ORGCM324100200 Alarm Split = ORG-CM-3-2-4-100-200
[EL Finer]: transaction: 2016-09-21 06:35:36.868--UnitOfWork(1760432041)--Thread(Thread[Test worker,5,main])--begin unit of work commit
[EL Finer]: transaction: 2016-09-21 06:35:36.868--ClientSession(926204671)--Connection(209458125)--Thread(Thread[Test worker,5,main])--commit transaction
[EL Finest]: connection: 2016-09-21 06:35:36.869--ServerSession(993367760)--Connection(1699108368)--Thread(Thread[Test worker,5,main])--Connection released to connection pool [default].
[EL Finer]: transaction: 2016-09-21 06:35:36.869--UnitOfWork(1760432041)--Thread(Thread[Test worker,5,main])--end unit of work commit
[EL Finer]: transaction: 2016-09-21 06:35:36.869--UnitOfWork(1760432041)--Thread(Thread[Test worker,5,main])--resume unit of work
[EL Finer]: transaction: 2016-09-21 06:35:36.869--UnitOfWork(1760432041)--Thread(Thread[Test worker,5,main])--release unit of work
[EL Finer]: connection: 2016-09-21 06:35:36.869--ClientSession(926204671)--Thread(Thread[Test worker,5,main])--client released
[EL Finer]: connection: 2016-09-21 06:35:36.903--ServerSession(993367760)--Thread(Thread[Test worker,5,main])--client acquired: 1253933304
[EL Finer]: transaction: 2016-09-21 06:35:36.903--ClientSession(1253933304)--Thread(Thread[Test worker,5,main])--acquire unit of work: 1600012317
[EL Finest]: connection: 2016-09-21 06:35:36.903--ServerSession(993367760)--Connection(616784085)--Thread(Thread[Test worker,5,main])--Connection acquired from connection pool [default].
[EL Finer]: transaction: 2016-09-21 06:35:36.903--ClientSession(1253933304)--Connection(616784085)--Thread(Thread[Test worker,5,main])--begin transaction
[EL Finest]: connection: 2016-09-21 06:35:36.903--ClientSession(1253933304)--Thread(Thread[Test worker,5,main])--reconnecting to external connection pool
[EL Finest]: query: 2016-09-21 06:35:36.904--UnitOfWork(1600012317)--Thread(Thread[Test worker,5,main])--Execute query ReadObjectQuery(name="readPhoneCommunication" referenceClass=PhoneCommunication sql="SELECT phoneId, multiTenantId, commType, phoneNo, versionId, createdBy, createdDate, updatedBy, updatedDate, activeStatus, txnAccessCode FROM PhoneCommunication WHERE ((phoneId = ?) AND (multiTenantId = ?))")
[EL Fine]: sql: 2016-09-21 06:35:36.904--ClientSession(1253933304)--Connection(650272307)--Thread(Thread[Test worker,5,main])--SELECT phoneId, multiTenantId, commType, phoneNo, versionId, createdBy, createdDate, updatedBy, updatedDate, activeStatus, txnAccessCode FROM PhoneCommunication WHERE ((phoneId = ?) AND (multiTenantId = ?))
	bind => [A0FAA97C-5637-4B8F-8BC4-0CE46B3181AA, appCreateValue]
[EL Finest]: transaction: 2016-09-21 06:35:36.905--UnitOfWork(1600012317)--Thread(Thread[Test worker,5,main])--remove() operation called on: 
Wed Sep 21 06:35:36 UTC 2016|Unknown Alarm = ORGCM328100200 Alarm Split = ORG-CM-3-2-8-100-200
[EL Finer]: transaction: 2016-09-21 06:35:36.906--UnitOfWork(1600012317)--Thread(Thread[Test worker,5,main])--begin unit of work commit
[EL Finest]: query: 2016-09-21 06:35:36.906--UnitOfWork(1600012317)--Thread(Thread[Test worker,5,main])--Execute query DoesExistQuery(referenceClass=PhoneCommunication )
[EL Finest]: query: 2016-09-21 06:35:36.906--UnitOfWork(1600012317)--Thread(Thread[Test worker,5,main])--Execute query DeleteObjectQuery()
[EL Fine]: sql: 2016-09-21 06:35:36.906--ClientSession(1253933304)--Connection(650272307)--Thread(Thread[Test worker,5,main])--DELETE FROM PhoneCommunication WHERE ((phoneId = ?) AND (versionId = ?))
	bind => [A0FAA97C-5637-4B8F-8BC4-0CE46B3181AA, 2]
[EL Finer]: transaction: 2016-09-21 06:35:36.907--ClientSession(1253933304)--Connection(650272307)--Thread(Thread[Test worker,5,main])--commit transaction
[EL Finest]: connection: 2016-09-21 06:35:37.016--ServerSession(993367760)--Connection(616784085)--Thread(Thread[Test worker,5,main])--Connection released to connection pool [default].
[EL Finer]: transaction: 2016-09-21 06:35:37.016--UnitOfWork(1600012317)--Thread(Thread[Test worker,5,main])--end unit of work commit
[EL Finer]: transaction: 2016-09-21 06:35:37.016--UnitOfWork(1600012317)--Thread(Thread[Test worker,5,main])--resume unit of work
[EL Finer]: transaction: 2016-09-21 06:35:37.016--UnitOfWork(1600012317)--Thread(Thread[Test worker,5,main])--release unit of work
[EL Finer]: connection: 2016-09-21 06:35:37.017--ClientSession(1253933304)--Thread(Thread[Test worker,5,main])--client released
[EL Finer]: connection: 2016-09-21 06:35:37.043--ServerSession(993367760)--Thread(Thread[Test worker,5,main])--client acquired: 1624346869
[EL Finer]: transaction: 2016-09-21 06:35:37.043--ClientSession(1624346869)--Thread(Thread[Test worker,5,main])--acquire unit of work: 1585706619
[EL Finest]: connection: 2016-09-21 06:35:37.043--ServerSession(993367760)--Connection(699086263)--Thread(Thread[Test worker,5,main])--Connection acquired from connection pool [default].
[EL Finer]: transaction: 2016-09-21 06:35:37.043--ClientSession(1624346869)--Connection(699086263)--Thread(Thread[Test worker,5,main])--begin transaction
[EL Finest]: connection: 2016-09-21 06:35:37.044--ClientSession(1624346869)--Thread(Thread[Test worker,5,main])--reconnecting to external connection pool
[EL Finest]: query: 2016-09-21 06:35:37.045--UnitOfWork(1585706619)--Thread(Thread[Test worker,5,main])--Execute query ReadObjectQuery(name="readPhoneCategory" referenceClass=PhoneCategory sql="SELECT phoneCatId, phoneCatName, versionId, createdBy, createdDate, updatedBy, updatedDate, activeStatus, txnAccessCode FROM PhoneCategory WHERE (phoneCatId = ?)")
[EL Fine]: sql: 2016-09-21 06:35:37.045--ClientSession(1624346869)--Connection(2026482204)--Thread(Thread[Test worker,5,main])--SELECT phoneCatId, phoneCatName, versionId, createdBy, createdDate, updatedBy, updatedDate, activeStatus, txnAccessCode FROM PhoneCategory WHERE (phoneCatId = ?)
	bind => [86B3807C-C3A7-4AE5-9534-F3EC85C763B5]
[EL Finest]: transaction: 2016-09-21 06:35:37.046--UnitOfWork(1585706619)--Thread(Thread[Test worker,5,main])--remove() operation called on: 3O4UTmUCCSd5I28p6VEqPwSDXyUm5ZelWgiIXc7lVgFx3Rb5Jm
Wed Sep 21 06:35:37 UTC 2016|Unknown Alarm = ORGCM328100200 Alarm Split = ORG-CM-3-2-8-100-200
[EL Finer]: transaction: 2016-09-21 06:35:37.047--UnitOfWork(1585706619)--Thread(Thread[Test worker,5,main])--begin unit of work commit
[EL Finest]: query: 2016-09-21 06:35:37.047--UnitOfWork(1585706619)--Thread(Thread[Test worker,5,main])--Execute query DoesExistQuery(referenceClass=PhoneCategory )
[EL Finest]: query: 2016-09-21 06:35:37.047--UnitOfWork(1585706619)--Thread(Thread[Test worker,5,main])--Execute query DeleteObjectQuery(3O4UTmUCCSd5I28p6VEqPwSDXyUm5ZelWgiIXc7lVgFx3Rb5Jm)
[EL Fine]: sql: 2016-09-21 06:35:37.048--ClientSession(1624346869)--Connection(2026482204)--Thread(Thread[Test worker,5,main])--DELETE FROM PhoneCategory WHERE ((phoneCatId = ?) AND (versionId = ?))
	bind => [86B3807C-C3A7-4AE5-9534-F3EC85C763B5, 1]
[EL Finer]: transaction: 2016-09-21 06:35:37.049--ClientSession(1624346869)--Connection(2026482204)--Thread(Thread[Test worker,5,main])--commit transaction
[EL Finest]: connection: 2016-09-21 06:35:37.097--ServerSession(993367760)--Connection(699086263)--Thread(Thread[Test worker,5,main])--Connection released to connection pool [default].
[EL Finer]: transaction: 2016-09-21 06:35:37.097--UnitOfWork(1585706619)--Thread(Thread[Test worker,5,main])--end unit of work commit
[EL Finer]: transaction: 2016-09-21 06:35:37.097--UnitOfWork(1585706619)--Thread(Thread[Test worker,5,main])--resume unit of work
[EL Finer]: transaction: 2016-09-21 06:35:37.098--UnitOfWork(1585706619)--Thread(Thread[Test worker,5,main])--release unit of work
[EL Finer]: connection: 2016-09-21 06:35:37.098--ClientSession(1624346869)--Thread(Thread[Test worker,5,main])--client released
]]></system-out>
  <system-err><![CDATA[PhoneCommunication.phoneNo may not be null
java.lang.SecurityException: PhoneCommunication.phoneNo may not be null
	at com.athena.server.pluggable.utils.helper.EntityValidatorHelper.validateEntity(EntityValidatorHelper.java:37)
	at com.app.shared.organization.contactmanagement.PhoneCommunication.isValid(PhoneCommunication.java:176)
	at com.app.server.service.organization.contactmanagement.PhoneCommunicationTestCase.validatePhoneCommunication(PhoneCommunicationTestCase.java:233)
	at com.app.server.service.organization.contactmanagement.PhoneCommunicationTestCase.test5NegativeTesting(PhoneCommunicationTestCase.java:264)
	at sun.reflect.NativeMethodAccessorImpl.invoke0(Native Method)
	at sun.reflect.NativeMethodAccessorImpl.invoke(NativeMethodAccessorImpl.java:57)
	at sun.reflect.DelegatingMethodAccessorImpl.invoke(DelegatingMethodAccessorImpl.java:43)
	at java.lang.reflect.Method.invoke(Method.java:606)
	at org.junit.runners.model.FrameworkMethod$1.runReflectiveCall(FrameworkMethod.java:47)
	at org.junit.internal.runners.model.ReflectiveCallable.run(ReflectiveCallable.java:12)
	at org.junit.runners.model.FrameworkMethod.invokeExplosively(FrameworkMethod.java:44)
	at org.junit.internal.runners.statements.InvokeMethod.evaluate(InvokeMethod.java:17)
	at org.junit.internal.runners.statements.RunBefores.evaluate(RunBefores.java:26)
	at org.springframework.test.context.junit4.statements.RunBeforeTestMethodCallbacks.evaluate(RunBeforeTestMethodCallbacks.java:74)
	at org.junit.internal.runners.statements.RunAfters.evaluate(RunAfters.java:27)
	at org.springframework.test.context.junit4.statements.RunAfterTestMethodCallbacks.evaluate(RunAfterTestMethodCallbacks.java:83)
	at org.springframework.test.context.junit4.statements.SpringRepeat.evaluate(SpringRepeat.java:72)
	at org.springframework.test.context.junit4.SpringJUnit4ClassRunner.runChild(SpringJUnit4ClassRunner.java:233)
	at org.springframework.test.context.junit4.SpringJUnit4ClassRunner.runChild(SpringJUnit4ClassRunner.java:87)
	at org.junit.runners.ParentRunner$3.run(ParentRunner.java:238)
	at org.junit.runners.ParentRunner$1.schedule(ParentRunner.java:63)
	at org.junit.runners.ParentRunner.runChildren(ParentRunner.java:236)
	at org.junit.runners.ParentRunner.access$000(ParentRunner.java:53)
	at org.junit.runners.ParentRunner$2.evaluate(ParentRunner.java:229)
	at org.junit.internal.runners.statements.RunBefores.evaluate(RunBefores.java:26)
	at org.springframework.test.context.junit4.statements.RunBeforeTestClassCallbacks.evaluate(RunBeforeTestClassCallbacks.java:61)
	at org.springframework.test.context.junit4.statements.RunAfterTestClassCallbacks.evaluate(RunAfterTestClassCallbacks.java:71)
	at org.junit.runners.ParentRunner.run(ParentRunner.java:309)
	at org.springframework.test.context.junit4.SpringJUnit4ClassRunner.run(SpringJUnit4ClassRunner.java:176)
	at org.gradle.api.internal.tasks.testing.junit.JUnitTestClassExecuter.runTestClass(JUnitTestClassExecuter.java:86)
	at org.gradle.api.internal.tasks.testing.junit.JUnitTestClassExecuter.execute(JUnitTestClassExecuter.java:49)
	at org.gradle.api.internal.tasks.testing.junit.JUnitTestClassProcessor.processTestClass(JUnitTestClassProcessor.java:64)
	at org.gradle.api.internal.tasks.testing.SuiteTestClassProcessor.processTestClass(SuiteTestClassProcessor.java:50)
	at sun.reflect.GeneratedMethodAccessor126.invoke(Unknown Source)
	at sun.reflect.DelegatingMethodAccessorImpl.invoke(DelegatingMethodAccessorImpl.java:43)
	at java.lang.reflect.Method.invoke(Method.java:606)
	at org.gradle.messaging.dispatch.ReflectionDispatch.dispatch(ReflectionDispatch.java:35)
	at org.gradle.messaging.dispatch.ReflectionDispatch.dispatch(ReflectionDispatch.java:24)
	at org.gradle.messaging.dispatch.ContextClassLoaderDispatch.dispatch(ContextClassLoaderDispatch.java:32)
	at org.gradle.messaging.dispatch.ProxyDispatchAdapter$DispatchingInvocationHandler.invoke(ProxyDispatchAdapter.java:93)
	at com.sun.proxy.$Proxy2.processTestClass(Unknown Source)
	at org.gradle.api.internal.tasks.testing.worker.TestWorker.processTestClass(TestWorker.java:106)
	at sun.reflect.GeneratedMethodAccessor125.invoke(Unknown Source)
	at sun.reflect.DelegatingMethodAccessorImpl.invoke(DelegatingMethodAccessorImpl.java:43)
	at java.lang.reflect.Method.invoke(Method.java:606)
	at org.gradle.messaging.dispatch.ReflectionDispatch.dispatch(ReflectionDispatch.java:35)
	at org.gradle.messaging.dispatch.ReflectionDispatch.dispatch(ReflectionDispatch.java:24)
	at org.gradle.messaging.remote.internal.hub.MessageHub$Handler.run(MessageHub.java:360)
	at org.gradle.internal.concurrent.DefaultExecutorFactory$StoppableExecutorImpl$1.run(DefaultExecutorFactory.java:64)
	at java.util.concurrent.ThreadPoolExecutor.runWorker(ThreadPoolExecutor.java:1145)
	at java.util.concurrent.ThreadPoolExecutor$Worker.run(ThreadPoolExecutor.java:615)
	at java.lang.Thread.run(Thread.java:745)
PhoneCommunication.phoneNo size must be between 1 and 256
java.lang.SecurityException: PhoneCommunication.phoneNo size must be between 1 and 256
	at com.athena.server.pluggable.utils.helper.EntityValidatorHelper.validateEntity(EntityValidatorHelper.java:37)
	at com.app.shared.organization.contactmanagement.PhoneCommunication.isValid(PhoneCommunication.java:176)
	at com.app.server.service.organization.contactmanagement.PhoneCommunicationTestCase.validatePhoneCommunication(PhoneCommunicationTestCase.java:231)
	at com.app.server.service.organization.contactmanagement.PhoneCommunicationTestCase.test5NegativeTesting(PhoneCommunicationTestCase.java:269)
	at sun.reflect.NativeMethodAccessorImpl.invoke0(Native Method)
	at sun.reflect.NativeMethodAccessorImpl.invoke(NativeMethodAccessorImpl.java:57)
	at sun.reflect.DelegatingMethodAccessorImpl.invoke(DelegatingMethodAccessorImpl.java:43)
	at java.lang.reflect.Method.invoke(Method.java:606)
	at org.junit.runners.model.FrameworkMethod$1.runReflectiveCall(FrameworkMethod.java:47)
	at org.junit.internal.runners.model.ReflectiveCallable.run(ReflectiveCallable.java:12)
	at org.junit.runners.model.FrameworkMethod.invokeExplosively(FrameworkMethod.java:44)
	at org.junit.internal.runners.statements.InvokeMethod.evaluate(InvokeMethod.java:17)
	at org.junit.internal.runners.statements.RunBefores.evaluate(RunBefores.java:26)
	at org.springframework.test.context.junit4.statements.RunBeforeTestMethodCallbacks.evaluate(RunBeforeTestMethodCallbacks.java:74)
	at org.junit.internal.runners.statements.RunAfters.evaluate(RunAfters.java:27)
	at org.springframework.test.context.junit4.statements.RunAfterTestMethodCallbacks.evaluate(RunAfterTestMethodCallbacks.java:83)
	at org.springframework.test.context.junit4.statements.SpringRepeat.evaluate(SpringRepeat.java:72)
	at org.springframework.test.context.junit4.SpringJUnit4ClassRunner.runChild(SpringJUnit4ClassRunner.java:233)
	at org.springframework.test.context.junit4.SpringJUnit4ClassRunner.runChild(SpringJUnit4ClassRunner.java:87)
	at org.junit.runners.ParentRunner$3.run(ParentRunner.java:238)
	at org.junit.runners.ParentRunner$1.schedule(ParentRunner.java:63)
	at org.junit.runners.ParentRunner.runChildren(ParentRunner.java:236)
	at org.junit.runners.ParentRunner.access$000(ParentRunner.java:53)
	at org.junit.runners.ParentRunner$2.evaluate(ParentRunner.java:229)
	at org.junit.internal.runners.statements.RunBefores.evaluate(RunBefores.java:26)
	at org.springframework.test.context.junit4.statements.RunBeforeTestClassCallbacks.evaluate(RunBeforeTestClassCallbacks.java:61)
	at org.springframework.test.context.junit4.statements.RunAfterTestClassCallbacks.evaluate(RunAfterTestClassCallbacks.java:71)
	at org.junit.runners.ParentRunner.run(ParentRunner.java:309)
	at org.springframework.test.context.junit4.SpringJUnit4ClassRunner.run(SpringJUnit4ClassRunner.java:176)
	at org.gradle.api.internal.tasks.testing.junit.JUnitTestClassExecuter.runTestClass(JUnitTestClassExecuter.java:86)
	at org.gradle.api.internal.tasks.testing.junit.JUnitTestClassExecuter.execute(JUnitTestClassExecuter.java:49)
	at org.gradle.api.internal.tasks.testing.junit.JUnitTestClassProcessor.processTestClass(JUnitTestClassProcessor.java:64)
	at org.gradle.api.internal.tasks.testing.SuiteTestClassProcessor.processTestClass(SuiteTestClassProcessor.java:50)
	at sun.reflect.GeneratedMethodAccessor126.invoke(Unknown Source)
	at sun.reflect.DelegatingMethodAccessorImpl.invoke(DelegatingMethodAccessorImpl.java:43)
	at java.lang.reflect.Method.invoke(Method.java:606)
	at org.gradle.messaging.dispatch.ReflectionDispatch.dispatch(ReflectionDispatch.java:35)
	at org.gradle.messaging.dispatch.ReflectionDispatch.dispatch(ReflectionDispatch.java:24)
	at org.gradle.messaging.dispatch.ContextClassLoaderDispatch.dispatch(ContextClassLoaderDispatch.java:32)
	at org.gradle.messaging.dispatch.ProxyDispatchAdapter$DispatchingInvocationHandler.invoke(ProxyDispatchAdapter.java:93)
	at com.sun.proxy.$Proxy2.processTestClass(Unknown Source)
	at org.gradle.api.internal.tasks.testing.worker.TestWorker.processTestClass(TestWorker.java:106)
	at sun.reflect.GeneratedMethodAccessor125.invoke(Unknown Source)
	at sun.reflect.DelegatingMethodAccessorImpl.invoke(DelegatingMethodAccessorImpl.java:43)
	at java.lang.reflect.Method.invoke(Method.java:606)
	at org.gradle.messaging.dispatch.ReflectionDispatch.dispatch(ReflectionDispatch.java:35)
	at org.gradle.messaging.dispatch.ReflectionDispatch.dispatch(ReflectionDispatch.java:24)
	at org.gradle.messaging.remote.internal.hub.MessageHub$Handler.run(MessageHub.java:360)
	at org.gradle.internal.concurrent.DefaultExecutorFactory$StoppableExecutorImpl$1.run(DefaultExecutorFactory.java:64)
	at java.util.concurrent.ThreadPoolExecutor.runWorker(ThreadPoolExecutor.java:1145)
	at java.util.concurrent.ThreadPoolExecutor$Worker.run(ThreadPoolExecutor.java:615)
	at java.lang.Thread.run(Thread.java:745)
]]></system-err>
</testsuite>
