<?xml version="1.0" encoding="UTF-8"?>
<testsuite name="com.app.server.service.appinsight.health.CEntityTestCase" tests="5" skipped="0" failures="0" errors="0" timestamp="2016-09-21T06:35:22" hostname="ab5a12c16337" time="0.539">
  <properties/>
  <testcase name="test1Save" classname="com.app.server.service.appinsight.health.CEntityTestCase" time="0.144"/>
  <testcase name="test2Update" classname="com.app.server.service.appinsight.health.CEntityTestCase" time="0.081"/>
  <testcase name="test3FindById" classname="com.app.server.service.appinsight.health.CEntityTestCase" time="0.041"/>
  <testcase name="test5NegativeTesting" classname="com.app.server.service.appinsight.health.CEntityTestCase" time="0.137"/>
  <testcase name="test6Delete" classname="com.app.server.service.appinsight.health.CEntityTestCase" time="0.135"/>
  <system-out><![CDATA[Wed Sep 21 06:35:22 UTC 2016|Log Manager Factory|Initialization Process started.....
Wed Sep 21 06:35:22 UTC 2016|Log Manager|Initialized with Path = [/home/applifire/workspace/testpro/src/main/webapp/WEB-INF/conf]
Wed Sep 21 06:35:22 UTC 2016|Alarm Manager|Initialized with Path = [/home/applifire/workspace/testpro/src/main/webapp/WEB-INF/conf]
Wed Sep 21 06:35:22 UTC 2016|Alarm Manager|Loading Alarms ......
Wed Sep 21 06:35:22 UTC 2016|Alarm XML Parser|FWA|XML Parsing Complete........ 
Wed Sep 21 06:35:22 UTC 2016|Alarm File Manager|FWA|Alarm File Status.. [ApplicationFrameworkAlarms.xml]|Version=15|Status=Done 
Wed Sep 21 06:35:22 UTC 2016|Alarm File Manager|FWA|Alarm Stats = ( BC/AL=5/786 SYS=5/11 [786/0]  TPL=0/0 [0/0]  APP= A.Map=[875]  E.Map EC/RC=[391/79] )
Wed Sep 21 06:35:22 UTC 2016|Alarm XML Parser|APP|XML Parsing Complete........ 
Wed Sep 21 06:35:22 UTC 2016|Alarm File Manager|APP|Alarm File Status.. [ApplicationAlarms.xml]|Version=1|Status=Done 
Wed Sep 21 06:35:22 UTC 2016|Alarm File Manager|APP|Alarm Stats = ( BC/AL=5/786 SYS=5/11 [786/0]  TPL=0/0 [0/0]  APP=0/0 [0/0]  A.Map=[875]  E.Map EC/RC=[391/79] )
Wed Sep 21 06:35:22 UTC 2016|ApplicationAlarmContext| <><><><><> Create App Alarms ....  <><><><><> 
Wed Sep 21 06:35:22 UTC 2016|ApplicationAlarmContext|Alarms are generated ONLY in Development Mode.. 
Wed Sep 21 06:35:22 UTC 2016|Alarm Manager|APP|Alarm Stats = ( BC/AL=5/786 SYS=5/11 [786/0]  TPL=0/0 [0/0]  APP=0/0 [0/0]  A.Map=[875]  E.Map EC/RC=[391/79] )
Wed Sep 21 06:35:22 UTC 2016|Alarm Manager|Initialized Exception Lookup...
Wed Sep 21 06:35:22 UTC 2016|Log Manager|Initialize Log Config File ......
Wed Sep 21 06:35:22 UTC 2016|Pluggable Connectors|Adding Connectors : StandardOutputConnector isEnabled=true isDefault=false isFallBack=true
Wed Sep 21 06:35:22 UTC 2016|Pluggable Connectors|Adding Connectors : StandardFileConnector isEnabled=true isDefault=false isFallBack=false
Wed Sep 21 06:35:22 UTC 2016|Pluggable Connectors|Adding Connectors : Sprinkler isEnabled=true isDefault=true isFallBack=false
Wed Sep 21 06:35:22 UTC 2016|Pluggable Connectors|Default Connector Name : com.spartan.logger.core.LogMessenger
Wed Sep 21 06:35:22 UTC 2016|Log Config Parser|Connector Least Log Level =[4]  FallBack Log Level =[3]
Wed Sep 21 06:35:22 UTC 2016|Log Manager|Loading Default Connector for Logging ......
Wed Sep 21 06:35:22 UTC 2016|Log Manager|Loading class .. com.spartan.logger.core.LogMessenger
Wed Sep 21 06:35:22 UTC 2016|Plugggable Connector|Connector class com.spartan.logger.core.LogMessenger Initialized... @ Log Level = 3
Wed Sep 21 06:35:22 UTC 2016|Log Manager|Starting the Default Connector [com.spartan.logger.core.LogMessenger@6a383f9a] ....
Wed Sep 21 06:35:22 UTC 2016|Scheduler|Starting the Scheduler ......
Wed Sep 21 06:35:22 UTC 2016|Scheduler|Adding [LMID=[b53b3b4c-eae5-4dab-b5a8-91035a9d6d6b]] Delay=5 Time Unit=MINUTES
Wed Sep 21 06:35:22 UTC 2016|Scheduler|Adding [App Alarm Manager File=[ApplicationAlarms.xml]] Delay=30 Time Unit=MINUTES
Wed Sep 21 06:35:22 UTC 2016|Scheduler|Adding [FW Alarm Manager File=[ApplicationFrameworkAlarms.xml]] Delay=3 Time Unit=MINUTES
Wed Sep 21 06:35:22 UTC 2016|Scheduler|Startup Completed..
Wed Sep 21 06:35:22 UTC 2016|Log Manager|Initialization Process Complete ......
Wed Sep 21 06:35:22 UTC 2016|Log Manager Factory|Log Manager READY! ID = b53b3b4c-eae5-4dab-b5a8-91035a9d6d6b
[EL Finer]: connection: 2016-09-21 06:35:23.032--ServerSession(993367760)--Thread(Thread[Test worker,5,main])--client acquired: 572597141
[EL Finer]: transaction: 2016-09-21 06:35:23.032--ClientSession(572597141)--Thread(Thread[Test worker,5,main])--acquire unit of work: 765926580
[EL Finest]: connection: 2016-09-21 06:35:23.032--ServerSession(993367760)--Connection(911049942)--Thread(Thread[Test worker,5,main])--Connection acquired from connection pool [default].
[EL Finer]: transaction: 2016-09-21 06:35:23.032--ClientSession(572597141)--Connection(911049942)--Thread(Thread[Test worker,5,main])--begin transaction
[EL Finest]: connection: 2016-09-21 06:35:23.032--ClientSession(572597141)--Thread(Thread[Test worker,5,main])--reconnecting to external connection pool
[EL Finest]: transaction: 2016-09-21 06:35:23.036--UnitOfWork(765926580)--Thread(Thread[Test worker,5,main])--persist() operation called on: Ul8KIpYkkulwv86Gwq829TV9oa9oQ2ffSRjeFXxTRQb63UjSA5.
[EL Finest]: sequencing: 2016-09-21 06:35:23.036--UnitOfWork(765926580)--Thread(Thread[Test worker,5,main])--assign sequence to the object (91B7637E-ACB9-47D3-BDA8-0D4871AB66F5 -> Ul8KIpYkkulwv86Gwq829TV9oa9oQ2ffSRjeFXxTRQb63UjSA5)
[EL Finer]: transaction: 2016-09-21 06:35:23.037--UnitOfWork(765926580)--Thread(Thread[Test worker,5,main])--begin unit of work commit
[EL Finest]: query: 2016-09-21 06:35:23.037--UnitOfWork(765926580)--Thread(Thread[Test worker,5,main])--Execute query InsertObjectQuery(Ul8KIpYkkulwv86Gwq829TV9oa9oQ2ffSRjeFXxTRQb63UjSA5)
[EL Fine]: sql: 2016-09-21 06:35:23.037--ClientSession(572597141)--Connection(296898169)--Thread(Thread[Test worker,5,main])--INSERT INTO CEntity (cid, cNm, cNo, versionId, createdBy, createdDate, updatedBy, updatedDate, activeStatus, txnAccessCode, multiTenantId) VALUES (?, ?, ?, ?, ?, ?, ?, ?, ?, ?, ?)
	bind => [91B7637E-ACB9-47D3-BDA8-0D4871AB66F5, Ul8KIpYkkulwv86Gwq829TV9oa9oQ2ffSRjeFXxTRQb63UjSA5, -1427437831, 1, AAAAA, 2016-09-21 06:35:22.971, AAAAA, 2016-09-21 06:35:22.971, 1, 51000, appCreateValue]
[EL Finer]: transaction: 2016-09-21 06:35:23.039--ClientSession(572597141)--Connection(296898169)--Thread(Thread[Test worker,5,main])--commit transaction
[EL Finest]: connection: 2016-09-21 06:35:23.088--ServerSession(993367760)--Connection(911049942)--Thread(Thread[Test worker,5,main])--Connection released to connection pool [default].
[EL Finer]: transaction: 2016-09-21 06:35:23.088--UnitOfWork(765926580)--Thread(Thread[Test worker,5,main])--end unit of work commit
[EL Finer]: transaction: 2016-09-21 06:35:23.088--UnitOfWork(765926580)--Thread(Thread[Test worker,5,main])--resume unit of work
[EL Finer]: transaction: 2016-09-21 06:35:23.088--UnitOfWork(765926580)--Thread(Thread[Test worker,5,main])--release unit of work
[EL Finer]: connection: 2016-09-21 06:35:23.088--ClientSession(572597141)--Thread(Thread[Test worker,5,main])--client released
[EL Finer]: connection: 2016-09-21 06:35:23.11--ServerSession(993367760)--Thread(Thread[Test worker,5,main])--client acquired: 988741840
[EL Finer]: transaction: 2016-09-21 06:35:23.11--ClientSession(988741840)--Thread(Thread[Test worker,5,main])--acquire unit of work: 555644394
[EL Finest]: connection: 2016-09-21 06:35:23.11--ServerSession(993367760)--Connection(1456432802)--Thread(Thread[Test worker,5,main])--Connection acquired from connection pool [default].
[EL Finer]: transaction: 2016-09-21 06:35:23.11--ClientSession(988741840)--Connection(1456432802)--Thread(Thread[Test worker,5,main])--begin transaction
[EL Finest]: connection: 2016-09-21 06:35:23.11--ClientSession(988741840)--Thread(Thread[Test worker,5,main])--reconnecting to external connection pool
[EL Finer]: transaction: 2016-09-21 06:35:23.111--UnitOfWork(555644394)--Thread(Thread[Test worker,5,main])--begin unit of work flush
[EL Finer]: transaction: 2016-09-21 06:35:23.111--UnitOfWork(555644394)--Thread(Thread[Test worker,5,main])--end unit of work flush
[EL Finest]: query: 2016-09-21 06:35:23.112--UnitOfWork(555644394)--Thread(Thread[Test worker,5,main])--Execute query ReadAllQuery(name="CEntity.findById" referenceClass=CEntity sql="SELECT cid, multiTenantId, cNm, cNo, versionId, createdBy, createdDate, updatedBy, updatedDate, activeStatus, txnAccessCode FROM CEntity WHERE (((activeStatus = ?) AND (cid = ?)) AND (multiTenantId = ?))")
[EL Fine]: sql: 2016-09-21 06:35:23.112--ClientSession(988741840)--Connection(1715995214)--Thread(Thread[Test worker,5,main])--SELECT cid, multiTenantId, cNm, cNo, versionId, createdBy, createdDate, updatedBy, updatedDate, activeStatus, txnAccessCode FROM CEntity WHERE (((activeStatus = ?) AND (cid = ?)) AND (multiTenantId = ?))
	bind => [1, 91B7637E-ACB9-47D3-BDA8-0D4871AB66F5, appCreateValue]
[EL Finer]: transaction: 2016-09-21 06:35:23.113--UnitOfWork(555644394)--Thread(Thread[Test worker,5,main])--begin unit of work commit
[EL Finer]: transaction: 2016-09-21 06:35:23.114--ClientSession(988741840)--Connection(1715995214)--Thread(Thread[Test worker,5,main])--commit transaction
[EL Finest]: connection: 2016-09-21 06:35:23.114--ServerSession(993367760)--Connection(1456432802)--Thread(Thread[Test worker,5,main])--Connection released to connection pool [default].
[EL Finer]: transaction: 2016-09-21 06:35:23.114--UnitOfWork(555644394)--Thread(Thread[Test worker,5,main])--end unit of work commit
[EL Finer]: transaction: 2016-09-21 06:35:23.114--UnitOfWork(555644394)--Thread(Thread[Test worker,5,main])--resume unit of work
[EL Finer]: transaction: 2016-09-21 06:35:23.114--UnitOfWork(555644394)--Thread(Thread[Test worker,5,main])--release unit of work
[EL Finer]: connection: 2016-09-21 06:35:23.114--ClientSession(988741840)--Thread(Thread[Test worker,5,main])--client released
[EL Finer]: connection: 2016-09-21 06:35:23.115--ServerSession(993367760)--Thread(Thread[Test worker,5,main])--client acquired: 2135157581
[EL Finer]: transaction: 2016-09-21 06:35:23.115--ClientSession(2135157581)--Thread(Thread[Test worker,5,main])--acquire unit of work: 1141722497
[EL Finest]: connection: 2016-09-21 06:35:23.115--ServerSession(993367760)--Connection(1163621134)--Thread(Thread[Test worker,5,main])--Connection acquired from connection pool [default].
[EL Finer]: transaction: 2016-09-21 06:35:23.115--ClientSession(2135157581)--Connection(1163621134)--Thread(Thread[Test worker,5,main])--begin transaction
[EL Finest]: connection: 2016-09-21 06:35:23.116--ClientSession(2135157581)--Thread(Thread[Test worker,5,main])--reconnecting to external connection pool
[EL Finest]: transaction: 2016-09-21 06:35:23.118--UnitOfWork(1141722497)--Thread(Thread[Test worker,5,main])--Merge clone with references mwp9v3BsZmUvSmA6FqonXe4kojq5VIozuApF1SIO1MXM2X9NDE
[EL Finest]: query: 2016-09-21 06:35:23.119--UnitOfWork(1141722497)--Thread(Thread[Test worker,5,main])--Execute query ReadObjectQuery(referenceClass=CEntity )
[EL Fine]: sql: 2016-09-21 06:35:23.119--ClientSession(2135157581)--Connection(980837442)--Thread(Thread[Test worker,5,main])--SELECT cid, multiTenantId, cNm, cNo, versionId, createdBy, createdDate, updatedBy, updatedDate, activeStatus, txnAccessCode FROM CEntity WHERE ((cid = ?) AND (multiTenantId = ?))
	bind => [91B7637E-ACB9-47D3-BDA8-0D4871AB66F5, appCreateValue]
[EL Finer]: transaction: 2016-09-21 06:35:23.122--UnitOfWork(1141722497)--Thread(Thread[Test worker,5,main])--begin unit of work commit
[EL Finest]: query: 2016-09-21 06:35:23.122--UnitOfWork(1141722497)--Thread(Thread[Test worker,5,main])--Execute query UpdateObjectQuery(mwp9v3BsZmUvSmA6FqonXe4kojq5VIozuApF1SIO1MXM2X9NDE)
[EL Fine]: sql: 2016-09-21 06:35:23.122--ClientSession(2135157581)--Connection(980837442)--Thread(Thread[Test worker,5,main])--UPDATE CEntity SET cNm = ?, cNo = ?, versionId = ? WHERE ((cid = ?) AND (versionId = ?))
	bind => [mwp9v3BsZmUvSmA6FqonXe4kojq5VIozuApF1SIO1MXM2X9NDE, 2147483647, 2, 91B7637E-ACB9-47D3-BDA8-0D4871AB66F5, 1]
[EL Finer]: transaction: 2016-09-21 06:35:23.124--ClientSession(2135157581)--Connection(980837442)--Thread(Thread[Test worker,5,main])--commit transaction
[EL Finest]: connection: 2016-09-21 06:35:23.169--ServerSession(993367760)--Connection(1163621134)--Thread(Thread[Test worker,5,main])--Connection released to connection pool [default].
[EL Finer]: transaction: 2016-09-21 06:35:23.169--UnitOfWork(1141722497)--Thread(Thread[Test worker,5,main])--end unit of work commit
[EL Finer]: transaction: 2016-09-21 06:35:23.169--UnitOfWork(1141722497)--Thread(Thread[Test worker,5,main])--resume unit of work
[EL Finer]: transaction: 2016-09-21 06:35:23.17--UnitOfWork(1141722497)--Thread(Thread[Test worker,5,main])--release unit of work
[EL Finer]: connection: 2016-09-21 06:35:23.17--ClientSession(2135157581)--Thread(Thread[Test worker,5,main])--client released
[EL Finer]: connection: 2016-09-21 06:35:23.207--ServerSession(993367760)--Thread(Thread[Test worker,5,main])--client acquired: 554206801
[EL Finer]: transaction: 2016-09-21 06:35:23.207--ClientSession(554206801)--Thread(Thread[Test worker,5,main])--acquire unit of work: 917127368
[EL Finest]: connection: 2016-09-21 06:35:23.207--ServerSession(993367760)--Connection(1669539457)--Thread(Thread[Test worker,5,main])--Connection acquired from connection pool [default].
[EL Finer]: transaction: 2016-09-21 06:35:23.207--ClientSession(554206801)--Connection(1669539457)--Thread(Thread[Test worker,5,main])--begin transaction
[EL Finest]: connection: 2016-09-21 06:35:23.207--ClientSession(554206801)--Thread(Thread[Test worker,5,main])--reconnecting to external connection pool
[EL Finer]: transaction: 2016-09-21 06:35:23.208--UnitOfWork(917127368)--Thread(Thread[Test worker,5,main])--begin unit of work flush
[EL Finer]: transaction: 2016-09-21 06:35:23.208--UnitOfWork(917127368)--Thread(Thread[Test worker,5,main])--end unit of work flush
[EL Finest]: query: 2016-09-21 06:35:23.208--UnitOfWork(917127368)--Thread(Thread[Test worker,5,main])--Execute query ReadAllQuery(name="CEntity.findById" referenceClass=CEntity sql="SELECT cid, multiTenantId, cNm, cNo, versionId, createdBy, createdDate, updatedBy, updatedDate, activeStatus, txnAccessCode FROM CEntity WHERE (((activeStatus = ?) AND (cid = ?)) AND (multiTenantId = ?))")
[EL Fine]: sql: 2016-09-21 06:35:23.209--ClientSession(554206801)--Connection(840788824)--Thread(Thread[Test worker,5,main])--SELECT cid, multiTenantId, cNm, cNo, versionId, createdBy, createdDate, updatedBy, updatedDate, activeStatus, txnAccessCode FROM CEntity WHERE (((activeStatus = ?) AND (cid = ?)) AND (multiTenantId = ?))
	bind => [1, 91B7637E-ACB9-47D3-BDA8-0D4871AB66F5, appCreateValue]
[EL Finer]: transaction: 2016-09-21 06:35:23.211--UnitOfWork(917127368)--Thread(Thread[Test worker,5,main])--begin unit of work commit
[EL Finer]: transaction: 2016-09-21 06:35:23.211--ClientSession(554206801)--Connection(840788824)--Thread(Thread[Test worker,5,main])--commit transaction
[EL Finest]: connection: 2016-09-21 06:35:23.211--ServerSession(993367760)--Connection(1669539457)--Thread(Thread[Test worker,5,main])--Connection released to connection pool [default].
[EL Finer]: transaction: 2016-09-21 06:35:23.211--UnitOfWork(917127368)--Thread(Thread[Test worker,5,main])--end unit of work commit
[EL Finer]: transaction: 2016-09-21 06:35:23.212--UnitOfWork(917127368)--Thread(Thread[Test worker,5,main])--resume unit of work
[EL Finer]: transaction: 2016-09-21 06:35:23.212--UnitOfWork(917127368)--Thread(Thread[Test worker,5,main])--release unit of work
[EL Finer]: connection: 2016-09-21 06:35:23.212--ClientSession(554206801)--Thread(Thread[Test worker,5,main])--client released
[EL Finer]: connection: 2016-09-21 06:35:23.247--ServerSession(993367760)--Thread(Thread[Test worker,5,main])--client acquired: 329815540
[EL Finer]: transaction: 2016-09-21 06:35:23.247--ClientSession(329815540)--Thread(Thread[Test worker,5,main])--acquire unit of work: 554487873
[EL Finest]: connection: 2016-09-21 06:35:23.247--ServerSession(993367760)--Connection(1346137178)--Thread(Thread[Test worker,5,main])--Connection acquired from connection pool [default].
[EL Finer]: transaction: 2016-09-21 06:35:23.247--ClientSession(329815540)--Connection(1346137178)--Thread(Thread[Test worker,5,main])--begin transaction
[EL Finest]: connection: 2016-09-21 06:35:23.248--ClientSession(329815540)--Thread(Thread[Test worker,5,main])--reconnecting to external connection pool
[EL Finer]: transaction: 2016-09-21 06:35:23.249--UnitOfWork(554487873)--Thread(Thread[Test worker,5,main])--begin unit of work flush
[EL Finer]: transaction: 2016-09-21 06:35:23.249--UnitOfWork(554487873)--Thread(Thread[Test worker,5,main])--end unit of work flush
[EL Finest]: query: 2016-09-21 06:35:23.249--UnitOfWork(554487873)--Thread(Thread[Test worker,5,main])--Execute query ReadAllQuery(name="CEntity.findById" referenceClass=CEntity sql="SELECT cid, multiTenantId, cNm, cNo, versionId, createdBy, createdDate, updatedBy, updatedDate, activeStatus, txnAccessCode FROM CEntity WHERE (((activeStatus = ?) AND (cid = ?)) AND (multiTenantId = ?))")
[EL Fine]: sql: 2016-09-21 06:35:23.249--ClientSession(329815540)--Connection(2000174140)--Thread(Thread[Test worker,5,main])--SELECT cid, multiTenantId, cNm, cNo, versionId, createdBy, createdDate, updatedBy, updatedDate, activeStatus, txnAccessCode FROM CEntity WHERE (((activeStatus = ?) AND (cid = ?)) AND (multiTenantId = ?))
	bind => [1, 91B7637E-ACB9-47D3-BDA8-0D4871AB66F5, appCreateValue]
[EL Finer]: transaction: 2016-09-21 06:35:23.251--UnitOfWork(554487873)--Thread(Thread[Test worker,5,main])--begin unit of work commit
[EL Finer]: transaction: 2016-09-21 06:35:23.251--ClientSession(329815540)--Connection(2000174140)--Thread(Thread[Test worker,5,main])--commit transaction
[EL Finest]: connection: 2016-09-21 06:35:23.251--ServerSession(993367760)--Connection(1346137178)--Thread(Thread[Test worker,5,main])--Connection released to connection pool [default].
[EL Finer]: transaction: 2016-09-21 06:35:23.251--UnitOfWork(554487873)--Thread(Thread[Test worker,5,main])--end unit of work commit
[EL Finer]: transaction: 2016-09-21 06:35:23.252--UnitOfWork(554487873)--Thread(Thread[Test worker,5,main])--resume unit of work
[EL Finer]: transaction: 2016-09-21 06:35:23.252--UnitOfWork(554487873)--Thread(Thread[Test worker,5,main])--release unit of work
[EL Finer]: connection: 2016-09-21 06:35:23.252--ClientSession(329815540)--Thread(Thread[Test worker,5,main])--client released
[EL Finer]: connection: 2016-09-21 06:35:23.262--ServerSession(993367760)--Thread(Thread[Test worker,5,main])--client acquired: 1902091456
[EL Finer]: transaction: 2016-09-21 06:35:23.263--ClientSession(1902091456)--Thread(Thread[Test worker,5,main])--acquire unit of work: 1009531750
[EL Finest]: connection: 2016-09-21 06:35:23.263--ServerSession(993367760)--Connection(2079310950)--Thread(Thread[Test worker,5,main])--Connection acquired from connection pool [default].
[EL Finer]: transaction: 2016-09-21 06:35:23.263--ClientSession(1902091456)--Connection(2079310950)--Thread(Thread[Test worker,5,main])--begin transaction
[EL Finest]: connection: 2016-09-21 06:35:23.263--ClientSession(1902091456)--Thread(Thread[Test worker,5,main])--reconnecting to external connection pool
[EL Finest]: transaction: 2016-09-21 06:35:23.266--UnitOfWork(1009531750)--Thread(Thread[Test worker,5,main])--persist() operation called on: Ul8KIpYkkulwv86Gwq829TV9oa9oQ2ffSRjeFXxTRQb63UjSA5.
[EL Finest]: sequencing: 2016-09-21 06:35:23.267--UnitOfWork(1009531750)--Thread(Thread[Test worker,5,main])--assign sequence to the object (198CB222-7961-4891-B16C-4038060B64FA -> Ul8KIpYkkulwv86Gwq829TV9oa9oQ2ffSRjeFXxTRQb63UjSA5)
[EL Finer]: transaction: 2016-09-21 06:35:23.267--UnitOfWork(1009531750)--Thread(Thread[Test worker,5,main])--begin unit of work commit
[EL Finest]: query: 2016-09-21 06:35:23.267--UnitOfWork(1009531750)--Thread(Thread[Test worker,5,main])--Execute query InsertObjectQuery(Ul8KIpYkkulwv86Gwq829TV9oa9oQ2ffSRjeFXxTRQb63UjSA5)
[EL Fine]: sql: 2016-09-21 06:35:23.268--ClientSession(1902091456)--Connection(107743700)--Thread(Thread[Test worker,5,main])--INSERT INTO CEntity (cid, cNm, cNo, versionId, createdBy, createdDate, updatedBy, updatedDate, activeStatus, txnAccessCode, multiTenantId) VALUES (?, ?, ?, ?, ?, ?, ?, ?, ?, ?, ?)
	bind => [198CB222-7961-4891-B16C-4038060B64FA, Ul8KIpYkkulwv86Gwq829TV9oa9oQ2ffSRjeFXxTRQb63UjSA5, 2147483647, 1, AAAAA, 2016-09-21 06:35:23.262, AAAAA, 2016-09-21 06:35:23.262, 1, 51000, appCreateValue]
[EL Fine]: sql: 2016-09-21 06:35:23.269--ClientSession(1902091456)--Thread(Thread[Test worker,5,main])--SELECT 1
[EL Warning]: 2016-09-21 06:35:23.27--ClientSession(1902091456)--Thread(Thread[Test worker,5,main])--Local Exception Stack: 
Exception [EclipseLink-4002] (Eclipse Persistence Services - 2.5.1.v20130918-f2b9fc5): org.eclipse.persistence.exceptions.DatabaseException
Internal Exception: com.mysql.jdbc.exceptions.jdbc4.MySQLIntegrityConstraintViolationException: Duplicate entry '2147483647' for key 'cNo'
Error Code: 1062
Call: INSERT INTO CEntity (cid, cNm, cNo, versionId, createdBy, createdDate, updatedBy, updatedDate, activeStatus, txnAccessCode, multiTenantId) VALUES (?, ?, ?, ?, ?, ?, ?, ?, ?, ?, ?)
	bind => [198CB222-7961-4891-B16C-4038060B64FA, Ul8KIpYkkulwv86Gwq829TV9oa9oQ2ffSRjeFXxTRQb63UjSA5, 2147483647, 1, AAAAA, 2016-09-21 06:35:23.262, AAAAA, 2016-09-21 06:35:23.262, 1, 51000, appCreateValue]
	at org.eclipse.persistence.exceptions.DatabaseException.sqlException(DatabaseException.java:331)
	at org.eclipse.persistence.internal.databaseaccess.DatabaseAccessor.executeDirectNoSelect(DatabaseAccessor.java:900)
	at org.eclipse.persistence.internal.databaseaccess.DatabaseAccessor.executeNoSelect(DatabaseAccessor.java:962)
	at org.eclipse.persistence.internal.databaseaccess.DatabaseAccessor.basicExecuteCall(DatabaseAccessor.java:631)
	at org.eclipse.persistence.internal.databaseaccess.ParameterizedSQLBatchWritingMechanism.executeBatchedStatements(ParameterizedSQLBatchWritingMechanism.java:130)
	at org.eclipse.persistence.internal.databaseaccess.DatabaseAccessor.writesCompleted(DatabaseAccessor.java:1836)
	at org.eclipse.persistence.internal.databaseaccess.DatabaseAccessor.commitTransaction(DatabaseAccessor.java:426)
	at org.eclipse.persistence.internal.sessions.AbstractSession.basicCommitTransaction(AbstractSession.java:758)
	at org.eclipse.persistence.sessions.server.ClientSession.basicCommitTransaction(ClientSession.java:174)
	at org.eclipse.persistence.internal.sessions.AbstractSession.commitTransaction(AbstractSession.java:962)
	at org.eclipse.persistence.internal.sessions.UnitOfWorkImpl.commitTransaction(UnitOfWorkImpl.java:1600)
	at org.eclipse.persistence.internal.sessions.RepeatableWriteUnitOfWork.commitTransaction(RepeatableWriteUnitOfWork.java:647)
	at org.eclipse.persistence.internal.sessions.UnitOfWorkImpl.commitTransactionAfterWriteChanges(UnitOfWorkImpl.java:1615)
	at org.eclipse.persistence.internal.sessions.RepeatableWriteUnitOfWork.commitRootUnitOfWork(RepeatableWriteUnitOfWork.java:284)
	at org.eclipse.persistence.internal.sessions.UnitOfWorkImpl.commitAndResume(UnitOfWorkImpl.java:1169)
	at org.eclipse.persistence.internal.jpa.transaction.EntityTransactionImpl.commit(EntityTransactionImpl.java:132)
	at org.springframework.orm.jpa.JpaTransactionManager.doCommit(JpaTransactionManager.java:515)
	at org.springframework.transaction.support.AbstractPlatformTransactionManager.processCommit(AbstractPlatformTransactionManager.java:757)
	at org.springframework.transaction.support.AbstractPlatformTransactionManager.commit(AbstractPlatformTransactionManager.java:726)
	at org.springframework.transaction.interceptor.TransactionAspectSupport.commitTransactionAfterReturning(TransactionAspectSupport.java:478)
	at org.springframework.transaction.interceptor.TransactionAspectSupport.invokeWithinTransaction(TransactionAspectSupport.java:272)
	at org.springframework.transaction.interceptor.TransactionInterceptor.invoke(TransactionInterceptor.java:95)
	at org.springframework.aop.framework.ReflectiveMethodInvocation.proceed(ReflectiveMethodInvocation.java:172)
	at org.springframework.aop.interceptor.ExposeInvocationInterceptor.invoke(ExposeInvocationInterceptor.java:91)
	at org.springframework.aop.framework.ReflectiveMethodInvocation.proceed(ReflectiveMethodInvocation.java:172)
	at org.springframework.aop.framework.CglibAopProxy$DynamicAdvisedInterceptor.intercept(CglibAopProxy.java:634)
	at com.app.server.repository.appinsight.health.CEntityRepositoryImpl$$EnhancerByCGLIB$$53633703.save(<generated>)
	at com.app.server.repository.appinsight.health.CEntityRepositoryImpl$$FastClassByCGLIB$$19764b02.invoke(<generated>)
	at org.springframework.cglib.proxy.MethodProxy.invoke(MethodProxy.java:204)
	at org.springframework.aop.framework.CglibAopProxy$CglibMethodInvocation.invokeJoinpoint(CglibAopProxy.java:701)
	at org.springframework.aop.framework.ReflectiveMethodInvocation.proceed(ReflectiveMethodInvocation.java:150)
	at org.springframework.aop.support.DelegatingIntroductionInterceptor.doProceed(DelegatingIntroductionInterceptor.java:132)
	at org.springframework.aop.support.DelegatingIntroductionInterceptor.invoke(DelegatingIntroductionInterceptor.java:120)
	at org.springframework.aop.framework.ReflectiveMethodInvocation.proceed(ReflectiveMethodInvocation.java:172)
	at org.springframework.aop.framework.CglibAopProxy$DynamicAdvisedInterceptor.intercept(CglibAopProxy.java:634)
	at com.app.server.repository.appinsight.health.CEntityRepositoryImpl$$EnhancerByCGLIB$$c0d85ecd.save(<generated>)
	at com.app.server.service.appinsight.health.CEntityTestCase.validateCEntity(CEntityTestCase.java:213)
	at com.app.server.service.appinsight.health.CEntityTestCase.test5NegativeTesting(CEntityTestCase.java:259)
	at sun.reflect.NativeMethodAccessorImpl.invoke0(Native Method)
	at sun.reflect.NativeMethodAccessorImpl.invoke(NativeMethodAccessorImpl.java:57)
	at sun.reflect.DelegatingMethodAccessorImpl.invoke(DelegatingMethodAccessorImpl.java:43)
	at java.lang.reflect.Method.invoke(Method.java:606)
	at org.junit.runners.model.FrameworkMethod$1.runReflectiveCall(FrameworkMethod.java:47)
	at org.junit.internal.runners.model.ReflectiveCallable.run(ReflectiveCallable.java:12)
	at org.junit.runners.model.FrameworkMethod.invokeExplosively(FrameworkMethod.java:44)
	at org.junit.internal.runners.statements.InvokeMethod.evaluate(InvokeMethod.java:17)
	at org.junit.internal.runners.statements.RunBefores.evaluate(RunBefores.java:26)
	at org.springframework.test.context.junit4.statements.RunBeforeTestMethodCallbacks.evaluate(RunBeforeTestMethodCallbacks.java:74)
	at org.junit.internal.runners.statements.RunAfters.evaluate(RunAfters.java:27)
	at org.springframework.test.context.junit4.statements.RunAfterTestMethodCallbacks.evaluate(RunAfterTestMethodCallbacks.java:83)
	at org.springframework.test.context.junit4.statements.SpringRepeat.evaluate(SpringRepeat.java:72)
	at org.springframework.test.context.junit4.SpringJUnit4ClassRunner.runChild(SpringJUnit4ClassRunner.java:233)
	at org.springframework.test.context.junit4.SpringJUnit4ClassRunner.runChild(SpringJUnit4ClassRunner.java:87)
	at org.junit.runners.ParentRunner$3.run(ParentRunner.java:238)
	at org.junit.runners.ParentRunner$1.schedule(ParentRunner.java:63)
	at org.junit.runners.ParentRunner.runChildren(ParentRunner.java:236)
	at org.junit.runners.ParentRunner.access$000(ParentRunner.java:53)
	at org.junit.runners.ParentRunner$2.evaluate(ParentRunner.java:229)
	at org.junit.internal.runners.statements.RunBefores.evaluate(RunBefores.java:26)
	at org.springframework.test.context.junit4.statements.RunBeforeTestClassCallbacks.evaluate(RunBeforeTestClassCallbacks.java:61)
	at org.springframework.test.context.junit4.statements.RunAfterTestClassCallbacks.evaluate(RunAfterTestClassCallbacks.java:71)
	at org.junit.runners.ParentRunner.run(ParentRunner.java:309)
	at org.springframework.test.context.junit4.SpringJUnit4ClassRunner.run(SpringJUnit4ClassRunner.java:176)
	at org.gradle.api.internal.tasks.testing.junit.JUnitTestClassExecuter.runTestClass(JUnitTestClassExecuter.java:86)
	at org.gradle.api.internal.tasks.testing.junit.JUnitTestClassExecuter.execute(JUnitTestClassExecuter.java:49)
	at org.gradle.api.internal.tasks.testing.junit.JUnitTestClassProcessor.processTestClass(JUnitTestClassProcessor.java:64)
	at org.gradle.api.internal.tasks.testing.SuiteTestClassProcessor.processTestClass(SuiteTestClassProcessor.java:50)
	at sun.reflect.NativeMethodAccessorImpl.invoke0(Native Method)
	at sun.reflect.NativeMethodAccessorImpl.invoke(NativeMethodAccessorImpl.java:57)
	at sun.reflect.DelegatingMethodAccessorImpl.invoke(DelegatingMethodAccessorImpl.java:43)
	at java.lang.reflect.Method.invoke(Method.java:606)
	at org.gradle.messaging.dispatch.ReflectionDispatch.dispatch(ReflectionDispatch.java:35)
	at org.gradle.messaging.dispatch.ReflectionDispatch.dispatch(ReflectionDispatch.java:24)
	at org.gradle.messaging.dispatch.ContextClassLoaderDispatch.dispatch(ContextClassLoaderDispatch.java:32)
	at org.gradle.messaging.dispatch.ProxyDispatchAdapter$DispatchingInvocationHandler.invoke(ProxyDispatchAdapter.java:93)
	at com.sun.proxy.$Proxy2.processTestClass(Unknown Source)
	at org.gradle.api.internal.tasks.testing.worker.TestWorker.processTestClass(TestWorker.java:106)
	at sun.reflect.NativeMethodAccessorImpl.invoke0(Native Method)
	at sun.reflect.NativeMethodAccessorImpl.invoke(NativeMethodAccessorImpl.java:57)
	at sun.reflect.DelegatingMethodAccessorImpl.invoke(DelegatingMethodAccessorImpl.java:43)
	at java.lang.reflect.Method.invoke(Method.java:606)
	at org.gradle.messaging.dispatch.ReflectionDispatch.dispatch(ReflectionDispatch.java:35)
	at org.gradle.messaging.dispatch.ReflectionDispatch.dispatch(ReflectionDispatch.java:24)
	at org.gradle.messaging.remote.internal.hub.MessageHub$Handler.run(MessageHub.java:360)
	at org.gradle.internal.concurrent.DefaultExecutorFactory$StoppableExecutorImpl$1.run(DefaultExecutorFactory.java:64)
	at java.util.concurrent.ThreadPoolExecutor.runWorker(ThreadPoolExecutor.java:1145)
	at java.util.concurrent.ThreadPoolExecutor$Worker.run(ThreadPoolExecutor.java:615)
	at java.lang.Thread.run(Thread.java:745)
Caused by: com.mysql.jdbc.exceptions.jdbc4.MySQLIntegrityConstraintViolationException: Duplicate entry '2147483647' for key 'cNo'
	at sun.reflect.NativeConstructorAccessorImpl.newInstance0(Native Method)
	at sun.reflect.NativeConstructorAccessorImpl.newInstance(NativeConstructorAccessorImpl.java:57)
	at sun.reflect.DelegatingConstructorAccessorImpl.newInstance(DelegatingConstructorAccessorImpl.java:45)
	at java.lang.reflect.Constructor.newInstance(Constructor.java:526)
	at com.mysql.jdbc.Util.handleNewInstance(Util.java:408)
	at com.mysql.jdbc.Util.getInstance(Util.java:383)
	at com.mysql.jdbc.SQLError.createSQLException(SQLError.java:1049)
	at com.mysql.jdbc.MysqlIO.checkErrorPacket(MysqlIO.java:4226)
	at com.mysql.jdbc.MysqlIO.checkErrorPacket(MysqlIO.java:4158)
	at com.mysql.jdbc.MysqlIO.sendCommand(MysqlIO.java:2615)
	at com.mysql.jdbc.MysqlIO.sqlQueryDirect(MysqlIO.java:2776)
	at com.mysql.jdbc.ConnectionImpl.execSQL(ConnectionImpl.java:2840)
	at com.mysql.jdbc.PreparedStatement.executeInternal(PreparedStatement.java:2082)
	at com.mysql.jdbc.PreparedStatement.executeUpdate(PreparedStatement.java:2334)
	at com.mysql.jdbc.PreparedStatement.executeUpdate(PreparedStatement.java:2262)
	at com.mysql.jdbc.PreparedStatement.executeUpdate(PreparedStatement.java:2246)
	at org.apache.commons.dbcp.DelegatingPreparedStatement.executeUpdate(DelegatingPreparedStatement.java:105)
	at org.apache.commons.dbcp.DelegatingPreparedStatement.executeUpdate(DelegatingPreparedStatement.java:105)
	at org.eclipse.persistence.internal.databaseaccess.DatabaseAccessor.executeDirectNoSelect(DatabaseAccessor.java:890)
	... 86 more

[EL Finer]: transaction: 2016-09-21 06:35:23.271--ClientSession(1902091456)--Connection(107743700)--Thread(Thread[Test worker,5,main])--rollback transaction
[EL Finest]: connection: 2016-09-21 06:35:23.343--ServerSession(993367760)--Connection(2079310950)--Thread(Thread[Test worker,5,main])--Connection released to connection pool [default].
[EL Finer]: transaction: 2016-09-21 06:35:23.343--UnitOfWork(1009531750)--Thread(Thread[Test worker,5,main])--release unit of work
[EL Finer]: connection: 2016-09-21 06:35:23.344--ClientSession(1902091456)--Thread(Thread[Test worker,5,main])--client released
[EL Finer]: connection: 2016-09-21 06:35:23.375--ServerSession(993367760)--Thread(Thread[Test worker,5,main])--client acquired: 2065722240
[EL Finer]: transaction: 2016-09-21 06:35:23.375--ClientSession(2065722240)--Thread(Thread[Test worker,5,main])--acquire unit of work: 225566631
[EL Finest]: connection: 2016-09-21 06:35:23.375--ServerSession(993367760)--Connection(789730262)--Thread(Thread[Test worker,5,main])--Connection acquired from connection pool [default].
[EL Finer]: transaction: 2016-09-21 06:35:23.375--ClientSession(2065722240)--Connection(789730262)--Thread(Thread[Test worker,5,main])--begin transaction
[EL Finest]: connection: 2016-09-21 06:35:23.376--ClientSession(2065722240)--Thread(Thread[Test worker,5,main])--reconnecting to external connection pool
[EL Finest]: query: 2016-09-21 06:35:23.377--UnitOfWork(225566631)--Thread(Thread[Test worker,5,main])--Execute query ReadObjectQuery(name="readCEntity" referenceClass=CEntity sql="SELECT cid, multiTenantId, cNm, cNo, versionId, createdBy, createdDate, updatedBy, updatedDate, activeStatus, txnAccessCode FROM CEntity WHERE ((cid = ?) AND (multiTenantId = ?))")
[EL Fine]: sql: 2016-09-21 06:35:23.377--ClientSession(2065722240)--Connection(1918139201)--Thread(Thread[Test worker,5,main])--SELECT cid, multiTenantId, cNm, cNo, versionId, createdBy, createdDate, updatedBy, updatedDate, activeStatus, txnAccessCode FROM CEntity WHERE ((cid = ?) AND (multiTenantId = ?))
	bind => [91B7637E-ACB9-47D3-BDA8-0D4871AB66F5, appCreateValue]
[EL Finest]: transaction: 2016-09-21 06:35:23.378--UnitOfWork(225566631)--Thread(Thread[Test worker,5,main])--remove() operation called on: mwp9v3BsZmUvSmA6FqonXe4kojq5VIozuApF1SIO1MXM2X9NDE
[EL Finer]: transaction: 2016-09-21 06:35:23.379--UnitOfWork(225566631)--Thread(Thread[Test worker,5,main])--begin unit of work commit
[EL Finest]: query: 2016-09-21 06:35:23.379--UnitOfWork(225566631)--Thread(Thread[Test worker,5,main])--Execute query DoesExistQuery(referenceClass=CEntity )
[EL Finest]: query: 2016-09-21 06:35:23.379--UnitOfWork(225566631)--Thread(Thread[Test worker,5,main])--Execute query DeleteObjectQuery(mwp9v3BsZmUvSmA6FqonXe4kojq5VIozuApF1SIO1MXM2X9NDE)
[EL Fine]: sql: 2016-09-21 06:35:23.38--ClientSession(2065722240)--Connection(1918139201)--Thread(Thread[Test worker,5,main])--DELETE FROM CEntity WHERE ((cid = ?) AND (versionId = ?))
	bind => [91B7637E-ACB9-47D3-BDA8-0D4871AB66F5, 2]
[EL Finer]: transaction: 2016-09-21 06:35:23.381--ClientSession(2065722240)--Connection(1918139201)--Thread(Thread[Test worker,5,main])--commit transaction
[EL Finest]: connection: 2016-09-21 06:35:23.483--ServerSession(993367760)--Connection(789730262)--Thread(Thread[Test worker,5,main])--Connection released to connection pool [default].
[EL Finer]: transaction: 2016-09-21 06:35:23.483--UnitOfWork(225566631)--Thread(Thread[Test worker,5,main])--end unit of work commit
[EL Finer]: transaction: 2016-09-21 06:35:23.484--UnitOfWork(225566631)--Thread(Thread[Test worker,5,main])--resume unit of work
[EL Finer]: transaction: 2016-09-21 06:35:23.484--UnitOfWork(225566631)--Thread(Thread[Test worker,5,main])--release unit of work
[EL Finer]: connection: 2016-09-21 06:35:23.484--ClientSession(2065722240)--Thread(Thread[Test worker,5,main])--client released
]]></system-out>
  <system-err><![CDATA[CEntity.cNm may not be null
java.lang.SecurityException: CEntity.cNm may not be null
	at com.athena.server.pluggable.utils.helper.EntityValidatorHelper.validateEntity(EntityValidatorHelper.java:37)
	at com.app.shared.appinsight.health.CEntity.isValid(CEntity.java:183)
	at com.app.server.service.appinsight.health.CEntityTestCase.validateCEntity(CEntityTestCase.java:209)
	at com.app.server.service.appinsight.health.CEntityTestCase.test5NegativeTesting(CEntityTestCase.java:243)
	at sun.reflect.NativeMethodAccessorImpl.invoke0(Native Method)
	at sun.reflect.NativeMethodAccessorImpl.invoke(NativeMethodAccessorImpl.java:57)
	at sun.reflect.DelegatingMethodAccessorImpl.invoke(DelegatingMethodAccessorImpl.java:43)
	at java.lang.reflect.Method.invoke(Method.java:606)
	at org.junit.runners.model.FrameworkMethod$1.runReflectiveCall(FrameworkMethod.java:47)
	at org.junit.internal.runners.model.ReflectiveCallable.run(ReflectiveCallable.java:12)
	at org.junit.runners.model.FrameworkMethod.invokeExplosively(FrameworkMethod.java:44)
	at org.junit.internal.runners.statements.InvokeMethod.evaluate(InvokeMethod.java:17)
	at org.junit.internal.runners.statements.RunBefores.evaluate(RunBefores.java:26)
	at org.springframework.test.context.junit4.statements.RunBeforeTestMethodCallbacks.evaluate(RunBeforeTestMethodCallbacks.java:74)
	at org.junit.internal.runners.statements.RunAfters.evaluate(RunAfters.java:27)
	at org.springframework.test.context.junit4.statements.RunAfterTestMethodCallbacks.evaluate(RunAfterTestMethodCallbacks.java:83)
	at org.springframework.test.context.junit4.statements.SpringRepeat.evaluate(SpringRepeat.java:72)
	at org.springframework.test.context.junit4.SpringJUnit4ClassRunner.runChild(SpringJUnit4ClassRunner.java:233)
	at org.springframework.test.context.junit4.SpringJUnit4ClassRunner.runChild(SpringJUnit4ClassRunner.java:87)
	at org.junit.runners.ParentRunner$3.run(ParentRunner.java:238)
	at org.junit.runners.ParentRunner$1.schedule(ParentRunner.java:63)
	at org.junit.runners.ParentRunner.runChildren(ParentRunner.java:236)
	at org.junit.runners.ParentRunner.access$000(ParentRunner.java:53)
	at org.junit.runners.ParentRunner$2.evaluate(ParentRunner.java:229)
	at org.junit.internal.runners.statements.RunBefores.evaluate(RunBefores.java:26)
	at org.springframework.test.context.junit4.statements.RunBeforeTestClassCallbacks.evaluate(RunBeforeTestClassCallbacks.java:61)
	at org.springframework.test.context.junit4.statements.RunAfterTestClassCallbacks.evaluate(RunAfterTestClassCallbacks.java:71)
	at org.junit.runners.ParentRunner.run(ParentRunner.java:309)
	at org.springframework.test.context.junit4.SpringJUnit4ClassRunner.run(SpringJUnit4ClassRunner.java:176)
	at org.gradle.api.internal.tasks.testing.junit.JUnitTestClassExecuter.runTestClass(JUnitTestClassExecuter.java:86)
	at org.gradle.api.internal.tasks.testing.junit.JUnitTestClassExecuter.execute(JUnitTestClassExecuter.java:49)
	at org.gradle.api.internal.tasks.testing.junit.JUnitTestClassProcessor.processTestClass(JUnitTestClassProcessor.java:64)
	at org.gradle.api.internal.tasks.testing.SuiteTestClassProcessor.processTestClass(SuiteTestClassProcessor.java:50)
	at sun.reflect.NativeMethodAccessorImpl.invoke0(Native Method)
	at sun.reflect.NativeMethodAccessorImpl.invoke(NativeMethodAccessorImpl.java:57)
	at sun.reflect.DelegatingMethodAccessorImpl.invoke(DelegatingMethodAccessorImpl.java:43)
	at java.lang.reflect.Method.invoke(Method.java:606)
	at org.gradle.messaging.dispatch.ReflectionDispatch.dispatch(ReflectionDispatch.java:35)
	at org.gradle.messaging.dispatch.ReflectionDispatch.dispatch(ReflectionDispatch.java:24)
	at org.gradle.messaging.dispatch.ContextClassLoaderDispatch.dispatch(ContextClassLoaderDispatch.java:32)
	at org.gradle.messaging.dispatch.ProxyDispatchAdapter$DispatchingInvocationHandler.invoke(ProxyDispatchAdapter.java:93)
	at com.sun.proxy.$Proxy2.processTestClass(Unknown Source)
	at org.gradle.api.internal.tasks.testing.worker.TestWorker.processTestClass(TestWorker.java:106)
	at sun.reflect.NativeMethodAccessorImpl.invoke0(Native Method)
	at sun.reflect.NativeMethodAccessorImpl.invoke(NativeMethodAccessorImpl.java:57)
	at sun.reflect.DelegatingMethodAccessorImpl.invoke(DelegatingMethodAccessorImpl.java:43)
	at java.lang.reflect.Method.invoke(Method.java:606)
	at org.gradle.messaging.dispatch.ReflectionDispatch.dispatch(ReflectionDispatch.java:35)
	at org.gradle.messaging.dispatch.ReflectionDispatch.dispatch(ReflectionDispatch.java:24)
	at org.gradle.messaging.remote.internal.hub.MessageHub$Handler.run(MessageHub.java:360)
	at org.gradle.internal.concurrent.DefaultExecutorFactory$StoppableExecutorImpl$1.run(DefaultExecutorFactory.java:64)
	at java.util.concurrent.ThreadPoolExecutor.runWorker(ThreadPoolExecutor.java:1145)
	at java.util.concurrent.ThreadPoolExecutor$Worker.run(ThreadPoolExecutor.java:615)
	at java.lang.Thread.run(Thread.java:745)
CEntity.cNm size must be between 1 and 256
java.lang.SecurityException: CEntity.cNm size must be between 1 and 256
	at com.athena.server.pluggable.utils.helper.EntityValidatorHelper.validateEntity(EntityValidatorHelper.java:37)
	at com.app.shared.appinsight.health.CEntity.isValid(CEntity.java:183)
	at com.app.server.service.appinsight.health.CEntityTestCase.validateCEntity(CEntityTestCase.java:207)
	at com.app.server.service.appinsight.health.CEntityTestCase.test5NegativeTesting(CEntityTestCase.java:248)
	at sun.reflect.NativeMethodAccessorImpl.invoke0(Native Method)
	at sun.reflect.NativeMethodAccessorImpl.invoke(NativeMethodAccessorImpl.java:57)
	at sun.reflect.DelegatingMethodAccessorImpl.invoke(DelegatingMethodAccessorImpl.java:43)
	at java.lang.reflect.Method.invoke(Method.java:606)
	at org.junit.runners.model.FrameworkMethod$1.runReflectiveCall(FrameworkMethod.java:47)
	at org.junit.internal.runners.model.ReflectiveCallable.run(ReflectiveCallable.java:12)
	at org.junit.runners.model.FrameworkMethod.invokeExplosively(FrameworkMethod.java:44)
	at org.junit.internal.runners.statements.InvokeMethod.evaluate(InvokeMethod.java:17)
	at org.junit.internal.runners.statements.RunBefores.evaluate(RunBefores.java:26)
	at org.springframework.test.context.junit4.statements.RunBeforeTestMethodCallbacks.evaluate(RunBeforeTestMethodCallbacks.java:74)
	at org.junit.internal.runners.statements.RunAfters.evaluate(RunAfters.java:27)
	at org.springframework.test.context.junit4.statements.RunAfterTestMethodCallbacks.evaluate(RunAfterTestMethodCallbacks.java:83)
	at org.springframework.test.context.junit4.statements.SpringRepeat.evaluate(SpringRepeat.java:72)
	at org.springframework.test.context.junit4.SpringJUnit4ClassRunner.runChild(SpringJUnit4ClassRunner.java:233)
	at org.springframework.test.context.junit4.SpringJUnit4ClassRunner.runChild(SpringJUnit4ClassRunner.java:87)
	at org.junit.runners.ParentRunner$3.run(ParentRunner.java:238)
	at org.junit.runners.ParentRunner$1.schedule(ParentRunner.java:63)
	at org.junit.runners.ParentRunner.runChildren(ParentRunner.java:236)
	at org.junit.runners.ParentRunner.access$000(ParentRunner.java:53)
	at org.junit.runners.ParentRunner$2.evaluate(ParentRunner.java:229)
	at org.junit.internal.runners.statements.RunBefores.evaluate(RunBefores.java:26)
	at org.springframework.test.context.junit4.statements.RunBeforeTestClassCallbacks.evaluate(RunBeforeTestClassCallbacks.java:61)
	at org.springframework.test.context.junit4.statements.RunAfterTestClassCallbacks.evaluate(RunAfterTestClassCallbacks.java:71)
	at org.junit.runners.ParentRunner.run(ParentRunner.java:309)
	at org.springframework.test.context.junit4.SpringJUnit4ClassRunner.run(SpringJUnit4ClassRunner.java:176)
	at org.gradle.api.internal.tasks.testing.junit.JUnitTestClassExecuter.runTestClass(JUnitTestClassExecuter.java:86)
	at org.gradle.api.internal.tasks.testing.junit.JUnitTestClassExecuter.execute(JUnitTestClassExecuter.java:49)
	at org.gradle.api.internal.tasks.testing.junit.JUnitTestClassProcessor.processTestClass(JUnitTestClassProcessor.java:64)
	at org.gradle.api.internal.tasks.testing.SuiteTestClassProcessor.processTestClass(SuiteTestClassProcessor.java:50)
	at sun.reflect.NativeMethodAccessorImpl.invoke0(Native Method)
	at sun.reflect.NativeMethodAccessorImpl.invoke(NativeMethodAccessorImpl.java:57)
	at sun.reflect.DelegatingMethodAccessorImpl.invoke(DelegatingMethodAccessorImpl.java:43)
	at java.lang.reflect.Method.invoke(Method.java:606)
	at org.gradle.messaging.dispatch.ReflectionDispatch.dispatch(ReflectionDispatch.java:35)
	at org.gradle.messaging.dispatch.ReflectionDispatch.dispatch(ReflectionDispatch.java:24)
	at org.gradle.messaging.dispatch.ContextClassLoaderDispatch.dispatch(ContextClassLoaderDispatch.java:32)
	at org.gradle.messaging.dispatch.ProxyDispatchAdapter$DispatchingInvocationHandler.invoke(ProxyDispatchAdapter.java:93)
	at com.sun.proxy.$Proxy2.processTestClass(Unknown Source)
	at org.gradle.api.internal.tasks.testing.worker.TestWorker.processTestClass(TestWorker.java:106)
	at sun.reflect.NativeMethodAccessorImpl.invoke0(Native Method)
	at sun.reflect.NativeMethodAccessorImpl.invoke(NativeMethodAccessorImpl.java:57)
	at sun.reflect.DelegatingMethodAccessorImpl.invoke(DelegatingMethodAccessorImpl.java:43)
	at java.lang.reflect.Method.invoke(Method.java:606)
	at org.gradle.messaging.dispatch.ReflectionDispatch.dispatch(ReflectionDispatch.java:35)
	at org.gradle.messaging.dispatch.ReflectionDispatch.dispatch(ReflectionDispatch.java:24)
	at org.gradle.messaging.remote.internal.hub.MessageHub$Handler.run(MessageHub.java:360)
	at org.gradle.internal.concurrent.DefaultExecutorFactory$StoppableExecutorImpl$1.run(DefaultExecutorFactory.java:64)
	at java.util.concurrent.ThreadPoolExecutor.runWorker(ThreadPoolExecutor.java:1145)
	at java.util.concurrent.ThreadPoolExecutor$Worker.run(ThreadPoolExecutor.java:615)
	at java.lang.Thread.run(Thread.java:745)
CEntity.cNo may not be null
java.lang.SecurityException: CEntity.cNo may not be null
	at com.athena.server.pluggable.utils.helper.EntityValidatorHelper.validateEntity(EntityValidatorHelper.java:37)
	at com.app.shared.appinsight.health.CEntity.isValid(CEntity.java:183)
	at com.app.server.service.appinsight.health.CEntityTestCase.validateCEntity(CEntityTestCase.java:209)
	at com.app.server.service.appinsight.health.CEntityTestCase.test5NegativeTesting(CEntityTestCase.java:254)
	at sun.reflect.NativeMethodAccessorImpl.invoke0(Native Method)
	at sun.reflect.NativeMethodAccessorImpl.invoke(NativeMethodAccessorImpl.java:57)
	at sun.reflect.DelegatingMethodAccessorImpl.invoke(DelegatingMethodAccessorImpl.java:43)
	at java.lang.reflect.Method.invoke(Method.java:606)
	at org.junit.runners.model.FrameworkMethod$1.runReflectiveCall(FrameworkMethod.java:47)
	at org.junit.internal.runners.model.ReflectiveCallable.run(ReflectiveCallable.java:12)
	at org.junit.runners.model.FrameworkMethod.invokeExplosively(FrameworkMethod.java:44)
	at org.junit.internal.runners.statements.InvokeMethod.evaluate(InvokeMethod.java:17)
	at org.junit.internal.runners.statements.RunBefores.evaluate(RunBefores.java:26)
	at org.springframework.test.context.junit4.statements.RunBeforeTestMethodCallbacks.evaluate(RunBeforeTestMethodCallbacks.java:74)
	at org.junit.internal.runners.statements.RunAfters.evaluate(RunAfters.java:27)
	at org.springframework.test.context.junit4.statements.RunAfterTestMethodCallbacks.evaluate(RunAfterTestMethodCallbacks.java:83)
	at org.springframework.test.context.junit4.statements.SpringRepeat.evaluate(SpringRepeat.java:72)
	at org.springframework.test.context.junit4.SpringJUnit4ClassRunner.runChild(SpringJUnit4ClassRunner.java:233)
	at org.springframework.test.context.junit4.SpringJUnit4ClassRunner.runChild(SpringJUnit4ClassRunner.java:87)
	at org.junit.runners.ParentRunner$3.run(ParentRunner.java:238)
	at org.junit.runners.ParentRunner$1.schedule(ParentRunner.java:63)
	at org.junit.runners.ParentRunner.runChildren(ParentRunner.java:236)
	at org.junit.runners.ParentRunner.access$000(ParentRunner.java:53)
	at org.junit.runners.ParentRunner$2.evaluate(ParentRunner.java:229)
	at org.junit.internal.runners.statements.RunBefores.evaluate(RunBefores.java:26)
	at org.springframework.test.context.junit4.statements.RunBeforeTestClassCallbacks.evaluate(RunBeforeTestClassCallbacks.java:61)
	at org.springframework.test.context.junit4.statements.RunAfterTestClassCallbacks.evaluate(RunAfterTestClassCallbacks.java:71)
	at org.junit.runners.ParentRunner.run(ParentRunner.java:309)
	at org.springframework.test.context.junit4.SpringJUnit4ClassRunner.run(SpringJUnit4ClassRunner.java:176)
	at org.gradle.api.internal.tasks.testing.junit.JUnitTestClassExecuter.runTestClass(JUnitTestClassExecuter.java:86)
	at org.gradle.api.internal.tasks.testing.junit.JUnitTestClassExecuter.execute(JUnitTestClassExecuter.java:49)
	at org.gradle.api.internal.tasks.testing.junit.JUnitTestClassProcessor.processTestClass(JUnitTestClassProcessor.java:64)
	at org.gradle.api.internal.tasks.testing.SuiteTestClassProcessor.processTestClass(SuiteTestClassProcessor.java:50)
	at sun.reflect.NativeMethodAccessorImpl.invoke0(Native Method)
	at sun.reflect.NativeMethodAccessorImpl.invoke(NativeMethodAccessorImpl.java:57)
	at sun.reflect.DelegatingMethodAccessorImpl.invoke(DelegatingMethodAccessorImpl.java:43)
	at java.lang.reflect.Method.invoke(Method.java:606)
	at org.gradle.messaging.dispatch.ReflectionDispatch.dispatch(ReflectionDispatch.java:35)
	at org.gradle.messaging.dispatch.ReflectionDispatch.dispatch(ReflectionDispatch.java:24)
	at org.gradle.messaging.dispatch.ContextClassLoaderDispatch.dispatch(ContextClassLoaderDispatch.java:32)
	at org.gradle.messaging.dispatch.ProxyDispatchAdapter$DispatchingInvocationHandler.invoke(ProxyDispatchAdapter.java:93)
	at com.sun.proxy.$Proxy2.processTestClass(Unknown Source)
	at org.gradle.api.internal.tasks.testing.worker.TestWorker.processTestClass(TestWorker.java:106)
	at sun.reflect.NativeMethodAccessorImpl.invoke0(Native Method)
	at sun.reflect.NativeMethodAccessorImpl.invoke(NativeMethodAccessorImpl.java:57)
	at sun.reflect.DelegatingMethodAccessorImpl.invoke(DelegatingMethodAccessorImpl.java:43)
	at java.lang.reflect.Method.invoke(Method.java:606)
	at org.gradle.messaging.dispatch.ReflectionDispatch.dispatch(ReflectionDispatch.java:35)
	at org.gradle.messaging.dispatch.ReflectionDispatch.dispatch(ReflectionDispatch.java:24)
	at org.gradle.messaging.remote.internal.hub.MessageHub$Handler.run(MessageHub.java:360)
	at org.gradle.internal.concurrent.DefaultExecutorFactory$StoppableExecutorImpl$1.run(DefaultExecutorFactory.java:64)
	at java.util.concurrent.ThreadPoolExecutor.runWorker(ThreadPoolExecutor.java:1145)
	at java.util.concurrent.ThreadPoolExecutor$Worker.run(ThreadPoolExecutor.java:615)
	at java.lang.Thread.run(Thread.java:745)
org.springframework.transaction.TransactionSystemException: Could not commit JPA transaction; nested exception is javax.persistence.RollbackException: Exception [EclipseLink-4002] (Eclipse Persistence Services - 2.5.1.v20130918-f2b9fc5): org.eclipse.persistence.exceptions.DatabaseException
Internal Exception: com.mysql.jdbc.exceptions.jdbc4.MySQLIntegrityConstraintViolationException: Duplicate entry '2147483647' for key 'cNo'
Error Code: 1062
Call: INSERT INTO CEntity (cid, cNm, cNo, versionId, createdBy, createdDate, updatedBy, updatedDate, activeStatus, txnAccessCode, multiTenantId) VALUES (?, ?, ?, ?, ?, ?, ?, ?, ?, ?, ?)
	bind => [198CB222-7961-4891-B16C-4038060B64FA, Ul8KIpYkkulwv86Gwq829TV9oa9oQ2ffSRjeFXxTRQb63UjSA5, 2147483647, 1, AAAAA, 2016-09-21 06:35:23.262, AAAAA, 2016-09-21 06:35:23.262, 1, 51000, appCreateValue]
	at org.springframework.orm.jpa.JpaTransactionManager.doCommit(JpaTransactionManager.java:524)
	at org.springframework.transaction.support.AbstractPlatformTransactionManager.processCommit(AbstractPlatformTransactionManager.java:757)
	at org.springframework.transaction.support.AbstractPlatformTransactionManager.commit(AbstractPlatformTransactionManager.java:726)
	at org.springframework.transaction.interceptor.TransactionAspectSupport.commitTransactionAfterReturning(TransactionAspectSupport.java:478)
	at org.springframework.transaction.interceptor.TransactionAspectSupport.invokeWithinTransaction(TransactionAspectSupport.java:272)
	at org.springframework.transaction.interceptor.TransactionInterceptor.invoke(TransactionInterceptor.java:95)
	at org.springframework.aop.framework.ReflectiveMethodInvocation.proceed(ReflectiveMethodInvocation.java:172)
	at org.springframework.aop.interceptor.ExposeInvocationInterceptor.invoke(ExposeInvocationInterceptor.java:91)
	at org.springframework.aop.framework.ReflectiveMethodInvocation.proceed(ReflectiveMethodInvocation.java:172)
	at org.springframework.aop.framework.CglibAopProxy$DynamicAdvisedInterceptor.intercept(CglibAopProxy.java:634)
	at com.app.server.repository.appinsight.health.CEntityRepositoryImpl$$EnhancerByCGLIB$$53633703.save(<generated>)
	at com.app.server.repository.appinsight.health.CEntityRepositoryImpl$$FastClassByCGLIB$$19764b02.invoke(<generated>)
	at org.springframework.cglib.proxy.MethodProxy.invoke(MethodProxy.java:204)
	at org.springframework.aop.framework.CglibAopProxy$CglibMethodInvocation.invokeJoinpoint(CglibAopProxy.java:701)
	at org.springframework.aop.framework.ReflectiveMethodInvocation.proceed(ReflectiveMethodInvocation.java:150)
	at org.springframework.aop.support.DelegatingIntroductionInterceptor.doProceed(DelegatingIntroductionInterceptor.java:132)
	at org.springframework.aop.support.DelegatingIntroductionInterceptor.invoke(DelegatingIntroductionInterceptor.java:120)
	at org.springframework.aop.framework.ReflectiveMethodInvocation.proceed(ReflectiveMethodInvocation.java:172)
	at org.springframework.aop.framework.CglibAopProxy$DynamicAdvisedInterceptor.intercept(CglibAopProxy.java:634)
	at com.app.server.repository.appinsight.health.CEntityRepositoryImpl$$EnhancerByCGLIB$$c0d85ecd.save(<generated>)
	at com.app.server.service.appinsight.health.CEntityTestCase.validateCEntity(CEntityTestCase.java:213)
	at com.app.server.service.appinsight.health.CEntityTestCase.test5NegativeTesting(CEntityTestCase.java:259)
	at sun.reflect.NativeMethodAccessorImpl.invoke0(Native Method)
	at sun.reflect.NativeMethodAccessorImpl.invoke(NativeMethodAccessorImpl.java:57)
	at sun.reflect.DelegatingMethodAccessorImpl.invoke(DelegatingMethodAccessorImpl.java:43)
	at java.lang.reflect.Method.invoke(Method.java:606)
	at org.junit.runners.model.FrameworkMethod$1.runReflectiveCall(FrameworkMethod.java:47)
	at org.junit.internal.runners.model.ReflectiveCallable.run(ReflectiveCallable.java:12)
	at org.junit.runners.model.FrameworkMethod.invokeExplosively(FrameworkMethod.java:44)
	at org.junit.internal.runners.statements.InvokeMethod.evaluate(InvokeMethod.java:17)
	at org.junit.internal.runners.statements.RunBefores.evaluate(RunBefores.java:26)
	at org.springframework.test.context.junit4.statements.RunBeforeTestMethodCallbacks.evaluate(RunBeforeTestMethodCallbacks.java:74)
	at org.junit.internal.runners.statements.RunAfters.evaluate(RunAfters.java:27)
	at org.springframework.test.context.junit4.statements.RunAfterTestMethodCallbacks.evaluate(RunAfterTestMethodCallbacks.java:83)
	at org.springframework.test.context.junit4.statements.SpringRepeat.evaluate(SpringRepeat.java:72)
	at org.springframework.test.context.junit4.SpringJUnit4ClassRunner.runChild(SpringJUnit4ClassRunner.java:233)
	at org.springframework.test.context.junit4.SpringJUnit4ClassRunner.runChild(SpringJUnit4ClassRunner.java:87)
	at org.junit.runners.ParentRunner$3.run(ParentRunner.java:238)
	at org.junit.runners.ParentRunner$1.schedule(ParentRunner.java:63)
	at org.junit.runners.ParentRunner.runChildren(ParentRunner.java:236)
	at org.junit.runners.ParentRunner.access$000(ParentRunner.java:53)
	at org.junit.runners.ParentRunner$2.evaluate(ParentRunner.java:229)
	at org.junit.internal.runners.statements.RunBefores.evaluate(RunBefores.java:26)
	at org.springframework.test.context.junit4.statements.RunBeforeTestClassCallbacks.evaluate(RunBeforeTestClassCallbacks.java:61)
	at org.springframework.test.context.junit4.statements.RunAfterTestClassCallbacks.evaluate(RunAfterTestClassCallbacks.java:71)
	at org.junit.runners.ParentRunner.run(ParentRunner.java:309)
	at org.springframework.test.context.junit4.SpringJUnit4ClassRunner.run(SpringJUnit4ClassRunner.java:176)
	at org.gradle.api.internal.tasks.testing.junit.JUnitTestClassExecuter.runTestClass(JUnitTestClassExecuter.java:86)
	at org.gradle.api.internal.tasks.testing.junit.JUnitTestClassExecuter.execute(JUnitTestClassExecuter.java:49)
	at org.gradle.api.internal.tasks.testing.junit.JUnitTestClassProcessor.processTestClass(JUnitTestClassProcessor.java:64)
	at org.gradle.api.internal.tasks.testing.SuiteTestClassProcessor.processTestClass(SuiteTestClassProcessor.java:50)
	at sun.reflect.NativeMethodAccessorImpl.invoke0(Native Method)
	at sun.reflect.NativeMethodAccessorImpl.invoke(NativeMethodAccessorImpl.java:57)
	at sun.reflect.DelegatingMethodAccessorImpl.invoke(DelegatingMethodAccessorImpl.java:43)
	at java.lang.reflect.Method.invoke(Method.java:606)
	at org.gradle.messaging.dispatch.ReflectionDispatch.dispatch(ReflectionDispatch.java:35)
	at org.gradle.messaging.dispatch.ReflectionDispatch.dispatch(ReflectionDispatch.java:24)
	at org.gradle.messaging.dispatch.ContextClassLoaderDispatch.dispatch(ContextClassLoaderDispatch.java:32)
	at org.gradle.messaging.dispatch.ProxyDispatchAdapter$DispatchingInvocationHandler.invoke(ProxyDispatchAdapter.java:93)
	at com.sun.proxy.$Proxy2.processTestClass(Unknown Source)
	at org.gradle.api.internal.tasks.testing.worker.TestWorker.processTestClass(TestWorker.java:106)
	at sun.reflect.NativeMethodAccessorImpl.invoke0(Native Method)
	at sun.reflect.NativeMethodAccessorImpl.invoke(NativeMethodAccessorImpl.java:57)
	at sun.reflect.DelegatingMethodAccessorImpl.invoke(DelegatingMethodAccessorImpl.java:43)
	at java.lang.reflect.Method.invoke(Method.java:606)
	at org.gradle.messaging.dispatch.ReflectionDispatch.dispatch(ReflectionDispatch.java:35)
	at org.gradle.messaging.dispatch.ReflectionDispatch.dispatch(ReflectionDispatch.java:24)
	at org.gradle.messaging.remote.internal.hub.MessageHub$Handler.run(MessageHub.java:360)
	at org.gradle.internal.concurrent.DefaultExecutorFactory$StoppableExecutorImpl$1.run(DefaultExecutorFactory.java:64)
	at java.util.concurrent.ThreadPoolExecutor.runWorker(ThreadPoolExecutor.java:1145)
	at java.util.concurrent.ThreadPoolExecutor$Worker.run(ThreadPoolExecutor.java:615)
	at java.lang.Thread.run(Thread.java:745)
Caused by: javax.persistence.RollbackException: Exception [EclipseLink-4002] (Eclipse Persistence Services - 2.5.1.v20130918-f2b9fc5): org.eclipse.persistence.exceptions.DatabaseException
Internal Exception: com.mysql.jdbc.exceptions.jdbc4.MySQLIntegrityConstraintViolationException: Duplicate entry '2147483647' for key 'cNo'
Error Code: 1062
Call: INSERT INTO CEntity (cid, cNm, cNo, versionId, createdBy, createdDate, updatedBy, updatedDate, activeStatus, txnAccessCode, multiTenantId) VALUES (?, ?, ?, ?, ?, ?, ?, ?, ?, ?, ?)
	bind => [198CB222-7961-4891-B16C-4038060B64FA, Ul8KIpYkkulwv86Gwq829TV9oa9oQ2ffSRjeFXxTRQb63UjSA5, 2147483647, 1, AAAAA, 2016-09-21 06:35:23.262, AAAAA, 2016-09-21 06:35:23.262, 1, 51000, appCreateValue]
	at org.eclipse.persistence.internal.jpa.transaction.EntityTransactionImpl.commit(EntityTransactionImpl.java:157)
	at org.springframework.orm.jpa.JpaTransactionManager.doCommit(JpaTransactionManager.java:515)
	... 71 more
Caused by: Exception [EclipseLink-4002] (Eclipse Persistence Services - 2.5.1.v20130918-f2b9fc5): org.eclipse.persistence.exceptions.DatabaseException
Internal Exception: com.mysql.jdbc.exceptions.jdbc4.MySQLIntegrityConstraintViolationException: Duplicate entry '2147483647' for key 'cNo'
Error Code: 1062
Call: INSERT INTO CEntity (cid, cNm, cNo, versionId, createdBy, createdDate, updatedBy, updatedDate, activeStatus, txnAccessCode, multiTenantId) VALUES (?, ?, ?, ?, ?, ?, ?, ?, ?, ?, ?)
	bind => [198CB222-7961-4891-B16C-4038060B64FA, Ul8KIpYkkulwv86Gwq829TV9oa9oQ2ffSRjeFXxTRQb63UjSA5, 2147483647, 1, AAAAA, 2016-09-21 06:35:23.262, AAAAA, 2016-09-21 06:35:23.262, 1, 51000, appCreateValue]
	at org.eclipse.persistence.exceptions.DatabaseException.sqlException(DatabaseException.java:331)
	at org.eclipse.persistence.internal.databaseaccess.DatabaseAccessor.executeDirectNoSelect(DatabaseAccessor.java:900)
	at org.eclipse.persistence.internal.databaseaccess.DatabaseAccessor.executeNoSelect(DatabaseAccessor.java:962)
	at org.eclipse.persistence.internal.databaseaccess.DatabaseAccessor.basicExecuteCall(DatabaseAccessor.java:631)
	at org.eclipse.persistence.internal.databaseaccess.ParameterizedSQLBatchWritingMechanism.executeBatchedStatements(ParameterizedSQLBatchWritingMechanism.java:130)
	at org.eclipse.persistence.internal.databaseaccess.DatabaseAccessor.writesCompleted(DatabaseAccessor.java:1836)
	at org.eclipse.persistence.internal.databaseaccess.DatabaseAccessor.commitTransaction(DatabaseAccessor.java:426)
	at org.eclipse.persistence.internal.sessions.AbstractSession.basicCommitTransaction(AbstractSession.java:758)
	at org.eclipse.persistence.sessions.server.ClientSession.basicCommitTransaction(ClientSession.java:174)
	at org.eclipse.persistence.internal.sessions.AbstractSession.commitTransaction(AbstractSession.java:962)
	at org.eclipse.persistence.internal.sessions.UnitOfWorkImpl.commitTransaction(UnitOfWorkImpl.java:1600)
	at org.eclipse.persistence.internal.sessions.RepeatableWriteUnitOfWork.commitTransaction(RepeatableWriteUnitOfWork.java:647)
	at org.eclipse.persistence.internal.sessions.UnitOfWorkImpl.commitTransactionAfterWriteChanges(UnitOfWorkImpl.java:1615)
	at org.eclipse.persistence.internal.sessions.RepeatableWriteUnitOfWork.commitRootUnitOfWork(RepeatableWriteUnitOfWork.java:284)
	at org.eclipse.persistence.internal.sessions.UnitOfWorkImpl.commitAndResume(UnitOfWorkImpl.java:1169)
	at org.eclipse.persistence.internal.jpa.transaction.EntityTransactionImpl.commit(EntityTransactionImpl.java:132)
	... 72 more
Caused by: com.mysql.jdbc.exceptions.jdbc4.MySQLIntegrityConstraintViolationException: Duplicate entry '2147483647' for key 'cNo'
	at sun.reflect.NativeConstructorAccessorImpl.newInstance0(Native Method)
	at sun.reflect.NativeConstructorAccessorImpl.newInstance(NativeConstructorAccessorImpl.java:57)
	at sun.reflect.DelegatingConstructorAccessorImpl.newInstance(DelegatingConstructorAccessorImpl.java:45)
	at java.lang.reflect.Constructor.newInstance(Constructor.java:526)
	at com.mysql.jdbc.Util.handleNewInstance(Util.java:408)
	at com.mysql.jdbc.Util.getInstance(Util.java:383)
	at com.mysql.jdbc.SQLError.createSQLException(SQLError.java:1049)
	at com.mysql.jdbc.MysqlIO.checkErrorPacket(MysqlIO.java:4226)
	at com.mysql.jdbc.MysqlIO.checkErrorPacket(MysqlIO.java:4158)
	at com.mysql.jdbc.MysqlIO.sendCommand(MysqlIO.java:2615)
	at com.mysql.jdbc.MysqlIO.sqlQueryDirect(MysqlIO.java:2776)
	at com.mysql.jdbc.ConnectionImpl.execSQL(ConnectionImpl.java:2840)
	at com.mysql.jdbc.PreparedStatement.executeInternal(PreparedStatement.java:2082)
	at com.mysql.jdbc.PreparedStatement.executeUpdate(PreparedStatement.java:2334)
	at com.mysql.jdbc.PreparedStatement.executeUpdate(PreparedStatement.java:2262)
	at com.mysql.jdbc.PreparedStatement.executeUpdate(PreparedStatement.java:2246)
	at org.apache.commons.dbcp.DelegatingPreparedStatement.executeUpdate(DelegatingPreparedStatement.java:105)
	at org.apache.commons.dbcp.DelegatingPreparedStatement.executeUpdate(DelegatingPreparedStatement.java:105)
	at org.eclipse.persistence.internal.databaseaccess.DatabaseAccessor.executeDirectNoSelect(DatabaseAccessor.java:890)
	... 86 more
]]></system-err>
</testsuite>
