<?xml version="1.0" encoding="UTF-8"?>
<testsuite name="com.app.server.service.appbasicsetup.userrolemanagement.RolesTestCase" tests="5" skipped="0" failures="0" errors="0" timestamp="2016-09-21T06:35:32" hostname="ab5a12c16337" time="0.601">
  <properties/>
  <testcase name="test1Save" classname="com.app.server.service.appbasicsetup.userrolemanagement.RolesTestCase" time="0.219"/>
  <testcase name="test2Update" classname="com.app.server.service.appbasicsetup.userrolemanagement.RolesTestCase" time="0.124"/>
  <testcase name="test3FindById" classname="com.app.server.service.appbasicsetup.userrolemanagement.RolesTestCase" time="0.03"/>
  <testcase name="test5NegativeTesting" classname="com.app.server.service.appbasicsetup.userrolemanagement.RolesTestCase" time="0.06"/>
  <testcase name="test6Delete" classname="com.app.server.service.appbasicsetup.userrolemanagement.RolesTestCase" time="0.167"/>
  <system-out><![CDATA[Wed Sep 21 06:35:32 UTC 2016|Log Manager Factory|Initialization Process started.....
Wed Sep 21 06:35:32 UTC 2016|Log Manager|Initialized with Path = [/home/applifire/workspace/testpro/src/main/webapp/WEB-INF/conf]
Wed Sep 21 06:35:32 UTC 2016|Alarm Manager|Initialized with Path = [/home/applifire/workspace/testpro/src/main/webapp/WEB-INF/conf]
Wed Sep 21 06:35:32 UTC 2016|Alarm Manager|Loading Alarms ......
Wed Sep 21 06:35:32 UTC 2016|Alarm XML Parser|FWA|XML Parsing Complete........ 
Wed Sep 21 06:35:32 UTC 2016|Alarm File Manager|FWA|Alarm File Status.. [ApplicationFrameworkAlarms.xml]|Version=15|Status=Done 
Wed Sep 21 06:35:32 UTC 2016|Alarm File Manager|FWA|Alarm Stats = ( BC/AL=5/786 SYS=5/11 [786/0]  TPL=0/0 [0/0]  APP= A.Map=[875]  E.Map EC/RC=[391/79] )
Wed Sep 21 06:35:32 UTC 2016|Alarm XML Parser|APP|XML Parsing Complete........ 
Wed Sep 21 06:35:32 UTC 2016|Alarm File Manager|APP|Alarm File Status.. [ApplicationAlarms.xml]|Version=1|Status=Done 
Wed Sep 21 06:35:32 UTC 2016|Alarm File Manager|APP|Alarm Stats = ( BC/AL=5/786 SYS=5/11 [786/0]  TPL=0/0 [0/0]  APP=0/0 [0/0]  A.Map=[875]  E.Map EC/RC=[391/79] )
Wed Sep 21 06:35:32 UTC 2016|ApplicationAlarmContext| <><><><><> Create App Alarms ....  <><><><><> 
Wed Sep 21 06:35:32 UTC 2016|ApplicationAlarmContext|Alarms are generated ONLY in Development Mode.. 
Wed Sep 21 06:35:32 UTC 2016|Alarm Manager|APP|Alarm Stats = ( BC/AL=5/786 SYS=5/11 [786/0]  TPL=0/0 [0/0]  APP=0/0 [0/0]  A.Map=[875]  E.Map EC/RC=[391/79] )
Wed Sep 21 06:35:32 UTC 2016|Alarm Manager|Initialized Exception Lookup...
Wed Sep 21 06:35:32 UTC 2016|Log Manager|Initialize Log Config File ......
Wed Sep 21 06:35:32 UTC 2016|Pluggable Connectors|Adding Connectors : StandardOutputConnector isEnabled=true isDefault=false isFallBack=true
Wed Sep 21 06:35:32 UTC 2016|Pluggable Connectors|Adding Connectors : StandardFileConnector isEnabled=true isDefault=false isFallBack=false
Wed Sep 21 06:35:32 UTC 2016|Pluggable Connectors|Adding Connectors : Sprinkler isEnabled=true isDefault=true isFallBack=false
Wed Sep 21 06:35:32 UTC 2016|Pluggable Connectors|Default Connector Name : com.spartan.logger.core.LogMessenger
Wed Sep 21 06:35:32 UTC 2016|Log Config Parser|Connector Least Log Level =[4]  FallBack Log Level =[3]
Wed Sep 21 06:35:32 UTC 2016|Log Manager|Loading Default Connector for Logging ......
Wed Sep 21 06:35:32 UTC 2016|Log Manager|Loading class .. com.spartan.logger.core.LogMessenger
Wed Sep 21 06:35:32 UTC 2016|Plugggable Connector|Connector class com.spartan.logger.core.LogMessenger Initialized... @ Log Level = 3
Wed Sep 21 06:35:32 UTC 2016|Log Manager|Starting the Default Connector [com.spartan.logger.core.LogMessenger@6ccc210c] ....
Wed Sep 21 06:35:32 UTC 2016|Scheduler|Starting the Scheduler ......
Wed Sep 21 06:35:32 UTC 2016|Scheduler|Adding [LMID=[b53b3b4c-eae5-4dab-b5a8-91035a9d6d6b]] Delay=5 Time Unit=MINUTES
Wed Sep 21 06:35:32 UTC 2016|Scheduler|Adding [App Alarm Manager File=[ApplicationAlarms.xml]] Delay=30 Time Unit=MINUTES
Wed Sep 21 06:35:32 UTC 2016|Scheduler|Adding [FW Alarm Manager File=[ApplicationFrameworkAlarms.xml]] Delay=3 Time Unit=MINUTES
Wed Sep 21 06:35:32 UTC 2016|Scheduler|Startup Completed..
Wed Sep 21 06:35:32 UTC 2016|Log Manager|Initialization Process Complete ......
Wed Sep 21 06:35:32 UTC 2016|Log Manager Factory|Log Manager READY! ID = b53b3b4c-eae5-4dab-b5a8-91035a9d6d6b
[EL Finer]: connection: 2016-09-21 06:35:32.931--ServerSession(993367760)--Thread(Thread[Test worker,5,main])--client acquired: 566843824
[EL Finer]: transaction: 2016-09-21 06:35:32.931--ClientSession(566843824)--Thread(Thread[Test worker,5,main])--acquire unit of work: 706691876
[EL Finest]: connection: 2016-09-21 06:35:32.931--ServerSession(993367760)--Connection(1785792022)--Thread(Thread[Test worker,5,main])--Connection acquired from connection pool [default].
[EL Finer]: transaction: 2016-09-21 06:35:32.931--ClientSession(566843824)--Connection(1785792022)--Thread(Thread[Test worker,5,main])--begin transaction
[EL Finest]: connection: 2016-09-21 06:35:32.931--ClientSession(566843824)--Thread(Thread[Test worker,5,main])--reconnecting to external connection pool
[EL Finest]: transaction: 2016-09-21 06:35:32.939--UnitOfWork(706691876)--Thread(Thread[Test worker,5,main])--persist() operation called on: nEEwnSQcMW6jrAM17OaMagVBkml8g2UlMRvxehV9znAzCeBUub.
[EL Finest]: sequencing: 2016-09-21 06:35:32.939--UnitOfWork(706691876)--Thread(Thread[Test worker,5,main])--assign sequence to the object (4B9C05CD-BA6D-4F8E-84FA-F0CFEFD3F4A0 -> nEEwnSQcMW6jrAM17OaMagVBkml8g2UlMRvxehV9znAzCeBUub)
[EL Finer]: transaction: 2016-09-21 06:35:32.939--UnitOfWork(706691876)--Thread(Thread[Test worker,5,main])--begin unit of work commit
[EL Finest]: query: 2016-09-21 06:35:32.94--UnitOfWork(706691876)--Thread(Thread[Test worker,5,main])--Execute query InsertObjectQuery(nEEwnSQcMW6jrAM17OaMagVBkml8g2UlMRvxehV9znAzCeBUub)
[EL Fine]: sql: 2016-09-21 06:35:32.94--ClientSession(566843824)--Connection(1949514661)--Thread(Thread[Test worker,5,main])--INSERT INTO AppMenus (menuId, appId, appType, autoSave, expiryDate, goLiveDate, menuAccessRights, menuAction, menuCommands, menuDisplay, menuHead, menuIcon, menuLabel, menuTreeId, RefObjectId, startDate, uiType, versionId, createdBy, createdDate, updatedBy, updatedDate, activeStatus, txnAccessCode) VALUES (?, ?, ?, ?, ?, ?, ?, ?, ?, ?, ?, ?, ?, ?, ?, ?, ?, ?, ?, ?, ?, ?, ?, ?)
	bind => [4B9C05CD-BA6D-4F8E-84FA-F0CFEFD3F4A0, BKGp2cEAXEr7OWhdOofB5qEFhVsdqj1GeUAyCYgXa3G0US9aFp, 1, true, 2016-09-21 05:42:41.84, 2016-09-21 05:42:41.841, 3, 2HAeFqnXJbPfY134uZz42mgUrDqVUXSVce7OXSmhbJDuk5q32a, wTqAg3M30somwmUPg4KsQi8KoIfITAH48VsrirvdaZ7SEJIxIe, true, true, DgwjP7H4WsoYPYEXrVQ4qyFFafuAgwzr457mCTjwLL4ybtBNxT, nEEwnSQcMW6jrAM17OaMagVBkml8g2UlMRvxehV9znAzCeBUub, hvJ1lkB9aQF5rJNUeaCHIzCnGgU7MeZuBxT8L68Gm8r4IiMURP, ozkAoXsYkw9IPblD2c1bRAIycweDIVDZxkEUxuaCBuIA7dSOAZ, 2016-09-21 05:42:41.84, 385, 1, AAAAA, 2016-09-21 06:35:32.867, AAAAA, 2016-09-21 06:35:32.867, 1, 51000]
[EL Finer]: transaction: 2016-09-21 06:35:32.942--ClientSession(566843824)--Connection(1949514661)--Thread(Thread[Test worker,5,main])--commit transaction
[EL Finest]: connection: 2016-09-21 06:35:32.998--ServerSession(993367760)--Connection(1785792022)--Thread(Thread[Test worker,5,main])--Connection released to connection pool [default].
[EL Finer]: transaction: 2016-09-21 06:35:32.998--UnitOfWork(706691876)--Thread(Thread[Test worker,5,main])--end unit of work commit
[EL Finer]: transaction: 2016-09-21 06:35:32.998--UnitOfWork(706691876)--Thread(Thread[Test worker,5,main])--resume unit of work
[EL Finer]: transaction: 2016-09-21 06:35:32.999--UnitOfWork(706691876)--Thread(Thread[Test worker,5,main])--release unit of work
[EL Finer]: connection: 2016-09-21 06:35:32.999--ClientSession(566843824)--Thread(Thread[Test worker,5,main])--client released
[EL Finer]: connection: 2016-09-21 06:35:33.02--ServerSession(993367760)--Thread(Thread[Test worker,5,main])--client acquired: 230904970
[EL Finer]: transaction: 2016-09-21 06:35:33.02--ClientSession(230904970)--Thread(Thread[Test worker,5,main])--acquire unit of work: 316880661
[EL Finest]: connection: 2016-09-21 06:35:33.02--ServerSession(993367760)--Connection(53824867)--Thread(Thread[Test worker,5,main])--Connection acquired from connection pool [default].
[EL Finer]: transaction: 2016-09-21 06:35:33.02--ClientSession(230904970)--Connection(53824867)--Thread(Thread[Test worker,5,main])--begin transaction
[EL Finest]: connection: 2016-09-21 06:35:33.02--ClientSession(230904970)--Thread(Thread[Test worker,5,main])--reconnecting to external connection pool
[EL Finest]: transaction: 2016-09-21 06:35:33.021--UnitOfWork(316880661)--Thread(Thread[Test worker,5,main])--persist() operation called on: 0BDuc52OL8DwX5hGP4iFVKLa2kBzu3QEySAdjYj7TmPUDRQK2t.
[EL Finest]: sequencing: 2016-09-21 06:35:33.022--UnitOfWork(316880661)--Thread(Thread[Test worker,5,main])--assign sequence to the object (6B2B0543-1533-424D-96B9-96D9AA2D0070 -> 0BDuc52OL8DwX5hGP4iFVKLa2kBzu3QEySAdjYj7TmPUDRQK2t)
[EL Finest]: transaction: 2016-09-21 06:35:33.022--UnitOfWork(316880661)--Thread(Thread[Test worker,5,main])--persist() operation called on: 0BDuc52OL8DwX5hGP4iFVKLa2kBzu3QEySAdjYj7TmPUDRQK2t,4B9C05CD-BA6D-4F8E-84FA-F0CFEFD3F4A0,true,true,true.
[EL Finest]: sequencing: 2016-09-21 06:35:33.022--UnitOfWork(316880661)--Thread(Thread[Test worker,5,main])--assign sequence to the object (C2D537F5-0EDA-4F78-B985-8D7812201D41 -> 0BDuc52OL8DwX5hGP4iFVKLa2kBzu3QEySAdjYj7TmPUDRQK2t,4B9C05CD-BA6D-4F8E-84FA-F0CFEFD3F4A0,true,true,true)
[EL Finer]: transaction: 2016-09-21 06:35:33.022--UnitOfWork(316880661)--Thread(Thread[Test worker,5,main])--begin unit of work commit
[EL Finest]: query: 2016-09-21 06:35:33.022--UnitOfWork(316880661)--Thread(Thread[Test worker,5,main])--Execute query InsertObjectQuery(0BDuc52OL8DwX5hGP4iFVKLa2kBzu3QEySAdjYj7TmPUDRQK2t)
[EL Finest]: query: 2016-09-21 06:35:33.023--UnitOfWork(316880661)--Thread(Thread[Test worker,5,main])--Execute query InsertObjectQuery(0BDuc52OL8DwX5hGP4iFVKLa2kBzu3QEySAdjYj7TmPUDRQK2t,4B9C05CD-BA6D-4F8E-84FA-F0CFEFD3F4A0,true,true,true)
[EL Fine]: sql: 2016-09-21 06:35:33.023--ClientSession(230904970)--Connection(1498371655)--Thread(Thread[Test worker,5,main])--INSERT INTO Roles (roleId, RoleDescription, roleHelp, RoleIcon, RoleName, versionId, createdBy, createdDate, updatedBy, updatedDate, activeStatus, txnAccessCode, multiTenantId) VALUES (?, ?, ?, ?, ?, ?, ?, ?, ?, ?, ?, ?, ?)
	bind => [6B2B0543-1533-424D-96B9-96D9AA2D0070, kEjYGcuL1kIE76ubIxiVCTnuENEJ4IObg8LUN5BZtofjcg6M4R, N2bZy3LUb9Zk9O1brIyAVVPb5DSBiLHHdF0qenpOaHdvpXotWy, 5fw5fM4lCgBLJwMCPXYmTGlvapo8tT8M2Pp9kkZduxedL7m8Vn, 0BDuc52OL8DwX5hGP4iFVKLa2kBzu3QEySAdjYj7TmPUDRQK2t, 1, AAAAA, 2016-09-21 06:35:32.867, AAAAA, 2016-09-21 06:35:32.867, 1, 51000, appCreateValue]
[EL Fine]: sql: 2016-09-21 06:35:33.024--ClientSession(230904970)--Connection(1498371655)--Thread(Thread[Test worker,5,main])--INSERT INTO RoleMenuBridge (roleMenuMapId, isExecute, isRead, isWrite, menuId, versionId, createdBy, createdDate, updatedBy, updatedDate, activeStatus, txnAccessCode, roleId, multiTenantId) VALUES (?, ?, ?, ?, ?, ?, ?, ?, ?, ?, ?, ?, ?, ?)
	bind => [C2D537F5-0EDA-4F78-B985-8D7812201D41, true, true, true, 4B9C05CD-BA6D-4F8E-84FA-F0CFEFD3F4A0, 1, AAAAA, 2016-09-21 06:35:32.867, AAAAA, 2016-09-21 06:35:32.867, 1, 51000, 6B2B0543-1533-424D-96B9-96D9AA2D0070, appCreateValue]
[EL Finer]: transaction: 2016-09-21 06:35:33.026--ClientSession(230904970)--Connection(1498371655)--Thread(Thread[Test worker,5,main])--commit transaction
[EL Finest]: connection: 2016-09-21 06:35:33.063--ServerSession(993367760)--Connection(53824867)--Thread(Thread[Test worker,5,main])--Connection released to connection pool [default].
[EL Finer]: transaction: 2016-09-21 06:35:33.063--UnitOfWork(316880661)--Thread(Thread[Test worker,5,main])--end unit of work commit
[EL Finer]: transaction: 2016-09-21 06:35:33.063--UnitOfWork(316880661)--Thread(Thread[Test worker,5,main])--resume unit of work
[EL Finer]: transaction: 2016-09-21 06:35:33.064--UnitOfWork(316880661)--Thread(Thread[Test worker,5,main])--release unit of work
[EL Finer]: connection: 2016-09-21 06:35:33.064--ClientSession(230904970)--Thread(Thread[Test worker,5,main])--client released
[EL Finer]: connection: 2016-09-21 06:35:33.091--ServerSession(993367760)--Thread(Thread[Test worker,5,main])--client acquired: 106422532
[EL Finer]: transaction: 2016-09-21 06:35:33.091--ClientSession(106422532)--Thread(Thread[Test worker,5,main])--acquire unit of work: 1937101020
[EL Finest]: connection: 2016-09-21 06:35:33.092--ServerSession(993367760)--Connection(1004754620)--Thread(Thread[Test worker,5,main])--Connection acquired from connection pool [default].
[EL Finer]: transaction: 2016-09-21 06:35:33.092--ClientSession(106422532)--Connection(1004754620)--Thread(Thread[Test worker,5,main])--begin transaction
[EL Finest]: connection: 2016-09-21 06:35:33.092--ClientSession(106422532)--Thread(Thread[Test worker,5,main])--reconnecting to external connection pool
[EL Finer]: transaction: 2016-09-21 06:35:33.093--UnitOfWork(1937101020)--Thread(Thread[Test worker,5,main])--begin unit of work flush
[EL Finer]: transaction: 2016-09-21 06:35:33.094--UnitOfWork(1937101020)--Thread(Thread[Test worker,5,main])--end unit of work flush
[EL Finest]: query: 2016-09-21 06:35:33.094--UnitOfWork(1937101020)--Thread(Thread[Test worker,5,main])--Execute query ReadAllQuery(name="Roles.findById" referenceClass=Roles sql="SELECT roleId, multiTenantId, RoleDescription, roleHelp, RoleIcon, RoleName, versionId, createdBy, createdDate, updatedBy, updatedDate, activeStatus, txnAccessCode FROM Roles WHERE (((activeStatus = ?) AND (roleId = ?)) AND (multiTenantId = ?))")
[EL Fine]: sql: 2016-09-21 06:35:33.094--ClientSession(106422532)--Connection(1216116350)--Thread(Thread[Test worker,5,main])--SELECT roleId, multiTenantId, RoleDescription, roleHelp, RoleIcon, RoleName, versionId, createdBy, createdDate, updatedBy, updatedDate, activeStatus, txnAccessCode FROM Roles WHERE (((activeStatus = ?) AND (roleId = ?)) AND (multiTenantId = ?))
	bind => [1, 6B2B0543-1533-424D-96B9-96D9AA2D0070, appCreateValue]
[EL Finest]: query: 2016-09-21 06:35:33.097--UnitOfWork(1937101020)--Thread(Thread[Test worker,5,main])--Execute query ReadAllQuery(name="roleMenuBridge" referenceClass=RoleMenuBridge sql="SELECT roleMenuMapId, multiTenantId, isExecute, isRead, isWrite, menuId, versionId, createdBy, createdDate, updatedBy, updatedDate, activeStatus, txnAccessCode, roleId FROM RoleMenuBridge WHERE ((roleId = ?) AND (multiTenantId = ?))")
[EL Fine]: sql: 2016-09-21 06:35:33.098--ClientSession(106422532)--Connection(1216116350)--Thread(Thread[Test worker,5,main])--SELECT roleMenuMapId, multiTenantId, isExecute, isRead, isWrite, menuId, versionId, createdBy, createdDate, updatedBy, updatedDate, activeStatus, txnAccessCode, roleId FROM RoleMenuBridge WHERE ((roleId = ?) AND (multiTenantId = ?))
	bind => [6B2B0543-1533-424D-96B9-96D9AA2D0070, appCreateValue]
[EL Finest]: query: 2016-09-21 06:35:33.112--UnitOfWork(1937101020)--Thread(Thread[Test worker,5,main])--Execute query ReadObjectQuery(name="roles" referenceClass=Roles )
[EL Finer]: transaction: 2016-09-21 06:35:33.113--UnitOfWork(1937101020)--Thread(Thread[Test worker,5,main])--begin unit of work commit
[EL Finer]: transaction: 2016-09-21 06:35:33.113--ClientSession(106422532)--Connection(1216116350)--Thread(Thread[Test worker,5,main])--commit transaction
[EL Finest]: connection: 2016-09-21 06:35:33.114--ServerSession(993367760)--Connection(1004754620)--Thread(Thread[Test worker,5,main])--Connection released to connection pool [default].
[EL Finer]: transaction: 2016-09-21 06:35:33.114--UnitOfWork(1937101020)--Thread(Thread[Test worker,5,main])--end unit of work commit
[EL Finer]: transaction: 2016-09-21 06:35:33.114--UnitOfWork(1937101020)--Thread(Thread[Test worker,5,main])--resume unit of work
[EL Finer]: transaction: 2016-09-21 06:35:33.114--UnitOfWork(1937101020)--Thread(Thread[Test worker,5,main])--release unit of work
[EL Finer]: connection: 2016-09-21 06:35:33.114--ClientSession(106422532)--Thread(Thread[Test worker,5,main])--client released
[EL Finer]: connection: 2016-09-21 06:35:33.115--ServerSession(993367760)--Thread(Thread[Test worker,5,main])--client acquired: 250656320
[EL Finer]: transaction: 2016-09-21 06:35:33.115--ClientSession(250656320)--Thread(Thread[Test worker,5,main])--acquire unit of work: 1565338473
[EL Finest]: connection: 2016-09-21 06:35:33.115--ServerSession(993367760)--Connection(1969039961)--Thread(Thread[Test worker,5,main])--Connection acquired from connection pool [default].
[EL Finer]: transaction: 2016-09-21 06:35:33.115--ClientSession(250656320)--Connection(1969039961)--Thread(Thread[Test worker,5,main])--begin transaction
[EL Finest]: connection: 2016-09-21 06:35:33.115--ClientSession(250656320)--Thread(Thread[Test worker,5,main])--reconnecting to external connection pool
[EL Finest]: transaction: 2016-09-21 06:35:33.121--UnitOfWork(1565338473)--Thread(Thread[Test worker,5,main])--Merge clone with references i3S8CWulWnORbFw1SO4WKy4dwXu9YUOnqQzkLDWOloWs6NLGCB
[EL Finest]: query: 2016-09-21 06:35:33.121--UnitOfWork(1565338473)--Thread(Thread[Test worker,5,main])--Execute query ReadObjectQuery(referenceClass=Roles )
[EL Fine]: sql: 2016-09-21 06:35:33.121--ClientSession(250656320)--Connection(979173107)--Thread(Thread[Test worker,5,main])--SELECT roleId, multiTenantId, RoleDescription, roleHelp, RoleIcon, RoleName, versionId, createdBy, createdDate, updatedBy, updatedDate, activeStatus, txnAccessCode FROM Roles WHERE ((roleId = ?) AND (multiTenantId = ?))
	bind => [6B2B0543-1533-424D-96B9-96D9AA2D0070, appCreateValue]
[EL Finest]: query: 2016-09-21 06:35:33.122--UnitOfWork(1565338473)--Thread(Thread[Test worker,5,main])--Execute query ReadAllQuery(name="roleMenuBridge" referenceClass=RoleMenuBridge sql="SELECT roleMenuMapId, multiTenantId, isExecute, isRead, isWrite, menuId, versionId, createdBy, createdDate, updatedBy, updatedDate, activeStatus, txnAccessCode, roleId FROM RoleMenuBridge WHERE ((roleId = ?) AND (multiTenantId = ?))")
[EL Fine]: sql: 2016-09-21 06:35:33.123--ClientSession(250656320)--Connection(979173107)--Thread(Thread[Test worker,5,main])--SELECT roleMenuMapId, multiTenantId, isExecute, isRead, isWrite, menuId, versionId, createdBy, createdDate, updatedBy, updatedDate, activeStatus, txnAccessCode, roleId FROM RoleMenuBridge WHERE ((roleId = ?) AND (multiTenantId = ?))
	bind => [6B2B0543-1533-424D-96B9-96D9AA2D0070, appCreateValue]
[EL Finest]: query: 2016-09-21 06:35:33.124--UnitOfWork(1565338473)--Thread(Thread[Test worker,5,main])--Execute query ReadObjectQuery(name="roles" referenceClass=Roles )
[EL Finer]: transaction: 2016-09-21 06:35:33.125--UnitOfWork(1565338473)--Thread(Thread[Test worker,5,main])--begin unit of work commit
[EL Finest]: query: 2016-09-21 06:35:33.125--UnitOfWork(1565338473)--Thread(Thread[Test worker,5,main])--Execute query UpdateObjectQuery(i3S8CWulWnORbFw1SO4WKy4dwXu9YUOnqQzkLDWOloWs6NLGCB)
[EL Fine]: sql: 2016-09-21 06:35:33.126--ClientSession(250656320)--Connection(979173107)--Thread(Thread[Test worker,5,main])--UPDATE Roles SET RoleDescription = ?, roleHelp = ?, RoleIcon = ?, RoleName = ?, versionId = ? WHERE ((roleId = ?) AND (versionId = ?))
	bind => [cmCjBpLZuwR8aeJjsIawOEY7txrncJGPHhDqsIjEi1UEk8TXgO, v3BMtqENzvVSYmhokV6Z9VdtHXaSdsPzZXVsV1MWqWZ1CBy1CB, CSD9mUM3vruZrax6CYsiAytJozQ6DJv7rlI7wznjMFhPoC1kHd, i3S8CWulWnORbFw1SO4WKy4dwXu9YUOnqQzkLDWOloWs6NLGCB, 2, 6B2B0543-1533-424D-96B9-96D9AA2D0070, 1]
[EL Finer]: transaction: 2016-09-21 06:35:33.127--ClientSession(250656320)--Connection(979173107)--Thread(Thread[Test worker,5,main])--commit transaction
[EL Finest]: connection: 2016-09-21 06:35:33.188--ServerSession(993367760)--Connection(1969039961)--Thread(Thread[Test worker,5,main])--Connection released to connection pool [default].
[EL Finer]: transaction: 2016-09-21 06:35:33.188--UnitOfWork(1565338473)--Thread(Thread[Test worker,5,main])--end unit of work commit
[EL Finer]: transaction: 2016-09-21 06:35:33.188--UnitOfWork(1565338473)--Thread(Thread[Test worker,5,main])--resume unit of work
[EL Finer]: transaction: 2016-09-21 06:35:33.188--UnitOfWork(1565338473)--Thread(Thread[Test worker,5,main])--release unit of work
[EL Finer]: connection: 2016-09-21 06:35:33.188--ClientSession(250656320)--Thread(Thread[Test worker,5,main])--client released
[EL Finer]: connection: 2016-09-21 06:35:33.21--ServerSession(993367760)--Thread(Thread[Test worker,5,main])--client acquired: 680241095
[EL Finer]: transaction: 2016-09-21 06:35:33.21--ClientSession(680241095)--Thread(Thread[Test worker,5,main])--acquire unit of work: 1756630684
[EL Finest]: connection: 2016-09-21 06:35:33.21--ServerSession(993367760)--Connection(86727032)--Thread(Thread[Test worker,5,main])--Connection acquired from connection pool [default].
[EL Finer]: transaction: 2016-09-21 06:35:33.21--ClientSession(680241095)--Connection(86727032)--Thread(Thread[Test worker,5,main])--begin transaction
[EL Finest]: connection: 2016-09-21 06:35:33.21--ClientSession(680241095)--Thread(Thread[Test worker,5,main])--reconnecting to external connection pool
[EL Finer]: transaction: 2016-09-21 06:35:33.211--UnitOfWork(1756630684)--Thread(Thread[Test worker,5,main])--begin unit of work flush
[EL Finer]: transaction: 2016-09-21 06:35:33.211--UnitOfWork(1756630684)--Thread(Thread[Test worker,5,main])--end unit of work flush
[EL Finest]: query: 2016-09-21 06:35:33.211--UnitOfWork(1756630684)--Thread(Thread[Test worker,5,main])--Execute query ReadAllQuery(name="Roles.findById" referenceClass=Roles sql="SELECT roleId, multiTenantId, RoleDescription, roleHelp, RoleIcon, RoleName, versionId, createdBy, createdDate, updatedBy, updatedDate, activeStatus, txnAccessCode FROM Roles WHERE (((activeStatus = ?) AND (roleId = ?)) AND (multiTenantId = ?))")
[EL Fine]: sql: 2016-09-21 06:35:33.212--ClientSession(680241095)--Connection(2064808961)--Thread(Thread[Test worker,5,main])--SELECT roleId, multiTenantId, RoleDescription, roleHelp, RoleIcon, RoleName, versionId, createdBy, createdDate, updatedBy, updatedDate, activeStatus, txnAccessCode FROM Roles WHERE (((activeStatus = ?) AND (roleId = ?)) AND (multiTenantId = ?))
	bind => [1, 6B2B0543-1533-424D-96B9-96D9AA2D0070, appCreateValue]
[EL Finest]: query: 2016-09-21 06:35:33.213--UnitOfWork(1756630684)--Thread(Thread[Test worker,5,main])--Execute query ReadAllQuery(name="roleMenuBridge" referenceClass=RoleMenuBridge sql="SELECT roleMenuMapId, multiTenantId, isExecute, isRead, isWrite, menuId, versionId, createdBy, createdDate, updatedBy, updatedDate, activeStatus, txnAccessCode, roleId FROM RoleMenuBridge WHERE ((roleId = ?) AND (multiTenantId = ?))")
[EL Fine]: sql: 2016-09-21 06:35:33.213--ClientSession(680241095)--Connection(2064808961)--Thread(Thread[Test worker,5,main])--SELECT roleMenuMapId, multiTenantId, isExecute, isRead, isWrite, menuId, versionId, createdBy, createdDate, updatedBy, updatedDate, activeStatus, txnAccessCode, roleId FROM RoleMenuBridge WHERE ((roleId = ?) AND (multiTenantId = ?))
	bind => [6B2B0543-1533-424D-96B9-96D9AA2D0070, appCreateValue]
[EL Finest]: query: 2016-09-21 06:35:33.215--UnitOfWork(1756630684)--Thread(Thread[Test worker,5,main])--Execute query ReadObjectQuery(name="roles" referenceClass=Roles )
[EL Finer]: transaction: 2016-09-21 06:35:33.216--UnitOfWork(1756630684)--Thread(Thread[Test worker,5,main])--begin unit of work commit
[EL Finer]: transaction: 2016-09-21 06:35:33.216--ClientSession(680241095)--Connection(2064808961)--Thread(Thread[Test worker,5,main])--commit transaction
[EL Finest]: connection: 2016-09-21 06:35:33.217--ServerSession(993367760)--Connection(86727032)--Thread(Thread[Test worker,5,main])--Connection released to connection pool [default].
[EL Finer]: transaction: 2016-09-21 06:35:33.217--UnitOfWork(1756630684)--Thread(Thread[Test worker,5,main])--end unit of work commit
[EL Finer]: transaction: 2016-09-21 06:35:33.217--UnitOfWork(1756630684)--Thread(Thread[Test worker,5,main])--resume unit of work
[EL Finer]: transaction: 2016-09-21 06:35:33.218--UnitOfWork(1756630684)--Thread(Thread[Test worker,5,main])--release unit of work
[EL Finer]: connection: 2016-09-21 06:35:33.218--ClientSession(680241095)--Thread(Thread[Test worker,5,main])--client released
[EL Finer]: connection: 2016-09-21 06:35:33.319--ServerSession(993367760)--Thread(Thread[Test worker,5,main])--client acquired: 417777083
[EL Finer]: transaction: 2016-09-21 06:35:33.319--ClientSession(417777083)--Thread(Thread[Test worker,5,main])--acquire unit of work: 1455391938
[EL Finest]: connection: 2016-09-21 06:35:33.319--ServerSession(993367760)--Connection(933562636)--Thread(Thread[Test worker,5,main])--Connection acquired from connection pool [default].
[EL Finer]: transaction: 2016-09-21 06:35:33.319--ClientSession(417777083)--Connection(933562636)--Thread(Thread[Test worker,5,main])--begin transaction
[EL Finest]: connection: 2016-09-21 06:35:33.319--ClientSession(417777083)--Thread(Thread[Test worker,5,main])--reconnecting to external connection pool
[EL Finest]: query: 2016-09-21 06:35:33.32--UnitOfWork(1455391938)--Thread(Thread[Test worker,5,main])--Execute query ReadObjectQuery(name="readRoles" referenceClass=Roles sql="SELECT roleId, multiTenantId, RoleDescription, roleHelp, RoleIcon, RoleName, versionId, createdBy, createdDate, updatedBy, updatedDate, activeStatus, txnAccessCode FROM Roles WHERE ((roleId = ?) AND (multiTenantId = ?))")
[EL Fine]: sql: 2016-09-21 06:35:33.32--ClientSession(417777083)--Connection(499384056)--Thread(Thread[Test worker,5,main])--SELECT roleId, multiTenantId, RoleDescription, roleHelp, RoleIcon, RoleName, versionId, createdBy, createdDate, updatedBy, updatedDate, activeStatus, txnAccessCode FROM Roles WHERE ((roleId = ?) AND (multiTenantId = ?))
	bind => [6B2B0543-1533-424D-96B9-96D9AA2D0070, appCreateValue]
[EL Finest]: query: 2016-09-21 06:35:33.322--UnitOfWork(1455391938)--Thread(Thread[Test worker,5,main])--Execute query ReadAllQuery(name="roleMenuBridge" referenceClass=RoleMenuBridge sql="SELECT roleMenuMapId, multiTenantId, isExecute, isRead, isWrite, menuId, versionId, createdBy, createdDate, updatedBy, updatedDate, activeStatus, txnAccessCode, roleId FROM RoleMenuBridge WHERE ((roleId = ?) AND (multiTenantId = ?))")
[EL Fine]: sql: 2016-09-21 06:35:33.322--ClientSession(417777083)--Connection(499384056)--Thread(Thread[Test worker,5,main])--SELECT roleMenuMapId, multiTenantId, isExecute, isRead, isWrite, menuId, versionId, createdBy, createdDate, updatedBy, updatedDate, activeStatus, txnAccessCode, roleId FROM RoleMenuBridge WHERE ((roleId = ?) AND (multiTenantId = ?))
	bind => [6B2B0543-1533-424D-96B9-96D9AA2D0070, appCreateValue]
[EL Finest]: query: 2016-09-21 06:35:33.323--UnitOfWork(1455391938)--Thread(Thread[Test worker,5,main])--Execute query ReadObjectQuery(name="roles" referenceClass=Roles )
[EL Finest]: transaction: 2016-09-21 06:35:33.324--UnitOfWork(1455391938)--Thread(Thread[Test worker,5,main])--remove() operation called on: i3S8CWulWnORbFw1SO4WKy4dwXu9YUOnqQzkLDWOloWs6NLGCB
[EL Finest]: transaction: 2016-09-21 06:35:33.324--UnitOfWork(1455391938)--Thread(Thread[Test worker,5,main])--remove() operation called on: i3S8CWulWnORbFw1SO4WKy4dwXu9YUOnqQzkLDWOloWs6NLGCB,4B9C05CD-BA6D-4F8E-84FA-F0CFEFD3F4A0,true,true,true
[EL Finer]: transaction: 2016-09-21 06:35:33.324--UnitOfWork(1455391938)--Thread(Thread[Test worker,5,main])--begin unit of work commit
[EL Finest]: query: 2016-09-21 06:35:33.324--UnitOfWork(1455391938)--Thread(Thread[Test worker,5,main])--Execute query DoesExistQuery(referenceClass=RoleMenuBridge )
[EL Finest]: query: 2016-09-21 06:35:33.324--UnitOfWork(1455391938)--Thread(Thread[Test worker,5,main])--Execute query DoesExistQuery(referenceClass=Roles )
[EL Finest]: query: 2016-09-21 06:35:33.325--UnitOfWork(1455391938)--Thread(Thread[Test worker,5,main])--Execute query DeleteObjectQuery(i3S8CWulWnORbFw1SO4WKy4dwXu9YUOnqQzkLDWOloWs6NLGCB,4B9C05CD-BA6D-4F8E-84FA-F0CFEFD3F4A0,true,true,true)
[EL Finest]: query: 2016-09-21 06:35:33.325--UnitOfWork(1455391938)--Thread(Thread[Test worker,5,main])--Execute query DeleteObjectQuery(i3S8CWulWnORbFw1SO4WKy4dwXu9YUOnqQzkLDWOloWs6NLGCB)
[EL Fine]: sql: 2016-09-21 06:35:33.325--ClientSession(417777083)--Connection(499384056)--Thread(Thread[Test worker,5,main])--DELETE FROM RoleMenuBridge WHERE ((roleMenuMapId = ?) AND (versionId = ?))
	bind => [C2D537F5-0EDA-4F78-B985-8D7812201D41, 1]
[EL Fine]: sql: 2016-09-21 06:35:33.327--ClientSession(417777083)--Connection(499384056)--Thread(Thread[Test worker,5,main])--DELETE FROM Roles WHERE ((roleId = ?) AND (versionId = ?))
	bind => [6B2B0543-1533-424D-96B9-96D9AA2D0070, 2]
[EL Finer]: transaction: 2016-09-21 06:35:33.328--ClientSession(417777083)--Connection(499384056)--Thread(Thread[Test worker,5,main])--commit transaction
[EL Finest]: connection: 2016-09-21 06:35:33.396--ServerSession(993367760)--Connection(933562636)--Thread(Thread[Test worker,5,main])--Connection released to connection pool [default].
[EL Finer]: transaction: 2016-09-21 06:35:33.396--UnitOfWork(1455391938)--Thread(Thread[Test worker,5,main])--end unit of work commit
[EL Finer]: transaction: 2016-09-21 06:35:33.396--UnitOfWork(1455391938)--Thread(Thread[Test worker,5,main])--resume unit of work
[EL Finer]: transaction: 2016-09-21 06:35:33.396--UnitOfWork(1455391938)--Thread(Thread[Test worker,5,main])--release unit of work
[EL Finer]: connection: 2016-09-21 06:35:33.396--ClientSession(417777083)--Thread(Thread[Test worker,5,main])--client released
[EL Finer]: connection: 2016-09-21 06:35:33.413--ServerSession(993367760)--Thread(Thread[Test worker,5,main])--client acquired: 1269622356
[EL Finer]: transaction: 2016-09-21 06:35:33.413--ClientSession(1269622356)--Thread(Thread[Test worker,5,main])--acquire unit of work: 1145420700
[EL Finest]: connection: 2016-09-21 06:35:33.413--ServerSession(993367760)--Connection(1042293192)--Thread(Thread[Test worker,5,main])--Connection acquired from connection pool [default].
[EL Finer]: transaction: 2016-09-21 06:35:33.413--ClientSession(1269622356)--Connection(1042293192)--Thread(Thread[Test worker,5,main])--begin transaction
[EL Finest]: connection: 2016-09-21 06:35:33.414--ClientSession(1269622356)--Thread(Thread[Test worker,5,main])--reconnecting to external connection pool
[EL Finest]: query: 2016-09-21 06:35:33.415--UnitOfWork(1145420700)--Thread(Thread[Test worker,5,main])--Execute query ReadObjectQuery(name="readAppMenus" referenceClass=AppMenus sql="SELECT menuId, appId, appType, autoSave, expiryDate, goLiveDate, menuAccessRights, menuAction, menuCommands, menuDisplay, menuHead, menuIcon, menuLabel, menuTreeId, RefObjectId, startDate, uiType, versionId, createdBy, createdDate, updatedBy, updatedDate, activeStatus, txnAccessCode FROM AppMenus WHERE (menuId = ?)")
[EL Fine]: sql: 2016-09-21 06:35:33.416--ClientSession(1269622356)--Connection(430810347)--Thread(Thread[Test worker,5,main])--SELECT menuId, appId, appType, autoSave, expiryDate, goLiveDate, menuAccessRights, menuAction, menuCommands, menuDisplay, menuHead, menuIcon, menuLabel, menuTreeId, RefObjectId, startDate, uiType, versionId, createdBy, createdDate, updatedBy, updatedDate, activeStatus, txnAccessCode FROM AppMenus WHERE (menuId = ?)
	bind => [4B9C05CD-BA6D-4F8E-84FA-F0CFEFD3F4A0]
[EL Finest]: transaction: 2016-09-21 06:35:33.417--UnitOfWork(1145420700)--Thread(Thread[Test worker,5,main])--remove() operation called on: nEEwnSQcMW6jrAM17OaMagVBkml8g2UlMRvxehV9znAzCeBUub
[EL Finer]: transaction: 2016-09-21 06:35:33.418--UnitOfWork(1145420700)--Thread(Thread[Test worker,5,main])--begin unit of work commit
[EL Finest]: query: 2016-09-21 06:35:33.418--UnitOfWork(1145420700)--Thread(Thread[Test worker,5,main])--Execute query DoesExistQuery(referenceClass=AppMenus )
[EL Finest]: query: 2016-09-21 06:35:33.418--UnitOfWork(1145420700)--Thread(Thread[Test worker,5,main])--Execute query DeleteObjectQuery(nEEwnSQcMW6jrAM17OaMagVBkml8g2UlMRvxehV9znAzCeBUub)
[EL Fine]: sql: 2016-09-21 06:35:33.419--ClientSession(1269622356)--Connection(430810347)--Thread(Thread[Test worker,5,main])--DELETE FROM AppMenus WHERE ((menuId = ?) AND (versionId = ?))
	bind => [4B9C05CD-BA6D-4F8E-84FA-F0CFEFD3F4A0, 1]
[EL Finer]: transaction: 2016-09-21 06:35:33.42--ClientSession(1269622356)--Connection(430810347)--Thread(Thread[Test worker,5,main])--commit transaction
[EL Finest]: connection: 2016-09-21 06:35:33.445--ServerSession(993367760)--Connection(1042293192)--Thread(Thread[Test worker,5,main])--Connection released to connection pool [default].
[EL Finer]: transaction: 2016-09-21 06:35:33.445--UnitOfWork(1145420700)--Thread(Thread[Test worker,5,main])--end unit of work commit
[EL Finer]: transaction: 2016-09-21 06:35:33.445--UnitOfWork(1145420700)--Thread(Thread[Test worker,5,main])--resume unit of work
[EL Finer]: transaction: 2016-09-21 06:35:33.445--UnitOfWork(1145420700)--Thread(Thread[Test worker,5,main])--release unit of work
[EL Finer]: connection: 2016-09-21 06:35:33.445--ClientSession(1269622356)--Thread(Thread[Test worker,5,main])--client released
]]></system-out>
  <system-err><![CDATA[java.lang.NoSuchFieldException: RoleName
	at java.lang.Class.getDeclaredField(Class.java:1961)
	at com.app.server.service.appbasicsetup.userrolemanagement.RolesTestCase.test5NegativeTesting(RolesTestCase.java:278)
	at sun.reflect.NativeMethodAccessorImpl.invoke0(Native Method)
	at sun.reflect.NativeMethodAccessorImpl.invoke(NativeMethodAccessorImpl.java:57)
	at sun.reflect.DelegatingMethodAccessorImpl.invoke(DelegatingMethodAccessorImpl.java:43)
	at java.lang.reflect.Method.invoke(Method.java:606)
	at org.junit.runners.model.FrameworkMethod$1.runReflectiveCall(FrameworkMethod.java:47)
	at org.junit.internal.runners.model.ReflectiveCallable.run(ReflectiveCallable.java:12)
	at org.junit.runners.model.FrameworkMethod.invokeExplosively(FrameworkMethod.java:44)
	at org.junit.internal.runners.statements.InvokeMethod.evaluate(InvokeMethod.java:17)
	at org.junit.internal.runners.statements.RunBefores.evaluate(RunBefores.java:26)
	at org.springframework.test.context.junit4.statements.RunBeforeTestMethodCallbacks.evaluate(RunBeforeTestMethodCallbacks.java:74)
	at org.junit.internal.runners.statements.RunAfters.evaluate(RunAfters.java:27)
	at org.springframework.test.context.junit4.statements.RunAfterTestMethodCallbacks.evaluate(RunAfterTestMethodCallbacks.java:83)
	at org.springframework.test.context.junit4.statements.SpringRepeat.evaluate(SpringRepeat.java:72)
	at org.springframework.test.context.junit4.SpringJUnit4ClassRunner.runChild(SpringJUnit4ClassRunner.java:233)
	at org.springframework.test.context.junit4.SpringJUnit4ClassRunner.runChild(SpringJUnit4ClassRunner.java:87)
	at org.junit.runners.ParentRunner$3.run(ParentRunner.java:238)
	at org.junit.runners.ParentRunner$1.schedule(ParentRunner.java:63)
	at org.junit.runners.ParentRunner.runChildren(ParentRunner.java:236)
	at org.junit.runners.ParentRunner.access$000(ParentRunner.java:53)
	at org.junit.runners.ParentRunner$2.evaluate(ParentRunner.java:229)
	at org.junit.internal.runners.statements.RunBefores.evaluate(RunBefores.java:26)
	at org.springframework.test.context.junit4.statements.RunBeforeTestClassCallbacks.evaluate(RunBeforeTestClassCallbacks.java:61)
	at org.springframework.test.context.junit4.statements.RunAfterTestClassCallbacks.evaluate(RunAfterTestClassCallbacks.java:71)
	at org.junit.runners.ParentRunner.run(ParentRunner.java:309)
	at org.springframework.test.context.junit4.SpringJUnit4ClassRunner.run(SpringJUnit4ClassRunner.java:176)
	at org.gradle.api.internal.tasks.testing.junit.JUnitTestClassExecuter.runTestClass(JUnitTestClassExecuter.java:86)
	at org.gradle.api.internal.tasks.testing.junit.JUnitTestClassExecuter.execute(JUnitTestClassExecuter.java:49)
	at org.gradle.api.internal.tasks.testing.junit.JUnitTestClassProcessor.processTestClass(JUnitTestClassProcessor.java:64)
	at org.gradle.api.internal.tasks.testing.SuiteTestClassProcessor.processTestClass(SuiteTestClassProcessor.java:50)
	at sun.reflect.GeneratedMethodAccessor126.invoke(Unknown Source)
	at sun.reflect.DelegatingMethodAccessorImpl.invoke(DelegatingMethodAccessorImpl.java:43)
	at java.lang.reflect.Method.invoke(Method.java:606)
	at org.gradle.messaging.dispatch.ReflectionDispatch.dispatch(ReflectionDispatch.java:35)
	at org.gradle.messaging.dispatch.ReflectionDispatch.dispatch(ReflectionDispatch.java:24)
	at org.gradle.messaging.dispatch.ContextClassLoaderDispatch.dispatch(ContextClassLoaderDispatch.java:32)
	at org.gradle.messaging.dispatch.ProxyDispatchAdapter$DispatchingInvocationHandler.invoke(ProxyDispatchAdapter.java:93)
	at com.sun.proxy.$Proxy2.processTestClass(Unknown Source)
	at org.gradle.api.internal.tasks.testing.worker.TestWorker.processTestClass(TestWorker.java:106)
	at sun.reflect.GeneratedMethodAccessor125.invoke(Unknown Source)
	at sun.reflect.DelegatingMethodAccessorImpl.invoke(DelegatingMethodAccessorImpl.java:43)
	at java.lang.reflect.Method.invoke(Method.java:606)
	at org.gradle.messaging.dispatch.ReflectionDispatch.dispatch(ReflectionDispatch.java:35)
	at org.gradle.messaging.dispatch.ReflectionDispatch.dispatch(ReflectionDispatch.java:24)
	at org.gradle.messaging.remote.internal.hub.MessageHub$Handler.run(MessageHub.java:360)
	at org.gradle.internal.concurrent.DefaultExecutorFactory$StoppableExecutorImpl$1.run(DefaultExecutorFactory.java:64)
	at java.util.concurrent.ThreadPoolExecutor.runWorker(ThreadPoolExecutor.java:1145)
	at java.util.concurrent.ThreadPoolExecutor$Worker.run(ThreadPoolExecutor.java:615)
	at java.lang.Thread.run(Thread.java:745)
Roles.roleName size must be between 0 and 256
java.lang.SecurityException: Roles.roleName size must be between 0 and 256
	at com.athena.server.pluggable.utils.helper.EntityValidatorHelper.validateEntity(EntityValidatorHelper.java:37)
	at com.app.shared.appbasicsetup.userrolemanagement.Roles.isValid(Roles.java:281)
	at com.app.server.service.appbasicsetup.userrolemanagement.RolesTestCase.validateRoles(RolesTestCase.java:249)
	at com.app.server.service.appbasicsetup.userrolemanagement.RolesTestCase.test5NegativeTesting(RolesTestCase.java:291)
	at sun.reflect.NativeMethodAccessorImpl.invoke0(Native Method)
	at sun.reflect.NativeMethodAccessorImpl.invoke(NativeMethodAccessorImpl.java:57)
	at sun.reflect.DelegatingMethodAccessorImpl.invoke(DelegatingMethodAccessorImpl.java:43)
	at java.lang.reflect.Method.invoke(Method.java:606)
	at org.junit.runners.model.FrameworkMethod$1.runReflectiveCall(FrameworkMethod.java:47)
	at org.junit.internal.runners.model.ReflectiveCallable.run(ReflectiveCallable.java:12)
	at org.junit.runners.model.FrameworkMethod.invokeExplosively(FrameworkMethod.java:44)
	at org.junit.internal.runners.statements.InvokeMethod.evaluate(InvokeMethod.java:17)
	at org.junit.internal.runners.statements.RunBefores.evaluate(RunBefores.java:26)
	at org.springframework.test.context.junit4.statements.RunBeforeTestMethodCallbacks.evaluate(RunBeforeTestMethodCallbacks.java:74)
	at org.junit.internal.runners.statements.RunAfters.evaluate(RunAfters.java:27)
	at org.springframework.test.context.junit4.statements.RunAfterTestMethodCallbacks.evaluate(RunAfterTestMethodCallbacks.java:83)
	at org.springframework.test.context.junit4.statements.SpringRepeat.evaluate(SpringRepeat.java:72)
	at org.springframework.test.context.junit4.SpringJUnit4ClassRunner.runChild(SpringJUnit4ClassRunner.java:233)
	at org.springframework.test.context.junit4.SpringJUnit4ClassRunner.runChild(SpringJUnit4ClassRunner.java:87)
	at org.junit.runners.ParentRunner$3.run(ParentRunner.java:238)
	at org.junit.runners.ParentRunner$1.schedule(ParentRunner.java:63)
	at org.junit.runners.ParentRunner.runChildren(ParentRunner.java:236)
	at org.junit.runners.ParentRunner.access$000(ParentRunner.java:53)
	at org.junit.runners.ParentRunner$2.evaluate(ParentRunner.java:229)
	at org.junit.internal.runners.statements.RunBefores.evaluate(RunBefores.java:26)
	at org.springframework.test.context.junit4.statements.RunBeforeTestClassCallbacks.evaluate(RunBeforeTestClassCallbacks.java:61)
	at org.springframework.test.context.junit4.statements.RunAfterTestClassCallbacks.evaluate(RunAfterTestClassCallbacks.java:71)
	at org.junit.runners.ParentRunner.run(ParentRunner.java:309)
	at org.springframework.test.context.junit4.SpringJUnit4ClassRunner.run(SpringJUnit4ClassRunner.java:176)
	at org.gradle.api.internal.tasks.testing.junit.JUnitTestClassExecuter.runTestClass(JUnitTestClassExecuter.java:86)
	at org.gradle.api.internal.tasks.testing.junit.JUnitTestClassExecuter.execute(JUnitTestClassExecuter.java:49)
	at org.gradle.api.internal.tasks.testing.junit.JUnitTestClassProcessor.processTestClass(JUnitTestClassProcessor.java:64)
	at org.gradle.api.internal.tasks.testing.SuiteTestClassProcessor.processTestClass(SuiteTestClassProcessor.java:50)
	at sun.reflect.GeneratedMethodAccessor126.invoke(Unknown Source)
	at sun.reflect.DelegatingMethodAccessorImpl.invoke(DelegatingMethodAccessorImpl.java:43)
	at java.lang.reflect.Method.invoke(Method.java:606)
	at org.gradle.messaging.dispatch.ReflectionDispatch.dispatch(ReflectionDispatch.java:35)
	at org.gradle.messaging.dispatch.ReflectionDispatch.dispatch(ReflectionDispatch.java:24)
	at org.gradle.messaging.dispatch.ContextClassLoaderDispatch.dispatch(ContextClassLoaderDispatch.java:32)
	at org.gradle.messaging.dispatch.ProxyDispatchAdapter$DispatchingInvocationHandler.invoke(ProxyDispatchAdapter.java:93)
	at com.sun.proxy.$Proxy2.processTestClass(Unknown Source)
	at org.gradle.api.internal.tasks.testing.worker.TestWorker.processTestClass(TestWorker.java:106)
	at sun.reflect.GeneratedMethodAccessor125.invoke(Unknown Source)
	at sun.reflect.DelegatingMethodAccessorImpl.invoke(DelegatingMethodAccessorImpl.java:43)
	at java.lang.reflect.Method.invoke(Method.java:606)
	at org.gradle.messaging.dispatch.ReflectionDispatch.dispatch(ReflectionDispatch.java:35)
	at org.gradle.messaging.dispatch.ReflectionDispatch.dispatch(ReflectionDispatch.java:24)
	at org.gradle.messaging.remote.internal.hub.MessageHub$Handler.run(MessageHub.java:360)
	at org.gradle.internal.concurrent.DefaultExecutorFactory$StoppableExecutorImpl$1.run(DefaultExecutorFactory.java:64)
	at java.util.concurrent.ThreadPoolExecutor.runWorker(ThreadPoolExecutor.java:1145)
	at java.util.concurrent.ThreadPoolExecutor$Worker.run(ThreadPoolExecutor.java:615)
	at java.lang.Thread.run(Thread.java:745)
java.lang.NoSuchFieldException: RoleDescription
	at java.lang.Class.getDeclaredField(Class.java:1961)
	at com.app.server.service.appbasicsetup.userrolemanagement.RolesTestCase.test5NegativeTesting(RolesTestCase.java:278)
	at sun.reflect.NativeMethodAccessorImpl.invoke0(Native Method)
	at sun.reflect.NativeMethodAccessorImpl.invoke(NativeMethodAccessorImpl.java:57)
	at sun.reflect.DelegatingMethodAccessorImpl.invoke(DelegatingMethodAccessorImpl.java:43)
	at java.lang.reflect.Method.invoke(Method.java:606)
	at org.junit.runners.model.FrameworkMethod$1.runReflectiveCall(FrameworkMethod.java:47)
	at org.junit.internal.runners.model.ReflectiveCallable.run(ReflectiveCallable.java:12)
	at org.junit.runners.model.FrameworkMethod.invokeExplosively(FrameworkMethod.java:44)
	at org.junit.internal.runners.statements.InvokeMethod.evaluate(InvokeMethod.java:17)
	at org.junit.internal.runners.statements.RunBefores.evaluate(RunBefores.java:26)
	at org.springframework.test.context.junit4.statements.RunBeforeTestMethodCallbacks.evaluate(RunBeforeTestMethodCallbacks.java:74)
	at org.junit.internal.runners.statements.RunAfters.evaluate(RunAfters.java:27)
	at org.springframework.test.context.junit4.statements.RunAfterTestMethodCallbacks.evaluate(RunAfterTestMethodCallbacks.java:83)
	at org.springframework.test.context.junit4.statements.SpringRepeat.evaluate(SpringRepeat.java:72)
	at org.springframework.test.context.junit4.SpringJUnit4ClassRunner.runChild(SpringJUnit4ClassRunner.java:233)
	at org.springframework.test.context.junit4.SpringJUnit4ClassRunner.runChild(SpringJUnit4ClassRunner.java:87)
	at org.junit.runners.ParentRunner$3.run(ParentRunner.java:238)
	at org.junit.runners.ParentRunner$1.schedule(ParentRunner.java:63)
	at org.junit.runners.ParentRunner.runChildren(ParentRunner.java:236)
	at org.junit.runners.ParentRunner.access$000(ParentRunner.java:53)
	at org.junit.runners.ParentRunner$2.evaluate(ParentRunner.java:229)
	at org.junit.internal.runners.statements.RunBefores.evaluate(RunBefores.java:26)
	at org.springframework.test.context.junit4.statements.RunBeforeTestClassCallbacks.evaluate(RunBeforeTestClassCallbacks.java:61)
	at org.springframework.test.context.junit4.statements.RunAfterTestClassCallbacks.evaluate(RunAfterTestClassCallbacks.java:71)
	at org.junit.runners.ParentRunner.run(ParentRunner.java:309)
	at org.springframework.test.context.junit4.SpringJUnit4ClassRunner.run(SpringJUnit4ClassRunner.java:176)
	at org.gradle.api.internal.tasks.testing.junit.JUnitTestClassExecuter.runTestClass(JUnitTestClassExecuter.java:86)
	at org.gradle.api.internal.tasks.testing.junit.JUnitTestClassExecuter.execute(JUnitTestClassExecuter.java:49)
	at org.gradle.api.internal.tasks.testing.junit.JUnitTestClassProcessor.processTestClass(JUnitTestClassProcessor.java:64)
	at org.gradle.api.internal.tasks.testing.SuiteTestClassProcessor.processTestClass(SuiteTestClassProcessor.java:50)
	at sun.reflect.GeneratedMethodAccessor126.invoke(Unknown Source)
	at sun.reflect.DelegatingMethodAccessorImpl.invoke(DelegatingMethodAccessorImpl.java:43)
	at java.lang.reflect.Method.invoke(Method.java:606)
	at org.gradle.messaging.dispatch.ReflectionDispatch.dispatch(ReflectionDispatch.java:35)
	at org.gradle.messaging.dispatch.ReflectionDispatch.dispatch(ReflectionDispatch.java:24)
	at org.gradle.messaging.dispatch.ContextClassLoaderDispatch.dispatch(ContextClassLoaderDispatch.java:32)
	at org.gradle.messaging.dispatch.ProxyDispatchAdapter$DispatchingInvocationHandler.invoke(ProxyDispatchAdapter.java:93)
	at com.sun.proxy.$Proxy2.processTestClass(Unknown Source)
	at org.gradle.api.internal.tasks.testing.worker.TestWorker.processTestClass(TestWorker.java:106)
	at sun.reflect.GeneratedMethodAccessor125.invoke(Unknown Source)
	at sun.reflect.DelegatingMethodAccessorImpl.invoke(DelegatingMethodAccessorImpl.java:43)
	at java.lang.reflect.Method.invoke(Method.java:606)
	at org.gradle.messaging.dispatch.ReflectionDispatch.dispatch(ReflectionDispatch.java:35)
	at org.gradle.messaging.dispatch.ReflectionDispatch.dispatch(ReflectionDispatch.java:24)
	at org.gradle.messaging.remote.internal.hub.MessageHub$Handler.run(MessageHub.java:360)
	at org.gradle.internal.concurrent.DefaultExecutorFactory$StoppableExecutorImpl$1.run(DefaultExecutorFactory.java:64)
	at java.util.concurrent.ThreadPoolExecutor.runWorker(ThreadPoolExecutor.java:1145)
	at java.util.concurrent.ThreadPoolExecutor$Worker.run(ThreadPoolExecutor.java:615)
	at java.lang.Thread.run(Thread.java:745)
Roles.roleDescription size must be between 0 and 256
java.lang.SecurityException: Roles.roleDescription size must be between 0 and 256
	at com.athena.server.pluggable.utils.helper.EntityValidatorHelper.validateEntity(EntityValidatorHelper.java:37)
	at com.app.shared.appbasicsetup.userrolemanagement.Roles.isValid(Roles.java:281)
	at com.app.server.service.appbasicsetup.userrolemanagement.RolesTestCase.validateRoles(RolesTestCase.java:249)
	at com.app.server.service.appbasicsetup.userrolemanagement.RolesTestCase.test5NegativeTesting(RolesTestCase.java:302)
	at sun.reflect.NativeMethodAccessorImpl.invoke0(Native Method)
	at sun.reflect.NativeMethodAccessorImpl.invoke(NativeMethodAccessorImpl.java:57)
	at sun.reflect.DelegatingMethodAccessorImpl.invoke(DelegatingMethodAccessorImpl.java:43)
	at java.lang.reflect.Method.invoke(Method.java:606)
	at org.junit.runners.model.FrameworkMethod$1.runReflectiveCall(FrameworkMethod.java:47)
	at org.junit.internal.runners.model.ReflectiveCallable.run(ReflectiveCallable.java:12)
	at org.junit.runners.model.FrameworkMethod.invokeExplosively(FrameworkMethod.java:44)
	at org.junit.internal.runners.statements.InvokeMethod.evaluate(InvokeMethod.java:17)
	at org.junit.internal.runners.statements.RunBefores.evaluate(RunBefores.java:26)
	at org.springframework.test.context.junit4.statements.RunBeforeTestMethodCallbacks.evaluate(RunBeforeTestMethodCallbacks.java:74)
	at org.junit.internal.runners.statements.RunAfters.evaluate(RunAfters.java:27)
	at org.springframework.test.context.junit4.statements.RunAfterTestMethodCallbacks.evaluate(RunAfterTestMethodCallbacks.java:83)
	at org.springframework.test.context.junit4.statements.SpringRepeat.evaluate(SpringRepeat.java:72)
	at org.springframework.test.context.junit4.SpringJUnit4ClassRunner.runChild(SpringJUnit4ClassRunner.java:233)
	at org.springframework.test.context.junit4.SpringJUnit4ClassRunner.runChild(SpringJUnit4ClassRunner.java:87)
	at org.junit.runners.ParentRunner$3.run(ParentRunner.java:238)
	at org.junit.runners.ParentRunner$1.schedule(ParentRunner.java:63)
	at org.junit.runners.ParentRunner.runChildren(ParentRunner.java:236)
	at org.junit.runners.ParentRunner.access$000(ParentRunner.java:53)
	at org.junit.runners.ParentRunner$2.evaluate(ParentRunner.java:229)
	at org.junit.internal.runners.statements.RunBefores.evaluate(RunBefores.java:26)
	at org.springframework.test.context.junit4.statements.RunBeforeTestClassCallbacks.evaluate(RunBeforeTestClassCallbacks.java:61)
	at org.springframework.test.context.junit4.statements.RunAfterTestClassCallbacks.evaluate(RunAfterTestClassCallbacks.java:71)
	at org.junit.runners.ParentRunner.run(ParentRunner.java:309)
	at org.springframework.test.context.junit4.SpringJUnit4ClassRunner.run(SpringJUnit4ClassRunner.java:176)
	at org.gradle.api.internal.tasks.testing.junit.JUnitTestClassExecuter.runTestClass(JUnitTestClassExecuter.java:86)
	at org.gradle.api.internal.tasks.testing.junit.JUnitTestClassExecuter.execute(JUnitTestClassExecuter.java:49)
	at org.gradle.api.internal.tasks.testing.junit.JUnitTestClassProcessor.processTestClass(JUnitTestClassProcessor.java:64)
	at org.gradle.api.internal.tasks.testing.SuiteTestClassProcessor.processTestClass(SuiteTestClassProcessor.java:50)
	at sun.reflect.GeneratedMethodAccessor126.invoke(Unknown Source)
	at sun.reflect.DelegatingMethodAccessorImpl.invoke(DelegatingMethodAccessorImpl.java:43)
	at java.lang.reflect.Method.invoke(Method.java:606)
	at org.gradle.messaging.dispatch.ReflectionDispatch.dispatch(ReflectionDispatch.java:35)
	at org.gradle.messaging.dispatch.ReflectionDispatch.dispatch(ReflectionDispatch.java:24)
	at org.gradle.messaging.dispatch.ContextClassLoaderDispatch.dispatch(ContextClassLoaderDispatch.java:32)
	at org.gradle.messaging.dispatch.ProxyDispatchAdapter$DispatchingInvocationHandler.invoke(ProxyDispatchAdapter.java:93)
	at com.sun.proxy.$Proxy2.processTestClass(Unknown Source)
	at org.gradle.api.internal.tasks.testing.worker.TestWorker.processTestClass(TestWorker.java:106)
	at sun.reflect.GeneratedMethodAccessor125.invoke(Unknown Source)
	at sun.reflect.DelegatingMethodAccessorImpl.invoke(DelegatingMethodAccessorImpl.java:43)
	at java.lang.reflect.Method.invoke(Method.java:606)
	at org.gradle.messaging.dispatch.ReflectionDispatch.dispatch(ReflectionDispatch.java:35)
	at org.gradle.messaging.dispatch.ReflectionDispatch.dispatch(ReflectionDispatch.java:24)
	at org.gradle.messaging.remote.internal.hub.MessageHub$Handler.run(MessageHub.java:360)
	at org.gradle.internal.concurrent.DefaultExecutorFactory$StoppableExecutorImpl$1.run(DefaultExecutorFactory.java:64)
	at java.util.concurrent.ThreadPoolExecutor.runWorker(ThreadPoolExecutor.java:1145)
	at java.util.concurrent.ThreadPoolExecutor$Worker.run(ThreadPoolExecutor.java:615)
	at java.lang.Thread.run(Thread.java:745)
Roles.roleIcon size must be between 0 and 64
java.lang.SecurityException: Roles.roleIcon size must be between 0 and 64
	at com.athena.server.pluggable.utils.helper.EntityValidatorHelper.validateEntity(EntityValidatorHelper.java:37)
	at com.app.shared.appbasicsetup.userrolemanagement.Roles.isValid(Roles.java:281)
	at com.app.server.service.appbasicsetup.userrolemanagement.RolesTestCase.validateRoles(RolesTestCase.java:249)
	at com.app.server.service.appbasicsetup.userrolemanagement.RolesTestCase.test5NegativeTesting(RolesTestCase.java:307)
	at sun.reflect.NativeMethodAccessorImpl.invoke0(Native Method)
	at sun.reflect.NativeMethodAccessorImpl.invoke(NativeMethodAccessorImpl.java:57)
	at sun.reflect.DelegatingMethodAccessorImpl.invoke(DelegatingMethodAccessorImpl.java:43)
	at java.lang.reflect.Method.invoke(Method.java:606)
	at org.junit.runners.model.FrameworkMethod$1.runReflectiveCall(FrameworkMethod.java:47)
	at org.junit.internal.runners.model.ReflectiveCallable.run(ReflectiveCallable.java:12)
	at org.junit.runners.model.FrameworkMethod.invokeExplosively(FrameworkMethod.java:44)
	at org.junit.internal.runners.statements.InvokeMethod.evaluate(InvokeMethod.java:17)
	at org.junit.internal.runners.statements.RunBefores.evaluate(RunBefores.java:26)
	at org.springframework.test.context.junit4.statements.RunBeforeTestMethodCallbacks.evaluate(RunBeforeTestMethodCallbacks.java:74)
	at org.junit.internal.runners.statements.RunAfters.evaluate(RunAfters.java:27)
	at org.springframework.test.context.junit4.statements.RunAfterTestMethodCallbacks.evaluate(RunAfterTestMethodCallbacks.java:83)
	at org.springframework.test.context.junit4.statements.SpringRepeat.evaluate(SpringRepeat.java:72)
	at org.springframework.test.context.junit4.SpringJUnit4ClassRunner.runChild(SpringJUnit4ClassRunner.java:233)
	at org.springframework.test.context.junit4.SpringJUnit4ClassRunner.runChild(SpringJUnit4ClassRunner.java:87)
	at org.junit.runners.ParentRunner$3.run(ParentRunner.java:238)
	at org.junit.runners.ParentRunner$1.schedule(ParentRunner.java:63)
	at org.junit.runners.ParentRunner.runChildren(ParentRunner.java:236)
	at org.junit.runners.ParentRunner.access$000(ParentRunner.java:53)
	at org.junit.runners.ParentRunner$2.evaluate(ParentRunner.java:229)
	at org.junit.internal.runners.statements.RunBefores.evaluate(RunBefores.java:26)
	at org.springframework.test.context.junit4.statements.RunBeforeTestClassCallbacks.evaluate(RunBeforeTestClassCallbacks.java:61)
	at org.springframework.test.context.junit4.statements.RunAfterTestClassCallbacks.evaluate(RunAfterTestClassCallbacks.java:71)
	at org.junit.runners.ParentRunner.run(ParentRunner.java:309)
	at org.springframework.test.context.junit4.SpringJUnit4ClassRunner.run(SpringJUnit4ClassRunner.java:176)
	at org.gradle.api.internal.tasks.testing.junit.JUnitTestClassExecuter.runTestClass(JUnitTestClassExecuter.java:86)
	at org.gradle.api.internal.tasks.testing.junit.JUnitTestClassExecuter.execute(JUnitTestClassExecuter.java:49)
	at org.gradle.api.internal.tasks.testing.junit.JUnitTestClassProcessor.processTestClass(JUnitTestClassProcessor.java:64)
	at org.gradle.api.internal.tasks.testing.SuiteTestClassProcessor.processTestClass(SuiteTestClassProcessor.java:50)
	at sun.reflect.GeneratedMethodAccessor126.invoke(Unknown Source)
	at sun.reflect.DelegatingMethodAccessorImpl.invoke(DelegatingMethodAccessorImpl.java:43)
	at java.lang.reflect.Method.invoke(Method.java:606)
	at org.gradle.messaging.dispatch.ReflectionDispatch.dispatch(ReflectionDispatch.java:35)
	at org.gradle.messaging.dispatch.ReflectionDispatch.dispatch(ReflectionDispatch.java:24)
	at org.gradle.messaging.dispatch.ContextClassLoaderDispatch.dispatch(ContextClassLoaderDispatch.java:32)
	at org.gradle.messaging.dispatch.ProxyDispatchAdapter$DispatchingInvocationHandler.invoke(ProxyDispatchAdapter.java:93)
	at com.sun.proxy.$Proxy2.processTestClass(Unknown Source)
	at org.gradle.api.internal.tasks.testing.worker.TestWorker.processTestClass(TestWorker.java:106)
	at sun.reflect.GeneratedMethodAccessor125.invoke(Unknown Source)
	at sun.reflect.DelegatingMethodAccessorImpl.invoke(DelegatingMethodAccessorImpl.java:43)
	at java.lang.reflect.Method.invoke(Method.java:606)
	at org.gradle.messaging.dispatch.ReflectionDispatch.dispatch(ReflectionDispatch.java:35)
	at org.gradle.messaging.dispatch.ReflectionDispatch.dispatch(ReflectionDispatch.java:24)
	at org.gradle.messaging.remote.internal.hub.MessageHub$Handler.run(MessageHub.java:360)
	at org.gradle.internal.concurrent.DefaultExecutorFactory$StoppableExecutorImpl$1.run(DefaultExecutorFactory.java:64)
	at java.util.concurrent.ThreadPoolExecutor.runWorker(ThreadPoolExecutor.java:1145)
	at java.util.concurrent.ThreadPoolExecutor$Worker.run(ThreadPoolExecutor.java:615)
	at java.lang.Thread.run(Thread.java:745)
Roles.roleHelp size must be between 0 and 256
java.lang.SecurityException: Roles.roleHelp size must be between 0 and 256
	at com.athena.server.pluggable.utils.helper.EntityValidatorHelper.validateEntity(EntityValidatorHelper.java:37)
	at com.app.shared.appbasicsetup.userrolemanagement.Roles.isValid(Roles.java:281)
	at com.app.server.service.appbasicsetup.userrolemanagement.RolesTestCase.validateRoles(RolesTestCase.java:249)
	at com.app.server.service.appbasicsetup.userrolemanagement.RolesTestCase.test5NegativeTesting(RolesTestCase.java:312)
	at sun.reflect.NativeMethodAccessorImpl.invoke0(Native Method)
	at sun.reflect.NativeMethodAccessorImpl.invoke(NativeMethodAccessorImpl.java:57)
	at sun.reflect.DelegatingMethodAccessorImpl.invoke(DelegatingMethodAccessorImpl.java:43)
	at java.lang.reflect.Method.invoke(Method.java:606)
	at org.junit.runners.model.FrameworkMethod$1.runReflectiveCall(FrameworkMethod.java:47)
	at org.junit.internal.runners.model.ReflectiveCallable.run(ReflectiveCallable.java:12)
	at org.junit.runners.model.FrameworkMethod.invokeExplosively(FrameworkMethod.java:44)
	at org.junit.internal.runners.statements.InvokeMethod.evaluate(InvokeMethod.java:17)
	at org.junit.internal.runners.statements.RunBefores.evaluate(RunBefores.java:26)
	at org.springframework.test.context.junit4.statements.RunBeforeTestMethodCallbacks.evaluate(RunBeforeTestMethodCallbacks.java:74)
	at org.junit.internal.runners.statements.RunAfters.evaluate(RunAfters.java:27)
	at org.springframework.test.context.junit4.statements.RunAfterTestMethodCallbacks.evaluate(RunAfterTestMethodCallbacks.java:83)
	at org.springframework.test.context.junit4.statements.SpringRepeat.evaluate(SpringRepeat.java:72)
	at org.springframework.test.context.junit4.SpringJUnit4ClassRunner.runChild(SpringJUnit4ClassRunner.java:233)
	at org.springframework.test.context.junit4.SpringJUnit4ClassRunner.runChild(SpringJUnit4ClassRunner.java:87)
	at org.junit.runners.ParentRunner$3.run(ParentRunner.java:238)
	at org.junit.runners.ParentRunner$1.schedule(ParentRunner.java:63)
	at org.junit.runners.ParentRunner.runChildren(ParentRunner.java:236)
	at org.junit.runners.ParentRunner.access$000(ParentRunner.java:53)
	at org.junit.runners.ParentRunner$2.evaluate(ParentRunner.java:229)
	at org.junit.internal.runners.statements.RunBefores.evaluate(RunBefores.java:26)
	at org.springframework.test.context.junit4.statements.RunBeforeTestClassCallbacks.evaluate(RunBeforeTestClassCallbacks.java:61)
	at org.springframework.test.context.junit4.statements.RunAfterTestClassCallbacks.evaluate(RunAfterTestClassCallbacks.java:71)
	at org.junit.runners.ParentRunner.run(ParentRunner.java:309)
	at org.springframework.test.context.junit4.SpringJUnit4ClassRunner.run(SpringJUnit4ClassRunner.java:176)
	at org.gradle.api.internal.tasks.testing.junit.JUnitTestClassExecuter.runTestClass(JUnitTestClassExecuter.java:86)
	at org.gradle.api.internal.tasks.testing.junit.JUnitTestClassExecuter.execute(JUnitTestClassExecuter.java:49)
	at org.gradle.api.internal.tasks.testing.junit.JUnitTestClassProcessor.processTestClass(JUnitTestClassProcessor.java:64)
	at org.gradle.api.internal.tasks.testing.SuiteTestClassProcessor.processTestClass(SuiteTestClassProcessor.java:50)
	at sun.reflect.GeneratedMethodAccessor126.invoke(Unknown Source)
	at sun.reflect.DelegatingMethodAccessorImpl.invoke(DelegatingMethodAccessorImpl.java:43)
	at java.lang.reflect.Method.invoke(Method.java:606)
	at org.gradle.messaging.dispatch.ReflectionDispatch.dispatch(ReflectionDispatch.java:35)
	at org.gradle.messaging.dispatch.ReflectionDispatch.dispatch(ReflectionDispatch.java:24)
	at org.gradle.messaging.dispatch.ContextClassLoaderDispatch.dispatch(ContextClassLoaderDispatch.java:32)
	at org.gradle.messaging.dispatch.ProxyDispatchAdapter$DispatchingInvocationHandler.invoke(ProxyDispatchAdapter.java:93)
	at com.sun.proxy.$Proxy2.processTestClass(Unknown Source)
	at org.gradle.api.internal.tasks.testing.worker.TestWorker.processTestClass(TestWorker.java:106)
	at sun.reflect.GeneratedMethodAccessor125.invoke(Unknown Source)
	at sun.reflect.DelegatingMethodAccessorImpl.invoke(DelegatingMethodAccessorImpl.java:43)
	at java.lang.reflect.Method.invoke(Method.java:606)
	at org.gradle.messaging.dispatch.ReflectionDispatch.dispatch(ReflectionDispatch.java:35)
	at org.gradle.messaging.dispatch.ReflectionDispatch.dispatch(ReflectionDispatch.java:24)
	at org.gradle.messaging.remote.internal.hub.MessageHub$Handler.run(MessageHub.java:360)
	at org.gradle.internal.concurrent.DefaultExecutorFactory$StoppableExecutorImpl$1.run(DefaultExecutorFactory.java:64)
	at java.util.concurrent.ThreadPoolExecutor.runWorker(ThreadPoolExecutor.java:1145)
	at java.util.concurrent.ThreadPoolExecutor$Worker.run(ThreadPoolExecutor.java:615)
	at java.lang.Thread.run(Thread.java:745)
]]></system-err>
</testsuite>
