<?xml version="1.0" encoding="UTF-8"?>
<testsuite name="com.app.server.service.organizationextendedbc.locationextended.AddressExtendedTestCase" tests="10" skipped="0" failures="0" errors="0" timestamp="2016-09-21T09:17:47" hostname="c76164883ac0" time="2.847">
  <properties/>
  <testcase name="test1Save" classname="com.app.server.service.organizationextendedbc.locationextended.AddressExtendedTestCase" time="1.476"/>
  <testcase name="test2Update" classname="com.app.server.service.organizationextendedbc.locationextended.AddressExtendedTestCase" time="0.165"/>
  <testcase name="test3FindById" classname="com.app.server.service.organizationextendedbc.locationextended.AddressExtendedTestCase" time="0.071"/>
  <testcase name="test3findByaddressId" classname="com.app.server.service.organizationextendedbc.locationextended.AddressExtendedTestCase" time="0.055"/>
  <testcase name="test3findBydistrictId" classname="com.app.server.service.organizationextendedbc.locationextended.AddressExtendedTestCase" time="0.036"/>
  <testcase name="test3findByregionId" classname="com.app.server.service.organizationextendedbc.locationextended.AddressExtendedTestCase" time="0.035"/>
  <testcase name="test3findBytalukaId" classname="com.app.server.service.organizationextendedbc.locationextended.AddressExtendedTestCase" time="0.059"/>
  <testcase name="test3findByvillageId" classname="com.app.server.service.organizationextendedbc.locationextended.AddressExtendedTestCase" time="0.032"/>
  <testcase name="test5NegativeTesting" classname="com.app.server.service.organizationextendedbc.locationextended.AddressExtendedTestCase" time="0.016"/>
  <testcase name="test6Delete" classname="com.app.server.service.organizationextendedbc.locationextended.AddressExtendedTestCase" time="0.901"/>
  <system-out><![CDATA[Wed Sep 21 09:17:47 UTC 2016|Log Manager Factory|Initialization Process started.....
Wed Sep 21 09:17:47 UTC 2016|Log Manager|Initialized with Path = [/home/applifire/workspace/testpro/src/main/webapp/WEB-INF/conf]
Wed Sep 21 09:17:47 UTC 2016|Alarm Manager|Initialized with Path = [/home/applifire/workspace/testpro/src/main/webapp/WEB-INF/conf]
Wed Sep 21 09:17:47 UTC 2016|Alarm Manager|Loading Alarms ......
Wed Sep 21 09:17:47 UTC 2016|Alarm XML Parser|FWA|XML Parsing Complete........ 
Wed Sep 21 09:17:47 UTC 2016|Alarm File Manager|FWA|Alarm File Status.. [ApplicationFrameworkAlarms.xml]|Version=15|Status=Done 
Wed Sep 21 09:17:47 UTC 2016|Alarm File Manager|FWA|Alarm Stats = ( BC/AL=5/786 SYS=5/11 [786/0]  TPL=0/0 [0/0]  APP= A.Map=[875]  E.Map EC/RC=[391/79] )
Wed Sep 21 09:17:47 UTC 2016|Alarm XML Parser|APP|XML Parsing Complete........ 
Wed Sep 21 09:17:47 UTC 2016|Alarm File Manager|APP|Alarm File Status.. [ApplicationAlarms.xml]|Version=1|Status=Done 
Wed Sep 21 09:17:47 UTC 2016|Alarm File Manager|APP|Alarm Stats = ( BC/AL=5/786 SYS=5/11 [786/0]  TPL=0/0 [0/0]  APP=0/0 [0/0]  A.Map=[875]  E.Map EC/RC=[391/79] )
Wed Sep 21 09:17:47 UTC 2016|ApplicationAlarmContext| <><><><><> Create App Alarms ....  <><><><><> 
Wed Sep 21 09:17:47 UTC 2016|ApplicationAlarmContext|Alarms are generated ONLY in Development Mode.. 
Wed Sep 21 09:17:47 UTC 2016|Alarm Manager|APP|Alarm Stats = ( BC/AL=5/786 SYS=5/11 [786/0]  TPL=0/0 [0/0]  APP=0/0 [0/0]  A.Map=[875]  E.Map EC/RC=[391/79] )
Wed Sep 21 09:17:47 UTC 2016|Alarm Manager|Initialized Exception Lookup...
Wed Sep 21 09:17:47 UTC 2016|Log Manager|Initialize Log Config File ......
Wed Sep 21 09:17:47 UTC 2016|Pluggable Connectors|Adding Connectors : StandardOutputConnector isEnabled=true isDefault=false isFallBack=true
Wed Sep 21 09:17:47 UTC 2016|Pluggable Connectors|Adding Connectors : StandardFileConnector isEnabled=true isDefault=false isFallBack=false
Wed Sep 21 09:17:47 UTC 2016|Pluggable Connectors|Adding Connectors : Sprinkler isEnabled=true isDefault=true isFallBack=false
Wed Sep 21 09:17:47 UTC 2016|Pluggable Connectors|Default Connector Name : com.spartan.logger.core.LogMessenger
Wed Sep 21 09:17:47 UTC 2016|Log Config Parser|Connector Least Log Level =[4]  FallBack Log Level =[3]
Wed Sep 21 09:17:47 UTC 2016|Log Manager|Loading Default Connector for Logging ......
Wed Sep 21 09:17:47 UTC 2016|Log Manager|Loading class .. com.spartan.logger.core.LogMessenger
Wed Sep 21 09:17:47 UTC 2016|Plugggable Connector|Connector class com.spartan.logger.core.LogMessenger Initialized... @ Log Level = 3
Wed Sep 21 09:17:47 UTC 2016|Log Manager|Starting the Default Connector [com.spartan.logger.core.LogMessenger@7cde345] ....
Wed Sep 21 09:17:47 UTC 2016|Scheduler|Starting the Scheduler ......
Wed Sep 21 09:17:47 UTC 2016|Scheduler|Adding [LMID=[950cd733-ec55-4a91-aacb-ab957b93fa8b]] Delay=5 Time Unit=MINUTES
Wed Sep 21 09:17:47 UTC 2016|Scheduler|Adding [App Alarm Manager File=[ApplicationAlarms.xml]] Delay=30 Time Unit=MINUTES
Wed Sep 21 09:17:47 UTC 2016|Scheduler|Adding [FW Alarm Manager File=[ApplicationFrameworkAlarms.xml]] Delay=3 Time Unit=MINUTES
Wed Sep 21 09:17:47 UTC 2016|Scheduler|Startup Completed..
Wed Sep 21 09:17:47 UTC 2016|Log Manager|Initialization Process Complete ......
Wed Sep 21 09:17:47 UTC 2016|Log Manager Factory|Log Manager READY! ID = 950cd733-ec55-4a91-aacb-ab957b93fa8b
[EL Finer]: connection: 2016-09-21 09:17:47.235--ServerSession(1151842404)--Thread(Thread[Test worker,5,main])--client acquired: 1992133147
[EL Finer]: transaction: 2016-09-21 09:17:47.235--ClientSession(1992133147)--Thread(Thread[Test worker,5,main])--acquire unit of work: 364261252
[EL Finest]: connection: 2016-09-21 09:17:47.236--ServerSession(1151842404)--Connection(1810468414)--Thread(Thread[Test worker,5,main])--Connection acquired from connection pool [default].
[EL Finer]: transaction: 2016-09-21 09:17:47.236--ClientSession(1992133147)--Connection(1810468414)--Thread(Thread[Test worker,5,main])--begin transaction
[EL Finest]: connection: 2016-09-21 09:17:47.236--ClientSession(1992133147)--Thread(Thread[Test worker,5,main])--reconnecting to external connection pool
Wed Sep 21 09:17:47 UTC 2016|Unknown Alarm = ORGLM312100100 Alarm Split = ORG-LM-3-1-2-100-100
[EL Finest]: transaction: 2016-09-21 09:17:47.241--UnitOfWork(364261252)--Thread(Thread[Test worker,5,main])--persist() operation called on: 86ChEdIpiUMPoikckbe43nVCcO9vCanBInSanwv1xbb75WML1Y.
[EL Finest]: sequencing: 2016-09-21 09:17:47.241--UnitOfWork(364261252)--Thread(Thread[Test worker,5,main])--assign sequence to the object (112676CF-8B3D-48D8-B7EB-1ACC558B120B -> 86ChEdIpiUMPoikckbe43nVCcO9vCanBInSanwv1xbb75WML1Y)
[EL Finer]: transaction: 2016-09-21 09:17:47.241--UnitOfWork(364261252)--Thread(Thread[Test worker,5,main])--begin unit of work commit
[EL Finest]: query: 2016-09-21 09:17:47.242--UnitOfWork(364261252)--Thread(Thread[Test worker,5,main])--Execute query InsertObjectQuery(86ChEdIpiUMPoikckbe43nVCcO9vCanBInSanwv1xbb75WML1Y)
[EL Fine]: sql: 2016-09-21 09:17:47.243--ClientSession(1992133147)--Connection(699618925)--Thread(Thread[Test worker,5,main])--INSERT INTO Country (countryId, capital, capitalLatitude, capitalLongitude, countryCode1, countryCode2, countryFlag, countryName, currencyCode, currencyName, currencySymbol, isoNumeric, versionId, createdBy, createdDate, updatedBy, updatedDate, activeStatus, txnAccessCode) VALUES (?, ?, ?, ?, ?, ?, ?, ?, ?, ?, ?, ?, ?, ?, ?, ?, ?, ?, ?)
	bind => [112676CF-8B3D-48D8-B7EB-1ACC558B120B, FRDByvWSlDuundtp0QHayzxozK4dBwWP, 9, 8, RKA, 3rL, d8P9NEAy6IXjACX88JSxD3s99FJBKrqCVcpJ9tBJy3hGNaA4No, 86ChEdIpiUMPoikckbe43nVCcO9vCanBInSanwv1xbb75WML1Y, gvh, kDc0R3425E6EPNGX8rUI1lQBSP9buQja4j4PmUTD4dyleuonHV, vuDNHuUiKtlghVOqAFcksLLc1isvlsaP, 360, 1, AAAAA, 2016-09-21 09:17:47.217, AAAAA, 2016-09-21 09:17:47.217, 1, 51000]
[EL Finer]: transaction: 2016-09-21 09:17:47.245--ClientSession(1992133147)--Connection(699618925)--Thread(Thread[Test worker,5,main])--commit transaction
[EL Finest]: connection: 2016-09-21 09:17:47.28--ServerSession(1151842404)--Connection(1810468414)--Thread(Thread[Test worker,5,main])--Connection released to connection pool [default].
[EL Finer]: transaction: 2016-09-21 09:17:47.28--UnitOfWork(364261252)--Thread(Thread[Test worker,5,main])--end unit of work commit
[EL Finer]: transaction: 2016-09-21 09:17:47.28--UnitOfWork(364261252)--Thread(Thread[Test worker,5,main])--resume unit of work
[EL Finer]: transaction: 2016-09-21 09:17:47.28--UnitOfWork(364261252)--Thread(Thread[Test worker,5,main])--release unit of work
[EL Finer]: connection: 2016-09-21 09:17:47.281--ClientSession(1992133147)--Thread(Thread[Test worker,5,main])--client released
[EL Finer]: connection: 2016-09-21 09:17:47.306--ServerSession(1151842404)--Thread(Thread[Test worker,5,main])--client acquired: 1401766339
[EL Finer]: transaction: 2016-09-21 09:17:47.306--ClientSession(1401766339)--Thread(Thread[Test worker,5,main])--acquire unit of work: 1591251983
[EL Finest]: connection: 2016-09-21 09:17:47.307--ServerSession(1151842404)--Connection(1558222190)--Thread(Thread[Test worker,5,main])--Connection acquired from connection pool [default].
[EL Finer]: transaction: 2016-09-21 09:17:47.307--ClientSession(1401766339)--Connection(1558222190)--Thread(Thread[Test worker,5,main])--begin transaction
[EL Finest]: connection: 2016-09-21 09:17:47.307--ClientSession(1401766339)--Thread(Thread[Test worker,5,main])--reconnecting to external connection pool
Wed Sep 21 09:17:47 UTC 2016|Unknown Alarm = ORGLM312100100 Alarm Split = ORG-LM-3-1-2-100-100
[EL Finest]: transaction: 2016-09-21 09:17:47.311--UnitOfWork(1591251983)--Thread(Thread[Test worker,5,main])--persist() operation called on: qZyMIXuzE6ipHYQ7qvw5Ct28lFakNLqGEdqT6x1Qjjp1MukFBK.
[EL Finest]: sequencing: 2016-09-21 09:17:47.311--UnitOfWork(1591251983)--Thread(Thread[Test worker,5,main])--assign sequence to the object (65DD6DD5-8267-4436-B719-3B31A0776770 -> qZyMIXuzE6ipHYQ7qvw5Ct28lFakNLqGEdqT6x1Qjjp1MukFBK)
[EL Finer]: transaction: 2016-09-21 09:17:47.311--UnitOfWork(1591251983)--Thread(Thread[Test worker,5,main])--begin unit of work commit
[EL Finest]: query: 2016-09-21 09:17:47.312--UnitOfWork(1591251983)--Thread(Thread[Test worker,5,main])--Execute query InsertObjectQuery(qZyMIXuzE6ipHYQ7qvw5Ct28lFakNLqGEdqT6x1Qjjp1MukFBK)
[EL Fine]: sql: 2016-09-21 09:17:47.312--ClientSession(1401766339)--Connection(1239016362)--Thread(Thread[Test worker,5,main])--INSERT INTO State (stateId, countryId, stateCapital, stateCapitalLatitude, stateCapitalLongitude, stateCode, stateCodeChar2, stateCodeChar3, stateDescription, stateFlag, stateName, versionId, createdBy, createdDate, updatedBy, updatedDate, activeStatus, txnAccessCode) VALUES (?, ?, ?, ?, ?, ?, ?, ?, ?, ?, ?, ?, ?, ?, ?, ?, ?, ?)
	bind => [65DD6DD5-8267-4436-B719-3B31A0776770, 112676CF-8B3D-48D8-B7EB-1ACC558B120B, EEPWO5X7vhO5ypwHhbPuBSrSBw4yWjKJxS3Ix2zZyMzKGFv98d, 5, 2, 1, goelhxLVjvZuAg4XWRGAxS42jAgGB2OJ, KugD3yGB7eS4bRUWksqr57D81RrneQQl, YmNizGSxSCnE8t428iSNHZhfOfJkHQED3kzN7ulyEM7hpvFpMi, eNdeXha1dUTcTq0QpJchoc2qpVXoQnqyxXeu9BScPfWcZ8CG3w, qZyMIXuzE6ipHYQ7qvw5Ct28lFakNLqGEdqT6x1Qjjp1MukFBK, 1, AAAAA, 2016-09-21 09:17:47.217, AAAAA, 2016-09-21 09:17:47.217, 1, 51000]
[EL Finer]: transaction: 2016-09-21 09:17:47.314--ClientSession(1401766339)--Connection(1239016362)--Thread(Thread[Test worker,5,main])--commit transaction
[EL Finest]: connection: 2016-09-21 09:17:47.371--ServerSession(1151842404)--Connection(1558222190)--Thread(Thread[Test worker,5,main])--Connection released to connection pool [default].
[EL Finer]: transaction: 2016-09-21 09:17:47.371--UnitOfWork(1591251983)--Thread(Thread[Test worker,5,main])--end unit of work commit
[EL Finer]: transaction: 2016-09-21 09:17:47.371--UnitOfWork(1591251983)--Thread(Thread[Test worker,5,main])--resume unit of work
[EL Finer]: transaction: 2016-09-21 09:17:47.372--UnitOfWork(1591251983)--Thread(Thread[Test worker,5,main])--release unit of work
[EL Finer]: connection: 2016-09-21 09:17:47.372--ClientSession(1401766339)--Thread(Thread[Test worker,5,main])--client released
[EL Finer]: connection: 2016-09-21 09:17:47.393--ServerSession(1151842404)--Thread(Thread[Test worker,5,main])--client acquired: 1010843406
[EL Finer]: transaction: 2016-09-21 09:17:47.393--ClientSession(1010843406)--Thread(Thread[Test worker,5,main])--acquire unit of work: 501993225
[EL Finest]: connection: 2016-09-21 09:17:47.393--ServerSession(1151842404)--Connection(1684367159)--Thread(Thread[Test worker,5,main])--Connection acquired from connection pool [default].
[EL Finer]: transaction: 2016-09-21 09:17:47.393--ClientSession(1010843406)--Connection(1684367159)--Thread(Thread[Test worker,5,main])--begin transaction
[EL Finest]: connection: 2016-09-21 09:17:47.393--ClientSession(1010843406)--Thread(Thread[Test worker,5,main])--reconnecting to external connection pool
Wed Sep 21 09:17:47 UTC 2016|Unknown Alarm = OEBLE312100100 Alarm Split = OEB-LE-3-1-2-100-100
[EL Finest]: transaction: 2016-09-21 09:17:47.399--UnitOfWork(501993225)--Thread(Thread[Test worker,5,main])--persist() operation called on: tbkIc3XcDSG6SknBt0yfx927xUZ3cb6g3JtFUMDQN3OxgqXkKY,1,rYWuWnQYvZ77IPzLulZwCsjsSL7RnniD.
[EL Finest]: sequencing: 2016-09-21 09:17:47.399--UnitOfWork(501993225)--Thread(Thread[Test worker,5,main])--assign sequence to the object (2111B8DF-8C21-4E48-A582-2108C1DED5D0 -> tbkIc3XcDSG6SknBt0yfx927xUZ3cb6g3JtFUMDQN3OxgqXkKY,1,rYWuWnQYvZ77IPzLulZwCsjsSL7RnniD)
Wed Sep 21 09:17:47 UTC 2016|Unknown Alarm = OEBLE322100200 Alarm Split = OEB-LE-3-2-2-100-200
Wed Sep 21 09:17:47 UTC 2016|Unknown Alarm = OEBLE317100100 Alarm Split = OEB-LE-3-1-7-100-100
[EL Finer]: transaction: 2016-09-21 09:17:47.399--UnitOfWork(501993225)--Thread(Thread[Test worker,5,main])--begin unit of work commit
[EL Finest]: query: 2016-09-21 09:17:47.4--UnitOfWork(501993225)--Thread(Thread[Test worker,5,main])--Execute query InsertObjectQuery(tbkIc3XcDSG6SknBt0yfx927xUZ3cb6g3JtFUMDQN3OxgqXkKY,1,rYWuWnQYvZ77IPzLulZwCsjsSL7RnniD)
[EL Fine]: sql: 2016-09-21 09:17:47.4--ClientSession(1010843406)--Connection(1035477642)--Thread(Thread[Test worker,5,main])--INSERT INTO Region (regionId, countryId, regionCode1, regionCodeChar2, regionDescription, regionFlag, regionLatitude, regionLongitude, regionName, stateId, versionId, createdBy, createdDate, updatedBy, updatedDate, activeStatus, txnAccessCode) VALUES (?, ?, ?, ?, ?, ?, ?, ?, ?, ?, ?, ?, ?, ?, ?, ?, ?)
	bind => [2111B8DF-8C21-4E48-A582-2108C1DED5D0, 112676CF-8B3D-48D8-B7EB-1ACC558B120B, 1, rYWuWnQYvZ77IPzLulZwCsjsSL7RnniD, 1hvQ3eoFFjixVAxXVBEekLTZmnwPYpokdo232KnzgZfjZwutEF, FFXq12fFCkLajfbBMiAeSDA1OaA2mXe8OWePoXehYZI1kaUc94, 2, 11, tbkIc3XcDSG6SknBt0yfx927xUZ3cb6g3JtFUMDQN3OxgqXkKY, 65DD6DD5-8267-4436-B719-3B31A0776770, 1, AAAAA, 2016-09-21 09:17:47.217, AAAAA, 2016-09-21 09:17:47.217, 1, 51000]
[EL Finer]: transaction: 2016-09-21 09:17:47.402--ClientSession(1010843406)--Connection(1035477642)--Thread(Thread[Test worker,5,main])--commit transaction
[EL Finest]: connection: 2016-09-21 09:17:47.494--ServerSession(1151842404)--Connection(1684367159)--Thread(Thread[Test worker,5,main])--Connection released to connection pool [default].
[EL Finer]: transaction: 2016-09-21 09:17:47.494--UnitOfWork(501993225)--Thread(Thread[Test worker,5,main])--end unit of work commit
[EL Finer]: transaction: 2016-09-21 09:17:47.494--UnitOfWork(501993225)--Thread(Thread[Test worker,5,main])--resume unit of work
[EL Finer]: transaction: 2016-09-21 09:17:47.495--UnitOfWork(501993225)--Thread(Thread[Test worker,5,main])--release unit of work
[EL Finer]: connection: 2016-09-21 09:17:47.495--ClientSession(1010843406)--Thread(Thread[Test worker,5,main])--client released
[EL Finer]: connection: 2016-09-21 09:17:47.514--ServerSession(1151842404)--Thread(Thread[Test worker,5,main])--client acquired: 2047087997
[EL Finer]: transaction: 2016-09-21 09:17:47.514--ClientSession(2047087997)--Thread(Thread[Test worker,5,main])--acquire unit of work: 572456992
[EL Finest]: connection: 2016-09-21 09:17:47.514--ServerSession(1151842404)--Connection(557925984)--Thread(Thread[Test worker,5,main])--Connection acquired from connection pool [default].
[EL Finer]: transaction: 2016-09-21 09:17:47.514--ClientSession(2047087997)--Connection(557925984)--Thread(Thread[Test worker,5,main])--begin transaction
[EL Finest]: connection: 2016-09-21 09:17:47.514--ClientSession(2047087997)--Thread(Thread[Test worker,5,main])--reconnecting to external connection pool
Wed Sep 21 09:17:47 UTC 2016|Unknown Alarm = OEBLE312100100 Alarm Split = OEB-LE-3-1-2-100-100
[EL Finest]: transaction: 2016-09-21 09:17:47.518--UnitOfWork(572456992)--Thread(Thread[Test worker,5,main])--persist() operation called on: 7fbPGJL8qBbqQVumIFYmKWMCK0s2mnZAu1qKKnoccYCSahrPLl,C5WR0Ft2CFR5rSzf7PIrpVrToCdq30g5.
[EL Finest]: sequencing: 2016-09-21 09:17:47.519--UnitOfWork(572456992)--Thread(Thread[Test worker,5,main])--assign sequence to the object (2B917099-4883-499F-B628-13B9CB3E11B5 -> 7fbPGJL8qBbqQVumIFYmKWMCK0s2mnZAu1qKKnoccYCSahrPLl,C5WR0Ft2CFR5rSzf7PIrpVrToCdq30g5)
Wed Sep 21 09:17:47 UTC 2016|Unknown Alarm = OEBLE322100200 Alarm Split = OEB-LE-3-2-2-100-200
Wed Sep 21 09:17:47 UTC 2016|Unknown Alarm = OEBLE317100100 Alarm Split = OEB-LE-3-1-7-100-100
[EL Finer]: transaction: 2016-09-21 09:17:47.519--UnitOfWork(572456992)--Thread(Thread[Test worker,5,main])--begin unit of work commit
[EL Finest]: query: 2016-09-21 09:17:47.519--UnitOfWork(572456992)--Thread(Thread[Test worker,5,main])--Execute query InsertObjectQuery(7fbPGJL8qBbqQVumIFYmKWMCK0s2mnZAu1qKKnoccYCSahrPLl,C5WR0Ft2CFR5rSzf7PIrpVrToCdq30g5)
[EL Fine]: sql: 2016-09-21 09:17:47.52--ClientSession(2047087997)--Connection(726849363)--Thread(Thread[Test worker,5,main])--INSERT INTO District (districtId, code2, countryId, districtDescription, districtFlag, districtLatitude, districtLongitude, Name, regionId, stateId, versionId, createdBy, createdDate, updatedBy, updatedDate, activeStatus, txnAccessCode) VALUES (?, ?, ?, ?, ?, ?, ?, ?, ?, ?, ?, ?, ?, ?, ?, ?, ?)
	bind => [2B917099-4883-499F-B628-13B9CB3E11B5, C5WR0Ft2CFR5rSzf7PIrpVrToCdq30g5, 112676CF-8B3D-48D8-B7EB-1ACC558B120B, qB95jBYf9DLdEKAYbJEz9gzb7dZLn8vInCtbzgjedX8SdOeAC0, XUebpEFHSAOeWKftfnhEjuYisXCvFl2J9JbNg9KhEPwLQTmOYZ, 9, 4, 7fbPGJL8qBbqQVumIFYmKWMCK0s2mnZAu1qKKnoccYCSahrPLl, 2111B8DF-8C21-4E48-A582-2108C1DED5D0, 65DD6DD5-8267-4436-B719-3B31A0776770, 1, AAAAA, 2016-09-21 09:17:47.217, AAAAA, 2016-09-21 09:17:47.217, 1, 51000]
[EL Finer]: transaction: 2016-09-21 09:17:47.525--ClientSession(2047087997)--Connection(726849363)--Thread(Thread[Test worker,5,main])--commit transaction
[EL Finest]: connection: 2016-09-21 09:17:47.627--ServerSession(1151842404)--Connection(557925984)--Thread(Thread[Test worker,5,main])--Connection released to connection pool [default].
[EL Finer]: transaction: 2016-09-21 09:17:47.627--UnitOfWork(572456992)--Thread(Thread[Test worker,5,main])--end unit of work commit
[EL Finer]: transaction: 2016-09-21 09:17:47.627--UnitOfWork(572456992)--Thread(Thread[Test worker,5,main])--resume unit of work
[EL Finer]: transaction: 2016-09-21 09:17:47.628--UnitOfWork(572456992)--Thread(Thread[Test worker,5,main])--release unit of work
[EL Finer]: connection: 2016-09-21 09:17:47.628--ClientSession(2047087997)--Thread(Thread[Test worker,5,main])--client released
[EL Finer]: connection: 2016-09-21 09:17:47.718--ServerSession(1151842404)--Thread(Thread[Test worker,5,main])--client acquired: 1280096131
[EL Finer]: transaction: 2016-09-21 09:17:47.718--ClientSession(1280096131)--Thread(Thread[Test worker,5,main])--acquire unit of work: 1084498071
[EL Finest]: connection: 2016-09-21 09:17:47.718--ServerSession(1151842404)--Connection(1465367208)--Thread(Thread[Test worker,5,main])--Connection acquired from connection pool [default].
[EL Finer]: transaction: 2016-09-21 09:17:47.718--ClientSession(1280096131)--Connection(1465367208)--Thread(Thread[Test worker,5,main])--begin transaction
[EL Finest]: connection: 2016-09-21 09:17:47.718--ClientSession(1280096131)--Thread(Thread[Test worker,5,main])--reconnecting to external connection pool
Wed Sep 21 09:17:47 UTC 2016|Unknown Alarm = ORGLM312100100 Alarm Split = ORG-LM-3-1-2-100-100
[EL Finest]: transaction: 2016-09-21 09:17:47.725--UnitOfWork(1084498071)--Thread(Thread[Test worker,5,main])--persist() operation called on: qS4K0IwU4jZ4bFnf9PGNtHGy22CsDwrxPVBoPQyA4YZYyKqzif.
[EL Finest]: sequencing: 2016-09-21 09:17:47.726--UnitOfWork(1084498071)--Thread(Thread[Test worker,5,main])--assign sequence to the object (869E2D75-14DD-4337-9525-77F4EF984783 -> qS4K0IwU4jZ4bFnf9PGNtHGy22CsDwrxPVBoPQyA4YZYyKqzif)
[EL Finer]: transaction: 2016-09-21 09:17:47.727--UnitOfWork(1084498071)--Thread(Thread[Test worker,5,main])--begin unit of work commit
[EL Finest]: query: 2016-09-21 09:17:47.727--UnitOfWork(1084498071)--Thread(Thread[Test worker,5,main])--Execute query InsertObjectQuery(qS4K0IwU4jZ4bFnf9PGNtHGy22CsDwrxPVBoPQyA4YZYyKqzif)
[EL Fine]: sql: 2016-09-21 09:17:47.727--ClientSession(1280096131)--Connection(168134197)--Thread(Thread[Test worker,5,main])--INSERT INTO AddressType (addressTypeId, addressType, addressTypeDesc, addressTypeIcon, versionId, createdBy, createdDate, updatedBy, updatedDate, activeStatus, txnAccessCode) VALUES (?, ?, ?, ?, ?, ?, ?, ?, ?, ?, ?)
	bind => [869E2D75-14DD-4337-9525-77F4EF984783, qS4K0IwU4jZ4bFnf9PGNtHGy22CsDwrxPVBoPQyA4YZYyKqzif, Sm44AtguTnkKPeTFVgxK5hSOAV7hrAzjG23yoo8ns7kTSuOjlw, mMSdIUWB7ieICqxnFo7M1bsrnHbCJ1kJbEZAfLKw72ejHFMUjd, 1, AAAAA, 2016-09-21 09:17:47.628, AAAAA, 2016-09-21 09:17:47.628, 1, 51000]
[EL Finer]: transaction: 2016-09-21 09:17:47.729--ClientSession(1280096131)--Connection(168134197)--Thread(Thread[Test worker,5,main])--commit transaction
[EL Finest]: connection: 2016-09-21 09:17:47.785--ServerSession(1151842404)--Connection(1465367208)--Thread(Thread[Test worker,5,main])--Connection released to connection pool [default].
[EL Finer]: transaction: 2016-09-21 09:17:47.785--UnitOfWork(1084498071)--Thread(Thread[Test worker,5,main])--end unit of work commit
[EL Finer]: transaction: 2016-09-21 09:17:47.785--UnitOfWork(1084498071)--Thread(Thread[Test worker,5,main])--resume unit of work
[EL Finer]: transaction: 2016-09-21 09:17:47.786--UnitOfWork(1084498071)--Thread(Thread[Test worker,5,main])--release unit of work
[EL Finer]: connection: 2016-09-21 09:17:47.786--ClientSession(1280096131)--Thread(Thread[Test worker,5,main])--client released
[EL Finer]: connection: 2016-09-21 09:17:47.892--ServerSession(1151842404)--Thread(Thread[Test worker,5,main])--client acquired: 1104330527
[EL Finer]: transaction: 2016-09-21 09:17:47.892--ClientSession(1104330527)--Thread(Thread[Test worker,5,main])--acquire unit of work: 1929489915
[EL Finest]: connection: 2016-09-21 09:17:47.892--ServerSession(1151842404)--Connection(1933931705)--Thread(Thread[Test worker,5,main])--Connection acquired from connection pool [default].
[EL Finer]: transaction: 2016-09-21 09:17:47.892--ClientSession(1104330527)--Connection(1933931705)--Thread(Thread[Test worker,5,main])--begin transaction
[EL Finest]: connection: 2016-09-21 09:17:47.892--ClientSession(1104330527)--Thread(Thread[Test worker,5,main])--reconnecting to external connection pool
Wed Sep 21 09:17:47 UTC 2016|Unknown Alarm = ORGLM312100100 Alarm Split = ORG-LM-3-1-2-100-100
[EL Finest]: transaction: 2016-09-21 09:17:47.901--UnitOfWork(1929489915)--Thread(Thread[Test worker,5,main])--persist() operation called on: F1uUgQXIkrEanb7qV0SEqjBfZe3gY8DWKpnbyhiR88PsHuJbby,BMC6ECcWbrW1nQUVsV4PyDn792AEHc7Y,1.
[EL Finest]: sequencing: 2016-09-21 09:17:47.901--UnitOfWork(1929489915)--Thread(Thread[Test worker,5,main])--assign sequence to the object (FC259449-ED25-4DEE-BC31-5538A5D97FDC -> F1uUgQXIkrEanb7qV0SEqjBfZe3gY8DWKpnbyhiR88PsHuJbby,BMC6ECcWbrW1nQUVsV4PyDn792AEHc7Y,1)
[EL Finer]: transaction: 2016-09-21 09:17:47.902--UnitOfWork(1929489915)--Thread(Thread[Test worker,5,main])--begin unit of work commit
[EL Finest]: query: 2016-09-21 09:17:47.902--UnitOfWork(1929489915)--Thread(Thread[Test worker,5,main])--Execute query InsertObjectQuery(F1uUgQXIkrEanb7qV0SEqjBfZe3gY8DWKpnbyhiR88PsHuJbby,BMC6ECcWbrW1nQUVsV4PyDn792AEHc7Y,1)
[EL Fine]: sql: 2016-09-21 09:17:47.903--ClientSession(1104330527)--Connection(852063401)--Thread(Thread[Test worker,5,main])--INSERT INTO City (cityId, cityCode, cityCodeChar2, cityDescription, cityFlag, cityLatitude, cityLongitude, cityName, countryId, stateId, versionId, createdBy, createdDate, updatedBy, updatedDate, activeStatus, txnAccessCode) VALUES (?, ?, ?, ?, ?, ?, ?, ?, ?, ?, ?, ?, ?, ?, ?, ?, ?)
	bind => [FC259449-ED25-4DEE-BC31-5538A5D97FDC, 1, BMC6ECcWbrW1nQUVsV4PyDn792AEHc7Y, pGpQs2SI8b34NBxTc3Vtk8VufszTDUyT3gufxO4hLBAqD8l8Ro, zMZC6VPsuX8VoH6oJ4QHdtJ7Vmtd5AOuOmLzTvNI2AuWcV5bKb, 5, 10, F1uUgQXIkrEanb7qV0SEqjBfZe3gY8DWKpnbyhiR88PsHuJbby, 112676CF-8B3D-48D8-B7EB-1ACC558B120B, 65DD6DD5-8267-4436-B719-3B31A0776770, 1, AAAAA, 2016-09-21 09:17:47.786, AAAAA, 2016-09-21 09:17:47.786, 1, 51000]
[EL Finer]: transaction: 2016-09-21 09:17:47.904--ClientSession(1104330527)--Connection(852063401)--Thread(Thread[Test worker,5,main])--commit transaction
[EL Finest]: connection: 2016-09-21 09:17:47.96--ServerSession(1151842404)--Connection(1933931705)--Thread(Thread[Test worker,5,main])--Connection released to connection pool [default].
[EL Finer]: transaction: 2016-09-21 09:17:47.96--UnitOfWork(1929489915)--Thread(Thread[Test worker,5,main])--end unit of work commit
[EL Finer]: transaction: 2016-09-21 09:17:47.961--UnitOfWork(1929489915)--Thread(Thread[Test worker,5,main])--resume unit of work
[EL Finer]: transaction: 2016-09-21 09:17:47.961--UnitOfWork(1929489915)--Thread(Thread[Test worker,5,main])--release unit of work
[EL Finer]: connection: 2016-09-21 09:17:47.962--ClientSession(1104330527)--Thread(Thread[Test worker,5,main])--client released
[EL Finer]: connection: 2016-09-21 09:17:48.13--ServerSession(1151842404)--Thread(Thread[Test worker,5,main])--client acquired: 906564982
[EL Finer]: transaction: 2016-09-21 09:17:48.131--ClientSession(906564982)--Thread(Thread[Test worker,5,main])--acquire unit of work: 241177009
[EL Finest]: connection: 2016-09-21 09:17:48.131--ServerSession(1151842404)--Connection(1160348374)--Thread(Thread[Test worker,5,main])--Connection acquired from connection pool [default].
[EL Finer]: transaction: 2016-09-21 09:17:48.131--ClientSession(906564982)--Connection(1160348374)--Thread(Thread[Test worker,5,main])--begin transaction
[EL Finest]: connection: 2016-09-21 09:17:48.131--ClientSession(906564982)--Thread(Thread[Test worker,5,main])--reconnecting to external connection pool
Wed Sep 21 09:17:48 UTC 2016|Unknown Alarm = ORGLM312100100 Alarm Split = ORG-LM-3-1-2-100-100
[EL Finest]: transaction: 2016-09-21 09:17:48.152--UnitOfWork(241177009)--Thread(Thread[Test worker,5,main])--persist() operation called on: GoRvTE.
[EL Finest]: sequencing: 2016-09-21 09:17:48.152--UnitOfWork(241177009)--Thread(Thread[Test worker,5,main])--assign sequence to the object (9633D30E-D8AA-46F1-BAE3-52DC33AE6BF7 -> GoRvTE)
[EL Finer]: transaction: 2016-09-21 09:17:48.153--UnitOfWork(241177009)--Thread(Thread[Test worker,5,main])--begin unit of work commit
[EL Finest]: query: 2016-09-21 09:17:48.153--UnitOfWork(241177009)--Thread(Thread[Test worker,5,main])--Execute query InsertObjectQuery(GoRvTE)
[EL Fine]: sql: 2016-09-21 09:17:48.154--ClientSession(906564982)--Connection(1648597687)--Thread(Thread[Test worker,5,main])--INSERT INTO Address (addressId, address1, address2, address3, addressLabel, addressTypeId, cityId, countryId, latitude, longitude, stateId, versionId, zipcode, createdBy, createdDate, updatedBy, updatedDate, activeStatus, txnAccessCode, multiTenantId) VALUES (?, ?, ?, ?, ?, ?, ?, ?, ?, ?, ?, ?, ?, ?, ?, ?, ?, ?, ?, ?)
	bind => [9633D30E-D8AA-46F1-BAE3-52DC33AE6BF7, 0mvqm1B3dxOVK2RuVyR6GTPwD7rrMexn1CfrAG3nzJkvbNPJD1, D9WJfUgLzhZqQN4YPm768rUjKeTji6bOLAlamXCXaNbOLsDmx9, SWPTIryPyRLnf1IMt4Ebqf7SOrUVZ2VVf9O7yrbOd9xzxlpGZx, CGBBAtov95s, 869E2D75-14DD-4337-9525-77F4EF984783, FC259449-ED25-4DEE-BC31-5538A5D97FDC, 112676CF-8B3D-48D8-B7EB-1ACC558B120B, VNEP3So2zWex8TVuUuQ9B27bcdaYW3jvafSDPmNwxKWgWvRoBV, 1BbjzrB8Fmf10mGDQoawKZNYTc1ZOftetKvXjwwNkzO16N1u36, 65DD6DD5-8267-4436-B719-3B31A0776770, 1, GoRvTE, AAAAA, 2016-09-21 09:17:47.628, AAAAA, 2016-09-21 09:17:47.628, 1, 51000, appCreateValue]
[EL Finer]: transaction: 2016-09-21 09:17:48.156--ClientSession(906564982)--Connection(1648597687)--Thread(Thread[Test worker,5,main])--commit transaction
[EL Finest]: connection: 2016-09-21 09:17:48.316--ServerSession(1151842404)--Connection(1160348374)--Thread(Thread[Test worker,5,main])--Connection released to connection pool [default].
[EL Finer]: transaction: 2016-09-21 09:17:48.316--UnitOfWork(241177009)--Thread(Thread[Test worker,5,main])--end unit of work commit
[EL Finer]: transaction: 2016-09-21 09:17:48.316--UnitOfWork(241177009)--Thread(Thread[Test worker,5,main])--resume unit of work
[EL Finer]: transaction: 2016-09-21 09:17:48.317--UnitOfWork(241177009)--Thread(Thread[Test worker,5,main])--release unit of work
[EL Finer]: connection: 2016-09-21 09:17:48.317--ClientSession(906564982)--Thread(Thread[Test worker,5,main])--client released
[EL Finer]: connection: 2016-09-21 09:17:48.349--ServerSession(1151842404)--Thread(Thread[Test worker,5,main])--client acquired: 274645488
[EL Finer]: transaction: 2016-09-21 09:17:48.349--ClientSession(274645488)--Thread(Thread[Test worker,5,main])--acquire unit of work: 1024359413
[EL Finest]: connection: 2016-09-21 09:17:48.349--ServerSession(1151842404)--Connection(32256292)--Thread(Thread[Test worker,5,main])--Connection acquired from connection pool [default].
[EL Finer]: transaction: 2016-09-21 09:17:48.349--ClientSession(274645488)--Connection(32256292)--Thread(Thread[Test worker,5,main])--begin transaction
[EL Finest]: connection: 2016-09-21 09:17:48.35--ClientSession(274645488)--Thread(Thread[Test worker,5,main])--reconnecting to external connection pool
Wed Sep 21 09:17:48 UTC 2016|Unknown Alarm = OEBLE312100100 Alarm Split = OEB-LE-3-1-2-100-100
[EL Finest]: transaction: 2016-09-21 09:17:48.357--UnitOfWork(1024359413)--Thread(Thread[Test worker,5,main])--persist() operation called on: fpyfmfXdk6zSbtc67XTAAWdj4TLkpY7dc1WtyfnGvsvmOjW0Lz,C2dqd8XZLxOJcrbP7cVyUTCfB5HGn7zi.
[EL Finest]: sequencing: 2016-09-21 09:17:48.358--UnitOfWork(1024359413)--Thread(Thread[Test worker,5,main])--assign sequence to the object (2692FB3A-B94B-4D56-82B1-B10E27B1E262 -> fpyfmfXdk6zSbtc67XTAAWdj4TLkpY7dc1WtyfnGvsvmOjW0Lz,C2dqd8XZLxOJcrbP7cVyUTCfB5HGn7zi)
Wed Sep 21 09:17:48 UTC 2016|Unknown Alarm = OEBLE322100200 Alarm Split = OEB-LE-3-2-2-100-200
Wed Sep 21 09:17:48 UTC 2016|Unknown Alarm = OEBLE317100100 Alarm Split = OEB-LE-3-1-7-100-100
[EL Finer]: transaction: 2016-09-21 09:17:48.358--UnitOfWork(1024359413)--Thread(Thread[Test worker,5,main])--begin unit of work commit
[EL Finest]: query: 2016-09-21 09:17:48.359--UnitOfWork(1024359413)--Thread(Thread[Test worker,5,main])--Execute query InsertObjectQuery(fpyfmfXdk6zSbtc67XTAAWdj4TLkpY7dc1WtyfnGvsvmOjW0Lz,C2dqd8XZLxOJcrbP7cVyUTCfB5HGn7zi)
[EL Fine]: sql: 2016-09-21 09:17:48.359--ClientSession(274645488)--Connection(237927526)--Thread(Thread[Test worker,5,main])--INSERT INTO Taluka (talukaId, countryId, districtId, regionId, stateId, talukaCode, talukaDescription, talukaFlag, talukaLatitude, talukaLongitude, talukaName, versionId, createdBy, createdDate, updatedBy, updatedDate, activeStatus, txnAccessCode) VALUES (?, ?, ?, ?, ?, ?, ?, ?, ?, ?, ?, ?, ?, ?, ?, ?, ?, ?)
	bind => [2692FB3A-B94B-4D56-82B1-B10E27B1E262, 112676CF-8B3D-48D8-B7EB-1ACC558B120B, 2B917099-4883-499F-B628-13B9CB3E11B5, 2111B8DF-8C21-4E48-A582-2108C1DED5D0, 65DD6DD5-8267-4436-B719-3B31A0776770, C2dqd8XZLxOJcrbP7cVyUTCfB5HGn7zi, lqlyi1a3jPH8TNFbSlulWlIpqJBYG5MXhsFIogGQZZVwfqQghS, 2EagHDfTOzgspc8YULaBJ9DHJDdwu43PFWc1LDd0djSOpPyq8o, 11, 9, fpyfmfXdk6zSbtc67XTAAWdj4TLkpY7dc1WtyfnGvsvmOjW0Lz, 1, AAAAA, 2016-09-21 09:17:48.317, AAAAA, 2016-09-21 09:17:48.317, 1, 51000]
[EL Finer]: transaction: 2016-09-21 09:17:48.362--ClientSession(274645488)--Connection(237927526)--Thread(Thread[Test worker,5,main])--commit transaction
[EL Finest]: connection: 2016-09-21 09:17:48.39--ServerSession(1151842404)--Connection(32256292)--Thread(Thread[Test worker,5,main])--Connection released to connection pool [default].
[EL Finer]: transaction: 2016-09-21 09:17:48.391--UnitOfWork(1024359413)--Thread(Thread[Test worker,5,main])--end unit of work commit
[EL Finer]: transaction: 2016-09-21 09:17:48.391--UnitOfWork(1024359413)--Thread(Thread[Test worker,5,main])--resume unit of work
[EL Finer]: transaction: 2016-09-21 09:17:48.391--UnitOfWork(1024359413)--Thread(Thread[Test worker,5,main])--release unit of work
[EL Finer]: connection: 2016-09-21 09:17:48.391--ClientSession(274645488)--Thread(Thread[Test worker,5,main])--client released
[EL Finer]: connection: 2016-09-21 09:17:48.411--ServerSession(1151842404)--Thread(Thread[Test worker,5,main])--client acquired: 1069480273
[EL Finer]: transaction: 2016-09-21 09:17:48.412--ClientSession(1069480273)--Thread(Thread[Test worker,5,main])--acquire unit of work: 316822921
[EL Finest]: connection: 2016-09-21 09:17:48.412--ServerSession(1151842404)--Connection(1230872334)--Thread(Thread[Test worker,5,main])--Connection acquired from connection pool [default].
[EL Finer]: transaction: 2016-09-21 09:17:48.412--ClientSession(1069480273)--Connection(1230872334)--Thread(Thread[Test worker,5,main])--begin transaction
[EL Finest]: connection: 2016-09-21 09:17:48.412--ClientSession(1069480273)--Thread(Thread[Test worker,5,main])--reconnecting to external connection pool
Wed Sep 21 09:17:48 UTC 2016|Unknown Alarm = OEBLE312100100 Alarm Split = OEB-LE-3-1-2-100-100
[EL Finest]: transaction: 2016-09-21 09:17:48.417--UnitOfWork(316822921)--Thread(Thread[Test worker,5,main])--persist() operation called on: 9wZdAkBVV2uELG4UiEErjaLc2hPFUuGffnFwPO02ICnZXKat9e,EkW8s9hfBSitQnEjYLWogMVyNvlv5yoO.
[EL Finest]: sequencing: 2016-09-21 09:17:48.417--UnitOfWork(316822921)--Thread(Thread[Test worker,5,main])--assign sequence to the object (E15B811A-D1FA-45C0-8276-92AA4E1371A0 -> 9wZdAkBVV2uELG4UiEErjaLc2hPFUuGffnFwPO02ICnZXKat9e,EkW8s9hfBSitQnEjYLWogMVyNvlv5yoO)
Wed Sep 21 09:17:48 UTC 2016|Unknown Alarm = OEBLE322100200 Alarm Split = OEB-LE-3-2-2-100-200
Wed Sep 21 09:17:48 UTC 2016|Unknown Alarm = OEBLE317100100 Alarm Split = OEB-LE-3-1-7-100-100
[EL Finer]: transaction: 2016-09-21 09:17:48.417--UnitOfWork(316822921)--Thread(Thread[Test worker,5,main])--begin unit of work commit
[EL Finest]: query: 2016-09-21 09:17:48.418--UnitOfWork(316822921)--Thread(Thread[Test worker,5,main])--Execute query InsertObjectQuery(9wZdAkBVV2uELG4UiEErjaLc2hPFUuGffnFwPO02ICnZXKat9e,EkW8s9hfBSitQnEjYLWogMVyNvlv5yoO)
[EL Fine]: sql: 2016-09-21 09:17:48.418--ClientSession(1069480273)--Connection(1088153449)--Thread(Thread[Test worker,5,main])--INSERT INTO Village (villageId, countryId, districtId, regionId, stateId, talukaaId, versionId, villageCode, villageDescription, villageFlag, villageLatitude, villageLongtitude, villageName, createdBy, createdDate, updatedBy, updatedDate, activeStatus, txnAccessCode) VALUES (?, ?, ?, ?, ?, ?, ?, ?, ?, ?, ?, ?, ?, ?, ?, ?, ?, ?, ?)
	bind => [E15B811A-D1FA-45C0-8276-92AA4E1371A0, 112676CF-8B3D-48D8-B7EB-1ACC558B120B, 2B917099-4883-499F-B628-13B9CB3E11B5, 2111B8DF-8C21-4E48-A582-2108C1DED5D0, 65DD6DD5-8267-4436-B719-3B31A0776770, 2692FB3A-B94B-4D56-82B1-B10E27B1E262, 1, EkW8s9hfBSitQnEjYLWogMVyNvlv5yoO, lbIISyi44w3huFbIerOuElOFdssRMB7gyk5koIIADf6r6arbJv, cFrCPk1PCXNZUUmM17MPyrsq5oh4u5WhVnHGi9bD3BLvaXAVWU, qNrdYb1KRfc, 11, 9wZdAkBVV2uELG4UiEErjaLc2hPFUuGffnFwPO02ICnZXKat9e, AAAAA, 2016-09-21 09:17:48.317, AAAAA, 2016-09-21 09:17:48.317, 1, 51000]
[EL Finer]: transaction: 2016-09-21 09:17:48.42--ClientSession(1069480273)--Connection(1088153449)--Thread(Thread[Test worker,5,main])--commit transaction
[EL Finest]: connection: 2016-09-21 09:17:48.474--ServerSession(1151842404)--Connection(1230872334)--Thread(Thread[Test worker,5,main])--Connection released to connection pool [default].
[EL Finer]: transaction: 2016-09-21 09:17:48.474--UnitOfWork(316822921)--Thread(Thread[Test worker,5,main])--end unit of work commit
[EL Finer]: transaction: 2016-09-21 09:17:48.474--UnitOfWork(316822921)--Thread(Thread[Test worker,5,main])--resume unit of work
[EL Finer]: transaction: 2016-09-21 09:17:48.474--UnitOfWork(316822921)--Thread(Thread[Test worker,5,main])--release unit of work
[EL Finer]: connection: 2016-09-21 09:17:48.474--ClientSession(1069480273)--Thread(Thread[Test worker,5,main])--client released
[EL Finer]: connection: 2016-09-21 09:17:48.569--ServerSession(1151842404)--Thread(Thread[Test worker,5,main])--client acquired: 2016867686
[EL Finer]: transaction: 2016-09-21 09:17:48.569--ClientSession(2016867686)--Thread(Thread[Test worker,5,main])--acquire unit of work: 1613314354
[EL Finest]: connection: 2016-09-21 09:17:48.569--ServerSession(1151842404)--Connection(845820656)--Thread(Thread[Test worker,5,main])--Connection acquired from connection pool [default].
[EL Finer]: transaction: 2016-09-21 09:17:48.569--ClientSession(2016867686)--Connection(845820656)--Thread(Thread[Test worker,5,main])--begin transaction
[EL Finest]: connection: 2016-09-21 09:17:48.569--ClientSession(2016867686)--Thread(Thread[Test worker,5,main])--reconnecting to external connection pool
Wed Sep 21 09:17:48 UTC 2016|Unknown Alarm = OEBLE312100100 Alarm Split = OEB-LE-3-1-2-100-100
[EL Finest]: transaction: 2016-09-21 09:17:48.575--UnitOfWork(1613314354)--Thread(Thread[Test worker,5,main])--persist() operation called on: .
[EL Finest]: sequencing: 2016-09-21 09:17:48.575--UnitOfWork(1613314354)--Thread(Thread[Test worker,5,main])--assign sequence to the object (FEE4A476-3CCD-4D6E-B58F-D790E7C2CB0C -> )
Wed Sep 21 09:17:48 UTC 2016|Unknown Alarm = OEBLE322100200 Alarm Split = OEB-LE-3-2-2-100-200
Wed Sep 21 09:17:48 UTC 2016|Unknown Alarm = OEBLE317100100 Alarm Split = OEB-LE-3-1-7-100-100
[EL Finer]: transaction: 2016-09-21 09:17:48.575--UnitOfWork(1613314354)--Thread(Thread[Test worker,5,main])--begin unit of work commit
[EL Finest]: query: 2016-09-21 09:17:48.576--UnitOfWork(1613314354)--Thread(Thread[Test worker,5,main])--Execute query InsertObjectQuery()
[EL Fine]: sql: 2016-09-21 09:17:48.576--ClientSession(2016867686)--Connection(865888078)--Thread(Thread[Test worker,5,main])--INSERT INTO AddressExtended (addExtId, addressId, districtId, regionId, talukaId, talukaName, versionId, villageId, villageName, createdBy, createdDate, updatedBy, updatedDate, activeStatus, txnAccessCode, multiTenantId) VALUES (?, ?, ?, ?, ?, ?, ?, ?, ?, ?, ?, ?, ?, ?, ?, ?)
	bind => [FEE4A476-3CCD-4D6E-B58F-D790E7C2CB0C, 9633D30E-D8AA-46F1-BAE3-52DC33AE6BF7, 2B917099-4883-499F-B628-13B9CB3E11B5, 2111B8DF-8C21-4E48-A582-2108C1DED5D0, 2692FB3A-B94B-4D56-82B1-B10E27B1E262, LeozLZkfzdj89i01b9uzoigBPXJDBduZjPsf0QRD2dCgPEqHsc, 1, E15B811A-D1FA-45C0-8276-92AA4E1371A0, luLxlN6iRnXK3uRFmaZRNyI5AfUemzHuBMKKbHSJyQ9LyaZAOu, AAAAA, 2016-09-21 09:17:48.474, AAAAA, 2016-09-21 09:17:48.474, 1, 51000, appCreateValue]
[EL Finer]: transaction: 2016-09-21 09:17:48.577--ClientSession(2016867686)--Connection(865888078)--Thread(Thread[Test worker,5,main])--commit transaction
[EL Finest]: connection: 2016-09-21 09:17:48.655--ServerSession(1151842404)--Connection(845820656)--Thread(Thread[Test worker,5,main])--Connection released to connection pool [default].
[EL Finer]: transaction: 2016-09-21 09:17:48.656--UnitOfWork(1613314354)--Thread(Thread[Test worker,5,main])--end unit of work commit
[EL Finer]: transaction: 2016-09-21 09:17:48.656--UnitOfWork(1613314354)--Thread(Thread[Test worker,5,main])--resume unit of work
[EL Finer]: transaction: 2016-09-21 09:17:48.656--UnitOfWork(1613314354)--Thread(Thread[Test worker,5,main])--release unit of work
[EL Finer]: connection: 2016-09-21 09:17:48.656--ClientSession(2016867686)--Thread(Thread[Test worker,5,main])--client released
[EL Finer]: connection: 2016-09-21 09:17:48.699--ServerSession(1151842404)--Thread(Thread[Test worker,5,main])--client acquired: 520060621
[EL Finer]: transaction: 2016-09-21 09:17:48.699--ClientSession(520060621)--Thread(Thread[Test worker,5,main])--acquire unit of work: 400413857
[EL Finest]: connection: 2016-09-21 09:17:48.699--ServerSession(1151842404)--Connection(1689428548)--Thread(Thread[Test worker,5,main])--Connection acquired from connection pool [default].
[EL Finer]: transaction: 2016-09-21 09:17:48.699--ClientSession(520060621)--Connection(1689428548)--Thread(Thread[Test worker,5,main])--begin transaction
[EL Finest]: connection: 2016-09-21 09:17:48.699--ClientSession(520060621)--Thread(Thread[Test worker,5,main])--reconnecting to external connection pool
Wed Sep 21 09:17:48 UTC 2016|Unknown Alarm = OEBLE314100100 Alarm Split = OEB-LE-3-1-4-100-100
[EL Finer]: transaction: 2016-09-21 09:17:48.702--UnitOfWork(400413857)--Thread(Thread[Test worker,5,main])--begin unit of work flush
[EL Finer]: transaction: 2016-09-21 09:17:48.702--UnitOfWork(400413857)--Thread(Thread[Test worker,5,main])--end unit of work flush
[EL Finest]: query: 2016-09-21 09:17:48.702--UnitOfWork(400413857)--Thread(Thread[Test worker,5,main])--Execute query ReadAllQuery(name="AddressExtended.findById" referenceClass=AddressExtended sql="SELECT addExtId, multiTenantId, addressId, districtId, regionId, talukaId, talukaName, versionId, villageId, villageName, createdBy, createdDate, updatedBy, updatedDate, activeStatus, txnAccessCode FROM AddressExtended WHERE (((activeStatus = ?) AND (addExtId = ?)) AND (multiTenantId = ?))")
[EL Fine]: sql: 2016-09-21 09:17:48.702--ClientSession(520060621)--Connection(1077055328)--Thread(Thread[Test worker,5,main])--SELECT addExtId, multiTenantId, addressId, districtId, regionId, talukaId, talukaName, versionId, villageId, villageName, createdBy, createdDate, updatedBy, updatedDate, activeStatus, txnAccessCode FROM AddressExtended WHERE (((activeStatus = ?) AND (addExtId = ?)) AND (multiTenantId = ?))
	bind => [1, FEE4A476-3CCD-4D6E-B58F-D790E7C2CB0C, appCreateValue]
Wed Sep 21 09:17:48 UTC 2016|Unknown Alarm = OEBLE324100200 Alarm Split = OEB-LE-3-2-4-100-200
Wed Sep 21 09:17:48 UTC 2016|Unknown Alarm = OEBLE317100100 Alarm Split = OEB-LE-3-1-7-100-100
[EL Finer]: transaction: 2016-09-21 09:17:48.709--UnitOfWork(400413857)--Thread(Thread[Test worker,5,main])--begin unit of work commit
[EL Finer]: transaction: 2016-09-21 09:17:48.709--ClientSession(520060621)--Connection(1077055328)--Thread(Thread[Test worker,5,main])--commit transaction
[EL Finest]: connection: 2016-09-21 09:17:48.71--ServerSession(1151842404)--Connection(1689428548)--Thread(Thread[Test worker,5,main])--Connection released to connection pool [default].
[EL Finer]: transaction: 2016-09-21 09:17:48.71--UnitOfWork(400413857)--Thread(Thread[Test worker,5,main])--end unit of work commit
[EL Finer]: transaction: 2016-09-21 09:17:48.71--UnitOfWork(400413857)--Thread(Thread[Test worker,5,main])--resume unit of work
[EL Finer]: transaction: 2016-09-21 09:17:48.711--UnitOfWork(400413857)--Thread(Thread[Test worker,5,main])--release unit of work
[EL Finer]: connection: 2016-09-21 09:17:48.711--ClientSession(520060621)--Thread(Thread[Test worker,5,main])--client released
[EL Finer]: connection: 2016-09-21 09:17:48.712--ServerSession(1151842404)--Thread(Thread[Test worker,5,main])--client acquired: 1324606491
[EL Finer]: transaction: 2016-09-21 09:17:48.712--ClientSession(1324606491)--Thread(Thread[Test worker,5,main])--acquire unit of work: 1845809435
[EL Finest]: connection: 2016-09-21 09:17:48.712--ServerSession(1151842404)--Connection(2117893130)--Thread(Thread[Test worker,5,main])--Connection acquired from connection pool [default].
[EL Finer]: transaction: 2016-09-21 09:17:48.712--ClientSession(1324606491)--Connection(2117893130)--Thread(Thread[Test worker,5,main])--begin transaction
[EL Finest]: connection: 2016-09-21 09:17:48.712--ClientSession(1324606491)--Thread(Thread[Test worker,5,main])--reconnecting to external connection pool
Wed Sep 21 09:17:48 UTC 2016|Unknown Alarm = OEBLE311100100 Alarm Split = OEB-LE-3-1-1-100-100
[EL Finest]: transaction: 2016-09-21 09:17:48.717--UnitOfWork(1845809435)--Thread(Thread[Test worker,5,main])--Merge clone with references 
[EL Finest]: query: 2016-09-21 09:17:48.718--UnitOfWork(1845809435)--Thread(Thread[Test worker,5,main])--Execute query ReadObjectQuery(referenceClass=AddressExtended )
[EL Fine]: sql: 2016-09-21 09:17:48.719--ClientSession(1324606491)--Connection(550831695)--Thread(Thread[Test worker,5,main])--SELECT addExtId, multiTenantId, addressId, districtId, regionId, talukaId, talukaName, versionId, villageId, villageName, createdBy, createdDate, updatedBy, updatedDate, activeStatus, txnAccessCode FROM AddressExtended WHERE ((addExtId = ?) AND (multiTenantId = ?))
	bind => [FEE4A476-3CCD-4D6E-B58F-D790E7C2CB0C, appCreateValue]
Wed Sep 21 09:17:48 UTC 2016|Unknown Alarm = OEBLE321100200 Alarm Split = OEB-LE-3-2-1-100-200
Wed Sep 21 09:17:48 UTC 2016|Unknown Alarm = OEBLE317100100 Alarm Split = OEB-LE-3-1-7-100-100
[EL Finer]: transaction: 2016-09-21 09:17:48.722--UnitOfWork(1845809435)--Thread(Thread[Test worker,5,main])--begin unit of work commit
[EL Finest]: query: 2016-09-21 09:17:48.723--UnitOfWork(1845809435)--Thread(Thread[Test worker,5,main])--Execute query UpdateObjectQuery()
[EL Fine]: sql: 2016-09-21 09:17:48.724--ClientSession(1324606491)--Connection(550831695)--Thread(Thread[Test worker,5,main])--UPDATE AddressExtended SET talukaName = ?, villageName = ?, versionId = ? WHERE ((addExtId = ?) AND (versionId = ?))
	bind => [SzLorSC2Wj0ya4giawSdV8Zh9Ukbgyl1LxAxZlzNvxeaPwjM7c, k1mESK8hyk0U0PNGMMSdMY6MBVPVfZaPAOuBZ1w60TkjUZ2UmH, 2, FEE4A476-3CCD-4D6E-B58F-D790E7C2CB0C, 1]
[EL Finer]: transaction: 2016-09-21 09:17:48.725--ClientSession(1324606491)--Connection(550831695)--Thread(Thread[Test worker,5,main])--commit transaction
[EL Finest]: connection: 2016-09-21 09:17:48.821--ServerSession(1151842404)--Connection(2117893130)--Thread(Thread[Test worker,5,main])--Connection released to connection pool [default].
[EL Finer]: transaction: 2016-09-21 09:17:48.822--UnitOfWork(1845809435)--Thread(Thread[Test worker,5,main])--end unit of work commit
[EL Finer]: transaction: 2016-09-21 09:17:48.822--UnitOfWork(1845809435)--Thread(Thread[Test worker,5,main])--resume unit of work
[EL Finer]: transaction: 2016-09-21 09:17:48.822--UnitOfWork(1845809435)--Thread(Thread[Test worker,5,main])--release unit of work
[EL Finer]: connection: 2016-09-21 09:17:48.822--ClientSession(1324606491)--Thread(Thread[Test worker,5,main])--client released
[EL Finer]: connection: 2016-09-21 09:17:48.886--ServerSession(1151842404)--Thread(Thread[Test worker,5,main])--client acquired: 1032477698
[EL Finer]: transaction: 2016-09-21 09:17:48.886--ClientSession(1032477698)--Thread(Thread[Test worker,5,main])--acquire unit of work: 1184802526
[EL Finest]: connection: 2016-09-21 09:17:48.886--ServerSession(1151842404)--Connection(1507679498)--Thread(Thread[Test worker,5,main])--Connection acquired from connection pool [default].
[EL Finer]: transaction: 2016-09-21 09:17:48.886--ClientSession(1032477698)--Connection(1507679498)--Thread(Thread[Test worker,5,main])--begin transaction
[EL Finest]: connection: 2016-09-21 09:17:48.886--ClientSession(1032477698)--Thread(Thread[Test worker,5,main])--reconnecting to external connection pool
Wed Sep 21 09:17:48 UTC 2016|Unknown Alarm = OEBLE314100100 Alarm Split = OEB-LE-3-1-4-100-100
[EL Finer]: transaction: 2016-09-21 09:17:48.888--UnitOfWork(1184802526)--Thread(Thread[Test worker,5,main])--begin unit of work flush
[EL Finer]: transaction: 2016-09-21 09:17:48.888--UnitOfWork(1184802526)--Thread(Thread[Test worker,5,main])--end unit of work flush
[EL Finest]: query: 2016-09-21 09:17:48.888--UnitOfWork(1184802526)--Thread(Thread[Test worker,5,main])--Execute query ReadAllQuery(name="AddressExtended.findById" referenceClass=AddressExtended sql="SELECT addExtId, multiTenantId, addressId, districtId, regionId, talukaId, talukaName, versionId, villageId, villageName, createdBy, createdDate, updatedBy, updatedDate, activeStatus, txnAccessCode FROM AddressExtended WHERE (((activeStatus = ?) AND (addExtId = ?)) AND (multiTenantId = ?))")
[EL Fine]: sql: 2016-09-21 09:17:48.889--ClientSession(1032477698)--Connection(849800580)--Thread(Thread[Test worker,5,main])--SELECT addExtId, multiTenantId, addressId, districtId, regionId, talukaId, talukaName, versionId, villageId, villageName, createdBy, createdDate, updatedBy, updatedDate, activeStatus, txnAccessCode FROM AddressExtended WHERE (((activeStatus = ?) AND (addExtId = ?)) AND (multiTenantId = ?))
	bind => [1, FEE4A476-3CCD-4D6E-B58F-D790E7C2CB0C, appCreateValue]
Wed Sep 21 09:17:48 UTC 2016|Unknown Alarm = OEBLE324100200 Alarm Split = OEB-LE-3-2-4-100-200
Wed Sep 21 09:17:48 UTC 2016|Unknown Alarm = OEBLE317100100 Alarm Split = OEB-LE-3-1-7-100-100
[EL Finer]: transaction: 2016-09-21 09:17:48.891--UnitOfWork(1184802526)--Thread(Thread[Test worker,5,main])--begin unit of work commit
[EL Finer]: transaction: 2016-09-21 09:17:48.892--ClientSession(1032477698)--Connection(849800580)--Thread(Thread[Test worker,5,main])--commit transaction
[EL Finest]: connection: 2016-09-21 09:17:48.892--ServerSession(1151842404)--Connection(1507679498)--Thread(Thread[Test worker,5,main])--Connection released to connection pool [default].
[EL Finer]: transaction: 2016-09-21 09:17:48.892--UnitOfWork(1184802526)--Thread(Thread[Test worker,5,main])--end unit of work commit
[EL Finer]: transaction: 2016-09-21 09:17:48.892--UnitOfWork(1184802526)--Thread(Thread[Test worker,5,main])--resume unit of work
[EL Finer]: transaction: 2016-09-21 09:17:48.892--UnitOfWork(1184802526)--Thread(Thread[Test worker,5,main])--release unit of work
[EL Finer]: connection: 2016-09-21 09:17:48.893--ClientSession(1032477698)--Thread(Thread[Test worker,5,main])--client released
[EL Finer]: connection: 2016-09-21 09:17:48.942--ServerSession(1151842404)--Thread(Thread[Test worker,5,main])--client acquired: 1241376207
[EL Finer]: transaction: 2016-09-21 09:17:48.942--ClientSession(1241376207)--Thread(Thread[Test worker,5,main])--acquire unit of work: 1006280444
[EL Finest]: connection: 2016-09-21 09:17:48.942--ServerSession(1151842404)--Connection(1121702183)--Thread(Thread[Test worker,5,main])--Connection acquired from connection pool [default].
[EL Finer]: transaction: 2016-09-21 09:17:48.942--ClientSession(1241376207)--Connection(1121702183)--Thread(Thread[Test worker,5,main])--begin transaction
[EL Finest]: connection: 2016-09-21 09:17:48.942--ClientSession(1241376207)--Thread(Thread[Test worker,5,main])--reconnecting to external connection pool
Wed Sep 21 09:17:48 UTC 2016|Unknown Alarm = OEBLE314100100 Alarm Split = OEB-LE-3-1-4-100-100
[EL Finer]: transaction: 2016-09-21 09:17:48.944--UnitOfWork(1006280444)--Thread(Thread[Test worker,5,main])--begin unit of work flush
[EL Finer]: transaction: 2016-09-21 09:17:48.944--UnitOfWork(1006280444)--Thread(Thread[Test worker,5,main])--end unit of work flush
[EL Finest]: query: 2016-09-21 09:17:48.944--UnitOfWork(1006280444)--Thread(Thread[Test worker,5,main])--Execute query ReadAllQuery(name="AddressExtended.findByAddressId" referenceClass=AddressExtended sql="SELECT addExtId, multiTenantId, addressId, districtId, regionId, talukaId, talukaName, versionId, villageId, villageName, createdBy, createdDate, updatedBy, updatedDate, activeStatus, txnAccessCode FROM AddressExtended WHERE (((activeStatus = ?) AND (addressId = ?)) AND (multiTenantId = ?))")
[EL Fine]: sql: 2016-09-21 09:17:48.945--ClientSession(1241376207)--Connection(1571079662)--Thread(Thread[Test worker,5,main])--SELECT addExtId, multiTenantId, addressId, districtId, regionId, talukaId, talukaName, versionId, villageId, villageName, createdBy, createdDate, updatedBy, updatedDate, activeStatus, txnAccessCode FROM AddressExtended WHERE (((activeStatus = ?) AND (addressId = ?)) AND (multiTenantId = ?))
	bind => [1, 9633D30E-D8AA-46F1-BAE3-52DC33AE6BF7, appCreateValue]
Wed Sep 21 09:17:48 UTC 2016|Unknown Alarm = OEBLE324100200 Alarm Split = OEB-LE-3-2-4-100-200
Wed Sep 21 09:17:48 UTC 2016|Unknown Alarm = OEBLE317100100 Alarm Split = OEB-LE-3-1-7-100-100
[EL Finer]: transaction: 2016-09-21 09:17:48.947--UnitOfWork(1006280444)--Thread(Thread[Test worker,5,main])--begin unit of work commit
[EL Finer]: transaction: 2016-09-21 09:17:48.947--ClientSession(1241376207)--Connection(1571079662)--Thread(Thread[Test worker,5,main])--commit transaction
[EL Finest]: connection: 2016-09-21 09:17:48.947--ServerSession(1151842404)--Connection(1121702183)--Thread(Thread[Test worker,5,main])--Connection released to connection pool [default].
[EL Finer]: transaction: 2016-09-21 09:17:48.948--UnitOfWork(1006280444)--Thread(Thread[Test worker,5,main])--end unit of work commit
[EL Finer]: transaction: 2016-09-21 09:17:48.948--UnitOfWork(1006280444)--Thread(Thread[Test worker,5,main])--resume unit of work
[EL Finer]: transaction: 2016-09-21 09:17:48.948--UnitOfWork(1006280444)--Thread(Thread[Test worker,5,main])--release unit of work
[EL Finer]: connection: 2016-09-21 09:17:48.948--ClientSession(1241376207)--Thread(Thread[Test worker,5,main])--client released
[EL Finer]: connection: 2016-09-21 09:17:48.974--ServerSession(1151842404)--Thread(Thread[Test worker,5,main])--client acquired: 1550721071
[EL Finer]: transaction: 2016-09-21 09:17:48.975--ClientSession(1550721071)--Thread(Thread[Test worker,5,main])--acquire unit of work: 1107500305
[EL Finest]: connection: 2016-09-21 09:17:48.975--ServerSession(1151842404)--Connection(1516857586)--Thread(Thread[Test worker,5,main])--Connection acquired from connection pool [default].
[EL Finer]: transaction: 2016-09-21 09:17:48.975--ClientSession(1550721071)--Connection(1516857586)--Thread(Thread[Test worker,5,main])--begin transaction
[EL Finest]: connection: 2016-09-21 09:17:48.975--ClientSession(1550721071)--Thread(Thread[Test worker,5,main])--reconnecting to external connection pool
Wed Sep 21 09:17:48 UTC 2016|Unknown Alarm = OEBLE314100100 Alarm Split = OEB-LE-3-1-4-100-100
[EL Finer]: transaction: 2016-09-21 09:17:48.977--UnitOfWork(1107500305)--Thread(Thread[Test worker,5,main])--begin unit of work flush
[EL Finer]: transaction: 2016-09-21 09:17:48.977--UnitOfWork(1107500305)--Thread(Thread[Test worker,5,main])--end unit of work flush
[EL Finest]: query: 2016-09-21 09:17:48.977--UnitOfWork(1107500305)--Thread(Thread[Test worker,5,main])--Execute query ReadAllQuery(name="AddressExtended.findByDistrictId" referenceClass=AddressExtended sql="SELECT addExtId, multiTenantId, addressId, districtId, regionId, talukaId, talukaName, versionId, villageId, villageName, createdBy, createdDate, updatedBy, updatedDate, activeStatus, txnAccessCode FROM AddressExtended WHERE (((activeStatus = ?) AND (districtId = ?)) AND (multiTenantId = ?))")
[EL Fine]: sql: 2016-09-21 09:17:48.977--ClientSession(1550721071)--Connection(2047963376)--Thread(Thread[Test worker,5,main])--SELECT addExtId, multiTenantId, addressId, districtId, regionId, talukaId, talukaName, versionId, villageId, villageName, createdBy, createdDate, updatedBy, updatedDate, activeStatus, txnAccessCode FROM AddressExtended WHERE (((activeStatus = ?) AND (districtId = ?)) AND (multiTenantId = ?))
	bind => [1, 2B917099-4883-499F-B628-13B9CB3E11B5, appCreateValue]
Wed Sep 21 09:17:48 UTC 2016|Unknown Alarm = OEBLE324100200 Alarm Split = OEB-LE-3-2-4-100-200
Wed Sep 21 09:17:48 UTC 2016|Unknown Alarm = OEBLE317100100 Alarm Split = OEB-LE-3-1-7-100-100
[EL Finer]: transaction: 2016-09-21 09:17:48.98--UnitOfWork(1107500305)--Thread(Thread[Test worker,5,main])--begin unit of work commit
[EL Finer]: transaction: 2016-09-21 09:17:48.982--ClientSession(1550721071)--Connection(2047963376)--Thread(Thread[Test worker,5,main])--commit transaction
[EL Finest]: connection: 2016-09-21 09:17:48.982--ServerSession(1151842404)--Connection(1516857586)--Thread(Thread[Test worker,5,main])--Connection released to connection pool [default].
[EL Finer]: transaction: 2016-09-21 09:17:48.982--UnitOfWork(1107500305)--Thread(Thread[Test worker,5,main])--end unit of work commit
[EL Finer]: transaction: 2016-09-21 09:17:48.983--UnitOfWork(1107500305)--Thread(Thread[Test worker,5,main])--resume unit of work
[EL Finer]: transaction: 2016-09-21 09:17:48.983--UnitOfWork(1107500305)--Thread(Thread[Test worker,5,main])--release unit of work
[EL Finer]: connection: 2016-09-21 09:17:48.983--ClientSession(1550721071)--Thread(Thread[Test worker,5,main])--client released
[EL Finer]: connection: 2016-09-21 09:17:49.012--ServerSession(1151842404)--Thread(Thread[Test worker,5,main])--client acquired: 410738640
[EL Finer]: transaction: 2016-09-21 09:17:49.012--ClientSession(410738640)--Thread(Thread[Test worker,5,main])--acquire unit of work: 1271881022
[EL Finest]: connection: 2016-09-21 09:17:49.012--ServerSession(1151842404)--Connection(452114516)--Thread(Thread[Test worker,5,main])--Connection acquired from connection pool [default].
[EL Finer]: transaction: 2016-09-21 09:17:49.012--ClientSession(410738640)--Connection(452114516)--Thread(Thread[Test worker,5,main])--begin transaction
[EL Finest]: connection: 2016-09-21 09:17:49.012--ClientSession(410738640)--Thread(Thread[Test worker,5,main])--reconnecting to external connection pool
Wed Sep 21 09:17:49 UTC 2016|Unknown Alarm = OEBLE314100100 Alarm Split = OEB-LE-3-1-4-100-100
[EL Finer]: transaction: 2016-09-21 09:17:49.014--UnitOfWork(1271881022)--Thread(Thread[Test worker,5,main])--begin unit of work flush
[EL Finer]: transaction: 2016-09-21 09:17:49.014--UnitOfWork(1271881022)--Thread(Thread[Test worker,5,main])--end unit of work flush
[EL Finest]: query: 2016-09-21 09:17:49.014--UnitOfWork(1271881022)--Thread(Thread[Test worker,5,main])--Execute query ReadAllQuery(name="AddressExtended.findByRegionId" referenceClass=AddressExtended sql="SELECT addExtId, multiTenantId, addressId, districtId, regionId, talukaId, talukaName, versionId, villageId, villageName, createdBy, createdDate, updatedBy, updatedDate, activeStatus, txnAccessCode FROM AddressExtended WHERE (((activeStatus = ?) AND (regionId = ?)) AND (multiTenantId = ?))")
[EL Fine]: sql: 2016-09-21 09:17:49.014--ClientSession(410738640)--Connection(580603607)--Thread(Thread[Test worker,5,main])--SELECT addExtId, multiTenantId, addressId, districtId, regionId, talukaId, talukaName, versionId, villageId, villageName, createdBy, createdDate, updatedBy, updatedDate, activeStatus, txnAccessCode FROM AddressExtended WHERE (((activeStatus = ?) AND (regionId = ?)) AND (multiTenantId = ?))
	bind => [1, 2111B8DF-8C21-4E48-A582-2108C1DED5D0, appCreateValue]
Wed Sep 21 09:17:49 UTC 2016|Unknown Alarm = OEBLE324100200 Alarm Split = OEB-LE-3-2-4-100-200
Wed Sep 21 09:17:49 UTC 2016|Unknown Alarm = OEBLE317100100 Alarm Split = OEB-LE-3-1-7-100-100
[EL Finer]: transaction: 2016-09-21 09:17:49.017--UnitOfWork(1271881022)--Thread(Thread[Test worker,5,main])--begin unit of work commit
[EL Finer]: transaction: 2016-09-21 09:17:49.017--ClientSession(410738640)--Connection(580603607)--Thread(Thread[Test worker,5,main])--commit transaction
[EL Finest]: connection: 2016-09-21 09:17:49.018--ServerSession(1151842404)--Connection(452114516)--Thread(Thread[Test worker,5,main])--Connection released to connection pool [default].
[EL Finer]: transaction: 2016-09-21 09:17:49.018--UnitOfWork(1271881022)--Thread(Thread[Test worker,5,main])--end unit of work commit
[EL Finer]: transaction: 2016-09-21 09:17:49.018--UnitOfWork(1271881022)--Thread(Thread[Test worker,5,main])--resume unit of work
[EL Finer]: transaction: 2016-09-21 09:17:49.018--UnitOfWork(1271881022)--Thread(Thread[Test worker,5,main])--release unit of work
[EL Finer]: connection: 2016-09-21 09:17:49.019--ClientSession(410738640)--Thread(Thread[Test worker,5,main])--client released
[EL Finer]: connection: 2016-09-21 09:17:49.06--ServerSession(1151842404)--Thread(Thread[Test worker,5,main])--client acquired: 1887622547
[EL Finer]: transaction: 2016-09-21 09:17:49.06--ClientSession(1887622547)--Thread(Thread[Test worker,5,main])--acquire unit of work: 496230298
[EL Finest]: connection: 2016-09-21 09:17:49.061--ServerSession(1151842404)--Connection(1463617185)--Thread(Thread[Test worker,5,main])--Connection acquired from connection pool [default].
[EL Finer]: transaction: 2016-09-21 09:17:49.061--ClientSession(1887622547)--Connection(1463617185)--Thread(Thread[Test worker,5,main])--begin transaction
[EL Finest]: connection: 2016-09-21 09:17:49.061--ClientSession(1887622547)--Thread(Thread[Test worker,5,main])--reconnecting to external connection pool
Wed Sep 21 09:17:49 UTC 2016|Unknown Alarm = OEBLE314100100 Alarm Split = OEB-LE-3-1-4-100-100
[EL Finer]: transaction: 2016-09-21 09:17:49.063--UnitOfWork(496230298)--Thread(Thread[Test worker,5,main])--begin unit of work flush
[EL Finer]: transaction: 2016-09-21 09:17:49.063--UnitOfWork(496230298)--Thread(Thread[Test worker,5,main])--end unit of work flush
[EL Finest]: query: 2016-09-21 09:17:49.063--UnitOfWork(496230298)--Thread(Thread[Test worker,5,main])--Execute query ReadAllQuery(name="AddressExtended.findByTalukaId" referenceClass=AddressExtended sql="SELECT addExtId, multiTenantId, addressId, districtId, regionId, talukaId, talukaName, versionId, villageId, villageName, createdBy, createdDate, updatedBy, updatedDate, activeStatus, txnAccessCode FROM AddressExtended WHERE (((activeStatus = ?) AND (talukaId = ?)) AND (multiTenantId = ?))")
[EL Fine]: sql: 2016-09-21 09:17:49.063--ClientSession(1887622547)--Connection(1523706500)--Thread(Thread[Test worker,5,main])--SELECT addExtId, multiTenantId, addressId, districtId, regionId, talukaId, talukaName, versionId, villageId, villageName, createdBy, createdDate, updatedBy, updatedDate, activeStatus, txnAccessCode FROM AddressExtended WHERE (((activeStatus = ?) AND (talukaId = ?)) AND (multiTenantId = ?))
	bind => [1, 2692FB3A-B94B-4D56-82B1-B10E27B1E262, appCreateValue]
Wed Sep 21 09:17:49 UTC 2016|Unknown Alarm = OEBLE324100200 Alarm Split = OEB-LE-3-2-4-100-200
Wed Sep 21 09:17:49 UTC 2016|Unknown Alarm = OEBLE317100100 Alarm Split = OEB-LE-3-1-7-100-100
[EL Finer]: transaction: 2016-09-21 09:17:49.074--UnitOfWork(496230298)--Thread(Thread[Test worker,5,main])--begin unit of work commit
[EL Finer]: transaction: 2016-09-21 09:17:49.074--ClientSession(1887622547)--Connection(1523706500)--Thread(Thread[Test worker,5,main])--commit transaction
[EL Finest]: connection: 2016-09-21 09:17:49.075--ServerSession(1151842404)--Connection(1463617185)--Thread(Thread[Test worker,5,main])--Connection released to connection pool [default].
[EL Finer]: transaction: 2016-09-21 09:17:49.076--UnitOfWork(496230298)--Thread(Thread[Test worker,5,main])--end unit of work commit
[EL Finer]: transaction: 2016-09-21 09:17:49.076--UnitOfWork(496230298)--Thread(Thread[Test worker,5,main])--resume unit of work
[EL Finer]: transaction: 2016-09-21 09:17:49.077--UnitOfWork(496230298)--Thread(Thread[Test worker,5,main])--release unit of work
[EL Finer]: connection: 2016-09-21 09:17:49.077--ClientSession(1887622547)--Thread(Thread[Test worker,5,main])--client released
[EL Finer]: connection: 2016-09-21 09:17:49.104--ServerSession(1151842404)--Thread(Thread[Test worker,5,main])--client acquired: 790565428
[EL Finer]: transaction: 2016-09-21 09:17:49.104--ClientSession(790565428)--Thread(Thread[Test worker,5,main])--acquire unit of work: 551824407
[EL Finest]: connection: 2016-09-21 09:17:49.104--ServerSession(1151842404)--Connection(1678420703)--Thread(Thread[Test worker,5,main])--Connection acquired from connection pool [default].
[EL Finer]: transaction: 2016-09-21 09:17:49.104--ClientSession(790565428)--Connection(1678420703)--Thread(Thread[Test worker,5,main])--begin transaction
[EL Finest]: connection: 2016-09-21 09:17:49.104--ClientSession(790565428)--Thread(Thread[Test worker,5,main])--reconnecting to external connection pool
Wed Sep 21 09:17:49 UTC 2016|Unknown Alarm = OEBLE314100100 Alarm Split = OEB-LE-3-1-4-100-100
[EL Finer]: transaction: 2016-09-21 09:17:49.106--UnitOfWork(551824407)--Thread(Thread[Test worker,5,main])--begin unit of work flush
[EL Finer]: transaction: 2016-09-21 09:17:49.106--UnitOfWork(551824407)--Thread(Thread[Test worker,5,main])--end unit of work flush
[EL Finest]: query: 2016-09-21 09:17:49.106--UnitOfWork(551824407)--Thread(Thread[Test worker,5,main])--Execute query ReadAllQuery(name="AddressExtended.findByVillageId" referenceClass=AddressExtended sql="SELECT addExtId, multiTenantId, addressId, districtId, regionId, talukaId, talukaName, versionId, villageId, villageName, createdBy, createdDate, updatedBy, updatedDate, activeStatus, txnAccessCode FROM AddressExtended WHERE (((activeStatus = ?) AND (villageId = ?)) AND (multiTenantId = ?))")
[EL Fine]: sql: 2016-09-21 09:17:49.106--ClientSession(790565428)--Connection(160978456)--Thread(Thread[Test worker,5,main])--SELECT addExtId, multiTenantId, addressId, districtId, regionId, talukaId, talukaName, versionId, villageId, villageName, createdBy, createdDate, updatedBy, updatedDate, activeStatus, txnAccessCode FROM AddressExtended WHERE (((activeStatus = ?) AND (villageId = ?)) AND (multiTenantId = ?))
	bind => [1, E15B811A-D1FA-45C0-8276-92AA4E1371A0, appCreateValue]
Wed Sep 21 09:17:49 UTC 2016|Unknown Alarm = OEBLE324100200 Alarm Split = OEB-LE-3-2-4-100-200
Wed Sep 21 09:17:49 UTC 2016|Unknown Alarm = OEBLE317100100 Alarm Split = OEB-LE-3-1-7-100-100
[EL Finer]: transaction: 2016-09-21 09:17:49.108--UnitOfWork(551824407)--Thread(Thread[Test worker,5,main])--begin unit of work commit
[EL Finer]: transaction: 2016-09-21 09:17:49.108--ClientSession(790565428)--Connection(160978456)--Thread(Thread[Test worker,5,main])--commit transaction
[EL Finest]: connection: 2016-09-21 09:17:49.109--ServerSession(1151842404)--Connection(1678420703)--Thread(Thread[Test worker,5,main])--Connection released to connection pool [default].
[EL Finer]: transaction: 2016-09-21 09:17:49.109--UnitOfWork(551824407)--Thread(Thread[Test worker,5,main])--end unit of work commit
[EL Finer]: transaction: 2016-09-21 09:17:49.109--UnitOfWork(551824407)--Thread(Thread[Test worker,5,main])--resume unit of work
[EL Finer]: transaction: 2016-09-21 09:17:49.109--UnitOfWork(551824407)--Thread(Thread[Test worker,5,main])--release unit of work
[EL Finer]: connection: 2016-09-21 09:17:49.109--ClientSession(790565428)--Thread(Thread[Test worker,5,main])--client released
[EL Finer]: connection: 2016-09-21 09:17:49.153--ServerSession(1151842404)--Thread(Thread[Test worker,5,main])--client acquired: 258472342
[EL Finer]: transaction: 2016-09-21 09:17:49.153--ClientSession(258472342)--Thread(Thread[Test worker,5,main])--acquire unit of work: 1932717760
[EL Finest]: connection: 2016-09-21 09:17:49.153--ServerSession(1151842404)--Connection(349747798)--Thread(Thread[Test worker,5,main])--Connection acquired from connection pool [default].
[EL Finer]: transaction: 2016-09-21 09:17:49.153--ClientSession(258472342)--Connection(349747798)--Thread(Thread[Test worker,5,main])--begin transaction
[EL Finest]: connection: 2016-09-21 09:17:49.153--ClientSession(258472342)--Thread(Thread[Test worker,5,main])--reconnecting to external connection pool
Wed Sep 21 09:17:49 UTC 2016|Unknown Alarm = OEBLE318100100 Alarm Split = OEB-LE-3-1-8-100-100
[EL Finest]: query: 2016-09-21 09:17:49.155--UnitOfWork(1932717760)--Thread(Thread[Test worker,5,main])--Execute query ReadObjectQuery(name="readAddressExtended" referenceClass=AddressExtended sql="SELECT addExtId, multiTenantId, addressId, districtId, regionId, talukaId, talukaName, versionId, villageId, villageName, createdBy, createdDate, updatedBy, updatedDate, activeStatus, txnAccessCode FROM AddressExtended WHERE ((addExtId = ?) AND (multiTenantId = ?))")
[EL Fine]: sql: 2016-09-21 09:17:49.155--ClientSession(258472342)--Connection(1625350705)--Thread(Thread[Test worker,5,main])--SELECT addExtId, multiTenantId, addressId, districtId, regionId, talukaId, talukaName, versionId, villageId, villageName, createdBy, createdDate, updatedBy, updatedDate, activeStatus, txnAccessCode FROM AddressExtended WHERE ((addExtId = ?) AND (multiTenantId = ?))
	bind => [FEE4A476-3CCD-4D6E-B58F-D790E7C2CB0C, appCreateValue]
[EL Finest]: transaction: 2016-09-21 09:17:49.158--UnitOfWork(1932717760)--Thread(Thread[Test worker,5,main])--remove() operation called on: 
Wed Sep 21 09:17:49 UTC 2016|Unknown Alarm = OEBLE328100200 Alarm Split = OEB-LE-3-2-8-100-200
Wed Sep 21 09:17:49 UTC 2016|Unknown Alarm = OEBLE317100100 Alarm Split = OEB-LE-3-1-7-100-100
[EL Finer]: transaction: 2016-09-21 09:17:49.159--UnitOfWork(1932717760)--Thread(Thread[Test worker,5,main])--begin unit of work commit
[EL Finest]: query: 2016-09-21 09:17:49.16--UnitOfWork(1932717760)--Thread(Thread[Test worker,5,main])--Execute query DoesExistQuery(referenceClass=AddressExtended )
[EL Finest]: query: 2016-09-21 09:17:49.161--UnitOfWork(1932717760)--Thread(Thread[Test worker,5,main])--Execute query DeleteObjectQuery()
[EL Fine]: sql: 2016-09-21 09:17:49.161--ClientSession(258472342)--Connection(1625350705)--Thread(Thread[Test worker,5,main])--DELETE FROM AddressExtended WHERE ((addExtId = ?) AND (versionId = ?))
	bind => [FEE4A476-3CCD-4D6E-B58F-D790E7C2CB0C, 2]
[EL Finer]: transaction: 2016-09-21 09:17:49.162--ClientSession(258472342)--Connection(1625350705)--Thread(Thread[Test worker,5,main])--commit transaction
[EL Finest]: connection: 2016-09-21 09:17:49.252--ServerSession(1151842404)--Connection(349747798)--Thread(Thread[Test worker,5,main])--Connection released to connection pool [default].
[EL Finer]: transaction: 2016-09-21 09:17:49.252--UnitOfWork(1932717760)--Thread(Thread[Test worker,5,main])--end unit of work commit
[EL Finer]: transaction: 2016-09-21 09:17:49.253--UnitOfWork(1932717760)--Thread(Thread[Test worker,5,main])--resume unit of work
[EL Finer]: transaction: 2016-09-21 09:17:49.253--UnitOfWork(1932717760)--Thread(Thread[Test worker,5,main])--release unit of work
[EL Finer]: connection: 2016-09-21 09:17:49.253--ClientSession(258472342)--Thread(Thread[Test worker,5,main])--client released
[EL Finer]: connection: 2016-09-21 09:17:49.271--ServerSession(1151842404)--Thread(Thread[Test worker,5,main])--client acquired: 451125653
[EL Finer]: transaction: 2016-09-21 09:17:49.272--ClientSession(451125653)--Thread(Thread[Test worker,5,main])--acquire unit of work: 1451576061
[EL Finest]: connection: 2016-09-21 09:17:49.272--ServerSession(1151842404)--Connection(1224627307)--Thread(Thread[Test worker,5,main])--Connection acquired from connection pool [default].
[EL Finer]: transaction: 2016-09-21 09:17:49.272--ClientSession(451125653)--Connection(1224627307)--Thread(Thread[Test worker,5,main])--begin transaction
[EL Finest]: connection: 2016-09-21 09:17:49.272--ClientSession(451125653)--Thread(Thread[Test worker,5,main])--reconnecting to external connection pool
Wed Sep 21 09:17:49 UTC 2016|Unknown Alarm = OEBLE318100100 Alarm Split = OEB-LE-3-1-8-100-100
[EL Finest]: query: 2016-09-21 09:17:49.273--UnitOfWork(1451576061)--Thread(Thread[Test worker,5,main])--Execute query ReadObjectQuery(name="readVillage" referenceClass=Village sql="SELECT villageId, countryId, districtId, regionId, stateId, talukaaId, versionId, villageCode, villageDescription, villageFlag, villageLatitude, villageLongtitude, villageName, createdBy, createdDate, updatedBy, updatedDate, activeStatus, txnAccessCode FROM Village WHERE (villageId = ?)")
[EL Fine]: sql: 2016-09-21 09:17:49.273--ClientSession(451125653)--Connection(563719194)--Thread(Thread[Test worker,5,main])--SELECT villageId, countryId, districtId, regionId, stateId, talukaaId, versionId, villageCode, villageDescription, villageFlag, villageLatitude, villageLongtitude, villageName, createdBy, createdDate, updatedBy, updatedDate, activeStatus, txnAccessCode FROM Village WHERE (villageId = ?)
	bind => [E15B811A-D1FA-45C0-8276-92AA4E1371A0]
[EL Finest]: transaction: 2016-09-21 09:17:49.275--UnitOfWork(1451576061)--Thread(Thread[Test worker,5,main])--remove() operation called on: 9wZdAkBVV2uELG4UiEErjaLc2hPFUuGffnFwPO02ICnZXKat9e,EkW8s9hfBSitQnEjYLWogMVyNvlv5yoO
Wed Sep 21 09:17:49 UTC 2016|Unknown Alarm = OEBLE328100200 Alarm Split = OEB-LE-3-2-8-100-200
Wed Sep 21 09:17:49 UTC 2016|Unknown Alarm = OEBLE317100100 Alarm Split = OEB-LE-3-1-7-100-100
[EL Finer]: transaction: 2016-09-21 09:17:49.276--UnitOfWork(1451576061)--Thread(Thread[Test worker,5,main])--begin unit of work commit
[EL Finest]: query: 2016-09-21 09:17:49.276--UnitOfWork(1451576061)--Thread(Thread[Test worker,5,main])--Execute query DoesExistQuery(referenceClass=Village )
[EL Finest]: query: 2016-09-21 09:17:49.276--UnitOfWork(1451576061)--Thread(Thread[Test worker,5,main])--Execute query DeleteObjectQuery(9wZdAkBVV2uELG4UiEErjaLc2hPFUuGffnFwPO02ICnZXKat9e,EkW8s9hfBSitQnEjYLWogMVyNvlv5yoO)
[EL Fine]: sql: 2016-09-21 09:17:49.276--ClientSession(451125653)--Connection(563719194)--Thread(Thread[Test worker,5,main])--DELETE FROM Village WHERE ((villageId = ?) AND (versionId = ?))
	bind => [E15B811A-D1FA-45C0-8276-92AA4E1371A0, 1]
[EL Finer]: transaction: 2016-09-21 09:17:49.277--ClientSession(451125653)--Connection(563719194)--Thread(Thread[Test worker,5,main])--commit transaction
[EL Finest]: connection: 2016-09-21 09:17:49.329--ServerSession(1151842404)--Connection(1224627307)--Thread(Thread[Test worker,5,main])--Connection released to connection pool [default].
[EL Finer]: transaction: 2016-09-21 09:17:49.329--UnitOfWork(1451576061)--Thread(Thread[Test worker,5,main])--end unit of work commit
[EL Finer]: transaction: 2016-09-21 09:17:49.329--UnitOfWork(1451576061)--Thread(Thread[Test worker,5,main])--resume unit of work
[EL Finer]: transaction: 2016-09-21 09:17:49.329--UnitOfWork(1451576061)--Thread(Thread[Test worker,5,main])--release unit of work
[EL Finer]: connection: 2016-09-21 09:17:49.329--ClientSession(451125653)--Thread(Thread[Test worker,5,main])--client released
[EL Finer]: connection: 2016-09-21 09:17:49.351--ServerSession(1151842404)--Thread(Thread[Test worker,5,main])--client acquired: 850570160
[EL Finer]: transaction: 2016-09-21 09:17:49.351--ClientSession(850570160)--Thread(Thread[Test worker,5,main])--acquire unit of work: 1881524688
[EL Finest]: connection: 2016-09-21 09:17:49.351--ServerSession(1151842404)--Connection(1088729141)--Thread(Thread[Test worker,5,main])--Connection acquired from connection pool [default].
[EL Finer]: transaction: 2016-09-21 09:17:49.351--ClientSession(850570160)--Connection(1088729141)--Thread(Thread[Test worker,5,main])--begin transaction
[EL Finest]: connection: 2016-09-21 09:17:49.351--ClientSession(850570160)--Thread(Thread[Test worker,5,main])--reconnecting to external connection pool
Wed Sep 21 09:17:49 UTC 2016|Unknown Alarm = OEBLE318100100 Alarm Split = OEB-LE-3-1-8-100-100
[EL Finest]: query: 2016-09-21 09:17:49.352--UnitOfWork(1881524688)--Thread(Thread[Test worker,5,main])--Execute query ReadObjectQuery(name="readTaluka" referenceClass=Taluka sql="SELECT talukaId, countryId, districtId, regionId, stateId, talukaCode, talukaDescription, talukaFlag, talukaLatitude, talukaLongitude, talukaName, versionId, createdBy, createdDate, updatedBy, updatedDate, activeStatus, txnAccessCode FROM Taluka WHERE (talukaId = ?)")
[EL Fine]: sql: 2016-09-21 09:17:49.352--ClientSession(850570160)--Connection(202184228)--Thread(Thread[Test worker,5,main])--SELECT talukaId, countryId, districtId, regionId, stateId, talukaCode, talukaDescription, talukaFlag, talukaLatitude, talukaLongitude, talukaName, versionId, createdBy, createdDate, updatedBy, updatedDate, activeStatus, txnAccessCode FROM Taluka WHERE (talukaId = ?)
	bind => [2692FB3A-B94B-4D56-82B1-B10E27B1E262]
[EL Finest]: transaction: 2016-09-21 09:17:49.354--UnitOfWork(1881524688)--Thread(Thread[Test worker,5,main])--remove() operation called on: fpyfmfXdk6zSbtc67XTAAWdj4TLkpY7dc1WtyfnGvsvmOjW0Lz,C2dqd8XZLxOJcrbP7cVyUTCfB5HGn7zi
Wed Sep 21 09:17:49 UTC 2016|Unknown Alarm = OEBLE328100200 Alarm Split = OEB-LE-3-2-8-100-200
Wed Sep 21 09:17:49 UTC 2016|Unknown Alarm = OEBLE317100100 Alarm Split = OEB-LE-3-1-7-100-100
[EL Finer]: transaction: 2016-09-21 09:17:49.356--UnitOfWork(1881524688)--Thread(Thread[Test worker,5,main])--begin unit of work commit
[EL Finest]: query: 2016-09-21 09:17:49.357--UnitOfWork(1881524688)--Thread(Thread[Test worker,5,main])--Execute query DoesExistQuery(referenceClass=Taluka )
[EL Finest]: query: 2016-09-21 09:17:49.357--UnitOfWork(1881524688)--Thread(Thread[Test worker,5,main])--Execute query DeleteObjectQuery(fpyfmfXdk6zSbtc67XTAAWdj4TLkpY7dc1WtyfnGvsvmOjW0Lz,C2dqd8XZLxOJcrbP7cVyUTCfB5HGn7zi)
[EL Fine]: sql: 2016-09-21 09:17:49.358--ClientSession(850570160)--Connection(202184228)--Thread(Thread[Test worker,5,main])--DELETE FROM Taluka WHERE ((talukaId = ?) AND (versionId = ?))
	bind => [2692FB3A-B94B-4D56-82B1-B10E27B1E262, 1]
[EL Finer]: transaction: 2016-09-21 09:17:49.359--ClientSession(850570160)--Connection(202184228)--Thread(Thread[Test worker,5,main])--commit transaction
[EL Finest]: connection: 2016-09-21 09:17:49.41--ServerSession(1151842404)--Connection(1088729141)--Thread(Thread[Test worker,5,main])--Connection released to connection pool [default].
[EL Finer]: transaction: 2016-09-21 09:17:49.41--UnitOfWork(1881524688)--Thread(Thread[Test worker,5,main])--end unit of work commit
[EL Finer]: transaction: 2016-09-21 09:17:49.41--UnitOfWork(1881524688)--Thread(Thread[Test worker,5,main])--resume unit of work
[EL Finer]: transaction: 2016-09-21 09:17:49.41--UnitOfWork(1881524688)--Thread(Thread[Test worker,5,main])--release unit of work
[EL Finer]: connection: 2016-09-21 09:17:49.41--ClientSession(850570160)--Thread(Thread[Test worker,5,main])--client released
[EL Finer]: connection: 2016-09-21 09:17:49.432--ServerSession(1151842404)--Thread(Thread[Test worker,5,main])--client acquired: 1841057665
[EL Finer]: transaction: 2016-09-21 09:17:49.432--ClientSession(1841057665)--Thread(Thread[Test worker,5,main])--acquire unit of work: 1711789679
[EL Finest]: connection: 2016-09-21 09:17:49.432--ServerSession(1151842404)--Connection(210716094)--Thread(Thread[Test worker,5,main])--Connection acquired from connection pool [default].
[EL Finer]: transaction: 2016-09-21 09:17:49.432--ClientSession(1841057665)--Connection(210716094)--Thread(Thread[Test worker,5,main])--begin transaction
[EL Finest]: connection: 2016-09-21 09:17:49.432--ClientSession(1841057665)--Thread(Thread[Test worker,5,main])--reconnecting to external connection pool
[EL Finest]: query: 2016-09-21 09:17:49.433--UnitOfWork(1711789679)--Thread(Thread[Test worker,5,main])--Execute query ReadObjectQuery(name="readAddress" referenceClass=Address sql="SELECT addressId, multiTenantId, address1, address2, address3, addressLabel, addressTypeId, cityId, countryId, latitude, longitude, stateId, versionId, zipcode, createdBy, createdDate, updatedBy, updatedDate, activeStatus, txnAccessCode FROM Address WHERE ((addressId = ?) AND (multiTenantId = ?))")
[EL Fine]: sql: 2016-09-21 09:17:49.434--ClientSession(1841057665)--Connection(1738492187)--Thread(Thread[Test worker,5,main])--SELECT addressId, multiTenantId, address1, address2, address3, addressLabel, addressTypeId, cityId, countryId, latitude, longitude, stateId, versionId, zipcode, createdBy, createdDate, updatedBy, updatedDate, activeStatus, txnAccessCode FROM Address WHERE ((addressId = ?) AND (multiTenantId = ?))
	bind => [9633D30E-D8AA-46F1-BAE3-52DC33AE6BF7, appCreateValue]
[EL Finest]: transaction: 2016-09-21 09:17:49.435--UnitOfWork(1711789679)--Thread(Thread[Test worker,5,main])--remove() operation called on: GoRvTE
[EL Finer]: transaction: 2016-09-21 09:17:49.435--UnitOfWork(1711789679)--Thread(Thread[Test worker,5,main])--begin unit of work commit
[EL Finest]: query: 2016-09-21 09:17:49.436--UnitOfWork(1711789679)--Thread(Thread[Test worker,5,main])--Execute query DoesExistQuery(referenceClass=Address )
[EL Finest]: query: 2016-09-21 09:17:49.436--UnitOfWork(1711789679)--Thread(Thread[Test worker,5,main])--Execute query DeleteObjectQuery(GoRvTE)
[EL Fine]: sql: 2016-09-21 09:17:49.436--ClientSession(1841057665)--Connection(1738492187)--Thread(Thread[Test worker,5,main])--DELETE FROM Address WHERE ((addressId = ?) AND (versionId = ?))
	bind => [9633D30E-D8AA-46F1-BAE3-52DC33AE6BF7, 1]
[EL Finer]: transaction: 2016-09-21 09:17:49.437--ClientSession(1841057665)--Connection(1738492187)--Thread(Thread[Test worker,5,main])--commit transaction
[EL Finest]: connection: 2016-09-21 09:17:49.459--ServerSession(1151842404)--Connection(210716094)--Thread(Thread[Test worker,5,main])--Connection released to connection pool [default].
[EL Finer]: transaction: 2016-09-21 09:17:49.459--UnitOfWork(1711789679)--Thread(Thread[Test worker,5,main])--end unit of work commit
[EL Finer]: transaction: 2016-09-21 09:17:49.459--UnitOfWork(1711789679)--Thread(Thread[Test worker,5,main])--resume unit of work
[EL Finer]: transaction: 2016-09-21 09:17:49.46--UnitOfWork(1711789679)--Thread(Thread[Test worker,5,main])--release unit of work
[EL Finer]: connection: 2016-09-21 09:17:49.46--ClientSession(1841057665)--Thread(Thread[Test worker,5,main])--client released
[EL Finer]: connection: 2016-09-21 09:17:49.485--ServerSession(1151842404)--Thread(Thread[Test worker,5,main])--client acquired: 1076989545
[EL Finer]: transaction: 2016-09-21 09:17:49.485--ClientSession(1076989545)--Thread(Thread[Test worker,5,main])--acquire unit of work: 1971105899
[EL Finest]: connection: 2016-09-21 09:17:49.485--ServerSession(1151842404)--Connection(322997081)--Thread(Thread[Test worker,5,main])--Connection acquired from connection pool [default].
[EL Finer]: transaction: 2016-09-21 09:17:49.485--ClientSession(1076989545)--Connection(322997081)--Thread(Thread[Test worker,5,main])--begin transaction
[EL Finest]: connection: 2016-09-21 09:17:49.485--ClientSession(1076989545)--Thread(Thread[Test worker,5,main])--reconnecting to external connection pool
[EL Finest]: query: 2016-09-21 09:17:49.486--UnitOfWork(1971105899)--Thread(Thread[Test worker,5,main])--Execute query ReadObjectQuery(name="readCity" referenceClass=City sql="SELECT cityId, cityCode, cityCodeChar2, cityDescription, cityFlag, cityLatitude, cityLongitude, cityName, countryId, stateId, versionId, createdBy, createdDate, updatedBy, updatedDate, activeStatus, txnAccessCode FROM City WHERE (cityId = ?)")
[EL Fine]: sql: 2016-09-21 09:17:49.487--ClientSession(1076989545)--Connection(43645610)--Thread(Thread[Test worker,5,main])--SELECT cityId, cityCode, cityCodeChar2, cityDescription, cityFlag, cityLatitude, cityLongitude, cityName, countryId, stateId, versionId, createdBy, createdDate, updatedBy, updatedDate, activeStatus, txnAccessCode FROM City WHERE (cityId = ?)
	bind => [FC259449-ED25-4DEE-BC31-5538A5D97FDC]
[EL Finest]: transaction: 2016-09-21 09:17:49.488--UnitOfWork(1971105899)--Thread(Thread[Test worker,5,main])--remove() operation called on: F1uUgQXIkrEanb7qV0SEqjBfZe3gY8DWKpnbyhiR88PsHuJbby,BMC6ECcWbrW1nQUVsV4PyDn792AEHc7Y,1
[EL Finer]: transaction: 2016-09-21 09:17:49.488--UnitOfWork(1971105899)--Thread(Thread[Test worker,5,main])--begin unit of work commit
[EL Finest]: query: 2016-09-21 09:17:49.488--UnitOfWork(1971105899)--Thread(Thread[Test worker,5,main])--Execute query DoesExistQuery(referenceClass=City )
[EL Finest]: query: 2016-09-21 09:17:49.489--UnitOfWork(1971105899)--Thread(Thread[Test worker,5,main])--Execute query DeleteObjectQuery(F1uUgQXIkrEanb7qV0SEqjBfZe3gY8DWKpnbyhiR88PsHuJbby,BMC6ECcWbrW1nQUVsV4PyDn792AEHc7Y,1)
[EL Fine]: sql: 2016-09-21 09:17:49.489--ClientSession(1076989545)--Connection(43645610)--Thread(Thread[Test worker,5,main])--DELETE FROM City WHERE ((cityId = ?) AND (versionId = ?))
	bind => [FC259449-ED25-4DEE-BC31-5538A5D97FDC, 1]
[EL Finer]: transaction: 2016-09-21 09:17:49.49--ClientSession(1076989545)--Connection(43645610)--Thread(Thread[Test worker,5,main])--commit transaction
[EL Finest]: connection: 2016-09-21 09:17:49.532--ServerSession(1151842404)--Connection(322997081)--Thread(Thread[Test worker,5,main])--Connection released to connection pool [default].
[EL Finer]: transaction: 2016-09-21 09:17:49.532--UnitOfWork(1971105899)--Thread(Thread[Test worker,5,main])--end unit of work commit
[EL Finer]: transaction: 2016-09-21 09:17:49.532--UnitOfWork(1971105899)--Thread(Thread[Test worker,5,main])--resume unit of work
[EL Finer]: transaction: 2016-09-21 09:17:49.532--UnitOfWork(1971105899)--Thread(Thread[Test worker,5,main])--release unit of work
[EL Finer]: connection: 2016-09-21 09:17:49.532--ClientSession(1076989545)--Thread(Thread[Test worker,5,main])--client released
[EL Finer]: connection: 2016-09-21 09:17:49.568--ServerSession(1151842404)--Thread(Thread[Test worker,5,main])--client acquired: 813160974
[EL Finer]: transaction: 2016-09-21 09:17:49.568--ClientSession(813160974)--Thread(Thread[Test worker,5,main])--acquire unit of work: 210560510
[EL Finest]: connection: 2016-09-21 09:17:49.568--ServerSession(1151842404)--Connection(1984924961)--Thread(Thread[Test worker,5,main])--Connection acquired from connection pool [default].
[EL Finer]: transaction: 2016-09-21 09:17:49.568--ClientSession(813160974)--Connection(1984924961)--Thread(Thread[Test worker,5,main])--begin transaction
[EL Finest]: connection: 2016-09-21 09:17:49.568--ClientSession(813160974)--Thread(Thread[Test worker,5,main])--reconnecting to external connection pool
[EL Finest]: query: 2016-09-21 09:17:49.569--UnitOfWork(210560510)--Thread(Thread[Test worker,5,main])--Execute query ReadObjectQuery(name="readAddressType" referenceClass=AddressType sql="SELECT addressTypeId, addressType, addressTypeDesc, addressTypeIcon, versionId, createdBy, createdDate, updatedBy, updatedDate, activeStatus, txnAccessCode FROM AddressType WHERE (addressTypeId = ?)")
[EL Fine]: sql: 2016-09-21 09:17:49.57--ClientSession(813160974)--Connection(10305433)--Thread(Thread[Test worker,5,main])--SELECT addressTypeId, addressType, addressTypeDesc, addressTypeIcon, versionId, createdBy, createdDate, updatedBy, updatedDate, activeStatus, txnAccessCode FROM AddressType WHERE (addressTypeId = ?)
	bind => [869E2D75-14DD-4337-9525-77F4EF984783]
[EL Finest]: transaction: 2016-09-21 09:17:49.571--UnitOfWork(210560510)--Thread(Thread[Test worker,5,main])--remove() operation called on: qS4K0IwU4jZ4bFnf9PGNtHGy22CsDwrxPVBoPQyA4YZYyKqzif
[EL Finer]: transaction: 2016-09-21 09:17:49.572--UnitOfWork(210560510)--Thread(Thread[Test worker,5,main])--begin unit of work commit
[EL Finest]: query: 2016-09-21 09:17:49.572--UnitOfWork(210560510)--Thread(Thread[Test worker,5,main])--Execute query DoesExistQuery(referenceClass=AddressType )
[EL Finest]: query: 2016-09-21 09:17:49.572--UnitOfWork(210560510)--Thread(Thread[Test worker,5,main])--Execute query DeleteObjectQuery(qS4K0IwU4jZ4bFnf9PGNtHGy22CsDwrxPVBoPQyA4YZYyKqzif)
[EL Fine]: sql: 2016-09-21 09:17:49.573--ClientSession(813160974)--Connection(10305433)--Thread(Thread[Test worker,5,main])--DELETE FROM AddressType WHERE ((addressTypeId = ?) AND (versionId = ?))
	bind => [869E2D75-14DD-4337-9525-77F4EF984783, 1]
[EL Finer]: transaction: 2016-09-21 09:17:49.574--ClientSession(813160974)--Connection(10305433)--Thread(Thread[Test worker,5,main])--commit transaction
[EL Finest]: connection: 2016-09-21 09:17:49.623--ServerSession(1151842404)--Connection(1984924961)--Thread(Thread[Test worker,5,main])--Connection released to connection pool [default].
[EL Finer]: transaction: 2016-09-21 09:17:49.624--UnitOfWork(210560510)--Thread(Thread[Test worker,5,main])--end unit of work commit
[EL Finer]: transaction: 2016-09-21 09:17:49.624--UnitOfWork(210560510)--Thread(Thread[Test worker,5,main])--resume unit of work
[EL Finer]: transaction: 2016-09-21 09:17:49.624--UnitOfWork(210560510)--Thread(Thread[Test worker,5,main])--release unit of work
[EL Finer]: connection: 2016-09-21 09:17:49.624--ClientSession(813160974)--Thread(Thread[Test worker,5,main])--client released
[EL Finer]: connection: 2016-09-21 09:17:49.662--ServerSession(1151842404)--Thread(Thread[Test worker,5,main])--client acquired: 81939773
[EL Finer]: transaction: 2016-09-21 09:17:49.663--ClientSession(81939773)--Thread(Thread[Test worker,5,main])--acquire unit of work: 624747084
[EL Finest]: connection: 2016-09-21 09:17:49.663--ServerSession(1151842404)--Connection(1076690605)--Thread(Thread[Test worker,5,main])--Connection acquired from connection pool [default].
[EL Finer]: transaction: 2016-09-21 09:17:49.663--ClientSession(81939773)--Connection(1076690605)--Thread(Thread[Test worker,5,main])--begin transaction
[EL Finest]: connection: 2016-09-21 09:17:49.663--ClientSession(81939773)--Thread(Thread[Test worker,5,main])--reconnecting to external connection pool
Wed Sep 21 09:17:49 UTC 2016|Unknown Alarm = OEBLE318100100 Alarm Split = OEB-LE-3-1-8-100-100
[EL Finest]: query: 2016-09-21 09:17:49.664--UnitOfWork(624747084)--Thread(Thread[Test worker,5,main])--Execute query ReadObjectQuery(name="readDistrict" referenceClass=District sql="SELECT districtId, code2, countryId, districtDescription, districtFlag, districtLatitude, districtLongitude, Name, regionId, stateId, versionId, createdBy, createdDate, updatedBy, updatedDate, activeStatus, txnAccessCode FROM District WHERE (districtId = ?)")
[EL Fine]: sql: 2016-09-21 09:17:49.664--ClientSession(81939773)--Connection(1495137145)--Thread(Thread[Test worker,5,main])--SELECT districtId, code2, countryId, districtDescription, districtFlag, districtLatitude, districtLongitude, Name, regionId, stateId, versionId, createdBy, createdDate, updatedBy, updatedDate, activeStatus, txnAccessCode FROM District WHERE (districtId = ?)
	bind => [2B917099-4883-499F-B628-13B9CB3E11B5]
[EL Finest]: transaction: 2016-09-21 09:17:49.666--UnitOfWork(624747084)--Thread(Thread[Test worker,5,main])--remove() operation called on: 7fbPGJL8qBbqQVumIFYmKWMCK0s2mnZAu1qKKnoccYCSahrPLl,C5WR0Ft2CFR5rSzf7PIrpVrToCdq30g5
Wed Sep 21 09:17:49 UTC 2016|Unknown Alarm = OEBLE328100200 Alarm Split = OEB-LE-3-2-8-100-200
Wed Sep 21 09:17:49 UTC 2016|Unknown Alarm = OEBLE317100100 Alarm Split = OEB-LE-3-1-7-100-100
[EL Finer]: transaction: 2016-09-21 09:17:49.666--UnitOfWork(624747084)--Thread(Thread[Test worker,5,main])--begin unit of work commit
[EL Finest]: query: 2016-09-21 09:17:49.667--UnitOfWork(624747084)--Thread(Thread[Test worker,5,main])--Execute query DoesExistQuery(referenceClass=District )
[EL Finest]: query: 2016-09-21 09:17:49.667--UnitOfWork(624747084)--Thread(Thread[Test worker,5,main])--Execute query DeleteObjectQuery(7fbPGJL8qBbqQVumIFYmKWMCK0s2mnZAu1qKKnoccYCSahrPLl,C5WR0Ft2CFR5rSzf7PIrpVrToCdq30g5)
[EL Fine]: sql: 2016-09-21 09:17:49.667--ClientSession(81939773)--Connection(1495137145)--Thread(Thread[Test worker,5,main])--DELETE FROM District WHERE ((districtId = ?) AND (versionId = ?))
	bind => [2B917099-4883-499F-B628-13B9CB3E11B5, 1]
[EL Finer]: transaction: 2016-09-21 09:17:49.668--ClientSession(81939773)--Connection(1495137145)--Thread(Thread[Test worker,5,main])--commit transaction
[EL Finest]: connection: 2016-09-21 09:17:49.721--ServerSession(1151842404)--Connection(1076690605)--Thread(Thread[Test worker,5,main])--Connection released to connection pool [default].
[EL Finer]: transaction: 2016-09-21 09:17:49.721--UnitOfWork(624747084)--Thread(Thread[Test worker,5,main])--end unit of work commit
[EL Finer]: transaction: 2016-09-21 09:17:49.721--UnitOfWork(624747084)--Thread(Thread[Test worker,5,main])--resume unit of work
[EL Finer]: transaction: 2016-09-21 09:17:49.722--UnitOfWork(624747084)--Thread(Thread[Test worker,5,main])--release unit of work
[EL Finer]: connection: 2016-09-21 09:17:49.722--ClientSession(81939773)--Thread(Thread[Test worker,5,main])--client released
[EL Finer]: connection: 2016-09-21 09:17:49.764--ServerSession(1151842404)--Thread(Thread[Test worker,5,main])--client acquired: 1354317328
[EL Finer]: transaction: 2016-09-21 09:17:49.764--ClientSession(1354317328)--Thread(Thread[Test worker,5,main])--acquire unit of work: 832157143
[EL Finest]: connection: 2016-09-21 09:17:49.764--ServerSession(1151842404)--Connection(1651593137)--Thread(Thread[Test worker,5,main])--Connection acquired from connection pool [default].
[EL Finer]: transaction: 2016-09-21 09:17:49.764--ClientSession(1354317328)--Connection(1651593137)--Thread(Thread[Test worker,5,main])--begin transaction
[EL Finest]: connection: 2016-09-21 09:17:49.764--ClientSession(1354317328)--Thread(Thread[Test worker,5,main])--reconnecting to external connection pool
Wed Sep 21 09:17:49 UTC 2016|Unknown Alarm = OEBLE318100100 Alarm Split = OEB-LE-3-1-8-100-100
[EL Finest]: query: 2016-09-21 09:17:49.766--UnitOfWork(832157143)--Thread(Thread[Test worker,5,main])--Execute query ReadObjectQuery(name="readRegion" referenceClass=Region sql="SELECT regionId, countryId, regionCode1, regionCodeChar2, regionDescription, regionFlag, regionLatitude, regionLongitude, regionName, stateId, versionId, createdBy, createdDate, updatedBy, updatedDate, activeStatus, txnAccessCode FROM Region WHERE (regionId = ?)")
[EL Fine]: sql: 2016-09-21 09:17:49.766--ClientSession(1354317328)--Connection(362738876)--Thread(Thread[Test worker,5,main])--SELECT regionId, countryId, regionCode1, regionCodeChar2, regionDescription, regionFlag, regionLatitude, regionLongitude, regionName, stateId, versionId, createdBy, createdDate, updatedBy, updatedDate, activeStatus, txnAccessCode FROM Region WHERE (regionId = ?)
	bind => [2111B8DF-8C21-4E48-A582-2108C1DED5D0]
[EL Finest]: transaction: 2016-09-21 09:17:49.768--UnitOfWork(832157143)--Thread(Thread[Test worker,5,main])--remove() operation called on: tbkIc3XcDSG6SknBt0yfx927xUZ3cb6g3JtFUMDQN3OxgqXkKY,1,rYWuWnQYvZ77IPzLulZwCsjsSL7RnniD
Wed Sep 21 09:17:49 UTC 2016|Unknown Alarm = OEBLE328100200 Alarm Split = OEB-LE-3-2-8-100-200
Wed Sep 21 09:17:49 UTC 2016|Unknown Alarm = OEBLE317100100 Alarm Split = OEB-LE-3-1-7-100-100
[EL Finer]: transaction: 2016-09-21 09:17:49.769--UnitOfWork(832157143)--Thread(Thread[Test worker,5,main])--begin unit of work commit
[EL Finest]: query: 2016-09-21 09:17:49.769--UnitOfWork(832157143)--Thread(Thread[Test worker,5,main])--Execute query DoesExistQuery(referenceClass=Region )
[EL Finest]: query: 2016-09-21 09:17:49.77--UnitOfWork(832157143)--Thread(Thread[Test worker,5,main])--Execute query DeleteObjectQuery(tbkIc3XcDSG6SknBt0yfx927xUZ3cb6g3JtFUMDQN3OxgqXkKY,1,rYWuWnQYvZ77IPzLulZwCsjsSL7RnniD)
[EL Fine]: sql: 2016-09-21 09:17:49.77--ClientSession(1354317328)--Connection(362738876)--Thread(Thread[Test worker,5,main])--DELETE FROM Region WHERE ((regionId = ?) AND (versionId = ?))
	bind => [2111B8DF-8C21-4E48-A582-2108C1DED5D0, 1]
[EL Finer]: transaction: 2016-09-21 09:17:49.771--ClientSession(1354317328)--Connection(362738876)--Thread(Thread[Test worker,5,main])--commit transaction
[EL Finest]: connection: 2016-09-21 09:17:49.82--ServerSession(1151842404)--Connection(1651593137)--Thread(Thread[Test worker,5,main])--Connection released to connection pool [default].
[EL Finer]: transaction: 2016-09-21 09:17:49.82--UnitOfWork(832157143)--Thread(Thread[Test worker,5,main])--end unit of work commit
[EL Finer]: transaction: 2016-09-21 09:17:49.82--UnitOfWork(832157143)--Thread(Thread[Test worker,5,main])--resume unit of work
[EL Finer]: transaction: 2016-09-21 09:17:49.82--UnitOfWork(832157143)--Thread(Thread[Test worker,5,main])--release unit of work
[EL Finer]: connection: 2016-09-21 09:17:49.821--ClientSession(1354317328)--Thread(Thread[Test worker,5,main])--client released
[EL Finer]: connection: 2016-09-21 09:17:49.857--ServerSession(1151842404)--Thread(Thread[Test worker,5,main])--client acquired: 1103117536
[EL Finer]: transaction: 2016-09-21 09:17:49.857--ClientSession(1103117536)--Thread(Thread[Test worker,5,main])--acquire unit of work: 870103001
[EL Finest]: connection: 2016-09-21 09:17:49.858--ServerSession(1151842404)--Connection(1604985384)--Thread(Thread[Test worker,5,main])--Connection acquired from connection pool [default].
[EL Finer]: transaction: 2016-09-21 09:17:49.858--ClientSession(1103117536)--Connection(1604985384)--Thread(Thread[Test worker,5,main])--begin transaction
[EL Finest]: connection: 2016-09-21 09:17:49.858--ClientSession(1103117536)--Thread(Thread[Test worker,5,main])--reconnecting to external connection pool
[EL Finest]: query: 2016-09-21 09:17:49.859--UnitOfWork(870103001)--Thread(Thread[Test worker,5,main])--Execute query ReadObjectQuery(name="readState" referenceClass=State sql="SELECT stateId, countryId, stateCapital, stateCapitalLatitude, stateCapitalLongitude, stateCode, stateCodeChar2, stateCodeChar3, stateDescription, stateFlag, stateName, versionId, createdBy, createdDate, updatedBy, updatedDate, activeStatus, txnAccessCode FROM State WHERE (stateId = ?)")
[EL Fine]: sql: 2016-09-21 09:17:49.86--ClientSession(1103117536)--Connection(887920747)--Thread(Thread[Test worker,5,main])--SELECT stateId, countryId, stateCapital, stateCapitalLatitude, stateCapitalLongitude, stateCode, stateCodeChar2, stateCodeChar3, stateDescription, stateFlag, stateName, versionId, createdBy, createdDate, updatedBy, updatedDate, activeStatus, txnAccessCode FROM State WHERE (stateId = ?)
	bind => [65DD6DD5-8267-4436-B719-3B31A0776770]
[EL Finest]: transaction: 2016-09-21 09:17:49.861--UnitOfWork(870103001)--Thread(Thread[Test worker,5,main])--remove() operation called on: qZyMIXuzE6ipHYQ7qvw5Ct28lFakNLqGEdqT6x1Qjjp1MukFBK
[EL Finer]: transaction: 2016-09-21 09:17:49.862--UnitOfWork(870103001)--Thread(Thread[Test worker,5,main])--begin unit of work commit
[EL Finest]: query: 2016-09-21 09:17:49.863--UnitOfWork(870103001)--Thread(Thread[Test worker,5,main])--Execute query DoesExistQuery(referenceClass=State )
[EL Finest]: query: 2016-09-21 09:17:49.863--UnitOfWork(870103001)--Thread(Thread[Test worker,5,main])--Execute query DeleteObjectQuery(qZyMIXuzE6ipHYQ7qvw5Ct28lFakNLqGEdqT6x1Qjjp1MukFBK)
[EL Fine]: sql: 2016-09-21 09:17:49.863--ClientSession(1103117536)--Connection(887920747)--Thread(Thread[Test worker,5,main])--DELETE FROM State WHERE ((stateId = ?) AND (versionId = ?))
	bind => [65DD6DD5-8267-4436-B719-3B31A0776770, 1]
[EL Finer]: transaction: 2016-09-21 09:17:49.865--ClientSession(1103117536)--Connection(887920747)--Thread(Thread[Test worker,5,main])--commit transaction
[EL Finest]: connection: 2016-09-21 09:17:49.936--ServerSession(1151842404)--Connection(1604985384)--Thread(Thread[Test worker,5,main])--Connection released to connection pool [default].
[EL Finer]: transaction: 2016-09-21 09:17:49.937--UnitOfWork(870103001)--Thread(Thread[Test worker,5,main])--end unit of work commit
[EL Finer]: transaction: 2016-09-21 09:17:49.937--UnitOfWork(870103001)--Thread(Thread[Test worker,5,main])--resume unit of work
[EL Finer]: transaction: 2016-09-21 09:17:49.937--UnitOfWork(870103001)--Thread(Thread[Test worker,5,main])--release unit of work
[EL Finer]: connection: 2016-09-21 09:17:49.938--ClientSession(1103117536)--Thread(Thread[Test worker,5,main])--client released
[EL Finer]: connection: 2016-09-21 09:17:49.966--ServerSession(1151842404)--Thread(Thread[Test worker,5,main])--client acquired: 1985512271
[EL Finer]: transaction: 2016-09-21 09:17:49.966--ClientSession(1985512271)--Thread(Thread[Test worker,5,main])--acquire unit of work: 756347964
[EL Finest]: connection: 2016-09-21 09:17:49.966--ServerSession(1151842404)--Connection(984524355)--Thread(Thread[Test worker,5,main])--Connection acquired from connection pool [default].
[EL Finer]: transaction: 2016-09-21 09:17:49.966--ClientSession(1985512271)--Connection(984524355)--Thread(Thread[Test worker,5,main])--begin transaction
[EL Finest]: connection: 2016-09-21 09:17:49.967--ClientSession(1985512271)--Thread(Thread[Test worker,5,main])--reconnecting to external connection pool
[EL Finest]: query: 2016-09-21 09:17:49.968--UnitOfWork(756347964)--Thread(Thread[Test worker,5,main])--Execute query ReadObjectQuery(name="readCountry" referenceClass=Country sql="SELECT countryId, capital, capitalLatitude, capitalLongitude, countryCode1, countryCode2, countryFlag, countryName, currencyCode, currencyName, currencySymbol, isoNumeric, versionId, createdBy, createdDate, updatedBy, updatedDate, activeStatus, txnAccessCode FROM Country WHERE (countryId = ?)")
[EL Fine]: sql: 2016-09-21 09:17:49.968--ClientSession(1985512271)--Connection(63946463)--Thread(Thread[Test worker,5,main])--SELECT countryId, capital, capitalLatitude, capitalLongitude, countryCode1, countryCode2, countryFlag, countryName, currencyCode, currencyName, currencySymbol, isoNumeric, versionId, createdBy, createdDate, updatedBy, updatedDate, activeStatus, txnAccessCode FROM Country WHERE (countryId = ?)
	bind => [112676CF-8B3D-48D8-B7EB-1ACC558B120B]
[EL Finest]: transaction: 2016-09-21 09:17:49.97--UnitOfWork(756347964)--Thread(Thread[Test worker,5,main])--remove() operation called on: 86ChEdIpiUMPoikckbe43nVCcO9vCanBInSanwv1xbb75WML1Y
[EL Finer]: transaction: 2016-09-21 09:17:49.97--UnitOfWork(756347964)--Thread(Thread[Test worker,5,main])--begin unit of work commit
[EL Finest]: query: 2016-09-21 09:17:49.97--UnitOfWork(756347964)--Thread(Thread[Test worker,5,main])--Execute query DoesExistQuery(referenceClass=Country )
[EL Finest]: query: 2016-09-21 09:17:49.971--UnitOfWork(756347964)--Thread(Thread[Test worker,5,main])--Execute query DeleteObjectQuery(86ChEdIpiUMPoikckbe43nVCcO9vCanBInSanwv1xbb75WML1Y)
[EL Fine]: sql: 2016-09-21 09:17:49.971--ClientSession(1985512271)--Connection(63946463)--Thread(Thread[Test worker,5,main])--DELETE FROM Country WHERE ((countryId = ?) AND (versionId = ?))
	bind => [112676CF-8B3D-48D8-B7EB-1ACC558B120B, 1]
[EL Finer]: transaction: 2016-09-21 09:17:49.972--ClientSession(1985512271)--Connection(63946463)--Thread(Thread[Test worker,5,main])--commit transaction
[EL Finest]: connection: 2016-09-21 09:17:50.026--ServerSession(1151842404)--Connection(984524355)--Thread(Thread[Test worker,5,main])--Connection released to connection pool [default].
[EL Finer]: transaction: 2016-09-21 09:17:50.026--UnitOfWork(756347964)--Thread(Thread[Test worker,5,main])--end unit of work commit
[EL Finer]: transaction: 2016-09-21 09:17:50.026--UnitOfWork(756347964)--Thread(Thread[Test worker,5,main])--resume unit of work
[EL Finer]: transaction: 2016-09-21 09:17:50.027--UnitOfWork(756347964)--Thread(Thread[Test worker,5,main])--release unit of work
[EL Finer]: connection: 2016-09-21 09:17:50.027--ClientSession(1985512271)--Thread(Thread[Test worker,5,main])--client released
]]></system-out>
  <system-err><![CDATA[AddressExtended.villageName size must be between 0 and 128
java.lang.SecurityException: AddressExtended.villageName size must be between 0 and 128
	at com.athena.server.pluggable.utils.helper.EntityValidatorHelper.validateEntity(EntityValidatorHelper.java:37)
	at com.app.shared.organizationextendedbc.locationextended.AddressExtended.isValid(AddressExtended.java:234)
	at com.app.server.service.organizationextendedbc.locationextended.AddressExtendedTestCase.validateAddressExtended(AddressExtendedTestCase.java:477)
	at com.app.server.service.organizationextendedbc.locationextended.AddressExtendedTestCase.test5NegativeTesting(AddressExtendedTestCase.java:509)
	at sun.reflect.NativeMethodAccessorImpl.invoke0(Native Method)
	at sun.reflect.NativeMethodAccessorImpl.invoke(NativeMethodAccessorImpl.java:57)
	at sun.reflect.DelegatingMethodAccessorImpl.invoke(DelegatingMethodAccessorImpl.java:43)
	at java.lang.reflect.Method.invoke(Method.java:606)
	at org.junit.runners.model.FrameworkMethod$1.runReflectiveCall(FrameworkMethod.java:47)
	at org.junit.internal.runners.model.ReflectiveCallable.run(ReflectiveCallable.java:12)
	at org.junit.runners.model.FrameworkMethod.invokeExplosively(FrameworkMethod.java:44)
	at org.junit.internal.runners.statements.InvokeMethod.evaluate(InvokeMethod.java:17)
	at org.junit.internal.runners.statements.RunBefores.evaluate(RunBefores.java:26)
	at org.springframework.test.context.junit4.statements.RunBeforeTestMethodCallbacks.evaluate(RunBeforeTestMethodCallbacks.java:74)
	at org.junit.internal.runners.statements.RunAfters.evaluate(RunAfters.java:27)
	at org.springframework.test.context.junit4.statements.RunAfterTestMethodCallbacks.evaluate(RunAfterTestMethodCallbacks.java:83)
	at org.springframework.test.context.junit4.statements.SpringRepeat.evaluate(SpringRepeat.java:72)
	at org.springframework.test.context.junit4.SpringJUnit4ClassRunner.runChild(SpringJUnit4ClassRunner.java:233)
	at org.springframework.test.context.junit4.SpringJUnit4ClassRunner.runChild(SpringJUnit4ClassRunner.java:87)
	at org.junit.runners.ParentRunner$3.run(ParentRunner.java:238)
	at org.junit.runners.ParentRunner$1.schedule(ParentRunner.java:63)
	at org.junit.runners.ParentRunner.runChildren(ParentRunner.java:236)
	at org.junit.runners.ParentRunner.access$000(ParentRunner.java:53)
	at org.junit.runners.ParentRunner$2.evaluate(ParentRunner.java:229)
	at org.junit.internal.runners.statements.RunBefores.evaluate(RunBefores.java:26)
	at org.springframework.test.context.junit4.statements.RunBeforeTestClassCallbacks.evaluate(RunBeforeTestClassCallbacks.java:61)
	at org.springframework.test.context.junit4.statements.RunAfterTestClassCallbacks.evaluate(RunAfterTestClassCallbacks.java:71)
	at org.junit.runners.ParentRunner.run(ParentRunner.java:309)
	at org.springframework.test.context.junit4.SpringJUnit4ClassRunner.run(SpringJUnit4ClassRunner.java:176)
	at org.gradle.api.internal.tasks.testing.junit.JUnitTestClassExecuter.runTestClass(JUnitTestClassExecuter.java:86)
	at org.gradle.api.internal.tasks.testing.junit.JUnitTestClassExecuter.execute(JUnitTestClassExecuter.java:49)
	at org.gradle.api.internal.tasks.testing.junit.JUnitTestClassProcessor.processTestClass(JUnitTestClassProcessor.java:64)
	at org.gradle.api.internal.tasks.testing.SuiteTestClassProcessor.processTestClass(SuiteTestClassProcessor.java:50)
	at sun.reflect.NativeMethodAccessorImpl.invoke0(Native Method)
	at sun.reflect.NativeMethodAccessorImpl.invoke(NativeMethodAccessorImpl.java:57)
	at sun.reflect.DelegatingMethodAccessorImpl.invoke(DelegatingMethodAccessorImpl.java:43)
	at java.lang.reflect.Method.invoke(Method.java:606)
	at org.gradle.messaging.dispatch.ReflectionDispatch.dispatch(ReflectionDispatch.java:35)
	at org.gradle.messaging.dispatch.ReflectionDispatch.dispatch(ReflectionDispatch.java:24)
	at org.gradle.messaging.dispatch.ContextClassLoaderDispatch.dispatch(ContextClassLoaderDispatch.java:32)
	at org.gradle.messaging.dispatch.ProxyDispatchAdapter$DispatchingInvocationHandler.invoke(ProxyDispatchAdapter.java:93)
	at com.sun.proxy.$Proxy2.processTestClass(Unknown Source)
	at org.gradle.api.internal.tasks.testing.worker.TestWorker.processTestClass(TestWorker.java:106)
	at sun.reflect.NativeMethodAccessorImpl.invoke0(Native Method)
	at sun.reflect.NativeMethodAccessorImpl.invoke(NativeMethodAccessorImpl.java:57)
	at sun.reflect.DelegatingMethodAccessorImpl.invoke(DelegatingMethodAccessorImpl.java:43)
	at java.lang.reflect.Method.invoke(Method.java:606)
	at org.gradle.messaging.dispatch.ReflectionDispatch.dispatch(ReflectionDispatch.java:35)
	at org.gradle.messaging.dispatch.ReflectionDispatch.dispatch(ReflectionDispatch.java:24)
	at org.gradle.messaging.remote.internal.hub.MessageHub$Handler.run(MessageHub.java:360)
	at org.gradle.internal.concurrent.DefaultExecutorFactory$StoppableExecutorImpl$1.run(DefaultExecutorFactory.java:64)
	at java.util.concurrent.ThreadPoolExecutor.runWorker(ThreadPoolExecutor.java:1145)
	at java.util.concurrent.ThreadPoolExecutor$Worker.run(ThreadPoolExecutor.java:615)
	at java.lang.Thread.run(Thread.java:745)
AddressExtended.talukaName size must be between 0 and 128
java.lang.SecurityException: AddressExtended.talukaName size must be between 0 and 128
	at com.athena.server.pluggable.utils.helper.EntityValidatorHelper.validateEntity(EntityValidatorHelper.java:37)
	at com.app.shared.organizationextendedbc.locationextended.AddressExtended.isValid(AddressExtended.java:234)
	at com.app.server.service.organizationextendedbc.locationextended.AddressExtendedTestCase.validateAddressExtended(AddressExtendedTestCase.java:477)
	at com.app.server.service.organizationextendedbc.locationextended.AddressExtendedTestCase.test5NegativeTesting(AddressExtendedTestCase.java:514)
	at sun.reflect.NativeMethodAccessorImpl.invoke0(Native Method)
	at sun.reflect.NativeMethodAccessorImpl.invoke(NativeMethodAccessorImpl.java:57)
	at sun.reflect.DelegatingMethodAccessorImpl.invoke(DelegatingMethodAccessorImpl.java:43)
	at java.lang.reflect.Method.invoke(Method.java:606)
	at org.junit.runners.model.FrameworkMethod$1.runReflectiveCall(FrameworkMethod.java:47)
	at org.junit.internal.runners.model.ReflectiveCallable.run(ReflectiveCallable.java:12)
	at org.junit.runners.model.FrameworkMethod.invokeExplosively(FrameworkMethod.java:44)
	at org.junit.internal.runners.statements.InvokeMethod.evaluate(InvokeMethod.java:17)
	at org.junit.internal.runners.statements.RunBefores.evaluate(RunBefores.java:26)
	at org.springframework.test.context.junit4.statements.RunBeforeTestMethodCallbacks.evaluate(RunBeforeTestMethodCallbacks.java:74)
	at org.junit.internal.runners.statements.RunAfters.evaluate(RunAfters.java:27)
	at org.springframework.test.context.junit4.statements.RunAfterTestMethodCallbacks.evaluate(RunAfterTestMethodCallbacks.java:83)
	at org.springframework.test.context.junit4.statements.SpringRepeat.evaluate(SpringRepeat.java:72)
	at org.springframework.test.context.junit4.SpringJUnit4ClassRunner.runChild(SpringJUnit4ClassRunner.java:233)
	at org.springframework.test.context.junit4.SpringJUnit4ClassRunner.runChild(SpringJUnit4ClassRunner.java:87)
	at org.junit.runners.ParentRunner$3.run(ParentRunner.java:238)
	at org.junit.runners.ParentRunner$1.schedule(ParentRunner.java:63)
	at org.junit.runners.ParentRunner.runChildren(ParentRunner.java:236)
	at org.junit.runners.ParentRunner.access$000(ParentRunner.java:53)
	at org.junit.runners.ParentRunner$2.evaluate(ParentRunner.java:229)
	at org.junit.internal.runners.statements.RunBefores.evaluate(RunBefores.java:26)
	at org.springframework.test.context.junit4.statements.RunBeforeTestClassCallbacks.evaluate(RunBeforeTestClassCallbacks.java:61)
	at org.springframework.test.context.junit4.statements.RunAfterTestClassCallbacks.evaluate(RunAfterTestClassCallbacks.java:71)
	at org.junit.runners.ParentRunner.run(ParentRunner.java:309)
	at org.springframework.test.context.junit4.SpringJUnit4ClassRunner.run(SpringJUnit4ClassRunner.java:176)
	at org.gradle.api.internal.tasks.testing.junit.JUnitTestClassExecuter.runTestClass(JUnitTestClassExecuter.java:86)
	at org.gradle.api.internal.tasks.testing.junit.JUnitTestClassExecuter.execute(JUnitTestClassExecuter.java:49)
	at org.gradle.api.internal.tasks.testing.junit.JUnitTestClassProcessor.processTestClass(JUnitTestClassProcessor.java:64)
	at org.gradle.api.internal.tasks.testing.SuiteTestClassProcessor.processTestClass(SuiteTestClassProcessor.java:50)
	at sun.reflect.NativeMethodAccessorImpl.invoke0(Native Method)
	at sun.reflect.NativeMethodAccessorImpl.invoke(NativeMethodAccessorImpl.java:57)
	at sun.reflect.DelegatingMethodAccessorImpl.invoke(DelegatingMethodAccessorImpl.java:43)
	at java.lang.reflect.Method.invoke(Method.java:606)
	at org.gradle.messaging.dispatch.ReflectionDispatch.dispatch(ReflectionDispatch.java:35)
	at org.gradle.messaging.dispatch.ReflectionDispatch.dispatch(ReflectionDispatch.java:24)
	at org.gradle.messaging.dispatch.ContextClassLoaderDispatch.dispatch(ContextClassLoaderDispatch.java:32)
	at org.gradle.messaging.dispatch.ProxyDispatchAdapter$DispatchingInvocationHandler.invoke(ProxyDispatchAdapter.java:93)
	at com.sun.proxy.$Proxy2.processTestClass(Unknown Source)
	at org.gradle.api.internal.tasks.testing.worker.TestWorker.processTestClass(TestWorker.java:106)
	at sun.reflect.NativeMethodAccessorImpl.invoke0(Native Method)
	at sun.reflect.NativeMethodAccessorImpl.invoke(NativeMethodAccessorImpl.java:57)
	at sun.reflect.DelegatingMethodAccessorImpl.invoke(DelegatingMethodAccessorImpl.java:43)
	at java.lang.reflect.Method.invoke(Method.java:606)
	at org.gradle.messaging.dispatch.ReflectionDispatch.dispatch(ReflectionDispatch.java:35)
	at org.gradle.messaging.dispatch.ReflectionDispatch.dispatch(ReflectionDispatch.java:24)
	at org.gradle.messaging.remote.internal.hub.MessageHub$Handler.run(MessageHub.java:360)
	at org.gradle.internal.concurrent.DefaultExecutorFactory$StoppableExecutorImpl$1.run(DefaultExecutorFactory.java:64)
	at java.util.concurrent.ThreadPoolExecutor.runWorker(ThreadPoolExecutor.java:1145)
	at java.util.concurrent.ThreadPoolExecutor$Worker.run(ThreadPoolExecutor.java:615)
	at java.lang.Thread.run(Thread.java:745)
]]></system-err>
</testsuite>
