<?xml version="1.0" encoding="UTF-8"?>
<testsuite name="com.app.server.service.organization.contactmanagement.EmailCategoryTestCase" tests="5" skipped="0" failures="0" errors="0" timestamp="2016-09-21T06:35:33" hostname="ab5a12c16337" time="0.403">
  <properties/>
  <testcase name="test1Save" classname="com.app.server.service.organization.contactmanagement.EmailCategoryTestCase" time="0.206"/>
  <testcase name="test2Update" classname="com.app.server.service.organization.contactmanagement.EmailCategoryTestCase" time="0.065"/>
  <testcase name="test3FindById" classname="com.app.server.service.organization.contactmanagement.EmailCategoryTestCase" time="0.026"/>
  <testcase name="test5NegativeTesting" classname="com.app.server.service.organization.contactmanagement.EmailCategoryTestCase" time="0.013"/>
  <testcase name="test6Delete" classname="com.app.server.service.organization.contactmanagement.EmailCategoryTestCase" time="0.093"/>
  <system-out><![CDATA[Wed Sep 21 06:35:33 UTC 2016|Log Manager Factory|Initialization Process started.....
Wed Sep 21 06:35:33 UTC 2016|Log Manager|Initialized with Path = [/home/applifire/workspace/testpro/src/main/webapp/WEB-INF/conf]
Wed Sep 21 06:35:33 UTC 2016|Alarm Manager|Initialized with Path = [/home/applifire/workspace/testpro/src/main/webapp/WEB-INF/conf]
Wed Sep 21 06:35:33 UTC 2016|Alarm Manager|Loading Alarms ......
Wed Sep 21 06:35:33 UTC 2016|Alarm XML Parser|FWA|XML Parsing Complete........ 
Wed Sep 21 06:35:33 UTC 2016|Alarm File Manager|FWA|Alarm File Status.. [ApplicationFrameworkAlarms.xml]|Version=15|Status=Done 
Wed Sep 21 06:35:33 UTC 2016|Alarm File Manager|FWA|Alarm Stats = ( BC/AL=5/786 SYS=5/11 [786/0]  TPL=0/0 [0/0]  APP= A.Map=[875]  E.Map EC/RC=[391/79] )
Wed Sep 21 06:35:33 UTC 2016|Alarm XML Parser|APP|XML Parsing Complete........ 
Wed Sep 21 06:35:33 UTC 2016|Alarm File Manager|APP|Alarm File Status.. [ApplicationAlarms.xml]|Version=1|Status=Done 
Wed Sep 21 06:35:33 UTC 2016|Alarm File Manager|APP|Alarm Stats = ( BC/AL=5/786 SYS=5/11 [786/0]  TPL=0/0 [0/0]  APP=0/0 [0/0]  A.Map=[875]  E.Map EC/RC=[391/79] )
Wed Sep 21 06:35:33 UTC 2016|ApplicationAlarmContext| <><><><><> Create App Alarms ....  <><><><><> 
Wed Sep 21 06:35:33 UTC 2016|ApplicationAlarmContext|Alarms are generated ONLY in Development Mode.. 
Wed Sep 21 06:35:33 UTC 2016|Alarm Manager|APP|Alarm Stats = ( BC/AL=5/786 SYS=5/11 [786/0]  TPL=0/0 [0/0]  APP=0/0 [0/0]  A.Map=[875]  E.Map EC/RC=[391/79] )
Wed Sep 21 06:35:33 UTC 2016|Alarm Manager|Initialized Exception Lookup...
Wed Sep 21 06:35:33 UTC 2016|Log Manager|Initialize Log Config File ......
Wed Sep 21 06:35:33 UTC 2016|Pluggable Connectors|Adding Connectors : StandardOutputConnector isEnabled=true isDefault=false isFallBack=true
Wed Sep 21 06:35:33 UTC 2016|Pluggable Connectors|Adding Connectors : StandardFileConnector isEnabled=true isDefault=false isFallBack=false
Wed Sep 21 06:35:33 UTC 2016|Pluggable Connectors|Adding Connectors : Sprinkler isEnabled=true isDefault=true isFallBack=false
Wed Sep 21 06:35:33 UTC 2016|Pluggable Connectors|Default Connector Name : com.spartan.logger.core.LogMessenger
Wed Sep 21 06:35:33 UTC 2016|Log Config Parser|Connector Least Log Level =[4]  FallBack Log Level =[3]
Wed Sep 21 06:35:33 UTC 2016|Log Manager|Loading Default Connector for Logging ......
Wed Sep 21 06:35:33 UTC 2016|Log Manager|Loading class .. com.spartan.logger.core.LogMessenger
Wed Sep 21 06:35:33 UTC 2016|Plugggable Connector|Connector class com.spartan.logger.core.LogMessenger Initialized... @ Log Level = 3
Wed Sep 21 06:35:33 UTC 2016|Log Manager|Starting the Default Connector [com.spartan.logger.core.LogMessenger@2099c1c2] ....
Wed Sep 21 06:35:33 UTC 2016|Scheduler|Starting the Scheduler ......
Wed Sep 21 06:35:33 UTC 2016|Scheduler|Adding [LMID=[b53b3b4c-eae5-4dab-b5a8-91035a9d6d6b]] Delay=5 Time Unit=MINUTES
Wed Sep 21 06:35:33 UTC 2016|Scheduler|Adding [App Alarm Manager File=[ApplicationAlarms.xml]] Delay=30 Time Unit=MINUTES
Wed Sep 21 06:35:33 UTC 2016|Scheduler|Adding [FW Alarm Manager File=[ApplicationFrameworkAlarms.xml]] Delay=3 Time Unit=MINUTES
Wed Sep 21 06:35:33 UTC 2016|Scheduler|Startup Completed..
Wed Sep 21 06:35:33 UTC 2016|Log Manager|Initialization Process Complete ......
Wed Sep 21 06:35:33 UTC 2016|Log Manager Factory|Log Manager READY! ID = b53b3b4c-eae5-4dab-b5a8-91035a9d6d6b
[EL Finer]: connection: 2016-09-21 06:35:34.106--ServerSession(993367760)--Thread(Thread[Test worker,5,main])--client acquired: 1383312802
[EL Finer]: transaction: 2016-09-21 06:35:34.106--ClientSession(1383312802)--Thread(Thread[Test worker,5,main])--acquire unit of work: 680300792
[EL Finest]: connection: 2016-09-21 06:35:34.106--ServerSession(993367760)--Connection(612474516)--Thread(Thread[Test worker,5,main])--Connection acquired from connection pool [default].
[EL Finer]: transaction: 2016-09-21 06:35:34.106--ClientSession(1383312802)--Connection(612474516)--Thread(Thread[Test worker,5,main])--begin transaction
[EL Finest]: connection: 2016-09-21 06:35:34.106--ClientSession(1383312802)--Thread(Thread[Test worker,5,main])--reconnecting to external connection pool
[EL Finest]: transaction: 2016-09-21 06:35:34.112--UnitOfWork(680300792)--Thread(Thread[Test worker,5,main])--persist() operation called on: ltiI4Re36OhYcvKhn3613u9tErjX4E1POykG6mI0RqRRSPQPBZ.
[EL Finest]: sequencing: 2016-09-21 06:35:34.112--UnitOfWork(680300792)--Thread(Thread[Test worker,5,main])--assign sequence to the object (FA8655CA-8F6E-4B6C-AF63-75E721CDBAC0 -> ltiI4Re36OhYcvKhn3613u9tErjX4E1POykG6mI0RqRRSPQPBZ)
Wed Sep 21 06:35:34 UTC 2016|Unknown Alarm = ORGCM322100200 Alarm Split = ORG-CM-3-2-2-100-200
[EL Finer]: transaction: 2016-09-21 06:35:34.112--UnitOfWork(680300792)--Thread(Thread[Test worker,5,main])--begin unit of work commit
[EL Finest]: query: 2016-09-21 06:35:34.113--UnitOfWork(680300792)--Thread(Thread[Test worker,5,main])--Execute query InsertObjectQuery(ltiI4Re36OhYcvKhn3613u9tErjX4E1POykG6mI0RqRRSPQPBZ)
[EL Fine]: sql: 2016-09-21 06:35:34.113--ClientSession(1383312802)--Connection(827465429)--Thread(Thread[Test worker,5,main])--INSERT INTO EmailCategory (emailCatId, emailCatName, versionId, createdBy, createdDate, updatedBy, updatedDate, activeStatus, txnAccessCode) VALUES (?, ?, ?, ?, ?, ?, ?, ?, ?)
	bind => [FA8655CA-8F6E-4B6C-AF63-75E721CDBAC0, ltiI4Re36OhYcvKhn3613u9tErjX4E1POykG6mI0RqRRSPQPBZ, 1, AAAAA, 2016-09-21 06:35:34.007, AAAAA, 2016-09-21 06:35:34.007, 1, 51000]
[EL Finer]: transaction: 2016-09-21 06:35:34.114--ClientSession(1383312802)--Connection(827465429)--Thread(Thread[Test worker,5,main])--commit transaction
[EL Finest]: connection: 2016-09-21 06:35:34.178--ServerSession(993367760)--Connection(612474516)--Thread(Thread[Test worker,5,main])--Connection released to connection pool [default].
[EL Finer]: transaction: 2016-09-21 06:35:34.178--UnitOfWork(680300792)--Thread(Thread[Test worker,5,main])--end unit of work commit
[EL Finer]: transaction: 2016-09-21 06:35:34.178--UnitOfWork(680300792)--Thread(Thread[Test worker,5,main])--resume unit of work
[EL Finer]: transaction: 2016-09-21 06:35:34.178--UnitOfWork(680300792)--Thread(Thread[Test worker,5,main])--release unit of work
[EL Finer]: connection: 2016-09-21 06:35:34.178--ClientSession(1383312802)--Thread(Thread[Test worker,5,main])--client released
[EL Finer]: connection: 2016-09-21 06:35:34.202--ServerSession(993367760)--Thread(Thread[Test worker,5,main])--client acquired: 971749091
[EL Finer]: transaction: 2016-09-21 06:35:34.202--ClientSession(971749091)--Thread(Thread[Test worker,5,main])--acquire unit of work: 573837002
[EL Finest]: connection: 2016-09-21 06:35:34.202--ServerSession(993367760)--Connection(129433937)--Thread(Thread[Test worker,5,main])--Connection acquired from connection pool [default].
[EL Finer]: transaction: 2016-09-21 06:35:34.202--ClientSession(971749091)--Connection(129433937)--Thread(Thread[Test worker,5,main])--begin transaction
[EL Finest]: connection: 2016-09-21 06:35:34.202--ClientSession(971749091)--Thread(Thread[Test worker,5,main])--reconnecting to external connection pool
[EL Finer]: transaction: 2016-09-21 06:35:34.204--UnitOfWork(573837002)--Thread(Thread[Test worker,5,main])--begin unit of work flush
[EL Finer]: transaction: 2016-09-21 06:35:34.204--UnitOfWork(573837002)--Thread(Thread[Test worker,5,main])--end unit of work flush
[EL Finest]: query: 2016-09-21 06:35:34.204--UnitOfWork(573837002)--Thread(Thread[Test worker,5,main])--Execute query ReadAllQuery(name="EmailCategory.findById" referenceClass=EmailCategory sql="SELECT emailCatId, emailCatName, versionId, createdBy, createdDate, updatedBy, updatedDate, activeStatus, txnAccessCode FROM EmailCategory WHERE ((activeStatus = ?) AND (emailCatId = ?))")
[EL Fine]: sql: 2016-09-21 06:35:34.204--ClientSession(971749091)--Connection(2102412670)--Thread(Thread[Test worker,5,main])--SELECT emailCatId, emailCatName, versionId, createdBy, createdDate, updatedBy, updatedDate, activeStatus, txnAccessCode FROM EmailCategory WHERE ((activeStatus = ?) AND (emailCatId = ?))
	bind => [1, FA8655CA-8F6E-4B6C-AF63-75E721CDBAC0]
Wed Sep 21 06:35:34 UTC 2016|Unknown Alarm = ORGCM324100200 Alarm Split = ORG-CM-3-2-4-100-200
[EL Finer]: transaction: 2016-09-21 06:35:34.206--UnitOfWork(573837002)--Thread(Thread[Test worker,5,main])--begin unit of work commit
[EL Finer]: transaction: 2016-09-21 06:35:34.206--ClientSession(971749091)--Connection(2102412670)--Thread(Thread[Test worker,5,main])--commit transaction
[EL Finest]: connection: 2016-09-21 06:35:34.207--ServerSession(993367760)--Connection(129433937)--Thread(Thread[Test worker,5,main])--Connection released to connection pool [default].
[EL Finer]: transaction: 2016-09-21 06:35:34.207--UnitOfWork(573837002)--Thread(Thread[Test worker,5,main])--end unit of work commit
[EL Finer]: transaction: 2016-09-21 06:35:34.207--UnitOfWork(573837002)--Thread(Thread[Test worker,5,main])--resume unit of work
[EL Finer]: transaction: 2016-09-21 06:35:34.207--UnitOfWork(573837002)--Thread(Thread[Test worker,5,main])--release unit of work
[EL Finer]: connection: 2016-09-21 06:35:34.207--ClientSession(971749091)--Thread(Thread[Test worker,5,main])--client released
[EL Finer]: connection: 2016-09-21 06:35:34.207--ServerSession(993367760)--Thread(Thread[Test worker,5,main])--client acquired: 2115244688
[EL Finer]: transaction: 2016-09-21 06:35:34.208--ClientSession(2115244688)--Thread(Thread[Test worker,5,main])--acquire unit of work: 1473178778
[EL Finest]: connection: 2016-09-21 06:35:34.208--ServerSession(993367760)--Connection(1376755583)--Thread(Thread[Test worker,5,main])--Connection acquired from connection pool [default].
[EL Finer]: transaction: 2016-09-21 06:35:34.208--ClientSession(2115244688)--Connection(1376755583)--Thread(Thread[Test worker,5,main])--begin transaction
[EL Finest]: connection: 2016-09-21 06:35:34.208--ClientSession(2115244688)--Thread(Thread[Test worker,5,main])--reconnecting to external connection pool
[EL Finest]: transaction: 2016-09-21 06:35:34.21--UnitOfWork(1473178778)--Thread(Thread[Test worker,5,main])--Merge clone with references m93uTimB1BUQs6m19Y66mwxSaqAkTINZBQhdLzmZuRJg5xmFQW
[EL Finest]: query: 2016-09-21 06:35:34.21--UnitOfWork(1473178778)--Thread(Thread[Test worker,5,main])--Execute query ReadObjectQuery(referenceClass=EmailCategory )
[EL Fine]: sql: 2016-09-21 06:35:34.211--ClientSession(2115244688)--Connection(1883284033)--Thread(Thread[Test worker,5,main])--SELECT emailCatId, emailCatName, versionId, createdBy, createdDate, updatedBy, updatedDate, activeStatus, txnAccessCode FROM EmailCategory WHERE (emailCatId = ?)
	bind => [FA8655CA-8F6E-4B6C-AF63-75E721CDBAC0]
Wed Sep 21 06:35:34 UTC 2016|Unknown Alarm = ORGCM321100200 Alarm Split = ORG-CM-3-2-1-100-200
[EL Finer]: transaction: 2016-09-21 06:35:34.213--UnitOfWork(1473178778)--Thread(Thread[Test worker,5,main])--begin unit of work commit
[EL Finest]: query: 2016-09-21 06:35:34.214--UnitOfWork(1473178778)--Thread(Thread[Test worker,5,main])--Execute query UpdateObjectQuery(m93uTimB1BUQs6m19Y66mwxSaqAkTINZBQhdLzmZuRJg5xmFQW)
[EL Fine]: sql: 2016-09-21 06:35:34.214--ClientSession(2115244688)--Connection(1883284033)--Thread(Thread[Test worker,5,main])--UPDATE EmailCategory SET emailCatName = ?, versionId = ? WHERE ((emailCatId = ?) AND (versionId = ?))
	bind => [m93uTimB1BUQs6m19Y66mwxSaqAkTINZBQhdLzmZuRJg5xmFQW, 2, FA8655CA-8F6E-4B6C-AF63-75E721CDBAC0, 1]
[EL Finer]: transaction: 2016-09-21 06:35:34.216--ClientSession(2115244688)--Connection(1883284033)--Thread(Thread[Test worker,5,main])--commit transaction
[EL Finest]: connection: 2016-09-21 06:35:34.242--ServerSession(993367760)--Connection(1376755583)--Thread(Thread[Test worker,5,main])--Connection released to connection pool [default].
[EL Finer]: transaction: 2016-09-21 06:35:34.242--UnitOfWork(1473178778)--Thread(Thread[Test worker,5,main])--end unit of work commit
[EL Finer]: transaction: 2016-09-21 06:35:34.242--UnitOfWork(1473178778)--Thread(Thread[Test worker,5,main])--resume unit of work
[EL Finer]: transaction: 2016-09-21 06:35:34.243--UnitOfWork(1473178778)--Thread(Thread[Test worker,5,main])--release unit of work
[EL Finer]: connection: 2016-09-21 06:35:34.243--ClientSession(2115244688)--Thread(Thread[Test worker,5,main])--client released
[EL Finer]: connection: 2016-09-21 06:35:34.264--ServerSession(993367760)--Thread(Thread[Test worker,5,main])--client acquired: 1498586156
[EL Finer]: transaction: 2016-09-21 06:35:34.264--ClientSession(1498586156)--Thread(Thread[Test worker,5,main])--acquire unit of work: 1049311876
[EL Finest]: connection: 2016-09-21 06:35:34.264--ServerSession(993367760)--Connection(648990768)--Thread(Thread[Test worker,5,main])--Connection acquired from connection pool [default].
[EL Finer]: transaction: 2016-09-21 06:35:34.264--ClientSession(1498586156)--Connection(648990768)--Thread(Thread[Test worker,5,main])--begin transaction
[EL Finest]: connection: 2016-09-21 06:35:34.264--ClientSession(1498586156)--Thread(Thread[Test worker,5,main])--reconnecting to external connection pool
[EL Finer]: transaction: 2016-09-21 06:35:34.266--UnitOfWork(1049311876)--Thread(Thread[Test worker,5,main])--begin unit of work flush
[EL Finer]: transaction: 2016-09-21 06:35:34.266--UnitOfWork(1049311876)--Thread(Thread[Test worker,5,main])--end unit of work flush
[EL Finest]: query: 2016-09-21 06:35:34.266--UnitOfWork(1049311876)--Thread(Thread[Test worker,5,main])--Execute query ReadAllQuery(name="EmailCategory.findById" referenceClass=EmailCategory sql="SELECT emailCatId, emailCatName, versionId, createdBy, createdDate, updatedBy, updatedDate, activeStatus, txnAccessCode FROM EmailCategory WHERE ((activeStatus = ?) AND (emailCatId = ?))")
[EL Fine]: sql: 2016-09-21 06:35:34.266--ClientSession(1498586156)--Connection(317945162)--Thread(Thread[Test worker,5,main])--SELECT emailCatId, emailCatName, versionId, createdBy, createdDate, updatedBy, updatedDate, activeStatus, txnAccessCode FROM EmailCategory WHERE ((activeStatus = ?) AND (emailCatId = ?))
	bind => [1, FA8655CA-8F6E-4B6C-AF63-75E721CDBAC0]
Wed Sep 21 06:35:34 UTC 2016|Unknown Alarm = ORGCM324100200 Alarm Split = ORG-CM-3-2-4-100-200
[EL Finer]: transaction: 2016-09-21 06:35:34.268--UnitOfWork(1049311876)--Thread(Thread[Test worker,5,main])--begin unit of work commit
[EL Finer]: transaction: 2016-09-21 06:35:34.268--ClientSession(1498586156)--Connection(317945162)--Thread(Thread[Test worker,5,main])--commit transaction
[EL Finest]: connection: 2016-09-21 06:35:34.268--ServerSession(993367760)--Connection(648990768)--Thread(Thread[Test worker,5,main])--Connection released to connection pool [default].
[EL Finer]: transaction: 2016-09-21 06:35:34.268--UnitOfWork(1049311876)--Thread(Thread[Test worker,5,main])--end unit of work commit
[EL Finer]: transaction: 2016-09-21 06:35:34.268--UnitOfWork(1049311876)--Thread(Thread[Test worker,5,main])--resume unit of work
[EL Finer]: transaction: 2016-09-21 06:35:34.269--UnitOfWork(1049311876)--Thread(Thread[Test worker,5,main])--release unit of work
[EL Finer]: connection: 2016-09-21 06:35:34.269--ClientSession(1498586156)--Thread(Thread[Test worker,5,main])--client released
[EL Finer]: connection: 2016-09-21 06:35:34.308--ServerSession(993367760)--Thread(Thread[Test worker,5,main])--client acquired: 193755614
[EL Finer]: transaction: 2016-09-21 06:35:34.308--ClientSession(193755614)--Thread(Thread[Test worker,5,main])--acquire unit of work: 865395646
[EL Finest]: connection: 2016-09-21 06:35:34.308--ServerSession(993367760)--Connection(1945364838)--Thread(Thread[Test worker,5,main])--Connection acquired from connection pool [default].
[EL Finer]: transaction: 2016-09-21 06:35:34.308--ClientSession(193755614)--Connection(1945364838)--Thread(Thread[Test worker,5,main])--begin transaction
[EL Finest]: connection: 2016-09-21 06:35:34.309--ClientSession(193755614)--Thread(Thread[Test worker,5,main])--reconnecting to external connection pool
[EL Finest]: query: 2016-09-21 06:35:34.31--UnitOfWork(865395646)--Thread(Thread[Test worker,5,main])--Execute query ReadObjectQuery(name="readEmailCategory" referenceClass=EmailCategory sql="SELECT emailCatId, emailCatName, versionId, createdBy, createdDate, updatedBy, updatedDate, activeStatus, txnAccessCode FROM EmailCategory WHERE (emailCatId = ?)")
[EL Fine]: sql: 2016-09-21 06:35:34.31--ClientSession(193755614)--Connection(1979999073)--Thread(Thread[Test worker,5,main])--SELECT emailCatId, emailCatName, versionId, createdBy, createdDate, updatedBy, updatedDate, activeStatus, txnAccessCode FROM EmailCategory WHERE (emailCatId = ?)
	bind => [FA8655CA-8F6E-4B6C-AF63-75E721CDBAC0]
[EL Finest]: transaction: 2016-09-21 06:35:34.311--UnitOfWork(865395646)--Thread(Thread[Test worker,5,main])--remove() operation called on: m93uTimB1BUQs6m19Y66mwxSaqAkTINZBQhdLzmZuRJg5xmFQW
Wed Sep 21 06:35:34 UTC 2016|Unknown Alarm = ORGCM328100200 Alarm Split = ORG-CM-3-2-8-100-200
[EL Finer]: transaction: 2016-09-21 06:35:34.312--UnitOfWork(865395646)--Thread(Thread[Test worker,5,main])--begin unit of work commit
[EL Finest]: query: 2016-09-21 06:35:34.312--UnitOfWork(865395646)--Thread(Thread[Test worker,5,main])--Execute query DoesExistQuery(referenceClass=EmailCategory )
[EL Finest]: query: 2016-09-21 06:35:34.313--UnitOfWork(865395646)--Thread(Thread[Test worker,5,main])--Execute query DeleteObjectQuery(m93uTimB1BUQs6m19Y66mwxSaqAkTINZBQhdLzmZuRJg5xmFQW)
[EL Fine]: sql: 2016-09-21 06:35:34.313--ClientSession(193755614)--Connection(1979999073)--Thread(Thread[Test worker,5,main])--DELETE FROM EmailCategory WHERE ((emailCatId = ?) AND (versionId = ?))
	bind => [FA8655CA-8F6E-4B6C-AF63-75E721CDBAC0, 2]
[EL Finer]: transaction: 2016-09-21 06:35:34.315--ClientSession(193755614)--Connection(1979999073)--Thread(Thread[Test worker,5,main])--commit transaction
[EL Finest]: connection: 2016-09-21 06:35:34.375--ServerSession(993367760)--Connection(1945364838)--Thread(Thread[Test worker,5,main])--Connection released to connection pool [default].
[EL Finer]: transaction: 2016-09-21 06:35:34.375--UnitOfWork(865395646)--Thread(Thread[Test worker,5,main])--end unit of work commit
[EL Finer]: transaction: 2016-09-21 06:35:34.375--UnitOfWork(865395646)--Thread(Thread[Test worker,5,main])--resume unit of work
[EL Finer]: transaction: 2016-09-21 06:35:34.375--UnitOfWork(865395646)--Thread(Thread[Test worker,5,main])--release unit of work
[EL Finer]: connection: 2016-09-21 06:35:34.375--ClientSession(193755614)--Thread(Thread[Test worker,5,main])--client released
]]></system-out>
  <system-err><![CDATA[EmailCategory.emailCatName may not be null
java.lang.SecurityException: EmailCategory.emailCatName may not be null
	at com.athena.server.pluggable.utils.helper.EntityValidatorHelper.validateEntity(EntityValidatorHelper.java:37)
	at com.app.shared.organization.contactmanagement.EmailCategory.isValid(EmailCategory.java:147)
	at com.app.server.service.organization.contactmanagement.EmailCategoryTestCase.validateEmailCategory(EmailCategoryTestCase.java:207)
	at com.app.server.service.organization.contactmanagement.EmailCategoryTestCase.test5NegativeTesting(EmailCategoryTestCase.java:238)
	at sun.reflect.NativeMethodAccessorImpl.invoke0(Native Method)
	at sun.reflect.NativeMethodAccessorImpl.invoke(NativeMethodAccessorImpl.java:57)
	at sun.reflect.DelegatingMethodAccessorImpl.invoke(DelegatingMethodAccessorImpl.java:43)
	at java.lang.reflect.Method.invoke(Method.java:606)
	at org.junit.runners.model.FrameworkMethod$1.runReflectiveCall(FrameworkMethod.java:47)
	at org.junit.internal.runners.model.ReflectiveCallable.run(ReflectiveCallable.java:12)
	at org.junit.runners.model.FrameworkMethod.invokeExplosively(FrameworkMethod.java:44)
	at org.junit.internal.runners.statements.InvokeMethod.evaluate(InvokeMethod.java:17)
	at org.junit.internal.runners.statements.RunBefores.evaluate(RunBefores.java:26)
	at org.springframework.test.context.junit4.statements.RunBeforeTestMethodCallbacks.evaluate(RunBeforeTestMethodCallbacks.java:74)
	at org.junit.internal.runners.statements.RunAfters.evaluate(RunAfters.java:27)
	at org.springframework.test.context.junit4.statements.RunAfterTestMethodCallbacks.evaluate(RunAfterTestMethodCallbacks.java:83)
	at org.springframework.test.context.junit4.statements.SpringRepeat.evaluate(SpringRepeat.java:72)
	at org.springframework.test.context.junit4.SpringJUnit4ClassRunner.runChild(SpringJUnit4ClassRunner.java:233)
	at org.springframework.test.context.junit4.SpringJUnit4ClassRunner.runChild(SpringJUnit4ClassRunner.java:87)
	at org.junit.runners.ParentRunner$3.run(ParentRunner.java:238)
	at org.junit.runners.ParentRunner$1.schedule(ParentRunner.java:63)
	at org.junit.runners.ParentRunner.runChildren(ParentRunner.java:236)
	at org.junit.runners.ParentRunner.access$000(ParentRunner.java:53)
	at org.junit.runners.ParentRunner$2.evaluate(ParentRunner.java:229)
	at org.junit.internal.runners.statements.RunBefores.evaluate(RunBefores.java:26)
	at org.springframework.test.context.junit4.statements.RunBeforeTestClassCallbacks.evaluate(RunBeforeTestClassCallbacks.java:61)
	at org.springframework.test.context.junit4.statements.RunAfterTestClassCallbacks.evaluate(RunAfterTestClassCallbacks.java:71)
	at org.junit.runners.ParentRunner.run(ParentRunner.java:309)
	at org.springframework.test.context.junit4.SpringJUnit4ClassRunner.run(SpringJUnit4ClassRunner.java:176)
	at org.gradle.api.internal.tasks.testing.junit.JUnitTestClassExecuter.runTestClass(JUnitTestClassExecuter.java:86)
	at org.gradle.api.internal.tasks.testing.junit.JUnitTestClassExecuter.execute(JUnitTestClassExecuter.java:49)
	at org.gradle.api.internal.tasks.testing.junit.JUnitTestClassProcessor.processTestClass(JUnitTestClassProcessor.java:64)
	at org.gradle.api.internal.tasks.testing.SuiteTestClassProcessor.processTestClass(SuiteTestClassProcessor.java:50)
	at sun.reflect.GeneratedMethodAccessor126.invoke(Unknown Source)
	at sun.reflect.DelegatingMethodAccessorImpl.invoke(DelegatingMethodAccessorImpl.java:43)
	at java.lang.reflect.Method.invoke(Method.java:606)
	at org.gradle.messaging.dispatch.ReflectionDispatch.dispatch(ReflectionDispatch.java:35)
	at org.gradle.messaging.dispatch.ReflectionDispatch.dispatch(ReflectionDispatch.java:24)
	at org.gradle.messaging.dispatch.ContextClassLoaderDispatch.dispatch(ContextClassLoaderDispatch.java:32)
	at org.gradle.messaging.dispatch.ProxyDispatchAdapter$DispatchingInvocationHandler.invoke(ProxyDispatchAdapter.java:93)
	at com.sun.proxy.$Proxy2.processTestClass(Unknown Source)
	at org.gradle.api.internal.tasks.testing.worker.TestWorker.processTestClass(TestWorker.java:106)
	at sun.reflect.GeneratedMethodAccessor125.invoke(Unknown Source)
	at sun.reflect.DelegatingMethodAccessorImpl.invoke(DelegatingMethodAccessorImpl.java:43)
	at java.lang.reflect.Method.invoke(Method.java:606)
	at org.gradle.messaging.dispatch.ReflectionDispatch.dispatch(ReflectionDispatch.java:35)
	at org.gradle.messaging.dispatch.ReflectionDispatch.dispatch(ReflectionDispatch.java:24)
	at org.gradle.messaging.remote.internal.hub.MessageHub$Handler.run(MessageHub.java:360)
	at org.gradle.internal.concurrent.DefaultExecutorFactory$StoppableExecutorImpl$1.run(DefaultExecutorFactory.java:64)
	at java.util.concurrent.ThreadPoolExecutor.runWorker(ThreadPoolExecutor.java:1145)
	at java.util.concurrent.ThreadPoolExecutor$Worker.run(ThreadPoolExecutor.java:615)
	at java.lang.Thread.run(Thread.java:745)
EmailCategory.emailCatName size must be between 1 and 256
java.lang.SecurityException: EmailCategory.emailCatName size must be between 1 and 256
	at com.athena.server.pluggable.utils.helper.EntityValidatorHelper.validateEntity(EntityValidatorHelper.java:37)
	at com.app.shared.organization.contactmanagement.EmailCategory.isValid(EmailCategory.java:147)
	at com.app.server.service.organization.contactmanagement.EmailCategoryTestCase.validateEmailCategory(EmailCategoryTestCase.java:205)
	at com.app.server.service.organization.contactmanagement.EmailCategoryTestCase.test5NegativeTesting(EmailCategoryTestCase.java:243)
	at sun.reflect.NativeMethodAccessorImpl.invoke0(Native Method)
	at sun.reflect.NativeMethodAccessorImpl.invoke(NativeMethodAccessorImpl.java:57)
	at sun.reflect.DelegatingMethodAccessorImpl.invoke(DelegatingMethodAccessorImpl.java:43)
	at java.lang.reflect.Method.invoke(Method.java:606)
	at org.junit.runners.model.FrameworkMethod$1.runReflectiveCall(FrameworkMethod.java:47)
	at org.junit.internal.runners.model.ReflectiveCallable.run(ReflectiveCallable.java:12)
	at org.junit.runners.model.FrameworkMethod.invokeExplosively(FrameworkMethod.java:44)
	at org.junit.internal.runners.statements.InvokeMethod.evaluate(InvokeMethod.java:17)
	at org.junit.internal.runners.statements.RunBefores.evaluate(RunBefores.java:26)
	at org.springframework.test.context.junit4.statements.RunBeforeTestMethodCallbacks.evaluate(RunBeforeTestMethodCallbacks.java:74)
	at org.junit.internal.runners.statements.RunAfters.evaluate(RunAfters.java:27)
	at org.springframework.test.context.junit4.statements.RunAfterTestMethodCallbacks.evaluate(RunAfterTestMethodCallbacks.java:83)
	at org.springframework.test.context.junit4.statements.SpringRepeat.evaluate(SpringRepeat.java:72)
	at org.springframework.test.context.junit4.SpringJUnit4ClassRunner.runChild(SpringJUnit4ClassRunner.java:233)
	at org.springframework.test.context.junit4.SpringJUnit4ClassRunner.runChild(SpringJUnit4ClassRunner.java:87)
	at org.junit.runners.ParentRunner$3.run(ParentRunner.java:238)
	at org.junit.runners.ParentRunner$1.schedule(ParentRunner.java:63)
	at org.junit.runners.ParentRunner.runChildren(ParentRunner.java:236)
	at org.junit.runners.ParentRunner.access$000(ParentRunner.java:53)
	at org.junit.runners.ParentRunner$2.evaluate(ParentRunner.java:229)
	at org.junit.internal.runners.statements.RunBefores.evaluate(RunBefores.java:26)
	at org.springframework.test.context.junit4.statements.RunBeforeTestClassCallbacks.evaluate(RunBeforeTestClassCallbacks.java:61)
	at org.springframework.test.context.junit4.statements.RunAfterTestClassCallbacks.evaluate(RunAfterTestClassCallbacks.java:71)
	at org.junit.runners.ParentRunner.run(ParentRunner.java:309)
	at org.springframework.test.context.junit4.SpringJUnit4ClassRunner.run(SpringJUnit4ClassRunner.java:176)
	at org.gradle.api.internal.tasks.testing.junit.JUnitTestClassExecuter.runTestClass(JUnitTestClassExecuter.java:86)
	at org.gradle.api.internal.tasks.testing.junit.JUnitTestClassExecuter.execute(JUnitTestClassExecuter.java:49)
	at org.gradle.api.internal.tasks.testing.junit.JUnitTestClassProcessor.processTestClass(JUnitTestClassProcessor.java:64)
	at org.gradle.api.internal.tasks.testing.SuiteTestClassProcessor.processTestClass(SuiteTestClassProcessor.java:50)
	at sun.reflect.GeneratedMethodAccessor126.invoke(Unknown Source)
	at sun.reflect.DelegatingMethodAccessorImpl.invoke(DelegatingMethodAccessorImpl.java:43)
	at java.lang.reflect.Method.invoke(Method.java:606)
	at org.gradle.messaging.dispatch.ReflectionDispatch.dispatch(ReflectionDispatch.java:35)
	at org.gradle.messaging.dispatch.ReflectionDispatch.dispatch(ReflectionDispatch.java:24)
	at org.gradle.messaging.dispatch.ContextClassLoaderDispatch.dispatch(ContextClassLoaderDispatch.java:32)
	at org.gradle.messaging.dispatch.ProxyDispatchAdapter$DispatchingInvocationHandler.invoke(ProxyDispatchAdapter.java:93)
	at com.sun.proxy.$Proxy2.processTestClass(Unknown Source)
	at org.gradle.api.internal.tasks.testing.worker.TestWorker.processTestClass(TestWorker.java:106)
	at sun.reflect.GeneratedMethodAccessor125.invoke(Unknown Source)
	at sun.reflect.DelegatingMethodAccessorImpl.invoke(DelegatingMethodAccessorImpl.java:43)
	at java.lang.reflect.Method.invoke(Method.java:606)
	at org.gradle.messaging.dispatch.ReflectionDispatch.dispatch(ReflectionDispatch.java:35)
	at org.gradle.messaging.dispatch.ReflectionDispatch.dispatch(ReflectionDispatch.java:24)
	at org.gradle.messaging.remote.internal.hub.MessageHub$Handler.run(MessageHub.java:360)
	at org.gradle.internal.concurrent.DefaultExecutorFactory$StoppableExecutorImpl$1.run(DefaultExecutorFactory.java:64)
	at java.util.concurrent.ThreadPoolExecutor.runWorker(ThreadPoolExecutor.java:1145)
	at java.util.concurrent.ThreadPoolExecutor$Worker.run(ThreadPoolExecutor.java:615)
	at java.lang.Thread.run(Thread.java:745)
]]></system-err>
</testsuite>
