<?xml version="1.0" encoding="UTF-8"?>
<testsuite name="com.app.server.service.organizationextendedbc.locationextended.TalukaTestCase" tests="9" skipped="0" failures="0" errors="0" timestamp="2016-09-21T06:35:12" hostname="ab5a12c16337" time="1.122">
  <properties/>
  <testcase name="test1Save" classname="com.app.server.service.organizationextendedbc.locationextended.TalukaTestCase" time="0.395"/>
  <testcase name="test2Update" classname="com.app.server.service.organizationextendedbc.locationextended.TalukaTestCase" time="0.116"/>
  <testcase name="test3FindById" classname="com.app.server.service.organizationextendedbc.locationextended.TalukaTestCase" time="0.038"/>
  <testcase name="test3findBycountryId" classname="com.app.server.service.organizationextendedbc.locationextended.TalukaTestCase" time="0.041"/>
  <testcase name="test3findBydistrictId" classname="com.app.server.service.organizationextendedbc.locationextended.TalukaTestCase" time="0.03"/>
  <testcase name="test3findByregionId" classname="com.app.server.service.organizationextendedbc.locationextended.TalukaTestCase" time="0.035"/>
  <testcase name="test3findBystateId" classname="com.app.server.service.organizationextendedbc.locationextended.TalukaTestCase" time="0.03"/>
  <testcase name="test5NegativeTesting" classname="com.app.server.service.organizationextendedbc.locationextended.TalukaTestCase" time="0.06"/>
  <testcase name="test6Delete" classname="com.app.server.service.organizationextendedbc.locationextended.TalukaTestCase" time="0.376"/>
  <system-out><![CDATA[Wed Sep 21 06:35:12 UTC 2016|Log Manager Factory|Initialization Process started.....
Wed Sep 21 06:35:12 UTC 2016|Log Manager|Initialized with Path = [/home/applifire/workspace/testpro/src/main/webapp/WEB-INF/conf]
Wed Sep 21 06:35:12 UTC 2016|Alarm Manager|Initialized with Path = [/home/applifire/workspace/testpro/src/main/webapp/WEB-INF/conf]
Wed Sep 21 06:35:12 UTC 2016|Alarm Manager|Loading Alarms ......
Wed Sep 21 06:35:12 UTC 2016|Alarm XML Parser|FWA|XML Parsing Complete........ 
Wed Sep 21 06:35:12 UTC 2016|Alarm File Manager|FWA|Alarm File Status.. [ApplicationFrameworkAlarms.xml]|Version=15|Status=Done 
Wed Sep 21 06:35:12 UTC 2016|Alarm File Manager|FWA|Alarm Stats = ( BC/AL=5/786 SYS=5/11 [786/0]  TPL=0/0 [0/0]  APP= A.Map=[875]  E.Map EC/RC=[391/79] )
Wed Sep 21 06:35:12 UTC 2016|Alarm XML Parser|APP|XML Parsing Complete........ 
Wed Sep 21 06:35:12 UTC 2016|Alarm File Manager|APP|Alarm File Status.. [ApplicationAlarms.xml]|Version=1|Status=Done 
Wed Sep 21 06:35:12 UTC 2016|Alarm File Manager|APP|Alarm Stats = ( BC/AL=5/786 SYS=5/11 [786/0]  TPL=0/0 [0/0]  APP=0/0 [0/0]  A.Map=[875]  E.Map EC/RC=[391/79] )
Wed Sep 21 06:35:12 UTC 2016|ApplicationAlarmContext| <><><><><> Create App Alarms ....  <><><><><> 
Wed Sep 21 06:35:12 UTC 2016|ApplicationAlarmContext|Alarms are generated ONLY in Development Mode.. 
Wed Sep 21 06:35:12 UTC 2016|Alarm Manager|APP|Alarm Stats = ( BC/AL=5/786 SYS=5/11 [786/0]  TPL=0/0 [0/0]  APP=0/0 [0/0]  A.Map=[875]  E.Map EC/RC=[391/79] )
Wed Sep 21 06:35:12 UTC 2016|Alarm Manager|Initialized Exception Lookup...
Wed Sep 21 06:35:12 UTC 2016|Log Manager|Initialize Log Config File ......
Wed Sep 21 06:35:12 UTC 2016|Pluggable Connectors|Adding Connectors : StandardOutputConnector isEnabled=true isDefault=false isFallBack=true
Wed Sep 21 06:35:12 UTC 2016|Pluggable Connectors|Adding Connectors : StandardFileConnector isEnabled=true isDefault=false isFallBack=false
Wed Sep 21 06:35:12 UTC 2016|Pluggable Connectors|Adding Connectors : Sprinkler isEnabled=true isDefault=true isFallBack=false
Wed Sep 21 06:35:12 UTC 2016|Pluggable Connectors|Default Connector Name : com.spartan.logger.core.LogMessenger
Wed Sep 21 06:35:12 UTC 2016|Log Config Parser|Connector Least Log Level =[4]  FallBack Log Level =[3]
Wed Sep 21 06:35:12 UTC 2016|Log Manager|Loading Default Connector for Logging ......
Wed Sep 21 06:35:12 UTC 2016|Log Manager|Loading class .. com.spartan.logger.core.LogMessenger
Wed Sep 21 06:35:12 UTC 2016|Plugggable Connector|Connector class com.spartan.logger.core.LogMessenger Initialized... @ Log Level = 3
Wed Sep 21 06:35:12 UTC 2016|Log Manager|Starting the Default Connector [com.spartan.logger.core.LogMessenger@3e2c3488] ....
Wed Sep 21 06:35:12 UTC 2016|Scheduler|Starting the Scheduler ......
Wed Sep 21 06:35:12 UTC 2016|Scheduler|Adding [LMID=[b53b3b4c-eae5-4dab-b5a8-91035a9d6d6b]] Delay=5 Time Unit=MINUTES
Wed Sep 21 06:35:12 UTC 2016|Scheduler|Adding [App Alarm Manager File=[ApplicationAlarms.xml]] Delay=30 Time Unit=MINUTES
Wed Sep 21 06:35:12 UTC 2016|Scheduler|Adding [FW Alarm Manager File=[ApplicationFrameworkAlarms.xml]] Delay=3 Time Unit=MINUTES
Wed Sep 21 06:35:12 UTC 2016|Scheduler|Startup Completed..
Wed Sep 21 06:35:12 UTC 2016|Log Manager|Initialization Process Complete ......
Wed Sep 21 06:35:12 UTC 2016|Log Manager Factory|Log Manager READY! ID = b53b3b4c-eae5-4dab-b5a8-91035a9d6d6b
[EL Finer]: connection: 2016-09-21 06:35:12.14--ServerSession(993367760)--Thread(Thread[Test worker,5,main])--client acquired: 727253122
[EL Finer]: transaction: 2016-09-21 06:35:12.14--ClientSession(727253122)--Thread(Thread[Test worker,5,main])--acquire unit of work: 1613786377
[EL Finest]: connection: 2016-09-21 06:35:12.14--ServerSession(993367760)--Connection(189176629)--Thread(Thread[Test worker,5,main])--Connection acquired from connection pool [default].
[EL Finer]: transaction: 2016-09-21 06:35:12.14--ClientSession(727253122)--Connection(189176629)--Thread(Thread[Test worker,5,main])--begin transaction
[EL Finest]: connection: 2016-09-21 06:35:12.14--ClientSession(727253122)--Thread(Thread[Test worker,5,main])--reconnecting to external connection pool
Wed Sep 21 06:35:12 UTC 2016|Unknown Alarm = ORGLM312100100 Alarm Split = ORG-LM-3-1-2-100-100
[EL Finest]: transaction: 2016-09-21 06:35:12.146--UnitOfWork(1613786377)--Thread(Thread[Test worker,5,main])--persist() operation called on: ZUarCFe4G2B52Ezk58kKl9AuL2BsAepZfOxGxeqgWLIu3Ye5Bh.
[EL Finest]: sequencing: 2016-09-21 06:35:12.146--UnitOfWork(1613786377)--Thread(Thread[Test worker,5,main])--assign sequence to the object (3A734DEA-C5A8-43C4-B0C7-9E258EE7BFDF -> ZUarCFe4G2B52Ezk58kKl9AuL2BsAepZfOxGxeqgWLIu3Ye5Bh)
[EL Finer]: transaction: 2016-09-21 06:35:12.146--UnitOfWork(1613786377)--Thread(Thread[Test worker,5,main])--begin unit of work commit
[EL Finest]: query: 2016-09-21 06:35:12.147--UnitOfWork(1613786377)--Thread(Thread[Test worker,5,main])--Execute query InsertObjectQuery(ZUarCFe4G2B52Ezk58kKl9AuL2BsAepZfOxGxeqgWLIu3Ye5Bh)
[EL Fine]: sql: 2016-09-21 06:35:12.147--ClientSession(727253122)--Connection(362020065)--Thread(Thread[Test worker,5,main])--INSERT INTO Country (countryId, capital, capitalLatitude, capitalLongitude, countryCode1, countryCode2, countryFlag, countryName, currencyCode, currencyName, currencySymbol, isoNumeric, versionId, createdBy, createdDate, updatedBy, updatedDate, activeStatus, txnAccessCode) VALUES (?, ?, ?, ?, ?, ?, ?, ?, ?, ?, ?, ?, ?, ?, ?, ?, ?, ?, ?)
	bind => [3A734DEA-C5A8-43C4-B0C7-9E258EE7BFDF, ahceLJfwt0iPKHzogxC26qyfWcKcIV5b, 5, 10, ATN, mdP, F6SlLQVxGRX1ysqcSMbdZOnK7IKc3ejxbGDSdA1Ewa7EaQwf01, ZUarCFe4G2B52Ezk58kKl9AuL2BsAepZfOxGxeqgWLIu3Ye5Bh, 4bp, z0ctsa7sDHwlHvqrFF8FqDmcA96wXusCgYAKD0lXpcb0bk89iO, h3oozIxLWhjxsIjtYBjXJ3b5WpUs2pho, 113, 1, AAAAA, 2016-09-21 06:35:12.123, AAAAA, 2016-09-21 06:35:12.123, 1, 51000]
[EL Finer]: transaction: 2016-09-21 06:35:12.149--ClientSession(727253122)--Connection(362020065)--Thread(Thread[Test worker,5,main])--commit transaction
[EL Finest]: connection: 2016-09-21 06:35:12.174--ServerSession(993367760)--Connection(189176629)--Thread(Thread[Test worker,5,main])--Connection released to connection pool [default].
[EL Finer]: transaction: 2016-09-21 06:35:12.174--UnitOfWork(1613786377)--Thread(Thread[Test worker,5,main])--end unit of work commit
[EL Finer]: transaction: 2016-09-21 06:35:12.174--UnitOfWork(1613786377)--Thread(Thread[Test worker,5,main])--resume unit of work
[EL Finer]: transaction: 2016-09-21 06:35:12.175--UnitOfWork(1613786377)--Thread(Thread[Test worker,5,main])--release unit of work
[EL Finer]: connection: 2016-09-21 06:35:12.175--ClientSession(727253122)--Thread(Thread[Test worker,5,main])--client released
[EL Finer]: connection: 2016-09-21 06:35:12.203--ServerSession(993367760)--Thread(Thread[Test worker,5,main])--client acquired: 444852282
[EL Finer]: transaction: 2016-09-21 06:35:12.204--ClientSession(444852282)--Thread(Thread[Test worker,5,main])--acquire unit of work: 1241728367
[EL Finest]: connection: 2016-09-21 06:35:12.204--ServerSession(993367760)--Connection(482582623)--Thread(Thread[Test worker,5,main])--Connection acquired from connection pool [default].
[EL Finer]: transaction: 2016-09-21 06:35:12.204--ClientSession(444852282)--Connection(482582623)--Thread(Thread[Test worker,5,main])--begin transaction
[EL Finest]: connection: 2016-09-21 06:35:12.204--ClientSession(444852282)--Thread(Thread[Test worker,5,main])--reconnecting to external connection pool
Wed Sep 21 06:35:12 UTC 2016|Unknown Alarm = ORGLM312100100 Alarm Split = ORG-LM-3-1-2-100-100
[EL Finest]: transaction: 2016-09-21 06:35:12.215--UnitOfWork(1241728367)--Thread(Thread[Test worker,5,main])--persist() operation called on: 3MghfXfllOFFCmlxZNTTgivKBl41jSSGjkMC6JtTrg4uyJPOMT.
[EL Finest]: sequencing: 2016-09-21 06:35:12.215--UnitOfWork(1241728367)--Thread(Thread[Test worker,5,main])--assign sequence to the object (AA75A99F-1F64-4268-9525-BFC31C8FC142 -> 3MghfXfllOFFCmlxZNTTgivKBl41jSSGjkMC6JtTrg4uyJPOMT)
[EL Finer]: transaction: 2016-09-21 06:35:12.216--UnitOfWork(1241728367)--Thread(Thread[Test worker,5,main])--begin unit of work commit
[EL Finest]: query: 2016-09-21 06:35:12.216--UnitOfWork(1241728367)--Thread(Thread[Test worker,5,main])--Execute query InsertObjectQuery(3MghfXfllOFFCmlxZNTTgivKBl41jSSGjkMC6JtTrg4uyJPOMT)
[EL Fine]: sql: 2016-09-21 06:35:12.217--ClientSession(444852282)--Connection(1920103697)--Thread(Thread[Test worker,5,main])--INSERT INTO State (stateId, countryId, stateCapital, stateCapitalLatitude, stateCapitalLongitude, stateCode, stateCodeChar2, stateCodeChar3, stateDescription, stateFlag, stateName, versionId, createdBy, createdDate, updatedBy, updatedDate, activeStatus, txnAccessCode) VALUES (?, ?, ?, ?, ?, ?, ?, ?, ?, ?, ?, ?, ?, ?, ?, ?, ?, ?)
	bind => [AA75A99F-1F64-4268-9525-BFC31C8FC142, 3A734DEA-C5A8-43C4-B0C7-9E258EE7BFDF, d5nh8PUuvctqyQOiwlXFDlZJEtNyJ99Wty5V8JLiEfJvA0LUOC, 9, 1, 2, KtxUaXtgyYM011w2nQBInKPpkm8tJGUx, qWa0X1pbxm9YyaqzLpZE34RtllFuLMka, utELF7cXv2pACuwvyKEiosDUso7MOMBkVcVcxYNBjt9NZEqOwD, oOdLemPgApkb9LMGkPtdoVq6QyUPOj00WbdnHcE2WNqK5czg6o, 3MghfXfllOFFCmlxZNTTgivKBl41jSSGjkMC6JtTrg4uyJPOMT, 1, AAAAA, 2016-09-21 06:35:12.123, AAAAA, 2016-09-21 06:35:12.123, 1, 51000]
[EL Finer]: transaction: 2016-09-21 06:35:12.218--ClientSession(444852282)--Connection(1920103697)--Thread(Thread[Test worker,5,main])--commit transaction
[EL Finest]: connection: 2016-09-21 06:35:12.265--ServerSession(993367760)--Connection(482582623)--Thread(Thread[Test worker,5,main])--Connection released to connection pool [default].
[EL Finer]: transaction: 2016-09-21 06:35:12.266--UnitOfWork(1241728367)--Thread(Thread[Test worker,5,main])--end unit of work commit
[EL Finer]: transaction: 2016-09-21 06:35:12.266--UnitOfWork(1241728367)--Thread(Thread[Test worker,5,main])--resume unit of work
[EL Finer]: transaction: 2016-09-21 06:35:12.266--UnitOfWork(1241728367)--Thread(Thread[Test worker,5,main])--release unit of work
[EL Finer]: connection: 2016-09-21 06:35:12.266--ClientSession(444852282)--Thread(Thread[Test worker,5,main])--client released
[EL Finer]: connection: 2016-09-21 06:35:12.283--ServerSession(993367760)--Thread(Thread[Test worker,5,main])--client acquired: 345053663
[EL Finer]: transaction: 2016-09-21 06:35:12.283--ClientSession(345053663)--Thread(Thread[Test worker,5,main])--acquire unit of work: 1111067141
[EL Finest]: connection: 2016-09-21 06:35:12.284--ServerSession(993367760)--Connection(1335128122)--Thread(Thread[Test worker,5,main])--Connection acquired from connection pool [default].
[EL Finer]: transaction: 2016-09-21 06:35:12.284--ClientSession(345053663)--Connection(1335128122)--Thread(Thread[Test worker,5,main])--begin transaction
[EL Finest]: connection: 2016-09-21 06:35:12.284--ClientSession(345053663)--Thread(Thread[Test worker,5,main])--reconnecting to external connection pool
Wed Sep 21 06:35:12 UTC 2016|Unknown Alarm = OEBLE312100100 Alarm Split = OEB-LE-3-1-2-100-100
[EL Finest]: transaction: 2016-09-21 06:35:12.289--UnitOfWork(1111067141)--Thread(Thread[Test worker,5,main])--persist() operation called on: DDoZ7NUJIw7LGQisTWHPamfBnZmQf0EylNJwnUjvo8h1QHJT06,2,JGCyxEgQrnDA5b0J3OPkWwOjOiBihTJy.
[EL Finest]: sequencing: 2016-09-21 06:35:12.289--UnitOfWork(1111067141)--Thread(Thread[Test worker,5,main])--assign sequence to the object (22C076EA-8CFF-4559-8621-AF7AB50A0EC8 -> DDoZ7NUJIw7LGQisTWHPamfBnZmQf0EylNJwnUjvo8h1QHJT06,2,JGCyxEgQrnDA5b0J3OPkWwOjOiBihTJy)
Wed Sep 21 06:35:12 UTC 2016|Unknown Alarm = OEBLE322100200 Alarm Split = OEB-LE-3-2-2-100-200
Wed Sep 21 06:35:12 UTC 2016|Unknown Alarm = OEBLE317100100 Alarm Split = OEB-LE-3-1-7-100-100
[EL Finer]: transaction: 2016-09-21 06:35:12.29--UnitOfWork(1111067141)--Thread(Thread[Test worker,5,main])--begin unit of work commit
[EL Finest]: query: 2016-09-21 06:35:12.29--UnitOfWork(1111067141)--Thread(Thread[Test worker,5,main])--Execute query InsertObjectQuery(DDoZ7NUJIw7LGQisTWHPamfBnZmQf0EylNJwnUjvo8h1QHJT06,2,JGCyxEgQrnDA5b0J3OPkWwOjOiBihTJy)
[EL Fine]: sql: 2016-09-21 06:35:12.291--ClientSession(345053663)--Connection(1930363530)--Thread(Thread[Test worker,5,main])--INSERT INTO Region (regionId, countryId, regionCode1, regionCodeChar2, regionDescription, regionFlag, regionLatitude, regionLongitude, regionName, stateId, versionId, createdBy, createdDate, updatedBy, updatedDate, activeStatus, txnAccessCode) VALUES (?, ?, ?, ?, ?, ?, ?, ?, ?, ?, ?, ?, ?, ?, ?, ?, ?)
	bind => [22C076EA-8CFF-4559-8621-AF7AB50A0EC8, 3A734DEA-C5A8-43C4-B0C7-9E258EE7BFDF, 2, JGCyxEgQrnDA5b0J3OPkWwOjOiBihTJy, gRoLtPFat5PLoXPmfOpCH2PnnPIaRCRyGfEx31FkYk5QHk8Inp, mWuWQNaMBv9BgTGIZDG7CWDBQkH14zYsl4BztnfnRniyNkcFsr, 1, 3, DDoZ7NUJIw7LGQisTWHPamfBnZmQf0EylNJwnUjvo8h1QHJT06, AA75A99F-1F64-4268-9525-BFC31C8FC142, 1, AAAAA, 2016-09-21 06:35:12.267, AAAAA, 2016-09-21 06:35:12.267, 1, 51000]
[EL Finer]: transaction: 2016-09-21 06:35:12.294--ClientSession(345053663)--Connection(1930363530)--Thread(Thread[Test worker,5,main])--commit transaction
[EL Finest]: connection: 2016-09-21 06:35:12.347--ServerSession(993367760)--Connection(1335128122)--Thread(Thread[Test worker,5,main])--Connection released to connection pool [default].
[EL Finer]: transaction: 2016-09-21 06:35:12.347--UnitOfWork(1111067141)--Thread(Thread[Test worker,5,main])--end unit of work commit
[EL Finer]: transaction: 2016-09-21 06:35:12.347--UnitOfWork(1111067141)--Thread(Thread[Test worker,5,main])--resume unit of work
[EL Finer]: transaction: 2016-09-21 06:35:12.348--UnitOfWork(1111067141)--Thread(Thread[Test worker,5,main])--release unit of work
[EL Finer]: connection: 2016-09-21 06:35:12.348--ClientSession(345053663)--Thread(Thread[Test worker,5,main])--client released
[EL Finer]: connection: 2016-09-21 06:35:12.364--ServerSession(993367760)--Thread(Thread[Test worker,5,main])--client acquired: 1817244091
[EL Finer]: transaction: 2016-09-21 06:35:12.364--ClientSession(1817244091)--Thread(Thread[Test worker,5,main])--acquire unit of work: 909009803
[EL Finest]: connection: 2016-09-21 06:35:12.364--ServerSession(993367760)--Connection(529094263)--Thread(Thread[Test worker,5,main])--Connection acquired from connection pool [default].
[EL Finer]: transaction: 2016-09-21 06:35:12.364--ClientSession(1817244091)--Connection(529094263)--Thread(Thread[Test worker,5,main])--begin transaction
[EL Finest]: connection: 2016-09-21 06:35:12.364--ClientSession(1817244091)--Thread(Thread[Test worker,5,main])--reconnecting to external connection pool
Wed Sep 21 06:35:12 UTC 2016|Unknown Alarm = OEBLE312100100 Alarm Split = OEB-LE-3-1-2-100-100
[EL Finest]: transaction: 2016-09-21 06:35:12.369--UnitOfWork(909009803)--Thread(Thread[Test worker,5,main])--persist() operation called on: ytEn86vdhAwNLcBjccTJsmSvCAnqjwgg00T4dnZYU1mj3E9PCB,oRwYI6gUlneSyyO7d4AHwzAinAhBn9Hc.
[EL Finest]: sequencing: 2016-09-21 06:35:12.37--UnitOfWork(909009803)--Thread(Thread[Test worker,5,main])--assign sequence to the object (3476C457-0D31-41E0-9A87-46F252E5CE4D -> ytEn86vdhAwNLcBjccTJsmSvCAnqjwgg00T4dnZYU1mj3E9PCB,oRwYI6gUlneSyyO7d4AHwzAinAhBn9Hc)
Wed Sep 21 06:35:12 UTC 2016|Unknown Alarm = OEBLE322100200 Alarm Split = OEB-LE-3-2-2-100-200
Wed Sep 21 06:35:12 UTC 2016|Unknown Alarm = OEBLE317100100 Alarm Split = OEB-LE-3-1-7-100-100
[EL Finer]: transaction: 2016-09-21 06:35:12.37--UnitOfWork(909009803)--Thread(Thread[Test worker,5,main])--begin unit of work commit
[EL Finest]: query: 2016-09-21 06:35:12.37--UnitOfWork(909009803)--Thread(Thread[Test worker,5,main])--Execute query InsertObjectQuery(ytEn86vdhAwNLcBjccTJsmSvCAnqjwgg00T4dnZYU1mj3E9PCB,oRwYI6gUlneSyyO7d4AHwzAinAhBn9Hc)
[EL Fine]: sql: 2016-09-21 06:35:12.371--ClientSession(1817244091)--Connection(1570352665)--Thread(Thread[Test worker,5,main])--INSERT INTO District (districtId, code2, countryId, districtDescription, districtFlag, districtLatitude, districtLongitude, Name, regionId, stateId, versionId, createdBy, createdDate, updatedBy, updatedDate, activeStatus, txnAccessCode) VALUES (?, ?, ?, ?, ?, ?, ?, ?, ?, ?, ?, ?, ?, ?, ?, ?, ?)
	bind => [3476C457-0D31-41E0-9A87-46F252E5CE4D, oRwYI6gUlneSyyO7d4AHwzAinAhBn9Hc, 3A734DEA-C5A8-43C4-B0C7-9E258EE7BFDF, SgrxRu6C3HnLUwjQJ0C5cUzkJjDaI8ePNMNmRcUWLbHU8tWfFS, JQEt5yUsi6tPMDABnG4qFlImdRG82SglVQBTdiYibrIW4Z6l2u, 5, 10, ytEn86vdhAwNLcBjccTJsmSvCAnqjwgg00T4dnZYU1mj3E9PCB, 22C076EA-8CFF-4559-8621-AF7AB50A0EC8, AA75A99F-1F64-4268-9525-BFC31C8FC142, 1, AAAAA, 2016-09-21 06:35:12.266, AAAAA, 2016-09-21 06:35:12.266, 1, 51000]
[EL Finer]: transaction: 2016-09-21 06:35:12.372--ClientSession(1817244091)--Connection(1570352665)--Thread(Thread[Test worker,5,main])--commit transaction
[EL Finest]: connection: 2016-09-21 06:35:12.414--ServerSession(993367760)--Connection(529094263)--Thread(Thread[Test worker,5,main])--Connection released to connection pool [default].
[EL Finer]: transaction: 2016-09-21 06:35:12.414--UnitOfWork(909009803)--Thread(Thread[Test worker,5,main])--end unit of work commit
[EL Finer]: transaction: 2016-09-21 06:35:12.414--UnitOfWork(909009803)--Thread(Thread[Test worker,5,main])--resume unit of work
[EL Finer]: transaction: 2016-09-21 06:35:12.414--UnitOfWork(909009803)--Thread(Thread[Test worker,5,main])--release unit of work
[EL Finer]: connection: 2016-09-21 06:35:12.414--ClientSession(1817244091)--Thread(Thread[Test worker,5,main])--client released
[EL Finer]: connection: 2016-09-21 06:35:12.442--ServerSession(993367760)--Thread(Thread[Test worker,5,main])--client acquired: 547367325
[EL Finer]: transaction: 2016-09-21 06:35:12.442--ClientSession(547367325)--Thread(Thread[Test worker,5,main])--acquire unit of work: 1930171174
[EL Finest]: connection: 2016-09-21 06:35:12.442--ServerSession(993367760)--Connection(498949836)--Thread(Thread[Test worker,5,main])--Connection acquired from connection pool [default].
[EL Finer]: transaction: 2016-09-21 06:35:12.442--ClientSession(547367325)--Connection(498949836)--Thread(Thread[Test worker,5,main])--begin transaction
[EL Finest]: connection: 2016-09-21 06:35:12.442--ClientSession(547367325)--Thread(Thread[Test worker,5,main])--reconnecting to external connection pool
Wed Sep 21 06:35:12 UTC 2016|Unknown Alarm = OEBLE312100100 Alarm Split = OEB-LE-3-1-2-100-100
[EL Finest]: transaction: 2016-09-21 06:35:12.444--UnitOfWork(1930171174)--Thread(Thread[Test worker,5,main])--persist() operation called on: 6OABZzFgSctZdzOvO0GuNPLyRQj03SyOd7lzxB7GQfrlSkNNPC,rBMW0AcnnZIomHcZ2tAuJXlMeZ8yxPCR.
[EL Finest]: sequencing: 2016-09-21 06:35:12.444--UnitOfWork(1930171174)--Thread(Thread[Test worker,5,main])--assign sequence to the object (A8577358-9950-46C0-B032-9F155DC64372 -> 6OABZzFgSctZdzOvO0GuNPLyRQj03SyOd7lzxB7GQfrlSkNNPC,rBMW0AcnnZIomHcZ2tAuJXlMeZ8yxPCR)
Wed Sep 21 06:35:12 UTC 2016|Unknown Alarm = OEBLE322100200 Alarm Split = OEB-LE-3-2-2-100-200
Wed Sep 21 06:35:12 UTC 2016|Unknown Alarm = OEBLE317100100 Alarm Split = OEB-LE-3-1-7-100-100
[EL Finer]: transaction: 2016-09-21 06:35:12.445--UnitOfWork(1930171174)--Thread(Thread[Test worker,5,main])--begin unit of work commit
[EL Finest]: query: 2016-09-21 06:35:12.445--UnitOfWork(1930171174)--Thread(Thread[Test worker,5,main])--Execute query InsertObjectQuery(6OABZzFgSctZdzOvO0GuNPLyRQj03SyOd7lzxB7GQfrlSkNNPC,rBMW0AcnnZIomHcZ2tAuJXlMeZ8yxPCR)
[EL Fine]: sql: 2016-09-21 06:35:12.446--ClientSession(547367325)--Connection(1574051605)--Thread(Thread[Test worker,5,main])--INSERT INTO Taluka (talukaId, countryId, districtId, regionId, stateId, talukaCode, talukaDescription, talukaFlag, talukaLatitude, talukaLongitude, talukaName, versionId, createdBy, createdDate, updatedBy, updatedDate, activeStatus, txnAccessCode) VALUES (?, ?, ?, ?, ?, ?, ?, ?, ?, ?, ?, ?, ?, ?, ?, ?, ?, ?)
	bind => [A8577358-9950-46C0-B032-9F155DC64372, 3A734DEA-C5A8-43C4-B0C7-9E258EE7BFDF, 3476C457-0D31-41E0-9A87-46F252E5CE4D, 22C076EA-8CFF-4559-8621-AF7AB50A0EC8, AA75A99F-1F64-4268-9525-BFC31C8FC142, rBMW0AcnnZIomHcZ2tAuJXlMeZ8yxPCR, euULUF6SVogg4IQVxWTQYBbS3ldcUI8Yn1rZygNO3mWrace9Fi, oBEo3Q5RcI2Lsi92d31tdxxTU33iEaFI2dcePpt4156zfocDXU, 11, 4, 6OABZzFgSctZdzOvO0GuNPLyRQj03SyOd7lzxB7GQfrlSkNNPC, 1, AAAAA, 2016-09-21 06:35:12.414, AAAAA, 2016-09-21 06:35:12.414, 1, 51000]
[EL Finer]: transaction: 2016-09-21 06:35:12.448--ClientSession(547367325)--Connection(1574051605)--Thread(Thread[Test worker,5,main])--commit transaction
[EL Finest]: connection: 2016-09-21 06:35:12.489--ServerSession(993367760)--Connection(498949836)--Thread(Thread[Test worker,5,main])--Connection released to connection pool [default].
[EL Finer]: transaction: 2016-09-21 06:35:12.489--UnitOfWork(1930171174)--Thread(Thread[Test worker,5,main])--end unit of work commit
[EL Finer]: transaction: 2016-09-21 06:35:12.489--UnitOfWork(1930171174)--Thread(Thread[Test worker,5,main])--resume unit of work
[EL Finer]: transaction: 2016-09-21 06:35:12.489--UnitOfWork(1930171174)--Thread(Thread[Test worker,5,main])--release unit of work
[EL Finer]: connection: 2016-09-21 06:35:12.489--ClientSession(547367325)--Thread(Thread[Test worker,5,main])--client released
[EL Finer]: connection: 2016-09-21 06:35:12.528--ServerSession(993367760)--Thread(Thread[Test worker,5,main])--client acquired: 1885170156
[EL Finer]: transaction: 2016-09-21 06:35:12.528--ClientSession(1885170156)--Thread(Thread[Test worker,5,main])--acquire unit of work: 81084054
[EL Finest]: connection: 2016-09-21 06:35:12.528--ServerSession(993367760)--Connection(1275063380)--Thread(Thread[Test worker,5,main])--Connection acquired from connection pool [default].
[EL Finer]: transaction: 2016-09-21 06:35:12.528--ClientSession(1885170156)--Connection(1275063380)--Thread(Thread[Test worker,5,main])--begin transaction
[EL Finest]: connection: 2016-09-21 06:35:12.529--ClientSession(1885170156)--Thread(Thread[Test worker,5,main])--reconnecting to external connection pool
Wed Sep 21 06:35:12 UTC 2016|Unknown Alarm = OEBLE314100100 Alarm Split = OEB-LE-3-1-4-100-100
[EL Finer]: transaction: 2016-09-21 06:35:12.531--UnitOfWork(81084054)--Thread(Thread[Test worker,5,main])--begin unit of work flush
[EL Finer]: transaction: 2016-09-21 06:35:12.531--UnitOfWork(81084054)--Thread(Thread[Test worker,5,main])--end unit of work flush
[EL Finest]: query: 2016-09-21 06:35:12.531--UnitOfWork(81084054)--Thread(Thread[Test worker,5,main])--Execute query ReadAllQuery(name="Taluka.findById" referenceClass=Taluka sql="SELECT talukaId, countryId, districtId, regionId, stateId, talukaCode, talukaDescription, talukaFlag, talukaLatitude, talukaLongitude, talukaName, versionId, createdBy, createdDate, updatedBy, updatedDate, activeStatus, txnAccessCode FROM Taluka WHERE ((activeStatus = ?) AND (talukaId = ?))")
[EL Fine]: sql: 2016-09-21 06:35:12.531--ClientSession(1885170156)--Connection(1933993394)--Thread(Thread[Test worker,5,main])--SELECT talukaId, countryId, districtId, regionId, stateId, talukaCode, talukaDescription, talukaFlag, talukaLatitude, talukaLongitude, talukaName, versionId, createdBy, createdDate, updatedBy, updatedDate, activeStatus, txnAccessCode FROM Taluka WHERE ((activeStatus = ?) AND (talukaId = ?))
	bind => [1, A8577358-9950-46C0-B032-9F155DC64372]
Wed Sep 21 06:35:12 UTC 2016|Unknown Alarm = OEBLE324100200 Alarm Split = OEB-LE-3-2-4-100-200
Wed Sep 21 06:35:12 UTC 2016|Unknown Alarm = OEBLE317100100 Alarm Split = OEB-LE-3-1-7-100-100
[EL Finer]: transaction: 2016-09-21 06:35:12.534--UnitOfWork(81084054)--Thread(Thread[Test worker,5,main])--begin unit of work commit
[EL Finer]: transaction: 2016-09-21 06:35:12.534--ClientSession(1885170156)--Connection(1933993394)--Thread(Thread[Test worker,5,main])--commit transaction
[EL Finest]: connection: 2016-09-21 06:35:12.534--ServerSession(993367760)--Connection(1275063380)--Thread(Thread[Test worker,5,main])--Connection released to connection pool [default].
[EL Finer]: transaction: 2016-09-21 06:35:12.535--UnitOfWork(81084054)--Thread(Thread[Test worker,5,main])--end unit of work commit
[EL Finer]: transaction: 2016-09-21 06:35:12.535--UnitOfWork(81084054)--Thread(Thread[Test worker,5,main])--resume unit of work
[EL Finer]: transaction: 2016-09-21 06:35:12.535--UnitOfWork(81084054)--Thread(Thread[Test worker,5,main])--release unit of work
[EL Finer]: connection: 2016-09-21 06:35:12.535--ClientSession(1885170156)--Thread(Thread[Test worker,5,main])--client released
[EL Finer]: connection: 2016-09-21 06:35:12.536--ServerSession(993367760)--Thread(Thread[Test worker,5,main])--client acquired: 361400104
[EL Finer]: transaction: 2016-09-21 06:35:12.536--ClientSession(361400104)--Thread(Thread[Test worker,5,main])--acquire unit of work: 967794212
[EL Finest]: connection: 2016-09-21 06:35:12.536--ServerSession(993367760)--Connection(676178706)--Thread(Thread[Test worker,5,main])--Connection acquired from connection pool [default].
[EL Finer]: transaction: 2016-09-21 06:35:12.536--ClientSession(361400104)--Connection(676178706)--Thread(Thread[Test worker,5,main])--begin transaction
[EL Finest]: connection: 2016-09-21 06:35:12.536--ClientSession(361400104)--Thread(Thread[Test worker,5,main])--reconnecting to external connection pool
Wed Sep 21 06:35:12 UTC 2016|Unknown Alarm = OEBLE311100100 Alarm Split = OEB-LE-3-1-1-100-100
[EL Finest]: transaction: 2016-09-21 06:35:12.543--UnitOfWork(967794212)--Thread(Thread[Test worker,5,main])--Merge clone with references Q6lo1I4jUqRiIHUAzlZoO4IzxB7ECgbt4lSyFRVt9YmBK2Y1fz,ych8KpgcQZrpSWUjpdoxs8sTXk3o53NY
[EL Finest]: query: 2016-09-21 06:35:12.543--UnitOfWork(967794212)--Thread(Thread[Test worker,5,main])--Execute query ReadObjectQuery(referenceClass=Taluka )
[EL Fine]: sql: 2016-09-21 06:35:12.543--ClientSession(361400104)--Connection(998797768)--Thread(Thread[Test worker,5,main])--SELECT talukaId, countryId, districtId, regionId, stateId, talukaCode, talukaDescription, talukaFlag, talukaLatitude, talukaLongitude, talukaName, versionId, createdBy, createdDate, updatedBy, updatedDate, activeStatus, txnAccessCode FROM Taluka WHERE (talukaId = ?)
	bind => [A8577358-9950-46C0-B032-9F155DC64372]
Wed Sep 21 06:35:12 UTC 2016|Unknown Alarm = OEBLE321100200 Alarm Split = OEB-LE-3-2-1-100-200
Wed Sep 21 06:35:12 UTC 2016|Unknown Alarm = OEBLE317100100 Alarm Split = OEB-LE-3-1-7-100-100
[EL Finer]: transaction: 2016-09-21 06:35:12.545--UnitOfWork(967794212)--Thread(Thread[Test worker,5,main])--begin unit of work commit
[EL Finest]: query: 2016-09-21 06:35:12.546--UnitOfWork(967794212)--Thread(Thread[Test worker,5,main])--Execute query UpdateObjectQuery(Q6lo1I4jUqRiIHUAzlZoO4IzxB7ECgbt4lSyFRVt9YmBK2Y1fz,ych8KpgcQZrpSWUjpdoxs8sTXk3o53NY)
[EL Fine]: sql: 2016-09-21 06:35:12.546--ClientSession(361400104)--Connection(998797768)--Thread(Thread[Test worker,5,main])--UPDATE Taluka SET talukaCode = ?, talukaDescription = ?, talukaFlag = ?, talukaLatitude = ?, talukaLongitude = ?, talukaName = ?, versionId = ? WHERE ((talukaId = ?) AND (versionId = ?))
	bind => [ych8KpgcQZrpSWUjpdoxs8sTXk3o53NY, G82slXgse0oQbUBFvgcGrrT6KGxYbFvxROgx4JLJDfkZ9iDkEx, o3kKNqrfnFRbjGWOsXf6CCTT3JOmV4hLbSntw7SYV8CL4y3MWv, 8, 6, Q6lo1I4jUqRiIHUAzlZoO4IzxB7ECgbt4lSyFRVt9YmBK2Y1fz, 2, A8577358-9950-46C0-B032-9F155DC64372, 1]
[EL Finer]: transaction: 2016-09-21 06:35:12.548--ClientSession(361400104)--Connection(998797768)--Thread(Thread[Test worker,5,main])--commit transaction
[EL Finest]: connection: 2016-09-21 06:35:12.605--ServerSession(993367760)--Connection(676178706)--Thread(Thread[Test worker,5,main])--Connection released to connection pool [default].
[EL Finer]: transaction: 2016-09-21 06:35:12.605--UnitOfWork(967794212)--Thread(Thread[Test worker,5,main])--end unit of work commit
[EL Finer]: transaction: 2016-09-21 06:35:12.605--UnitOfWork(967794212)--Thread(Thread[Test worker,5,main])--resume unit of work
[EL Finer]: transaction: 2016-09-21 06:35:12.605--UnitOfWork(967794212)--Thread(Thread[Test worker,5,main])--release unit of work
[EL Finer]: connection: 2016-09-21 06:35:12.606--ClientSession(361400104)--Thread(Thread[Test worker,5,main])--client released
[EL Finer]: connection: 2016-09-21 06:35:12.636--ServerSession(993367760)--Thread(Thread[Test worker,5,main])--client acquired: 440969515
[EL Finer]: transaction: 2016-09-21 06:35:12.636--ClientSession(440969515)--Thread(Thread[Test worker,5,main])--acquire unit of work: 408572808
[EL Finest]: connection: 2016-09-21 06:35:12.636--ServerSession(993367760)--Connection(1377964597)--Thread(Thread[Test worker,5,main])--Connection acquired from connection pool [default].
[EL Finer]: transaction: 2016-09-21 06:35:12.636--ClientSession(440969515)--Connection(1377964597)--Thread(Thread[Test worker,5,main])--begin transaction
[EL Finest]: connection: 2016-09-21 06:35:12.636--ClientSession(440969515)--Thread(Thread[Test worker,5,main])--reconnecting to external connection pool
Wed Sep 21 06:35:12 UTC 2016|Unknown Alarm = OEBLE314100100 Alarm Split = OEB-LE-3-1-4-100-100
[EL Finer]: transaction: 2016-09-21 06:35:12.637--UnitOfWork(408572808)--Thread(Thread[Test worker,5,main])--begin unit of work flush
[EL Finer]: transaction: 2016-09-21 06:35:12.638--UnitOfWork(408572808)--Thread(Thread[Test worker,5,main])--end unit of work flush
[EL Finest]: query: 2016-09-21 06:35:12.638--UnitOfWork(408572808)--Thread(Thread[Test worker,5,main])--Execute query ReadAllQuery(name="Taluka.findById" referenceClass=Taluka sql="SELECT talukaId, countryId, districtId, regionId, stateId, talukaCode, talukaDescription, talukaFlag, talukaLatitude, talukaLongitude, talukaName, versionId, createdBy, createdDate, updatedBy, updatedDate, activeStatus, txnAccessCode FROM Taluka WHERE ((activeStatus = ?) AND (talukaId = ?))")
[EL Fine]: sql: 2016-09-21 06:35:12.638--ClientSession(440969515)--Connection(491708148)--Thread(Thread[Test worker,5,main])--SELECT talukaId, countryId, districtId, regionId, stateId, talukaCode, talukaDescription, talukaFlag, talukaLatitude, talukaLongitude, talukaName, versionId, createdBy, createdDate, updatedBy, updatedDate, activeStatus, txnAccessCode FROM Taluka WHERE ((activeStatus = ?) AND (talukaId = ?))
	bind => [1, A8577358-9950-46C0-B032-9F155DC64372]
Wed Sep 21 06:35:12 UTC 2016|Unknown Alarm = OEBLE324100200 Alarm Split = OEB-LE-3-2-4-100-200
Wed Sep 21 06:35:12 UTC 2016|Unknown Alarm = OEBLE317100100 Alarm Split = OEB-LE-3-1-7-100-100
[EL Finer]: transaction: 2016-09-21 06:35:12.642--UnitOfWork(408572808)--Thread(Thread[Test worker,5,main])--begin unit of work commit
[EL Finer]: transaction: 2016-09-21 06:35:12.642--ClientSession(440969515)--Connection(491708148)--Thread(Thread[Test worker,5,main])--commit transaction
[EL Finest]: connection: 2016-09-21 06:35:12.643--ServerSession(993367760)--Connection(1377964597)--Thread(Thread[Test worker,5,main])--Connection released to connection pool [default].
[EL Finer]: transaction: 2016-09-21 06:35:12.643--UnitOfWork(408572808)--Thread(Thread[Test worker,5,main])--end unit of work commit
[EL Finer]: transaction: 2016-09-21 06:35:12.643--UnitOfWork(408572808)--Thread(Thread[Test worker,5,main])--resume unit of work
[EL Finer]: transaction: 2016-09-21 06:35:12.643--UnitOfWork(408572808)--Thread(Thread[Test worker,5,main])--release unit of work
[EL Finer]: connection: 2016-09-21 06:35:12.643--ClientSession(440969515)--Thread(Thread[Test worker,5,main])--client released
[EL Finer]: connection: 2016-09-21 06:35:12.678--ServerSession(993367760)--Thread(Thread[Test worker,5,main])--client acquired: 944698180
[EL Finer]: transaction: 2016-09-21 06:35:12.678--ClientSession(944698180)--Thread(Thread[Test worker,5,main])--acquire unit of work: 1195708989
[EL Finest]: connection: 2016-09-21 06:35:12.678--ServerSession(993367760)--Connection(129009497)--Thread(Thread[Test worker,5,main])--Connection acquired from connection pool [default].
[EL Finer]: transaction: 2016-09-21 06:35:12.678--ClientSession(944698180)--Connection(129009497)--Thread(Thread[Test worker,5,main])--begin transaction
[EL Finest]: connection: 2016-09-21 06:35:12.678--ClientSession(944698180)--Thread(Thread[Test worker,5,main])--reconnecting to external connection pool
Wed Sep 21 06:35:12 UTC 2016|Unknown Alarm = OEBLE314100100 Alarm Split = OEB-LE-3-1-4-100-100
[EL Finer]: transaction: 2016-09-21 06:35:12.68--UnitOfWork(1195708989)--Thread(Thread[Test worker,5,main])--begin unit of work flush
[EL Finer]: transaction: 2016-09-21 06:35:12.68--UnitOfWork(1195708989)--Thread(Thread[Test worker,5,main])--end unit of work flush
[EL Finest]: query: 2016-09-21 06:35:12.68--UnitOfWork(1195708989)--Thread(Thread[Test worker,5,main])--Execute query ReadAllQuery(name="Taluka.findByCountryId" referenceClass=Taluka sql="SELECT talukaId, countryId, districtId, regionId, stateId, talukaCode, talukaDescription, talukaFlag, talukaLatitude, talukaLongitude, talukaName, versionId, createdBy, createdDate, updatedBy, updatedDate, activeStatus, txnAccessCode FROM Taluka WHERE ((activeStatus = ?) AND (countryId = ?))")
[EL Fine]: sql: 2016-09-21 06:35:12.681--ClientSession(944698180)--Connection(1919961337)--Thread(Thread[Test worker,5,main])--SELECT talukaId, countryId, districtId, regionId, stateId, talukaCode, talukaDescription, talukaFlag, talukaLatitude, talukaLongitude, talukaName, versionId, createdBy, createdDate, updatedBy, updatedDate, activeStatus, txnAccessCode FROM Taluka WHERE ((activeStatus = ?) AND (countryId = ?))
	bind => [1, 3A734DEA-C5A8-43C4-B0C7-9E258EE7BFDF]
Wed Sep 21 06:35:12 UTC 2016|Unknown Alarm = OEBLE324100200 Alarm Split = OEB-LE-3-2-4-100-200
Wed Sep 21 06:35:12 UTC 2016|Unknown Alarm = OEBLE317100100 Alarm Split = OEB-LE-3-1-7-100-100
[EL Finer]: transaction: 2016-09-21 06:35:12.684--UnitOfWork(1195708989)--Thread(Thread[Test worker,5,main])--begin unit of work commit
[EL Finer]: transaction: 2016-09-21 06:35:12.684--ClientSession(944698180)--Connection(1919961337)--Thread(Thread[Test worker,5,main])--commit transaction
[EL Finest]: connection: 2016-09-21 06:35:12.684--ServerSession(993367760)--Connection(129009497)--Thread(Thread[Test worker,5,main])--Connection released to connection pool [default].
[EL Finer]: transaction: 2016-09-21 06:35:12.684--UnitOfWork(1195708989)--Thread(Thread[Test worker,5,main])--end unit of work commit
[EL Finer]: transaction: 2016-09-21 06:35:12.685--UnitOfWork(1195708989)--Thread(Thread[Test worker,5,main])--resume unit of work
[EL Finer]: transaction: 2016-09-21 06:35:12.685--UnitOfWork(1195708989)--Thread(Thread[Test worker,5,main])--release unit of work
[EL Finer]: connection: 2016-09-21 06:35:12.685--ClientSession(944698180)--Thread(Thread[Test worker,5,main])--client released
[EL Finer]: connection: 2016-09-21 06:35:12.708--ServerSession(993367760)--Thread(Thread[Test worker,5,main])--client acquired: 869596034
[EL Finer]: transaction: 2016-09-21 06:35:12.708--ClientSession(869596034)--Thread(Thread[Test worker,5,main])--acquire unit of work: 1674325603
[EL Finest]: connection: 2016-09-21 06:35:12.708--ServerSession(993367760)--Connection(1912182980)--Thread(Thread[Test worker,5,main])--Connection acquired from connection pool [default].
[EL Finer]: transaction: 2016-09-21 06:35:12.708--ClientSession(869596034)--Connection(1912182980)--Thread(Thread[Test worker,5,main])--begin transaction
[EL Finest]: connection: 2016-09-21 06:35:12.708--ClientSession(869596034)--Thread(Thread[Test worker,5,main])--reconnecting to external connection pool
Wed Sep 21 06:35:12 UTC 2016|Unknown Alarm = OEBLE314100100 Alarm Split = OEB-LE-3-1-4-100-100
[EL Finer]: transaction: 2016-09-21 06:35:12.71--UnitOfWork(1674325603)--Thread(Thread[Test worker,5,main])--begin unit of work flush
[EL Finer]: transaction: 2016-09-21 06:35:12.71--UnitOfWork(1674325603)--Thread(Thread[Test worker,5,main])--end unit of work flush
[EL Finest]: query: 2016-09-21 06:35:12.71--UnitOfWork(1674325603)--Thread(Thread[Test worker,5,main])--Execute query ReadAllQuery(name="Taluka.findByDistrictId" referenceClass=Taluka sql="SELECT talukaId, countryId, districtId, regionId, stateId, talukaCode, talukaDescription, talukaFlag, talukaLatitude, talukaLongitude, talukaName, versionId, createdBy, createdDate, updatedBy, updatedDate, activeStatus, txnAccessCode FROM Taluka WHERE ((activeStatus = ?) AND (districtId = ?))")
[EL Fine]: sql: 2016-09-21 06:35:12.71--ClientSession(869596034)--Connection(433126238)--Thread(Thread[Test worker,5,main])--SELECT talukaId, countryId, districtId, regionId, stateId, talukaCode, talukaDescription, talukaFlag, talukaLatitude, talukaLongitude, talukaName, versionId, createdBy, createdDate, updatedBy, updatedDate, activeStatus, txnAccessCode FROM Taluka WHERE ((activeStatus = ?) AND (districtId = ?))
	bind => [1, 3476C457-0D31-41E0-9A87-46F252E5CE4D]
Wed Sep 21 06:35:12 UTC 2016|Unknown Alarm = OEBLE324100200 Alarm Split = OEB-LE-3-2-4-100-200
Wed Sep 21 06:35:12 UTC 2016|Unknown Alarm = OEBLE317100100 Alarm Split = OEB-LE-3-1-7-100-100
[EL Finer]: transaction: 2016-09-21 06:35:12.713--UnitOfWork(1674325603)--Thread(Thread[Test worker,5,main])--begin unit of work commit
[EL Finer]: transaction: 2016-09-21 06:35:12.713--ClientSession(869596034)--Connection(433126238)--Thread(Thread[Test worker,5,main])--commit transaction
[EL Finest]: connection: 2016-09-21 06:35:12.714--ServerSession(993367760)--Connection(1912182980)--Thread(Thread[Test worker,5,main])--Connection released to connection pool [default].
[EL Finer]: transaction: 2016-09-21 06:35:12.714--UnitOfWork(1674325603)--Thread(Thread[Test worker,5,main])--end unit of work commit
[EL Finer]: transaction: 2016-09-21 06:35:12.714--UnitOfWork(1674325603)--Thread(Thread[Test worker,5,main])--resume unit of work
[EL Finer]: transaction: 2016-09-21 06:35:12.714--UnitOfWork(1674325603)--Thread(Thread[Test worker,5,main])--release unit of work
[EL Finer]: connection: 2016-09-21 06:35:12.714--ClientSession(869596034)--Thread(Thread[Test worker,5,main])--client released
[EL Finer]: connection: 2016-09-21 06:35:12.743--ServerSession(993367760)--Thread(Thread[Test worker,5,main])--client acquired: 15315070
[EL Finer]: transaction: 2016-09-21 06:35:12.743--ClientSession(15315070)--Thread(Thread[Test worker,5,main])--acquire unit of work: 1849827497
[EL Finest]: connection: 2016-09-21 06:35:12.743--ServerSession(993367760)--Connection(929984460)--Thread(Thread[Test worker,5,main])--Connection acquired from connection pool [default].
[EL Finer]: transaction: 2016-09-21 06:35:12.743--ClientSession(15315070)--Connection(929984460)--Thread(Thread[Test worker,5,main])--begin transaction
[EL Finest]: connection: 2016-09-21 06:35:12.743--ClientSession(15315070)--Thread(Thread[Test worker,5,main])--reconnecting to external connection pool
Wed Sep 21 06:35:12 UTC 2016|Unknown Alarm = OEBLE314100100 Alarm Split = OEB-LE-3-1-4-100-100
[EL Finer]: transaction: 2016-09-21 06:35:12.745--UnitOfWork(1849827497)--Thread(Thread[Test worker,5,main])--begin unit of work flush
[EL Finer]: transaction: 2016-09-21 06:35:12.745--UnitOfWork(1849827497)--Thread(Thread[Test worker,5,main])--end unit of work flush
[EL Finest]: query: 2016-09-21 06:35:12.745--UnitOfWork(1849827497)--Thread(Thread[Test worker,5,main])--Execute query ReadAllQuery(name="Taluka.findByRegionId" referenceClass=Taluka sql="SELECT talukaId, countryId, districtId, regionId, stateId, talukaCode, talukaDescription, talukaFlag, talukaLatitude, talukaLongitude, talukaName, versionId, createdBy, createdDate, updatedBy, updatedDate, activeStatus, txnAccessCode FROM Taluka WHERE ((activeStatus = ?) AND (regionId = ?))")
[EL Fine]: sql: 2016-09-21 06:35:12.746--ClientSession(15315070)--Connection(628731262)--Thread(Thread[Test worker,5,main])--SELECT talukaId, countryId, districtId, regionId, stateId, talukaCode, talukaDescription, talukaFlag, talukaLatitude, talukaLongitude, talukaName, versionId, createdBy, createdDate, updatedBy, updatedDate, activeStatus, txnAccessCode FROM Taluka WHERE ((activeStatus = ?) AND (regionId = ?))
	bind => [1, 22C076EA-8CFF-4559-8621-AF7AB50A0EC8]
Wed Sep 21 06:35:12 UTC 2016|Unknown Alarm = OEBLE324100200 Alarm Split = OEB-LE-3-2-4-100-200
Wed Sep 21 06:35:12 UTC 2016|Unknown Alarm = OEBLE317100100 Alarm Split = OEB-LE-3-1-7-100-100
[EL Finer]: transaction: 2016-09-21 06:35:12.749--UnitOfWork(1849827497)--Thread(Thread[Test worker,5,main])--begin unit of work commit
[EL Finer]: transaction: 2016-09-21 06:35:12.749--ClientSession(15315070)--Connection(628731262)--Thread(Thread[Test worker,5,main])--commit transaction
[EL Finest]: connection: 2016-09-21 06:35:12.75--ServerSession(993367760)--Connection(929984460)--Thread(Thread[Test worker,5,main])--Connection released to connection pool [default].
[EL Finer]: transaction: 2016-09-21 06:35:12.75--UnitOfWork(1849827497)--Thread(Thread[Test worker,5,main])--end unit of work commit
[EL Finer]: transaction: 2016-09-21 06:35:12.75--UnitOfWork(1849827497)--Thread(Thread[Test worker,5,main])--resume unit of work
[EL Finer]: transaction: 2016-09-21 06:35:12.75--UnitOfWork(1849827497)--Thread(Thread[Test worker,5,main])--release unit of work
[EL Finer]: connection: 2016-09-21 06:35:12.75--ClientSession(15315070)--Thread(Thread[Test worker,5,main])--client released
[EL Finer]: connection: 2016-09-21 06:35:12.774--ServerSession(993367760)--Thread(Thread[Test worker,5,main])--client acquired: 1464442802
[EL Finer]: transaction: 2016-09-21 06:35:12.774--ClientSession(1464442802)--Thread(Thread[Test worker,5,main])--acquire unit of work: 580094947
[EL Finest]: connection: 2016-09-21 06:35:12.774--ServerSession(993367760)--Connection(80016849)--Thread(Thread[Test worker,5,main])--Connection acquired from connection pool [default].
[EL Finer]: transaction: 2016-09-21 06:35:12.774--ClientSession(1464442802)--Connection(80016849)--Thread(Thread[Test worker,5,main])--begin transaction
[EL Finest]: connection: 2016-09-21 06:35:12.775--ClientSession(1464442802)--Thread(Thread[Test worker,5,main])--reconnecting to external connection pool
Wed Sep 21 06:35:12 UTC 2016|Unknown Alarm = OEBLE314100100 Alarm Split = OEB-LE-3-1-4-100-100
[EL Finer]: transaction: 2016-09-21 06:35:12.776--UnitOfWork(580094947)--Thread(Thread[Test worker,5,main])--begin unit of work flush
[EL Finer]: transaction: 2016-09-21 06:35:12.776--UnitOfWork(580094947)--Thread(Thread[Test worker,5,main])--end unit of work flush
[EL Finest]: query: 2016-09-21 06:35:12.776--UnitOfWork(580094947)--Thread(Thread[Test worker,5,main])--Execute query ReadAllQuery(name="Taluka.findByStateId" referenceClass=Taluka sql="SELECT talukaId, countryId, districtId, regionId, stateId, talukaCode, talukaDescription, talukaFlag, talukaLatitude, talukaLongitude, talukaName, versionId, createdBy, createdDate, updatedBy, updatedDate, activeStatus, txnAccessCode FROM Taluka WHERE ((activeStatus = ?) AND (stateId = ?))")
[EL Fine]: sql: 2016-09-21 06:35:12.777--ClientSession(1464442802)--Connection(746652561)--Thread(Thread[Test worker,5,main])--SELECT talukaId, countryId, districtId, regionId, stateId, talukaCode, talukaDescription, talukaFlag, talukaLatitude, talukaLongitude, talukaName, versionId, createdBy, createdDate, updatedBy, updatedDate, activeStatus, txnAccessCode FROM Taluka WHERE ((activeStatus = ?) AND (stateId = ?))
	bind => [1, AA75A99F-1F64-4268-9525-BFC31C8FC142]
Wed Sep 21 06:35:12 UTC 2016|Unknown Alarm = OEBLE324100200 Alarm Split = OEB-LE-3-2-4-100-200
Wed Sep 21 06:35:12 UTC 2016|Unknown Alarm = OEBLE317100100 Alarm Split = OEB-LE-3-1-7-100-100
[EL Finer]: transaction: 2016-09-21 06:35:12.779--UnitOfWork(580094947)--Thread(Thread[Test worker,5,main])--begin unit of work commit
[EL Finer]: transaction: 2016-09-21 06:35:12.779--ClientSession(1464442802)--Connection(746652561)--Thread(Thread[Test worker,5,main])--commit transaction
[EL Finest]: connection: 2016-09-21 06:35:12.78--ServerSession(993367760)--Connection(80016849)--Thread(Thread[Test worker,5,main])--Connection released to connection pool [default].
[EL Finer]: transaction: 2016-09-21 06:35:12.78--UnitOfWork(580094947)--Thread(Thread[Test worker,5,main])--end unit of work commit
[EL Finer]: transaction: 2016-09-21 06:35:12.78--UnitOfWork(580094947)--Thread(Thread[Test worker,5,main])--resume unit of work
[EL Finer]: transaction: 2016-09-21 06:35:12.78--UnitOfWork(580094947)--Thread(Thread[Test worker,5,main])--release unit of work
[EL Finer]: connection: 2016-09-21 06:35:12.78--ClientSession(1464442802)--Thread(Thread[Test worker,5,main])--client released
[EL Finer]: connection: 2016-09-21 06:35:12.878--ServerSession(993367760)--Thread(Thread[Test worker,5,main])--client acquired: 1054908465
[EL Finer]: transaction: 2016-09-21 06:35:12.878--ClientSession(1054908465)--Thread(Thread[Test worker,5,main])--acquire unit of work: 221581623
[EL Finest]: connection: 2016-09-21 06:35:12.878--ServerSession(993367760)--Connection(385693863)--Thread(Thread[Test worker,5,main])--Connection acquired from connection pool [default].
[EL Finer]: transaction: 2016-09-21 06:35:12.878--ClientSession(1054908465)--Connection(385693863)--Thread(Thread[Test worker,5,main])--begin transaction
[EL Finest]: connection: 2016-09-21 06:35:12.878--ClientSession(1054908465)--Thread(Thread[Test worker,5,main])--reconnecting to external connection pool
Wed Sep 21 06:35:12 UTC 2016|Unknown Alarm = OEBLE318100100 Alarm Split = OEB-LE-3-1-8-100-100
[EL Finest]: query: 2016-09-21 06:35:12.879--UnitOfWork(221581623)--Thread(Thread[Test worker,5,main])--Execute query ReadObjectQuery(name="readTaluka" referenceClass=Taluka sql="SELECT talukaId, countryId, districtId, regionId, stateId, talukaCode, talukaDescription, talukaFlag, talukaLatitude, talukaLongitude, talukaName, versionId, createdBy, createdDate, updatedBy, updatedDate, activeStatus, txnAccessCode FROM Taluka WHERE (talukaId = ?)")
[EL Fine]: sql: 2016-09-21 06:35:12.88--ClientSession(1054908465)--Connection(1373129788)--Thread(Thread[Test worker,5,main])--SELECT talukaId, countryId, districtId, regionId, stateId, talukaCode, talukaDescription, talukaFlag, talukaLatitude, talukaLongitude, talukaName, versionId, createdBy, createdDate, updatedBy, updatedDate, activeStatus, txnAccessCode FROM Taluka WHERE (talukaId = ?)
	bind => [A8577358-9950-46C0-B032-9F155DC64372]
[EL Finest]: transaction: 2016-09-21 06:35:12.882--UnitOfWork(221581623)--Thread(Thread[Test worker,5,main])--remove() operation called on: Q6lo1I4jUqRiIHUAzlZoO4IzxB7ECgbt4lSyFRVt9YmBK2Y1fz,ych8KpgcQZrpSWUjpdoxs8sTXk3o53NY
Wed Sep 21 06:35:12 UTC 2016|Unknown Alarm = OEBLE328100200 Alarm Split = OEB-LE-3-2-8-100-200
Wed Sep 21 06:35:12 UTC 2016|Unknown Alarm = OEBLE317100100 Alarm Split = OEB-LE-3-1-7-100-100
[EL Finer]: transaction: 2016-09-21 06:35:12.883--UnitOfWork(221581623)--Thread(Thread[Test worker,5,main])--begin unit of work commit
[EL Finest]: query: 2016-09-21 06:35:12.883--UnitOfWork(221581623)--Thread(Thread[Test worker,5,main])--Execute query DoesExistQuery(referenceClass=Taluka )
[EL Finest]: query: 2016-09-21 06:35:12.883--UnitOfWork(221581623)--Thread(Thread[Test worker,5,main])--Execute query DeleteObjectQuery(Q6lo1I4jUqRiIHUAzlZoO4IzxB7ECgbt4lSyFRVt9YmBK2Y1fz,ych8KpgcQZrpSWUjpdoxs8sTXk3o53NY)
[EL Fine]: sql: 2016-09-21 06:35:12.883--ClientSession(1054908465)--Connection(1373129788)--Thread(Thread[Test worker,5,main])--DELETE FROM Taluka WHERE ((talukaId = ?) AND (versionId = ?))
	bind => [A8577358-9950-46C0-B032-9F155DC64372, 2]
[EL Finer]: transaction: 2016-09-21 06:35:12.885--ClientSession(1054908465)--Connection(1373129788)--Thread(Thread[Test worker,5,main])--commit transaction
[EL Finest]: connection: 2016-09-21 06:35:12.952--ServerSession(993367760)--Connection(385693863)--Thread(Thread[Test worker,5,main])--Connection released to connection pool [default].
[EL Finer]: transaction: 2016-09-21 06:35:12.953--UnitOfWork(221581623)--Thread(Thread[Test worker,5,main])--end unit of work commit
[EL Finer]: transaction: 2016-09-21 06:35:12.953--UnitOfWork(221581623)--Thread(Thread[Test worker,5,main])--resume unit of work
[EL Finer]: transaction: 2016-09-21 06:35:12.953--UnitOfWork(221581623)--Thread(Thread[Test worker,5,main])--release unit of work
[EL Finer]: connection: 2016-09-21 06:35:12.953--ClientSession(1054908465)--Thread(Thread[Test worker,5,main])--client released
[EL Finer]: connection: 2016-09-21 06:35:12.981--ServerSession(993367760)--Thread(Thread[Test worker,5,main])--client acquired: 1716452978
[EL Finer]: transaction: 2016-09-21 06:35:12.981--ClientSession(1716452978)--Thread(Thread[Test worker,5,main])--acquire unit of work: 1277371095
[EL Finest]: connection: 2016-09-21 06:35:12.981--ServerSession(993367760)--Connection(381974606)--Thread(Thread[Test worker,5,main])--Connection acquired from connection pool [default].
[EL Finer]: transaction: 2016-09-21 06:35:12.981--ClientSession(1716452978)--Connection(381974606)--Thread(Thread[Test worker,5,main])--begin transaction
[EL Finest]: connection: 2016-09-21 06:35:12.982--ClientSession(1716452978)--Thread(Thread[Test worker,5,main])--reconnecting to external connection pool
Wed Sep 21 06:35:12 UTC 2016|Unknown Alarm = OEBLE318100100 Alarm Split = OEB-LE-3-1-8-100-100
[EL Finest]: query: 2016-09-21 06:35:12.983--UnitOfWork(1277371095)--Thread(Thread[Test worker,5,main])--Execute query ReadObjectQuery(name="readDistrict" referenceClass=District sql="SELECT districtId, code2, countryId, districtDescription, districtFlag, districtLatitude, districtLongitude, Name, regionId, stateId, versionId, createdBy, createdDate, updatedBy, updatedDate, activeStatus, txnAccessCode FROM District WHERE (districtId = ?)")
[EL Fine]: sql: 2016-09-21 06:35:12.983--ClientSession(1716452978)--Connection(1718196076)--Thread(Thread[Test worker,5,main])--SELECT districtId, code2, countryId, districtDescription, districtFlag, districtLatitude, districtLongitude, Name, regionId, stateId, versionId, createdBy, createdDate, updatedBy, updatedDate, activeStatus, txnAccessCode FROM District WHERE (districtId = ?)
	bind => [3476C457-0D31-41E0-9A87-46F252E5CE4D]
[EL Finest]: transaction: 2016-09-21 06:35:12.985--UnitOfWork(1277371095)--Thread(Thread[Test worker,5,main])--remove() operation called on: ytEn86vdhAwNLcBjccTJsmSvCAnqjwgg00T4dnZYU1mj3E9PCB,oRwYI6gUlneSyyO7d4AHwzAinAhBn9Hc
Wed Sep 21 06:35:12 UTC 2016|Unknown Alarm = OEBLE328100200 Alarm Split = OEB-LE-3-2-8-100-200
Wed Sep 21 06:35:12 UTC 2016|Unknown Alarm = OEBLE317100100 Alarm Split = OEB-LE-3-1-7-100-100
[EL Finer]: transaction: 2016-09-21 06:35:12.988--UnitOfWork(1277371095)--Thread(Thread[Test worker,5,main])--begin unit of work commit
[EL Finest]: query: 2016-09-21 06:35:12.988--UnitOfWork(1277371095)--Thread(Thread[Test worker,5,main])--Execute query DoesExistQuery(referenceClass=District )
[EL Finest]: query: 2016-09-21 06:35:12.989--UnitOfWork(1277371095)--Thread(Thread[Test worker,5,main])--Execute query DeleteObjectQuery(ytEn86vdhAwNLcBjccTJsmSvCAnqjwgg00T4dnZYU1mj3E9PCB,oRwYI6gUlneSyyO7d4AHwzAinAhBn9Hc)
[EL Fine]: sql: 2016-09-21 06:35:12.989--ClientSession(1716452978)--Connection(1718196076)--Thread(Thread[Test worker,5,main])--DELETE FROM District WHERE ((districtId = ?) AND (versionId = ?))
	bind => [3476C457-0D31-41E0-9A87-46F252E5CE4D, 1]
[EL Finer]: transaction: 2016-09-21 06:35:12.99--ClientSession(1716452978)--Connection(1718196076)--Thread(Thread[Test worker,5,main])--commit transaction
[EL Finest]: connection: 2016-09-21 06:35:13.027--ServerSession(993367760)--Connection(381974606)--Thread(Thread[Test worker,5,main])--Connection released to connection pool [default].
[EL Finer]: transaction: 2016-09-21 06:35:13.027--UnitOfWork(1277371095)--Thread(Thread[Test worker,5,main])--end unit of work commit
[EL Finer]: transaction: 2016-09-21 06:35:13.027--UnitOfWork(1277371095)--Thread(Thread[Test worker,5,main])--resume unit of work
[EL Finer]: transaction: 2016-09-21 06:35:13.028--UnitOfWork(1277371095)--Thread(Thread[Test worker,5,main])--release unit of work
[EL Finer]: connection: 2016-09-21 06:35:13.028--ClientSession(1716452978)--Thread(Thread[Test worker,5,main])--client released
[EL Finer]: connection: 2016-09-21 06:35:13.05--ServerSession(993367760)--Thread(Thread[Test worker,5,main])--client acquired: 1390114584
[EL Finer]: transaction: 2016-09-21 06:35:13.05--ClientSession(1390114584)--Thread(Thread[Test worker,5,main])--acquire unit of work: 1181217575
[EL Finest]: connection: 2016-09-21 06:35:13.05--ServerSession(993367760)--Connection(1384950157)--Thread(Thread[Test worker,5,main])--Connection acquired from connection pool [default].
[EL Finer]: transaction: 2016-09-21 06:35:13.051--ClientSession(1390114584)--Connection(1384950157)--Thread(Thread[Test worker,5,main])--begin transaction
[EL Finest]: connection: 2016-09-21 06:35:13.051--ClientSession(1390114584)--Thread(Thread[Test worker,5,main])--reconnecting to external connection pool
Wed Sep 21 06:35:13 UTC 2016|Unknown Alarm = OEBLE318100100 Alarm Split = OEB-LE-3-1-8-100-100
[EL Finest]: query: 2016-09-21 06:35:13.052--UnitOfWork(1181217575)--Thread(Thread[Test worker,5,main])--Execute query ReadObjectQuery(name="readRegion" referenceClass=Region sql="SELECT regionId, countryId, regionCode1, regionCodeChar2, regionDescription, regionFlag, regionLatitude, regionLongitude, regionName, stateId, versionId, createdBy, createdDate, updatedBy, updatedDate, activeStatus, txnAccessCode FROM Region WHERE (regionId = ?)")
[EL Fine]: sql: 2016-09-21 06:35:13.053--ClientSession(1390114584)--Connection(730811933)--Thread(Thread[Test worker,5,main])--SELECT regionId, countryId, regionCode1, regionCodeChar2, regionDescription, regionFlag, regionLatitude, regionLongitude, regionName, stateId, versionId, createdBy, createdDate, updatedBy, updatedDate, activeStatus, txnAccessCode FROM Region WHERE (regionId = ?)
	bind => [22C076EA-8CFF-4559-8621-AF7AB50A0EC8]
[EL Finest]: transaction: 2016-09-21 06:35:13.055--UnitOfWork(1181217575)--Thread(Thread[Test worker,5,main])--remove() operation called on: DDoZ7NUJIw7LGQisTWHPamfBnZmQf0EylNJwnUjvo8h1QHJT06,2,JGCyxEgQrnDA5b0J3OPkWwOjOiBihTJy
Wed Sep 21 06:35:13 UTC 2016|Unknown Alarm = OEBLE328100200 Alarm Split = OEB-LE-3-2-8-100-200
Wed Sep 21 06:35:13 UTC 2016|Unknown Alarm = OEBLE317100100 Alarm Split = OEB-LE-3-1-7-100-100
[EL Finer]: transaction: 2016-09-21 06:35:13.056--UnitOfWork(1181217575)--Thread(Thread[Test worker,5,main])--begin unit of work commit
[EL Finest]: query: 2016-09-21 06:35:13.056--UnitOfWork(1181217575)--Thread(Thread[Test worker,5,main])--Execute query DoesExistQuery(referenceClass=Region )
[EL Finest]: query: 2016-09-21 06:35:13.056--UnitOfWork(1181217575)--Thread(Thread[Test worker,5,main])--Execute query DeleteObjectQuery(DDoZ7NUJIw7LGQisTWHPamfBnZmQf0EylNJwnUjvo8h1QHJT06,2,JGCyxEgQrnDA5b0J3OPkWwOjOiBihTJy)
[EL Fine]: sql: 2016-09-21 06:35:13.056--ClientSession(1390114584)--Connection(730811933)--Thread(Thread[Test worker,5,main])--DELETE FROM Region WHERE ((regionId = ?) AND (versionId = ?))
	bind => [22C076EA-8CFF-4559-8621-AF7AB50A0EC8, 1]
[EL Finer]: transaction: 2016-09-21 06:35:13.058--ClientSession(1390114584)--Connection(730811933)--Thread(Thread[Test worker,5,main])--commit transaction
[EL Finest]: connection: 2016-09-21 06:35:13.085--ServerSession(993367760)--Connection(1384950157)--Thread(Thread[Test worker,5,main])--Connection released to connection pool [default].
[EL Finer]: transaction: 2016-09-21 06:35:13.086--UnitOfWork(1181217575)--Thread(Thread[Test worker,5,main])--end unit of work commit
[EL Finer]: transaction: 2016-09-21 06:35:13.086--UnitOfWork(1181217575)--Thread(Thread[Test worker,5,main])--resume unit of work
[EL Finer]: transaction: 2016-09-21 06:35:13.086--UnitOfWork(1181217575)--Thread(Thread[Test worker,5,main])--release unit of work
[EL Finer]: connection: 2016-09-21 06:35:13.086--ClientSession(1390114584)--Thread(Thread[Test worker,5,main])--client released
[EL Finer]: connection: 2016-09-21 06:35:13.103--ServerSession(993367760)--Thread(Thread[Test worker,5,main])--client acquired: 1980975816
[EL Finer]: transaction: 2016-09-21 06:35:13.103--ClientSession(1980975816)--Thread(Thread[Test worker,5,main])--acquire unit of work: 1821560071
[EL Finest]: connection: 2016-09-21 06:35:13.103--ServerSession(993367760)--Connection(433241665)--Thread(Thread[Test worker,5,main])--Connection acquired from connection pool [default].
[EL Finer]: transaction: 2016-09-21 06:35:13.103--ClientSession(1980975816)--Connection(433241665)--Thread(Thread[Test worker,5,main])--begin transaction
[EL Finest]: connection: 2016-09-21 06:35:13.103--ClientSession(1980975816)--Thread(Thread[Test worker,5,main])--reconnecting to external connection pool
[EL Finest]: query: 2016-09-21 06:35:13.104--UnitOfWork(1821560071)--Thread(Thread[Test worker,5,main])--Execute query ReadObjectQuery(name="readState" referenceClass=State sql="SELECT stateId, countryId, stateCapital, stateCapitalLatitude, stateCapitalLongitude, stateCode, stateCodeChar2, stateCodeChar3, stateDescription, stateFlag, stateName, versionId, createdBy, createdDate, updatedBy, updatedDate, activeStatus, txnAccessCode FROM State WHERE (stateId = ?)")
[EL Fine]: sql: 2016-09-21 06:35:13.104--ClientSession(1980975816)--Connection(1732986708)--Thread(Thread[Test worker,5,main])--SELECT stateId, countryId, stateCapital, stateCapitalLatitude, stateCapitalLongitude, stateCode, stateCodeChar2, stateCodeChar3, stateDescription, stateFlag, stateName, versionId, createdBy, createdDate, updatedBy, updatedDate, activeStatus, txnAccessCode FROM State WHERE (stateId = ?)
	bind => [AA75A99F-1F64-4268-9525-BFC31C8FC142]
[EL Finest]: transaction: 2016-09-21 06:35:13.106--UnitOfWork(1821560071)--Thread(Thread[Test worker,5,main])--remove() operation called on: 3MghfXfllOFFCmlxZNTTgivKBl41jSSGjkMC6JtTrg4uyJPOMT
[EL Finer]: transaction: 2016-09-21 06:35:13.107--UnitOfWork(1821560071)--Thread(Thread[Test worker,5,main])--begin unit of work commit
[EL Finest]: query: 2016-09-21 06:35:13.108--UnitOfWork(1821560071)--Thread(Thread[Test worker,5,main])--Execute query DoesExistQuery(referenceClass=State )
[EL Finest]: query: 2016-09-21 06:35:13.108--UnitOfWork(1821560071)--Thread(Thread[Test worker,5,main])--Execute query DeleteObjectQuery(3MghfXfllOFFCmlxZNTTgivKBl41jSSGjkMC6JtTrg4uyJPOMT)
[EL Fine]: sql: 2016-09-21 06:35:13.108--ClientSession(1980975816)--Connection(1732986708)--Thread(Thread[Test worker,5,main])--DELETE FROM State WHERE ((stateId = ?) AND (versionId = ?))
	bind => [AA75A99F-1F64-4268-9525-BFC31C8FC142, 1]
[EL Finer]: transaction: 2016-09-21 06:35:13.11--ClientSession(1980975816)--Connection(1732986708)--Thread(Thread[Test worker,5,main])--commit transaction
[EL Finest]: connection: 2016-09-21 06:35:13.142--ServerSession(993367760)--Connection(433241665)--Thread(Thread[Test worker,5,main])--Connection released to connection pool [default].
[EL Finer]: transaction: 2016-09-21 06:35:13.142--UnitOfWork(1821560071)--Thread(Thread[Test worker,5,main])--end unit of work commit
[EL Finer]: transaction: 2016-09-21 06:35:13.142--UnitOfWork(1821560071)--Thread(Thread[Test worker,5,main])--resume unit of work
[EL Finer]: transaction: 2016-09-21 06:35:13.142--UnitOfWork(1821560071)--Thread(Thread[Test worker,5,main])--release unit of work
[EL Finer]: connection: 2016-09-21 06:35:13.142--ClientSession(1980975816)--Thread(Thread[Test worker,5,main])--client released
[EL Finer]: connection: 2016-09-21 06:35:13.158--ServerSession(993367760)--Thread(Thread[Test worker,5,main])--client acquired: 815243594
[EL Finer]: transaction: 2016-09-21 06:35:13.159--ClientSession(815243594)--Thread(Thread[Test worker,5,main])--acquire unit of work: 853416498
[EL Finest]: connection: 2016-09-21 06:35:13.159--ServerSession(993367760)--Connection(327803573)--Thread(Thread[Test worker,5,main])--Connection acquired from connection pool [default].
[EL Finer]: transaction: 2016-09-21 06:35:13.159--ClientSession(815243594)--Connection(327803573)--Thread(Thread[Test worker,5,main])--begin transaction
[EL Finest]: connection: 2016-09-21 06:35:13.159--ClientSession(815243594)--Thread(Thread[Test worker,5,main])--reconnecting to external connection pool
[EL Finest]: query: 2016-09-21 06:35:13.16--UnitOfWork(853416498)--Thread(Thread[Test worker,5,main])--Execute query ReadObjectQuery(name="readCountry" referenceClass=Country sql="SELECT countryId, capital, capitalLatitude, capitalLongitude, countryCode1, countryCode2, countryFlag, countryName, currencyCode, currencyName, currencySymbol, isoNumeric, versionId, createdBy, createdDate, updatedBy, updatedDate, activeStatus, txnAccessCode FROM Country WHERE (countryId = ?)")
[EL Fine]: sql: 2016-09-21 06:35:13.16--ClientSession(815243594)--Connection(2014010945)--Thread(Thread[Test worker,5,main])--SELECT countryId, capital, capitalLatitude, capitalLongitude, countryCode1, countryCode2, countryFlag, countryName, currencyCode, currencyName, currencySymbol, isoNumeric, versionId, createdBy, createdDate, updatedBy, updatedDate, activeStatus, txnAccessCode FROM Country WHERE (countryId = ?)
	bind => [3A734DEA-C5A8-43C4-B0C7-9E258EE7BFDF]
[EL Finest]: transaction: 2016-09-21 06:35:13.162--UnitOfWork(853416498)--Thread(Thread[Test worker,5,main])--remove() operation called on: ZUarCFe4G2B52Ezk58kKl9AuL2BsAepZfOxGxeqgWLIu3Ye5Bh
[EL Finer]: transaction: 2016-09-21 06:35:13.162--UnitOfWork(853416498)--Thread(Thread[Test worker,5,main])--begin unit of work commit
[EL Finest]: query: 2016-09-21 06:35:13.163--UnitOfWork(853416498)--Thread(Thread[Test worker,5,main])--Execute query DoesExistQuery(referenceClass=Country )
[EL Finest]: query: 2016-09-21 06:35:13.163--UnitOfWork(853416498)--Thread(Thread[Test worker,5,main])--Execute query DeleteObjectQuery(ZUarCFe4G2B52Ezk58kKl9AuL2BsAepZfOxGxeqgWLIu3Ye5Bh)
[EL Fine]: sql: 2016-09-21 06:35:13.163--ClientSession(815243594)--Connection(2014010945)--Thread(Thread[Test worker,5,main])--DELETE FROM Country WHERE ((countryId = ?) AND (versionId = ?))
	bind => [3A734DEA-C5A8-43C4-B0C7-9E258EE7BFDF, 1]
[EL Finer]: transaction: 2016-09-21 06:35:13.165--ClientSession(815243594)--Connection(2014010945)--Thread(Thread[Test worker,5,main])--commit transaction
[EL Finest]: connection: 2016-09-21 06:35:13.217--ServerSession(993367760)--Connection(327803573)--Thread(Thread[Test worker,5,main])--Connection released to connection pool [default].
[EL Finer]: transaction: 2016-09-21 06:35:13.217--UnitOfWork(853416498)--Thread(Thread[Test worker,5,main])--end unit of work commit
[EL Finer]: transaction: 2016-09-21 06:35:13.217--UnitOfWork(853416498)--Thread(Thread[Test worker,5,main])--resume unit of work
[EL Finer]: transaction: 2016-09-21 06:35:13.217--UnitOfWork(853416498)--Thread(Thread[Test worker,5,main])--release unit of work
[EL Finer]: connection: 2016-09-21 06:35:13.217--ClientSession(815243594)--Thread(Thread[Test worker,5,main])--client released
]]></system-out>
  <system-err><![CDATA[Taluka.talukaName may not be null
java.lang.SecurityException: Taluka.talukaName may not be null
	at com.athena.server.pluggable.utils.helper.EntityValidatorHelper.validateEntity(EntityValidatorHelper.java:37)
	at com.app.shared.organizationextendedbc.locationextended.Taluka.isValid(Taluka.java:265)
	at com.app.server.service.organizationextendedbc.locationextended.TalukaTestCase.validateTaluka(TalukaTestCase.java:361)
	at com.app.server.service.organizationextendedbc.locationextended.TalukaTestCase.test5NegativeTesting(TalukaTestCase.java:398)
	at sun.reflect.NativeMethodAccessorImpl.invoke0(Native Method)
	at sun.reflect.NativeMethodAccessorImpl.invoke(NativeMethodAccessorImpl.java:57)
	at sun.reflect.DelegatingMethodAccessorImpl.invoke(DelegatingMethodAccessorImpl.java:43)
	at java.lang.reflect.Method.invoke(Method.java:606)
	at org.junit.runners.model.FrameworkMethod$1.runReflectiveCall(FrameworkMethod.java:47)
	at org.junit.internal.runners.model.ReflectiveCallable.run(ReflectiveCallable.java:12)
	at org.junit.runners.model.FrameworkMethod.invokeExplosively(FrameworkMethod.java:44)
	at org.junit.internal.runners.statements.InvokeMethod.evaluate(InvokeMethod.java:17)
	at org.junit.internal.runners.statements.RunBefores.evaluate(RunBefores.java:26)
	at org.springframework.test.context.junit4.statements.RunBeforeTestMethodCallbacks.evaluate(RunBeforeTestMethodCallbacks.java:74)
	at org.junit.internal.runners.statements.RunAfters.evaluate(RunAfters.java:27)
	at org.springframework.test.context.junit4.statements.RunAfterTestMethodCallbacks.evaluate(RunAfterTestMethodCallbacks.java:83)
	at org.springframework.test.context.junit4.statements.SpringRepeat.evaluate(SpringRepeat.java:72)
	at org.springframework.test.context.junit4.SpringJUnit4ClassRunner.runChild(SpringJUnit4ClassRunner.java:233)
	at org.springframework.test.context.junit4.SpringJUnit4ClassRunner.runChild(SpringJUnit4ClassRunner.java:87)
	at org.junit.runners.ParentRunner$3.run(ParentRunner.java:238)
	at org.junit.runners.ParentRunner$1.schedule(ParentRunner.java:63)
	at org.junit.runners.ParentRunner.runChildren(ParentRunner.java:236)
	at org.junit.runners.ParentRunner.access$000(ParentRunner.java:53)
	at org.junit.runners.ParentRunner$2.evaluate(ParentRunner.java:229)
	at org.junit.internal.runners.statements.RunBefores.evaluate(RunBefores.java:26)
	at org.springframework.test.context.junit4.statements.RunBeforeTestClassCallbacks.evaluate(RunBeforeTestClassCallbacks.java:61)
	at org.springframework.test.context.junit4.statements.RunAfterTestClassCallbacks.evaluate(RunAfterTestClassCallbacks.java:71)
	at org.junit.runners.ParentRunner.run(ParentRunner.java:309)
	at org.springframework.test.context.junit4.SpringJUnit4ClassRunner.run(SpringJUnit4ClassRunner.java:176)
	at org.gradle.api.internal.tasks.testing.junit.JUnitTestClassExecuter.runTestClass(JUnitTestClassExecuter.java:86)
	at org.gradle.api.internal.tasks.testing.junit.JUnitTestClassExecuter.execute(JUnitTestClassExecuter.java:49)
	at org.gradle.api.internal.tasks.testing.junit.JUnitTestClassProcessor.processTestClass(JUnitTestClassProcessor.java:64)
	at org.gradle.api.internal.tasks.testing.SuiteTestClassProcessor.processTestClass(SuiteTestClassProcessor.java:50)
	at sun.reflect.NativeMethodAccessorImpl.invoke0(Native Method)
	at sun.reflect.NativeMethodAccessorImpl.invoke(NativeMethodAccessorImpl.java:57)
	at sun.reflect.DelegatingMethodAccessorImpl.invoke(DelegatingMethodAccessorImpl.java:43)
	at java.lang.reflect.Method.invoke(Method.java:606)
	at org.gradle.messaging.dispatch.ReflectionDispatch.dispatch(ReflectionDispatch.java:35)
	at org.gradle.messaging.dispatch.ReflectionDispatch.dispatch(ReflectionDispatch.java:24)
	at org.gradle.messaging.dispatch.ContextClassLoaderDispatch.dispatch(ContextClassLoaderDispatch.java:32)
	at org.gradle.messaging.dispatch.ProxyDispatchAdapter$DispatchingInvocationHandler.invoke(ProxyDispatchAdapter.java:93)
	at com.sun.proxy.$Proxy2.processTestClass(Unknown Source)
	at org.gradle.api.internal.tasks.testing.worker.TestWorker.processTestClass(TestWorker.java:106)
	at sun.reflect.NativeMethodAccessorImpl.invoke0(Native Method)
	at sun.reflect.NativeMethodAccessorImpl.invoke(NativeMethodAccessorImpl.java:57)
	at sun.reflect.DelegatingMethodAccessorImpl.invoke(DelegatingMethodAccessorImpl.java:43)
	at java.lang.reflect.Method.invoke(Method.java:606)
	at org.gradle.messaging.dispatch.ReflectionDispatch.dispatch(ReflectionDispatch.java:35)
	at org.gradle.messaging.dispatch.ReflectionDispatch.dispatch(ReflectionDispatch.java:24)
	at org.gradle.messaging.remote.internal.hub.MessageHub$Handler.run(MessageHub.java:360)
	at org.gradle.internal.concurrent.DefaultExecutorFactory$StoppableExecutorImpl$1.run(DefaultExecutorFactory.java:64)
	at java.util.concurrent.ThreadPoolExecutor.runWorker(ThreadPoolExecutor.java:1145)
	at java.util.concurrent.ThreadPoolExecutor$Worker.run(ThreadPoolExecutor.java:615)
	at java.lang.Thread.run(Thread.java:745)
Taluka.talukaName size must be between 0 and 256
java.lang.SecurityException: Taluka.talukaName size must be between 0 and 256
	at com.athena.server.pluggable.utils.helper.EntityValidatorHelper.validateEntity(EntityValidatorHelper.java:37)
	at com.app.shared.organizationextendedbc.locationextended.Taluka.isValid(Taluka.java:265)
	at com.app.server.service.organizationextendedbc.locationextended.TalukaTestCase.validateTaluka(TalukaTestCase.java:359)
	at com.app.server.service.organizationextendedbc.locationextended.TalukaTestCase.test5NegativeTesting(TalukaTestCase.java:403)
	at sun.reflect.NativeMethodAccessorImpl.invoke0(Native Method)
	at sun.reflect.NativeMethodAccessorImpl.invoke(NativeMethodAccessorImpl.java:57)
	at sun.reflect.DelegatingMethodAccessorImpl.invoke(DelegatingMethodAccessorImpl.java:43)
	at java.lang.reflect.Method.invoke(Method.java:606)
	at org.junit.runners.model.FrameworkMethod$1.runReflectiveCall(FrameworkMethod.java:47)
	at org.junit.internal.runners.model.ReflectiveCallable.run(ReflectiveCallable.java:12)
	at org.junit.runners.model.FrameworkMethod.invokeExplosively(FrameworkMethod.java:44)
	at org.junit.internal.runners.statements.InvokeMethod.evaluate(InvokeMethod.java:17)
	at org.junit.internal.runners.statements.RunBefores.evaluate(RunBefores.java:26)
	at org.springframework.test.context.junit4.statements.RunBeforeTestMethodCallbacks.evaluate(RunBeforeTestMethodCallbacks.java:74)
	at org.junit.internal.runners.statements.RunAfters.evaluate(RunAfters.java:27)
	at org.springframework.test.context.junit4.statements.RunAfterTestMethodCallbacks.evaluate(RunAfterTestMethodCallbacks.java:83)
	at org.springframework.test.context.junit4.statements.SpringRepeat.evaluate(SpringRepeat.java:72)
	at org.springframework.test.context.junit4.SpringJUnit4ClassRunner.runChild(SpringJUnit4ClassRunner.java:233)
	at org.springframework.test.context.junit4.SpringJUnit4ClassRunner.runChild(SpringJUnit4ClassRunner.java:87)
	at org.junit.runners.ParentRunner$3.run(ParentRunner.java:238)
	at org.junit.runners.ParentRunner$1.schedule(ParentRunner.java:63)
	at org.junit.runners.ParentRunner.runChildren(ParentRunner.java:236)
	at org.junit.runners.ParentRunner.access$000(ParentRunner.java:53)
	at org.junit.runners.ParentRunner$2.evaluate(ParentRunner.java:229)
	at org.junit.internal.runners.statements.RunBefores.evaluate(RunBefores.java:26)
	at org.springframework.test.context.junit4.statements.RunBeforeTestClassCallbacks.evaluate(RunBeforeTestClassCallbacks.java:61)
	at org.springframework.test.context.junit4.statements.RunAfterTestClassCallbacks.evaluate(RunAfterTestClassCallbacks.java:71)
	at org.junit.runners.ParentRunner.run(ParentRunner.java:309)
	at org.springframework.test.context.junit4.SpringJUnit4ClassRunner.run(SpringJUnit4ClassRunner.java:176)
	at org.gradle.api.internal.tasks.testing.junit.JUnitTestClassExecuter.runTestClass(JUnitTestClassExecuter.java:86)
	at org.gradle.api.internal.tasks.testing.junit.JUnitTestClassExecuter.execute(JUnitTestClassExecuter.java:49)
	at org.gradle.api.internal.tasks.testing.junit.JUnitTestClassProcessor.processTestClass(JUnitTestClassProcessor.java:64)
	at org.gradle.api.internal.tasks.testing.SuiteTestClassProcessor.processTestClass(SuiteTestClassProcessor.java:50)
	at sun.reflect.NativeMethodAccessorImpl.invoke0(Native Method)
	at sun.reflect.NativeMethodAccessorImpl.invoke(NativeMethodAccessorImpl.java:57)
	at sun.reflect.DelegatingMethodAccessorImpl.invoke(DelegatingMethodAccessorImpl.java:43)
	at java.lang.reflect.Method.invoke(Method.java:606)
	at org.gradle.messaging.dispatch.ReflectionDispatch.dispatch(ReflectionDispatch.java:35)
	at org.gradle.messaging.dispatch.ReflectionDispatch.dispatch(ReflectionDispatch.java:24)
	at org.gradle.messaging.dispatch.ContextClassLoaderDispatch.dispatch(ContextClassLoaderDispatch.java:32)
	at org.gradle.messaging.dispatch.ProxyDispatchAdapter$DispatchingInvocationHandler.invoke(ProxyDispatchAdapter.java:93)
	at com.sun.proxy.$Proxy2.processTestClass(Unknown Source)
	at org.gradle.api.internal.tasks.testing.worker.TestWorker.processTestClass(TestWorker.java:106)
	at sun.reflect.NativeMethodAccessorImpl.invoke0(Native Method)
	at sun.reflect.NativeMethodAccessorImpl.invoke(NativeMethodAccessorImpl.java:57)
	at sun.reflect.DelegatingMethodAccessorImpl.invoke(DelegatingMethodAccessorImpl.java:43)
	at java.lang.reflect.Method.invoke(Method.java:606)
	at org.gradle.messaging.dispatch.ReflectionDispatch.dispatch(ReflectionDispatch.java:35)
	at org.gradle.messaging.dispatch.ReflectionDispatch.dispatch(ReflectionDispatch.java:24)
	at org.gradle.messaging.remote.internal.hub.MessageHub$Handler.run(MessageHub.java:360)
	at org.gradle.internal.concurrent.DefaultExecutorFactory$StoppableExecutorImpl$1.run(DefaultExecutorFactory.java:64)
	at java.util.concurrent.ThreadPoolExecutor.runWorker(ThreadPoolExecutor.java:1145)
	at java.util.concurrent.ThreadPoolExecutor$Worker.run(ThreadPoolExecutor.java:615)
	at java.lang.Thread.run(Thread.java:745)
Taluka.talukaCode may not be null
java.lang.SecurityException: Taluka.talukaCode may not be null
	at com.athena.server.pluggable.utils.helper.EntityValidatorHelper.validateEntity(EntityValidatorHelper.java:37)
	at com.app.shared.organizationextendedbc.locationextended.Taluka.isValid(Taluka.java:265)
	at com.app.server.service.organizationextendedbc.locationextended.TalukaTestCase.validateTaluka(TalukaTestCase.java:361)
	at com.app.server.service.organizationextendedbc.locationextended.TalukaTestCase.test5NegativeTesting(TalukaTestCase.java:409)
	at sun.reflect.NativeMethodAccessorImpl.invoke0(Native Method)
	at sun.reflect.NativeMethodAccessorImpl.invoke(NativeMethodAccessorImpl.java:57)
	at sun.reflect.DelegatingMethodAccessorImpl.invoke(DelegatingMethodAccessorImpl.java:43)
	at java.lang.reflect.Method.invoke(Method.java:606)
	at org.junit.runners.model.FrameworkMethod$1.runReflectiveCall(FrameworkMethod.java:47)
	at org.junit.internal.runners.model.ReflectiveCallable.run(ReflectiveCallable.java:12)
	at org.junit.runners.model.FrameworkMethod.invokeExplosively(FrameworkMethod.java:44)
	at org.junit.internal.runners.statements.InvokeMethod.evaluate(InvokeMethod.java:17)
	at org.junit.internal.runners.statements.RunBefores.evaluate(RunBefores.java:26)
	at org.springframework.test.context.junit4.statements.RunBeforeTestMethodCallbacks.evaluate(RunBeforeTestMethodCallbacks.java:74)
	at org.junit.internal.runners.statements.RunAfters.evaluate(RunAfters.java:27)
	at org.springframework.test.context.junit4.statements.RunAfterTestMethodCallbacks.evaluate(RunAfterTestMethodCallbacks.java:83)
	at org.springframework.test.context.junit4.statements.SpringRepeat.evaluate(SpringRepeat.java:72)
	at org.springframework.test.context.junit4.SpringJUnit4ClassRunner.runChild(SpringJUnit4ClassRunner.java:233)
	at org.springframework.test.context.junit4.SpringJUnit4ClassRunner.runChild(SpringJUnit4ClassRunner.java:87)
	at org.junit.runners.ParentRunner$3.run(ParentRunner.java:238)
	at org.junit.runners.ParentRunner$1.schedule(ParentRunner.java:63)
	at org.junit.runners.ParentRunner.runChildren(ParentRunner.java:236)
	at org.junit.runners.ParentRunner.access$000(ParentRunner.java:53)
	at org.junit.runners.ParentRunner$2.evaluate(ParentRunner.java:229)
	at org.junit.internal.runners.statements.RunBefores.evaluate(RunBefores.java:26)
	at org.springframework.test.context.junit4.statements.RunBeforeTestClassCallbacks.evaluate(RunBeforeTestClassCallbacks.java:61)
	at org.springframework.test.context.junit4.statements.RunAfterTestClassCallbacks.evaluate(RunAfterTestClassCallbacks.java:71)
	at org.junit.runners.ParentRunner.run(ParentRunner.java:309)
	at org.springframework.test.context.junit4.SpringJUnit4ClassRunner.run(SpringJUnit4ClassRunner.java:176)
	at org.gradle.api.internal.tasks.testing.junit.JUnitTestClassExecuter.runTestClass(JUnitTestClassExecuter.java:86)
	at org.gradle.api.internal.tasks.testing.junit.JUnitTestClassExecuter.execute(JUnitTestClassExecuter.java:49)
	at org.gradle.api.internal.tasks.testing.junit.JUnitTestClassProcessor.processTestClass(JUnitTestClassProcessor.java:64)
	at org.gradle.api.internal.tasks.testing.SuiteTestClassProcessor.processTestClass(SuiteTestClassProcessor.java:50)
	at sun.reflect.NativeMethodAccessorImpl.invoke0(Native Method)
	at sun.reflect.NativeMethodAccessorImpl.invoke(NativeMethodAccessorImpl.java:57)
	at sun.reflect.DelegatingMethodAccessorImpl.invoke(DelegatingMethodAccessorImpl.java:43)
	at java.lang.reflect.Method.invoke(Method.java:606)
	at org.gradle.messaging.dispatch.ReflectionDispatch.dispatch(ReflectionDispatch.java:35)
	at org.gradle.messaging.dispatch.ReflectionDispatch.dispatch(ReflectionDispatch.java:24)
	at org.gradle.messaging.dispatch.ContextClassLoaderDispatch.dispatch(ContextClassLoaderDispatch.java:32)
	at org.gradle.messaging.dispatch.ProxyDispatchAdapter$DispatchingInvocationHandler.invoke(ProxyDispatchAdapter.java:93)
	at com.sun.proxy.$Proxy2.processTestClass(Unknown Source)
	at org.gradle.api.internal.tasks.testing.worker.TestWorker.processTestClass(TestWorker.java:106)
	at sun.reflect.NativeMethodAccessorImpl.invoke0(Native Method)
	at sun.reflect.NativeMethodAccessorImpl.invoke(NativeMethodAccessorImpl.java:57)
	at sun.reflect.DelegatingMethodAccessorImpl.invoke(DelegatingMethodAccessorImpl.java:43)
	at java.lang.reflect.Method.invoke(Method.java:606)
	at org.gradle.messaging.dispatch.ReflectionDispatch.dispatch(ReflectionDispatch.java:35)
	at org.gradle.messaging.dispatch.ReflectionDispatch.dispatch(ReflectionDispatch.java:24)
	at org.gradle.messaging.remote.internal.hub.MessageHub$Handler.run(MessageHub.java:360)
	at org.gradle.internal.concurrent.DefaultExecutorFactory$StoppableExecutorImpl$1.run(DefaultExecutorFactory.java:64)
	at java.util.concurrent.ThreadPoolExecutor.runWorker(ThreadPoolExecutor.java:1145)
	at java.util.concurrent.ThreadPoolExecutor$Worker.run(ThreadPoolExecutor.java:615)
	at java.lang.Thread.run(Thread.java:745)
Taluka.talukaCode size must be between 0 and 32
java.lang.SecurityException: Taluka.talukaCode size must be between 0 and 32
	at com.athena.server.pluggable.utils.helper.EntityValidatorHelper.validateEntity(EntityValidatorHelper.java:37)
	at com.app.shared.organizationextendedbc.locationextended.Taluka.isValid(Taluka.java:265)
	at com.app.server.service.organizationextendedbc.locationextended.TalukaTestCase.validateTaluka(TalukaTestCase.java:359)
	at com.app.server.service.organizationextendedbc.locationextended.TalukaTestCase.test5NegativeTesting(TalukaTestCase.java:414)
	at sun.reflect.NativeMethodAccessorImpl.invoke0(Native Method)
	at sun.reflect.NativeMethodAccessorImpl.invoke(NativeMethodAccessorImpl.java:57)
	at sun.reflect.DelegatingMethodAccessorImpl.invoke(DelegatingMethodAccessorImpl.java:43)
	at java.lang.reflect.Method.invoke(Method.java:606)
	at org.junit.runners.model.FrameworkMethod$1.runReflectiveCall(FrameworkMethod.java:47)
	at org.junit.internal.runners.model.ReflectiveCallable.run(ReflectiveCallable.java:12)
	at org.junit.runners.model.FrameworkMethod.invokeExplosively(FrameworkMethod.java:44)
	at org.junit.internal.runners.statements.InvokeMethod.evaluate(InvokeMethod.java:17)
	at org.junit.internal.runners.statements.RunBefores.evaluate(RunBefores.java:26)
	at org.springframework.test.context.junit4.statements.RunBeforeTestMethodCallbacks.evaluate(RunBeforeTestMethodCallbacks.java:74)
	at org.junit.internal.runners.statements.RunAfters.evaluate(RunAfters.java:27)
	at org.springframework.test.context.junit4.statements.RunAfterTestMethodCallbacks.evaluate(RunAfterTestMethodCallbacks.java:83)
	at org.springframework.test.context.junit4.statements.SpringRepeat.evaluate(SpringRepeat.java:72)
	at org.springframework.test.context.junit4.SpringJUnit4ClassRunner.runChild(SpringJUnit4ClassRunner.java:233)
	at org.springframework.test.context.junit4.SpringJUnit4ClassRunner.runChild(SpringJUnit4ClassRunner.java:87)
	at org.junit.runners.ParentRunner$3.run(ParentRunner.java:238)
	at org.junit.runners.ParentRunner$1.schedule(ParentRunner.java:63)
	at org.junit.runners.ParentRunner.runChildren(ParentRunner.java:236)
	at org.junit.runners.ParentRunner.access$000(ParentRunner.java:53)
	at org.junit.runners.ParentRunner$2.evaluate(ParentRunner.java:229)
	at org.junit.internal.runners.statements.RunBefores.evaluate(RunBefores.java:26)
	at org.springframework.test.context.junit4.statements.RunBeforeTestClassCallbacks.evaluate(RunBeforeTestClassCallbacks.java:61)
	at org.springframework.test.context.junit4.statements.RunAfterTestClassCallbacks.evaluate(RunAfterTestClassCallbacks.java:71)
	at org.junit.runners.ParentRunner.run(ParentRunner.java:309)
	at org.springframework.test.context.junit4.SpringJUnit4ClassRunner.run(SpringJUnit4ClassRunner.java:176)
	at org.gradle.api.internal.tasks.testing.junit.JUnitTestClassExecuter.runTestClass(JUnitTestClassExecuter.java:86)
	at org.gradle.api.internal.tasks.testing.junit.JUnitTestClassExecuter.execute(JUnitTestClassExecuter.java:49)
	at org.gradle.api.internal.tasks.testing.junit.JUnitTestClassProcessor.processTestClass(JUnitTestClassProcessor.java:64)
	at org.gradle.api.internal.tasks.testing.SuiteTestClassProcessor.processTestClass(SuiteTestClassProcessor.java:50)
	at sun.reflect.NativeMethodAccessorImpl.invoke0(Native Method)
	at sun.reflect.NativeMethodAccessorImpl.invoke(NativeMethodAccessorImpl.java:57)
	at sun.reflect.DelegatingMethodAccessorImpl.invoke(DelegatingMethodAccessorImpl.java:43)
	at java.lang.reflect.Method.invoke(Method.java:606)
	at org.gradle.messaging.dispatch.ReflectionDispatch.dispatch(ReflectionDispatch.java:35)
	at org.gradle.messaging.dispatch.ReflectionDispatch.dispatch(ReflectionDispatch.java:24)
	at org.gradle.messaging.dispatch.ContextClassLoaderDispatch.dispatch(ContextClassLoaderDispatch.java:32)
	at org.gradle.messaging.dispatch.ProxyDispatchAdapter$DispatchingInvocationHandler.invoke(ProxyDispatchAdapter.java:93)
	at com.sun.proxy.$Proxy2.processTestClass(Unknown Source)
	at org.gradle.api.internal.tasks.testing.worker.TestWorker.processTestClass(TestWorker.java:106)
	at sun.reflect.NativeMethodAccessorImpl.invoke0(Native Method)
	at sun.reflect.NativeMethodAccessorImpl.invoke(NativeMethodAccessorImpl.java:57)
	at sun.reflect.DelegatingMethodAccessorImpl.invoke(DelegatingMethodAccessorImpl.java:43)
	at java.lang.reflect.Method.invoke(Method.java:606)
	at org.gradle.messaging.dispatch.ReflectionDispatch.dispatch(ReflectionDispatch.java:35)
	at org.gradle.messaging.dispatch.ReflectionDispatch.dispatch(ReflectionDispatch.java:24)
	at org.gradle.messaging.remote.internal.hub.MessageHub$Handler.run(MessageHub.java:360)
	at org.gradle.internal.concurrent.DefaultExecutorFactory$StoppableExecutorImpl$1.run(DefaultExecutorFactory.java:64)
	at java.util.concurrent.ThreadPoolExecutor.runWorker(ThreadPoolExecutor.java:1145)
	at java.util.concurrent.ThreadPoolExecutor$Worker.run(ThreadPoolExecutor.java:615)
	at java.lang.Thread.run(Thread.java:745)
Taluka.talukaDescription size must be between 0 and 128
java.lang.SecurityException: Taluka.talukaDescription size must be between 0 and 128
	at com.athena.server.pluggable.utils.helper.EntityValidatorHelper.validateEntity(EntityValidatorHelper.java:37)
	at com.app.shared.organizationextendedbc.locationextended.Taluka.isValid(Taluka.java:265)
	at com.app.server.service.organizationextendedbc.locationextended.TalukaTestCase.validateTaluka(TalukaTestCase.java:359)
	at com.app.server.service.organizationextendedbc.locationextended.TalukaTestCase.test5NegativeTesting(TalukaTestCase.java:419)
	at sun.reflect.NativeMethodAccessorImpl.invoke0(Native Method)
	at sun.reflect.NativeMethodAccessorImpl.invoke(NativeMethodAccessorImpl.java:57)
	at sun.reflect.DelegatingMethodAccessorImpl.invoke(DelegatingMethodAccessorImpl.java:43)
	at java.lang.reflect.Method.invoke(Method.java:606)
	at org.junit.runners.model.FrameworkMethod$1.runReflectiveCall(FrameworkMethod.java:47)
	at org.junit.internal.runners.model.ReflectiveCallable.run(ReflectiveCallable.java:12)
	at org.junit.runners.model.FrameworkMethod.invokeExplosively(FrameworkMethod.java:44)
	at org.junit.internal.runners.statements.InvokeMethod.evaluate(InvokeMethod.java:17)
	at org.junit.internal.runners.statements.RunBefores.evaluate(RunBefores.java:26)
	at org.springframework.test.context.junit4.statements.RunBeforeTestMethodCallbacks.evaluate(RunBeforeTestMethodCallbacks.java:74)
	at org.junit.internal.runners.statements.RunAfters.evaluate(RunAfters.java:27)
	at org.springframework.test.context.junit4.statements.RunAfterTestMethodCallbacks.evaluate(RunAfterTestMethodCallbacks.java:83)
	at org.springframework.test.context.junit4.statements.SpringRepeat.evaluate(SpringRepeat.java:72)
	at org.springframework.test.context.junit4.SpringJUnit4ClassRunner.runChild(SpringJUnit4ClassRunner.java:233)
	at org.springframework.test.context.junit4.SpringJUnit4ClassRunner.runChild(SpringJUnit4ClassRunner.java:87)
	at org.junit.runners.ParentRunner$3.run(ParentRunner.java:238)
	at org.junit.runners.ParentRunner$1.schedule(ParentRunner.java:63)
	at org.junit.runners.ParentRunner.runChildren(ParentRunner.java:236)
	at org.junit.runners.ParentRunner.access$000(ParentRunner.java:53)
	at org.junit.runners.ParentRunner$2.evaluate(ParentRunner.java:229)
	at org.junit.internal.runners.statements.RunBefores.evaluate(RunBefores.java:26)
	at org.springframework.test.context.junit4.statements.RunBeforeTestClassCallbacks.evaluate(RunBeforeTestClassCallbacks.java:61)
	at org.springframework.test.context.junit4.statements.RunAfterTestClassCallbacks.evaluate(RunAfterTestClassCallbacks.java:71)
	at org.junit.runners.ParentRunner.run(ParentRunner.java:309)
	at org.springframework.test.context.junit4.SpringJUnit4ClassRunner.run(SpringJUnit4ClassRunner.java:176)
	at org.gradle.api.internal.tasks.testing.junit.JUnitTestClassExecuter.runTestClass(JUnitTestClassExecuter.java:86)
	at org.gradle.api.internal.tasks.testing.junit.JUnitTestClassExecuter.execute(JUnitTestClassExecuter.java:49)
	at org.gradle.api.internal.tasks.testing.junit.JUnitTestClassProcessor.processTestClass(JUnitTestClassProcessor.java:64)
	at org.gradle.api.internal.tasks.testing.SuiteTestClassProcessor.processTestClass(SuiteTestClassProcessor.java:50)
	at sun.reflect.NativeMethodAccessorImpl.invoke0(Native Method)
	at sun.reflect.NativeMethodAccessorImpl.invoke(NativeMethodAccessorImpl.java:57)
	at sun.reflect.DelegatingMethodAccessorImpl.invoke(DelegatingMethodAccessorImpl.java:43)
	at java.lang.reflect.Method.invoke(Method.java:606)
	at org.gradle.messaging.dispatch.ReflectionDispatch.dispatch(ReflectionDispatch.java:35)
	at org.gradle.messaging.dispatch.ReflectionDispatch.dispatch(ReflectionDispatch.java:24)
	at org.gradle.messaging.dispatch.ContextClassLoaderDispatch.dispatch(ContextClassLoaderDispatch.java:32)
	at org.gradle.messaging.dispatch.ProxyDispatchAdapter$DispatchingInvocationHandler.invoke(ProxyDispatchAdapter.java:93)
	at com.sun.proxy.$Proxy2.processTestClass(Unknown Source)
	at org.gradle.api.internal.tasks.testing.worker.TestWorker.processTestClass(TestWorker.java:106)
	at sun.reflect.NativeMethodAccessorImpl.invoke0(Native Method)
	at sun.reflect.NativeMethodAccessorImpl.invoke(NativeMethodAccessorImpl.java:57)
	at sun.reflect.DelegatingMethodAccessorImpl.invoke(DelegatingMethodAccessorImpl.java:43)
	at java.lang.reflect.Method.invoke(Method.java:606)
	at org.gradle.messaging.dispatch.ReflectionDispatch.dispatch(ReflectionDispatch.java:35)
	at org.gradle.messaging.dispatch.ReflectionDispatch.dispatch(ReflectionDispatch.java:24)
	at org.gradle.messaging.remote.internal.hub.MessageHub$Handler.run(MessageHub.java:360)
	at org.gradle.internal.concurrent.DefaultExecutorFactory$StoppableExecutorImpl$1.run(DefaultExecutorFactory.java:64)
	at java.util.concurrent.ThreadPoolExecutor.runWorker(ThreadPoolExecutor.java:1145)
	at java.util.concurrent.ThreadPoolExecutor$Worker.run(ThreadPoolExecutor.java:615)
	at java.lang.Thread.run(Thread.java:745)
Taluka.talukaFlag size must be between 0 and 128
java.lang.SecurityException: Taluka.talukaFlag size must be between 0 and 128
	at com.athena.server.pluggable.utils.helper.EntityValidatorHelper.validateEntity(EntityValidatorHelper.java:37)
	at com.app.shared.organizationextendedbc.locationextended.Taluka.isValid(Taluka.java:265)
	at com.app.server.service.organizationextendedbc.locationextended.TalukaTestCase.validateTaluka(TalukaTestCase.java:359)
	at com.app.server.service.organizationextendedbc.locationextended.TalukaTestCase.test5NegativeTesting(TalukaTestCase.java:424)
	at sun.reflect.NativeMethodAccessorImpl.invoke0(Native Method)
	at sun.reflect.NativeMethodAccessorImpl.invoke(NativeMethodAccessorImpl.java:57)
	at sun.reflect.DelegatingMethodAccessorImpl.invoke(DelegatingMethodAccessorImpl.java:43)
	at java.lang.reflect.Method.invoke(Method.java:606)
	at org.junit.runners.model.FrameworkMethod$1.runReflectiveCall(FrameworkMethod.java:47)
	at org.junit.internal.runners.model.ReflectiveCallable.run(ReflectiveCallable.java:12)
	at org.junit.runners.model.FrameworkMethod.invokeExplosively(FrameworkMethod.java:44)
	at org.junit.internal.runners.statements.InvokeMethod.evaluate(InvokeMethod.java:17)
	at org.junit.internal.runners.statements.RunBefores.evaluate(RunBefores.java:26)
	at org.springframework.test.context.junit4.statements.RunBeforeTestMethodCallbacks.evaluate(RunBeforeTestMethodCallbacks.java:74)
	at org.junit.internal.runners.statements.RunAfters.evaluate(RunAfters.java:27)
	at org.springframework.test.context.junit4.statements.RunAfterTestMethodCallbacks.evaluate(RunAfterTestMethodCallbacks.java:83)
	at org.springframework.test.context.junit4.statements.SpringRepeat.evaluate(SpringRepeat.java:72)
	at org.springframework.test.context.junit4.SpringJUnit4ClassRunner.runChild(SpringJUnit4ClassRunner.java:233)
	at org.springframework.test.context.junit4.SpringJUnit4ClassRunner.runChild(SpringJUnit4ClassRunner.java:87)
	at org.junit.runners.ParentRunner$3.run(ParentRunner.java:238)
	at org.junit.runners.ParentRunner$1.schedule(ParentRunner.java:63)
	at org.junit.runners.ParentRunner.runChildren(ParentRunner.java:236)
	at org.junit.runners.ParentRunner.access$000(ParentRunner.java:53)
	at org.junit.runners.ParentRunner$2.evaluate(ParentRunner.java:229)
	at org.junit.internal.runners.statements.RunBefores.evaluate(RunBefores.java:26)
	at org.springframework.test.context.junit4.statements.RunBeforeTestClassCallbacks.evaluate(RunBeforeTestClassCallbacks.java:61)
	at org.springframework.test.context.junit4.statements.RunAfterTestClassCallbacks.evaluate(RunAfterTestClassCallbacks.java:71)
	at org.junit.runners.ParentRunner.run(ParentRunner.java:309)
	at org.springframework.test.context.junit4.SpringJUnit4ClassRunner.run(SpringJUnit4ClassRunner.java:176)
	at org.gradle.api.internal.tasks.testing.junit.JUnitTestClassExecuter.runTestClass(JUnitTestClassExecuter.java:86)
	at org.gradle.api.internal.tasks.testing.junit.JUnitTestClassExecuter.execute(JUnitTestClassExecuter.java:49)
	at org.gradle.api.internal.tasks.testing.junit.JUnitTestClassProcessor.processTestClass(JUnitTestClassProcessor.java:64)
	at org.gradle.api.internal.tasks.testing.SuiteTestClassProcessor.processTestClass(SuiteTestClassProcessor.java:50)
	at sun.reflect.NativeMethodAccessorImpl.invoke0(Native Method)
	at sun.reflect.NativeMethodAccessorImpl.invoke(NativeMethodAccessorImpl.java:57)
	at sun.reflect.DelegatingMethodAccessorImpl.invoke(DelegatingMethodAccessorImpl.java:43)
	at java.lang.reflect.Method.invoke(Method.java:606)
	at org.gradle.messaging.dispatch.ReflectionDispatch.dispatch(ReflectionDispatch.java:35)
	at org.gradle.messaging.dispatch.ReflectionDispatch.dispatch(ReflectionDispatch.java:24)
	at org.gradle.messaging.dispatch.ContextClassLoaderDispatch.dispatch(ContextClassLoaderDispatch.java:32)
	at org.gradle.messaging.dispatch.ProxyDispatchAdapter$DispatchingInvocationHandler.invoke(ProxyDispatchAdapter.java:93)
	at com.sun.proxy.$Proxy2.processTestClass(Unknown Source)
	at org.gradle.api.internal.tasks.testing.worker.TestWorker.processTestClass(TestWorker.java:106)
	at sun.reflect.NativeMethodAccessorImpl.invoke0(Native Method)
	at sun.reflect.NativeMethodAccessorImpl.invoke(NativeMethodAccessorImpl.java:57)
	at sun.reflect.DelegatingMethodAccessorImpl.invoke(DelegatingMethodAccessorImpl.java:43)
	at java.lang.reflect.Method.invoke(Method.java:606)
	at org.gradle.messaging.dispatch.ReflectionDispatch.dispatch(ReflectionDispatch.java:35)
	at org.gradle.messaging.dispatch.ReflectionDispatch.dispatch(ReflectionDispatch.java:24)
	at org.gradle.messaging.remote.internal.hub.MessageHub$Handler.run(MessageHub.java:360)
	at org.gradle.internal.concurrent.DefaultExecutorFactory$StoppableExecutorImpl$1.run(DefaultExecutorFactory.java:64)
	at java.util.concurrent.ThreadPoolExecutor.runWorker(ThreadPoolExecutor.java:1145)
	at java.util.concurrent.ThreadPoolExecutor$Worker.run(ThreadPoolExecutor.java:615)
	at java.lang.Thread.run(Thread.java:745)
Taluka.talukaLatitude must be less than or equal to 11
java.lang.SecurityException: Taluka.talukaLatitude must be less than or equal to 11
	at com.athena.server.pluggable.utils.helper.EntityValidatorHelper.validateEntity(EntityValidatorHelper.java:37)
	at com.app.shared.organizationextendedbc.locationextended.Taluka.isValid(Taluka.java:265)
	at com.app.server.service.organizationextendedbc.locationextended.TalukaTestCase.validateTaluka(TalukaTestCase.java:359)
	at com.app.server.service.organizationextendedbc.locationextended.TalukaTestCase.test5NegativeTesting(TalukaTestCase.java:429)
	at sun.reflect.NativeMethodAccessorImpl.invoke0(Native Method)
	at sun.reflect.NativeMethodAccessorImpl.invoke(NativeMethodAccessorImpl.java:57)
	at sun.reflect.DelegatingMethodAccessorImpl.invoke(DelegatingMethodAccessorImpl.java:43)
	at java.lang.reflect.Method.invoke(Method.java:606)
	at org.junit.runners.model.FrameworkMethod$1.runReflectiveCall(FrameworkMethod.java:47)
	at org.junit.internal.runners.model.ReflectiveCallable.run(ReflectiveCallable.java:12)
	at org.junit.runners.model.FrameworkMethod.invokeExplosively(FrameworkMethod.java:44)
	at org.junit.internal.runners.statements.InvokeMethod.evaluate(InvokeMethod.java:17)
	at org.junit.internal.runners.statements.RunBefores.evaluate(RunBefores.java:26)
	at org.springframework.test.context.junit4.statements.RunBeforeTestMethodCallbacks.evaluate(RunBeforeTestMethodCallbacks.java:74)
	at org.junit.internal.runners.statements.RunAfters.evaluate(RunAfters.java:27)
	at org.springframework.test.context.junit4.statements.RunAfterTestMethodCallbacks.evaluate(RunAfterTestMethodCallbacks.java:83)
	at org.springframework.test.context.junit4.statements.SpringRepeat.evaluate(SpringRepeat.java:72)
	at org.springframework.test.context.junit4.SpringJUnit4ClassRunner.runChild(SpringJUnit4ClassRunner.java:233)
	at org.springframework.test.context.junit4.SpringJUnit4ClassRunner.runChild(SpringJUnit4ClassRunner.java:87)
	at org.junit.runners.ParentRunner$3.run(ParentRunner.java:238)
	at org.junit.runners.ParentRunner$1.schedule(ParentRunner.java:63)
	at org.junit.runners.ParentRunner.runChildren(ParentRunner.java:236)
	at org.junit.runners.ParentRunner.access$000(ParentRunner.java:53)
	at org.junit.runners.ParentRunner$2.evaluate(ParentRunner.java:229)
	at org.junit.internal.runners.statements.RunBefores.evaluate(RunBefores.java:26)
	at org.springframework.test.context.junit4.statements.RunBeforeTestClassCallbacks.evaluate(RunBeforeTestClassCallbacks.java:61)
	at org.springframework.test.context.junit4.statements.RunAfterTestClassCallbacks.evaluate(RunAfterTestClassCallbacks.java:71)
	at org.junit.runners.ParentRunner.run(ParentRunner.java:309)
	at org.springframework.test.context.junit4.SpringJUnit4ClassRunner.run(SpringJUnit4ClassRunner.java:176)
	at org.gradle.api.internal.tasks.testing.junit.JUnitTestClassExecuter.runTestClass(JUnitTestClassExecuter.java:86)
	at org.gradle.api.internal.tasks.testing.junit.JUnitTestClassExecuter.execute(JUnitTestClassExecuter.java:49)
	at org.gradle.api.internal.tasks.testing.junit.JUnitTestClassProcessor.processTestClass(JUnitTestClassProcessor.java:64)
	at org.gradle.api.internal.tasks.testing.SuiteTestClassProcessor.processTestClass(SuiteTestClassProcessor.java:50)
	at sun.reflect.NativeMethodAccessorImpl.invoke0(Native Method)
	at sun.reflect.NativeMethodAccessorImpl.invoke(NativeMethodAccessorImpl.java:57)
	at sun.reflect.DelegatingMethodAccessorImpl.invoke(DelegatingMethodAccessorImpl.java:43)
	at java.lang.reflect.Method.invoke(Method.java:606)
	at org.gradle.messaging.dispatch.ReflectionDispatch.dispatch(ReflectionDispatch.java:35)
	at org.gradle.messaging.dispatch.ReflectionDispatch.dispatch(ReflectionDispatch.java:24)
	at org.gradle.messaging.dispatch.ContextClassLoaderDispatch.dispatch(ContextClassLoaderDispatch.java:32)
	at org.gradle.messaging.dispatch.ProxyDispatchAdapter$DispatchingInvocationHandler.invoke(ProxyDispatchAdapter.java:93)
	at com.sun.proxy.$Proxy2.processTestClass(Unknown Source)
	at org.gradle.api.internal.tasks.testing.worker.TestWorker.processTestClass(TestWorker.java:106)
	at sun.reflect.NativeMethodAccessorImpl.invoke0(Native Method)
	at sun.reflect.NativeMethodAccessorImpl.invoke(NativeMethodAccessorImpl.java:57)
	at sun.reflect.DelegatingMethodAccessorImpl.invoke(DelegatingMethodAccessorImpl.java:43)
	at java.lang.reflect.Method.invoke(Method.java:606)
	at org.gradle.messaging.dispatch.ReflectionDispatch.dispatch(ReflectionDispatch.java:35)
	at org.gradle.messaging.dispatch.ReflectionDispatch.dispatch(ReflectionDispatch.java:24)
	at org.gradle.messaging.remote.internal.hub.MessageHub$Handler.run(MessageHub.java:360)
	at org.gradle.internal.concurrent.DefaultExecutorFactory$StoppableExecutorImpl$1.run(DefaultExecutorFactory.java:64)
	at java.util.concurrent.ThreadPoolExecutor.runWorker(ThreadPoolExecutor.java:1145)
	at java.util.concurrent.ThreadPoolExecutor$Worker.run(ThreadPoolExecutor.java:615)
	at java.lang.Thread.run(Thread.java:745)
Taluka.talukaLongitude must be less than or equal to 11
java.lang.SecurityException: Taluka.talukaLongitude must be less than or equal to 11
	at com.athena.server.pluggable.utils.helper.EntityValidatorHelper.validateEntity(EntityValidatorHelper.java:37)
	at com.app.shared.organizationextendedbc.locationextended.Taluka.isValid(Taluka.java:265)
	at com.app.server.service.organizationextendedbc.locationextended.TalukaTestCase.validateTaluka(TalukaTestCase.java:359)
	at com.app.server.service.organizationextendedbc.locationextended.TalukaTestCase.test5NegativeTesting(TalukaTestCase.java:434)
	at sun.reflect.NativeMethodAccessorImpl.invoke0(Native Method)
	at sun.reflect.NativeMethodAccessorImpl.invoke(NativeMethodAccessorImpl.java:57)
	at sun.reflect.DelegatingMethodAccessorImpl.invoke(DelegatingMethodAccessorImpl.java:43)
	at java.lang.reflect.Method.invoke(Method.java:606)
	at org.junit.runners.model.FrameworkMethod$1.runReflectiveCall(FrameworkMethod.java:47)
	at org.junit.internal.runners.model.ReflectiveCallable.run(ReflectiveCallable.java:12)
	at org.junit.runners.model.FrameworkMethod.invokeExplosively(FrameworkMethod.java:44)
	at org.junit.internal.runners.statements.InvokeMethod.evaluate(InvokeMethod.java:17)
	at org.junit.internal.runners.statements.RunBefores.evaluate(RunBefores.java:26)
	at org.springframework.test.context.junit4.statements.RunBeforeTestMethodCallbacks.evaluate(RunBeforeTestMethodCallbacks.java:74)
	at org.junit.internal.runners.statements.RunAfters.evaluate(RunAfters.java:27)
	at org.springframework.test.context.junit4.statements.RunAfterTestMethodCallbacks.evaluate(RunAfterTestMethodCallbacks.java:83)
	at org.springframework.test.context.junit4.statements.SpringRepeat.evaluate(SpringRepeat.java:72)
	at org.springframework.test.context.junit4.SpringJUnit4ClassRunner.runChild(SpringJUnit4ClassRunner.java:233)
	at org.springframework.test.context.junit4.SpringJUnit4ClassRunner.runChild(SpringJUnit4ClassRunner.java:87)
	at org.junit.runners.ParentRunner$3.run(ParentRunner.java:238)
	at org.junit.runners.ParentRunner$1.schedule(ParentRunner.java:63)
	at org.junit.runners.ParentRunner.runChildren(ParentRunner.java:236)
	at org.junit.runners.ParentRunner.access$000(ParentRunner.java:53)
	at org.junit.runners.ParentRunner$2.evaluate(ParentRunner.java:229)
	at org.junit.internal.runners.statements.RunBefores.evaluate(RunBefores.java:26)
	at org.springframework.test.context.junit4.statements.RunBeforeTestClassCallbacks.evaluate(RunBeforeTestClassCallbacks.java:61)
	at org.springframework.test.context.junit4.statements.RunAfterTestClassCallbacks.evaluate(RunAfterTestClassCallbacks.java:71)
	at org.junit.runners.ParentRunner.run(ParentRunner.java:309)
	at org.springframework.test.context.junit4.SpringJUnit4ClassRunner.run(SpringJUnit4ClassRunner.java:176)
	at org.gradle.api.internal.tasks.testing.junit.JUnitTestClassExecuter.runTestClass(JUnitTestClassExecuter.java:86)
	at org.gradle.api.internal.tasks.testing.junit.JUnitTestClassExecuter.execute(JUnitTestClassExecuter.java:49)
	at org.gradle.api.internal.tasks.testing.junit.JUnitTestClassProcessor.processTestClass(JUnitTestClassProcessor.java:64)
	at org.gradle.api.internal.tasks.testing.SuiteTestClassProcessor.processTestClass(SuiteTestClassProcessor.java:50)
	at sun.reflect.NativeMethodAccessorImpl.invoke0(Native Method)
	at sun.reflect.NativeMethodAccessorImpl.invoke(NativeMethodAccessorImpl.java:57)
	at sun.reflect.DelegatingMethodAccessorImpl.invoke(DelegatingMethodAccessorImpl.java:43)
	at java.lang.reflect.Method.invoke(Method.java:606)
	at org.gradle.messaging.dispatch.ReflectionDispatch.dispatch(ReflectionDispatch.java:35)
	at org.gradle.messaging.dispatch.ReflectionDispatch.dispatch(ReflectionDispatch.java:24)
	at org.gradle.messaging.dispatch.ContextClassLoaderDispatch.dispatch(ContextClassLoaderDispatch.java:32)
	at org.gradle.messaging.dispatch.ProxyDispatchAdapter$DispatchingInvocationHandler.invoke(ProxyDispatchAdapter.java:93)
	at com.sun.proxy.$Proxy2.processTestClass(Unknown Source)
	at org.gradle.api.internal.tasks.testing.worker.TestWorker.processTestClass(TestWorker.java:106)
	at sun.reflect.NativeMethodAccessorImpl.invoke0(Native Method)
	at sun.reflect.NativeMethodAccessorImpl.invoke(NativeMethodAccessorImpl.java:57)
	at sun.reflect.DelegatingMethodAccessorImpl.invoke(DelegatingMethodAccessorImpl.java:43)
	at java.lang.reflect.Method.invoke(Method.java:606)
	at org.gradle.messaging.dispatch.ReflectionDispatch.dispatch(ReflectionDispatch.java:35)
	at org.gradle.messaging.dispatch.ReflectionDispatch.dispatch(ReflectionDispatch.java:24)
	at org.gradle.messaging.remote.internal.hub.MessageHub$Handler.run(MessageHub.java:360)
	at org.gradle.internal.concurrent.DefaultExecutorFactory$StoppableExecutorImpl$1.run(DefaultExecutorFactory.java:64)
	at java.util.concurrent.ThreadPoolExecutor.runWorker(ThreadPoolExecutor.java:1145)
	at java.util.concurrent.ThreadPoolExecutor$Worker.run(ThreadPoolExecutor.java:615)
	at java.lang.Thread.run(Thread.java:745)
]]></system-err>
</testsuite>
