<?xml version="1.0" encoding="UTF-8"?>
<testsuite name="com.app.server.service.appinsight.alarms.AEntityTestCase" tests="5" skipped="0" failures="0" errors="0" timestamp="2016-09-21T09:17:54" hostname="c76164883ac0" time="0.844">
  <properties/>
  <testcase name="test1Save" classname="com.app.server.service.appinsight.alarms.AEntityTestCase" time="0.284"/>
  <testcase name="test2Update" classname="com.app.server.service.appinsight.alarms.AEntityTestCase" time="0.115"/>
  <testcase name="test3FindById" classname="com.app.server.service.appinsight.alarms.AEntityTestCase" time="0.038"/>
  <testcase name="test5NegativeTesting" classname="com.app.server.service.appinsight.alarms.AEntityTestCase" time="0.132"/>
  <testcase name="test6Delete" classname="com.app.server.service.appinsight.alarms.AEntityTestCase" time="0.275"/>
  <system-out><![CDATA[Wed Sep 21 09:17:54 UTC 2016|Log Manager Factory|Initialization Process started.....
Wed Sep 21 09:17:54 UTC 2016|Log Manager|Initialized with Path = [/home/applifire/workspace/testpro/src/main/webapp/WEB-INF/conf]
Wed Sep 21 09:17:54 UTC 2016|Alarm Manager|Initialized with Path = [/home/applifire/workspace/testpro/src/main/webapp/WEB-INF/conf]
Wed Sep 21 09:17:54 UTC 2016|Alarm Manager|Loading Alarms ......
Wed Sep 21 09:17:54 UTC 2016|Alarm XML Parser|FWA|XML Parsing Complete........ 
Wed Sep 21 09:17:54 UTC 2016|Alarm File Manager|FWA|Alarm File Status.. [ApplicationFrameworkAlarms.xml]|Version=15|Status=Done 
Wed Sep 21 09:17:54 UTC 2016|Alarm File Manager|FWA|Alarm Stats = ( BC/AL=5/786 SYS=5/11 [786/0]  TPL=0/0 [0/0]  APP= A.Map=[875]  E.Map EC/RC=[391/79] )
Wed Sep 21 09:17:54 UTC 2016|Alarm XML Parser|APP|XML Parsing Complete........ 
Wed Sep 21 09:17:54 UTC 2016|Alarm File Manager|APP|Alarm File Status.. [ApplicationAlarms.xml]|Version=1|Status=Done 
Wed Sep 21 09:17:54 UTC 2016|Alarm File Manager|APP|Alarm Stats = ( BC/AL=5/786 SYS=5/11 [786/0]  TPL=0/0 [0/0]  APP=0/0 [0/0]  A.Map=[875]  E.Map EC/RC=[391/79] )
Wed Sep 21 09:17:54 UTC 2016|ApplicationAlarmContext| <><><><><> Create App Alarms ....  <><><><><> 
Wed Sep 21 09:17:54 UTC 2016|ApplicationAlarmContext|Alarms are generated ONLY in Development Mode.. 
Wed Sep 21 09:17:54 UTC 2016|Alarm Manager|APP|Alarm Stats = ( BC/AL=5/786 SYS=5/11 [786/0]  TPL=0/0 [0/0]  APP=0/0 [0/0]  A.Map=[875]  E.Map EC/RC=[391/79] )
Wed Sep 21 09:17:54 UTC 2016|Alarm Manager|Initialized Exception Lookup...
Wed Sep 21 09:17:54 UTC 2016|Log Manager|Initialize Log Config File ......
Wed Sep 21 09:17:54 UTC 2016|Pluggable Connectors|Adding Connectors : StandardOutputConnector isEnabled=true isDefault=false isFallBack=true
Wed Sep 21 09:17:54 UTC 2016|Pluggable Connectors|Adding Connectors : StandardFileConnector isEnabled=true isDefault=false isFallBack=false
Wed Sep 21 09:17:54 UTC 2016|Pluggable Connectors|Adding Connectors : Sprinkler isEnabled=true isDefault=true isFallBack=false
Wed Sep 21 09:17:54 UTC 2016|Pluggable Connectors|Default Connector Name : com.spartan.logger.core.LogMessenger
Wed Sep 21 09:17:54 UTC 2016|Log Config Parser|Connector Least Log Level =[4]  FallBack Log Level =[3]
Wed Sep 21 09:17:54 UTC 2016|Log Manager|Loading Default Connector for Logging ......
Wed Sep 21 09:17:54 UTC 2016|Log Manager|Loading class .. com.spartan.logger.core.LogMessenger
Wed Sep 21 09:17:54 UTC 2016|Plugggable Connector|Connector class com.spartan.logger.core.LogMessenger Initialized... @ Log Level = 3
Wed Sep 21 09:17:54 UTC 2016|Log Manager|Starting the Default Connector [com.spartan.logger.core.LogMessenger@67a475c3] ....
Wed Sep 21 09:17:54 UTC 2016|Scheduler|Starting the Scheduler ......
Wed Sep 21 09:17:54 UTC 2016|Scheduler|Adding [LMID=[950cd733-ec55-4a91-aacb-ab957b93fa8b]] Delay=5 Time Unit=MINUTES
Wed Sep 21 09:17:54 UTC 2016|Scheduler|Adding [App Alarm Manager File=[ApplicationAlarms.xml]] Delay=30 Time Unit=MINUTES
Wed Sep 21 09:17:54 UTC 2016|Scheduler|Adding [FW Alarm Manager File=[ApplicationFrameworkAlarms.xml]] Delay=3 Time Unit=MINUTES
Wed Sep 21 09:17:54 UTC 2016|Scheduler|Startup Completed..
Wed Sep 21 09:17:54 UTC 2016|Log Manager|Initialization Process Complete ......
Wed Sep 21 09:17:54 UTC 2016|Log Manager Factory|Log Manager READY! ID = 950cd733-ec55-4a91-aacb-ab957b93fa8b
[EL Finer]: connection: 2016-09-21 09:17:54.665--ServerSession(1151842404)--Thread(Thread[Test worker,5,main])--client acquired: 331400329
[EL Finer]: transaction: 2016-09-21 09:17:54.665--ClientSession(331400329)--Thread(Thread[Test worker,5,main])--acquire unit of work: 1420232832
[EL Finest]: connection: 2016-09-21 09:17:54.665--ServerSession(1151842404)--Connection(572471019)--Thread(Thread[Test worker,5,main])--Connection acquired from connection pool [default].
[EL Finer]: transaction: 2016-09-21 09:17:54.665--ClientSession(331400329)--Connection(572471019)--Thread(Thread[Test worker,5,main])--begin transaction
[EL Finest]: connection: 2016-09-21 09:17:54.665--ClientSession(331400329)--Thread(Thread[Test worker,5,main])--reconnecting to external connection pool
Wed Sep 21 09:17:54 UTC 2016|Unknown Alarm = AISAL312100100 Alarm Split = AIS-AL-3-1-2-100-100
[EL Finest]: transaction: 2016-09-21 09:17:54.674--UnitOfWork(1420232832)--Thread(Thread[Test worker,5,main])--persist() operation called on: "tGmL4Bz0Iua2hLHy6spMXdSX6AG43Yz92KtO3lI6xo3ioTfOKg".
[EL Finest]: sequencing: 2016-09-21 09:17:54.674--UnitOfWork(1420232832)--Thread(Thread[Test worker,5,main])--assign sequence to the object (3ADC7CD0-25C9-4DDD-9746-7CE851D93A77 -> "tGmL4Bz0Iua2hLHy6spMXdSX6AG43Yz92KtO3lI6xo3ioTfOKg")
[EL Finest]: transaction: 2016-09-21 09:17:54.675--UnitOfWork(1420232832)--Thread(Thread[Test worker,5,main])--persist() operation called on: Hello World.
[EL Finest]: sequencing: 2016-09-21 09:17:54.675--UnitOfWork(1420232832)--Thread(Thread[Test worker,5,main])--assign sequence to the object (E109A78B-13E3-453C-98F5-9DD26825449E -> Hello World)
Wed Sep 21 09:17:54 UTC 2016|Unknown Alarm = AISAL322100200 Alarm Split = AIS-AL-3-2-2-100-200
[EL Finer]: transaction: 2016-09-21 09:17:54.675--UnitOfWork(1420232832)--Thread(Thread[Test worker,5,main])--begin unit of work commit
[EL Finest]: query: 2016-09-21 09:17:54.676--UnitOfWork(1420232832)--Thread(Thread[Test worker,5,main])--Execute query InsertObjectQuery("tGmL4Bz0Iua2hLHy6spMXdSX6AG43Yz92KtO3lI6xo3ioTfOKg")
[EL Finest]: query: 2016-09-21 09:17:54.676--UnitOfWork(1420232832)--Thread(Thread[Test worker,5,main])--Execute query InsertObjectQuery(Hello World)
[EL Fine]: sql: 2016-09-21 09:17:54.677--ClientSession(331400329)--Connection(735806241)--Thread(Thread[Test worker,5,main])--INSERT INTO AEntity (aid, aDate, aNm, versionId, createdBy, createdDate, updatedBy, updatedDate, activeStatus, txnAccessCode, multiTenantId) VALUES (?, ?, ?, ?, ?, ?, ?, ?, ?, ?, ?)
	bind => [3ADC7CD0-25C9-4DDD-9746-7CE851D93A77, 2016-09-21 08:51:29.429, "tGmL4Bz0Iua2hLHy6spMXdSX6AG43Yz92KtO3lI6xo3ioTfOKg", 1, AAAAA, 2016-09-21 09:17:54.546, AAAAA, 2016-09-21 09:17:54.546, 1, 51000, appCreateValue]
[EL Finest]: query: 2016-09-21 09:17:54.679--ClientSession(331400329)--Thread(Thread[Test worker,5,main])--Execute query DataModifyQuery(name="testA" )
[EL Fine]: sql: 2016-09-21 09:17:54.679--ClientSession(331400329)--Connection(735806241)--Thread(Thread[Test worker,5,main])--INSERT INTO TestA (tid, tDate, tDateTime, tnm, versionId, createdBy, createdDate, updatedBy, updatedDate, activeStatus, txnAccessCode, multiTenantId) VALUES (?, ?, ?, ?, ?, ?, ?, ?, ?, ?, ?, ?)
	bind => [E109A78B-13E3-453C-98F5-9DD26825449E, 1970-01-02, 2016-09-21 08:51:29.44, Hello World, 1, AAAAA, 2016-09-21 09:17:54.546, AAAAA, 2016-09-21 09:17:54.546, 1, 51000, appCreateValue]
[EL Fine]: sql: 2016-09-21 09:17:54.681--ClientSession(331400329)--Connection(735806241)--Thread(Thread[Test worker,5,main])--INSERT INTO ATestEntity (tid, aid) VALUES (?, ?)
	bind => [E109A78B-13E3-453C-98F5-9DD26825449E, 3ADC7CD0-25C9-4DDD-9746-7CE851D93A77]
[EL Finer]: transaction: 2016-09-21 09:17:54.685--ClientSession(331400329)--Connection(735806241)--Thread(Thread[Test worker,5,main])--commit transaction
[EL Finest]: connection: 2016-09-21 09:17:54.79--ServerSession(1151842404)--Connection(572471019)--Thread(Thread[Test worker,5,main])--Connection released to connection pool [default].
[EL Finer]: transaction: 2016-09-21 09:17:54.79--UnitOfWork(1420232832)--Thread(Thread[Test worker,5,main])--end unit of work commit
[EL Finer]: transaction: 2016-09-21 09:17:54.791--UnitOfWork(1420232832)--Thread(Thread[Test worker,5,main])--resume unit of work
[EL Finer]: transaction: 2016-09-21 09:17:54.791--UnitOfWork(1420232832)--Thread(Thread[Test worker,5,main])--release unit of work
[EL Finer]: connection: 2016-09-21 09:17:54.791--ClientSession(331400329)--Thread(Thread[Test worker,5,main])--client released
[EL Finer]: connection: 2016-09-21 09:17:54.822--ServerSession(1151842404)--Thread(Thread[Test worker,5,main])--client acquired: 49259475
[EL Finer]: transaction: 2016-09-21 09:17:54.823--ClientSession(49259475)--Thread(Thread[Test worker,5,main])--acquire unit of work: 1122792230
[EL Finest]: connection: 2016-09-21 09:17:54.823--ServerSession(1151842404)--Connection(830203421)--Thread(Thread[Test worker,5,main])--Connection acquired from connection pool [default].
[EL Finer]: transaction: 2016-09-21 09:17:54.823--ClientSession(49259475)--Connection(830203421)--Thread(Thread[Test worker,5,main])--begin transaction
[EL Finest]: connection: 2016-09-21 09:17:54.823--ClientSession(49259475)--Thread(Thread[Test worker,5,main])--reconnecting to external connection pool
[EL Finer]: transaction: 2016-09-21 09:17:54.825--UnitOfWork(1122792230)--Thread(Thread[Test worker,5,main])--begin unit of work flush
[EL Finer]: transaction: 2016-09-21 09:17:54.829--UnitOfWork(1122792230)--Thread(Thread[Test worker,5,main])--end unit of work flush
[EL Finest]: query: 2016-09-21 09:17:54.829--UnitOfWork(1122792230)--Thread(Thread[Test worker,5,main])--Execute query ReadAllQuery(name="AEntity.findById" referenceClass=AEntity sql="SELECT aid, multiTenantId, aDate, aNm, versionId, createdBy, createdDate, updatedBy, updatedDate, activeStatus, txnAccessCode FROM AEntity WHERE (((activeStatus = ?) AND (aid = ?)) AND (multiTenantId = ?))")
[EL Fine]: sql: 2016-09-21 09:17:54.829--ClientSession(49259475)--Connection(1312570699)--Thread(Thread[Test worker,5,main])--SELECT aid, multiTenantId, aDate, aNm, versionId, createdBy, createdDate, updatedBy, updatedDate, activeStatus, txnAccessCode FROM AEntity WHERE (((activeStatus = ?) AND (aid = ?)) AND (multiTenantId = ?))
	bind => [1, 3ADC7CD0-25C9-4DDD-9746-7CE851D93A77, appCreateValue]
Wed Sep 21 09:17:54 UTC 2016|Unknown Alarm = AISAL324100200 Alarm Split = AIS-AL-3-2-4-100-200
[EL Finer]: transaction: 2016-09-21 09:17:54.832--UnitOfWork(1122792230)--Thread(Thread[Test worker,5,main])--begin unit of work commit
[EL Finer]: transaction: 2016-09-21 09:17:54.833--ClientSession(49259475)--Connection(1312570699)--Thread(Thread[Test worker,5,main])--commit transaction
[EL Finest]: connection: 2016-09-21 09:17:54.833--ServerSession(1151842404)--Connection(830203421)--Thread(Thread[Test worker,5,main])--Connection released to connection pool [default].
[EL Finer]: transaction: 2016-09-21 09:17:54.834--UnitOfWork(1122792230)--Thread(Thread[Test worker,5,main])--end unit of work commit
[EL Finer]: transaction: 2016-09-21 09:17:54.834--UnitOfWork(1122792230)--Thread(Thread[Test worker,5,main])--resume unit of work
[EL Finer]: transaction: 2016-09-21 09:17:54.834--UnitOfWork(1122792230)--Thread(Thread[Test worker,5,main])--release unit of work
[EL Finer]: connection: 2016-09-21 09:17:54.834--ClientSession(49259475)--Thread(Thread[Test worker,5,main])--client released
[EL Finest]: query: 2016-09-21 09:17:54.834--UnitOfWork(1122792230)--Thread(Thread[Test worker,5,main])--Execute query ReadAllQuery(name="testA" referenceClass=TestA )
[EL Finest]: connection: 2016-09-21 09:17:54.835--ServerSession(1151842404)--Connection(907229974)--Thread(Thread[Test worker,5,main])--Connection acquired from connection pool [read].
[EL Finest]: connection: 2016-09-21 09:17:54.835--ServerSession(1151842404)--Thread(Thread[Test worker,5,main])--reconnecting to external connection pool
[EL Fine]: sql: 2016-09-21 09:17:54.835--ServerSession(1151842404)--Connection(680279318)--Thread(Thread[Test worker,5,main])--SELECT t1.tid, t1.multiTenantId, t1.tDate, t1.tDateTime, t1.tnm, t1.versionId, t1.createdBy, t1.createdDate, t1.updatedBy, t1.updatedDate, t1.activeStatus, t1.txnAccessCode FROM ATestEntity t0, TestA t1 WHERE (((t0.aid = ?) AND (t1.tid = t0.tid)) AND (t1.multiTenantId = ?))
	bind => [3ADC7CD0-25C9-4DDD-9746-7CE851D93A77, appCreateValue]
[EL Finest]: connection: 2016-09-21 09:17:54.837--ServerSession(1151842404)--Connection(907229974)--Thread(Thread[Test worker,5,main])--Connection released to connection pool [read].
[EL Finest]: transaction: 2016-09-21 09:17:54.838--UnitOfWork(1122792230)--Thread(Thread[Test worker,5,main])--Register the existing object Hello World
[EL Finer]: connection: 2016-09-21 09:17:54.838--ServerSession(1151842404)--Thread(Thread[Test worker,5,main])--client acquired: 1974599536
[EL Finer]: transaction: 2016-09-21 09:17:54.838--ClientSession(1974599536)--Thread(Thread[Test worker,5,main])--acquire unit of work: 2029604461
[EL Finest]: connection: 2016-09-21 09:17:54.839--ServerSession(1151842404)--Connection(931927079)--Thread(Thread[Test worker,5,main])--Connection acquired from connection pool [default].
[EL Finer]: transaction: 2016-09-21 09:17:54.839--ClientSession(1974599536)--Connection(931927079)--Thread(Thread[Test worker,5,main])--begin transaction
[EL Finest]: connection: 2016-09-21 09:17:54.839--ClientSession(1974599536)--Thread(Thread[Test worker,5,main])--reconnecting to external connection pool
[EL Finest]: transaction: 2016-09-21 09:17:54.842--UnitOfWork(2029604461)--Thread(Thread[Test worker,5,main])--Merge clone with references pvCTGwsPriiPBmpC85Te1eV7jLei1boTnLxCmHq00L0nWTk6Yv
[EL Finest]: query: 2016-09-21 09:17:54.842--UnitOfWork(2029604461)--Thread(Thread[Test worker,5,main])--Execute query ReadObjectQuery(referenceClass=AEntity )
[EL Fine]: sql: 2016-09-21 09:17:54.843--ClientSession(1974599536)--Connection(872020281)--Thread(Thread[Test worker,5,main])--SELECT aid, multiTenantId, aDate, aNm, versionId, createdBy, createdDate, updatedBy, updatedDate, activeStatus, txnAccessCode FROM AEntity WHERE ((aid = ?) AND (multiTenantId = ?))
	bind => [3ADC7CD0-25C9-4DDD-9746-7CE851D93A77, appCreateValue]
[EL Finest]: query: 2016-09-21 09:17:54.844--UnitOfWork(2029604461)--Thread(Thread[Test worker,5,main])--Execute query ReadAllQuery(name="testA" referenceClass=TestA sql="SELECT t1.tid, t1.multiTenantId, t1.tDate, t1.tDateTime, t1.tnm, t1.versionId, t1.createdBy, t1.createdDate, t1.updatedBy, t1.updatedDate, t1.activeStatus, t1.txnAccessCode FROM ATestEntity t0, TestA t1 WHERE (((t0.aid = ?) AND (t1.tid = t0.tid)) AND (t1.multiTenantId = ?))")
[EL Fine]: sql: 2016-09-21 09:17:54.844--ClientSession(1974599536)--Connection(872020281)--Thread(Thread[Test worker,5,main])--SELECT t1.tid, t1.multiTenantId, t1.tDate, t1.tDateTime, t1.tnm, t1.versionId, t1.createdBy, t1.createdDate, t1.updatedBy, t1.updatedDate, t1.activeStatus, t1.txnAccessCode FROM ATestEntity t0, TestA t1 WHERE (((t0.aid = ?) AND (t1.tid = t0.tid)) AND (t1.multiTenantId = ?))
	bind => [3ADC7CD0-25C9-4DDD-9746-7CE851D93A77, appCreateValue]
Wed Sep 21 09:17:54 UTC 2016|Unknown Alarm = AISAL321100200 Alarm Split = AIS-AL-3-2-1-100-200
[EL Finer]: transaction: 2016-09-21 09:17:54.846--UnitOfWork(2029604461)--Thread(Thread[Test worker,5,main])--begin unit of work commit
[EL Finest]: query: 2016-09-21 09:17:54.847--UnitOfWork(2029604461)--Thread(Thread[Test worker,5,main])--Execute query UpdateObjectQuery(pvCTGwsPriiPBmpC85Te1eV7jLei1boTnLxCmHq00L0nWTk6Yv)
[EL Fine]: sql: 2016-09-21 09:17:54.847--ClientSession(1974599536)--Connection(872020281)--Thread(Thread[Test worker,5,main])--UPDATE AEntity SET aDate = ?, aNm = ?, versionId = ? WHERE ((aid = ?) AND (versionId = ?))
	bind => [2016-09-21 08:51:29.525, pvCTGwsPriiPBmpC85Te1eV7jLei1boTnLxCmHq00L0nWTk6Yv, 2, 3ADC7CD0-25C9-4DDD-9746-7CE851D93A77, 1]
[EL Finer]: transaction: 2016-09-21 09:17:54.849--ClientSession(1974599536)--Connection(872020281)--Thread(Thread[Test worker,5,main])--commit transaction
[EL Finest]: connection: 2016-09-21 09:17:54.906--ServerSession(1151842404)--Connection(931927079)--Thread(Thread[Test worker,5,main])--Connection released to connection pool [default].
[EL Finer]: transaction: 2016-09-21 09:17:54.907--UnitOfWork(2029604461)--Thread(Thread[Test worker,5,main])--end unit of work commit
[EL Finer]: transaction: 2016-09-21 09:17:54.907--UnitOfWork(2029604461)--Thread(Thread[Test worker,5,main])--resume unit of work
[EL Finer]: transaction: 2016-09-21 09:17:54.907--UnitOfWork(2029604461)--Thread(Thread[Test worker,5,main])--release unit of work
[EL Finer]: connection: 2016-09-21 09:17:54.907--ClientSession(1974599536)--Thread(Thread[Test worker,5,main])--client released
[EL Finer]: connection: 2016-09-21 09:17:54.94--ServerSession(1151842404)--Thread(Thread[Test worker,5,main])--client acquired: 122432524
[EL Finer]: transaction: 2016-09-21 09:17:54.94--ClientSession(122432524)--Thread(Thread[Test worker,5,main])--acquire unit of work: 434097042
[EL Finest]: connection: 2016-09-21 09:17:54.94--ServerSession(1151842404)--Connection(867036035)--Thread(Thread[Test worker,5,main])--Connection acquired from connection pool [default].
[EL Finer]: transaction: 2016-09-21 09:17:54.94--ClientSession(122432524)--Connection(867036035)--Thread(Thread[Test worker,5,main])--begin transaction
[EL Finest]: connection: 2016-09-21 09:17:54.94--ClientSession(122432524)--Thread(Thread[Test worker,5,main])--reconnecting to external connection pool
[EL Finer]: transaction: 2016-09-21 09:17:54.942--UnitOfWork(434097042)--Thread(Thread[Test worker,5,main])--begin unit of work flush
[EL Finer]: transaction: 2016-09-21 09:17:54.942--UnitOfWork(434097042)--Thread(Thread[Test worker,5,main])--end unit of work flush
[EL Finest]: query: 2016-09-21 09:17:54.942--UnitOfWork(434097042)--Thread(Thread[Test worker,5,main])--Execute query ReadAllQuery(name="AEntity.findById" referenceClass=AEntity sql="SELECT aid, multiTenantId, aDate, aNm, versionId, createdBy, createdDate, updatedBy, updatedDate, activeStatus, txnAccessCode FROM AEntity WHERE (((activeStatus = ?) AND (aid = ?)) AND (multiTenantId = ?))")
[EL Fine]: sql: 2016-09-21 09:17:54.942--ClientSession(122432524)--Connection(610574421)--Thread(Thread[Test worker,5,main])--SELECT aid, multiTenantId, aDate, aNm, versionId, createdBy, createdDate, updatedBy, updatedDate, activeStatus, txnAccessCode FROM AEntity WHERE (((activeStatus = ?) AND (aid = ?)) AND (multiTenantId = ?))
	bind => [1, 3ADC7CD0-25C9-4DDD-9746-7CE851D93A77, appCreateValue]
Wed Sep 21 09:17:54 UTC 2016|Unknown Alarm = AISAL324100200 Alarm Split = AIS-AL-3-2-4-100-200
[EL Finer]: transaction: 2016-09-21 09:17:54.944--UnitOfWork(434097042)--Thread(Thread[Test worker,5,main])--begin unit of work commit
[EL Finer]: transaction: 2016-09-21 09:17:54.944--ClientSession(122432524)--Connection(610574421)--Thread(Thread[Test worker,5,main])--commit transaction
[EL Finest]: connection: 2016-09-21 09:17:54.944--ServerSession(1151842404)--Connection(867036035)--Thread(Thread[Test worker,5,main])--Connection released to connection pool [default].
[EL Finer]: transaction: 2016-09-21 09:17:54.944--UnitOfWork(434097042)--Thread(Thread[Test worker,5,main])--end unit of work commit
[EL Finer]: transaction: 2016-09-21 09:17:54.945--UnitOfWork(434097042)--Thread(Thread[Test worker,5,main])--resume unit of work
[EL Finer]: transaction: 2016-09-21 09:17:54.945--UnitOfWork(434097042)--Thread(Thread[Test worker,5,main])--release unit of work
[EL Finer]: connection: 2016-09-21 09:17:54.945--ClientSession(122432524)--Thread(Thread[Test worker,5,main])--client released
[EL Finer]: connection: 2016-09-21 09:17:54.973--ServerSession(1151842404)--Thread(Thread[Test worker,5,main])--client acquired: 790387320
[EL Finer]: transaction: 2016-09-21 09:17:54.974--ClientSession(790387320)--Thread(Thread[Test worker,5,main])--acquire unit of work: 1853330545
[EL Finest]: connection: 2016-09-21 09:17:54.974--ServerSession(1151842404)--Connection(1823653727)--Thread(Thread[Test worker,5,main])--Connection acquired from connection pool [default].
[EL Finer]: transaction: 2016-09-21 09:17:54.974--ClientSession(790387320)--Connection(1823653727)--Thread(Thread[Test worker,5,main])--begin transaction
[EL Finest]: connection: 2016-09-21 09:17:54.974--ClientSession(790387320)--Thread(Thread[Test worker,5,main])--reconnecting to external connection pool
[EL Finer]: transaction: 2016-09-21 09:17:54.975--UnitOfWork(1853330545)--Thread(Thread[Test worker,5,main])--begin unit of work flush
[EL Finer]: transaction: 2016-09-21 09:17:54.975--UnitOfWork(1853330545)--Thread(Thread[Test worker,5,main])--end unit of work flush
[EL Finest]: query: 2016-09-21 09:17:54.975--UnitOfWork(1853330545)--Thread(Thread[Test worker,5,main])--Execute query ReadAllQuery(name="AEntity.findById" referenceClass=AEntity sql="SELECT aid, multiTenantId, aDate, aNm, versionId, createdBy, createdDate, updatedBy, updatedDate, activeStatus, txnAccessCode FROM AEntity WHERE (((activeStatus = ?) AND (aid = ?)) AND (multiTenantId = ?))")
[EL Fine]: sql: 2016-09-21 09:17:54.975--ClientSession(790387320)--Connection(1264055104)--Thread(Thread[Test worker,5,main])--SELECT aid, multiTenantId, aDate, aNm, versionId, createdBy, createdDate, updatedBy, updatedDate, activeStatus, txnAccessCode FROM AEntity WHERE (((activeStatus = ?) AND (aid = ?)) AND (multiTenantId = ?))
	bind => [1, 3ADC7CD0-25C9-4DDD-9746-7CE851D93A77, appCreateValue]
Wed Sep 21 09:17:54 UTC 2016|Unknown Alarm = AISAL324100200 Alarm Split = AIS-AL-3-2-4-100-200
[EL Finer]: transaction: 2016-09-21 09:17:54.977--UnitOfWork(1853330545)--Thread(Thread[Test worker,5,main])--begin unit of work commit
[EL Finer]: transaction: 2016-09-21 09:17:54.977--ClientSession(790387320)--Connection(1264055104)--Thread(Thread[Test worker,5,main])--commit transaction
[EL Finest]: connection: 2016-09-21 09:17:54.978--ServerSession(1151842404)--Connection(1823653727)--Thread(Thread[Test worker,5,main])--Connection released to connection pool [default].
[EL Finer]: transaction: 2016-09-21 09:17:54.978--UnitOfWork(1853330545)--Thread(Thread[Test worker,5,main])--end unit of work commit
[EL Finer]: transaction: 2016-09-21 09:17:54.978--UnitOfWork(1853330545)--Thread(Thread[Test worker,5,main])--resume unit of work
[EL Finer]: transaction: 2016-09-21 09:17:54.978--UnitOfWork(1853330545)--Thread(Thread[Test worker,5,main])--release unit of work
[EL Finer]: connection: 2016-09-21 09:17:54.978--ClientSession(790387320)--Thread(Thread[Test worker,5,main])--client released
[EL Finer]: connection: 2016-09-21 09:17:54.988--ServerSession(1151842404)--Thread(Thread[Test worker,5,main])--client acquired: 1924684065
[EL Finer]: transaction: 2016-09-21 09:17:54.988--ClientSession(1924684065)--Thread(Thread[Test worker,5,main])--acquire unit of work: 618905694
[EL Finest]: connection: 2016-09-21 09:17:54.988--ServerSession(1151842404)--Connection(1684696637)--Thread(Thread[Test worker,5,main])--Connection acquired from connection pool [default].
[EL Finer]: transaction: 2016-09-21 09:17:54.988--ClientSession(1924684065)--Connection(1684696637)--Thread(Thread[Test worker,5,main])--begin transaction
[EL Finest]: connection: 2016-09-21 09:17:54.988--ClientSession(1924684065)--Thread(Thread[Test worker,5,main])--reconnecting to external connection pool
Wed Sep 21 09:17:54 UTC 2016|Unknown Alarm = AISAL312100100 Alarm Split = AIS-AL-3-1-2-100-100
[EL Finest]: transaction: 2016-09-21 09:17:54.991--UnitOfWork(618905694)--Thread(Thread[Test worker,5,main])--persist() operation called on: pvCTGwsPriiPBmpC85Te1eV7jLei1boTnLxCmHq00L0nWTk6Yv.
[EL Finest]: sequencing: 2016-09-21 09:17:54.991--UnitOfWork(618905694)--Thread(Thread[Test worker,5,main])--assign sequence to the object (1CA6B88D-CE14-4F14-953F-8A92385F4021 -> pvCTGwsPriiPBmpC85Te1eV7jLei1boTnLxCmHq00L0nWTk6Yv)
[EL Finest]: transaction: 2016-09-21 09:17:54.991--UnitOfWork(618905694)--Thread(Thread[Test worker,5,main])--persist() operation called on: Hello World.
[EL Finest]: sequencing: 2016-09-21 09:17:54.991--UnitOfWork(618905694)--Thread(Thread[Test worker,5,main])--assign sequence to the object (F9BE4341-7AC9-4717-BFBE-16DAF7BE75D2 -> Hello World)
Wed Sep 21 09:17:54 UTC 2016|Unknown Alarm = AISAL322100200 Alarm Split = AIS-AL-3-2-2-100-200
[EL Finer]: transaction: 2016-09-21 09:17:54.992--UnitOfWork(618905694)--Thread(Thread[Test worker,5,main])--begin unit of work commit
[EL Finest]: query: 2016-09-21 09:17:54.992--UnitOfWork(618905694)--Thread(Thread[Test worker,5,main])--Execute query InsertObjectQuery(pvCTGwsPriiPBmpC85Te1eV7jLei1boTnLxCmHq00L0nWTk6Yv)
[EL Finest]: query: 2016-09-21 09:17:54.993--UnitOfWork(618905694)--Thread(Thread[Test worker,5,main])--Execute query InsertObjectQuery(Hello World)
[EL Fine]: sql: 2016-09-21 09:17:54.993--ClientSession(1924684065)--Connection(729299608)--Thread(Thread[Test worker,5,main])--INSERT INTO AEntity (aid, aDate, aNm, versionId, createdBy, createdDate, updatedBy, updatedDate, activeStatus, txnAccessCode, multiTenantId) VALUES (?, ?, ?, ?, ?, ?, ?, ?, ?, ?, ?)
	bind => [1CA6B88D-CE14-4F14-953F-8A92385F4021, 2016-09-21 08:51:29.429, pvCTGwsPriiPBmpC85Te1eV7jLei1boTnLxCmHq00L0nWTk6Yv, 1, AAAAA, 2016-09-21 09:17:54.988, AAAAA, 2016-09-21 09:17:54.988, 1, 51000, appCreateValue]
[EL Fine]: sql: 2016-09-21 09:17:54.996--ClientSession(1924684065)--Thread(Thread[Test worker,5,main])--SELECT 1
[EL Warning]: 2016-09-21 09:17:54.997--UnitOfWork(618905694)--Thread(Thread[Test worker,5,main])--Local Exception Stack: 
Exception [EclipseLink-4002] (Eclipse Persistence Services - 2.5.1.v20130918-f2b9fc5): org.eclipse.persistence.exceptions.DatabaseException
Internal Exception: com.mysql.jdbc.exceptions.jdbc4.MySQLIntegrityConstraintViolationException: Duplicate entry 'pvCTGwsPriiPBmpC85Te1eV7jLei1boTnLxCmHq00L0nWTk6Yv' for key 'aNm'
Error Code: 1062
Call: INSERT INTO AEntity (aid, aDate, aNm, versionId, createdBy, createdDate, updatedBy, updatedDate, activeStatus, txnAccessCode, multiTenantId) VALUES (?, ?, ?, ?, ?, ?, ?, ?, ?, ?, ?)
	bind => [1CA6B88D-CE14-4F14-953F-8A92385F4021, 2016-09-21 08:51:29.429, pvCTGwsPriiPBmpC85Te1eV7jLei1boTnLxCmHq00L0nWTk6Yv, 1, AAAAA, 2016-09-21 09:17:54.988, AAAAA, 2016-09-21 09:17:54.988, 1, 51000, appCreateValue]
Query: InsertObjectQuery(Hello World)
	at org.eclipse.persistence.exceptions.DatabaseException.sqlException(DatabaseException.java:331)
	at org.eclipse.persistence.internal.databaseaccess.DatabaseAccessor.executeDirectNoSelect(DatabaseAccessor.java:900)
	at org.eclipse.persistence.internal.databaseaccess.DatabaseAccessor.executeNoSelect(DatabaseAccessor.java:962)
	at org.eclipse.persistence.internal.databaseaccess.DatabaseAccessor.basicExecuteCall(DatabaseAccessor.java:631)
	at org.eclipse.persistence.internal.databaseaccess.ParameterizedSQLBatchWritingMechanism.executeBatchedStatements(ParameterizedSQLBatchWritingMechanism.java:130)
	at org.eclipse.persistence.internal.databaseaccess.ParameterizedSQLBatchWritingMechanism.appendCall(ParameterizedSQLBatchWritingMechanism.java:82)
	at org.eclipse.persistence.internal.databaseaccess.DatabaseAccessor.basicExecuteCall(DatabaseAccessor.java:603)
	at org.eclipse.persistence.internal.databaseaccess.DatabaseAccessor.executeCall(DatabaseAccessor.java:558)
	at org.eclipse.persistence.internal.sessions.AbstractSession.basicExecuteCall(AbstractSession.java:1991)
	at org.eclipse.persistence.sessions.server.ClientSession.executeCall(ClientSession.java:298)
	at org.eclipse.persistence.internal.queries.DatasourceCallQueryMechanism.executeCall(DatasourceCallQueryMechanism.java:242)
	at org.eclipse.persistence.internal.queries.DatasourceCallQueryMechanism.executeCall(DatasourceCallQueryMechanism.java:228)
	at org.eclipse.persistence.internal.queries.DatasourceCallQueryMechanism.insertObject(DatasourceCallQueryMechanism.java:377)
	at org.eclipse.persistence.internal.queries.StatementQueryMechanism.insertObject(StatementQueryMechanism.java:165)
	at org.eclipse.persistence.internal.queries.StatementQueryMechanism.insertObject(StatementQueryMechanism.java:180)
	at org.eclipse.persistence.internal.queries.DatabaseQueryMechanism.insertObjectForWrite(DatabaseQueryMechanism.java:489)
	at org.eclipse.persistence.queries.InsertObjectQuery.executeCommit(InsertObjectQuery.java:80)
	at org.eclipse.persistence.queries.InsertObjectQuery.executeCommitWithChangeSet(InsertObjectQuery.java:90)
	at org.eclipse.persistence.internal.queries.DatabaseQueryMechanism.executeWriteWithChangeSet(DatabaseQueryMechanism.java:301)
	at org.eclipse.persistence.queries.WriteObjectQuery.executeDatabaseQuery(WriteObjectQuery.java:58)
	at org.eclipse.persistence.queries.DatabaseQuery.execute(DatabaseQuery.java:899)
	at org.eclipse.persistence.queries.DatabaseQuery.executeInUnitOfWork(DatabaseQuery.java:798)
	at org.eclipse.persistence.queries.ObjectLevelModifyQuery.executeInUnitOfWorkObjectLevelModifyQuery(ObjectLevelModifyQuery.java:108)
	at org.eclipse.persistence.queries.ObjectLevelModifyQuery.executeInUnitOfWork(ObjectLevelModifyQuery.java:85)
	at org.eclipse.persistence.internal.sessions.UnitOfWorkImpl.internalExecuteQuery(UnitOfWorkImpl.java:2896)
	at org.eclipse.persistence.internal.sessions.AbstractSession.executeQuery(AbstractSession.java:1793)
	at org.eclipse.persistence.internal.sessions.AbstractSession.executeQuery(AbstractSession.java:1775)
	at org.eclipse.persistence.internal.sessions.AbstractSession.executeQuery(AbstractSession.java:1726)
	at org.eclipse.persistence.internal.sessions.CommitManager.commitNewObjectsForClassWithChangeSet(CommitManager.java:226)
	at org.eclipse.persistence.internal.sessions.CommitManager.commitAllObjectsForClassWithChangeSet(CommitManager.java:193)
	at org.eclipse.persistence.internal.sessions.CommitManager.commitAllObjectsWithChangeSet(CommitManager.java:138)
	at org.eclipse.persistence.internal.sessions.AbstractSession.writeAllObjectsWithChangeSet(AbstractSession.java:4196)
	at org.eclipse.persistence.internal.sessions.UnitOfWorkImpl.commitToDatabase(UnitOfWorkImpl.java:1441)
	at org.eclipse.persistence.internal.sessions.UnitOfWorkImpl.commitToDatabaseWithChangeSet(UnitOfWorkImpl.java:1531)
	at org.eclipse.persistence.internal.sessions.RepeatableWriteUnitOfWork.commitRootUnitOfWork(RepeatableWriteUnitOfWork.java:277)
	at org.eclipse.persistence.internal.sessions.UnitOfWorkImpl.commitAndResume(UnitOfWorkImpl.java:1169)
	at org.eclipse.persistence.internal.jpa.transaction.EntityTransactionImpl.commit(EntityTransactionImpl.java:132)
	at org.springframework.orm.jpa.JpaTransactionManager.doCommit(JpaTransactionManager.java:515)
	at org.springframework.transaction.support.AbstractPlatformTransactionManager.processCommit(AbstractPlatformTransactionManager.java:757)
	at org.springframework.transaction.support.AbstractPlatformTransactionManager.commit(AbstractPlatformTransactionManager.java:726)
	at org.springframework.transaction.interceptor.TransactionAspectSupport.commitTransactionAfterReturning(TransactionAspectSupport.java:478)
	at org.springframework.transaction.interceptor.TransactionAspectSupport.invokeWithinTransaction(TransactionAspectSupport.java:272)
	at org.springframework.transaction.interceptor.TransactionInterceptor.invoke(TransactionInterceptor.java:95)
	at org.springframework.aop.framework.ReflectiveMethodInvocation.proceed(ReflectiveMethodInvocation.java:172)
	at org.springframework.aop.interceptor.ExposeInvocationInterceptor.invoke(ExposeInvocationInterceptor.java:91)
	at org.springframework.aop.framework.ReflectiveMethodInvocation.proceed(ReflectiveMethodInvocation.java:172)
	at org.springframework.aop.framework.CglibAopProxy$DynamicAdvisedInterceptor.intercept(CglibAopProxy.java:634)
	at com.app.server.repository.appinsight.alarms.AEntityRepositoryImpl$$EnhancerByCGLIB$$8c7c0a4a.save(<generated>)
	at com.app.server.repository.appinsight.alarms.AEntityRepositoryImpl$$FastClassByCGLIB$$60fd1d66.invoke(<generated>)
	at org.springframework.cglib.proxy.MethodProxy.invoke(MethodProxy.java:204)
	at org.springframework.aop.framework.CglibAopProxy$CglibMethodInvocation.invokeJoinpoint(CglibAopProxy.java:701)
	at org.springframework.aop.framework.ReflectiveMethodInvocation.proceed(ReflectiveMethodInvocation.java:150)
	at org.springframework.aop.support.DelegatingIntroductionInterceptor.doProceed(DelegatingIntroductionInterceptor.java:132)
	at org.springframework.aop.support.DelegatingIntroductionInterceptor.invoke(DelegatingIntroductionInterceptor.java:120)
	at org.springframework.aop.framework.ReflectiveMethodInvocation.proceed(ReflectiveMethodInvocation.java:172)
	at org.springframework.aop.framework.CglibAopProxy$DynamicAdvisedInterceptor.intercept(CglibAopProxy.java:634)
	at com.app.server.repository.appinsight.alarms.AEntityRepositoryImpl$$EnhancerByCGLIB$$9c7243d7.save(<generated>)
	at com.app.server.service.appinsight.alarms.AEntityTestCase.validateAEntity(AEntityTestCase.java:225)
	at com.app.server.service.appinsight.alarms.AEntityTestCase.test5NegativeTesting(AEntityTestCase.java:271)
	at sun.reflect.NativeMethodAccessorImpl.invoke0(Native Method)
	at sun.reflect.NativeMethodAccessorImpl.invoke(NativeMethodAccessorImpl.java:57)
	at sun.reflect.DelegatingMethodAccessorImpl.invoke(DelegatingMethodAccessorImpl.java:43)
	at java.lang.reflect.Method.invoke(Method.java:606)
	at org.junit.runners.model.FrameworkMethod$1.runReflectiveCall(FrameworkMethod.java:47)
	at org.junit.internal.runners.model.ReflectiveCallable.run(ReflectiveCallable.java:12)
	at org.junit.runners.model.FrameworkMethod.invokeExplosively(FrameworkMethod.java:44)
	at org.junit.internal.runners.statements.InvokeMethod.evaluate(InvokeMethod.java:17)
	at org.junit.internal.runners.statements.RunBefores.evaluate(RunBefores.java:26)
	at org.springframework.test.context.junit4.statements.RunBeforeTestMethodCallbacks.evaluate(RunBeforeTestMethodCallbacks.java:74)
	at org.junit.internal.runners.statements.RunAfters.evaluate(RunAfters.java:27)
	at org.springframework.test.context.junit4.statements.RunAfterTestMethodCallbacks.evaluate(RunAfterTestMethodCallbacks.java:83)
	at org.springframework.test.context.junit4.statements.SpringRepeat.evaluate(SpringRepeat.java:72)
	at org.springframework.test.context.junit4.SpringJUnit4ClassRunner.runChild(SpringJUnit4ClassRunner.java:233)
	at org.springframework.test.context.junit4.SpringJUnit4ClassRunner.runChild(SpringJUnit4ClassRunner.java:87)
	at org.junit.runners.ParentRunner$3.run(ParentRunner.java:238)
	at org.junit.runners.ParentRunner$1.schedule(ParentRunner.java:63)
	at org.junit.runners.ParentRunner.runChildren(ParentRunner.java:236)
	at org.junit.runners.ParentRunner.access$000(ParentRunner.java:53)
	at org.junit.runners.ParentRunner$2.evaluate(ParentRunner.java:229)
	at org.junit.internal.runners.statements.RunBefores.evaluate(RunBefores.java:26)
	at org.springframework.test.context.junit4.statements.RunBeforeTestClassCallbacks.evaluate(RunBeforeTestClassCallbacks.java:61)
	at org.springframework.test.context.junit4.statements.RunAfterTestClassCallbacks.evaluate(RunAfterTestClassCallbacks.java:71)
	at org.junit.runners.ParentRunner.run(ParentRunner.java:309)
	at org.springframework.test.context.junit4.SpringJUnit4ClassRunner.run(SpringJUnit4ClassRunner.java:176)
	at org.gradle.api.internal.tasks.testing.junit.JUnitTestClassExecuter.runTestClass(JUnitTestClassExecuter.java:86)
	at org.gradle.api.internal.tasks.testing.junit.JUnitTestClassExecuter.execute(JUnitTestClassExecuter.java:49)
	at org.gradle.api.internal.tasks.testing.junit.JUnitTestClassProcessor.processTestClass(JUnitTestClassProcessor.java:64)
	at org.gradle.api.internal.tasks.testing.SuiteTestClassProcessor.processTestClass(SuiteTestClassProcessor.java:50)
	at sun.reflect.NativeMethodAccessorImpl.invoke0(Native Method)
	at sun.reflect.NativeMethodAccessorImpl.invoke(NativeMethodAccessorImpl.java:57)
	at sun.reflect.DelegatingMethodAccessorImpl.invoke(DelegatingMethodAccessorImpl.java:43)
	at java.lang.reflect.Method.invoke(Method.java:606)
	at org.gradle.messaging.dispatch.ReflectionDispatch.dispatch(ReflectionDispatch.java:35)
	at org.gradle.messaging.dispatch.ReflectionDispatch.dispatch(ReflectionDispatch.java:24)
	at org.gradle.messaging.dispatch.ContextClassLoaderDispatch.dispatch(ContextClassLoaderDispatch.java:32)
	at org.gradle.messaging.dispatch.ProxyDispatchAdapter$DispatchingInvocationHandler.invoke(ProxyDispatchAdapter.java:93)
	at com.sun.proxy.$Proxy2.processTestClass(Unknown Source)
	at org.gradle.api.internal.tasks.testing.worker.TestWorker.processTestClass(TestWorker.java:106)
	at sun.reflect.NativeMethodAccessorImpl.invoke0(Native Method)
	at sun.reflect.NativeMethodAccessorImpl.invoke(NativeMethodAccessorImpl.java:57)
	at sun.reflect.DelegatingMethodAccessorImpl.invoke(DelegatingMethodAccessorImpl.java:43)
	at java.lang.reflect.Method.invoke(Method.java:606)
	at org.gradle.messaging.dispatch.ReflectionDispatch.dispatch(ReflectionDispatch.java:35)
	at org.gradle.messaging.dispatch.ReflectionDispatch.dispatch(ReflectionDispatch.java:24)
	at org.gradle.messaging.remote.internal.hub.MessageHub$Handler.run(MessageHub.java:360)
	at org.gradle.internal.concurrent.DefaultExecutorFactory$StoppableExecutorImpl$1.run(DefaultExecutorFactory.java:64)
	at java.util.concurrent.ThreadPoolExecutor.runWorker(ThreadPoolExecutor.java:1145)
	at java.util.concurrent.ThreadPoolExecutor$Worker.run(ThreadPoolExecutor.java:615)
	at java.lang.Thread.run(Thread.java:745)
Caused by: com.mysql.jdbc.exceptions.jdbc4.MySQLIntegrityConstraintViolationException: Duplicate entry 'pvCTGwsPriiPBmpC85Te1eV7jLei1boTnLxCmHq00L0nWTk6Yv' for key 'aNm'
	at sun.reflect.NativeConstructorAccessorImpl.newInstance0(Native Method)
	at sun.reflect.NativeConstructorAccessorImpl.newInstance(NativeConstructorAccessorImpl.java:57)
	at sun.reflect.DelegatingConstructorAccessorImpl.newInstance(DelegatingConstructorAccessorImpl.java:45)
	at java.lang.reflect.Constructor.newInstance(Constructor.java:526)
	at com.mysql.jdbc.Util.handleNewInstance(Util.java:408)
	at com.mysql.jdbc.Util.getInstance(Util.java:383)
	at com.mysql.jdbc.SQLError.createSQLException(SQLError.java:1049)
	at com.mysql.jdbc.MysqlIO.checkErrorPacket(MysqlIO.java:4226)
	at com.mysql.jdbc.MysqlIO.checkErrorPacket(MysqlIO.java:4158)
	at com.mysql.jdbc.MysqlIO.sendCommand(MysqlIO.java:2615)
	at com.mysql.jdbc.MysqlIO.sqlQueryDirect(MysqlIO.java:2776)
	at com.mysql.jdbc.ConnectionImpl.execSQL(ConnectionImpl.java:2840)
	at com.mysql.jdbc.PreparedStatement.executeInternal(PreparedStatement.java:2082)
	at com.mysql.jdbc.PreparedStatement.executeUpdate(PreparedStatement.java:2334)
	at com.mysql.jdbc.PreparedStatement.executeUpdate(PreparedStatement.java:2262)
	at com.mysql.jdbc.PreparedStatement.executeUpdate(PreparedStatement.java:2246)
	at org.apache.commons.dbcp.DelegatingPreparedStatement.executeUpdate(DelegatingPreparedStatement.java:105)
	at org.apache.commons.dbcp.DelegatingPreparedStatement.executeUpdate(DelegatingPreparedStatement.java:105)
	at org.eclipse.persistence.internal.databaseaccess.DatabaseAccessor.executeDirectNoSelect(DatabaseAccessor.java:890)
	... 107 more

[EL Finer]: transaction: 2016-09-21 09:17:55.008--ClientSession(1924684065)--Connection(729299608)--Thread(Thread[Test worker,5,main])--rollback transaction
[EL Finest]: connection: 2016-09-21 09:17:55.073--ServerSession(1151842404)--Connection(1684696637)--Thread(Thread[Test worker,5,main])--Connection released to connection pool [default].
[EL Finer]: transaction: 2016-09-21 09:17:55.073--UnitOfWork(618905694)--Thread(Thread[Test worker,5,main])--release unit of work
[EL Finer]: connection: 2016-09-21 09:17:55.073--ClientSession(1924684065)--Thread(Thread[Test worker,5,main])--client released
[EL Finer]: connection: 2016-09-21 09:17:55.108--ServerSession(1151842404)--Thread(Thread[Test worker,5,main])--client acquired: 2013293614
[EL Finer]: transaction: 2016-09-21 09:17:55.108--ClientSession(2013293614)--Thread(Thread[Test worker,5,main])--acquire unit of work: 1673428366
[EL Finest]: connection: 2016-09-21 09:17:55.108--ServerSession(1151842404)--Connection(1864706250)--Thread(Thread[Test worker,5,main])--Connection acquired from connection pool [default].
[EL Finer]: transaction: 2016-09-21 09:17:55.108--ClientSession(2013293614)--Connection(1864706250)--Thread(Thread[Test worker,5,main])--begin transaction
[EL Finest]: connection: 2016-09-21 09:17:55.108--ClientSession(2013293614)--Thread(Thread[Test worker,5,main])--reconnecting to external connection pool
[EL Finest]: query: 2016-09-21 09:17:55.11--UnitOfWork(1673428366)--Thread(Thread[Test worker,5,main])--Execute query ReadObjectQuery(name="readAEntity" referenceClass=AEntity sql="SELECT aid, multiTenantId, aDate, aNm, versionId, createdBy, createdDate, updatedBy, updatedDate, activeStatus, txnAccessCode FROM AEntity WHERE ((aid = ?) AND (multiTenantId = ?))")
[EL Fine]: sql: 2016-09-21 09:17:55.11--ClientSession(2013293614)--Connection(1421071505)--Thread(Thread[Test worker,5,main])--SELECT aid, multiTenantId, aDate, aNm, versionId, createdBy, createdDate, updatedBy, updatedDate, activeStatus, txnAccessCode FROM AEntity WHERE ((aid = ?) AND (multiTenantId = ?))
	bind => [3ADC7CD0-25C9-4DDD-9746-7CE851D93A77, appCreateValue]
[EL Finest]: transaction: 2016-09-21 09:17:55.112--UnitOfWork(1673428366)--Thread(Thread[Test worker,5,main])--remove() operation called on: pvCTGwsPriiPBmpC85Te1eV7jLei1boTnLxCmHq00L0nWTk6Yv
[EL Finest]: query: 2016-09-21 09:17:55.112--UnitOfWork(1673428366)--Thread(Thread[Test worker,5,main])--Execute query ReadAllQuery(name="testA" referenceClass=TestA sql="SELECT t1.tid, t1.multiTenantId, t1.tDate, t1.tDateTime, t1.tnm, t1.versionId, t1.createdBy, t1.createdDate, t1.updatedBy, t1.updatedDate, t1.activeStatus, t1.txnAccessCode FROM ATestEntity t0, TestA t1 WHERE (((t0.aid = ?) AND (t1.tid = t0.tid)) AND (t1.multiTenantId = ?))")
[EL Fine]: sql: 2016-09-21 09:17:55.112--ClientSession(2013293614)--Connection(1421071505)--Thread(Thread[Test worker,5,main])--SELECT t1.tid, t1.multiTenantId, t1.tDate, t1.tDateTime, t1.tnm, t1.versionId, t1.createdBy, t1.createdDate, t1.updatedBy, t1.updatedDate, t1.activeStatus, t1.txnAccessCode FROM ATestEntity t0, TestA t1 WHERE (((t0.aid = ?) AND (t1.tid = t0.tid)) AND (t1.multiTenantId = ?))
	bind => [3ADC7CD0-25C9-4DDD-9746-7CE851D93A77, appCreateValue]
[EL Finest]: transaction: 2016-09-21 09:17:55.114--UnitOfWork(1673428366)--Thread(Thread[Test worker,5,main])--remove() operation called on: Hello World
Wed Sep 21 09:17:55 UTC 2016|Unknown Alarm = AISAL328100200 Alarm Split = AIS-AL-3-2-8-100-200
[EL Finer]: transaction: 2016-09-21 09:17:55.115--UnitOfWork(1673428366)--Thread(Thread[Test worker,5,main])--begin unit of work commit
[EL Finest]: query: 2016-09-21 09:17:55.115--UnitOfWork(1673428366)--Thread(Thread[Test worker,5,main])--Execute query DoesExistQuery(referenceClass=TestA )
[EL Finest]: query: 2016-09-21 09:17:55.116--UnitOfWork(1673428366)--Thread(Thread[Test worker,5,main])--Execute query DoesExistQuery(referenceClass=AEntity )
[EL Finest]: query: 2016-09-21 09:17:55.116--UnitOfWork(1673428366)--Thread(Thread[Test worker,5,main])--Execute query DataModifyQuery(name="testA" )
[EL Finest]: query: 2016-09-21 09:17:55.116--UnitOfWork(1673428366)--Thread(Thread[Test worker,5,main])--Execute query DeleteObjectQuery(Hello World)
[EL Fine]: sql: 2016-09-21 09:17:55.116--ClientSession(2013293614)--Connection(1421071505)--Thread(Thread[Test worker,5,main])--DELETE FROM ATestEntity WHERE (aid = ?)
	bind => [3ADC7CD0-25C9-4DDD-9746-7CE851D93A77]
[EL Finest]: query: 2016-09-21 09:17:55.118--UnitOfWork(1673428366)--Thread(Thread[Test worker,5,main])--Execute query DeleteObjectQuery(pvCTGwsPriiPBmpC85Te1eV7jLei1boTnLxCmHq00L0nWTk6Yv)
[EL Fine]: sql: 2016-09-21 09:17:55.118--ClientSession(2013293614)--Connection(1421071505)--Thread(Thread[Test worker,5,main])--DELETE FROM TestA WHERE ((tid = ?) AND (versionId = ?))
	bind => [E109A78B-13E3-453C-98F5-9DD26825449E, 1]
[EL Fine]: sql: 2016-09-21 09:17:55.254--ClientSession(2013293614)--Connection(1421071505)--Thread(Thread[Test worker,5,main])--DELETE FROM AEntity WHERE ((aid = ?) AND (versionId = ?))
	bind => [3ADC7CD0-25C9-4DDD-9746-7CE851D93A77, 2]
[EL Finer]: transaction: 2016-09-21 09:17:55.328--ClientSession(2013293614)--Connection(1421071505)--Thread(Thread[Test worker,5,main])--commit transaction
[EL Finest]: connection: 2016-09-21 09:17:55.351--ServerSession(1151842404)--Connection(1864706250)--Thread(Thread[Test worker,5,main])--Connection released to connection pool [default].
[EL Finer]: transaction: 2016-09-21 09:17:55.351--UnitOfWork(1673428366)--Thread(Thread[Test worker,5,main])--end unit of work commit
[EL Finer]: transaction: 2016-09-21 09:17:55.351--UnitOfWork(1673428366)--Thread(Thread[Test worker,5,main])--resume unit of work
[EL Finer]: transaction: 2016-09-21 09:17:55.352--UnitOfWork(1673428366)--Thread(Thread[Test worker,5,main])--release unit of work
[EL Finer]: connection: 2016-09-21 09:17:55.352--ClientSession(2013293614)--Thread(Thread[Test worker,5,main])--client released
]]></system-out>
  <system-err><![CDATA[AEntity.aNm may not be null
java.lang.SecurityException: AEntity.aNm may not be null
	at com.athena.server.pluggable.utils.helper.EntityValidatorHelper.validateEntity(EntityValidatorHelper.java:37)
	at com.app.shared.appinsight.alarms.AEntity.isValid(AEntity.java:250)
	at com.app.server.service.appinsight.alarms.AEntityTestCase.validateAEntity(AEntityTestCase.java:221)
	at com.app.server.service.appinsight.alarms.AEntityTestCase.test5NegativeTesting(AEntityTestCase.java:255)
	at sun.reflect.NativeMethodAccessorImpl.invoke0(Native Method)
	at sun.reflect.NativeMethodAccessorImpl.invoke(NativeMethodAccessorImpl.java:57)
	at sun.reflect.DelegatingMethodAccessorImpl.invoke(DelegatingMethodAccessorImpl.java:43)
	at java.lang.reflect.Method.invoke(Method.java:606)
	at org.junit.runners.model.FrameworkMethod$1.runReflectiveCall(FrameworkMethod.java:47)
	at org.junit.internal.runners.model.ReflectiveCallable.run(ReflectiveCallable.java:12)
	at org.junit.runners.model.FrameworkMethod.invokeExplosively(FrameworkMethod.java:44)
	at org.junit.internal.runners.statements.InvokeMethod.evaluate(InvokeMethod.java:17)
	at org.junit.internal.runners.statements.RunBefores.evaluate(RunBefores.java:26)
	at org.springframework.test.context.junit4.statements.RunBeforeTestMethodCallbacks.evaluate(RunBeforeTestMethodCallbacks.java:74)
	at org.junit.internal.runners.statements.RunAfters.evaluate(RunAfters.java:27)
	at org.springframework.test.context.junit4.statements.RunAfterTestMethodCallbacks.evaluate(RunAfterTestMethodCallbacks.java:83)
	at org.springframework.test.context.junit4.statements.SpringRepeat.evaluate(SpringRepeat.java:72)
	at org.springframework.test.context.junit4.SpringJUnit4ClassRunner.runChild(SpringJUnit4ClassRunner.java:233)
	at org.springframework.test.context.junit4.SpringJUnit4ClassRunner.runChild(SpringJUnit4ClassRunner.java:87)
	at org.junit.runners.ParentRunner$3.run(ParentRunner.java:238)
	at org.junit.runners.ParentRunner$1.schedule(ParentRunner.java:63)
	at org.junit.runners.ParentRunner.runChildren(ParentRunner.java:236)
	at org.junit.runners.ParentRunner.access$000(ParentRunner.java:53)
	at org.junit.runners.ParentRunner$2.evaluate(ParentRunner.java:229)
	at org.junit.internal.runners.statements.RunBefores.evaluate(RunBefores.java:26)
	at org.springframework.test.context.junit4.statements.RunBeforeTestClassCallbacks.evaluate(RunBeforeTestClassCallbacks.java:61)
	at org.springframework.test.context.junit4.statements.RunAfterTestClassCallbacks.evaluate(RunAfterTestClassCallbacks.java:71)
	at org.junit.runners.ParentRunner.run(ParentRunner.java:309)
	at org.springframework.test.context.junit4.SpringJUnit4ClassRunner.run(SpringJUnit4ClassRunner.java:176)
	at org.gradle.api.internal.tasks.testing.junit.JUnitTestClassExecuter.runTestClass(JUnitTestClassExecuter.java:86)
	at org.gradle.api.internal.tasks.testing.junit.JUnitTestClassExecuter.execute(JUnitTestClassExecuter.java:49)
	at org.gradle.api.internal.tasks.testing.junit.JUnitTestClassProcessor.processTestClass(JUnitTestClassProcessor.java:64)
	at org.gradle.api.internal.tasks.testing.SuiteTestClassProcessor.processTestClass(SuiteTestClassProcessor.java:50)
	at sun.reflect.NativeMethodAccessorImpl.invoke0(Native Method)
	at sun.reflect.NativeMethodAccessorImpl.invoke(NativeMethodAccessorImpl.java:57)
	at sun.reflect.DelegatingMethodAccessorImpl.invoke(DelegatingMethodAccessorImpl.java:43)
	at java.lang.reflect.Method.invoke(Method.java:606)
	at org.gradle.messaging.dispatch.ReflectionDispatch.dispatch(ReflectionDispatch.java:35)
	at org.gradle.messaging.dispatch.ReflectionDispatch.dispatch(ReflectionDispatch.java:24)
	at org.gradle.messaging.dispatch.ContextClassLoaderDispatch.dispatch(ContextClassLoaderDispatch.java:32)
	at org.gradle.messaging.dispatch.ProxyDispatchAdapter$DispatchingInvocationHandler.invoke(ProxyDispatchAdapter.java:93)
	at com.sun.proxy.$Proxy2.processTestClass(Unknown Source)
	at org.gradle.api.internal.tasks.testing.worker.TestWorker.processTestClass(TestWorker.java:106)
	at sun.reflect.NativeMethodAccessorImpl.invoke0(Native Method)
	at sun.reflect.NativeMethodAccessorImpl.invoke(NativeMethodAccessorImpl.java:57)
	at sun.reflect.DelegatingMethodAccessorImpl.invoke(DelegatingMethodAccessorImpl.java:43)
	at java.lang.reflect.Method.invoke(Method.java:606)
	at org.gradle.messaging.dispatch.ReflectionDispatch.dispatch(ReflectionDispatch.java:35)
	at org.gradle.messaging.dispatch.ReflectionDispatch.dispatch(ReflectionDispatch.java:24)
	at org.gradle.messaging.remote.internal.hub.MessageHub$Handler.run(MessageHub.java:360)
	at org.gradle.internal.concurrent.DefaultExecutorFactory$StoppableExecutorImpl$1.run(DefaultExecutorFactory.java:64)
	at java.util.concurrent.ThreadPoolExecutor.runWorker(ThreadPoolExecutor.java:1145)
	at java.util.concurrent.ThreadPoolExecutor$Worker.run(ThreadPoolExecutor.java:615)
	at java.lang.Thread.run(Thread.java:745)
AEntity.aNm size must be between 1 and 256
java.lang.SecurityException: AEntity.aNm size must be between 1 and 256
	at com.athena.server.pluggable.utils.helper.EntityValidatorHelper.validateEntity(EntityValidatorHelper.java:37)
	at com.app.shared.appinsight.alarms.AEntity.isValid(AEntity.java:250)
	at com.app.server.service.appinsight.alarms.AEntityTestCase.validateAEntity(AEntityTestCase.java:219)
	at com.app.server.service.appinsight.alarms.AEntityTestCase.test5NegativeTesting(AEntityTestCase.java:260)
	at sun.reflect.NativeMethodAccessorImpl.invoke0(Native Method)
	at sun.reflect.NativeMethodAccessorImpl.invoke(NativeMethodAccessorImpl.java:57)
	at sun.reflect.DelegatingMethodAccessorImpl.invoke(DelegatingMethodAccessorImpl.java:43)
	at java.lang.reflect.Method.invoke(Method.java:606)
	at org.junit.runners.model.FrameworkMethod$1.runReflectiveCall(FrameworkMethod.java:47)
	at org.junit.internal.runners.model.ReflectiveCallable.run(ReflectiveCallable.java:12)
	at org.junit.runners.model.FrameworkMethod.invokeExplosively(FrameworkMethod.java:44)
	at org.junit.internal.runners.statements.InvokeMethod.evaluate(InvokeMethod.java:17)
	at org.junit.internal.runners.statements.RunBefores.evaluate(RunBefores.java:26)
	at org.springframework.test.context.junit4.statements.RunBeforeTestMethodCallbacks.evaluate(RunBeforeTestMethodCallbacks.java:74)
	at org.junit.internal.runners.statements.RunAfters.evaluate(RunAfters.java:27)
	at org.springframework.test.context.junit4.statements.RunAfterTestMethodCallbacks.evaluate(RunAfterTestMethodCallbacks.java:83)
	at org.springframework.test.context.junit4.statements.SpringRepeat.evaluate(SpringRepeat.java:72)
	at org.springframework.test.context.junit4.SpringJUnit4ClassRunner.runChild(SpringJUnit4ClassRunner.java:233)
	at org.springframework.test.context.junit4.SpringJUnit4ClassRunner.runChild(SpringJUnit4ClassRunner.java:87)
	at org.junit.runners.ParentRunner$3.run(ParentRunner.java:238)
	at org.junit.runners.ParentRunner$1.schedule(ParentRunner.java:63)
	at org.junit.runners.ParentRunner.runChildren(ParentRunner.java:236)
	at org.junit.runners.ParentRunner.access$000(ParentRunner.java:53)
	at org.junit.runners.ParentRunner$2.evaluate(ParentRunner.java:229)
	at org.junit.internal.runners.statements.RunBefores.evaluate(RunBefores.java:26)
	at org.springframework.test.context.junit4.statements.RunBeforeTestClassCallbacks.evaluate(RunBeforeTestClassCallbacks.java:61)
	at org.springframework.test.context.junit4.statements.RunAfterTestClassCallbacks.evaluate(RunAfterTestClassCallbacks.java:71)
	at org.junit.runners.ParentRunner.run(ParentRunner.java:309)
	at org.springframework.test.context.junit4.SpringJUnit4ClassRunner.run(SpringJUnit4ClassRunner.java:176)
	at org.gradle.api.internal.tasks.testing.junit.JUnitTestClassExecuter.runTestClass(JUnitTestClassExecuter.java:86)
	at org.gradle.api.internal.tasks.testing.junit.JUnitTestClassExecuter.execute(JUnitTestClassExecuter.java:49)
	at org.gradle.api.internal.tasks.testing.junit.JUnitTestClassProcessor.processTestClass(JUnitTestClassProcessor.java:64)
	at org.gradle.api.internal.tasks.testing.SuiteTestClassProcessor.processTestClass(SuiteTestClassProcessor.java:50)
	at sun.reflect.NativeMethodAccessorImpl.invoke0(Native Method)
	at sun.reflect.NativeMethodAccessorImpl.invoke(NativeMethodAccessorImpl.java:57)
	at sun.reflect.DelegatingMethodAccessorImpl.invoke(DelegatingMethodAccessorImpl.java:43)
	at java.lang.reflect.Method.invoke(Method.java:606)
	at org.gradle.messaging.dispatch.ReflectionDispatch.dispatch(ReflectionDispatch.java:35)
	at org.gradle.messaging.dispatch.ReflectionDispatch.dispatch(ReflectionDispatch.java:24)
	at org.gradle.messaging.dispatch.ContextClassLoaderDispatch.dispatch(ContextClassLoaderDispatch.java:32)
	at org.gradle.messaging.dispatch.ProxyDispatchAdapter$DispatchingInvocationHandler.invoke(ProxyDispatchAdapter.java:93)
	at com.sun.proxy.$Proxy2.processTestClass(Unknown Source)
	at org.gradle.api.internal.tasks.testing.worker.TestWorker.processTestClass(TestWorker.java:106)
	at sun.reflect.NativeMethodAccessorImpl.invoke0(Native Method)
	at sun.reflect.NativeMethodAccessorImpl.invoke(NativeMethodAccessorImpl.java:57)
	at sun.reflect.DelegatingMethodAccessorImpl.invoke(DelegatingMethodAccessorImpl.java:43)
	at java.lang.reflect.Method.invoke(Method.java:606)
	at org.gradle.messaging.dispatch.ReflectionDispatch.dispatch(ReflectionDispatch.java:35)
	at org.gradle.messaging.dispatch.ReflectionDispatch.dispatch(ReflectionDispatch.java:24)
	at org.gradle.messaging.remote.internal.hub.MessageHub$Handler.run(MessageHub.java:360)
	at org.gradle.internal.concurrent.DefaultExecutorFactory$StoppableExecutorImpl$1.run(DefaultExecutorFactory.java:64)
	at java.util.concurrent.ThreadPoolExecutor.runWorker(ThreadPoolExecutor.java:1145)
	at java.util.concurrent.ThreadPoolExecutor$Worker.run(ThreadPoolExecutor.java:615)
	at java.lang.Thread.run(Thread.java:745)
AEntity.aDate may not be null
java.lang.SecurityException: AEntity.aDate may not be null
	at com.athena.server.pluggable.utils.helper.EntityValidatorHelper.validateEntity(EntityValidatorHelper.java:37)
	at com.app.shared.appinsight.alarms.AEntity.isValid(AEntity.java:250)
	at com.app.server.service.appinsight.alarms.AEntityTestCase.validateAEntity(AEntityTestCase.java:221)
	at com.app.server.service.appinsight.alarms.AEntityTestCase.test5NegativeTesting(AEntityTestCase.java:266)
	at sun.reflect.NativeMethodAccessorImpl.invoke0(Native Method)
	at sun.reflect.NativeMethodAccessorImpl.invoke(NativeMethodAccessorImpl.java:57)
	at sun.reflect.DelegatingMethodAccessorImpl.invoke(DelegatingMethodAccessorImpl.java:43)
	at java.lang.reflect.Method.invoke(Method.java:606)
	at org.junit.runners.model.FrameworkMethod$1.runReflectiveCall(FrameworkMethod.java:47)
	at org.junit.internal.runners.model.ReflectiveCallable.run(ReflectiveCallable.java:12)
	at org.junit.runners.model.FrameworkMethod.invokeExplosively(FrameworkMethod.java:44)
	at org.junit.internal.runners.statements.InvokeMethod.evaluate(InvokeMethod.java:17)
	at org.junit.internal.runners.statements.RunBefores.evaluate(RunBefores.java:26)
	at org.springframework.test.context.junit4.statements.RunBeforeTestMethodCallbacks.evaluate(RunBeforeTestMethodCallbacks.java:74)
	at org.junit.internal.runners.statements.RunAfters.evaluate(RunAfters.java:27)
	at org.springframework.test.context.junit4.statements.RunAfterTestMethodCallbacks.evaluate(RunAfterTestMethodCallbacks.java:83)
	at org.springframework.test.context.junit4.statements.SpringRepeat.evaluate(SpringRepeat.java:72)
	at org.springframework.test.context.junit4.SpringJUnit4ClassRunner.runChild(SpringJUnit4ClassRunner.java:233)
	at org.springframework.test.context.junit4.SpringJUnit4ClassRunner.runChild(SpringJUnit4ClassRunner.java:87)
	at org.junit.runners.ParentRunner$3.run(ParentRunner.java:238)
	at org.junit.runners.ParentRunner$1.schedule(ParentRunner.java:63)
	at org.junit.runners.ParentRunner.runChildren(ParentRunner.java:236)
	at org.junit.runners.ParentRunner.access$000(ParentRunner.java:53)
	at org.junit.runners.ParentRunner$2.evaluate(ParentRunner.java:229)
	at org.junit.internal.runners.statements.RunBefores.evaluate(RunBefores.java:26)
	at org.springframework.test.context.junit4.statements.RunBeforeTestClassCallbacks.evaluate(RunBeforeTestClassCallbacks.java:61)
	at org.springframework.test.context.junit4.statements.RunAfterTestClassCallbacks.evaluate(RunAfterTestClassCallbacks.java:71)
	at org.junit.runners.ParentRunner.run(ParentRunner.java:309)
	at org.springframework.test.context.junit4.SpringJUnit4ClassRunner.run(SpringJUnit4ClassRunner.java:176)
	at org.gradle.api.internal.tasks.testing.junit.JUnitTestClassExecuter.runTestClass(JUnitTestClassExecuter.java:86)
	at org.gradle.api.internal.tasks.testing.junit.JUnitTestClassExecuter.execute(JUnitTestClassExecuter.java:49)
	at org.gradle.api.internal.tasks.testing.junit.JUnitTestClassProcessor.processTestClass(JUnitTestClassProcessor.java:64)
	at org.gradle.api.internal.tasks.testing.SuiteTestClassProcessor.processTestClass(SuiteTestClassProcessor.java:50)
	at sun.reflect.NativeMethodAccessorImpl.invoke0(Native Method)
	at sun.reflect.NativeMethodAccessorImpl.invoke(NativeMethodAccessorImpl.java:57)
	at sun.reflect.DelegatingMethodAccessorImpl.invoke(DelegatingMethodAccessorImpl.java:43)
	at java.lang.reflect.Method.invoke(Method.java:606)
	at org.gradle.messaging.dispatch.ReflectionDispatch.dispatch(ReflectionDispatch.java:35)
	at org.gradle.messaging.dispatch.ReflectionDispatch.dispatch(ReflectionDispatch.java:24)
	at org.gradle.messaging.dispatch.ContextClassLoaderDispatch.dispatch(ContextClassLoaderDispatch.java:32)
	at org.gradle.messaging.dispatch.ProxyDispatchAdapter$DispatchingInvocationHandler.invoke(ProxyDispatchAdapter.java:93)
	at com.sun.proxy.$Proxy2.processTestClass(Unknown Source)
	at org.gradle.api.internal.tasks.testing.worker.TestWorker.processTestClass(TestWorker.java:106)
	at sun.reflect.NativeMethodAccessorImpl.invoke0(Native Method)
	at sun.reflect.NativeMethodAccessorImpl.invoke(NativeMethodAccessorImpl.java:57)
	at sun.reflect.DelegatingMethodAccessorImpl.invoke(DelegatingMethodAccessorImpl.java:43)
	at java.lang.reflect.Method.invoke(Method.java:606)
	at org.gradle.messaging.dispatch.ReflectionDispatch.dispatch(ReflectionDispatch.java:35)
	at org.gradle.messaging.dispatch.ReflectionDispatch.dispatch(ReflectionDispatch.java:24)
	at org.gradle.messaging.remote.internal.hub.MessageHub$Handler.run(MessageHub.java:360)
	at org.gradle.internal.concurrent.DefaultExecutorFactory$StoppableExecutorImpl$1.run(DefaultExecutorFactory.java:64)
	at java.util.concurrent.ThreadPoolExecutor.runWorker(ThreadPoolExecutor.java:1145)
	at java.util.concurrent.ThreadPoolExecutor$Worker.run(ThreadPoolExecutor.java:615)
	at java.lang.Thread.run(Thread.java:745)
org.springframework.transaction.TransactionSystemException: Could not commit JPA transaction; nested exception is javax.persistence.RollbackException: Exception [EclipseLink-4002] (Eclipse Persistence Services - 2.5.1.v20130918-f2b9fc5): org.eclipse.persistence.exceptions.DatabaseException
Internal Exception: com.mysql.jdbc.exceptions.jdbc4.MySQLIntegrityConstraintViolationException: Duplicate entry 'pvCTGwsPriiPBmpC85Te1eV7jLei1boTnLxCmHq00L0nWTk6Yv' for key 'aNm'
Error Code: 1062
Call: INSERT INTO AEntity (aid, aDate, aNm, versionId, createdBy, createdDate, updatedBy, updatedDate, activeStatus, txnAccessCode, multiTenantId) VALUES (?, ?, ?, ?, ?, ?, ?, ?, ?, ?, ?)
	bind => [1CA6B88D-CE14-4F14-953F-8A92385F4021, 2016-09-21 08:51:29.429, pvCTGwsPriiPBmpC85Te1eV7jLei1boTnLxCmHq00L0nWTk6Yv, 1, AAAAA, 2016-09-21 09:17:54.988, AAAAA, 2016-09-21 09:17:54.988, 1, 51000, appCreateValue]
Query: InsertObjectQuery(Hello World)
	at org.springframework.orm.jpa.JpaTransactionManager.doCommit(JpaTransactionManager.java:524)
	at org.springframework.transaction.support.AbstractPlatformTransactionManager.processCommit(AbstractPlatformTransactionManager.java:757)
	at org.springframework.transaction.support.AbstractPlatformTransactionManager.commit(AbstractPlatformTransactionManager.java:726)
	at org.springframework.transaction.interceptor.TransactionAspectSupport.commitTransactionAfterReturning(TransactionAspectSupport.java:478)
	at org.springframework.transaction.interceptor.TransactionAspectSupport.invokeWithinTransaction(TransactionAspectSupport.java:272)
	at org.springframework.transaction.interceptor.TransactionInterceptor.invoke(TransactionInterceptor.java:95)
	at org.springframework.aop.framework.ReflectiveMethodInvocation.proceed(ReflectiveMethodInvocation.java:172)
	at org.springframework.aop.interceptor.ExposeInvocationInterceptor.invoke(ExposeInvocationInterceptor.java:91)
	at org.springframework.aop.framework.ReflectiveMethodInvocation.proceed(ReflectiveMethodInvocation.java:172)
	at org.springframework.aop.framework.CglibAopProxy$DynamicAdvisedInterceptor.intercept(CglibAopProxy.java:634)
	at com.app.server.repository.appinsight.alarms.AEntityRepositoryImpl$$EnhancerByCGLIB$$8c7c0a4a.save(<generated>)
	at com.app.server.repository.appinsight.alarms.AEntityRepositoryImpl$$FastClassByCGLIB$$60fd1d66.invoke(<generated>)
	at org.springframework.cglib.proxy.MethodProxy.invoke(MethodProxy.java:204)
	at org.springframework.aop.framework.CglibAopProxy$CglibMethodInvocation.invokeJoinpoint(CglibAopProxy.java:701)
	at org.springframework.aop.framework.ReflectiveMethodInvocation.proceed(ReflectiveMethodInvocation.java:150)
	at org.springframework.aop.support.DelegatingIntroductionInterceptor.doProceed(DelegatingIntroductionInterceptor.java:132)
	at org.springframework.aop.support.DelegatingIntroductionInterceptor.invoke(DelegatingIntroductionInterceptor.java:120)
	at org.springframework.aop.framework.ReflectiveMethodInvocation.proceed(ReflectiveMethodInvocation.java:172)
	at org.springframework.aop.framework.CglibAopProxy$DynamicAdvisedInterceptor.intercept(CglibAopProxy.java:634)
	at com.app.server.repository.appinsight.alarms.AEntityRepositoryImpl$$EnhancerByCGLIB$$9c7243d7.save(<generated>)
	at com.app.server.service.appinsight.alarms.AEntityTestCase.validateAEntity(AEntityTestCase.java:225)
	at com.app.server.service.appinsight.alarms.AEntityTestCase.test5NegativeTesting(AEntityTestCase.java:271)
	at sun.reflect.NativeMethodAccessorImpl.invoke0(Native Method)
	at sun.reflect.NativeMethodAccessorImpl.invoke(NativeMethodAccessorImpl.java:57)
	at sun.reflect.DelegatingMethodAccessorImpl.invoke(DelegatingMethodAccessorImpl.java:43)
	at java.lang.reflect.Method.invoke(Method.java:606)
	at org.junit.runners.model.FrameworkMethod$1.runReflectiveCall(FrameworkMethod.java:47)
	at org.junit.internal.runners.model.ReflectiveCallable.run(ReflectiveCallable.java:12)
	at org.junit.runners.model.FrameworkMethod.invokeExplosively(FrameworkMethod.java:44)
	at org.junit.internal.runners.statements.InvokeMethod.evaluate(InvokeMethod.java:17)
	at org.junit.internal.runners.statements.RunBefores.evaluate(RunBefores.java:26)
	at org.springframework.test.context.junit4.statements.RunBeforeTestMethodCallbacks.evaluate(RunBeforeTestMethodCallbacks.java:74)
	at org.junit.internal.runners.statements.RunAfters.evaluate(RunAfters.java:27)
	at org.springframework.test.context.junit4.statements.RunAfterTestMethodCallbacks.evaluate(RunAfterTestMethodCallbacks.java:83)
	at org.springframework.test.context.junit4.statements.SpringRepeat.evaluate(SpringRepeat.java:72)
	at org.springframework.test.context.junit4.SpringJUnit4ClassRunner.runChild(SpringJUnit4ClassRunner.java:233)
	at org.springframework.test.context.junit4.SpringJUnit4ClassRunner.runChild(SpringJUnit4ClassRunner.java:87)
	at org.junit.runners.ParentRunner$3.run(ParentRunner.java:238)
	at org.junit.runners.ParentRunner$1.schedule(ParentRunner.java:63)
	at org.junit.runners.ParentRunner.runChildren(ParentRunner.java:236)
	at org.junit.runners.ParentRunner.access$000(ParentRunner.java:53)
	at org.junit.runners.ParentRunner$2.evaluate(ParentRunner.java:229)
	at org.junit.internal.runners.statements.RunBefores.evaluate(RunBefores.java:26)
	at org.springframework.test.context.junit4.statements.RunBeforeTestClassCallbacks.evaluate(RunBeforeTestClassCallbacks.java:61)
	at org.springframework.test.context.junit4.statements.RunAfterTestClassCallbacks.evaluate(RunAfterTestClassCallbacks.java:71)
	at org.junit.runners.ParentRunner.run(ParentRunner.java:309)
	at org.springframework.test.context.junit4.SpringJUnit4ClassRunner.run(SpringJUnit4ClassRunner.java:176)
	at org.gradle.api.internal.tasks.testing.junit.JUnitTestClassExecuter.runTestClass(JUnitTestClassExecuter.java:86)
	at org.gradle.api.internal.tasks.testing.junit.JUnitTestClassExecuter.execute(JUnitTestClassExecuter.java:49)
	at org.gradle.api.internal.tasks.testing.junit.JUnitTestClassProcessor.processTestClass(JUnitTestClassProcessor.java:64)
	at org.gradle.api.internal.tasks.testing.SuiteTestClassProcessor.processTestClass(SuiteTestClassProcessor.java:50)
	at sun.reflect.NativeMethodAccessorImpl.invoke0(Native Method)
	at sun.reflect.NativeMethodAccessorImpl.invoke(NativeMethodAccessorImpl.java:57)
	at sun.reflect.DelegatingMethodAccessorImpl.invoke(DelegatingMethodAccessorImpl.java:43)
	at java.lang.reflect.Method.invoke(Method.java:606)
	at org.gradle.messaging.dispatch.ReflectionDispatch.dispatch(ReflectionDispatch.java:35)
	at org.gradle.messaging.dispatch.ReflectionDispatch.dispatch(ReflectionDispatch.java:24)
	at org.gradle.messaging.dispatch.ContextClassLoaderDispatch.dispatch(ContextClassLoaderDispatch.java:32)
	at org.gradle.messaging.dispatch.ProxyDispatchAdapter$DispatchingInvocationHandler.invoke(ProxyDispatchAdapter.java:93)
	at com.sun.proxy.$Proxy2.processTestClass(Unknown Source)
	at org.gradle.api.internal.tasks.testing.worker.TestWorker.processTestClass(TestWorker.java:106)
	at sun.reflect.NativeMethodAccessorImpl.invoke0(Native Method)
	at sun.reflect.NativeMethodAccessorImpl.invoke(NativeMethodAccessorImpl.java:57)
	at sun.reflect.DelegatingMethodAccessorImpl.invoke(DelegatingMethodAccessorImpl.java:43)
	at java.lang.reflect.Method.invoke(Method.java:606)
	at org.gradle.messaging.dispatch.ReflectionDispatch.dispatch(ReflectionDispatch.java:35)
	at org.gradle.messaging.dispatch.ReflectionDispatch.dispatch(ReflectionDispatch.java:24)
	at org.gradle.messaging.remote.internal.hub.MessageHub$Handler.run(MessageHub.java:360)
	at org.gradle.internal.concurrent.DefaultExecutorFactory$StoppableExecutorImpl$1.run(DefaultExecutorFactory.java:64)
	at java.util.concurrent.ThreadPoolExecutor.runWorker(ThreadPoolExecutor.java:1145)
	at java.util.concurrent.ThreadPoolExecutor$Worker.run(ThreadPoolExecutor.java:615)
	at java.lang.Thread.run(Thread.java:745)
Caused by: javax.persistence.RollbackException: Exception [EclipseLink-4002] (Eclipse Persistence Services - 2.5.1.v20130918-f2b9fc5): org.eclipse.persistence.exceptions.DatabaseException
Internal Exception: com.mysql.jdbc.exceptions.jdbc4.MySQLIntegrityConstraintViolationException: Duplicate entry 'pvCTGwsPriiPBmpC85Te1eV7jLei1boTnLxCmHq00L0nWTk6Yv' for key 'aNm'
Error Code: 1062
Call: INSERT INTO AEntity (aid, aDate, aNm, versionId, createdBy, createdDate, updatedBy, updatedDate, activeStatus, txnAccessCode, multiTenantId) VALUES (?, ?, ?, ?, ?, ?, ?, ?, ?, ?, ?)
	bind => [1CA6B88D-CE14-4F14-953F-8A92385F4021, 2016-09-21 08:51:29.429, pvCTGwsPriiPBmpC85Te1eV7jLei1boTnLxCmHq00L0nWTk6Yv, 1, AAAAA, 2016-09-21 09:17:54.988, AAAAA, 2016-09-21 09:17:54.988, 1, 51000, appCreateValue]
Query: InsertObjectQuery(Hello World)
	at org.eclipse.persistence.internal.jpa.transaction.EntityTransactionImpl.commit(EntityTransactionImpl.java:157)
	at org.springframework.orm.jpa.JpaTransactionManager.doCommit(JpaTransactionManager.java:515)
	... 71 more
Caused by: Exception [EclipseLink-4002] (Eclipse Persistence Services - 2.5.1.v20130918-f2b9fc5): org.eclipse.persistence.exceptions.DatabaseException
Internal Exception: com.mysql.jdbc.exceptions.jdbc4.MySQLIntegrityConstraintViolationException: Duplicate entry 'pvCTGwsPriiPBmpC85Te1eV7jLei1boTnLxCmHq00L0nWTk6Yv' for key 'aNm'
Error Code: 1062
Call: INSERT INTO AEntity (aid, aDate, aNm, versionId, createdBy, createdDate, updatedBy, updatedDate, activeStatus, txnAccessCode, multiTenantId) VALUES (?, ?, ?, ?, ?, ?, ?, ?, ?, ?, ?)
	bind => [1CA6B88D-CE14-4F14-953F-8A92385F4021, 2016-09-21 08:51:29.429, pvCTGwsPriiPBmpC85Te1eV7jLei1boTnLxCmHq00L0nWTk6Yv, 1, AAAAA, 2016-09-21 09:17:54.988, AAAAA, 2016-09-21 09:17:54.988, 1, 51000, appCreateValue]
Query: InsertObjectQuery(Hello World)
	at org.eclipse.persistence.exceptions.DatabaseException.sqlException(DatabaseException.java:331)
	at org.eclipse.persistence.internal.databaseaccess.DatabaseAccessor.executeDirectNoSelect(DatabaseAccessor.java:900)
	at org.eclipse.persistence.internal.databaseaccess.DatabaseAccessor.executeNoSelect(DatabaseAccessor.java:962)
	at org.eclipse.persistence.internal.databaseaccess.DatabaseAccessor.basicExecuteCall(DatabaseAccessor.java:631)
	at org.eclipse.persistence.internal.databaseaccess.ParameterizedSQLBatchWritingMechanism.executeBatchedStatements(ParameterizedSQLBatchWritingMechanism.java:130)
	at org.eclipse.persistence.internal.databaseaccess.ParameterizedSQLBatchWritingMechanism.appendCall(ParameterizedSQLBatchWritingMechanism.java:82)
	at org.eclipse.persistence.internal.databaseaccess.DatabaseAccessor.basicExecuteCall(DatabaseAccessor.java:603)
	at org.eclipse.persistence.internal.databaseaccess.DatabaseAccessor.executeCall(DatabaseAccessor.java:558)
	at org.eclipse.persistence.internal.sessions.AbstractSession.basicExecuteCall(AbstractSession.java:1991)
	at org.eclipse.persistence.sessions.server.ClientSession.executeCall(ClientSession.java:298)
	at org.eclipse.persistence.internal.queries.DatasourceCallQueryMechanism.executeCall(DatasourceCallQueryMechanism.java:242)
	at org.eclipse.persistence.internal.queries.DatasourceCallQueryMechanism.executeCall(DatasourceCallQueryMechanism.java:228)
	at org.eclipse.persistence.internal.queries.DatasourceCallQueryMechanism.insertObject(DatasourceCallQueryMechanism.java:377)
	at org.eclipse.persistence.internal.queries.StatementQueryMechanism.insertObject(StatementQueryMechanism.java:165)
	at org.eclipse.persistence.internal.queries.StatementQueryMechanism.insertObject(StatementQueryMechanism.java:180)
	at org.eclipse.persistence.internal.queries.DatabaseQueryMechanism.insertObjectForWrite(DatabaseQueryMechanism.java:489)
	at org.eclipse.persistence.queries.InsertObjectQuery.executeCommit(InsertObjectQuery.java:80)
	at org.eclipse.persistence.queries.InsertObjectQuery.executeCommitWithChangeSet(InsertObjectQuery.java:90)
	at org.eclipse.persistence.internal.queries.DatabaseQueryMechanism.executeWriteWithChangeSet(DatabaseQueryMechanism.java:301)
	at org.eclipse.persistence.queries.WriteObjectQuery.executeDatabaseQuery(WriteObjectQuery.java:58)
	at org.eclipse.persistence.queries.DatabaseQuery.execute(DatabaseQuery.java:899)
	at org.eclipse.persistence.queries.DatabaseQuery.executeInUnitOfWork(DatabaseQuery.java:798)
	at org.eclipse.persistence.queries.ObjectLevelModifyQuery.executeInUnitOfWorkObjectLevelModifyQuery(ObjectLevelModifyQuery.java:108)
	at org.eclipse.persistence.queries.ObjectLevelModifyQuery.executeInUnitOfWork(ObjectLevelModifyQuery.java:85)
	at org.eclipse.persistence.internal.sessions.UnitOfWorkImpl.internalExecuteQuery(UnitOfWorkImpl.java:2896)
	at org.eclipse.persistence.internal.sessions.AbstractSession.executeQuery(AbstractSession.java:1793)
	at org.eclipse.persistence.internal.sessions.AbstractSession.executeQuery(AbstractSession.java:1775)
	at org.eclipse.persistence.internal.sessions.AbstractSession.executeQuery(AbstractSession.java:1726)
	at org.eclipse.persistence.internal.sessions.CommitManager.commitNewObjectsForClassWithChangeSet(CommitManager.java:226)
	at org.eclipse.persistence.internal.sessions.CommitManager.commitAllObjectsForClassWithChangeSet(CommitManager.java:193)
	at org.eclipse.persistence.internal.sessions.CommitManager.commitAllObjectsWithChangeSet(CommitManager.java:138)
	at org.eclipse.persistence.internal.sessions.AbstractSession.writeAllObjectsWithChangeSet(AbstractSession.java:4196)
	at org.eclipse.persistence.internal.sessions.UnitOfWorkImpl.commitToDatabase(UnitOfWorkImpl.java:1441)
	at org.eclipse.persistence.internal.sessions.UnitOfWorkImpl.commitToDatabaseWithChangeSet(UnitOfWorkImpl.java:1531)
	at org.eclipse.persistence.internal.sessions.RepeatableWriteUnitOfWork.commitRootUnitOfWork(RepeatableWriteUnitOfWork.java:277)
	at org.eclipse.persistence.internal.sessions.UnitOfWorkImpl.commitAndResume(UnitOfWorkImpl.java:1169)
	at org.eclipse.persistence.internal.jpa.transaction.EntityTransactionImpl.commit(EntityTransactionImpl.java:132)
	... 72 more
Caused by: com.mysql.jdbc.exceptions.jdbc4.MySQLIntegrityConstraintViolationException: Duplicate entry 'pvCTGwsPriiPBmpC85Te1eV7jLei1boTnLxCmHq00L0nWTk6Yv' for key 'aNm'
	at sun.reflect.NativeConstructorAccessorImpl.newInstance0(Native Method)
	at sun.reflect.NativeConstructorAccessorImpl.newInstance(NativeConstructorAccessorImpl.java:57)
	at sun.reflect.DelegatingConstructorAccessorImpl.newInstance(DelegatingConstructorAccessorImpl.java:45)
	at java.lang.reflect.Constructor.newInstance(Constructor.java:526)
	at com.mysql.jdbc.Util.handleNewInstance(Util.java:408)
	at com.mysql.jdbc.Util.getInstance(Util.java:383)
	at com.mysql.jdbc.SQLError.createSQLException(SQLError.java:1049)
	at com.mysql.jdbc.MysqlIO.checkErrorPacket(MysqlIO.java:4226)
	at com.mysql.jdbc.MysqlIO.checkErrorPacket(MysqlIO.java:4158)
	at com.mysql.jdbc.MysqlIO.sendCommand(MysqlIO.java:2615)
	at com.mysql.jdbc.MysqlIO.sqlQueryDirect(MysqlIO.java:2776)
	at com.mysql.jdbc.ConnectionImpl.execSQL(ConnectionImpl.java:2840)
	at com.mysql.jdbc.PreparedStatement.executeInternal(PreparedStatement.java:2082)
	at com.mysql.jdbc.PreparedStatement.executeUpdate(PreparedStatement.java:2334)
	at com.mysql.jdbc.PreparedStatement.executeUpdate(PreparedStatement.java:2262)
	at com.mysql.jdbc.PreparedStatement.executeUpdate(PreparedStatement.java:2246)
	at org.apache.commons.dbcp.DelegatingPreparedStatement.executeUpdate(DelegatingPreparedStatement.java:105)
	at org.apache.commons.dbcp.DelegatingPreparedStatement.executeUpdate(DelegatingPreparedStatement.java:105)
	at org.eclipse.persistence.internal.databaseaccess.DatabaseAccessor.executeDirectNoSelect(DatabaseAccessor.java:890)
	... 107 more
]]></system-err>
</testsuite>
