<?xml version="1.0" encoding="UTF-8"?>
<testsuite name="com.app.server.service.appbasicsetup.usermanagement.UserDetailTestCase" tests="5" skipped="0" failures="0" errors="0" timestamp="2016-09-21T06:35:25" hostname="ab5a12c16337" time="0.945">
  <properties/>
  <testcase name="test1Save" classname="com.app.server.service.appbasicsetup.usermanagement.UserDetailTestCase" time="0.448"/>
  <testcase name="test2findByuserAccessDomainId" classname="com.app.server.service.appbasicsetup.usermanagement.UserDetailTestCase" time="0.016"/>
  <testcase name="test2findByuserAccessLevelId" classname="com.app.server.service.appbasicsetup.usermanagement.UserDetailTestCase" time="0.014"/>
  <testcase name="test5NegativeTesting" classname="com.app.server.service.appbasicsetup.usermanagement.UserDetailTestCase" time="0.036"/>
  <testcase name="test6Delete" classname="com.app.server.service.appbasicsetup.usermanagement.UserDetailTestCase" time="0.43"/>
  <system-out><![CDATA[Wed Sep 21 06:35:25 UTC 2016|Log Manager Factory|Initialization Process started.....
Wed Sep 21 06:35:25 UTC 2016|Log Manager|Initialized with Path = [/home/applifire/workspace/testpro/src/main/webapp/WEB-INF/conf]
Wed Sep 21 06:35:25 UTC 2016|Alarm Manager|Initialized with Path = [/home/applifire/workspace/testpro/src/main/webapp/WEB-INF/conf]
Wed Sep 21 06:35:25 UTC 2016|Alarm Manager|Loading Alarms ......
Wed Sep 21 06:35:25 UTC 2016|Alarm XML Parser|FWA|XML Parsing Complete........ 
Wed Sep 21 06:35:25 UTC 2016|Alarm File Manager|FWA|Alarm File Status.. [ApplicationFrameworkAlarms.xml]|Version=15|Status=Done 
Wed Sep 21 06:35:25 UTC 2016|Alarm File Manager|FWA|Alarm Stats = ( BC/AL=5/786 SYS=5/11 [786/0]  TPL=0/0 [0/0]  APP= A.Map=[875]  E.Map EC/RC=[391/79] )
Wed Sep 21 06:35:25 UTC 2016|Alarm XML Parser|APP|XML Parsing Complete........ 
Wed Sep 21 06:35:25 UTC 2016|Alarm File Manager|APP|Alarm File Status.. [ApplicationAlarms.xml]|Version=1|Status=Done 
Wed Sep 21 06:35:25 UTC 2016|Alarm File Manager|APP|Alarm Stats = ( BC/AL=5/786 SYS=5/11 [786/0]  TPL=0/0 [0/0]  APP=0/0 [0/0]  A.Map=[875]  E.Map EC/RC=[391/79] )
Wed Sep 21 06:35:25 UTC 2016|ApplicationAlarmContext| <><><><><> Create App Alarms ....  <><><><><> 
Wed Sep 21 06:35:25 UTC 2016|ApplicationAlarmContext|Alarms are generated ONLY in Development Mode.. 
Wed Sep 21 06:35:25 UTC 2016|Alarm Manager|APP|Alarm Stats = ( BC/AL=5/786 SYS=5/11 [786/0]  TPL=0/0 [0/0]  APP=0/0 [0/0]  A.Map=[875]  E.Map EC/RC=[391/79] )
Wed Sep 21 06:35:25 UTC 2016|Alarm Manager|Initialized Exception Lookup...
Wed Sep 21 06:35:25 UTC 2016|Log Manager|Initialize Log Config File ......
Wed Sep 21 06:35:25 UTC 2016|Pluggable Connectors|Adding Connectors : StandardOutputConnector isEnabled=true isDefault=false isFallBack=true
Wed Sep 21 06:35:25 UTC 2016|Pluggable Connectors|Adding Connectors : StandardFileConnector isEnabled=true isDefault=false isFallBack=false
Wed Sep 21 06:35:25 UTC 2016|Pluggable Connectors|Adding Connectors : Sprinkler isEnabled=true isDefault=true isFallBack=false
Wed Sep 21 06:35:25 UTC 2016|Pluggable Connectors|Default Connector Name : com.spartan.logger.core.LogMessenger
Wed Sep 21 06:35:25 UTC 2016|Log Config Parser|Connector Least Log Level =[4]  FallBack Log Level =[3]
Wed Sep 21 06:35:25 UTC 2016|Log Manager|Loading Default Connector for Logging ......
Wed Sep 21 06:35:25 UTC 2016|Log Manager|Loading class .. com.spartan.logger.core.LogMessenger
Wed Sep 21 06:35:25 UTC 2016|Plugggable Connector|Connector class com.spartan.logger.core.LogMessenger Initialized... @ Log Level = 3
Wed Sep 21 06:35:25 UTC 2016|Log Manager|Starting the Default Connector [com.spartan.logger.core.LogMessenger@4b149268] ....
Wed Sep 21 06:35:25 UTC 2016|Scheduler|Starting the Scheduler ......
Wed Sep 21 06:35:25 UTC 2016|Scheduler|Adding [LMID=[b53b3b4c-eae5-4dab-b5a8-91035a9d6d6b]] Delay=5 Time Unit=MINUTES
Wed Sep 21 06:35:25 UTC 2016|Scheduler|Adding [App Alarm Manager File=[ApplicationAlarms.xml]] Delay=30 Time Unit=MINUTES
Wed Sep 21 06:35:25 UTC 2016|Scheduler|Adding [FW Alarm Manager File=[ApplicationFrameworkAlarms.xml]] Delay=3 Time Unit=MINUTES
Wed Sep 21 06:35:25 UTC 2016|Scheduler|Startup Completed..
Wed Sep 21 06:35:25 UTC 2016|Log Manager|Initialization Process Complete ......
Wed Sep 21 06:35:25 UTC 2016|Log Manager Factory|Log Manager READY! ID = b53b3b4c-eae5-4dab-b5a8-91035a9d6d6b
[EL Finer]: connection: 2016-09-21 06:35:25.326--ServerSession(993367760)--Thread(Thread[Test worker,5,main])--client acquired: 151881098
[EL Finer]: transaction: 2016-09-21 06:35:25.326--ClientSession(151881098)--Thread(Thread[Test worker,5,main])--acquire unit of work: 1455041450
[EL Finest]: connection: 2016-09-21 06:35:25.326--ServerSession(993367760)--Connection(1485361761)--Thread(Thread[Test worker,5,main])--Connection acquired from connection pool [default].
[EL Finer]: transaction: 2016-09-21 06:35:25.326--ClientSession(151881098)--Connection(1485361761)--Thread(Thread[Test worker,5,main])--begin transaction
[EL Finest]: connection: 2016-09-21 06:35:25.326--ClientSession(151881098)--Thread(Thread[Test worker,5,main])--reconnecting to external connection pool
[EL Finest]: transaction: 2016-09-21 06:35:25.329--UnitOfWork(1455041450)--Thread(Thread[Test worker,5,main])--persist() operation called on: 39459,Y7eymgjXIehwUBa387VGVxQXULxJn962ougKql0OlLDedfxNSS,oWmKIHO03106wNYlU5yWjSJJcdBlFJJ4oggFYYwmtH6ideYygR.
[EL Finest]: sequencing: 2016-09-21 06:35:25.33--UnitOfWork(1455041450)--Thread(Thread[Test worker,5,main])--assign sequence to the object (9D2BDE45-4C72-4BB2-9921-C127864E9DEF -> 39459,Y7eymgjXIehwUBa387VGVxQXULxJn962ougKql0OlLDedfxNSS,oWmKIHO03106wNYlU5yWjSJJcdBlFJJ4oggFYYwmtH6ideYygR)
[EL Finer]: transaction: 2016-09-21 06:35:25.33--UnitOfWork(1455041450)--Thread(Thread[Test worker,5,main])--begin unit of work commit
[EL Finest]: query: 2016-09-21 06:35:25.33--UnitOfWork(1455041450)--Thread(Thread[Test worker,5,main])--Execute query InsertObjectQuery(39459,Y7eymgjXIehwUBa387VGVxQXULxJn962ougKql0OlLDedfxNSS,oWmKIHO03106wNYlU5yWjSJJcdBlFJJ4oggFYYwmtH6ideYygR)
[EL Fine]: sql: 2016-09-21 06:35:25.334--ClientSession(151881098)--Connection(905567748)--Thread(Thread[Test worker,5,main])--INSERT INTO UserAccessDomain (userAccessDomainId, domainDescription, domainHelp, domainIcon, domainName, userAccessDomain, versionId, createdBy, createdDate, updatedBy, updatedDate, activeStatus, txnAccessCode) VALUES (?, ?, ?, ?, ?, ?, ?, ?, ?, ?, ?, ?, ?)
	bind => [9D2BDE45-4C72-4BB2-9921-C127864E9DEF, oWmKIHO03106wNYlU5yWjSJJcdBlFJJ4oggFYYwmtH6ideYygR, VkzvFY3IgUZxm4xT55t33y1m18zzYLGW0iiwpbgV6wVzZSNTiv, hizkvg1T0xEeIsTFBo8tGiS1UrbJ6bui90yUsGBweCYslGkkuG, Y7eymgjXIehwUBa387VGVxQXULxJn962ougKql0OlLDedfxNSS, 39459, 1, AAAAA, 2016-09-21 06:35:25.309, AAAAA, 2016-09-21 06:35:25.309, 1, 51000]
[EL Finer]: transaction: 2016-09-21 06:35:25.336--ClientSession(151881098)--Connection(905567748)--Thread(Thread[Test worker,5,main])--commit transaction
[EL Finest]: connection: 2016-09-21 06:35:25.396--ServerSession(993367760)--Connection(1485361761)--Thread(Thread[Test worker,5,main])--Connection released to connection pool [default].
[EL Finer]: transaction: 2016-09-21 06:35:25.397--UnitOfWork(1455041450)--Thread(Thread[Test worker,5,main])--end unit of work commit
[EL Finer]: transaction: 2016-09-21 06:35:25.397--UnitOfWork(1455041450)--Thread(Thread[Test worker,5,main])--resume unit of work
[EL Finer]: transaction: 2016-09-21 06:35:25.397--UnitOfWork(1455041450)--Thread(Thread[Test worker,5,main])--release unit of work
[EL Finer]: connection: 2016-09-21 06:35:25.397--ClientSession(151881098)--Thread(Thread[Test worker,5,main])--client released
[EL Finer]: connection: 2016-09-21 06:35:25.477--ServerSession(993367760)--Thread(Thread[Test worker,5,main])--client acquired: 1692555912
[EL Finer]: transaction: 2016-09-21 06:35:25.478--ClientSession(1692555912)--Thread(Thread[Test worker,5,main])--acquire unit of work: 1218824822
[EL Finest]: connection: 2016-09-21 06:35:25.478--ServerSession(993367760)--Connection(2089758268)--Thread(Thread[Test worker,5,main])--Connection acquired from connection pool [default].
[EL Finer]: transaction: 2016-09-21 06:35:25.478--ClientSession(1692555912)--Connection(2089758268)--Thread(Thread[Test worker,5,main])--begin transaction
[EL Finest]: connection: 2016-09-21 06:35:25.478--ClientSession(1692555912)--Thread(Thread[Test worker,5,main])--reconnecting to external connection pool
[EL Finest]: transaction: 2016-09-21 06:35:25.485--UnitOfWork(1218824822)--Thread(Thread[Test worker,5,main])--persist() operation called on: 17394,LnZj9Jx0S6P3sop1L5LQNg6Bg5WbogX5ZRM89h51LPMDUZkbmV,3UJf2HDWF6R9X3E4RVOlQHwHfS7rg3QAXTqPsqdsQRkCCncpK1.
[EL Finest]: sequencing: 2016-09-21 06:35:25.485--UnitOfWork(1218824822)--Thread(Thread[Test worker,5,main])--assign sequence to the object (D5C2A7E4-239F-4B66-8D51-C0B501018DC8 -> 17394,LnZj9Jx0S6P3sop1L5LQNg6Bg5WbogX5ZRM89h51LPMDUZkbmV,3UJf2HDWF6R9X3E4RVOlQHwHfS7rg3QAXTqPsqdsQRkCCncpK1)
[EL Finer]: transaction: 2016-09-21 06:35:25.486--UnitOfWork(1218824822)--Thread(Thread[Test worker,5,main])--begin unit of work commit
[EL Finest]: query: 2016-09-21 06:35:25.486--UnitOfWork(1218824822)--Thread(Thread[Test worker,5,main])--Execute query InsertObjectQuery(17394,LnZj9Jx0S6P3sop1L5LQNg6Bg5WbogX5ZRM89h51LPMDUZkbmV,3UJf2HDWF6R9X3E4RVOlQHwHfS7rg3QAXTqPsqdsQRkCCncpK1)
[EL Fine]: sql: 2016-09-21 06:35:25.486--ClientSession(1692555912)--Connection(527512298)--Thread(Thread[Test worker,5,main])--INSERT INTO UserAccessLevel (userAccessLevelId, levelDescription, levelHelp, levelIcon, levelName, userAccessLevel, versionId, createdBy, createdDate, updatedBy, updatedDate, activeStatus, txnAccessCode) VALUES (?, ?, ?, ?, ?, ?, ?, ?, ?, ?, ?, ?, ?)
	bind => [D5C2A7E4-239F-4B66-8D51-C0B501018DC8, 3UJf2HDWF6R9X3E4RVOlQHwHfS7rg3QAXTqPsqdsQRkCCncpK1, 42NRLt0tFPQVUVH1DR1LW9fR654ILpAiAStCn8KxKuAyfE99kS, cxEFyOGI7bemL471yk2vPfEBdacHdTKegnUr19IhQTca8A2oum, LnZj9Jx0S6P3sop1L5LQNg6Bg5WbogX5ZRM89h51LPMDUZkbmV, 17394, 1, AAAAA, 2016-09-21 06:35:25.397, AAAAA, 2016-09-21 06:35:25.397, 1, 51000]
[EL Finer]: transaction: 2016-09-21 06:35:25.488--ClientSession(1692555912)--Connection(527512298)--Thread(Thread[Test worker,5,main])--commit transaction
[EL Finest]: connection: 2016-09-21 06:35:25.545--ServerSession(993367760)--Connection(2089758268)--Thread(Thread[Test worker,5,main])--Connection released to connection pool [default].
[EL Finer]: transaction: 2016-09-21 06:35:25.545--UnitOfWork(1218824822)--Thread(Thread[Test worker,5,main])--end unit of work commit
[EL Finer]: transaction: 2016-09-21 06:35:25.545--UnitOfWork(1218824822)--Thread(Thread[Test worker,5,main])--resume unit of work
[EL Finer]: transaction: 2016-09-21 06:35:25.545--UnitOfWork(1218824822)--Thread(Thread[Test worker,5,main])--release unit of work
[EL Finer]: connection: 2016-09-21 06:35:25.545--ClientSession(1692555912)--Thread(Thread[Test worker,5,main])--client released
[EL Finer]: connection: 2016-09-21 06:35:25.612--ServerSession(993367760)--Thread(Thread[Test worker,5,main])--client acquired: 1651429999
[EL Finer]: transaction: 2016-09-21 06:35:25.612--ClientSession(1651429999)--Thread(Thread[Test worker,5,main])--acquire unit of work: 1505339365
[EL Finest]: connection: 2016-09-21 06:35:25.612--ServerSession(993367760)--Connection(733862248)--Thread(Thread[Test worker,5,main])--Connection acquired from connection pool [default].
[EL Finer]: transaction: 2016-09-21 06:35:25.612--ClientSession(1651429999)--Connection(733862248)--Thread(Thread[Test worker,5,main])--begin transaction
[EL Finest]: connection: 2016-09-21 06:35:25.612--ClientSession(1651429999)--Thread(Thread[Test worker,5,main])--reconnecting to external connection pool
[EL Finest]: transaction: 2016-09-21 06:35:25.619--UnitOfWork(1505339365)--Thread(Thread[Test worker,5,main])--persist() operation called on: 8,4kkIOrlFm2MgLmYAZVnD86qsiBIMxcuVimZcJe8hi7L3pIyxiV.
[EL Finest]: sequencing: 2016-09-21 06:35:25.619--UnitOfWork(1505339365)--Thread(Thread[Test worker,5,main])--assign sequence to the object (11508D95-95C9-4E2E-BD32-ADA35F8307B4 -> 8,4kkIOrlFm2MgLmYAZVnD86qsiBIMxcuVimZcJe8hi7L3pIyxiV)
[EL Finer]: transaction: 2016-09-21 06:35:25.619--UnitOfWork(1505339365)--Thread(Thread[Test worker,5,main])--begin unit of work commit
[EL Finest]: query: 2016-09-21 06:35:25.619--UnitOfWork(1505339365)--Thread(Thread[Test worker,5,main])--Execute query InsertObjectQuery(8,4kkIOrlFm2MgLmYAZVnD86qsiBIMxcuVimZcJe8hi7L3pIyxiV)
[EL Fine]: sql: 2016-09-21 06:35:25.62--ClientSession(1651429999)--Connection(314404051)--Thread(Thread[Test worker,5,main])--INSERT INTO Question (questionId, levelid, question, questionDetails, questionIcon, versionId, createdBy, createdDate, updatedBy, updatedDate, activeStatus, txnAccessCode) VALUES (?, ?, ?, ?, ?, ?, ?, ?, ?, ?, ?, ?)
	bind => [11508D95-95C9-4E2E-BD32-ADA35F8307B4, 8, 4kkIOrlFm2MgLmYAZVnD86qsiBIMxcuVimZcJe8hi7L3pIyxiV, aUrrhyloKDByoXCChWjokLJgUz9zB9SecJlNu9Ku7SY2PjqBFW, rllZveOrZzgK85onBNxwxVumlCmj4fMDbPVY4b6Bp12rr582UH, 1, AAAAA, 2016-09-21 06:35:25.546, AAAAA, 2016-09-21 06:35:25.546, 1, 51000]
[EL Finer]: transaction: 2016-09-21 06:35:25.621--ClientSession(1651429999)--Connection(314404051)--Thread(Thread[Test worker,5,main])--commit transaction
[EL Finest]: connection: 2016-09-21 06:35:25.678--ServerSession(993367760)--Connection(733862248)--Thread(Thread[Test worker,5,main])--Connection released to connection pool [default].
[EL Finer]: transaction: 2016-09-21 06:35:25.678--UnitOfWork(1505339365)--Thread(Thread[Test worker,5,main])--end unit of work commit
[EL Finer]: transaction: 2016-09-21 06:35:25.678--UnitOfWork(1505339365)--Thread(Thread[Test worker,5,main])--resume unit of work
[EL Finer]: transaction: 2016-09-21 06:35:25.678--UnitOfWork(1505339365)--Thread(Thread[Test worker,5,main])--release unit of work
[EL Finer]: connection: 2016-09-21 06:35:25.678--ClientSession(1651429999)--Thread(Thread[Test worker,5,main])--client released
[EL Finer]: connection: 2016-09-21 06:35:25.685--ServerSession(993367760)--Thread(Thread[Test worker,5,main])--client acquired: 733086429
[EL Finer]: transaction: 2016-09-21 06:35:25.685--ClientSession(733086429)--Thread(Thread[Test worker,5,main])--acquire unit of work: 869929364
[EL Finest]: connection: 2016-09-21 06:35:25.685--ServerSession(993367760)--Connection(834151972)--Thread(Thread[Test worker,5,main])--Connection acquired from connection pool [default].
[EL Finer]: transaction: 2016-09-21 06:35:25.685--ClientSession(733086429)--Connection(834151972)--Thread(Thread[Test worker,5,main])--begin transaction
[EL Finest]: connection: 2016-09-21 06:35:25.685--ClientSession(733086429)--Thread(Thread[Test worker,5,main])--reconnecting to external connection pool
[EL Finest]: transaction: 2016-09-21 06:35:25.686--UnitOfWork(869929364)--Thread(Thread[Test worker,5,main])--persist() operation called on: BSMP0axQC19kluEOO2qMBNrmq6kYsL2fDXeaLUBBRvsFDA2XkC.
[EL Finest]: sequencing: 2016-09-21 06:35:25.686--UnitOfWork(869929364)--Thread(Thread[Test worker,5,main])--assign sequence to the object (10D00F6E-3EB8-4EC0-95E5-0C5B894AD6F7 -> BSMP0axQC19kluEOO2qMBNrmq6kYsL2fDXeaLUBBRvsFDA2XkC)
[EL Finest]: transaction: 2016-09-21 06:35:25.686--UnitOfWork(869929364)--Thread(Thread[Test worker,5,main])--persist() operation called on: BSMP0axQC19kluEOO2qMBNrmq6kYsL2fDXeaLUBBRvsFDA2XkC.
[EL Finest]: sequencing: 2016-09-21 06:35:25.686--UnitOfWork(869929364)--Thread(Thread[Test worker,5,main])--assign sequence to the object (FB1A7754-AABE-4636-9B84-5842E1F72DA2 -> BSMP0axQC19kluEOO2qMBNrmq6kYsL2fDXeaLUBBRvsFDA2XkC)
[EL Finest]: transaction: 2016-09-21 06:35:25.687--UnitOfWork(869929364)--Thread(Thread[Test worker,5,main])--persist() operation called on: 11508D95-95C9-4E2E-BD32-ADA35F8307B4,4jfywWY2SeHkAyjr4CvaKP95IOMBZ8lctFgBtgYEVd5BvW5Cxb.
[EL Finest]: sequencing: 2016-09-21 06:35:25.687--UnitOfWork(869929364)--Thread(Thread[Test worker,5,main])--assign sequence to the object (0D5F63BB-EECB-487B-B5A4-4FE3560290AE -> 11508D95-95C9-4E2E-BD32-ADA35F8307B4,4jfywWY2SeHkAyjr4CvaKP95IOMBZ8lctFgBtgYEVd5BvW5Cxb)
[EL Finer]: transaction: 2016-09-21 06:35:25.687--UnitOfWork(869929364)--Thread(Thread[Test worker,5,main])--begin unit of work commit
[EL Finest]: query: 2016-09-21 06:35:25.687--UnitOfWork(869929364)--Thread(Thread[Test worker,5,main])--Execute query InsertObjectQuery(BSMP0axQC19kluEOO2qMBNrmq6kYsL2fDXeaLUBBRvsFDA2XkC)
[EL Finest]: query: 2016-09-21 06:35:25.688--UnitOfWork(869929364)--Thread(Thread[Test worker,5,main])--Execute query InsertObjectQuery(11508D95-95C9-4E2E-BD32-ADA35F8307B4,4jfywWY2SeHkAyjr4CvaKP95IOMBZ8lctFgBtgYEVd5BvW5Cxb)
[EL Fine]: sql: 2016-09-21 06:35:25.688--ClientSession(733086429)--Connection(264768070)--Thread(Thread[Test worker,5,main])--INSERT INTO UserDetail (userId, allowMultipleLogin, changePasswordNextLogin, genTempOneTimePassword, isDeleted, isLocked, lastPasswordChangeDate, multiFactorAuthEnabled, passwordAlgo, passwordExpiryDate, sessionTimeout, userAccessCode, userAccessDomainId, userAccessLevelId, versionId, createdBy, createdDate, updatedBy, updatedDate, activeStatus, txnAccessCode, multiTenantId) VALUES (?, ?, ?, ?, ?, ?, ?, ?, ?, ?, ?, ?, ?, ?, ?, ?, ?, ?, ?, ?, ?, ?)
	bind => [10D00F6E-3EB8-4EC0-95E5-0C5B894AD6F7, 1, 1, 1, 1, 1, 2016-09-21 05:42:37.036, 1, BSMP0axQC19kluEOO2qMBNrmq6kYsL2fDXeaLUBBRvsFDA2XkC, 2016-09-21 05:42:36.989, 1569, 10247, 9D2BDE45-4C72-4BB2-9921-C127864E9DEF, D5C2A7E4-239F-4B66-8D51-C0B501018DC8, 1, AAAAA, 2016-09-21 06:35:25.545, AAAAA, 2016-09-21 06:35:25.545, 1, 51000, appCreateValue]
[EL Finest]: query: 2016-09-21 06:35:25.689--UnitOfWork(869929364)--Thread(Thread[Test worker,5,main])--Execute query InsertObjectQuery(BSMP0axQC19kluEOO2qMBNrmq6kYsL2fDXeaLUBBRvsFDA2XkC)
[EL Fine]: sql: 2016-09-21 06:35:25.69--ClientSession(733086429)--Connection(264768070)--Thread(Thread[Test worker,5,main])--INSERT INTO PassRecovery (passRecoveryId, answer, questionId, versionId, createdBy, createdDate, updatedBy, updatedDate, activeStatus, txnAccessCode, userId, multiTenantId) VALUES (?, ?, ?, ?, ?, ?, ?, ?, ?, ?, ?, ?)
	bind => [0D5F63BB-EECB-487B-B5A4-4FE3560290AE, 4jfywWY2SeHkAyjr4CvaKP95IOMBZ8lctFgBtgYEVd5BvW5Cxb, 11508D95-95C9-4E2E-BD32-ADA35F8307B4, 1, AAAAA, 2016-09-21 06:35:25.545, AAAAA, 2016-09-21 06:35:25.545, 1, 51000, 10D00F6E-3EB8-4EC0-95E5-0C5B894AD6F7, appCreateValue]
[EL Fine]: sql: 2016-09-21 06:35:25.691--ClientSession(733086429)--Connection(264768070)--Thread(Thread[Test worker,5,main])--INSERT INTO UserData (userDataId, last5Passwords, oneTimePassword, oneTimePasswordExpiry, oneTimePasswordGenDate, password, versionId, createdBy, createdDate, updatedBy, updatedDate, activeStatus, txnAccessCode, userId, multiTenantId) VALUES (?, ?, ?, ?, ?, ?, ?, ?, ?, ?, ?, ?, ?, ?, ?)
	bind => [FB1A7754-AABE-4636-9B84-5842E1F72DA2, 4mlSThaapS0gNK0BNIvU7EgHLYCh96O5KHjtLFhcJVPy8T4Zqe, el3cOwSPfJxZ6fv5OjTkQfne58xupY6a, 4, 2016-09-21 05:42:37.224, lxqkJmEuj1lG9vn81sbfsEL4Smtbovc6A9vymdfyj5Zs3J25Ob, 1, AAAAA, 2016-09-21 06:35:25.678, AAAAA, 2016-09-21 06:35:25.678, 1, 51000, 10D00F6E-3EB8-4EC0-95E5-0C5B894AD6F7, appCreateValue]
[EL Finer]: transaction: 2016-09-21 06:35:25.692--ClientSession(733086429)--Connection(264768070)--Thread(Thread[Test worker,5,main])--commit transaction
[EL Finest]: connection: 2016-09-21 06:35:25.727--ServerSession(993367760)--Connection(834151972)--Thread(Thread[Test worker,5,main])--Connection released to connection pool [default].
[EL Finer]: transaction: 2016-09-21 06:35:25.727--UnitOfWork(869929364)--Thread(Thread[Test worker,5,main])--end unit of work commit
[EL Finer]: transaction: 2016-09-21 06:35:25.727--UnitOfWork(869929364)--Thread(Thread[Test worker,5,main])--resume unit of work
[EL Finer]: transaction: 2016-09-21 06:35:25.728--UnitOfWork(869929364)--Thread(Thread[Test worker,5,main])--release unit of work
[EL Finer]: connection: 2016-09-21 06:35:25.728--ClientSession(733086429)--Thread(Thread[Test worker,5,main])--client released
[EL Finer]: connection: 2016-09-21 06:35:25.735--ServerSession(993367760)--Thread(Thread[Test worker,5,main])--client acquired: 1863968251
[EL Finer]: transaction: 2016-09-21 06:35:25.735--ClientSession(1863968251)--Thread(Thread[Test worker,5,main])--acquire unit of work: 222952121
[EL Finest]: connection: 2016-09-21 06:35:25.735--ServerSession(993367760)--Connection(1944817279)--Thread(Thread[Test worker,5,main])--Connection acquired from connection pool [default].
[EL Finer]: transaction: 2016-09-21 06:35:25.735--ClientSession(1863968251)--Connection(1944817279)--Thread(Thread[Test worker,5,main])--begin transaction
[EL Finest]: connection: 2016-09-21 06:35:25.735--ClientSession(1863968251)--Thread(Thread[Test worker,5,main])--reconnecting to external connection pool
[EL Finer]: transaction: 2016-09-21 06:35:25.736--UnitOfWork(222952121)--Thread(Thread[Test worker,5,main])--begin unit of work flush
[EL Finer]: transaction: 2016-09-21 06:35:25.736--UnitOfWork(222952121)--Thread(Thread[Test worker,5,main])--end unit of work flush
[EL Finest]: query: 2016-09-21 06:35:25.736--UnitOfWork(222952121)--Thread(Thread[Test worker,5,main])--Execute query ReadAllQuery(name="UserDetail.findByUserAccessDomainId" referenceClass=UserDetail sql="SELECT userId, multiTenantId, allowMultipleLogin, changePasswordNextLogin, genTempOneTimePassword, isDeleted, isLocked, lastPasswordChangeDate, multiFactorAuthEnabled, passwordAlgo, passwordExpiryDate, sessionTimeout, userAccessCode, userAccessDomainId, userAccessLevelId, versionId, createdBy, createdDate, updatedBy, updatedDate, activeStatus, txnAccessCode FROM UserDetail WHERE (((activeStatus = ?) AND (userAccessDomainId = ?)) AND (multiTenantId = ?))")
[EL Fine]: sql: 2016-09-21 06:35:25.737--ClientSession(1863968251)--Connection(1477178401)--Thread(Thread[Test worker,5,main])--SELECT userId, multiTenantId, allowMultipleLogin, changePasswordNextLogin, genTempOneTimePassword, isDeleted, isLocked, lastPasswordChangeDate, multiFactorAuthEnabled, passwordAlgo, passwordExpiryDate, sessionTimeout, userAccessCode, userAccessDomainId, userAccessLevelId, versionId, createdBy, createdDate, updatedBy, updatedDate, activeStatus, txnAccessCode FROM UserDetail WHERE (((activeStatus = ?) AND (userAccessDomainId = ?)) AND (multiTenantId = ?))
	bind => [1, 9D2BDE45-4C72-4BB2-9921-C127864E9DEF, appCreateValue]
[EL Finest]: query: 2016-09-21 06:35:25.739--UnitOfWork(222952121)--Thread(Thread[Test worker,5,main])--Execute query ReadObjectQuery(name="userData" referenceClass=UserData sql="SELECT userDataId, multiTenantId, last5Passwords, oneTimePassword, oneTimePasswordExpiry, oneTimePasswordGenDate, password, versionId, createdBy, createdDate, updatedBy, updatedDate, activeStatus, txnAccessCode, userId FROM UserData WHERE ((userId = ?) AND (multiTenantId = ?))")
[EL Fine]: sql: 2016-09-21 06:35:25.739--ClientSession(1863968251)--Connection(1477178401)--Thread(Thread[Test worker,5,main])--SELECT userDataId, multiTenantId, last5Passwords, oneTimePassword, oneTimePasswordExpiry, oneTimePasswordGenDate, password, versionId, createdBy, createdDate, updatedBy, updatedDate, activeStatus, txnAccessCode, userId FROM UserData WHERE ((userId = ?) AND (multiTenantId = ?))
	bind => [10D00F6E-3EB8-4EC0-95E5-0C5B894AD6F7, appCreateValue]
[EL Finest]: query: 2016-09-21 06:35:25.741--UnitOfWork(222952121)--Thread(Thread[Test worker,5,main])--Execute query ReadObjectQuery(name="userDetail" referenceClass=UserDetail )
[EL Finer]: transaction: 2016-09-21 06:35:25.742--UnitOfWork(222952121)--Thread(Thread[Test worker,5,main])--begin unit of work commit
[EL Finer]: transaction: 2016-09-21 06:35:25.742--ClientSession(1863968251)--Connection(1477178401)--Thread(Thread[Test worker,5,main])--commit transaction
[EL Finest]: connection: 2016-09-21 06:35:25.743--ServerSession(993367760)--Connection(1944817279)--Thread(Thread[Test worker,5,main])--Connection released to connection pool [default].
[EL Finer]: transaction: 2016-09-21 06:35:25.743--UnitOfWork(222952121)--Thread(Thread[Test worker,5,main])--end unit of work commit
[EL Finer]: transaction: 2016-09-21 06:35:25.743--UnitOfWork(222952121)--Thread(Thread[Test worker,5,main])--resume unit of work
[EL Finer]: transaction: 2016-09-21 06:35:25.743--UnitOfWork(222952121)--Thread(Thread[Test worker,5,main])--release unit of work
[EL Finer]: connection: 2016-09-21 06:35:25.743--ClientSession(1863968251)--Thread(Thread[Test worker,5,main])--client released
[EL Finer]: connection: 2016-09-21 06:35:25.75--ServerSession(993367760)--Thread(Thread[Test worker,5,main])--client acquired: 210286488
[EL Finer]: transaction: 2016-09-21 06:35:25.75--ClientSession(210286488)--Thread(Thread[Test worker,5,main])--acquire unit of work: 1674404501
[EL Finest]: connection: 2016-09-21 06:35:25.75--ServerSession(993367760)--Connection(1090738019)--Thread(Thread[Test worker,5,main])--Connection acquired from connection pool [default].
[EL Finer]: transaction: 2016-09-21 06:35:25.75--ClientSession(210286488)--Connection(1090738019)--Thread(Thread[Test worker,5,main])--begin transaction
[EL Finest]: connection: 2016-09-21 06:35:25.751--ClientSession(210286488)--Thread(Thread[Test worker,5,main])--reconnecting to external connection pool
[EL Finer]: transaction: 2016-09-21 06:35:25.752--UnitOfWork(1674404501)--Thread(Thread[Test worker,5,main])--begin unit of work flush
[EL Finer]: transaction: 2016-09-21 06:35:25.752--UnitOfWork(1674404501)--Thread(Thread[Test worker,5,main])--end unit of work flush
[EL Finest]: query: 2016-09-21 06:35:25.752--UnitOfWork(1674404501)--Thread(Thread[Test worker,5,main])--Execute query ReadAllQuery(name="UserDetail.findByUserAccessLevelId" referenceClass=UserDetail sql="SELECT userId, multiTenantId, allowMultipleLogin, changePasswordNextLogin, genTempOneTimePassword, isDeleted, isLocked, lastPasswordChangeDate, multiFactorAuthEnabled, passwordAlgo, passwordExpiryDate, sessionTimeout, userAccessCode, userAccessDomainId, userAccessLevelId, versionId, createdBy, createdDate, updatedBy, updatedDate, activeStatus, txnAccessCode FROM UserDetail WHERE (((activeStatus = ?) AND (userAccessLevelId = ?)) AND (multiTenantId = ?))")
[EL Fine]: sql: 2016-09-21 06:35:25.752--ClientSession(210286488)--Connection(1022741083)--Thread(Thread[Test worker,5,main])--SELECT userId, multiTenantId, allowMultipleLogin, changePasswordNextLogin, genTempOneTimePassword, isDeleted, isLocked, lastPasswordChangeDate, multiFactorAuthEnabled, passwordAlgo, passwordExpiryDate, sessionTimeout, userAccessCode, userAccessDomainId, userAccessLevelId, versionId, createdBy, createdDate, updatedBy, updatedDate, activeStatus, txnAccessCode FROM UserDetail WHERE (((activeStatus = ?) AND (userAccessLevelId = ?)) AND (multiTenantId = ?))
	bind => [1, D5C2A7E4-239F-4B66-8D51-C0B501018DC8, appCreateValue]
[EL Finest]: query: 2016-09-21 06:35:25.754--UnitOfWork(1674404501)--Thread(Thread[Test worker,5,main])--Execute query ReadObjectQuery(name="userData" referenceClass=UserData sql="SELECT userDataId, multiTenantId, last5Passwords, oneTimePassword, oneTimePasswordExpiry, oneTimePasswordGenDate, password, versionId, createdBy, createdDate, updatedBy, updatedDate, activeStatus, txnAccessCode, userId FROM UserData WHERE ((userId = ?) AND (multiTenantId = ?))")
[EL Fine]: sql: 2016-09-21 06:35:25.755--ClientSession(210286488)--Connection(1022741083)--Thread(Thread[Test worker,5,main])--SELECT userDataId, multiTenantId, last5Passwords, oneTimePassword, oneTimePasswordExpiry, oneTimePasswordGenDate, password, versionId, createdBy, createdDate, updatedBy, updatedDate, activeStatus, txnAccessCode, userId FROM UserData WHERE ((userId = ?) AND (multiTenantId = ?))
	bind => [10D00F6E-3EB8-4EC0-95E5-0C5B894AD6F7, appCreateValue]
[EL Finest]: query: 2016-09-21 06:35:25.756--UnitOfWork(1674404501)--Thread(Thread[Test worker,5,main])--Execute query ReadObjectQuery(name="userDetail" referenceClass=UserDetail )
[EL Finer]: transaction: 2016-09-21 06:35:25.757--UnitOfWork(1674404501)--Thread(Thread[Test worker,5,main])--begin unit of work commit
[EL Finer]: transaction: 2016-09-21 06:35:25.757--ClientSession(210286488)--Connection(1022741083)--Thread(Thread[Test worker,5,main])--commit transaction
[EL Finest]: connection: 2016-09-21 06:35:25.758--ServerSession(993367760)--Connection(1090738019)--Thread(Thread[Test worker,5,main])--Connection released to connection pool [default].
[EL Finer]: transaction: 2016-09-21 06:35:25.758--UnitOfWork(1674404501)--Thread(Thread[Test worker,5,main])--end unit of work commit
[EL Finer]: transaction: 2016-09-21 06:35:25.758--UnitOfWork(1674404501)--Thread(Thread[Test worker,5,main])--resume unit of work
[EL Finer]: transaction: 2016-09-21 06:35:25.758--UnitOfWork(1674404501)--Thread(Thread[Test worker,5,main])--release unit of work
[EL Finer]: connection: 2016-09-21 06:35:25.758--ClientSession(210286488)--Thread(Thread[Test worker,5,main])--client released
[EL Finer]: connection: 2016-09-21 06:35:25.803--ServerSession(993367760)--Thread(Thread[Test worker,5,main])--client acquired: 225152166
[EL Finer]: transaction: 2016-09-21 06:35:25.803--ClientSession(225152166)--Thread(Thread[Test worker,5,main])--acquire unit of work: 266267948
[EL Finest]: connection: 2016-09-21 06:35:25.803--ServerSession(993367760)--Connection(1956965335)--Thread(Thread[Test worker,5,main])--Connection acquired from connection pool [default].
[EL Finer]: transaction: 2016-09-21 06:35:25.803--ClientSession(225152166)--Connection(1956965335)--Thread(Thread[Test worker,5,main])--begin transaction
[EL Finest]: connection: 2016-09-21 06:35:25.803--ClientSession(225152166)--Thread(Thread[Test worker,5,main])--reconnecting to external connection pool
[EL Finest]: query: 2016-09-21 06:35:25.805--UnitOfWork(266267948)--Thread(Thread[Test worker,5,main])--Execute query ReadObjectQuery(name="readUserDetail" referenceClass=UserDetail sql="SELECT userId, multiTenantId, allowMultipleLogin, changePasswordNextLogin, genTempOneTimePassword, isDeleted, isLocked, lastPasswordChangeDate, multiFactorAuthEnabled, passwordAlgo, passwordExpiryDate, sessionTimeout, userAccessCode, userAccessDomainId, userAccessLevelId, versionId, createdBy, createdDate, updatedBy, updatedDate, activeStatus, txnAccessCode FROM UserDetail WHERE ((userId = ?) AND (multiTenantId = ?))")
[EL Fine]: sql: 2016-09-21 06:35:25.805--ClientSession(225152166)--Connection(141497584)--Thread(Thread[Test worker,5,main])--SELECT userId, multiTenantId, allowMultipleLogin, changePasswordNextLogin, genTempOneTimePassword, isDeleted, isLocked, lastPasswordChangeDate, multiFactorAuthEnabled, passwordAlgo, passwordExpiryDate, sessionTimeout, userAccessCode, userAccessDomainId, userAccessLevelId, versionId, createdBy, createdDate, updatedBy, updatedDate, activeStatus, txnAccessCode FROM UserDetail WHERE ((userId = ?) AND (multiTenantId = ?))
	bind => [10D00F6E-3EB8-4EC0-95E5-0C5B894AD6F7, appCreateValue]
[EL Finest]: query: 2016-09-21 06:35:25.806--UnitOfWork(266267948)--Thread(Thread[Test worker,5,main])--Execute query ReadObjectQuery(name="userData" referenceClass=UserData sql="SELECT userDataId, multiTenantId, last5Passwords, oneTimePassword, oneTimePasswordExpiry, oneTimePasswordGenDate, password, versionId, createdBy, createdDate, updatedBy, updatedDate, activeStatus, txnAccessCode, userId FROM UserData WHERE ((userId = ?) AND (multiTenantId = ?))")
[EL Fine]: sql: 2016-09-21 06:35:25.806--ClientSession(225152166)--Connection(141497584)--Thread(Thread[Test worker,5,main])--SELECT userDataId, multiTenantId, last5Passwords, oneTimePassword, oneTimePasswordExpiry, oneTimePasswordGenDate, password, versionId, createdBy, createdDate, updatedBy, updatedDate, activeStatus, txnAccessCode, userId FROM UserData WHERE ((userId = ?) AND (multiTenantId = ?))
	bind => [10D00F6E-3EB8-4EC0-95E5-0C5B894AD6F7, appCreateValue]
[EL Finest]: query: 2016-09-21 06:35:25.807--UnitOfWork(266267948)--Thread(Thread[Test worker,5,main])--Execute query ReadObjectQuery(name="userDetail" referenceClass=UserDetail )
[EL Finest]: transaction: 2016-09-21 06:35:25.808--UnitOfWork(266267948)--Thread(Thread[Test worker,5,main])--remove() operation called on: BSMP0axQC19kluEOO2qMBNrmq6kYsL2fDXeaLUBBRvsFDA2XkC
[EL Finest]: transaction: 2016-09-21 06:35:25.808--UnitOfWork(266267948)--Thread(Thread[Test worker,5,main])--remove() operation called on: BSMP0axQC19kluEOO2qMBNrmq6kYsL2fDXeaLUBBRvsFDA2XkC
[EL Finest]: query: 2016-09-21 06:35:25.808--UnitOfWork(266267948)--Thread(Thread[Test worker,5,main])--Execute query ReadAllQuery(name="passRecovery" referenceClass=PassRecovery )
[EL Fine]: sql: 2016-09-21 06:35:25.808--ClientSession(225152166)--Connection(141497584)--Thread(Thread[Test worker,5,main])--SELECT passRecoveryId, multiTenantId, answer, questionId, versionId, createdBy, createdDate, updatedBy, updatedDate, activeStatus, txnAccessCode, userId FROM PassRecovery WHERE ((userId = ?) AND (multiTenantId = ?))
	bind => [10D00F6E-3EB8-4EC0-95E5-0C5B894AD6F7, appCreateValue]
[EL Finest]: query: 2016-09-21 06:35:25.809--UnitOfWork(266267948)--Thread(Thread[Test worker,5,main])--Execute query ReadObjectQuery(name="userDetail" referenceClass=UserDetail )
[EL Finest]: transaction: 2016-09-21 06:35:25.81--UnitOfWork(266267948)--Thread(Thread[Test worker,5,main])--remove() operation called on: 11508D95-95C9-4E2E-BD32-ADA35F8307B4,4jfywWY2SeHkAyjr4CvaKP95IOMBZ8lctFgBtgYEVd5BvW5Cxb
[EL Finer]: transaction: 2016-09-21 06:35:25.81--UnitOfWork(266267948)--Thread(Thread[Test worker,5,main])--begin unit of work commit
[EL Finest]: query: 2016-09-21 06:35:25.81--UnitOfWork(266267948)--Thread(Thread[Test worker,5,main])--Execute query DoesExistQuery(referenceClass=UserData )
[EL Finest]: query: 2016-09-21 06:35:25.81--UnitOfWork(266267948)--Thread(Thread[Test worker,5,main])--Execute query DoesExistQuery(referenceClass=UserDetail )
[EL Finest]: query: 2016-09-21 06:35:25.81--UnitOfWork(266267948)--Thread(Thread[Test worker,5,main])--Execute query DoesExistQuery(referenceClass=PassRecovery )
[EL Finest]: query: 2016-09-21 06:35:25.811--UnitOfWork(266267948)--Thread(Thread[Test worker,5,main])--Execute query DeleteObjectQuery(BSMP0axQC19kluEOO2qMBNrmq6kYsL2fDXeaLUBBRvsFDA2XkC)
[EL Finest]: query: 2016-09-21 06:35:25.811--UnitOfWork(266267948)--Thread(Thread[Test worker,5,main])--Execute query DeleteObjectQuery(11508D95-95C9-4E2E-BD32-ADA35F8307B4,4jfywWY2SeHkAyjr4CvaKP95IOMBZ8lctFgBtgYEVd5BvW5Cxb)
[EL Fine]: sql: 2016-09-21 06:35:25.811--ClientSession(225152166)--Connection(141497584)--Thread(Thread[Test worker,5,main])--DELETE FROM UserData WHERE ((userDataId = ?) AND (versionId = ?))
	bind => [FB1A7754-AABE-4636-9B84-5842E1F72DA2, 1]
[EL Finest]: query: 2016-09-21 06:35:25.813--UnitOfWork(266267948)--Thread(Thread[Test worker,5,main])--Execute query DeleteObjectQuery(BSMP0axQC19kluEOO2qMBNrmq6kYsL2fDXeaLUBBRvsFDA2XkC)
[EL Fine]: sql: 2016-09-21 06:35:25.813--ClientSession(225152166)--Connection(141497584)--Thread(Thread[Test worker,5,main])--DELETE FROM PassRecovery WHERE ((passRecoveryId = ?) AND (versionId = ?))
	bind => [0D5F63BB-EECB-487B-B5A4-4FE3560290AE, 1]
[EL Fine]: sql: 2016-09-21 06:35:25.814--ClientSession(225152166)--Connection(141497584)--Thread(Thread[Test worker,5,main])--DELETE FROM UserDetail WHERE ((userId = ?) AND (versionId = ?))
	bind => [10D00F6E-3EB8-4EC0-95E5-0C5B894AD6F7, 1]
[EL Finer]: transaction: 2016-09-21 06:35:25.87--ClientSession(225152166)--Connection(141497584)--Thread(Thread[Test worker,5,main])--commit transaction
[EL Finest]: connection: 2016-09-21 06:35:25.92--ServerSession(993367760)--Connection(1956965335)--Thread(Thread[Test worker,5,main])--Connection released to connection pool [default].
[EL Finer]: transaction: 2016-09-21 06:35:25.92--UnitOfWork(266267948)--Thread(Thread[Test worker,5,main])--end unit of work commit
[EL Finer]: transaction: 2016-09-21 06:35:25.92--UnitOfWork(266267948)--Thread(Thread[Test worker,5,main])--resume unit of work
[EL Finer]: transaction: 2016-09-21 06:35:25.921--UnitOfWork(266267948)--Thread(Thread[Test worker,5,main])--release unit of work
[EL Finer]: connection: 2016-09-21 06:35:25.921--ClientSession(225152166)--Thread(Thread[Test worker,5,main])--client released
[EL Finer]: connection: 2016-09-21 06:35:25.948--ServerSession(993367760)--Thread(Thread[Test worker,5,main])--client acquired: 1060950561
[EL Finer]: transaction: 2016-09-21 06:35:25.948--ClientSession(1060950561)--Thread(Thread[Test worker,5,main])--acquire unit of work: 839357686
[EL Finest]: connection: 2016-09-21 06:35:25.948--ServerSession(993367760)--Connection(264551459)--Thread(Thread[Test worker,5,main])--Connection acquired from connection pool [default].
[EL Finer]: transaction: 2016-09-21 06:35:25.949--ClientSession(1060950561)--Connection(264551459)--Thread(Thread[Test worker,5,main])--begin transaction
[EL Finest]: connection: 2016-09-21 06:35:25.949--ClientSession(1060950561)--Thread(Thread[Test worker,5,main])--reconnecting to external connection pool
[EL Finest]: query: 2016-09-21 06:35:25.95--UnitOfWork(839357686)--Thread(Thread[Test worker,5,main])--Execute query ReadObjectQuery(name="readQuestion" referenceClass=Question sql="SELECT questionId, levelid, question, questionDetails, questionIcon, versionId, createdBy, createdDate, updatedBy, updatedDate, activeStatus, txnAccessCode FROM Question WHERE (questionId = ?)")
[EL Fine]: sql: 2016-09-21 06:35:25.951--ClientSession(1060950561)--Connection(1841762209)--Thread(Thread[Test worker,5,main])--SELECT questionId, levelid, question, questionDetails, questionIcon, versionId, createdBy, createdDate, updatedBy, updatedDate, activeStatus, txnAccessCode FROM Question WHERE (questionId = ?)
	bind => [11508D95-95C9-4E2E-BD32-ADA35F8307B4]
[EL Finest]: transaction: 2016-09-21 06:35:25.953--UnitOfWork(839357686)--Thread(Thread[Test worker,5,main])--remove() operation called on: 8,4kkIOrlFm2MgLmYAZVnD86qsiBIMxcuVimZcJe8hi7L3pIyxiV
[EL Finer]: transaction: 2016-09-21 06:35:25.953--UnitOfWork(839357686)--Thread(Thread[Test worker,5,main])--begin unit of work commit
[EL Finest]: query: 2016-09-21 06:35:25.954--UnitOfWork(839357686)--Thread(Thread[Test worker,5,main])--Execute query DoesExistQuery(referenceClass=Question )
[EL Finest]: query: 2016-09-21 06:35:25.954--UnitOfWork(839357686)--Thread(Thread[Test worker,5,main])--Execute query DeleteObjectQuery(8,4kkIOrlFm2MgLmYAZVnD86qsiBIMxcuVimZcJe8hi7L3pIyxiV)
[EL Fine]: sql: 2016-09-21 06:35:25.954--ClientSession(1060950561)--Connection(1841762209)--Thread(Thread[Test worker,5,main])--DELETE FROM Question WHERE ((questionId = ?) AND (versionId = ?))
	bind => [11508D95-95C9-4E2E-BD32-ADA35F8307B4, 1]
[EL Finer]: transaction: 2016-09-21 06:35:26.018--ClientSession(1060950561)--Connection(1841762209)--Thread(Thread[Test worker,5,main])--commit transaction
[EL Finest]: connection: 2016-09-21 06:35:26.043--ServerSession(993367760)--Connection(264551459)--Thread(Thread[Test worker,5,main])--Connection released to connection pool [default].
[EL Finer]: transaction: 2016-09-21 06:35:26.043--UnitOfWork(839357686)--Thread(Thread[Test worker,5,main])--end unit of work commit
[EL Finer]: transaction: 2016-09-21 06:35:26.043--UnitOfWork(839357686)--Thread(Thread[Test worker,5,main])--resume unit of work
[EL Finer]: transaction: 2016-09-21 06:35:26.043--UnitOfWork(839357686)--Thread(Thread[Test worker,5,main])--release unit of work
[EL Finer]: connection: 2016-09-21 06:35:26.043--ClientSession(1060950561)--Thread(Thread[Test worker,5,main])--client released
[EL Finer]: connection: 2016-09-21 06:35:26.072--ServerSession(993367760)--Thread(Thread[Test worker,5,main])--client acquired: 843475674
[EL Finer]: transaction: 2016-09-21 06:35:26.072--ClientSession(843475674)--Thread(Thread[Test worker,5,main])--acquire unit of work: 756099071
[EL Finest]: connection: 2016-09-21 06:35:26.072--ServerSession(993367760)--Connection(1096346998)--Thread(Thread[Test worker,5,main])--Connection acquired from connection pool [default].
[EL Finer]: transaction: 2016-09-21 06:35:26.072--ClientSession(843475674)--Connection(1096346998)--Thread(Thread[Test worker,5,main])--begin transaction
[EL Finest]: connection: 2016-09-21 06:35:26.072--ClientSession(843475674)--Thread(Thread[Test worker,5,main])--reconnecting to external connection pool
[EL Finest]: query: 2016-09-21 06:35:26.074--UnitOfWork(756099071)--Thread(Thread[Test worker,5,main])--Execute query ReadObjectQuery(name="readUserAccessLevel" referenceClass=UserAccessLevel sql="SELECT userAccessLevelId, levelDescription, levelHelp, levelIcon, levelName, userAccessLevel, versionId, createdBy, createdDate, updatedBy, updatedDate, activeStatus, txnAccessCode FROM UserAccessLevel WHERE (userAccessLevelId = ?)")
[EL Fine]: sql: 2016-09-21 06:35:26.074--ClientSession(843475674)--Connection(1629540631)--Thread(Thread[Test worker,5,main])--SELECT userAccessLevelId, levelDescription, levelHelp, levelIcon, levelName, userAccessLevel, versionId, createdBy, createdDate, updatedBy, updatedDate, activeStatus, txnAccessCode FROM UserAccessLevel WHERE (userAccessLevelId = ?)
	bind => [D5C2A7E4-239F-4B66-8D51-C0B501018DC8]
[EL Finest]: transaction: 2016-09-21 06:35:26.076--UnitOfWork(756099071)--Thread(Thread[Test worker,5,main])--remove() operation called on: 17394,LnZj9Jx0S6P3sop1L5LQNg6Bg5WbogX5ZRM89h51LPMDUZkbmV,3UJf2HDWF6R9X3E4RVOlQHwHfS7rg3QAXTqPsqdsQRkCCncpK1
[EL Finer]: transaction: 2016-09-21 06:35:26.077--UnitOfWork(756099071)--Thread(Thread[Test worker,5,main])--begin unit of work commit
[EL Finest]: query: 2016-09-21 06:35:26.077--UnitOfWork(756099071)--Thread(Thread[Test worker,5,main])--Execute query DoesExistQuery(referenceClass=UserAccessLevel )
[EL Finest]: query: 2016-09-21 06:35:26.078--UnitOfWork(756099071)--Thread(Thread[Test worker,5,main])--Execute query DeleteObjectQuery(17394,LnZj9Jx0S6P3sop1L5LQNg6Bg5WbogX5ZRM89h51LPMDUZkbmV,3UJf2HDWF6R9X3E4RVOlQHwHfS7rg3QAXTqPsqdsQRkCCncpK1)
[EL Fine]: sql: 2016-09-21 06:35:26.078--ClientSession(843475674)--Connection(1629540631)--Thread(Thread[Test worker,5,main])--DELETE FROM UserAccessLevel WHERE ((userAccessLevelId = ?) AND (versionId = ?))
	bind => [D5C2A7E4-239F-4B66-8D51-C0B501018DC8, 1]
[EL Finer]: transaction: 2016-09-21 06:35:26.08--ClientSession(843475674)--Connection(1629540631)--Thread(Thread[Test worker,5,main])--commit transaction
[EL Finest]: connection: 2016-09-21 06:35:26.151--ServerSession(993367760)--Connection(1096346998)--Thread(Thread[Test worker,5,main])--Connection released to connection pool [default].
[EL Finer]: transaction: 2016-09-21 06:35:26.151--UnitOfWork(756099071)--Thread(Thread[Test worker,5,main])--end unit of work commit
[EL Finer]: transaction: 2016-09-21 06:35:26.151--UnitOfWork(756099071)--Thread(Thread[Test worker,5,main])--resume unit of work
[EL Finer]: transaction: 2016-09-21 06:35:26.151--UnitOfWork(756099071)--Thread(Thread[Test worker,5,main])--release unit of work
[EL Finer]: connection: 2016-09-21 06:35:26.151--ClientSession(843475674)--Thread(Thread[Test worker,5,main])--client released
[EL Finer]: connection: 2016-09-21 06:35:26.181--ServerSession(993367760)--Thread(Thread[Test worker,5,main])--client acquired: 464003970
[EL Finer]: transaction: 2016-09-21 06:35:26.182--ClientSession(464003970)--Thread(Thread[Test worker,5,main])--acquire unit of work: 1001601533
[EL Finest]: connection: 2016-09-21 06:35:26.182--ServerSession(993367760)--Connection(1940139945)--Thread(Thread[Test worker,5,main])--Connection acquired from connection pool [default].
[EL Finer]: transaction: 2016-09-21 06:35:26.182--ClientSession(464003970)--Connection(1940139945)--Thread(Thread[Test worker,5,main])--begin transaction
[EL Finest]: connection: 2016-09-21 06:35:26.182--ClientSession(464003970)--Thread(Thread[Test worker,5,main])--reconnecting to external connection pool
[EL Finest]: query: 2016-09-21 06:35:26.183--UnitOfWork(1001601533)--Thread(Thread[Test worker,5,main])--Execute query ReadObjectQuery(name="readUserAccessDomain" referenceClass=UserAccessDomain sql="SELECT userAccessDomainId, domainDescription, domainHelp, domainIcon, domainName, userAccessDomain, versionId, createdBy, createdDate, updatedBy, updatedDate, activeStatus, txnAccessCode FROM UserAccessDomain WHERE (userAccessDomainId = ?)")
[EL Fine]: sql: 2016-09-21 06:35:26.184--ClientSession(464003970)--Connection(114899406)--Thread(Thread[Test worker,5,main])--SELECT userAccessDomainId, domainDescription, domainHelp, domainIcon, domainName, userAccessDomain, versionId, createdBy, createdDate, updatedBy, updatedDate, activeStatus, txnAccessCode FROM UserAccessDomain WHERE (userAccessDomainId = ?)
	bind => [9D2BDE45-4C72-4BB2-9921-C127864E9DEF]
[EL Finest]: transaction: 2016-09-21 06:35:26.185--UnitOfWork(1001601533)--Thread(Thread[Test worker,5,main])--remove() operation called on: 39459,Y7eymgjXIehwUBa387VGVxQXULxJn962ougKql0OlLDedfxNSS,oWmKIHO03106wNYlU5yWjSJJcdBlFJJ4oggFYYwmtH6ideYygR
[EL Finer]: transaction: 2016-09-21 06:35:26.186--UnitOfWork(1001601533)--Thread(Thread[Test worker,5,main])--begin unit of work commit
[EL Finest]: query: 2016-09-21 06:35:26.186--UnitOfWork(1001601533)--Thread(Thread[Test worker,5,main])--Execute query DoesExistQuery(referenceClass=UserAccessDomain )
[EL Finest]: query: 2016-09-21 06:35:26.187--UnitOfWork(1001601533)--Thread(Thread[Test worker,5,main])--Execute query DeleteObjectQuery(39459,Y7eymgjXIehwUBa387VGVxQXULxJn962ougKql0OlLDedfxNSS,oWmKIHO03106wNYlU5yWjSJJcdBlFJJ4oggFYYwmtH6ideYygR)
[EL Fine]: sql: 2016-09-21 06:35:26.187--ClientSession(464003970)--Connection(114899406)--Thread(Thread[Test worker,5,main])--DELETE FROM UserAccessDomain WHERE ((userAccessDomainId = ?) AND (versionId = ?))
	bind => [9D2BDE45-4C72-4BB2-9921-C127864E9DEF, 1]
[EL Finer]: transaction: 2016-09-21 06:35:26.188--ClientSession(464003970)--Connection(114899406)--Thread(Thread[Test worker,5,main])--commit transaction
[EL Finest]: connection: 2016-09-21 06:35:26.224--ServerSession(993367760)--Connection(1940139945)--Thread(Thread[Test worker,5,main])--Connection released to connection pool [default].
[EL Finer]: transaction: 2016-09-21 06:35:26.224--UnitOfWork(1001601533)--Thread(Thread[Test worker,5,main])--end unit of work commit
[EL Finer]: transaction: 2016-09-21 06:35:26.224--UnitOfWork(1001601533)--Thread(Thread[Test worker,5,main])--resume unit of work
[EL Finer]: transaction: 2016-09-21 06:35:26.224--UnitOfWork(1001601533)--Thread(Thread[Test worker,5,main])--release unit of work
[EL Finer]: connection: 2016-09-21 06:35:26.224--ClientSession(464003970)--Thread(Thread[Test worker,5,main])--client released
]]></system-out>
  <system-err><![CDATA[UserDetail.userAccessCode must be less than or equal to 60000
java.lang.SecurityException: UserDetail.userAccessCode must be less than or equal to 60000
	at com.athena.server.pluggable.utils.helper.EntityValidatorHelper.validateEntity(EntityValidatorHelper.java:37)
	at com.app.shared.appbasicsetup.usermanagement.UserDetail.isValid(UserDetail.java:414)
	at com.app.server.service.appbasicsetup.usermanagement.UserDetailTestCase.validateUserDetail(UserDetailTestCase.java:286)
	at com.app.server.service.appbasicsetup.usermanagement.UserDetailTestCase.test5NegativeTesting(UserDetailTestCase.java:325)
	at sun.reflect.NativeMethodAccessorImpl.invoke0(Native Method)
	at sun.reflect.NativeMethodAccessorImpl.invoke(NativeMethodAccessorImpl.java:57)
	at sun.reflect.DelegatingMethodAccessorImpl.invoke(DelegatingMethodAccessorImpl.java:43)
	at java.lang.reflect.Method.invoke(Method.java:606)
	at org.junit.runners.model.FrameworkMethod$1.runReflectiveCall(FrameworkMethod.java:47)
	at org.junit.internal.runners.model.ReflectiveCallable.run(ReflectiveCallable.java:12)
	at org.junit.runners.model.FrameworkMethod.invokeExplosively(FrameworkMethod.java:44)
	at org.junit.internal.runners.statements.InvokeMethod.evaluate(InvokeMethod.java:17)
	at org.junit.internal.runners.statements.RunBefores.evaluate(RunBefores.java:26)
	at org.springframework.test.context.junit4.statements.RunBeforeTestMethodCallbacks.evaluate(RunBeforeTestMethodCallbacks.java:74)
	at org.junit.internal.runners.statements.RunAfters.evaluate(RunAfters.java:27)
	at org.springframework.test.context.junit4.statements.RunAfterTestMethodCallbacks.evaluate(RunAfterTestMethodCallbacks.java:83)
	at org.springframework.test.context.junit4.statements.SpringRepeat.evaluate(SpringRepeat.java:72)
	at org.springframework.test.context.junit4.SpringJUnit4ClassRunner.runChild(SpringJUnit4ClassRunner.java:233)
	at org.springframework.test.context.junit4.SpringJUnit4ClassRunner.runChild(SpringJUnit4ClassRunner.java:87)
	at org.junit.runners.ParentRunner$3.run(ParentRunner.java:238)
	at org.junit.runners.ParentRunner$1.schedule(ParentRunner.java:63)
	at org.junit.runners.ParentRunner.runChildren(ParentRunner.java:236)
	at org.junit.runners.ParentRunner.access$000(ParentRunner.java:53)
	at org.junit.runners.ParentRunner$2.evaluate(ParentRunner.java:229)
	at org.junit.internal.runners.statements.RunBefores.evaluate(RunBefores.java:26)
	at org.springframework.test.context.junit4.statements.RunBeforeTestClassCallbacks.evaluate(RunBeforeTestClassCallbacks.java:61)
	at org.springframework.test.context.junit4.statements.RunAfterTestClassCallbacks.evaluate(RunAfterTestClassCallbacks.java:71)
	at org.junit.runners.ParentRunner.run(ParentRunner.java:309)
	at org.springframework.test.context.junit4.SpringJUnit4ClassRunner.run(SpringJUnit4ClassRunner.java:176)
	at org.gradle.api.internal.tasks.testing.junit.JUnitTestClassExecuter.runTestClass(JUnitTestClassExecuter.java:86)
	at org.gradle.api.internal.tasks.testing.junit.JUnitTestClassExecuter.execute(JUnitTestClassExecuter.java:49)
	at org.gradle.api.internal.tasks.testing.junit.JUnitTestClassProcessor.processTestClass(JUnitTestClassProcessor.java:64)
	at org.gradle.api.internal.tasks.testing.SuiteTestClassProcessor.processTestClass(SuiteTestClassProcessor.java:50)
	at sun.reflect.GeneratedMethodAccessor126.invoke(Unknown Source)
	at sun.reflect.DelegatingMethodAccessorImpl.invoke(DelegatingMethodAccessorImpl.java:43)
	at java.lang.reflect.Method.invoke(Method.java:606)
	at org.gradle.messaging.dispatch.ReflectionDispatch.dispatch(ReflectionDispatch.java:35)
	at org.gradle.messaging.dispatch.ReflectionDispatch.dispatch(ReflectionDispatch.java:24)
	at org.gradle.messaging.dispatch.ContextClassLoaderDispatch.dispatch(ContextClassLoaderDispatch.java:32)
	at org.gradle.messaging.dispatch.ProxyDispatchAdapter$DispatchingInvocationHandler.invoke(ProxyDispatchAdapter.java:93)
	at com.sun.proxy.$Proxy2.processTestClass(Unknown Source)
	at org.gradle.api.internal.tasks.testing.worker.TestWorker.processTestClass(TestWorker.java:106)
	at sun.reflect.GeneratedMethodAccessor125.invoke(Unknown Source)
	at sun.reflect.DelegatingMethodAccessorImpl.invoke(DelegatingMethodAccessorImpl.java:43)
	at java.lang.reflect.Method.invoke(Method.java:606)
	at org.gradle.messaging.dispatch.ReflectionDispatch.dispatch(ReflectionDispatch.java:35)
	at org.gradle.messaging.dispatch.ReflectionDispatch.dispatch(ReflectionDispatch.java:24)
	at org.gradle.messaging.remote.internal.hub.MessageHub$Handler.run(MessageHub.java:360)
	at org.gradle.internal.concurrent.DefaultExecutorFactory$StoppableExecutorImpl$1.run(DefaultExecutorFactory.java:64)
	at java.util.concurrent.ThreadPoolExecutor.runWorker(ThreadPoolExecutor.java:1145)
	at java.util.concurrent.ThreadPoolExecutor$Worker.run(ThreadPoolExecutor.java:615)
	at java.lang.Thread.run(Thread.java:745)
UserDetail.multiFactorAuthEnabled must be less than or equal to 1
java.lang.SecurityException: UserDetail.multiFactorAuthEnabled must be less than or equal to 1
	at com.athena.server.pluggable.utils.helper.EntityValidatorHelper.validateEntity(EntityValidatorHelper.java:37)
	at com.app.shared.appbasicsetup.usermanagement.UserDetail.isValid(UserDetail.java:414)
	at com.app.server.service.appbasicsetup.usermanagement.UserDetailTestCase.validateUserDetail(UserDetailTestCase.java:286)
	at com.app.server.service.appbasicsetup.usermanagement.UserDetailTestCase.test5NegativeTesting(UserDetailTestCase.java:330)
	at sun.reflect.NativeMethodAccessorImpl.invoke0(Native Method)
	at sun.reflect.NativeMethodAccessorImpl.invoke(NativeMethodAccessorImpl.java:57)
	at sun.reflect.DelegatingMethodAccessorImpl.invoke(DelegatingMethodAccessorImpl.java:43)
	at java.lang.reflect.Method.invoke(Method.java:606)
	at org.junit.runners.model.FrameworkMethod$1.runReflectiveCall(FrameworkMethod.java:47)
	at org.junit.internal.runners.model.ReflectiveCallable.run(ReflectiveCallable.java:12)
	at org.junit.runners.model.FrameworkMethod.invokeExplosively(FrameworkMethod.java:44)
	at org.junit.internal.runners.statements.InvokeMethod.evaluate(InvokeMethod.java:17)
	at org.junit.internal.runners.statements.RunBefores.evaluate(RunBefores.java:26)
	at org.springframework.test.context.junit4.statements.RunBeforeTestMethodCallbacks.evaluate(RunBeforeTestMethodCallbacks.java:74)
	at org.junit.internal.runners.statements.RunAfters.evaluate(RunAfters.java:27)
	at org.springframework.test.context.junit4.statements.RunAfterTestMethodCallbacks.evaluate(RunAfterTestMethodCallbacks.java:83)
	at org.springframework.test.context.junit4.statements.SpringRepeat.evaluate(SpringRepeat.java:72)
	at org.springframework.test.context.junit4.SpringJUnit4ClassRunner.runChild(SpringJUnit4ClassRunner.java:233)
	at org.springframework.test.context.junit4.SpringJUnit4ClassRunner.runChild(SpringJUnit4ClassRunner.java:87)
	at org.junit.runners.ParentRunner$3.run(ParentRunner.java:238)
	at org.junit.runners.ParentRunner$1.schedule(ParentRunner.java:63)
	at org.junit.runners.ParentRunner.runChildren(ParentRunner.java:236)
	at org.junit.runners.ParentRunner.access$000(ParentRunner.java:53)
	at org.junit.runners.ParentRunner$2.evaluate(ParentRunner.java:229)
	at org.junit.internal.runners.statements.RunBefores.evaluate(RunBefores.java:26)
	at org.springframework.test.context.junit4.statements.RunBeforeTestClassCallbacks.evaluate(RunBeforeTestClassCallbacks.java:61)
	at org.springframework.test.context.junit4.statements.RunAfterTestClassCallbacks.evaluate(RunAfterTestClassCallbacks.java:71)
	at org.junit.runners.ParentRunner.run(ParentRunner.java:309)
	at org.springframework.test.context.junit4.SpringJUnit4ClassRunner.run(SpringJUnit4ClassRunner.java:176)
	at org.gradle.api.internal.tasks.testing.junit.JUnitTestClassExecuter.runTestClass(JUnitTestClassExecuter.java:86)
	at org.gradle.api.internal.tasks.testing.junit.JUnitTestClassExecuter.execute(JUnitTestClassExecuter.java:49)
	at org.gradle.api.internal.tasks.testing.junit.JUnitTestClassProcessor.processTestClass(JUnitTestClassProcessor.java:64)
	at org.gradle.api.internal.tasks.testing.SuiteTestClassProcessor.processTestClass(SuiteTestClassProcessor.java:50)
	at sun.reflect.GeneratedMethodAccessor126.invoke(Unknown Source)
	at sun.reflect.DelegatingMethodAccessorImpl.invoke(DelegatingMethodAccessorImpl.java:43)
	at java.lang.reflect.Method.invoke(Method.java:606)
	at org.gradle.messaging.dispatch.ReflectionDispatch.dispatch(ReflectionDispatch.java:35)
	at org.gradle.messaging.dispatch.ReflectionDispatch.dispatch(ReflectionDispatch.java:24)
	at org.gradle.messaging.dispatch.ContextClassLoaderDispatch.dispatch(ContextClassLoaderDispatch.java:32)
	at org.gradle.messaging.dispatch.ProxyDispatchAdapter$DispatchingInvocationHandler.invoke(ProxyDispatchAdapter.java:93)
	at com.sun.proxy.$Proxy2.processTestClass(Unknown Source)
	at org.gradle.api.internal.tasks.testing.worker.TestWorker.processTestClass(TestWorker.java:106)
	at sun.reflect.GeneratedMethodAccessor125.invoke(Unknown Source)
	at sun.reflect.DelegatingMethodAccessorImpl.invoke(DelegatingMethodAccessorImpl.java:43)
	at java.lang.reflect.Method.invoke(Method.java:606)
	at org.gradle.messaging.dispatch.ReflectionDispatch.dispatch(ReflectionDispatch.java:35)
	at org.gradle.messaging.dispatch.ReflectionDispatch.dispatch(ReflectionDispatch.java:24)
	at org.gradle.messaging.remote.internal.hub.MessageHub$Handler.run(MessageHub.java:360)
	at org.gradle.internal.concurrent.DefaultExecutorFactory$StoppableExecutorImpl$1.run(DefaultExecutorFactory.java:64)
	at java.util.concurrent.ThreadPoolExecutor.runWorker(ThreadPoolExecutor.java:1145)
	at java.util.concurrent.ThreadPoolExecutor$Worker.run(ThreadPoolExecutor.java:615)
	at java.lang.Thread.run(Thread.java:745)
UserDetail.genTempOneTimePassword must be less than or equal to 1
java.lang.SecurityException: UserDetail.genTempOneTimePassword must be less than or equal to 1
	at com.athena.server.pluggable.utils.helper.EntityValidatorHelper.validateEntity(EntityValidatorHelper.java:37)
	at com.app.shared.appbasicsetup.usermanagement.UserDetail.isValid(UserDetail.java:414)
	at com.app.server.service.appbasicsetup.usermanagement.UserDetailTestCase.validateUserDetail(UserDetailTestCase.java:286)
	at com.app.server.service.appbasicsetup.usermanagement.UserDetailTestCase.test5NegativeTesting(UserDetailTestCase.java:335)
	at sun.reflect.NativeMethodAccessorImpl.invoke0(Native Method)
	at sun.reflect.NativeMethodAccessorImpl.invoke(NativeMethodAccessorImpl.java:57)
	at sun.reflect.DelegatingMethodAccessorImpl.invoke(DelegatingMethodAccessorImpl.java:43)
	at java.lang.reflect.Method.invoke(Method.java:606)
	at org.junit.runners.model.FrameworkMethod$1.runReflectiveCall(FrameworkMethod.java:47)
	at org.junit.internal.runners.model.ReflectiveCallable.run(ReflectiveCallable.java:12)
	at org.junit.runners.model.FrameworkMethod.invokeExplosively(FrameworkMethod.java:44)
	at org.junit.internal.runners.statements.InvokeMethod.evaluate(InvokeMethod.java:17)
	at org.junit.internal.runners.statements.RunBefores.evaluate(RunBefores.java:26)
	at org.springframework.test.context.junit4.statements.RunBeforeTestMethodCallbacks.evaluate(RunBeforeTestMethodCallbacks.java:74)
	at org.junit.internal.runners.statements.RunAfters.evaluate(RunAfters.java:27)
	at org.springframework.test.context.junit4.statements.RunAfterTestMethodCallbacks.evaluate(RunAfterTestMethodCallbacks.java:83)
	at org.springframework.test.context.junit4.statements.SpringRepeat.evaluate(SpringRepeat.java:72)
	at org.springframework.test.context.junit4.SpringJUnit4ClassRunner.runChild(SpringJUnit4ClassRunner.java:233)
	at org.springframework.test.context.junit4.SpringJUnit4ClassRunner.runChild(SpringJUnit4ClassRunner.java:87)
	at org.junit.runners.ParentRunner$3.run(ParentRunner.java:238)
	at org.junit.runners.ParentRunner$1.schedule(ParentRunner.java:63)
	at org.junit.runners.ParentRunner.runChildren(ParentRunner.java:236)
	at org.junit.runners.ParentRunner.access$000(ParentRunner.java:53)
	at org.junit.runners.ParentRunner$2.evaluate(ParentRunner.java:229)
	at org.junit.internal.runners.statements.RunBefores.evaluate(RunBefores.java:26)
	at org.springframework.test.context.junit4.statements.RunBeforeTestClassCallbacks.evaluate(RunBeforeTestClassCallbacks.java:61)
	at org.springframework.test.context.junit4.statements.RunAfterTestClassCallbacks.evaluate(RunAfterTestClassCallbacks.java:71)
	at org.junit.runners.ParentRunner.run(ParentRunner.java:309)
	at org.springframework.test.context.junit4.SpringJUnit4ClassRunner.run(SpringJUnit4ClassRunner.java:176)
	at org.gradle.api.internal.tasks.testing.junit.JUnitTestClassExecuter.runTestClass(JUnitTestClassExecuter.java:86)
	at org.gradle.api.internal.tasks.testing.junit.JUnitTestClassExecuter.execute(JUnitTestClassExecuter.java:49)
	at org.gradle.api.internal.tasks.testing.junit.JUnitTestClassProcessor.processTestClass(JUnitTestClassProcessor.java:64)
	at org.gradle.api.internal.tasks.testing.SuiteTestClassProcessor.processTestClass(SuiteTestClassProcessor.java:50)
	at sun.reflect.GeneratedMethodAccessor126.invoke(Unknown Source)
	at sun.reflect.DelegatingMethodAccessorImpl.invoke(DelegatingMethodAccessorImpl.java:43)
	at java.lang.reflect.Method.invoke(Method.java:606)
	at org.gradle.messaging.dispatch.ReflectionDispatch.dispatch(ReflectionDispatch.java:35)
	at org.gradle.messaging.dispatch.ReflectionDispatch.dispatch(ReflectionDispatch.java:24)
	at org.gradle.messaging.dispatch.ContextClassLoaderDispatch.dispatch(ContextClassLoaderDispatch.java:32)
	at org.gradle.messaging.dispatch.ProxyDispatchAdapter$DispatchingInvocationHandler.invoke(ProxyDispatchAdapter.java:93)
	at com.sun.proxy.$Proxy2.processTestClass(Unknown Source)
	at org.gradle.api.internal.tasks.testing.worker.TestWorker.processTestClass(TestWorker.java:106)
	at sun.reflect.GeneratedMethodAccessor125.invoke(Unknown Source)
	at sun.reflect.DelegatingMethodAccessorImpl.invoke(DelegatingMethodAccessorImpl.java:43)
	at java.lang.reflect.Method.invoke(Method.java:606)
	at org.gradle.messaging.dispatch.ReflectionDispatch.dispatch(ReflectionDispatch.java:35)
	at org.gradle.messaging.dispatch.ReflectionDispatch.dispatch(ReflectionDispatch.java:24)
	at org.gradle.messaging.remote.internal.hub.MessageHub$Handler.run(MessageHub.java:360)
	at org.gradle.internal.concurrent.DefaultExecutorFactory$StoppableExecutorImpl$1.run(DefaultExecutorFactory.java:64)
	at java.util.concurrent.ThreadPoolExecutor.runWorker(ThreadPoolExecutor.java:1145)
	at java.util.concurrent.ThreadPoolExecutor$Worker.run(ThreadPoolExecutor.java:615)
	at java.lang.Thread.run(Thread.java:745)
UserDetail.allowMultipleLogin must be less than or equal to 1
java.lang.SecurityException: UserDetail.allowMultipleLogin must be less than or equal to 1
	at com.athena.server.pluggable.utils.helper.EntityValidatorHelper.validateEntity(EntityValidatorHelper.java:37)
	at com.app.shared.appbasicsetup.usermanagement.UserDetail.isValid(UserDetail.java:414)
	at com.app.server.service.appbasicsetup.usermanagement.UserDetailTestCase.validateUserDetail(UserDetailTestCase.java:286)
	at com.app.server.service.appbasicsetup.usermanagement.UserDetailTestCase.test5NegativeTesting(UserDetailTestCase.java:340)
	at sun.reflect.NativeMethodAccessorImpl.invoke0(Native Method)
	at sun.reflect.NativeMethodAccessorImpl.invoke(NativeMethodAccessorImpl.java:57)
	at sun.reflect.DelegatingMethodAccessorImpl.invoke(DelegatingMethodAccessorImpl.java:43)
	at java.lang.reflect.Method.invoke(Method.java:606)
	at org.junit.runners.model.FrameworkMethod$1.runReflectiveCall(FrameworkMethod.java:47)
	at org.junit.internal.runners.model.ReflectiveCallable.run(ReflectiveCallable.java:12)
	at org.junit.runners.model.FrameworkMethod.invokeExplosively(FrameworkMethod.java:44)
	at org.junit.internal.runners.statements.InvokeMethod.evaluate(InvokeMethod.java:17)
	at org.junit.internal.runners.statements.RunBefores.evaluate(RunBefores.java:26)
	at org.springframework.test.context.junit4.statements.RunBeforeTestMethodCallbacks.evaluate(RunBeforeTestMethodCallbacks.java:74)
	at org.junit.internal.runners.statements.RunAfters.evaluate(RunAfters.java:27)
	at org.springframework.test.context.junit4.statements.RunAfterTestMethodCallbacks.evaluate(RunAfterTestMethodCallbacks.java:83)
	at org.springframework.test.context.junit4.statements.SpringRepeat.evaluate(SpringRepeat.java:72)
	at org.springframework.test.context.junit4.SpringJUnit4ClassRunner.runChild(SpringJUnit4ClassRunner.java:233)
	at org.springframework.test.context.junit4.SpringJUnit4ClassRunner.runChild(SpringJUnit4ClassRunner.java:87)
	at org.junit.runners.ParentRunner$3.run(ParentRunner.java:238)
	at org.junit.runners.ParentRunner$1.schedule(ParentRunner.java:63)
	at org.junit.runners.ParentRunner.runChildren(ParentRunner.java:236)
	at org.junit.runners.ParentRunner.access$000(ParentRunner.java:53)
	at org.junit.runners.ParentRunner$2.evaluate(ParentRunner.java:229)
	at org.junit.internal.runners.statements.RunBefores.evaluate(RunBefores.java:26)
	at org.springframework.test.context.junit4.statements.RunBeforeTestClassCallbacks.evaluate(RunBeforeTestClassCallbacks.java:61)
	at org.springframework.test.context.junit4.statements.RunAfterTestClassCallbacks.evaluate(RunAfterTestClassCallbacks.java:71)
	at org.junit.runners.ParentRunner.run(ParentRunner.java:309)
	at org.springframework.test.context.junit4.SpringJUnit4ClassRunner.run(SpringJUnit4ClassRunner.java:176)
	at org.gradle.api.internal.tasks.testing.junit.JUnitTestClassExecuter.runTestClass(JUnitTestClassExecuter.java:86)
	at org.gradle.api.internal.tasks.testing.junit.JUnitTestClassExecuter.execute(JUnitTestClassExecuter.java:49)
	at org.gradle.api.internal.tasks.testing.junit.JUnitTestClassProcessor.processTestClass(JUnitTestClassProcessor.java:64)
	at org.gradle.api.internal.tasks.testing.SuiteTestClassProcessor.processTestClass(SuiteTestClassProcessor.java:50)
	at sun.reflect.GeneratedMethodAccessor126.invoke(Unknown Source)
	at sun.reflect.DelegatingMethodAccessorImpl.invoke(DelegatingMethodAccessorImpl.java:43)
	at java.lang.reflect.Method.invoke(Method.java:606)
	at org.gradle.messaging.dispatch.ReflectionDispatch.dispatch(ReflectionDispatch.java:35)
	at org.gradle.messaging.dispatch.ReflectionDispatch.dispatch(ReflectionDispatch.java:24)
	at org.gradle.messaging.dispatch.ContextClassLoaderDispatch.dispatch(ContextClassLoaderDispatch.java:32)
	at org.gradle.messaging.dispatch.ProxyDispatchAdapter$DispatchingInvocationHandler.invoke(ProxyDispatchAdapter.java:93)
	at com.sun.proxy.$Proxy2.processTestClass(Unknown Source)
	at org.gradle.api.internal.tasks.testing.worker.TestWorker.processTestClass(TestWorker.java:106)
	at sun.reflect.GeneratedMethodAccessor125.invoke(Unknown Source)
	at sun.reflect.DelegatingMethodAccessorImpl.invoke(DelegatingMethodAccessorImpl.java:43)
	at java.lang.reflect.Method.invoke(Method.java:606)
	at org.gradle.messaging.dispatch.ReflectionDispatch.dispatch(ReflectionDispatch.java:35)
	at org.gradle.messaging.dispatch.ReflectionDispatch.dispatch(ReflectionDispatch.java:24)
	at org.gradle.messaging.remote.internal.hub.MessageHub$Handler.run(MessageHub.java:360)
	at org.gradle.internal.concurrent.DefaultExecutorFactory$StoppableExecutorImpl$1.run(DefaultExecutorFactory.java:64)
	at java.util.concurrent.ThreadPoolExecutor.runWorker(ThreadPoolExecutor.java:1145)
	at java.util.concurrent.ThreadPoolExecutor$Worker.run(ThreadPoolExecutor.java:615)
	at java.lang.Thread.run(Thread.java:745)
UserDetail.isLocked must be less than or equal to 1
java.lang.SecurityException: UserDetail.isLocked must be less than or equal to 1
	at com.athena.server.pluggable.utils.helper.EntityValidatorHelper.validateEntity(EntityValidatorHelper.java:37)
	at com.app.shared.appbasicsetup.usermanagement.UserDetail.isValid(UserDetail.java:414)
	at com.app.server.service.appbasicsetup.usermanagement.UserDetailTestCase.validateUserDetail(UserDetailTestCase.java:286)
	at com.app.server.service.appbasicsetup.usermanagement.UserDetailTestCase.test5NegativeTesting(UserDetailTestCase.java:345)
	at sun.reflect.NativeMethodAccessorImpl.invoke0(Native Method)
	at sun.reflect.NativeMethodAccessorImpl.invoke(NativeMethodAccessorImpl.java:57)
	at sun.reflect.DelegatingMethodAccessorImpl.invoke(DelegatingMethodAccessorImpl.java:43)
	at java.lang.reflect.Method.invoke(Method.java:606)
	at org.junit.runners.model.FrameworkMethod$1.runReflectiveCall(FrameworkMethod.java:47)
	at org.junit.internal.runners.model.ReflectiveCallable.run(ReflectiveCallable.java:12)
	at org.junit.runners.model.FrameworkMethod.invokeExplosively(FrameworkMethod.java:44)
	at org.junit.internal.runners.statements.InvokeMethod.evaluate(InvokeMethod.java:17)
	at org.junit.internal.runners.statements.RunBefores.evaluate(RunBefores.java:26)
	at org.springframework.test.context.junit4.statements.RunBeforeTestMethodCallbacks.evaluate(RunBeforeTestMethodCallbacks.java:74)
	at org.junit.internal.runners.statements.RunAfters.evaluate(RunAfters.java:27)
	at org.springframework.test.context.junit4.statements.RunAfterTestMethodCallbacks.evaluate(RunAfterTestMethodCallbacks.java:83)
	at org.springframework.test.context.junit4.statements.SpringRepeat.evaluate(SpringRepeat.java:72)
	at org.springframework.test.context.junit4.SpringJUnit4ClassRunner.runChild(SpringJUnit4ClassRunner.java:233)
	at org.springframework.test.context.junit4.SpringJUnit4ClassRunner.runChild(SpringJUnit4ClassRunner.java:87)
	at org.junit.runners.ParentRunner$3.run(ParentRunner.java:238)
	at org.junit.runners.ParentRunner$1.schedule(ParentRunner.java:63)
	at org.junit.runners.ParentRunner.runChildren(ParentRunner.java:236)
	at org.junit.runners.ParentRunner.access$000(ParentRunner.java:53)
	at org.junit.runners.ParentRunner$2.evaluate(ParentRunner.java:229)
	at org.junit.internal.runners.statements.RunBefores.evaluate(RunBefores.java:26)
	at org.springframework.test.context.junit4.statements.RunBeforeTestClassCallbacks.evaluate(RunBeforeTestClassCallbacks.java:61)
	at org.springframework.test.context.junit4.statements.RunAfterTestClassCallbacks.evaluate(RunAfterTestClassCallbacks.java:71)
	at org.junit.runners.ParentRunner.run(ParentRunner.java:309)
	at org.springframework.test.context.junit4.SpringJUnit4ClassRunner.run(SpringJUnit4ClassRunner.java:176)
	at org.gradle.api.internal.tasks.testing.junit.JUnitTestClassExecuter.runTestClass(JUnitTestClassExecuter.java:86)
	at org.gradle.api.internal.tasks.testing.junit.JUnitTestClassExecuter.execute(JUnitTestClassExecuter.java:49)
	at org.gradle.api.internal.tasks.testing.junit.JUnitTestClassProcessor.processTestClass(JUnitTestClassProcessor.java:64)
	at org.gradle.api.internal.tasks.testing.SuiteTestClassProcessor.processTestClass(SuiteTestClassProcessor.java:50)
	at sun.reflect.GeneratedMethodAccessor126.invoke(Unknown Source)
	at sun.reflect.DelegatingMethodAccessorImpl.invoke(DelegatingMethodAccessorImpl.java:43)
	at java.lang.reflect.Method.invoke(Method.java:606)
	at org.gradle.messaging.dispatch.ReflectionDispatch.dispatch(ReflectionDispatch.java:35)
	at org.gradle.messaging.dispatch.ReflectionDispatch.dispatch(ReflectionDispatch.java:24)
	at org.gradle.messaging.dispatch.ContextClassLoaderDispatch.dispatch(ContextClassLoaderDispatch.java:32)
	at org.gradle.messaging.dispatch.ProxyDispatchAdapter$DispatchingInvocationHandler.invoke(ProxyDispatchAdapter.java:93)
	at com.sun.proxy.$Proxy2.processTestClass(Unknown Source)
	at org.gradle.api.internal.tasks.testing.worker.TestWorker.processTestClass(TestWorker.java:106)
	at sun.reflect.GeneratedMethodAccessor125.invoke(Unknown Source)
	at sun.reflect.DelegatingMethodAccessorImpl.invoke(DelegatingMethodAccessorImpl.java:43)
	at java.lang.reflect.Method.invoke(Method.java:606)
	at org.gradle.messaging.dispatch.ReflectionDispatch.dispatch(ReflectionDispatch.java:35)
	at org.gradle.messaging.dispatch.ReflectionDispatch.dispatch(ReflectionDispatch.java:24)
	at org.gradle.messaging.remote.internal.hub.MessageHub$Handler.run(MessageHub.java:360)
	at org.gradle.internal.concurrent.DefaultExecutorFactory$StoppableExecutorImpl$1.run(DefaultExecutorFactory.java:64)
	at java.util.concurrent.ThreadPoolExecutor.runWorker(ThreadPoolExecutor.java:1145)
	at java.util.concurrent.ThreadPoolExecutor$Worker.run(ThreadPoolExecutor.java:615)
	at java.lang.Thread.run(Thread.java:745)
UserDetail.isDeleted must be less than or equal to 1
java.lang.SecurityException: UserDetail.isDeleted must be less than or equal to 1
	at com.athena.server.pluggable.utils.helper.EntityValidatorHelper.validateEntity(EntityValidatorHelper.java:37)
	at com.app.shared.appbasicsetup.usermanagement.UserDetail.isValid(UserDetail.java:414)
	at com.app.server.service.appbasicsetup.usermanagement.UserDetailTestCase.validateUserDetail(UserDetailTestCase.java:286)
	at com.app.server.service.appbasicsetup.usermanagement.UserDetailTestCase.test5NegativeTesting(UserDetailTestCase.java:350)
	at sun.reflect.NativeMethodAccessorImpl.invoke0(Native Method)
	at sun.reflect.NativeMethodAccessorImpl.invoke(NativeMethodAccessorImpl.java:57)
	at sun.reflect.DelegatingMethodAccessorImpl.invoke(DelegatingMethodAccessorImpl.java:43)
	at java.lang.reflect.Method.invoke(Method.java:606)
	at org.junit.runners.model.FrameworkMethod$1.runReflectiveCall(FrameworkMethod.java:47)
	at org.junit.internal.runners.model.ReflectiveCallable.run(ReflectiveCallable.java:12)
	at org.junit.runners.model.FrameworkMethod.invokeExplosively(FrameworkMethod.java:44)
	at org.junit.internal.runners.statements.InvokeMethod.evaluate(InvokeMethod.java:17)
	at org.junit.internal.runners.statements.RunBefores.evaluate(RunBefores.java:26)
	at org.springframework.test.context.junit4.statements.RunBeforeTestMethodCallbacks.evaluate(RunBeforeTestMethodCallbacks.java:74)
	at org.junit.internal.runners.statements.RunAfters.evaluate(RunAfters.java:27)
	at org.springframework.test.context.junit4.statements.RunAfterTestMethodCallbacks.evaluate(RunAfterTestMethodCallbacks.java:83)
	at org.springframework.test.context.junit4.statements.SpringRepeat.evaluate(SpringRepeat.java:72)
	at org.springframework.test.context.junit4.SpringJUnit4ClassRunner.runChild(SpringJUnit4ClassRunner.java:233)
	at org.springframework.test.context.junit4.SpringJUnit4ClassRunner.runChild(SpringJUnit4ClassRunner.java:87)
	at org.junit.runners.ParentRunner$3.run(ParentRunner.java:238)
	at org.junit.runners.ParentRunner$1.schedule(ParentRunner.java:63)
	at org.junit.runners.ParentRunner.runChildren(ParentRunner.java:236)
	at org.junit.runners.ParentRunner.access$000(ParentRunner.java:53)
	at org.junit.runners.ParentRunner$2.evaluate(ParentRunner.java:229)
	at org.junit.internal.runners.statements.RunBefores.evaluate(RunBefores.java:26)
	at org.springframework.test.context.junit4.statements.RunBeforeTestClassCallbacks.evaluate(RunBeforeTestClassCallbacks.java:61)
	at org.springframework.test.context.junit4.statements.RunAfterTestClassCallbacks.evaluate(RunAfterTestClassCallbacks.java:71)
	at org.junit.runners.ParentRunner.run(ParentRunner.java:309)
	at org.springframework.test.context.junit4.SpringJUnit4ClassRunner.run(SpringJUnit4ClassRunner.java:176)
	at org.gradle.api.internal.tasks.testing.junit.JUnitTestClassExecuter.runTestClass(JUnitTestClassExecuter.java:86)
	at org.gradle.api.internal.tasks.testing.junit.JUnitTestClassExecuter.execute(JUnitTestClassExecuter.java:49)
	at org.gradle.api.internal.tasks.testing.junit.JUnitTestClassProcessor.processTestClass(JUnitTestClassProcessor.java:64)
	at org.gradle.api.internal.tasks.testing.SuiteTestClassProcessor.processTestClass(SuiteTestClassProcessor.java:50)
	at sun.reflect.GeneratedMethodAccessor126.invoke(Unknown Source)
	at sun.reflect.DelegatingMethodAccessorImpl.invoke(DelegatingMethodAccessorImpl.java:43)
	at java.lang.reflect.Method.invoke(Method.java:606)
	at org.gradle.messaging.dispatch.ReflectionDispatch.dispatch(ReflectionDispatch.java:35)
	at org.gradle.messaging.dispatch.ReflectionDispatch.dispatch(ReflectionDispatch.java:24)
	at org.gradle.messaging.dispatch.ContextClassLoaderDispatch.dispatch(ContextClassLoaderDispatch.java:32)
	at org.gradle.messaging.dispatch.ProxyDispatchAdapter$DispatchingInvocationHandler.invoke(ProxyDispatchAdapter.java:93)
	at com.sun.proxy.$Proxy2.processTestClass(Unknown Source)
	at org.gradle.api.internal.tasks.testing.worker.TestWorker.processTestClass(TestWorker.java:106)
	at sun.reflect.GeneratedMethodAccessor125.invoke(Unknown Source)
	at sun.reflect.DelegatingMethodAccessorImpl.invoke(DelegatingMethodAccessorImpl.java:43)
	at java.lang.reflect.Method.invoke(Method.java:606)
	at org.gradle.messaging.dispatch.ReflectionDispatch.dispatch(ReflectionDispatch.java:35)
	at org.gradle.messaging.dispatch.ReflectionDispatch.dispatch(ReflectionDispatch.java:24)
	at org.gradle.messaging.remote.internal.hub.MessageHub$Handler.run(MessageHub.java:360)
	at org.gradle.internal.concurrent.DefaultExecutorFactory$StoppableExecutorImpl$1.run(DefaultExecutorFactory.java:64)
	at java.util.concurrent.ThreadPoolExecutor.runWorker(ThreadPoolExecutor.java:1145)
	at java.util.concurrent.ThreadPoolExecutor$Worker.run(ThreadPoolExecutor.java:615)
	at java.lang.Thread.run(Thread.java:745)
UserDetail.changePasswordNextLogin must be less than or equal to 1
java.lang.SecurityException: UserDetail.changePasswordNextLogin must be less than or equal to 1
	at com.athena.server.pluggable.utils.helper.EntityValidatorHelper.validateEntity(EntityValidatorHelper.java:37)
	at com.app.shared.appbasicsetup.usermanagement.UserDetail.isValid(UserDetail.java:414)
	at com.app.server.service.appbasicsetup.usermanagement.UserDetailTestCase.validateUserDetail(UserDetailTestCase.java:286)
	at com.app.server.service.appbasicsetup.usermanagement.UserDetailTestCase.test5NegativeTesting(UserDetailTestCase.java:355)
	at sun.reflect.NativeMethodAccessorImpl.invoke0(Native Method)
	at sun.reflect.NativeMethodAccessorImpl.invoke(NativeMethodAccessorImpl.java:57)
	at sun.reflect.DelegatingMethodAccessorImpl.invoke(DelegatingMethodAccessorImpl.java:43)
	at java.lang.reflect.Method.invoke(Method.java:606)
	at org.junit.runners.model.FrameworkMethod$1.runReflectiveCall(FrameworkMethod.java:47)
	at org.junit.internal.runners.model.ReflectiveCallable.run(ReflectiveCallable.java:12)
	at org.junit.runners.model.FrameworkMethod.invokeExplosively(FrameworkMethod.java:44)
	at org.junit.internal.runners.statements.InvokeMethod.evaluate(InvokeMethod.java:17)
	at org.junit.internal.runners.statements.RunBefores.evaluate(RunBefores.java:26)
	at org.springframework.test.context.junit4.statements.RunBeforeTestMethodCallbacks.evaluate(RunBeforeTestMethodCallbacks.java:74)
	at org.junit.internal.runners.statements.RunAfters.evaluate(RunAfters.java:27)
	at org.springframework.test.context.junit4.statements.RunAfterTestMethodCallbacks.evaluate(RunAfterTestMethodCallbacks.java:83)
	at org.springframework.test.context.junit4.statements.SpringRepeat.evaluate(SpringRepeat.java:72)
	at org.springframework.test.context.junit4.SpringJUnit4ClassRunner.runChild(SpringJUnit4ClassRunner.java:233)
	at org.springframework.test.context.junit4.SpringJUnit4ClassRunner.runChild(SpringJUnit4ClassRunner.java:87)
	at org.junit.runners.ParentRunner$3.run(ParentRunner.java:238)
	at org.junit.runners.ParentRunner$1.schedule(ParentRunner.java:63)
	at org.junit.runners.ParentRunner.runChildren(ParentRunner.java:236)
	at org.junit.runners.ParentRunner.access$000(ParentRunner.java:53)
	at org.junit.runners.ParentRunner$2.evaluate(ParentRunner.java:229)
	at org.junit.internal.runners.statements.RunBefores.evaluate(RunBefores.java:26)
	at org.springframework.test.context.junit4.statements.RunBeforeTestClassCallbacks.evaluate(RunBeforeTestClassCallbacks.java:61)
	at org.springframework.test.context.junit4.statements.RunAfterTestClassCallbacks.evaluate(RunAfterTestClassCallbacks.java:71)
	at org.junit.runners.ParentRunner.run(ParentRunner.java:309)
	at org.springframework.test.context.junit4.SpringJUnit4ClassRunner.run(SpringJUnit4ClassRunner.java:176)
	at org.gradle.api.internal.tasks.testing.junit.JUnitTestClassExecuter.runTestClass(JUnitTestClassExecuter.java:86)
	at org.gradle.api.internal.tasks.testing.junit.JUnitTestClassExecuter.execute(JUnitTestClassExecuter.java:49)
	at org.gradle.api.internal.tasks.testing.junit.JUnitTestClassProcessor.processTestClass(JUnitTestClassProcessor.java:64)
	at org.gradle.api.internal.tasks.testing.SuiteTestClassProcessor.processTestClass(SuiteTestClassProcessor.java:50)
	at sun.reflect.GeneratedMethodAccessor126.invoke(Unknown Source)
	at sun.reflect.DelegatingMethodAccessorImpl.invoke(DelegatingMethodAccessorImpl.java:43)
	at java.lang.reflect.Method.invoke(Method.java:606)
	at org.gradle.messaging.dispatch.ReflectionDispatch.dispatch(ReflectionDispatch.java:35)
	at org.gradle.messaging.dispatch.ReflectionDispatch.dispatch(ReflectionDispatch.java:24)
	at org.gradle.messaging.dispatch.ContextClassLoaderDispatch.dispatch(ContextClassLoaderDispatch.java:32)
	at org.gradle.messaging.dispatch.ProxyDispatchAdapter$DispatchingInvocationHandler.invoke(ProxyDispatchAdapter.java:93)
	at com.sun.proxy.$Proxy2.processTestClass(Unknown Source)
	at org.gradle.api.internal.tasks.testing.worker.TestWorker.processTestClass(TestWorker.java:106)
	at sun.reflect.GeneratedMethodAccessor125.invoke(Unknown Source)
	at sun.reflect.DelegatingMethodAccessorImpl.invoke(DelegatingMethodAccessorImpl.java:43)
	at java.lang.reflect.Method.invoke(Method.java:606)
	at org.gradle.messaging.dispatch.ReflectionDispatch.dispatch(ReflectionDispatch.java:35)
	at org.gradle.messaging.dispatch.ReflectionDispatch.dispatch(ReflectionDispatch.java:24)
	at org.gradle.messaging.remote.internal.hub.MessageHub$Handler.run(MessageHub.java:360)
	at org.gradle.internal.concurrent.DefaultExecutorFactory$StoppableExecutorImpl$1.run(DefaultExecutorFactory.java:64)
	at java.util.concurrent.ThreadPoolExecutor.runWorker(ThreadPoolExecutor.java:1145)
	at java.util.concurrent.ThreadPoolExecutor$Worker.run(ThreadPoolExecutor.java:615)
	at java.lang.Thread.run(Thread.java:745)
UserDetail.passwordAlgo size must be between 0 and 64
java.lang.SecurityException: UserDetail.passwordAlgo size must be between 0 and 64
	at com.athena.server.pluggable.utils.helper.EntityValidatorHelper.validateEntity(EntityValidatorHelper.java:37)
	at com.app.shared.appbasicsetup.usermanagement.UserDetail.isValid(UserDetail.java:414)
	at com.app.server.service.appbasicsetup.usermanagement.UserDetailTestCase.validateUserDetail(UserDetailTestCase.java:286)
	at com.app.server.service.appbasicsetup.usermanagement.UserDetailTestCase.test5NegativeTesting(UserDetailTestCase.java:360)
	at sun.reflect.NativeMethodAccessorImpl.invoke0(Native Method)
	at sun.reflect.NativeMethodAccessorImpl.invoke(NativeMethodAccessorImpl.java:57)
	at sun.reflect.DelegatingMethodAccessorImpl.invoke(DelegatingMethodAccessorImpl.java:43)
	at java.lang.reflect.Method.invoke(Method.java:606)
	at org.junit.runners.model.FrameworkMethod$1.runReflectiveCall(FrameworkMethod.java:47)
	at org.junit.internal.runners.model.ReflectiveCallable.run(ReflectiveCallable.java:12)
	at org.junit.runners.model.FrameworkMethod.invokeExplosively(FrameworkMethod.java:44)
	at org.junit.internal.runners.statements.InvokeMethod.evaluate(InvokeMethod.java:17)
	at org.junit.internal.runners.statements.RunBefores.evaluate(RunBefores.java:26)
	at org.springframework.test.context.junit4.statements.RunBeforeTestMethodCallbacks.evaluate(RunBeforeTestMethodCallbacks.java:74)
	at org.junit.internal.runners.statements.RunAfters.evaluate(RunAfters.java:27)
	at org.springframework.test.context.junit4.statements.RunAfterTestMethodCallbacks.evaluate(RunAfterTestMethodCallbacks.java:83)
	at org.springframework.test.context.junit4.statements.SpringRepeat.evaluate(SpringRepeat.java:72)
	at org.springframework.test.context.junit4.SpringJUnit4ClassRunner.runChild(SpringJUnit4ClassRunner.java:233)
	at org.springframework.test.context.junit4.SpringJUnit4ClassRunner.runChild(SpringJUnit4ClassRunner.java:87)
	at org.junit.runners.ParentRunner$3.run(ParentRunner.java:238)
	at org.junit.runners.ParentRunner$1.schedule(ParentRunner.java:63)
	at org.junit.runners.ParentRunner.runChildren(ParentRunner.java:236)
	at org.junit.runners.ParentRunner.access$000(ParentRunner.java:53)
	at org.junit.runners.ParentRunner$2.evaluate(ParentRunner.java:229)
	at org.junit.internal.runners.statements.RunBefores.evaluate(RunBefores.java:26)
	at org.springframework.test.context.junit4.statements.RunBeforeTestClassCallbacks.evaluate(RunBeforeTestClassCallbacks.java:61)
	at org.springframework.test.context.junit4.statements.RunAfterTestClassCallbacks.evaluate(RunAfterTestClassCallbacks.java:71)
	at org.junit.runners.ParentRunner.run(ParentRunner.java:309)
	at org.springframework.test.context.junit4.SpringJUnit4ClassRunner.run(SpringJUnit4ClassRunner.java:176)
	at org.gradle.api.internal.tasks.testing.junit.JUnitTestClassExecuter.runTestClass(JUnitTestClassExecuter.java:86)
	at org.gradle.api.internal.tasks.testing.junit.JUnitTestClassExecuter.execute(JUnitTestClassExecuter.java:49)
	at org.gradle.api.internal.tasks.testing.junit.JUnitTestClassProcessor.processTestClass(JUnitTestClassProcessor.java:64)
	at org.gradle.api.internal.tasks.testing.SuiteTestClassProcessor.processTestClass(SuiteTestClassProcessor.java:50)
	at sun.reflect.GeneratedMethodAccessor126.invoke(Unknown Source)
	at sun.reflect.DelegatingMethodAccessorImpl.invoke(DelegatingMethodAccessorImpl.java:43)
	at java.lang.reflect.Method.invoke(Method.java:606)
	at org.gradle.messaging.dispatch.ReflectionDispatch.dispatch(ReflectionDispatch.java:35)
	at org.gradle.messaging.dispatch.ReflectionDispatch.dispatch(ReflectionDispatch.java:24)
	at org.gradle.messaging.dispatch.ContextClassLoaderDispatch.dispatch(ContextClassLoaderDispatch.java:32)
	at org.gradle.messaging.dispatch.ProxyDispatchAdapter$DispatchingInvocationHandler.invoke(ProxyDispatchAdapter.java:93)
	at com.sun.proxy.$Proxy2.processTestClass(Unknown Source)
	at org.gradle.api.internal.tasks.testing.worker.TestWorker.processTestClass(TestWorker.java:106)
	at sun.reflect.GeneratedMethodAccessor125.invoke(Unknown Source)
	at sun.reflect.DelegatingMethodAccessorImpl.invoke(DelegatingMethodAccessorImpl.java:43)
	at java.lang.reflect.Method.invoke(Method.java:606)
	at org.gradle.messaging.dispatch.ReflectionDispatch.dispatch(ReflectionDispatch.java:35)
	at org.gradle.messaging.dispatch.ReflectionDispatch.dispatch(ReflectionDispatch.java:24)
	at org.gradle.messaging.remote.internal.hub.MessageHub$Handler.run(MessageHub.java:360)
	at org.gradle.internal.concurrent.DefaultExecutorFactory$StoppableExecutorImpl$1.run(DefaultExecutorFactory.java:64)
	at java.util.concurrent.ThreadPoolExecutor.runWorker(ThreadPoolExecutor.java:1145)
	at java.util.concurrent.ThreadPoolExecutor$Worker.run(ThreadPoolExecutor.java:615)
	at java.lang.Thread.run(Thread.java:745)
UserDetail.sessionTimeout must be less than or equal to 3600
java.lang.SecurityException: UserDetail.sessionTimeout must be less than or equal to 3600
	at com.athena.server.pluggable.utils.helper.EntityValidatorHelper.validateEntity(EntityValidatorHelper.java:37)
	at com.app.shared.appbasicsetup.usermanagement.UserDetail.isValid(UserDetail.java:414)
	at com.app.server.service.appbasicsetup.usermanagement.UserDetailTestCase.validateUserDetail(UserDetailTestCase.java:286)
	at com.app.server.service.appbasicsetup.usermanagement.UserDetailTestCase.test5NegativeTesting(UserDetailTestCase.java:365)
	at sun.reflect.NativeMethodAccessorImpl.invoke0(Native Method)
	at sun.reflect.NativeMethodAccessorImpl.invoke(NativeMethodAccessorImpl.java:57)
	at sun.reflect.DelegatingMethodAccessorImpl.invoke(DelegatingMethodAccessorImpl.java:43)
	at java.lang.reflect.Method.invoke(Method.java:606)
	at org.junit.runners.model.FrameworkMethod$1.runReflectiveCall(FrameworkMethod.java:47)
	at org.junit.internal.runners.model.ReflectiveCallable.run(ReflectiveCallable.java:12)
	at org.junit.runners.model.FrameworkMethod.invokeExplosively(FrameworkMethod.java:44)
	at org.junit.internal.runners.statements.InvokeMethod.evaluate(InvokeMethod.java:17)
	at org.junit.internal.runners.statements.RunBefores.evaluate(RunBefores.java:26)
	at org.springframework.test.context.junit4.statements.RunBeforeTestMethodCallbacks.evaluate(RunBeforeTestMethodCallbacks.java:74)
	at org.junit.internal.runners.statements.RunAfters.evaluate(RunAfters.java:27)
	at org.springframework.test.context.junit4.statements.RunAfterTestMethodCallbacks.evaluate(RunAfterTestMethodCallbacks.java:83)
	at org.springframework.test.context.junit4.statements.SpringRepeat.evaluate(SpringRepeat.java:72)
	at org.springframework.test.context.junit4.SpringJUnit4ClassRunner.runChild(SpringJUnit4ClassRunner.java:233)
	at org.springframework.test.context.junit4.SpringJUnit4ClassRunner.runChild(SpringJUnit4ClassRunner.java:87)
	at org.junit.runners.ParentRunner$3.run(ParentRunner.java:238)
	at org.junit.runners.ParentRunner$1.schedule(ParentRunner.java:63)
	at org.junit.runners.ParentRunner.runChildren(ParentRunner.java:236)
	at org.junit.runners.ParentRunner.access$000(ParentRunner.java:53)
	at org.junit.runners.ParentRunner$2.evaluate(ParentRunner.java:229)
	at org.junit.internal.runners.statements.RunBefores.evaluate(RunBefores.java:26)
	at org.springframework.test.context.junit4.statements.RunBeforeTestClassCallbacks.evaluate(RunBeforeTestClassCallbacks.java:61)
	at org.springframework.test.context.junit4.statements.RunAfterTestClassCallbacks.evaluate(RunAfterTestClassCallbacks.java:71)
	at org.junit.runners.ParentRunner.run(ParentRunner.java:309)
	at org.springframework.test.context.junit4.SpringJUnit4ClassRunner.run(SpringJUnit4ClassRunner.java:176)
	at org.gradle.api.internal.tasks.testing.junit.JUnitTestClassExecuter.runTestClass(JUnitTestClassExecuter.java:86)
	at org.gradle.api.internal.tasks.testing.junit.JUnitTestClassExecuter.execute(JUnitTestClassExecuter.java:49)
	at org.gradle.api.internal.tasks.testing.junit.JUnitTestClassProcessor.processTestClass(JUnitTestClassProcessor.java:64)
	at org.gradle.api.internal.tasks.testing.SuiteTestClassProcessor.processTestClass(SuiteTestClassProcessor.java:50)
	at sun.reflect.GeneratedMethodAccessor126.invoke(Unknown Source)
	at sun.reflect.DelegatingMethodAccessorImpl.invoke(DelegatingMethodAccessorImpl.java:43)
	at java.lang.reflect.Method.invoke(Method.java:606)
	at org.gradle.messaging.dispatch.ReflectionDispatch.dispatch(ReflectionDispatch.java:35)
	at org.gradle.messaging.dispatch.ReflectionDispatch.dispatch(ReflectionDispatch.java:24)
	at org.gradle.messaging.dispatch.ContextClassLoaderDispatch.dispatch(ContextClassLoaderDispatch.java:32)
	at org.gradle.messaging.dispatch.ProxyDispatchAdapter$DispatchingInvocationHandler.invoke(ProxyDispatchAdapter.java:93)
	at com.sun.proxy.$Proxy2.processTestClass(Unknown Source)
	at org.gradle.api.internal.tasks.testing.worker.TestWorker.processTestClass(TestWorker.java:106)
	at sun.reflect.GeneratedMethodAccessor125.invoke(Unknown Source)
	at sun.reflect.DelegatingMethodAccessorImpl.invoke(DelegatingMethodAccessorImpl.java:43)
	at java.lang.reflect.Method.invoke(Method.java:606)
	at org.gradle.messaging.dispatch.ReflectionDispatch.dispatch(ReflectionDispatch.java:35)
	at org.gradle.messaging.dispatch.ReflectionDispatch.dispatch(ReflectionDispatch.java:24)
	at org.gradle.messaging.remote.internal.hub.MessageHub$Handler.run(MessageHub.java:360)
	at org.gradle.internal.concurrent.DefaultExecutorFactory$StoppableExecutorImpl$1.run(DefaultExecutorFactory.java:64)
	at java.util.concurrent.ThreadPoolExecutor.runWorker(ThreadPoolExecutor.java:1145)
	at java.util.concurrent.ThreadPoolExecutor$Worker.run(ThreadPoolExecutor.java:615)
	at java.lang.Thread.run(Thread.java:745)
]]></system-err>
</testsuite>
