<?xml version="1.0" encoding="UTF-8"?>
<testsuite name="com.app.server.service.organization.locationmanagement.AddressTestCase" tests="9" skipped="0" failures="0" errors="0" timestamp="2016-09-21T06:35:42" hostname="ab5a12c16337" time="0.979">
  <properties/>
  <testcase name="test1Save" classname="com.app.server.service.organization.locationmanagement.AddressTestCase" time="0.395"/>
  <testcase name="test2Update" classname="com.app.server.service.organization.locationmanagement.AddressTestCase" time="0.064"/>
  <testcase name="test3FindById" classname="com.app.server.service.organization.locationmanagement.AddressTestCase" time="0.027"/>
  <testcase name="test3findByaddressTypeId" classname="com.app.server.service.organization.locationmanagement.AddressTestCase" time="0.029"/>
  <testcase name="test3findBycityId" classname="com.app.server.service.organization.locationmanagement.AddressTestCase" time="0.031"/>
  <testcase name="test3findBycountryId" classname="com.app.server.service.organization.locationmanagement.AddressTestCase" time="0.031"/>
  <testcase name="test3findBystateId" classname="com.app.server.service.organization.locationmanagement.AddressTestCase" time="0.029"/>
  <testcase name="test5NegativeTesting" classname="com.app.server.service.organization.locationmanagement.AddressTestCase" time="0.021"/>
  <testcase name="test6Delete" classname="com.app.server.service.organization.locationmanagement.AddressTestCase" time="0.348"/>
  <system-out><![CDATA[Wed Sep 21 06:35:42 UTC 2016|Log Manager Factory|Initialization Process started.....
Wed Sep 21 06:35:42 UTC 2016|Log Manager|Initialized with Path = [/home/applifire/workspace/testpro/src/main/webapp/WEB-INF/conf]
Wed Sep 21 06:35:42 UTC 2016|Alarm Manager|Initialized with Path = [/home/applifire/workspace/testpro/src/main/webapp/WEB-INF/conf]
Wed Sep 21 06:35:42 UTC 2016|Alarm Manager|Loading Alarms ......
Wed Sep 21 06:35:42 UTC 2016|Alarm XML Parser|FWA|XML Parsing Complete........ 
Wed Sep 21 06:35:42 UTC 2016|Alarm File Manager|FWA|Alarm File Status.. [ApplicationFrameworkAlarms.xml]|Version=15|Status=Done 
Wed Sep 21 06:35:42 UTC 2016|Alarm File Manager|FWA|Alarm Stats = ( BC/AL=5/786 SYS=5/11 [786/0]  TPL=0/0 [0/0]  APP= A.Map=[875]  E.Map EC/RC=[391/79] )
Wed Sep 21 06:35:42 UTC 2016|Alarm XML Parser|APP|XML Parsing Complete........ 
Wed Sep 21 06:35:42 UTC 2016|Alarm File Manager|APP|Alarm File Status.. [ApplicationAlarms.xml]|Version=1|Status=Done 
Wed Sep 21 06:35:42 UTC 2016|Alarm File Manager|APP|Alarm Stats = ( BC/AL=5/786 SYS=5/11 [786/0]  TPL=0/0 [0/0]  APP=0/0 [0/0]  A.Map=[875]  E.Map EC/RC=[391/79] )
Wed Sep 21 06:35:42 UTC 2016|ApplicationAlarmContext| <><><><><> Create App Alarms ....  <><><><><> 
Wed Sep 21 06:35:42 UTC 2016|ApplicationAlarmContext|Alarms are generated ONLY in Development Mode.. 
Wed Sep 21 06:35:42 UTC 2016|Alarm Manager|APP|Alarm Stats = ( BC/AL=5/786 SYS=5/11 [786/0]  TPL=0/0 [0/0]  APP=0/0 [0/0]  A.Map=[875]  E.Map EC/RC=[391/79] )
Wed Sep 21 06:35:42 UTC 2016|Alarm Manager|Initialized Exception Lookup...
Wed Sep 21 06:35:42 UTC 2016|Log Manager|Initialize Log Config File ......
Wed Sep 21 06:35:42 UTC 2016|Pluggable Connectors|Adding Connectors : StandardOutputConnector isEnabled=true isDefault=false isFallBack=true
Wed Sep 21 06:35:42 UTC 2016|Pluggable Connectors|Adding Connectors : StandardFileConnector isEnabled=true isDefault=false isFallBack=false
Wed Sep 21 06:35:42 UTC 2016|Pluggable Connectors|Adding Connectors : Sprinkler isEnabled=true isDefault=true isFallBack=false
Wed Sep 21 06:35:42 UTC 2016|Pluggable Connectors|Default Connector Name : com.spartan.logger.core.LogMessenger
Wed Sep 21 06:35:42 UTC 2016|Log Config Parser|Connector Least Log Level =[4]  FallBack Log Level =[3]
Wed Sep 21 06:35:42 UTC 2016|Log Manager|Loading Default Connector for Logging ......
Wed Sep 21 06:35:42 UTC 2016|Log Manager|Loading class .. com.spartan.logger.core.LogMessenger
Wed Sep 21 06:35:42 UTC 2016|Plugggable Connector|Connector class com.spartan.logger.core.LogMessenger Initialized... @ Log Level = 3
Wed Sep 21 06:35:42 UTC 2016|Log Manager|Starting the Default Connector [com.spartan.logger.core.LogMessenger@7fe3bf68] ....
Wed Sep 21 06:35:42 UTC 2016|Scheduler|Starting the Scheduler ......
Wed Sep 21 06:35:42 UTC 2016|Scheduler|Adding [LMID=[b53b3b4c-eae5-4dab-b5a8-91035a9d6d6b]] Delay=5 Time Unit=MINUTES
Wed Sep 21 06:35:42 UTC 2016|Scheduler|Adding [App Alarm Manager File=[ApplicationAlarms.xml]] Delay=30 Time Unit=MINUTES
Wed Sep 21 06:35:42 UTC 2016|Scheduler|Adding [FW Alarm Manager File=[ApplicationFrameworkAlarms.xml]] Delay=3 Time Unit=MINUTES
Wed Sep 21 06:35:42 UTC 2016|Scheduler|Startup Completed..
Wed Sep 21 06:35:42 UTC 2016|Log Manager|Initialization Process Complete ......
Wed Sep 21 06:35:42 UTC 2016|Log Manager Factory|Log Manager READY! ID = b53b3b4c-eae5-4dab-b5a8-91035a9d6d6b
[EL Finer]: connection: 2016-09-21 06:35:42.141--ServerSession(993367760)--Thread(Thread[Test worker,5,main])--client acquired: 1981672766
[EL Finer]: transaction: 2016-09-21 06:35:42.141--ClientSession(1981672766)--Thread(Thread[Test worker,5,main])--acquire unit of work: 650296839
[EL Finest]: connection: 2016-09-21 06:35:42.141--ServerSession(993367760)--Connection(994693490)--Thread(Thread[Test worker,5,main])--Connection acquired from connection pool [default].
[EL Finer]: transaction: 2016-09-21 06:35:42.141--ClientSession(1981672766)--Connection(994693490)--Thread(Thread[Test worker,5,main])--begin transaction
[EL Finest]: connection: 2016-09-21 06:35:42.141--ClientSession(1981672766)--Thread(Thread[Test worker,5,main])--reconnecting to external connection pool
Wed Sep 21 06:35:42 UTC 2016|Unknown Alarm = ORGLM312100100 Alarm Split = ORG-LM-3-1-2-100-100
[EL Finest]: transaction: 2016-09-21 06:35:42.144--UnitOfWork(650296839)--Thread(Thread[Test worker,5,main])--persist() operation called on: c2x7roHVcCJyvk36OYvLu8C44o4x8iOPhJJg3gfJx58rjIuT2Z.
[EL Finest]: sequencing: 2016-09-21 06:35:42.144--UnitOfWork(650296839)--Thread(Thread[Test worker,5,main])--assign sequence to the object (258F87DB-B7F2-4DE9-9AEB-7D995FBF31B3 -> c2x7roHVcCJyvk36OYvLu8C44o4x8iOPhJJg3gfJx58rjIuT2Z)
[EL Finer]: transaction: 2016-09-21 06:35:42.144--UnitOfWork(650296839)--Thread(Thread[Test worker,5,main])--begin unit of work commit
[EL Finest]: query: 2016-09-21 06:35:42.145--UnitOfWork(650296839)--Thread(Thread[Test worker,5,main])--Execute query InsertObjectQuery(c2x7roHVcCJyvk36OYvLu8C44o4x8iOPhJJg3gfJx58rjIuT2Z)
[EL Fine]: sql: 2016-09-21 06:35:42.145--ClientSession(1981672766)--Connection(1922883149)--Thread(Thread[Test worker,5,main])--INSERT INTO AddressType (addressTypeId, addressType, addressTypeDesc, addressTypeIcon, versionId, createdBy, createdDate, updatedBy, updatedDate, activeStatus, txnAccessCode) VALUES (?, ?, ?, ?, ?, ?, ?, ?, ?, ?, ?)
	bind => [258F87DB-B7F2-4DE9-9AEB-7D995FBF31B3, c2x7roHVcCJyvk36OYvLu8C44o4x8iOPhJJg3gfJx58rjIuT2Z, Xs7MYUPjNeOhHfsTsFod3pYYFlfQyiuzVk1fxDr4dm4FJ5cFio, egouy5wy8Hag5Knr5aNiJhGgZgpl8UISwbIrNQ9LSuttRSZ2fO, 1, AAAAA, 2016-09-21 06:35:42.114, AAAAA, 2016-09-21 06:35:42.114, 1, 51000]
[EL Finer]: transaction: 2016-09-21 06:35:42.146--ClientSession(1981672766)--Connection(1922883149)--Thread(Thread[Test worker,5,main])--commit transaction
[EL Finest]: connection: 2016-09-21 06:35:42.191--ServerSession(993367760)--Connection(994693490)--Thread(Thread[Test worker,5,main])--Connection released to connection pool [default].
[EL Finer]: transaction: 2016-09-21 06:35:42.191--UnitOfWork(650296839)--Thread(Thread[Test worker,5,main])--end unit of work commit
[EL Finer]: transaction: 2016-09-21 06:35:42.191--UnitOfWork(650296839)--Thread(Thread[Test worker,5,main])--resume unit of work
[EL Finer]: transaction: 2016-09-21 06:35:42.191--UnitOfWork(650296839)--Thread(Thread[Test worker,5,main])--release unit of work
[EL Finer]: connection: 2016-09-21 06:35:42.191--ClientSession(1981672766)--Thread(Thread[Test worker,5,main])--client released
[EL Finer]: connection: 2016-09-21 06:35:42.218--ServerSession(993367760)--Thread(Thread[Test worker,5,main])--client acquired: 1931568189
[EL Finer]: transaction: 2016-09-21 06:35:42.218--ClientSession(1931568189)--Thread(Thread[Test worker,5,main])--acquire unit of work: 356260824
[EL Finest]: connection: 2016-09-21 06:35:42.218--ServerSession(993367760)--Connection(491261132)--Thread(Thread[Test worker,5,main])--Connection acquired from connection pool [default].
[EL Finer]: transaction: 2016-09-21 06:35:42.218--ClientSession(1931568189)--Connection(491261132)--Thread(Thread[Test worker,5,main])--begin transaction
[EL Finest]: connection: 2016-09-21 06:35:42.218--ClientSession(1931568189)--Thread(Thread[Test worker,5,main])--reconnecting to external connection pool
Wed Sep 21 06:35:42 UTC 2016|Unknown Alarm = ORGLM312100100 Alarm Split = ORG-LM-3-1-2-100-100
[EL Finest]: transaction: 2016-09-21 06:35:42.223--UnitOfWork(356260824)--Thread(Thread[Test worker,5,main])--persist() operation called on: uxZqIMBLzXPHAWUbtEBiDAyU0SSP7uAZlmVHChlCYmqSnoRX24.
[EL Finest]: sequencing: 2016-09-21 06:35:42.223--UnitOfWork(356260824)--Thread(Thread[Test worker,5,main])--assign sequence to the object (83427E66-E63C-4A9B-83FE-695F674CA3EB -> uxZqIMBLzXPHAWUbtEBiDAyU0SSP7uAZlmVHChlCYmqSnoRX24)
[EL Finer]: transaction: 2016-09-21 06:35:42.223--UnitOfWork(356260824)--Thread(Thread[Test worker,5,main])--begin unit of work commit
[EL Finest]: query: 2016-09-21 06:35:42.223--UnitOfWork(356260824)--Thread(Thread[Test worker,5,main])--Execute query InsertObjectQuery(uxZqIMBLzXPHAWUbtEBiDAyU0SSP7uAZlmVHChlCYmqSnoRX24)
[EL Fine]: sql: 2016-09-21 06:35:42.224--ClientSession(1931568189)--Connection(1323636598)--Thread(Thread[Test worker,5,main])--INSERT INTO Country (countryId, capital, capitalLatitude, capitalLongitude, countryCode1, countryCode2, countryFlag, countryName, currencyCode, currencyName, currencySymbol, isoNumeric, versionId, createdBy, createdDate, updatedBy, updatedDate, activeStatus, txnAccessCode) VALUES (?, ?, ?, ?, ?, ?, ?, ?, ?, ?, ?, ?, ?, ?, ?, ?, ?, ?, ?)
	bind => [83427E66-E63C-4A9B-83FE-695F674CA3EB, hpdlHOHJhUNEE7BOtQlvvNKK44HRzWHt, 6, 9, phc, goU, qOSTJ46hHO8BQiFJZGkpX4N2uOVhbpwjyLwGMvA4ifjey6tPzx, uxZqIMBLzXPHAWUbtEBiDAyU0SSP7uAZlmVHChlCYmqSnoRX24, eg7, dgsPXseGn9OBNXOFc8Zk1ChMsK9Ao1RAtSdYWqp3vdQDytgK2B, Ru9eweH77BTyyMipPPN1E24UgoEHEomZ, 292, 1, AAAAA, 2016-09-21 06:35:42.191, AAAAA, 2016-09-21 06:35:42.191, 1, 51000]
[EL Finer]: transaction: 2016-09-21 06:35:42.225--ClientSession(1931568189)--Connection(1323636598)--Thread(Thread[Test worker,5,main])--commit transaction
[EL Finest]: connection: 2016-09-21 06:35:42.274--ServerSession(993367760)--Connection(491261132)--Thread(Thread[Test worker,5,main])--Connection released to connection pool [default].
[EL Finer]: transaction: 2016-09-21 06:35:42.274--UnitOfWork(356260824)--Thread(Thread[Test worker,5,main])--end unit of work commit
[EL Finer]: transaction: 2016-09-21 06:35:42.274--UnitOfWork(356260824)--Thread(Thread[Test worker,5,main])--resume unit of work
[EL Finer]: transaction: 2016-09-21 06:35:42.274--UnitOfWork(356260824)--Thread(Thread[Test worker,5,main])--release unit of work
[EL Finer]: connection: 2016-09-21 06:35:42.274--ClientSession(1931568189)--Thread(Thread[Test worker,5,main])--client released
[EL Finer]: connection: 2016-09-21 06:35:42.302--ServerSession(993367760)--Thread(Thread[Test worker,5,main])--client acquired: 1632856487
[EL Finer]: transaction: 2016-09-21 06:35:42.302--ClientSession(1632856487)--Thread(Thread[Test worker,5,main])--acquire unit of work: 725451996
[EL Finest]: connection: 2016-09-21 06:35:42.302--ServerSession(993367760)--Connection(1407032753)--Thread(Thread[Test worker,5,main])--Connection acquired from connection pool [default].
[EL Finer]: transaction: 2016-09-21 06:35:42.302--ClientSession(1632856487)--Connection(1407032753)--Thread(Thread[Test worker,5,main])--begin transaction
[EL Finest]: connection: 2016-09-21 06:35:42.302--ClientSession(1632856487)--Thread(Thread[Test worker,5,main])--reconnecting to external connection pool
Wed Sep 21 06:35:42 UTC 2016|Unknown Alarm = ORGLM312100100 Alarm Split = ORG-LM-3-1-2-100-100
[EL Finest]: transaction: 2016-09-21 06:35:42.306--UnitOfWork(725451996)--Thread(Thread[Test worker,5,main])--persist() operation called on: EY0eZ4d29tWDVVj7MMD6hl4K9YlOk53m9hA5wvNDgG6U0WCKF0.
[EL Finest]: sequencing: 2016-09-21 06:35:42.306--UnitOfWork(725451996)--Thread(Thread[Test worker,5,main])--assign sequence to the object (6A6E8D8E-6D89-4DF7-AD07-CA13353AF20F -> EY0eZ4d29tWDVVj7MMD6hl4K9YlOk53m9hA5wvNDgG6U0WCKF0)
[EL Finer]: transaction: 2016-09-21 06:35:42.307--UnitOfWork(725451996)--Thread(Thread[Test worker,5,main])--begin unit of work commit
[EL Finest]: query: 2016-09-21 06:35:42.307--UnitOfWork(725451996)--Thread(Thread[Test worker,5,main])--Execute query InsertObjectQuery(EY0eZ4d29tWDVVj7MMD6hl4K9YlOk53m9hA5wvNDgG6U0WCKF0)
[EL Fine]: sql: 2016-09-21 06:35:42.307--ClientSession(1632856487)--Connection(295874737)--Thread(Thread[Test worker,5,main])--INSERT INTO State (stateId, countryId, stateCapital, stateCapitalLatitude, stateCapitalLongitude, stateCode, stateCodeChar2, stateCodeChar3, stateDescription, stateFlag, stateName, versionId, createdBy, createdDate, updatedBy, updatedDate, activeStatus, txnAccessCode) VALUES (?, ?, ?, ?, ?, ?, ?, ?, ?, ?, ?, ?, ?, ?, ?, ?, ?, ?)
	bind => [6A6E8D8E-6D89-4DF7-AD07-CA13353AF20F, 83427E66-E63C-4A9B-83FE-695F674CA3EB, N5ooXWiH8R6f45KCKQ8Zs7qkNSdPPKq4DPAQo6QCj5886yvk7j, 5, 3, 1, U0OjADGRIBpb92D9zkKPVxUNDLCKl3uX, 5hGXXt54nYDm6KxYmDlvDQKpIQrs4mj2, Hx00XdQOuvJnOVq5xutp4dzZKtVFwRy5pgdwn0Cl46G98K74YH, 2Xd7Uo6yzAo92amvuSSr48xlixAjlleSzIF4tpG6t9Xi8Pg4Tr, EY0eZ4d29tWDVVj7MMD6hl4K9YlOk53m9hA5wvNDgG6U0WCKF0, 1, AAAAA, 2016-09-21 06:35:42.191, AAAAA, 2016-09-21 06:35:42.191, 1, 51000]
[EL Finer]: transaction: 2016-09-21 06:35:42.308--ClientSession(1632856487)--Connection(295874737)--Thread(Thread[Test worker,5,main])--commit transaction
[EL Finest]: connection: 2016-09-21 06:35:42.349--ServerSession(993367760)--Connection(1407032753)--Thread(Thread[Test worker,5,main])--Connection released to connection pool [default].
[EL Finer]: transaction: 2016-09-21 06:35:42.349--UnitOfWork(725451996)--Thread(Thread[Test worker,5,main])--end unit of work commit
[EL Finer]: transaction: 2016-09-21 06:35:42.349--UnitOfWork(725451996)--Thread(Thread[Test worker,5,main])--resume unit of work
[EL Finer]: transaction: 2016-09-21 06:35:42.349--UnitOfWork(725451996)--Thread(Thread[Test worker,5,main])--release unit of work
[EL Finer]: connection: 2016-09-21 06:35:42.349--ClientSession(1632856487)--Thread(Thread[Test worker,5,main])--client released
[EL Finer]: connection: 2016-09-21 06:35:42.372--ServerSession(993367760)--Thread(Thread[Test worker,5,main])--client acquired: 1435716787
[EL Finer]: transaction: 2016-09-21 06:35:42.372--ClientSession(1435716787)--Thread(Thread[Test worker,5,main])--acquire unit of work: 965781417
[EL Finest]: connection: 2016-09-21 06:35:42.372--ServerSession(993367760)--Connection(1206871493)--Thread(Thread[Test worker,5,main])--Connection acquired from connection pool [default].
[EL Finer]: transaction: 2016-09-21 06:35:42.372--ClientSession(1435716787)--Connection(1206871493)--Thread(Thread[Test worker,5,main])--begin transaction
[EL Finest]: connection: 2016-09-21 06:35:42.372--ClientSession(1435716787)--Thread(Thread[Test worker,5,main])--reconnecting to external connection pool
Wed Sep 21 06:35:42 UTC 2016|Unknown Alarm = ORGLM312100100 Alarm Split = ORG-LM-3-1-2-100-100
[EL Finest]: transaction: 2016-09-21 06:35:42.375--UnitOfWork(965781417)--Thread(Thread[Test worker,5,main])--persist() operation called on: JrtAf6Yb2cJUDLGz81dDIX9ZekpBx4qMC0CV3ogsHpMDGnNF2r,nfOk2UDTHILJVafRWEmGGhxG4X23W2jN,1.
[EL Finest]: sequencing: 2016-09-21 06:35:42.375--UnitOfWork(965781417)--Thread(Thread[Test worker,5,main])--assign sequence to the object (F160CD3C-D282-45F0-8716-DF644F0AD9CF -> JrtAf6Yb2cJUDLGz81dDIX9ZekpBx4qMC0CV3ogsHpMDGnNF2r,nfOk2UDTHILJVafRWEmGGhxG4X23W2jN,1)
[EL Finer]: transaction: 2016-09-21 06:35:42.376--UnitOfWork(965781417)--Thread(Thread[Test worker,5,main])--begin unit of work commit
[EL Finest]: query: 2016-09-21 06:35:42.376--UnitOfWork(965781417)--Thread(Thread[Test worker,5,main])--Execute query InsertObjectQuery(JrtAf6Yb2cJUDLGz81dDIX9ZekpBx4qMC0CV3ogsHpMDGnNF2r,nfOk2UDTHILJVafRWEmGGhxG4X23W2jN,1)
[EL Fine]: sql: 2016-09-21 06:35:42.377--ClientSession(1435716787)--Connection(1043761910)--Thread(Thread[Test worker,5,main])--INSERT INTO City (cityId, cityCode, cityCodeChar2, cityDescription, cityFlag, cityLatitude, cityLongitude, cityName, countryId, stateId, versionId, createdBy, createdDate, updatedBy, updatedDate, activeStatus, txnAccessCode) VALUES (?, ?, ?, ?, ?, ?, ?, ?, ?, ?, ?, ?, ?, ?, ?, ?, ?)
	bind => [F160CD3C-D282-45F0-8716-DF644F0AD9CF, 1, nfOk2UDTHILJVafRWEmGGhxG4X23W2jN, oPV4BprzkUu76IEGXciGbjqQ2CK4qr7MXGeE1mVTYWzoUY8nBh, uxfU19OOVQocuZkrmOtqCshDyEBiNc3XWmF0m7F1UncaLOxdyI, 3, 1, JrtAf6Yb2cJUDLGz81dDIX9ZekpBx4qMC0CV3ogsHpMDGnNF2r, 83427E66-E63C-4A9B-83FE-695F674CA3EB, 6A6E8D8E-6D89-4DF7-AD07-CA13353AF20F, 1, AAAAA, 2016-09-21 06:35:42.191, AAAAA, 2016-09-21 06:35:42.191, 1, 51000]
[EL Finer]: transaction: 2016-09-21 06:35:42.378--ClientSession(1435716787)--Connection(1043761910)--Thread(Thread[Test worker,5,main])--commit transaction
[EL Finest]: connection: 2016-09-21 06:35:42.415--ServerSession(993367760)--Connection(1206871493)--Thread(Thread[Test worker,5,main])--Connection released to connection pool [default].
[EL Finer]: transaction: 2016-09-21 06:35:42.415--UnitOfWork(965781417)--Thread(Thread[Test worker,5,main])--end unit of work commit
[EL Finer]: transaction: 2016-09-21 06:35:42.415--UnitOfWork(965781417)--Thread(Thread[Test worker,5,main])--resume unit of work
[EL Finer]: transaction: 2016-09-21 06:35:42.416--UnitOfWork(965781417)--Thread(Thread[Test worker,5,main])--release unit of work
[EL Finer]: connection: 2016-09-21 06:35:42.416--ClientSession(1435716787)--Thread(Thread[Test worker,5,main])--client released
[EL Finer]: connection: 2016-09-21 06:35:42.436--ServerSession(993367760)--Thread(Thread[Test worker,5,main])--client acquired: 1122873135
[EL Finer]: transaction: 2016-09-21 06:35:42.436--ClientSession(1122873135)--Thread(Thread[Test worker,5,main])--acquire unit of work: 42490109
[EL Finest]: connection: 2016-09-21 06:35:42.436--ServerSession(993367760)--Connection(1166691159)--Thread(Thread[Test worker,5,main])--Connection acquired from connection pool [default].
[EL Finer]: transaction: 2016-09-21 06:35:42.436--ClientSession(1122873135)--Connection(1166691159)--Thread(Thread[Test worker,5,main])--begin transaction
[EL Finest]: connection: 2016-09-21 06:35:42.436--ClientSession(1122873135)--Thread(Thread[Test worker,5,main])--reconnecting to external connection pool
Wed Sep 21 06:35:42 UTC 2016|Unknown Alarm = ORGLM312100100 Alarm Split = ORG-LM-3-1-2-100-100
[EL Finest]: transaction: 2016-09-21 06:35:42.437--UnitOfWork(42490109)--Thread(Thread[Test worker,5,main])--persist() operation called on: HQ2wkg.
[EL Finest]: sequencing: 2016-09-21 06:35:42.437--UnitOfWork(42490109)--Thread(Thread[Test worker,5,main])--assign sequence to the object (418977D7-3421-4E46-96E7-6CAB9D641711 -> HQ2wkg)
[EL Finer]: transaction: 2016-09-21 06:35:42.437--UnitOfWork(42490109)--Thread(Thread[Test worker,5,main])--begin unit of work commit
[EL Finest]: query: 2016-09-21 06:35:42.438--UnitOfWork(42490109)--Thread(Thread[Test worker,5,main])--Execute query InsertObjectQuery(HQ2wkg)
[EL Fine]: sql: 2016-09-21 06:35:42.438--ClientSession(1122873135)--Connection(1870064586)--Thread(Thread[Test worker,5,main])--INSERT INTO Address (addressId, address1, address2, address3, addressLabel, addressTypeId, cityId, countryId, latitude, longitude, stateId, versionId, zipcode, createdBy, createdDate, updatedBy, updatedDate, activeStatus, txnAccessCode, multiTenantId) VALUES (?, ?, ?, ?, ?, ?, ?, ?, ?, ?, ?, ?, ?, ?, ?, ?, ?, ?, ?, ?)
	bind => [418977D7-3421-4E46-96E7-6CAB9D641711, efA52KfNRASSuHLC994Cn0Q5AzxqnZla6Q8IJVPWAD82zDbfSJ, NLxvVKebYn7EWy1uriKtwUaq5SvQ01Ecg0th7HG0drBgpHJyo7, 0b65QXpBycFlQD31Kwj3o79rIbsQ5gsIOlLlo6CqT4U5JGFRFr, MivPIhwSFh7, 258F87DB-B7F2-4DE9-9AEB-7D995FBF31B3, F160CD3C-D282-45F0-8716-DF644F0AD9CF, 83427E66-E63C-4A9B-83FE-695F674CA3EB, S4ugNuRYczuSZZIQvkFhQ4wv8nCP462VseMMAY30bg3RYAPZ0U, 70h8v1WHuUFNPKq4Ct57irr1kguM24ZLPL8gut5k6Qy6GwMQYr, 6A6E8D8E-6D89-4DF7-AD07-CA13353AF20F, 1, HQ2wkg, AAAAA, 2016-09-21 06:35:42.416, AAAAA, 2016-09-21 06:35:42.416, 1, 51000, appCreateValue]
[EL Finer]: transaction: 2016-09-21 06:35:42.439--ClientSession(1122873135)--Connection(1870064586)--Thread(Thread[Test worker,5,main])--commit transaction
[EL Finest]: connection: 2016-09-21 06:35:42.465--ServerSession(993367760)--Connection(1166691159)--Thread(Thread[Test worker,5,main])--Connection released to connection pool [default].
[EL Finer]: transaction: 2016-09-21 06:35:42.465--UnitOfWork(42490109)--Thread(Thread[Test worker,5,main])--end unit of work commit
[EL Finer]: transaction: 2016-09-21 06:35:42.465--UnitOfWork(42490109)--Thread(Thread[Test worker,5,main])--resume unit of work
[EL Finer]: transaction: 2016-09-21 06:35:42.465--UnitOfWork(42490109)--Thread(Thread[Test worker,5,main])--release unit of work
[EL Finer]: connection: 2016-09-21 06:35:42.465--ClientSession(1122873135)--Thread(Thread[Test worker,5,main])--client released
[EL Finer]: connection: 2016-09-21 06:35:42.488--ServerSession(993367760)--Thread(Thread[Test worker,5,main])--client acquired: 98347921
[EL Finer]: transaction: 2016-09-21 06:35:42.489--ClientSession(98347921)--Thread(Thread[Test worker,5,main])--acquire unit of work: 1518583704
[EL Finest]: connection: 2016-09-21 06:35:42.489--ServerSession(993367760)--Connection(2140652180)--Thread(Thread[Test worker,5,main])--Connection acquired from connection pool [default].
[EL Finer]: transaction: 2016-09-21 06:35:42.489--ClientSession(98347921)--Connection(2140652180)--Thread(Thread[Test worker,5,main])--begin transaction
[EL Finest]: connection: 2016-09-21 06:35:42.489--ClientSession(98347921)--Thread(Thread[Test worker,5,main])--reconnecting to external connection pool
[EL Finer]: transaction: 2016-09-21 06:35:42.49--UnitOfWork(1518583704)--Thread(Thread[Test worker,5,main])--begin unit of work flush
[EL Finer]: transaction: 2016-09-21 06:35:42.491--UnitOfWork(1518583704)--Thread(Thread[Test worker,5,main])--end unit of work flush
[EL Finest]: query: 2016-09-21 06:35:42.491--UnitOfWork(1518583704)--Thread(Thread[Test worker,5,main])--Execute query ReadAllQuery(name="Address.findById" referenceClass=Address sql="SELECT addressId, multiTenantId, address1, address2, address3, addressLabel, addressTypeId, cityId, countryId, latitude, longitude, stateId, versionId, zipcode, createdBy, createdDate, updatedBy, updatedDate, activeStatus, txnAccessCode FROM Address WHERE (((activeStatus = ?) AND (addressId = ?)) AND (multiTenantId = ?))")
[EL Fine]: sql: 2016-09-21 06:35:42.491--ClientSession(98347921)--Connection(1417102547)--Thread(Thread[Test worker,5,main])--SELECT addressId, multiTenantId, address1, address2, address3, addressLabel, addressTypeId, cityId, countryId, latitude, longitude, stateId, versionId, zipcode, createdBy, createdDate, updatedBy, updatedDate, activeStatus, txnAccessCode FROM Address WHERE (((activeStatus = ?) AND (addressId = ?)) AND (multiTenantId = ?))
	bind => [1, 418977D7-3421-4E46-96E7-6CAB9D641711, appCreateValue]
[EL Finer]: transaction: 2016-09-21 06:35:42.493--UnitOfWork(1518583704)--Thread(Thread[Test worker,5,main])--begin unit of work commit
[EL Finer]: transaction: 2016-09-21 06:35:42.494--ClientSession(98347921)--Connection(1417102547)--Thread(Thread[Test worker,5,main])--commit transaction
[EL Finest]: connection: 2016-09-21 06:35:42.494--ServerSession(993367760)--Connection(2140652180)--Thread(Thread[Test worker,5,main])--Connection released to connection pool [default].
[EL Finer]: transaction: 2016-09-21 06:35:42.494--UnitOfWork(1518583704)--Thread(Thread[Test worker,5,main])--end unit of work commit
[EL Finer]: transaction: 2016-09-21 06:35:42.494--UnitOfWork(1518583704)--Thread(Thread[Test worker,5,main])--resume unit of work
[EL Finer]: transaction: 2016-09-21 06:35:42.494--UnitOfWork(1518583704)--Thread(Thread[Test worker,5,main])--release unit of work
[EL Finer]: connection: 2016-09-21 06:35:42.495--ClientSession(98347921)--Thread(Thread[Test worker,5,main])--client released
[EL Finer]: connection: 2016-09-21 06:35:42.495--ServerSession(993367760)--Thread(Thread[Test worker,5,main])--client acquired: 1074928922
[EL Finer]: transaction: 2016-09-21 06:35:42.495--ClientSession(1074928922)--Thread(Thread[Test worker,5,main])--acquire unit of work: 1697953490
[EL Finest]: connection: 2016-09-21 06:35:42.495--ServerSession(993367760)--Connection(1741605094)--Thread(Thread[Test worker,5,main])--Connection acquired from connection pool [default].
[EL Finer]: transaction: 2016-09-21 06:35:42.495--ClientSession(1074928922)--Connection(1741605094)--Thread(Thread[Test worker,5,main])--begin transaction
[EL Finest]: connection: 2016-09-21 06:35:42.495--ClientSession(1074928922)--Thread(Thread[Test worker,5,main])--reconnecting to external connection pool
[EL Finest]: transaction: 2016-09-21 06:35:42.5--UnitOfWork(1697953490)--Thread(Thread[Test worker,5,main])--Merge clone with references i3I5fc
[EL Finest]: query: 2016-09-21 06:35:42.5--UnitOfWork(1697953490)--Thread(Thread[Test worker,5,main])--Execute query ReadObjectQuery(referenceClass=Address )
[EL Fine]: sql: 2016-09-21 06:35:42.5--ClientSession(1074928922)--Connection(1537430723)--Thread(Thread[Test worker,5,main])--SELECT addressId, multiTenantId, address1, address2, address3, addressLabel, addressTypeId, cityId, countryId, latitude, longitude, stateId, versionId, zipcode, createdBy, createdDate, updatedBy, updatedDate, activeStatus, txnAccessCode FROM Address WHERE ((addressId = ?) AND (multiTenantId = ?))
	bind => [418977D7-3421-4E46-96E7-6CAB9D641711, appCreateValue]
[EL Finer]: transaction: 2016-09-21 06:35:42.503--UnitOfWork(1697953490)--Thread(Thread[Test worker,5,main])--begin unit of work commit
[EL Finest]: query: 2016-09-21 06:35:42.503--UnitOfWork(1697953490)--Thread(Thread[Test worker,5,main])--Execute query UpdateObjectQuery(i3I5fc)
[EL Fine]: sql: 2016-09-21 06:35:42.503--ClientSession(1074928922)--Connection(1537430723)--Thread(Thread[Test worker,5,main])--UPDATE Address SET address1 = ?, address2 = ?, address3 = ?, addressLabel = ?, latitude = ?, longitude = ?, zipcode = ?, versionId = ? WHERE ((addressId = ?) AND (versionId = ?))
	bind => [voayXLaIolhfxyw1erLSVwQRtnSVu68rlVHrIS15TkEYsQg58H, hDkagrxanWZ9edVHwTenKvOnDojtbsmM9xh1RjeQHdPWe0UvaB, bSxzE9iA8buTPtw1N2dFK7VMTfvZ6DcoEIejhkee8BuczKWlJQ, 9dgEBpblBtr, By9rP596mCwG6SEgokVzx2uN5NnEnnEGPunDlK99o6lBdOU4CZ, CTQ0a99FXd5cGG71r2nfuNZxjn4hAXgX1ihN8WU4FHwFvSpgx0, i3I5fc, 2, 418977D7-3421-4E46-96E7-6CAB9D641711, 1]
[EL Finer]: transaction: 2016-09-21 06:35:42.505--ClientSession(1074928922)--Connection(1537430723)--Thread(Thread[Test worker,5,main])--commit transaction
[EL Finest]: connection: 2016-09-21 06:35:42.53--ServerSession(993367760)--Connection(1741605094)--Thread(Thread[Test worker,5,main])--Connection released to connection pool [default].
[EL Finer]: transaction: 2016-09-21 06:35:42.53--UnitOfWork(1697953490)--Thread(Thread[Test worker,5,main])--end unit of work commit
[EL Finer]: transaction: 2016-09-21 06:35:42.53--UnitOfWork(1697953490)--Thread(Thread[Test worker,5,main])--resume unit of work
[EL Finer]: transaction: 2016-09-21 06:35:42.53--UnitOfWork(1697953490)--Thread(Thread[Test worker,5,main])--release unit of work
[EL Finer]: connection: 2016-09-21 06:35:42.53--ClientSession(1074928922)--Thread(Thread[Test worker,5,main])--client released
[EL Finer]: connection: 2016-09-21 06:35:42.554--ServerSession(993367760)--Thread(Thread[Test worker,5,main])--client acquired: 1707209667
[EL Finer]: transaction: 2016-09-21 06:35:42.554--ClientSession(1707209667)--Thread(Thread[Test worker,5,main])--acquire unit of work: 543865702
[EL Finest]: connection: 2016-09-21 06:35:42.554--ServerSession(993367760)--Connection(1060451882)--Thread(Thread[Test worker,5,main])--Connection acquired from connection pool [default].
[EL Finer]: transaction: 2016-09-21 06:35:42.554--ClientSession(1707209667)--Connection(1060451882)--Thread(Thread[Test worker,5,main])--begin transaction
[EL Finest]: connection: 2016-09-21 06:35:42.554--ClientSession(1707209667)--Thread(Thread[Test worker,5,main])--reconnecting to external connection pool
[EL Finer]: transaction: 2016-09-21 06:35:42.555--UnitOfWork(543865702)--Thread(Thread[Test worker,5,main])--begin unit of work flush
[EL Finer]: transaction: 2016-09-21 06:35:42.555--UnitOfWork(543865702)--Thread(Thread[Test worker,5,main])--end unit of work flush
[EL Finest]: query: 2016-09-21 06:35:42.555--UnitOfWork(543865702)--Thread(Thread[Test worker,5,main])--Execute query ReadAllQuery(name="Address.findById" referenceClass=Address sql="SELECT addressId, multiTenantId, address1, address2, address3, addressLabel, addressTypeId, cityId, countryId, latitude, longitude, stateId, versionId, zipcode, createdBy, createdDate, updatedBy, updatedDate, activeStatus, txnAccessCode FROM Address WHERE (((activeStatus = ?) AND (addressId = ?)) AND (multiTenantId = ?))")
[EL Fine]: sql: 2016-09-21 06:35:42.555--ClientSession(1707209667)--Connection(2085076391)--Thread(Thread[Test worker,5,main])--SELECT addressId, multiTenantId, address1, address2, address3, addressLabel, addressTypeId, cityId, countryId, latitude, longitude, stateId, versionId, zipcode, createdBy, createdDate, updatedBy, updatedDate, activeStatus, txnAccessCode FROM Address WHERE (((activeStatus = ?) AND (addressId = ?)) AND (multiTenantId = ?))
	bind => [1, 418977D7-3421-4E46-96E7-6CAB9D641711, appCreateValue]
[EL Finer]: transaction: 2016-09-21 06:35:42.557--UnitOfWork(543865702)--Thread(Thread[Test worker,5,main])--begin unit of work commit
[EL Finer]: transaction: 2016-09-21 06:35:42.557--ClientSession(1707209667)--Connection(2085076391)--Thread(Thread[Test worker,5,main])--commit transaction
[EL Finest]: connection: 2016-09-21 06:35:42.558--ServerSession(993367760)--Connection(1060451882)--Thread(Thread[Test worker,5,main])--Connection released to connection pool [default].
[EL Finer]: transaction: 2016-09-21 06:35:42.558--UnitOfWork(543865702)--Thread(Thread[Test worker,5,main])--end unit of work commit
[EL Finer]: transaction: 2016-09-21 06:35:42.558--UnitOfWork(543865702)--Thread(Thread[Test worker,5,main])--resume unit of work
[EL Finer]: transaction: 2016-09-21 06:35:42.558--UnitOfWork(543865702)--Thread(Thread[Test worker,5,main])--release unit of work
[EL Finer]: connection: 2016-09-21 06:35:42.558--ClientSession(1707209667)--Thread(Thread[Test worker,5,main])--client released
[EL Finer]: connection: 2016-09-21 06:35:42.583--ServerSession(993367760)--Thread(Thread[Test worker,5,main])--client acquired: 1968299815
[EL Finer]: transaction: 2016-09-21 06:35:42.583--ClientSession(1968299815)--Thread(Thread[Test worker,5,main])--acquire unit of work: 1376892317
[EL Finest]: connection: 2016-09-21 06:35:42.583--ServerSession(993367760)--Connection(145391747)--Thread(Thread[Test worker,5,main])--Connection acquired from connection pool [default].
[EL Finer]: transaction: 2016-09-21 06:35:42.584--ClientSession(1968299815)--Connection(145391747)--Thread(Thread[Test worker,5,main])--begin transaction
[EL Finest]: connection: 2016-09-21 06:35:42.584--ClientSession(1968299815)--Thread(Thread[Test worker,5,main])--reconnecting to external connection pool
[EL Finer]: transaction: 2016-09-21 06:35:42.585--UnitOfWork(1376892317)--Thread(Thread[Test worker,5,main])--begin unit of work flush
[EL Finer]: transaction: 2016-09-21 06:35:42.585--UnitOfWork(1376892317)--Thread(Thread[Test worker,5,main])--end unit of work flush
[EL Finest]: query: 2016-09-21 06:35:42.585--UnitOfWork(1376892317)--Thread(Thread[Test worker,5,main])--Execute query ReadAllQuery(name="Address.findByAddressTypeId" referenceClass=Address sql="SELECT addressId, multiTenantId, address1, address2, address3, addressLabel, addressTypeId, cityId, countryId, latitude, longitude, stateId, versionId, zipcode, createdBy, createdDate, updatedBy, updatedDate, activeStatus, txnAccessCode FROM Address WHERE (((activeStatus = ?) AND (addressTypeId = ?)) AND (multiTenantId = ?))")
[EL Fine]: sql: 2016-09-21 06:35:42.585--ClientSession(1968299815)--Connection(789708083)--Thread(Thread[Test worker,5,main])--SELECT addressId, multiTenantId, address1, address2, address3, addressLabel, addressTypeId, cityId, countryId, latitude, longitude, stateId, versionId, zipcode, createdBy, createdDate, updatedBy, updatedDate, activeStatus, txnAccessCode FROM Address WHERE (((activeStatus = ?) AND (addressTypeId = ?)) AND (multiTenantId = ?))
	bind => [1, 258F87DB-B7F2-4DE9-9AEB-7D995FBF31B3, appCreateValue]
[EL Finer]: transaction: 2016-09-21 06:35:42.587--UnitOfWork(1376892317)--Thread(Thread[Test worker,5,main])--begin unit of work commit
[EL Finer]: transaction: 2016-09-21 06:35:42.587--ClientSession(1968299815)--Connection(789708083)--Thread(Thread[Test worker,5,main])--commit transaction
[EL Finest]: connection: 2016-09-21 06:35:42.587--ServerSession(993367760)--Connection(145391747)--Thread(Thread[Test worker,5,main])--Connection released to connection pool [default].
[EL Finer]: transaction: 2016-09-21 06:35:42.587--UnitOfWork(1376892317)--Thread(Thread[Test worker,5,main])--end unit of work commit
[EL Finer]: transaction: 2016-09-21 06:35:42.587--UnitOfWork(1376892317)--Thread(Thread[Test worker,5,main])--resume unit of work
[EL Finer]: transaction: 2016-09-21 06:35:42.587--UnitOfWork(1376892317)--Thread(Thread[Test worker,5,main])--release unit of work
[EL Finer]: connection: 2016-09-21 06:35:42.587--ClientSession(1968299815)--Thread(Thread[Test worker,5,main])--client released
[EL Finer]: connection: 2016-09-21 06:35:42.612--ServerSession(993367760)--Thread(Thread[Test worker,5,main])--client acquired: 1220762093
[EL Finer]: transaction: 2016-09-21 06:35:42.612--ClientSession(1220762093)--Thread(Thread[Test worker,5,main])--acquire unit of work: 289733613
[EL Finest]: connection: 2016-09-21 06:35:42.612--ServerSession(993367760)--Connection(1207405942)--Thread(Thread[Test worker,5,main])--Connection acquired from connection pool [default].
[EL Finer]: transaction: 2016-09-21 06:35:42.612--ClientSession(1220762093)--Connection(1207405942)--Thread(Thread[Test worker,5,main])--begin transaction
[EL Finest]: connection: 2016-09-21 06:35:42.612--ClientSession(1220762093)--Thread(Thread[Test worker,5,main])--reconnecting to external connection pool
[EL Finer]: transaction: 2016-09-21 06:35:42.616--UnitOfWork(289733613)--Thread(Thread[Test worker,5,main])--begin unit of work flush
[EL Finer]: transaction: 2016-09-21 06:35:42.616--UnitOfWork(289733613)--Thread(Thread[Test worker,5,main])--end unit of work flush
[EL Finest]: query: 2016-09-21 06:35:42.617--UnitOfWork(289733613)--Thread(Thread[Test worker,5,main])--Execute query ReadAllQuery(name="Address.findByCityId" referenceClass=Address sql="SELECT addressId, multiTenantId, address1, address2, address3, addressLabel, addressTypeId, cityId, countryId, latitude, longitude, stateId, versionId, zipcode, createdBy, createdDate, updatedBy, updatedDate, activeStatus, txnAccessCode FROM Address WHERE (((activeStatus = ?) AND (cityId = ?)) AND (multiTenantId = ?))")
[EL Fine]: sql: 2016-09-21 06:35:42.617--ClientSession(1220762093)--Connection(1056898552)--Thread(Thread[Test worker,5,main])--SELECT addressId, multiTenantId, address1, address2, address3, addressLabel, addressTypeId, cityId, countryId, latitude, longitude, stateId, versionId, zipcode, createdBy, createdDate, updatedBy, updatedDate, activeStatus, txnAccessCode FROM Address WHERE (((activeStatus = ?) AND (cityId = ?)) AND (multiTenantId = ?))
	bind => [1, F160CD3C-D282-45F0-8716-DF644F0AD9CF, appCreateValue]
[EL Finer]: transaction: 2016-09-21 06:35:42.618--UnitOfWork(289733613)--Thread(Thread[Test worker,5,main])--begin unit of work commit
[EL Finer]: transaction: 2016-09-21 06:35:42.619--ClientSession(1220762093)--Connection(1056898552)--Thread(Thread[Test worker,5,main])--commit transaction
[EL Finest]: connection: 2016-09-21 06:35:42.619--ServerSession(993367760)--Connection(1207405942)--Thread(Thread[Test worker,5,main])--Connection released to connection pool [default].
[EL Finer]: transaction: 2016-09-21 06:35:42.619--UnitOfWork(289733613)--Thread(Thread[Test worker,5,main])--end unit of work commit
[EL Finer]: transaction: 2016-09-21 06:35:42.619--UnitOfWork(289733613)--Thread(Thread[Test worker,5,main])--resume unit of work
[EL Finer]: transaction: 2016-09-21 06:35:42.619--UnitOfWork(289733613)--Thread(Thread[Test worker,5,main])--release unit of work
[EL Finer]: connection: 2016-09-21 06:35:42.619--ClientSession(1220762093)--Thread(Thread[Test worker,5,main])--client released
[EL Finer]: connection: 2016-09-21 06:35:42.647--ServerSession(993367760)--Thread(Thread[Test worker,5,main])--client acquired: 2028347939
[EL Finer]: transaction: 2016-09-21 06:35:42.647--ClientSession(2028347939)--Thread(Thread[Test worker,5,main])--acquire unit of work: 1288398295
[EL Finest]: connection: 2016-09-21 06:35:42.647--ServerSession(993367760)--Connection(1032531364)--Thread(Thread[Test worker,5,main])--Connection acquired from connection pool [default].
[EL Finer]: transaction: 2016-09-21 06:35:42.647--ClientSession(2028347939)--Connection(1032531364)--Thread(Thread[Test worker,5,main])--begin transaction
[EL Finest]: connection: 2016-09-21 06:35:42.647--ClientSession(2028347939)--Thread(Thread[Test worker,5,main])--reconnecting to external connection pool
[EL Finer]: transaction: 2016-09-21 06:35:42.648--UnitOfWork(1288398295)--Thread(Thread[Test worker,5,main])--begin unit of work flush
[EL Finer]: transaction: 2016-09-21 06:35:42.649--UnitOfWork(1288398295)--Thread(Thread[Test worker,5,main])--end unit of work flush
[EL Finest]: query: 2016-09-21 06:35:42.649--UnitOfWork(1288398295)--Thread(Thread[Test worker,5,main])--Execute query ReadAllQuery(name="Address.findByCountryId" referenceClass=Address sql="SELECT addressId, multiTenantId, address1, address2, address3, addressLabel, addressTypeId, cityId, countryId, latitude, longitude, stateId, versionId, zipcode, createdBy, createdDate, updatedBy, updatedDate, activeStatus, txnAccessCode FROM Address WHERE (((activeStatus = ?) AND (countryId = ?)) AND (multiTenantId = ?))")
[EL Fine]: sql: 2016-09-21 06:35:42.649--ClientSession(2028347939)--Connection(554336134)--Thread(Thread[Test worker,5,main])--SELECT addressId, multiTenantId, address1, address2, address3, addressLabel, addressTypeId, cityId, countryId, latitude, longitude, stateId, versionId, zipcode, createdBy, createdDate, updatedBy, updatedDate, activeStatus, txnAccessCode FROM Address WHERE (((activeStatus = ?) AND (countryId = ?)) AND (multiTenantId = ?))
	bind => [1, 83427E66-E63C-4A9B-83FE-695F674CA3EB, appCreateValue]
[EL Finer]: transaction: 2016-09-21 06:35:42.65--UnitOfWork(1288398295)--Thread(Thread[Test worker,5,main])--begin unit of work commit
[EL Finer]: transaction: 2016-09-21 06:35:42.651--ClientSession(2028347939)--Connection(554336134)--Thread(Thread[Test worker,5,main])--commit transaction
[EL Finest]: connection: 2016-09-21 06:35:42.651--ServerSession(993367760)--Connection(1032531364)--Thread(Thread[Test worker,5,main])--Connection released to connection pool [default].
[EL Finer]: transaction: 2016-09-21 06:35:42.651--UnitOfWork(1288398295)--Thread(Thread[Test worker,5,main])--end unit of work commit
[EL Finer]: transaction: 2016-09-21 06:35:42.651--UnitOfWork(1288398295)--Thread(Thread[Test worker,5,main])--resume unit of work
[EL Finer]: transaction: 2016-09-21 06:35:42.651--UnitOfWork(1288398295)--Thread(Thread[Test worker,5,main])--release unit of work
[EL Finer]: connection: 2016-09-21 06:35:42.651--ClientSession(2028347939)--Thread(Thread[Test worker,5,main])--client released
[EL Finer]: connection: 2016-09-21 06:35:42.676--ServerSession(993367760)--Thread(Thread[Test worker,5,main])--client acquired: 1699526318
[EL Finer]: transaction: 2016-09-21 06:35:42.676--ClientSession(1699526318)--Thread(Thread[Test worker,5,main])--acquire unit of work: 258837879
[EL Finest]: connection: 2016-09-21 06:35:42.676--ServerSession(993367760)--Connection(1633847178)--Thread(Thread[Test worker,5,main])--Connection acquired from connection pool [default].
[EL Finer]: transaction: 2016-09-21 06:35:42.676--ClientSession(1699526318)--Connection(1633847178)--Thread(Thread[Test worker,5,main])--begin transaction
[EL Finest]: connection: 2016-09-21 06:35:42.676--ClientSession(1699526318)--Thread(Thread[Test worker,5,main])--reconnecting to external connection pool
[EL Finer]: transaction: 2016-09-21 06:35:42.677--UnitOfWork(258837879)--Thread(Thread[Test worker,5,main])--begin unit of work flush
[EL Finer]: transaction: 2016-09-21 06:35:42.677--UnitOfWork(258837879)--Thread(Thread[Test worker,5,main])--end unit of work flush
[EL Finest]: query: 2016-09-21 06:35:42.677--UnitOfWork(258837879)--Thread(Thread[Test worker,5,main])--Execute query ReadAllQuery(name="Address.findByStateId" referenceClass=Address sql="SELECT addressId, multiTenantId, address1, address2, address3, addressLabel, addressTypeId, cityId, countryId, latitude, longitude, stateId, versionId, zipcode, createdBy, createdDate, updatedBy, updatedDate, activeStatus, txnAccessCode FROM Address WHERE (((activeStatus = ?) AND (stateId = ?)) AND (multiTenantId = ?))")
[EL Fine]: sql: 2016-09-21 06:35:42.678--ClientSession(1699526318)--Connection(1178460459)--Thread(Thread[Test worker,5,main])--SELECT addressId, multiTenantId, address1, address2, address3, addressLabel, addressTypeId, cityId, countryId, latitude, longitude, stateId, versionId, zipcode, createdBy, createdDate, updatedBy, updatedDate, activeStatus, txnAccessCode FROM Address WHERE (((activeStatus = ?) AND (stateId = ?)) AND (multiTenantId = ?))
	bind => [1, 6A6E8D8E-6D89-4DF7-AD07-CA13353AF20F, appCreateValue]
[EL Finer]: transaction: 2016-09-21 06:35:42.679--UnitOfWork(258837879)--Thread(Thread[Test worker,5,main])--begin unit of work commit
[EL Finer]: transaction: 2016-09-21 06:35:42.68--ClientSession(1699526318)--Connection(1178460459)--Thread(Thread[Test worker,5,main])--commit transaction
[EL Finest]: connection: 2016-09-21 06:35:42.68--ServerSession(993367760)--Connection(1633847178)--Thread(Thread[Test worker,5,main])--Connection released to connection pool [default].
[EL Finer]: transaction: 2016-09-21 06:35:42.68--UnitOfWork(258837879)--Thread(Thread[Test worker,5,main])--end unit of work commit
[EL Finer]: transaction: 2016-09-21 06:35:42.68--UnitOfWork(258837879)--Thread(Thread[Test worker,5,main])--resume unit of work
[EL Finer]: transaction: 2016-09-21 06:35:42.68--UnitOfWork(258837879)--Thread(Thread[Test worker,5,main])--release unit of work
[EL Finer]: connection: 2016-09-21 06:35:42.68--ClientSession(1699526318)--Thread(Thread[Test worker,5,main])--client released
[EL Finer]: connection: 2016-09-21 06:35:42.725--ServerSession(993367760)--Thread(Thread[Test worker,5,main])--client acquired: 1465974711
[EL Finer]: transaction: 2016-09-21 06:35:42.725--ClientSession(1465974711)--Thread(Thread[Test worker,5,main])--acquire unit of work: 557085746
[EL Finest]: connection: 2016-09-21 06:35:42.725--ServerSession(993367760)--Connection(2058915749)--Thread(Thread[Test worker,5,main])--Connection acquired from connection pool [default].
[EL Finer]: transaction: 2016-09-21 06:35:42.725--ClientSession(1465974711)--Connection(2058915749)--Thread(Thread[Test worker,5,main])--begin transaction
[EL Finest]: connection: 2016-09-21 06:35:42.725--ClientSession(1465974711)--Thread(Thread[Test worker,5,main])--reconnecting to external connection pool
[EL Finest]: query: 2016-09-21 06:35:42.726--UnitOfWork(557085746)--Thread(Thread[Test worker,5,main])--Execute query ReadObjectQuery(name="readAddress" referenceClass=Address sql="SELECT addressId, multiTenantId, address1, address2, address3, addressLabel, addressTypeId, cityId, countryId, latitude, longitude, stateId, versionId, zipcode, createdBy, createdDate, updatedBy, updatedDate, activeStatus, txnAccessCode FROM Address WHERE ((addressId = ?) AND (multiTenantId = ?))")
[EL Fine]: sql: 2016-09-21 06:35:42.726--ClientSession(1465974711)--Connection(1281168220)--Thread(Thread[Test worker,5,main])--SELECT addressId, multiTenantId, address1, address2, address3, addressLabel, addressTypeId, cityId, countryId, latitude, longitude, stateId, versionId, zipcode, createdBy, createdDate, updatedBy, updatedDate, activeStatus, txnAccessCode FROM Address WHERE ((addressId = ?) AND (multiTenantId = ?))
	bind => [418977D7-3421-4E46-96E7-6CAB9D641711, appCreateValue]
[EL Finest]: transaction: 2016-09-21 06:35:42.727--UnitOfWork(557085746)--Thread(Thread[Test worker,5,main])--remove() operation called on: i3I5fc
[EL Finer]: transaction: 2016-09-21 06:35:42.728--UnitOfWork(557085746)--Thread(Thread[Test worker,5,main])--begin unit of work commit
[EL Finest]: query: 2016-09-21 06:35:42.728--UnitOfWork(557085746)--Thread(Thread[Test worker,5,main])--Execute query DoesExistQuery(referenceClass=Address )
[EL Finest]: query: 2016-09-21 06:35:42.728--UnitOfWork(557085746)--Thread(Thread[Test worker,5,main])--Execute query DeleteObjectQuery(i3I5fc)
[EL Fine]: sql: 2016-09-21 06:35:42.728--ClientSession(1465974711)--Connection(1281168220)--Thread(Thread[Test worker,5,main])--DELETE FROM Address WHERE ((addressId = ?) AND (versionId = ?))
	bind => [418977D7-3421-4E46-96E7-6CAB9D641711, 2]
[EL Finer]: transaction: 2016-09-21 06:35:42.729--ClientSession(1465974711)--Connection(1281168220)--Thread(Thread[Test worker,5,main])--commit transaction
[EL Finest]: connection: 2016-09-21 06:35:42.786--ServerSession(993367760)--Connection(2058915749)--Thread(Thread[Test worker,5,main])--Connection released to connection pool [default].
[EL Finer]: transaction: 2016-09-21 06:35:42.786--UnitOfWork(557085746)--Thread(Thread[Test worker,5,main])--end unit of work commit
[EL Finer]: transaction: 2016-09-21 06:35:42.786--UnitOfWork(557085746)--Thread(Thread[Test worker,5,main])--resume unit of work
[EL Finer]: transaction: 2016-09-21 06:35:42.786--UnitOfWork(557085746)--Thread(Thread[Test worker,5,main])--release unit of work
[EL Finer]: connection: 2016-09-21 06:35:42.786--ClientSession(1465974711)--Thread(Thread[Test worker,5,main])--client released
[EL Finer]: connection: 2016-09-21 06:35:42.816--ServerSession(993367760)--Thread(Thread[Test worker,5,main])--client acquired: 1655868646
[EL Finer]: transaction: 2016-09-21 06:35:42.816--ClientSession(1655868646)--Thread(Thread[Test worker,5,main])--acquire unit of work: 943751849
[EL Finest]: connection: 2016-09-21 06:35:42.816--ServerSession(993367760)--Connection(323109401)--Thread(Thread[Test worker,5,main])--Connection acquired from connection pool [default].
[EL Finer]: transaction: 2016-09-21 06:35:42.816--ClientSession(1655868646)--Connection(323109401)--Thread(Thread[Test worker,5,main])--begin transaction
[EL Finest]: connection: 2016-09-21 06:35:42.816--ClientSession(1655868646)--Thread(Thread[Test worker,5,main])--reconnecting to external connection pool
[EL Finest]: query: 2016-09-21 06:35:42.818--UnitOfWork(943751849)--Thread(Thread[Test worker,5,main])--Execute query ReadObjectQuery(name="readCity" referenceClass=City sql="SELECT cityId, cityCode, cityCodeChar2, cityDescription, cityFlag, cityLatitude, cityLongitude, cityName, countryId, stateId, versionId, createdBy, createdDate, updatedBy, updatedDate, activeStatus, txnAccessCode FROM City WHERE (cityId = ?)")
[EL Fine]: sql: 2016-09-21 06:35:42.818--ClientSession(1655868646)--Connection(2009622384)--Thread(Thread[Test worker,5,main])--SELECT cityId, cityCode, cityCodeChar2, cityDescription, cityFlag, cityLatitude, cityLongitude, cityName, countryId, stateId, versionId, createdBy, createdDate, updatedBy, updatedDate, activeStatus, txnAccessCode FROM City WHERE (cityId = ?)
	bind => [F160CD3C-D282-45F0-8716-DF644F0AD9CF]
[EL Finest]: transaction: 2016-09-21 06:35:42.819--UnitOfWork(943751849)--Thread(Thread[Test worker,5,main])--remove() operation called on: JrtAf6Yb2cJUDLGz81dDIX9ZekpBx4qMC0CV3ogsHpMDGnNF2r,nfOk2UDTHILJVafRWEmGGhxG4X23W2jN,1
[EL Finer]: transaction: 2016-09-21 06:35:42.82--UnitOfWork(943751849)--Thread(Thread[Test worker,5,main])--begin unit of work commit
[EL Finest]: query: 2016-09-21 06:35:42.82--UnitOfWork(943751849)--Thread(Thread[Test worker,5,main])--Execute query DoesExistQuery(referenceClass=City )
[EL Finest]: query: 2016-09-21 06:35:42.82--UnitOfWork(943751849)--Thread(Thread[Test worker,5,main])--Execute query DeleteObjectQuery(JrtAf6Yb2cJUDLGz81dDIX9ZekpBx4qMC0CV3ogsHpMDGnNF2r,nfOk2UDTHILJVafRWEmGGhxG4X23W2jN,1)
[EL Fine]: sql: 2016-09-21 06:35:42.82--ClientSession(1655868646)--Connection(2009622384)--Thread(Thread[Test worker,5,main])--DELETE FROM City WHERE ((cityId = ?) AND (versionId = ?))
	bind => [F160CD3C-D282-45F0-8716-DF644F0AD9CF, 1]
[EL Finer]: transaction: 2016-09-21 06:35:42.822--ClientSession(1655868646)--Connection(2009622384)--Thread(Thread[Test worker,5,main])--commit transaction
[EL Finest]: connection: 2016-09-21 06:35:42.844--ServerSession(993367760)--Connection(323109401)--Thread(Thread[Test worker,5,main])--Connection released to connection pool [default].
[EL Finer]: transaction: 2016-09-21 06:35:42.844--UnitOfWork(943751849)--Thread(Thread[Test worker,5,main])--end unit of work commit
[EL Finer]: transaction: 2016-09-21 06:35:42.844--UnitOfWork(943751849)--Thread(Thread[Test worker,5,main])--resume unit of work
[EL Finer]: transaction: 2016-09-21 06:35:42.844--UnitOfWork(943751849)--Thread(Thread[Test worker,5,main])--release unit of work
[EL Finer]: connection: 2016-09-21 06:35:42.844--ClientSession(1655868646)--Thread(Thread[Test worker,5,main])--client released
[EL Finer]: connection: 2016-09-21 06:35:42.863--ServerSession(993367760)--Thread(Thread[Test worker,5,main])--client acquired: 382485239
[EL Finer]: transaction: 2016-09-21 06:35:42.863--ClientSession(382485239)--Thread(Thread[Test worker,5,main])--acquire unit of work: 1010856402
[EL Finest]: connection: 2016-09-21 06:35:42.863--ServerSession(993367760)--Connection(720416997)--Thread(Thread[Test worker,5,main])--Connection acquired from connection pool [default].
[EL Finer]: transaction: 2016-09-21 06:35:42.863--ClientSession(382485239)--Connection(720416997)--Thread(Thread[Test worker,5,main])--begin transaction
[EL Finest]: connection: 2016-09-21 06:35:42.863--ClientSession(382485239)--Thread(Thread[Test worker,5,main])--reconnecting to external connection pool
[EL Finest]: query: 2016-09-21 06:35:42.864--UnitOfWork(1010856402)--Thread(Thread[Test worker,5,main])--Execute query ReadObjectQuery(name="readState" referenceClass=State sql="SELECT stateId, countryId, stateCapital, stateCapitalLatitude, stateCapitalLongitude, stateCode, stateCodeChar2, stateCodeChar3, stateDescription, stateFlag, stateName, versionId, createdBy, createdDate, updatedBy, updatedDate, activeStatus, txnAccessCode FROM State WHERE (stateId = ?)")
[EL Fine]: sql: 2016-09-21 06:35:42.864--ClientSession(382485239)--Connection(700341727)--Thread(Thread[Test worker,5,main])--SELECT stateId, countryId, stateCapital, stateCapitalLatitude, stateCapitalLongitude, stateCode, stateCodeChar2, stateCodeChar3, stateDescription, stateFlag, stateName, versionId, createdBy, createdDate, updatedBy, updatedDate, activeStatus, txnAccessCode FROM State WHERE (stateId = ?)
	bind => [6A6E8D8E-6D89-4DF7-AD07-CA13353AF20F]
[EL Finest]: transaction: 2016-09-21 06:35:42.866--UnitOfWork(1010856402)--Thread(Thread[Test worker,5,main])--remove() operation called on: EY0eZ4d29tWDVVj7MMD6hl4K9YlOk53m9hA5wvNDgG6U0WCKF0
[EL Finer]: transaction: 2016-09-21 06:35:42.866--UnitOfWork(1010856402)--Thread(Thread[Test worker,5,main])--begin unit of work commit
[EL Finest]: query: 2016-09-21 06:35:42.866--UnitOfWork(1010856402)--Thread(Thread[Test worker,5,main])--Execute query DoesExistQuery(referenceClass=State )
[EL Finest]: query: 2016-09-21 06:35:42.866--UnitOfWork(1010856402)--Thread(Thread[Test worker,5,main])--Execute query DeleteObjectQuery(EY0eZ4d29tWDVVj7MMD6hl4K9YlOk53m9hA5wvNDgG6U0WCKF0)
[EL Fine]: sql: 2016-09-21 06:35:42.866--ClientSession(382485239)--Connection(700341727)--Thread(Thread[Test worker,5,main])--DELETE FROM State WHERE ((stateId = ?) AND (versionId = ?))
	bind => [6A6E8D8E-6D89-4DF7-AD07-CA13353AF20F, 1]
[EL Finer]: transaction: 2016-09-21 06:35:42.868--ClientSession(382485239)--Connection(700341727)--Thread(Thread[Test worker,5,main])--commit transaction
[EL Finest]: connection: 2016-09-21 06:35:42.917--ServerSession(993367760)--Connection(720416997)--Thread(Thread[Test worker,5,main])--Connection released to connection pool [default].
[EL Finer]: transaction: 2016-09-21 06:35:42.917--UnitOfWork(1010856402)--Thread(Thread[Test worker,5,main])--end unit of work commit
[EL Finer]: transaction: 2016-09-21 06:35:42.917--UnitOfWork(1010856402)--Thread(Thread[Test worker,5,main])--resume unit of work
[EL Finer]: transaction: 2016-09-21 06:35:42.917--UnitOfWork(1010856402)--Thread(Thread[Test worker,5,main])--release unit of work
[EL Finer]: connection: 2016-09-21 06:35:42.917--ClientSession(382485239)--Thread(Thread[Test worker,5,main])--client released
[EL Finer]: connection: 2016-09-21 06:35:42.933--ServerSession(993367760)--Thread(Thread[Test worker,5,main])--client acquired: 1273108257
[EL Finer]: transaction: 2016-09-21 06:35:42.933--ClientSession(1273108257)--Thread(Thread[Test worker,5,main])--acquire unit of work: 1750900338
[EL Finest]: connection: 2016-09-21 06:35:42.933--ServerSession(993367760)--Connection(413565925)--Thread(Thread[Test worker,5,main])--Connection acquired from connection pool [default].
[EL Finer]: transaction: 2016-09-21 06:35:42.933--ClientSession(1273108257)--Connection(413565925)--Thread(Thread[Test worker,5,main])--begin transaction
[EL Finest]: connection: 2016-09-21 06:35:42.933--ClientSession(1273108257)--Thread(Thread[Test worker,5,main])--reconnecting to external connection pool
[EL Finest]: query: 2016-09-21 06:35:42.934--UnitOfWork(1750900338)--Thread(Thread[Test worker,5,main])--Execute query ReadObjectQuery(name="readCountry" referenceClass=Country sql="SELECT countryId, capital, capitalLatitude, capitalLongitude, countryCode1, countryCode2, countryFlag, countryName, currencyCode, currencyName, currencySymbol, isoNumeric, versionId, createdBy, createdDate, updatedBy, updatedDate, activeStatus, txnAccessCode FROM Country WHERE (countryId = ?)")
[EL Fine]: sql: 2016-09-21 06:35:42.934--ClientSession(1273108257)--Connection(55582416)--Thread(Thread[Test worker,5,main])--SELECT countryId, capital, capitalLatitude, capitalLongitude, countryCode1, countryCode2, countryFlag, countryName, currencyCode, currencyName, currencySymbol, isoNumeric, versionId, createdBy, createdDate, updatedBy, updatedDate, activeStatus, txnAccessCode FROM Country WHERE (countryId = ?)
	bind => [83427E66-E63C-4A9B-83FE-695F674CA3EB]
[EL Finest]: transaction: 2016-09-21 06:35:42.935--UnitOfWork(1750900338)--Thread(Thread[Test worker,5,main])--remove() operation called on: uxZqIMBLzXPHAWUbtEBiDAyU0SSP7uAZlmVHChlCYmqSnoRX24
[EL Finer]: transaction: 2016-09-21 06:35:42.936--UnitOfWork(1750900338)--Thread(Thread[Test worker,5,main])--begin unit of work commit
[EL Finest]: query: 2016-09-21 06:35:42.936--UnitOfWork(1750900338)--Thread(Thread[Test worker,5,main])--Execute query DoesExistQuery(referenceClass=Country )
[EL Finest]: query: 2016-09-21 06:35:42.936--UnitOfWork(1750900338)--Thread(Thread[Test worker,5,main])--Execute query DeleteObjectQuery(uxZqIMBLzXPHAWUbtEBiDAyU0SSP7uAZlmVHChlCYmqSnoRX24)
[EL Fine]: sql: 2016-09-21 06:35:42.936--ClientSession(1273108257)--Connection(55582416)--Thread(Thread[Test worker,5,main])--DELETE FROM Country WHERE ((countryId = ?) AND (versionId = ?))
	bind => [83427E66-E63C-4A9B-83FE-695F674CA3EB, 1]
[EL Finer]: transaction: 2016-09-21 06:35:42.937--ClientSession(1273108257)--Connection(55582416)--Thread(Thread[Test worker,5,main])--commit transaction
[EL Finest]: connection: 2016-09-21 06:35:42.967--ServerSession(993367760)--Connection(413565925)--Thread(Thread[Test worker,5,main])--Connection released to connection pool [default].
[EL Finer]: transaction: 2016-09-21 06:35:42.967--UnitOfWork(1750900338)--Thread(Thread[Test worker,5,main])--end unit of work commit
[EL Finer]: transaction: 2016-09-21 06:35:42.967--UnitOfWork(1750900338)--Thread(Thread[Test worker,5,main])--resume unit of work
[EL Finer]: transaction: 2016-09-21 06:35:42.967--UnitOfWork(1750900338)--Thread(Thread[Test worker,5,main])--release unit of work
[EL Finer]: connection: 2016-09-21 06:35:42.967--ClientSession(1273108257)--Thread(Thread[Test worker,5,main])--client released
[EL Finer]: connection: 2016-09-21 06:35:42.994--ServerSession(993367760)--Thread(Thread[Test worker,5,main])--client acquired: 921990625
[EL Finer]: transaction: 2016-09-21 06:35:42.994--ClientSession(921990625)--Thread(Thread[Test worker,5,main])--acquire unit of work: 1801921270
[EL Finest]: connection: 2016-09-21 06:35:42.994--ServerSession(993367760)--Connection(1076394896)--Thread(Thread[Test worker,5,main])--Connection acquired from connection pool [default].
[EL Finer]: transaction: 2016-09-21 06:35:42.994--ClientSession(921990625)--Connection(1076394896)--Thread(Thread[Test worker,5,main])--begin transaction
[EL Finest]: connection: 2016-09-21 06:35:42.994--ClientSession(921990625)--Thread(Thread[Test worker,5,main])--reconnecting to external connection pool
[EL Finest]: query: 2016-09-21 06:35:42.995--UnitOfWork(1801921270)--Thread(Thread[Test worker,5,main])--Execute query ReadObjectQuery(name="readAddressType" referenceClass=AddressType sql="SELECT addressTypeId, addressType, addressTypeDesc, addressTypeIcon, versionId, createdBy, createdDate, updatedBy, updatedDate, activeStatus, txnAccessCode FROM AddressType WHERE (addressTypeId = ?)")
[EL Fine]: sql: 2016-09-21 06:35:42.995--ClientSession(921990625)--Connection(1693147963)--Thread(Thread[Test worker,5,main])--SELECT addressTypeId, addressType, addressTypeDesc, addressTypeIcon, versionId, createdBy, createdDate, updatedBy, updatedDate, activeStatus, txnAccessCode FROM AddressType WHERE (addressTypeId = ?)
	bind => [258F87DB-B7F2-4DE9-9AEB-7D995FBF31B3]
[EL Finest]: transaction: 2016-09-21 06:35:42.996--UnitOfWork(1801921270)--Thread(Thread[Test worker,5,main])--remove() operation called on: c2x7roHVcCJyvk36OYvLu8C44o4x8iOPhJJg3gfJx58rjIuT2Z
[EL Finer]: transaction: 2016-09-21 06:35:42.997--UnitOfWork(1801921270)--Thread(Thread[Test worker,5,main])--begin unit of work commit
[EL Finest]: query: 2016-09-21 06:35:42.997--UnitOfWork(1801921270)--Thread(Thread[Test worker,5,main])--Execute query DoesExistQuery(referenceClass=AddressType )
[EL Finest]: query: 2016-09-21 06:35:42.997--UnitOfWork(1801921270)--Thread(Thread[Test worker,5,main])--Execute query DeleteObjectQuery(c2x7roHVcCJyvk36OYvLu8C44o4x8iOPhJJg3gfJx58rjIuT2Z)
[EL Fine]: sql: 2016-09-21 06:35:42.997--ClientSession(921990625)--Connection(1693147963)--Thread(Thread[Test worker,5,main])--DELETE FROM AddressType WHERE ((addressTypeId = ?) AND (versionId = ?))
	bind => [258F87DB-B7F2-4DE9-9AEB-7D995FBF31B3, 1]
[EL Finer]: transaction: 2016-09-21 06:35:42.998--ClientSession(921990625)--Connection(1693147963)--Thread(Thread[Test worker,5,main])--commit transaction
[EL Finest]: connection: 2016-09-21 06:35:43.05--ServerSession(993367760)--Connection(1076394896)--Thread(Thread[Test worker,5,main])--Connection released to connection pool [default].
[EL Finer]: transaction: 2016-09-21 06:35:43.05--UnitOfWork(1801921270)--Thread(Thread[Test worker,5,main])--end unit of work commit
[EL Finer]: transaction: 2016-09-21 06:35:43.05--UnitOfWork(1801921270)--Thread(Thread[Test worker,5,main])--resume unit of work
[EL Finer]: transaction: 2016-09-21 06:35:43.05--UnitOfWork(1801921270)--Thread(Thread[Test worker,5,main])--release unit of work
[EL Finer]: connection: 2016-09-21 06:35:43.05--ClientSession(921990625)--Thread(Thread[Test worker,5,main])--client released
]]></system-out>
  <system-err><![CDATA[Address.addressLabel size must be between 0 and 11
java.lang.SecurityException: Address.addressLabel size must be between 0 and 11
	at com.athena.server.pluggable.utils.helper.EntityValidatorHelper.validateEntity(EntityValidatorHelper.java:37)
	at com.app.shared.organization.locationmanagement.Address.isValid(Address.java:291)
	at com.app.server.service.organization.locationmanagement.AddressTestCase.validateAddress(AddressTestCase.java:355)
	at com.app.server.service.organization.locationmanagement.AddressTestCase.test5NegativeTesting(AddressTestCase.java:393)
	at sun.reflect.NativeMethodAccessorImpl.invoke0(Native Method)
	at sun.reflect.NativeMethodAccessorImpl.invoke(NativeMethodAccessorImpl.java:57)
	at sun.reflect.DelegatingMethodAccessorImpl.invoke(DelegatingMethodAccessorImpl.java:43)
	at java.lang.reflect.Method.invoke(Method.java:606)
	at org.junit.runners.model.FrameworkMethod$1.runReflectiveCall(FrameworkMethod.java:47)
	at org.junit.internal.runners.model.ReflectiveCallable.run(ReflectiveCallable.java:12)
	at org.junit.runners.model.FrameworkMethod.invokeExplosively(FrameworkMethod.java:44)
	at org.junit.internal.runners.statements.InvokeMethod.evaluate(InvokeMethod.java:17)
	at org.junit.internal.runners.statements.RunBefores.evaluate(RunBefores.java:26)
	at org.springframework.test.context.junit4.statements.RunBeforeTestMethodCallbacks.evaluate(RunBeforeTestMethodCallbacks.java:74)
	at org.junit.internal.runners.statements.RunAfters.evaluate(RunAfters.java:27)
	at org.springframework.test.context.junit4.statements.RunAfterTestMethodCallbacks.evaluate(RunAfterTestMethodCallbacks.java:83)
	at org.springframework.test.context.junit4.statements.SpringRepeat.evaluate(SpringRepeat.java:72)
	at org.springframework.test.context.junit4.SpringJUnit4ClassRunner.runChild(SpringJUnit4ClassRunner.java:233)
	at org.springframework.test.context.junit4.SpringJUnit4ClassRunner.runChild(SpringJUnit4ClassRunner.java:87)
	at org.junit.runners.ParentRunner$3.run(ParentRunner.java:238)
	at org.junit.runners.ParentRunner$1.schedule(ParentRunner.java:63)
	at org.junit.runners.ParentRunner.runChildren(ParentRunner.java:236)
	at org.junit.runners.ParentRunner.access$000(ParentRunner.java:53)
	at org.junit.runners.ParentRunner$2.evaluate(ParentRunner.java:229)
	at org.junit.internal.runners.statements.RunBefores.evaluate(RunBefores.java:26)
	at org.springframework.test.context.junit4.statements.RunBeforeTestClassCallbacks.evaluate(RunBeforeTestClassCallbacks.java:61)
	at org.springframework.test.context.junit4.statements.RunAfterTestClassCallbacks.evaluate(RunAfterTestClassCallbacks.java:71)
	at org.junit.runners.ParentRunner.run(ParentRunner.java:309)
	at org.springframework.test.context.junit4.SpringJUnit4ClassRunner.run(SpringJUnit4ClassRunner.java:176)
	at org.gradle.api.internal.tasks.testing.junit.JUnitTestClassExecuter.runTestClass(JUnitTestClassExecuter.java:86)
	at org.gradle.api.internal.tasks.testing.junit.JUnitTestClassExecuter.execute(JUnitTestClassExecuter.java:49)
	at org.gradle.api.internal.tasks.testing.junit.JUnitTestClassProcessor.processTestClass(JUnitTestClassProcessor.java:64)
	at org.gradle.api.internal.tasks.testing.SuiteTestClassProcessor.processTestClass(SuiteTestClassProcessor.java:50)
	at sun.reflect.GeneratedMethodAccessor126.invoke(Unknown Source)
	at sun.reflect.DelegatingMethodAccessorImpl.invoke(DelegatingMethodAccessorImpl.java:43)
	at java.lang.reflect.Method.invoke(Method.java:606)
	at org.gradle.messaging.dispatch.ReflectionDispatch.dispatch(ReflectionDispatch.java:35)
	at org.gradle.messaging.dispatch.ReflectionDispatch.dispatch(ReflectionDispatch.java:24)
	at org.gradle.messaging.dispatch.ContextClassLoaderDispatch.dispatch(ContextClassLoaderDispatch.java:32)
	at org.gradle.messaging.dispatch.ProxyDispatchAdapter$DispatchingInvocationHandler.invoke(ProxyDispatchAdapter.java:93)
	at com.sun.proxy.$Proxy2.processTestClass(Unknown Source)
	at org.gradle.api.internal.tasks.testing.worker.TestWorker.processTestClass(TestWorker.java:106)
	at sun.reflect.GeneratedMethodAccessor125.invoke(Unknown Source)
	at sun.reflect.DelegatingMethodAccessorImpl.invoke(DelegatingMethodAccessorImpl.java:43)
	at java.lang.reflect.Method.invoke(Method.java:606)
	at org.gradle.messaging.dispatch.ReflectionDispatch.dispatch(ReflectionDispatch.java:35)
	at org.gradle.messaging.dispatch.ReflectionDispatch.dispatch(ReflectionDispatch.java:24)
	at org.gradle.messaging.remote.internal.hub.MessageHub$Handler.run(MessageHub.java:360)
	at org.gradle.internal.concurrent.DefaultExecutorFactory$StoppableExecutorImpl$1.run(DefaultExecutorFactory.java:64)
	at java.util.concurrent.ThreadPoolExecutor.runWorker(ThreadPoolExecutor.java:1145)
	at java.util.concurrent.ThreadPoolExecutor$Worker.run(ThreadPoolExecutor.java:615)
	at java.lang.Thread.run(Thread.java:745)
Address.address1 size must be between 0 and 56
java.lang.SecurityException: Address.address1 size must be between 0 and 56
	at com.athena.server.pluggable.utils.helper.EntityValidatorHelper.validateEntity(EntityValidatorHelper.java:37)
	at com.app.shared.organization.locationmanagement.Address.isValid(Address.java:291)
	at com.app.server.service.organization.locationmanagement.AddressTestCase.validateAddress(AddressTestCase.java:355)
	at com.app.server.service.organization.locationmanagement.AddressTestCase.test5NegativeTesting(AddressTestCase.java:398)
	at sun.reflect.NativeMethodAccessorImpl.invoke0(Native Method)
	at sun.reflect.NativeMethodAccessorImpl.invoke(NativeMethodAccessorImpl.java:57)
	at sun.reflect.DelegatingMethodAccessorImpl.invoke(DelegatingMethodAccessorImpl.java:43)
	at java.lang.reflect.Method.invoke(Method.java:606)
	at org.junit.runners.model.FrameworkMethod$1.runReflectiveCall(FrameworkMethod.java:47)
	at org.junit.internal.runners.model.ReflectiveCallable.run(ReflectiveCallable.java:12)
	at org.junit.runners.model.FrameworkMethod.invokeExplosively(FrameworkMethod.java:44)
	at org.junit.internal.runners.statements.InvokeMethod.evaluate(InvokeMethod.java:17)
	at org.junit.internal.runners.statements.RunBefores.evaluate(RunBefores.java:26)
	at org.springframework.test.context.junit4.statements.RunBeforeTestMethodCallbacks.evaluate(RunBeforeTestMethodCallbacks.java:74)
	at org.junit.internal.runners.statements.RunAfters.evaluate(RunAfters.java:27)
	at org.springframework.test.context.junit4.statements.RunAfterTestMethodCallbacks.evaluate(RunAfterTestMethodCallbacks.java:83)
	at org.springframework.test.context.junit4.statements.SpringRepeat.evaluate(SpringRepeat.java:72)
	at org.springframework.test.context.junit4.SpringJUnit4ClassRunner.runChild(SpringJUnit4ClassRunner.java:233)
	at org.springframework.test.context.junit4.SpringJUnit4ClassRunner.runChild(SpringJUnit4ClassRunner.java:87)
	at org.junit.runners.ParentRunner$3.run(ParentRunner.java:238)
	at org.junit.runners.ParentRunner$1.schedule(ParentRunner.java:63)
	at org.junit.runners.ParentRunner.runChildren(ParentRunner.java:236)
	at org.junit.runners.ParentRunner.access$000(ParentRunner.java:53)
	at org.junit.runners.ParentRunner$2.evaluate(ParentRunner.java:229)
	at org.junit.internal.runners.statements.RunBefores.evaluate(RunBefores.java:26)
	at org.springframework.test.context.junit4.statements.RunBeforeTestClassCallbacks.evaluate(RunBeforeTestClassCallbacks.java:61)
	at org.springframework.test.context.junit4.statements.RunAfterTestClassCallbacks.evaluate(RunAfterTestClassCallbacks.java:71)
	at org.junit.runners.ParentRunner.run(ParentRunner.java:309)
	at org.springframework.test.context.junit4.SpringJUnit4ClassRunner.run(SpringJUnit4ClassRunner.java:176)
	at org.gradle.api.internal.tasks.testing.junit.JUnitTestClassExecuter.runTestClass(JUnitTestClassExecuter.java:86)
	at org.gradle.api.internal.tasks.testing.junit.JUnitTestClassExecuter.execute(JUnitTestClassExecuter.java:49)
	at org.gradle.api.internal.tasks.testing.junit.JUnitTestClassProcessor.processTestClass(JUnitTestClassProcessor.java:64)
	at org.gradle.api.internal.tasks.testing.SuiteTestClassProcessor.processTestClass(SuiteTestClassProcessor.java:50)
	at sun.reflect.GeneratedMethodAccessor126.invoke(Unknown Source)
	at sun.reflect.DelegatingMethodAccessorImpl.invoke(DelegatingMethodAccessorImpl.java:43)
	at java.lang.reflect.Method.invoke(Method.java:606)
	at org.gradle.messaging.dispatch.ReflectionDispatch.dispatch(ReflectionDispatch.java:35)
	at org.gradle.messaging.dispatch.ReflectionDispatch.dispatch(ReflectionDispatch.java:24)
	at org.gradle.messaging.dispatch.ContextClassLoaderDispatch.dispatch(ContextClassLoaderDispatch.java:32)
	at org.gradle.messaging.dispatch.ProxyDispatchAdapter$DispatchingInvocationHandler.invoke(ProxyDispatchAdapter.java:93)
	at com.sun.proxy.$Proxy2.processTestClass(Unknown Source)
	at org.gradle.api.internal.tasks.testing.worker.TestWorker.processTestClass(TestWorker.java:106)
	at sun.reflect.GeneratedMethodAccessor125.invoke(Unknown Source)
	at sun.reflect.DelegatingMethodAccessorImpl.invoke(DelegatingMethodAccessorImpl.java:43)
	at java.lang.reflect.Method.invoke(Method.java:606)
	at org.gradle.messaging.dispatch.ReflectionDispatch.dispatch(ReflectionDispatch.java:35)
	at org.gradle.messaging.dispatch.ReflectionDispatch.dispatch(ReflectionDispatch.java:24)
	at org.gradle.messaging.remote.internal.hub.MessageHub$Handler.run(MessageHub.java:360)
	at org.gradle.internal.concurrent.DefaultExecutorFactory$StoppableExecutorImpl$1.run(DefaultExecutorFactory.java:64)
	at java.util.concurrent.ThreadPoolExecutor.runWorker(ThreadPoolExecutor.java:1145)
	at java.util.concurrent.ThreadPoolExecutor$Worker.run(ThreadPoolExecutor.java:615)
	at java.lang.Thread.run(Thread.java:745)
Address.address2 size must be between 0 and 56
java.lang.SecurityException: Address.address2 size must be between 0 and 56
	at com.athena.server.pluggable.utils.helper.EntityValidatorHelper.validateEntity(EntityValidatorHelper.java:37)
	at com.app.shared.organization.locationmanagement.Address.isValid(Address.java:291)
	at com.app.server.service.organization.locationmanagement.AddressTestCase.validateAddress(AddressTestCase.java:355)
	at com.app.server.service.organization.locationmanagement.AddressTestCase.test5NegativeTesting(AddressTestCase.java:403)
	at sun.reflect.NativeMethodAccessorImpl.invoke0(Native Method)
	at sun.reflect.NativeMethodAccessorImpl.invoke(NativeMethodAccessorImpl.java:57)
	at sun.reflect.DelegatingMethodAccessorImpl.invoke(DelegatingMethodAccessorImpl.java:43)
	at java.lang.reflect.Method.invoke(Method.java:606)
	at org.junit.runners.model.FrameworkMethod$1.runReflectiveCall(FrameworkMethod.java:47)
	at org.junit.internal.runners.model.ReflectiveCallable.run(ReflectiveCallable.java:12)
	at org.junit.runners.model.FrameworkMethod.invokeExplosively(FrameworkMethod.java:44)
	at org.junit.internal.runners.statements.InvokeMethod.evaluate(InvokeMethod.java:17)
	at org.junit.internal.runners.statements.RunBefores.evaluate(RunBefores.java:26)
	at org.springframework.test.context.junit4.statements.RunBeforeTestMethodCallbacks.evaluate(RunBeforeTestMethodCallbacks.java:74)
	at org.junit.internal.runners.statements.RunAfters.evaluate(RunAfters.java:27)
	at org.springframework.test.context.junit4.statements.RunAfterTestMethodCallbacks.evaluate(RunAfterTestMethodCallbacks.java:83)
	at org.springframework.test.context.junit4.statements.SpringRepeat.evaluate(SpringRepeat.java:72)
	at org.springframework.test.context.junit4.SpringJUnit4ClassRunner.runChild(SpringJUnit4ClassRunner.java:233)
	at org.springframework.test.context.junit4.SpringJUnit4ClassRunner.runChild(SpringJUnit4ClassRunner.java:87)
	at org.junit.runners.ParentRunner$3.run(ParentRunner.java:238)
	at org.junit.runners.ParentRunner$1.schedule(ParentRunner.java:63)
	at org.junit.runners.ParentRunner.runChildren(ParentRunner.java:236)
	at org.junit.runners.ParentRunner.access$000(ParentRunner.java:53)
	at org.junit.runners.ParentRunner$2.evaluate(ParentRunner.java:229)
	at org.junit.internal.runners.statements.RunBefores.evaluate(RunBefores.java:26)
	at org.springframework.test.context.junit4.statements.RunBeforeTestClassCallbacks.evaluate(RunBeforeTestClassCallbacks.java:61)
	at org.springframework.test.context.junit4.statements.RunAfterTestClassCallbacks.evaluate(RunAfterTestClassCallbacks.java:71)
	at org.junit.runners.ParentRunner.run(ParentRunner.java:309)
	at org.springframework.test.context.junit4.SpringJUnit4ClassRunner.run(SpringJUnit4ClassRunner.java:176)
	at org.gradle.api.internal.tasks.testing.junit.JUnitTestClassExecuter.runTestClass(JUnitTestClassExecuter.java:86)
	at org.gradle.api.internal.tasks.testing.junit.JUnitTestClassExecuter.execute(JUnitTestClassExecuter.java:49)
	at org.gradle.api.internal.tasks.testing.junit.JUnitTestClassProcessor.processTestClass(JUnitTestClassProcessor.java:64)
	at org.gradle.api.internal.tasks.testing.SuiteTestClassProcessor.processTestClass(SuiteTestClassProcessor.java:50)
	at sun.reflect.GeneratedMethodAccessor126.invoke(Unknown Source)
	at sun.reflect.DelegatingMethodAccessorImpl.invoke(DelegatingMethodAccessorImpl.java:43)
	at java.lang.reflect.Method.invoke(Method.java:606)
	at org.gradle.messaging.dispatch.ReflectionDispatch.dispatch(ReflectionDispatch.java:35)
	at org.gradle.messaging.dispatch.ReflectionDispatch.dispatch(ReflectionDispatch.java:24)
	at org.gradle.messaging.dispatch.ContextClassLoaderDispatch.dispatch(ContextClassLoaderDispatch.java:32)
	at org.gradle.messaging.dispatch.ProxyDispatchAdapter$DispatchingInvocationHandler.invoke(ProxyDispatchAdapter.java:93)
	at com.sun.proxy.$Proxy2.processTestClass(Unknown Source)
	at org.gradle.api.internal.tasks.testing.worker.TestWorker.processTestClass(TestWorker.java:106)
	at sun.reflect.GeneratedMethodAccessor125.invoke(Unknown Source)
	at sun.reflect.DelegatingMethodAccessorImpl.invoke(DelegatingMethodAccessorImpl.java:43)
	at java.lang.reflect.Method.invoke(Method.java:606)
	at org.gradle.messaging.dispatch.ReflectionDispatch.dispatch(ReflectionDispatch.java:35)
	at org.gradle.messaging.dispatch.ReflectionDispatch.dispatch(ReflectionDispatch.java:24)
	at org.gradle.messaging.remote.internal.hub.MessageHub$Handler.run(MessageHub.java:360)
	at org.gradle.internal.concurrent.DefaultExecutorFactory$StoppableExecutorImpl$1.run(DefaultExecutorFactory.java:64)
	at java.util.concurrent.ThreadPoolExecutor.runWorker(ThreadPoolExecutor.java:1145)
	at java.util.concurrent.ThreadPoolExecutor$Worker.run(ThreadPoolExecutor.java:615)
	at java.lang.Thread.run(Thread.java:745)
Address.address3 size must be between 0 and 56
java.lang.SecurityException: Address.address3 size must be between 0 and 56
	at com.athena.server.pluggable.utils.helper.EntityValidatorHelper.validateEntity(EntityValidatorHelper.java:37)
	at com.app.shared.organization.locationmanagement.Address.isValid(Address.java:291)
	at com.app.server.service.organization.locationmanagement.AddressTestCase.validateAddress(AddressTestCase.java:355)
	at com.app.server.service.organization.locationmanagement.AddressTestCase.test5NegativeTesting(AddressTestCase.java:408)
	at sun.reflect.NativeMethodAccessorImpl.invoke0(Native Method)
	at sun.reflect.NativeMethodAccessorImpl.invoke(NativeMethodAccessorImpl.java:57)
	at sun.reflect.DelegatingMethodAccessorImpl.invoke(DelegatingMethodAccessorImpl.java:43)
	at java.lang.reflect.Method.invoke(Method.java:606)
	at org.junit.runners.model.FrameworkMethod$1.runReflectiveCall(FrameworkMethod.java:47)
	at org.junit.internal.runners.model.ReflectiveCallable.run(ReflectiveCallable.java:12)
	at org.junit.runners.model.FrameworkMethod.invokeExplosively(FrameworkMethod.java:44)
	at org.junit.internal.runners.statements.InvokeMethod.evaluate(InvokeMethod.java:17)
	at org.junit.internal.runners.statements.RunBefores.evaluate(RunBefores.java:26)
	at org.springframework.test.context.junit4.statements.RunBeforeTestMethodCallbacks.evaluate(RunBeforeTestMethodCallbacks.java:74)
	at org.junit.internal.runners.statements.RunAfters.evaluate(RunAfters.java:27)
	at org.springframework.test.context.junit4.statements.RunAfterTestMethodCallbacks.evaluate(RunAfterTestMethodCallbacks.java:83)
	at org.springframework.test.context.junit4.statements.SpringRepeat.evaluate(SpringRepeat.java:72)
	at org.springframework.test.context.junit4.SpringJUnit4ClassRunner.runChild(SpringJUnit4ClassRunner.java:233)
	at org.springframework.test.context.junit4.SpringJUnit4ClassRunner.runChild(SpringJUnit4ClassRunner.java:87)
	at org.junit.runners.ParentRunner$3.run(ParentRunner.java:238)
	at org.junit.runners.ParentRunner$1.schedule(ParentRunner.java:63)
	at org.junit.runners.ParentRunner.runChildren(ParentRunner.java:236)
	at org.junit.runners.ParentRunner.access$000(ParentRunner.java:53)
	at org.junit.runners.ParentRunner$2.evaluate(ParentRunner.java:229)
	at org.junit.internal.runners.statements.RunBefores.evaluate(RunBefores.java:26)
	at org.springframework.test.context.junit4.statements.RunBeforeTestClassCallbacks.evaluate(RunBeforeTestClassCallbacks.java:61)
	at org.springframework.test.context.junit4.statements.RunAfterTestClassCallbacks.evaluate(RunAfterTestClassCallbacks.java:71)
	at org.junit.runners.ParentRunner.run(ParentRunner.java:309)
	at org.springframework.test.context.junit4.SpringJUnit4ClassRunner.run(SpringJUnit4ClassRunner.java:176)
	at org.gradle.api.internal.tasks.testing.junit.JUnitTestClassExecuter.runTestClass(JUnitTestClassExecuter.java:86)
	at org.gradle.api.internal.tasks.testing.junit.JUnitTestClassExecuter.execute(JUnitTestClassExecuter.java:49)
	at org.gradle.api.internal.tasks.testing.junit.JUnitTestClassProcessor.processTestClass(JUnitTestClassProcessor.java:64)
	at org.gradle.api.internal.tasks.testing.SuiteTestClassProcessor.processTestClass(SuiteTestClassProcessor.java:50)
	at sun.reflect.GeneratedMethodAccessor126.invoke(Unknown Source)
	at sun.reflect.DelegatingMethodAccessorImpl.invoke(DelegatingMethodAccessorImpl.java:43)
	at java.lang.reflect.Method.invoke(Method.java:606)
	at org.gradle.messaging.dispatch.ReflectionDispatch.dispatch(ReflectionDispatch.java:35)
	at org.gradle.messaging.dispatch.ReflectionDispatch.dispatch(ReflectionDispatch.java:24)
	at org.gradle.messaging.dispatch.ContextClassLoaderDispatch.dispatch(ContextClassLoaderDispatch.java:32)
	at org.gradle.messaging.dispatch.ProxyDispatchAdapter$DispatchingInvocationHandler.invoke(ProxyDispatchAdapter.java:93)
	at com.sun.proxy.$Proxy2.processTestClass(Unknown Source)
	at org.gradle.api.internal.tasks.testing.worker.TestWorker.processTestClass(TestWorker.java:106)
	at sun.reflect.GeneratedMethodAccessor125.invoke(Unknown Source)
	at sun.reflect.DelegatingMethodAccessorImpl.invoke(DelegatingMethodAccessorImpl.java:43)
	at java.lang.reflect.Method.invoke(Method.java:606)
	at org.gradle.messaging.dispatch.ReflectionDispatch.dispatch(ReflectionDispatch.java:35)
	at org.gradle.messaging.dispatch.ReflectionDispatch.dispatch(ReflectionDispatch.java:24)
	at org.gradle.messaging.remote.internal.hub.MessageHub$Handler.run(MessageHub.java:360)
	at org.gradle.internal.concurrent.DefaultExecutorFactory$StoppableExecutorImpl$1.run(DefaultExecutorFactory.java:64)
	at java.util.concurrent.ThreadPoolExecutor.runWorker(ThreadPoolExecutor.java:1145)
	at java.util.concurrent.ThreadPoolExecutor$Worker.run(ThreadPoolExecutor.java:615)
	at java.lang.Thread.run(Thread.java:745)
Address.zipcode may not be null
java.lang.SecurityException: Address.zipcode may not be null
	at com.athena.server.pluggable.utils.helper.EntityValidatorHelper.validateEntity(EntityValidatorHelper.java:37)
	at com.app.shared.organization.locationmanagement.Address.isValid(Address.java:291)
	at com.app.server.service.organization.locationmanagement.AddressTestCase.validateAddress(AddressTestCase.java:357)
	at com.app.server.service.organization.locationmanagement.AddressTestCase.test5NegativeTesting(AddressTestCase.java:414)
	at sun.reflect.NativeMethodAccessorImpl.invoke0(Native Method)
	at sun.reflect.NativeMethodAccessorImpl.invoke(NativeMethodAccessorImpl.java:57)
	at sun.reflect.DelegatingMethodAccessorImpl.invoke(DelegatingMethodAccessorImpl.java:43)
	at java.lang.reflect.Method.invoke(Method.java:606)
	at org.junit.runners.model.FrameworkMethod$1.runReflectiveCall(FrameworkMethod.java:47)
	at org.junit.internal.runners.model.ReflectiveCallable.run(ReflectiveCallable.java:12)
	at org.junit.runners.model.FrameworkMethod.invokeExplosively(FrameworkMethod.java:44)
	at org.junit.internal.runners.statements.InvokeMethod.evaluate(InvokeMethod.java:17)
	at org.junit.internal.runners.statements.RunBefores.evaluate(RunBefores.java:26)
	at org.springframework.test.context.junit4.statements.RunBeforeTestMethodCallbacks.evaluate(RunBeforeTestMethodCallbacks.java:74)
	at org.junit.internal.runners.statements.RunAfters.evaluate(RunAfters.java:27)
	at org.springframework.test.context.junit4.statements.RunAfterTestMethodCallbacks.evaluate(RunAfterTestMethodCallbacks.java:83)
	at org.springframework.test.context.junit4.statements.SpringRepeat.evaluate(SpringRepeat.java:72)
	at org.springframework.test.context.junit4.SpringJUnit4ClassRunner.runChild(SpringJUnit4ClassRunner.java:233)
	at org.springframework.test.context.junit4.SpringJUnit4ClassRunner.runChild(SpringJUnit4ClassRunner.java:87)
	at org.junit.runners.ParentRunner$3.run(ParentRunner.java:238)
	at org.junit.runners.ParentRunner$1.schedule(ParentRunner.java:63)
	at org.junit.runners.ParentRunner.runChildren(ParentRunner.java:236)
	at org.junit.runners.ParentRunner.access$000(ParentRunner.java:53)
	at org.junit.runners.ParentRunner$2.evaluate(ParentRunner.java:229)
	at org.junit.internal.runners.statements.RunBefores.evaluate(RunBefores.java:26)
	at org.springframework.test.context.junit4.statements.RunBeforeTestClassCallbacks.evaluate(RunBeforeTestClassCallbacks.java:61)
	at org.springframework.test.context.junit4.statements.RunAfterTestClassCallbacks.evaluate(RunAfterTestClassCallbacks.java:71)
	at org.junit.runners.ParentRunner.run(ParentRunner.java:309)
	at org.springframework.test.context.junit4.SpringJUnit4ClassRunner.run(SpringJUnit4ClassRunner.java:176)
	at org.gradle.api.internal.tasks.testing.junit.JUnitTestClassExecuter.runTestClass(JUnitTestClassExecuter.java:86)
	at org.gradle.api.internal.tasks.testing.junit.JUnitTestClassExecuter.execute(JUnitTestClassExecuter.java:49)
	at org.gradle.api.internal.tasks.testing.junit.JUnitTestClassProcessor.processTestClass(JUnitTestClassProcessor.java:64)
	at org.gradle.api.internal.tasks.testing.SuiteTestClassProcessor.processTestClass(SuiteTestClassProcessor.java:50)
	at sun.reflect.GeneratedMethodAccessor126.invoke(Unknown Source)
	at sun.reflect.DelegatingMethodAccessorImpl.invoke(DelegatingMethodAccessorImpl.java:43)
	at java.lang.reflect.Method.invoke(Method.java:606)
	at org.gradle.messaging.dispatch.ReflectionDispatch.dispatch(ReflectionDispatch.java:35)
	at org.gradle.messaging.dispatch.ReflectionDispatch.dispatch(ReflectionDispatch.java:24)
	at org.gradle.messaging.dispatch.ContextClassLoaderDispatch.dispatch(ContextClassLoaderDispatch.java:32)
	at org.gradle.messaging.dispatch.ProxyDispatchAdapter$DispatchingInvocationHandler.invoke(ProxyDispatchAdapter.java:93)
	at com.sun.proxy.$Proxy2.processTestClass(Unknown Source)
	at org.gradle.api.internal.tasks.testing.worker.TestWorker.processTestClass(TestWorker.java:106)
	at sun.reflect.GeneratedMethodAccessor125.invoke(Unknown Source)
	at sun.reflect.DelegatingMethodAccessorImpl.invoke(DelegatingMethodAccessorImpl.java:43)
	at java.lang.reflect.Method.invoke(Method.java:606)
	at org.gradle.messaging.dispatch.ReflectionDispatch.dispatch(ReflectionDispatch.java:35)
	at org.gradle.messaging.dispatch.ReflectionDispatch.dispatch(ReflectionDispatch.java:24)
	at org.gradle.messaging.remote.internal.hub.MessageHub$Handler.run(MessageHub.java:360)
	at org.gradle.internal.concurrent.DefaultExecutorFactory$StoppableExecutorImpl$1.run(DefaultExecutorFactory.java:64)
	at java.util.concurrent.ThreadPoolExecutor.runWorker(ThreadPoolExecutor.java:1145)
	at java.util.concurrent.ThreadPoolExecutor$Worker.run(ThreadPoolExecutor.java:615)
	at java.lang.Thread.run(Thread.java:745)
Address.zipcode size must be between 0 and 6
java.lang.SecurityException: Address.zipcode size must be between 0 and 6
	at com.athena.server.pluggable.utils.helper.EntityValidatorHelper.validateEntity(EntityValidatorHelper.java:37)
	at com.app.shared.organization.locationmanagement.Address.isValid(Address.java:291)
	at com.app.server.service.organization.locationmanagement.AddressTestCase.validateAddress(AddressTestCase.java:355)
	at com.app.server.service.organization.locationmanagement.AddressTestCase.test5NegativeTesting(AddressTestCase.java:419)
	at sun.reflect.NativeMethodAccessorImpl.invoke0(Native Method)
	at sun.reflect.NativeMethodAccessorImpl.invoke(NativeMethodAccessorImpl.java:57)
	at sun.reflect.DelegatingMethodAccessorImpl.invoke(DelegatingMethodAccessorImpl.java:43)
	at java.lang.reflect.Method.invoke(Method.java:606)
	at org.junit.runners.model.FrameworkMethod$1.runReflectiveCall(FrameworkMethod.java:47)
	at org.junit.internal.runners.model.ReflectiveCallable.run(ReflectiveCallable.java:12)
	at org.junit.runners.model.FrameworkMethod.invokeExplosively(FrameworkMethod.java:44)
	at org.junit.internal.runners.statements.InvokeMethod.evaluate(InvokeMethod.java:17)
	at org.junit.internal.runners.statements.RunBefores.evaluate(RunBefores.java:26)
	at org.springframework.test.context.junit4.statements.RunBeforeTestMethodCallbacks.evaluate(RunBeforeTestMethodCallbacks.java:74)
	at org.junit.internal.runners.statements.RunAfters.evaluate(RunAfters.java:27)
	at org.springframework.test.context.junit4.statements.RunAfterTestMethodCallbacks.evaluate(RunAfterTestMethodCallbacks.java:83)
	at org.springframework.test.context.junit4.statements.SpringRepeat.evaluate(SpringRepeat.java:72)
	at org.springframework.test.context.junit4.SpringJUnit4ClassRunner.runChild(SpringJUnit4ClassRunner.java:233)
	at org.springframework.test.context.junit4.SpringJUnit4ClassRunner.runChild(SpringJUnit4ClassRunner.java:87)
	at org.junit.runners.ParentRunner$3.run(ParentRunner.java:238)
	at org.junit.runners.ParentRunner$1.schedule(ParentRunner.java:63)
	at org.junit.runners.ParentRunner.runChildren(ParentRunner.java:236)
	at org.junit.runners.ParentRunner.access$000(ParentRunner.java:53)
	at org.junit.runners.ParentRunner$2.evaluate(ParentRunner.java:229)
	at org.junit.internal.runners.statements.RunBefores.evaluate(RunBefores.java:26)
	at org.springframework.test.context.junit4.statements.RunBeforeTestClassCallbacks.evaluate(RunBeforeTestClassCallbacks.java:61)
	at org.springframework.test.context.junit4.statements.RunAfterTestClassCallbacks.evaluate(RunAfterTestClassCallbacks.java:71)
	at org.junit.runners.ParentRunner.run(ParentRunner.java:309)
	at org.springframework.test.context.junit4.SpringJUnit4ClassRunner.run(SpringJUnit4ClassRunner.java:176)
	at org.gradle.api.internal.tasks.testing.junit.JUnitTestClassExecuter.runTestClass(JUnitTestClassExecuter.java:86)
	at org.gradle.api.internal.tasks.testing.junit.JUnitTestClassExecuter.execute(JUnitTestClassExecuter.java:49)
	at org.gradle.api.internal.tasks.testing.junit.JUnitTestClassProcessor.processTestClass(JUnitTestClassProcessor.java:64)
	at org.gradle.api.internal.tasks.testing.SuiteTestClassProcessor.processTestClass(SuiteTestClassProcessor.java:50)
	at sun.reflect.GeneratedMethodAccessor126.invoke(Unknown Source)
	at sun.reflect.DelegatingMethodAccessorImpl.invoke(DelegatingMethodAccessorImpl.java:43)
	at java.lang.reflect.Method.invoke(Method.java:606)
	at org.gradle.messaging.dispatch.ReflectionDispatch.dispatch(ReflectionDispatch.java:35)
	at org.gradle.messaging.dispatch.ReflectionDispatch.dispatch(ReflectionDispatch.java:24)
	at org.gradle.messaging.dispatch.ContextClassLoaderDispatch.dispatch(ContextClassLoaderDispatch.java:32)
	at org.gradle.messaging.dispatch.ProxyDispatchAdapter$DispatchingInvocationHandler.invoke(ProxyDispatchAdapter.java:93)
	at com.sun.proxy.$Proxy2.processTestClass(Unknown Source)
	at org.gradle.api.internal.tasks.testing.worker.TestWorker.processTestClass(TestWorker.java:106)
	at sun.reflect.GeneratedMethodAccessor125.invoke(Unknown Source)
	at sun.reflect.DelegatingMethodAccessorImpl.invoke(DelegatingMethodAccessorImpl.java:43)
	at java.lang.reflect.Method.invoke(Method.java:606)
	at org.gradle.messaging.dispatch.ReflectionDispatch.dispatch(ReflectionDispatch.java:35)
	at org.gradle.messaging.dispatch.ReflectionDispatch.dispatch(ReflectionDispatch.java:24)
	at org.gradle.messaging.remote.internal.hub.MessageHub$Handler.run(MessageHub.java:360)
	at org.gradle.internal.concurrent.DefaultExecutorFactory$StoppableExecutorImpl$1.run(DefaultExecutorFactory.java:64)
	at java.util.concurrent.ThreadPoolExecutor.runWorker(ThreadPoolExecutor.java:1145)
	at java.util.concurrent.ThreadPoolExecutor$Worker.run(ThreadPoolExecutor.java:615)
	at java.lang.Thread.run(Thread.java:745)
Address.latitude size must be between 0 and 64
java.lang.SecurityException: Address.latitude size must be between 0 and 64
	at com.athena.server.pluggable.utils.helper.EntityValidatorHelper.validateEntity(EntityValidatorHelper.java:37)
	at com.app.shared.organization.locationmanagement.Address.isValid(Address.java:291)
	at com.app.server.service.organization.locationmanagement.AddressTestCase.validateAddress(AddressTestCase.java:355)
	at com.app.server.service.organization.locationmanagement.AddressTestCase.test5NegativeTesting(AddressTestCase.java:424)
	at sun.reflect.NativeMethodAccessorImpl.invoke0(Native Method)
	at sun.reflect.NativeMethodAccessorImpl.invoke(NativeMethodAccessorImpl.java:57)
	at sun.reflect.DelegatingMethodAccessorImpl.invoke(DelegatingMethodAccessorImpl.java:43)
	at java.lang.reflect.Method.invoke(Method.java:606)
	at org.junit.runners.model.FrameworkMethod$1.runReflectiveCall(FrameworkMethod.java:47)
	at org.junit.internal.runners.model.ReflectiveCallable.run(ReflectiveCallable.java:12)
	at org.junit.runners.model.FrameworkMethod.invokeExplosively(FrameworkMethod.java:44)
	at org.junit.internal.runners.statements.InvokeMethod.evaluate(InvokeMethod.java:17)
	at org.junit.internal.runners.statements.RunBefores.evaluate(RunBefores.java:26)
	at org.springframework.test.context.junit4.statements.RunBeforeTestMethodCallbacks.evaluate(RunBeforeTestMethodCallbacks.java:74)
	at org.junit.internal.runners.statements.RunAfters.evaluate(RunAfters.java:27)
	at org.springframework.test.context.junit4.statements.RunAfterTestMethodCallbacks.evaluate(RunAfterTestMethodCallbacks.java:83)
	at org.springframework.test.context.junit4.statements.SpringRepeat.evaluate(SpringRepeat.java:72)
	at org.springframework.test.context.junit4.SpringJUnit4ClassRunner.runChild(SpringJUnit4ClassRunner.java:233)
	at org.springframework.test.context.junit4.SpringJUnit4ClassRunner.runChild(SpringJUnit4ClassRunner.java:87)
	at org.junit.runners.ParentRunner$3.run(ParentRunner.java:238)
	at org.junit.runners.ParentRunner$1.schedule(ParentRunner.java:63)
	at org.junit.runners.ParentRunner.runChildren(ParentRunner.java:236)
	at org.junit.runners.ParentRunner.access$000(ParentRunner.java:53)
	at org.junit.runners.ParentRunner$2.evaluate(ParentRunner.java:229)
	at org.junit.internal.runners.statements.RunBefores.evaluate(RunBefores.java:26)
	at org.springframework.test.context.junit4.statements.RunBeforeTestClassCallbacks.evaluate(RunBeforeTestClassCallbacks.java:61)
	at org.springframework.test.context.junit4.statements.RunAfterTestClassCallbacks.evaluate(RunAfterTestClassCallbacks.java:71)
	at org.junit.runners.ParentRunner.run(ParentRunner.java:309)
	at org.springframework.test.context.junit4.SpringJUnit4ClassRunner.run(SpringJUnit4ClassRunner.java:176)
	at org.gradle.api.internal.tasks.testing.junit.JUnitTestClassExecuter.runTestClass(JUnitTestClassExecuter.java:86)
	at org.gradle.api.internal.tasks.testing.junit.JUnitTestClassExecuter.execute(JUnitTestClassExecuter.java:49)
	at org.gradle.api.internal.tasks.testing.junit.JUnitTestClassProcessor.processTestClass(JUnitTestClassProcessor.java:64)
	at org.gradle.api.internal.tasks.testing.SuiteTestClassProcessor.processTestClass(SuiteTestClassProcessor.java:50)
	at sun.reflect.GeneratedMethodAccessor126.invoke(Unknown Source)
	at sun.reflect.DelegatingMethodAccessorImpl.invoke(DelegatingMethodAccessorImpl.java:43)
	at java.lang.reflect.Method.invoke(Method.java:606)
	at org.gradle.messaging.dispatch.ReflectionDispatch.dispatch(ReflectionDispatch.java:35)
	at org.gradle.messaging.dispatch.ReflectionDispatch.dispatch(ReflectionDispatch.java:24)
	at org.gradle.messaging.dispatch.ContextClassLoaderDispatch.dispatch(ContextClassLoaderDispatch.java:32)
	at org.gradle.messaging.dispatch.ProxyDispatchAdapter$DispatchingInvocationHandler.invoke(ProxyDispatchAdapter.java:93)
	at com.sun.proxy.$Proxy2.processTestClass(Unknown Source)
	at org.gradle.api.internal.tasks.testing.worker.TestWorker.processTestClass(TestWorker.java:106)
	at sun.reflect.GeneratedMethodAccessor125.invoke(Unknown Source)
	at sun.reflect.DelegatingMethodAccessorImpl.invoke(DelegatingMethodAccessorImpl.java:43)
	at java.lang.reflect.Method.invoke(Method.java:606)
	at org.gradle.messaging.dispatch.ReflectionDispatch.dispatch(ReflectionDispatch.java:35)
	at org.gradle.messaging.dispatch.ReflectionDispatch.dispatch(ReflectionDispatch.java:24)
	at org.gradle.messaging.remote.internal.hub.MessageHub$Handler.run(MessageHub.java:360)
	at org.gradle.internal.concurrent.DefaultExecutorFactory$StoppableExecutorImpl$1.run(DefaultExecutorFactory.java:64)
	at java.util.concurrent.ThreadPoolExecutor.runWorker(ThreadPoolExecutor.java:1145)
	at java.util.concurrent.ThreadPoolExecutor$Worker.run(ThreadPoolExecutor.java:615)
	at java.lang.Thread.run(Thread.java:745)
Address.longitude size must be between 0 and 64
java.lang.SecurityException: Address.longitude size must be between 0 and 64
	at com.athena.server.pluggable.utils.helper.EntityValidatorHelper.validateEntity(EntityValidatorHelper.java:37)
	at com.app.shared.organization.locationmanagement.Address.isValid(Address.java:291)
	at com.app.server.service.organization.locationmanagement.AddressTestCase.validateAddress(AddressTestCase.java:355)
	at com.app.server.service.organization.locationmanagement.AddressTestCase.test5NegativeTesting(AddressTestCase.java:429)
	at sun.reflect.NativeMethodAccessorImpl.invoke0(Native Method)
	at sun.reflect.NativeMethodAccessorImpl.invoke(NativeMethodAccessorImpl.java:57)
	at sun.reflect.DelegatingMethodAccessorImpl.invoke(DelegatingMethodAccessorImpl.java:43)
	at java.lang.reflect.Method.invoke(Method.java:606)
	at org.junit.runners.model.FrameworkMethod$1.runReflectiveCall(FrameworkMethod.java:47)
	at org.junit.internal.runners.model.ReflectiveCallable.run(ReflectiveCallable.java:12)
	at org.junit.runners.model.FrameworkMethod.invokeExplosively(FrameworkMethod.java:44)
	at org.junit.internal.runners.statements.InvokeMethod.evaluate(InvokeMethod.java:17)
	at org.junit.internal.runners.statements.RunBefores.evaluate(RunBefores.java:26)
	at org.springframework.test.context.junit4.statements.RunBeforeTestMethodCallbacks.evaluate(RunBeforeTestMethodCallbacks.java:74)
	at org.junit.internal.runners.statements.RunAfters.evaluate(RunAfters.java:27)
	at org.springframework.test.context.junit4.statements.RunAfterTestMethodCallbacks.evaluate(RunAfterTestMethodCallbacks.java:83)
	at org.springframework.test.context.junit4.statements.SpringRepeat.evaluate(SpringRepeat.java:72)
	at org.springframework.test.context.junit4.SpringJUnit4ClassRunner.runChild(SpringJUnit4ClassRunner.java:233)
	at org.springframework.test.context.junit4.SpringJUnit4ClassRunner.runChild(SpringJUnit4ClassRunner.java:87)
	at org.junit.runners.ParentRunner$3.run(ParentRunner.java:238)
	at org.junit.runners.ParentRunner$1.schedule(ParentRunner.java:63)
	at org.junit.runners.ParentRunner.runChildren(ParentRunner.java:236)
	at org.junit.runners.ParentRunner.access$000(ParentRunner.java:53)
	at org.junit.runners.ParentRunner$2.evaluate(ParentRunner.java:229)
	at org.junit.internal.runners.statements.RunBefores.evaluate(RunBefores.java:26)
	at org.springframework.test.context.junit4.statements.RunBeforeTestClassCallbacks.evaluate(RunBeforeTestClassCallbacks.java:61)
	at org.springframework.test.context.junit4.statements.RunAfterTestClassCallbacks.evaluate(RunAfterTestClassCallbacks.java:71)
	at org.junit.runners.ParentRunner.run(ParentRunner.java:309)
	at org.springframework.test.context.junit4.SpringJUnit4ClassRunner.run(SpringJUnit4ClassRunner.java:176)
	at org.gradle.api.internal.tasks.testing.junit.JUnitTestClassExecuter.runTestClass(JUnitTestClassExecuter.java:86)
	at org.gradle.api.internal.tasks.testing.junit.JUnitTestClassExecuter.execute(JUnitTestClassExecuter.java:49)
	at org.gradle.api.internal.tasks.testing.junit.JUnitTestClassProcessor.processTestClass(JUnitTestClassProcessor.java:64)
	at org.gradle.api.internal.tasks.testing.SuiteTestClassProcessor.processTestClass(SuiteTestClassProcessor.java:50)
	at sun.reflect.GeneratedMethodAccessor126.invoke(Unknown Source)
	at sun.reflect.DelegatingMethodAccessorImpl.invoke(DelegatingMethodAccessorImpl.java:43)
	at java.lang.reflect.Method.invoke(Method.java:606)
	at org.gradle.messaging.dispatch.ReflectionDispatch.dispatch(ReflectionDispatch.java:35)
	at org.gradle.messaging.dispatch.ReflectionDispatch.dispatch(ReflectionDispatch.java:24)
	at org.gradle.messaging.dispatch.ContextClassLoaderDispatch.dispatch(ContextClassLoaderDispatch.java:32)
	at org.gradle.messaging.dispatch.ProxyDispatchAdapter$DispatchingInvocationHandler.invoke(ProxyDispatchAdapter.java:93)
	at com.sun.proxy.$Proxy2.processTestClass(Unknown Source)
	at org.gradle.api.internal.tasks.testing.worker.TestWorker.processTestClass(TestWorker.java:106)
	at sun.reflect.GeneratedMethodAccessor125.invoke(Unknown Source)
	at sun.reflect.DelegatingMethodAccessorImpl.invoke(DelegatingMethodAccessorImpl.java:43)
	at java.lang.reflect.Method.invoke(Method.java:606)
	at org.gradle.messaging.dispatch.ReflectionDispatch.dispatch(ReflectionDispatch.java:35)
	at org.gradle.messaging.dispatch.ReflectionDispatch.dispatch(ReflectionDispatch.java:24)
	at org.gradle.messaging.remote.internal.hub.MessageHub$Handler.run(MessageHub.java:360)
	at org.gradle.internal.concurrent.DefaultExecutorFactory$StoppableExecutorImpl$1.run(DefaultExecutorFactory.java:64)
	at java.util.concurrent.ThreadPoolExecutor.runWorker(ThreadPoolExecutor.java:1145)
	at java.util.concurrent.ThreadPoolExecutor$Worker.run(ThreadPoolExecutor.java:615)
	at java.lang.Thread.run(Thread.java:745)
]]></system-err>
</testsuite>
