<?xml version="1.0" encoding="UTF-8"?>
<testsuite name="com.app.server.service.organization.contactmanagement.SocialCategoryTestCase" tests="5" skipped="0" failures="0" errors="0" timestamp="2016-09-21T06:35:35" hostname="ab5a12c16337" time="0.44">
  <properties/>
  <testcase name="test1Save" classname="com.app.server.service.organization.contactmanagement.SocialCategoryTestCase" time="0.176"/>
  <testcase name="test2Update" classname="com.app.server.service.organization.contactmanagement.SocialCategoryTestCase" time="0.083"/>
  <testcase name="test3FindById" classname="com.app.server.service.organization.contactmanagement.SocialCategoryTestCase" time="0.032"/>
  <testcase name="test5NegativeTesting" classname="com.app.server.service.organization.contactmanagement.SocialCategoryTestCase" time="0.009"/>
  <testcase name="test6Delete" classname="com.app.server.service.organization.contactmanagement.SocialCategoryTestCase" time="0.139"/>
  <system-out><![CDATA[Wed Sep 21 06:35:35 UTC 2016|Log Manager Factory|Initialization Process started.....
Wed Sep 21 06:35:35 UTC 2016|Log Manager|Initialized with Path = [/home/applifire/workspace/testpro/src/main/webapp/WEB-INF/conf]
Wed Sep 21 06:35:35 UTC 2016|Alarm Manager|Initialized with Path = [/home/applifire/workspace/testpro/src/main/webapp/WEB-INF/conf]
Wed Sep 21 06:35:35 UTC 2016|Alarm Manager|Loading Alarms ......
Wed Sep 21 06:35:35 UTC 2016|Alarm XML Parser|FWA|XML Parsing Complete........ 
Wed Sep 21 06:35:35 UTC 2016|Alarm File Manager|FWA|Alarm File Status.. [ApplicationFrameworkAlarms.xml]|Version=15|Status=Done 
Wed Sep 21 06:35:35 UTC 2016|Alarm File Manager|FWA|Alarm Stats = ( BC/AL=5/786 SYS=5/11 [786/0]  TPL=0/0 [0/0]  APP= A.Map=[875]  E.Map EC/RC=[391/79] )
Wed Sep 21 06:35:35 UTC 2016|Alarm XML Parser|APP|XML Parsing Complete........ 
Wed Sep 21 06:35:35 UTC 2016|Alarm File Manager|APP|Alarm File Status.. [ApplicationAlarms.xml]|Version=1|Status=Done 
Wed Sep 21 06:35:35 UTC 2016|Alarm File Manager|APP|Alarm Stats = ( BC/AL=5/786 SYS=5/11 [786/0]  TPL=0/0 [0/0]  APP=0/0 [0/0]  A.Map=[875]  E.Map EC/RC=[391/79] )
Wed Sep 21 06:35:35 UTC 2016|ApplicationAlarmContext| <><><><><> Create App Alarms ....  <><><><><> 
Wed Sep 21 06:35:35 UTC 2016|ApplicationAlarmContext|Alarms are generated ONLY in Development Mode.. 
Wed Sep 21 06:35:35 UTC 2016|Alarm Manager|APP|Alarm Stats = ( BC/AL=5/786 SYS=5/11 [786/0]  TPL=0/0 [0/0]  APP=0/0 [0/0]  A.Map=[875]  E.Map EC/RC=[391/79] )
Wed Sep 21 06:35:35 UTC 2016|Alarm Manager|Initialized Exception Lookup...
Wed Sep 21 06:35:35 UTC 2016|Log Manager|Initialize Log Config File ......
Wed Sep 21 06:35:35 UTC 2016|Pluggable Connectors|Adding Connectors : StandardOutputConnector isEnabled=true isDefault=false isFallBack=true
Wed Sep 21 06:35:35 UTC 2016|Pluggable Connectors|Adding Connectors : StandardFileConnector isEnabled=true isDefault=false isFallBack=false
Wed Sep 21 06:35:35 UTC 2016|Pluggable Connectors|Adding Connectors : Sprinkler isEnabled=true isDefault=true isFallBack=false
Wed Sep 21 06:35:35 UTC 2016|Pluggable Connectors|Default Connector Name : com.spartan.logger.core.LogMessenger
Wed Sep 21 06:35:35 UTC 2016|Log Config Parser|Connector Least Log Level =[4]  FallBack Log Level =[3]
Wed Sep 21 06:35:35 UTC 2016|Log Manager|Loading Default Connector for Logging ......
Wed Sep 21 06:35:35 UTC 2016|Log Manager|Loading class .. com.spartan.logger.core.LogMessenger
Wed Sep 21 06:35:35 UTC 2016|Plugggable Connector|Connector class com.spartan.logger.core.LogMessenger Initialized... @ Log Level = 3
Wed Sep 21 06:35:35 UTC 2016|Log Manager|Starting the Default Connector [com.spartan.logger.core.LogMessenger@b34c224] ....
Wed Sep 21 06:35:35 UTC 2016|Scheduler|Starting the Scheduler ......
Wed Sep 21 06:35:35 UTC 2016|Scheduler|Adding [LMID=[b53b3b4c-eae5-4dab-b5a8-91035a9d6d6b]] Delay=5 Time Unit=MINUTES
Wed Sep 21 06:35:35 UTC 2016|Scheduler|Adding [App Alarm Manager File=[ApplicationAlarms.xml]] Delay=30 Time Unit=MINUTES
Wed Sep 21 06:35:35 UTC 2016|Scheduler|Adding [FW Alarm Manager File=[ApplicationFrameworkAlarms.xml]] Delay=3 Time Unit=MINUTES
Wed Sep 21 06:35:35 UTC 2016|Scheduler|Startup Completed..
Wed Sep 21 06:35:35 UTC 2016|Log Manager|Initialization Process Complete ......
Wed Sep 21 06:35:35 UTC 2016|Log Manager Factory|Log Manager READY! ID = b53b3b4c-eae5-4dab-b5a8-91035a9d6d6b
[EL Finer]: connection: 2016-09-21 06:35:35.925--ServerSession(993367760)--Thread(Thread[Test worker,5,main])--client acquired: 1008247732
[EL Finer]: transaction: 2016-09-21 06:35:35.925--ClientSession(1008247732)--Thread(Thread[Test worker,5,main])--acquire unit of work: 1973656894
[EL Finest]: connection: 2016-09-21 06:35:35.925--ServerSession(993367760)--Connection(1219005896)--Thread(Thread[Test worker,5,main])--Connection acquired from connection pool [default].
[EL Finer]: transaction: 2016-09-21 06:35:35.925--ClientSession(1008247732)--Connection(1219005896)--Thread(Thread[Test worker,5,main])--begin transaction
[EL Finest]: connection: 2016-09-21 06:35:35.925--ClientSession(1008247732)--Thread(Thread[Test worker,5,main])--reconnecting to external connection pool
[EL Finest]: transaction: 2016-09-21 06:35:35.93--UnitOfWork(1973656894)--Thread(Thread[Test worker,5,main])--persist() operation called on: E0SZGAmg3sLdKz0sPxGavy2Tn89YzZfSyk56HQ0EyKGR2kFt2y.
[EL Finest]: sequencing: 2016-09-21 06:35:35.93--UnitOfWork(1973656894)--Thread(Thread[Test worker,5,main])--assign sequence to the object (F40115F8-5643-4B46-BB63-63BFFDA6C79F -> E0SZGAmg3sLdKz0sPxGavy2Tn89YzZfSyk56HQ0EyKGR2kFt2y)
Wed Sep 21 06:35:35 UTC 2016|Unknown Alarm = ORGCM322100200 Alarm Split = ORG-CM-3-2-2-100-200
[EL Finer]: transaction: 2016-09-21 06:35:35.93--UnitOfWork(1973656894)--Thread(Thread[Test worker,5,main])--begin unit of work commit
[EL Finest]: query: 2016-09-21 06:35:35.931--UnitOfWork(1973656894)--Thread(Thread[Test worker,5,main])--Execute query InsertObjectQuery(E0SZGAmg3sLdKz0sPxGavy2Tn89YzZfSyk56HQ0EyKGR2kFt2y)
[EL Fine]: sql: 2016-09-21 06:35:35.931--ClientSession(1008247732)--Connection(1817714027)--Thread(Thread[Test worker,5,main])--INSERT INTO SocialCategory (socialCatId, socialCatName, versionId, createdBy, createdDate, updatedBy, updatedDate, activeStatus, txnAccessCode) VALUES (?, ?, ?, ?, ?, ?, ?, ?, ?)
	bind => [F40115F8-5643-4B46-BB63-63BFFDA6C79F, E0SZGAmg3sLdKz0sPxGavy2Tn89YzZfSyk56HQ0EyKGR2kFt2y, 1, AAAAA, 2016-09-21 06:35:35.858, AAAAA, 2016-09-21 06:35:35.858, 1, 51000]
[EL Finer]: transaction: 2016-09-21 06:35:35.936--ClientSession(1008247732)--Connection(1817714027)--Thread(Thread[Test worker,5,main])--commit transaction
[EL Finest]: connection: 2016-09-21 06:35:36.009--ServerSession(993367760)--Connection(1219005896)--Thread(Thread[Test worker,5,main])--Connection released to connection pool [default].
[EL Finer]: transaction: 2016-09-21 06:35:36.009--UnitOfWork(1973656894)--Thread(Thread[Test worker,5,main])--end unit of work commit
[EL Finer]: transaction: 2016-09-21 06:35:36.009--UnitOfWork(1973656894)--Thread(Thread[Test worker,5,main])--resume unit of work
[EL Finer]: transaction: 2016-09-21 06:35:36.009--UnitOfWork(1973656894)--Thread(Thread[Test worker,5,main])--release unit of work
[EL Finer]: connection: 2016-09-21 06:35:36.01--ClientSession(1008247732)--Thread(Thread[Test worker,5,main])--client released
[EL Finer]: connection: 2016-09-21 06:35:36.031--ServerSession(993367760)--Thread(Thread[Test worker,5,main])--client acquired: 636144208
[EL Finer]: transaction: 2016-09-21 06:35:36.031--ClientSession(636144208)--Thread(Thread[Test worker,5,main])--acquire unit of work: 1502109090
[EL Finest]: connection: 2016-09-21 06:35:36.031--ServerSession(993367760)--Connection(129721498)--Thread(Thread[Test worker,5,main])--Connection acquired from connection pool [default].
[EL Finer]: transaction: 2016-09-21 06:35:36.031--ClientSession(636144208)--Connection(129721498)--Thread(Thread[Test worker,5,main])--begin transaction
[EL Finest]: connection: 2016-09-21 06:35:36.031--ClientSession(636144208)--Thread(Thread[Test worker,5,main])--reconnecting to external connection pool
[EL Finer]: transaction: 2016-09-21 06:35:36.033--UnitOfWork(1502109090)--Thread(Thread[Test worker,5,main])--begin unit of work flush
[EL Finer]: transaction: 2016-09-21 06:35:36.033--UnitOfWork(1502109090)--Thread(Thread[Test worker,5,main])--end unit of work flush
[EL Finest]: query: 2016-09-21 06:35:36.033--UnitOfWork(1502109090)--Thread(Thread[Test worker,5,main])--Execute query ReadAllQuery(name="SocialCategory.findById" referenceClass=SocialCategory sql="SELECT socialCatId, socialCatName, versionId, createdBy, createdDate, updatedBy, updatedDate, activeStatus, txnAccessCode FROM SocialCategory WHERE ((activeStatus = ?) AND (socialCatId = ?))")
[EL Fine]: sql: 2016-09-21 06:35:36.033--ClientSession(636144208)--Connection(1869127727)--Thread(Thread[Test worker,5,main])--SELECT socialCatId, socialCatName, versionId, createdBy, createdDate, updatedBy, updatedDate, activeStatus, txnAccessCode FROM SocialCategory WHERE ((activeStatus = ?) AND (socialCatId = ?))
	bind => [1, F40115F8-5643-4B46-BB63-63BFFDA6C79F]
Wed Sep 21 06:35:36 UTC 2016|Unknown Alarm = ORGCM324100200 Alarm Split = ORG-CM-3-2-4-100-200
[EL Finer]: transaction: 2016-09-21 06:35:36.035--UnitOfWork(1502109090)--Thread(Thread[Test worker,5,main])--begin unit of work commit
[EL Finer]: transaction: 2016-09-21 06:35:36.035--ClientSession(636144208)--Connection(1869127727)--Thread(Thread[Test worker,5,main])--commit transaction
[EL Finest]: connection: 2016-09-21 06:35:36.036--ServerSession(993367760)--Connection(129721498)--Thread(Thread[Test worker,5,main])--Connection released to connection pool [default].
[EL Finer]: transaction: 2016-09-21 06:35:36.036--UnitOfWork(1502109090)--Thread(Thread[Test worker,5,main])--end unit of work commit
[EL Finer]: transaction: 2016-09-21 06:35:36.036--UnitOfWork(1502109090)--Thread(Thread[Test worker,5,main])--resume unit of work
[EL Finer]: transaction: 2016-09-21 06:35:36.036--UnitOfWork(1502109090)--Thread(Thread[Test worker,5,main])--release unit of work
[EL Finer]: connection: 2016-09-21 06:35:36.036--ClientSession(636144208)--Thread(Thread[Test worker,5,main])--client released
[EL Finer]: connection: 2016-09-21 06:35:36.036--ServerSession(993367760)--Thread(Thread[Test worker,5,main])--client acquired: 70709467
[EL Finer]: transaction: 2016-09-21 06:35:36.037--ClientSession(70709467)--Thread(Thread[Test worker,5,main])--acquire unit of work: 855555078
[EL Finest]: connection: 2016-09-21 06:35:36.037--ServerSession(993367760)--Connection(1911179281)--Thread(Thread[Test worker,5,main])--Connection acquired from connection pool [default].
[EL Finer]: transaction: 2016-09-21 06:35:36.037--ClientSession(70709467)--Connection(1911179281)--Thread(Thread[Test worker,5,main])--begin transaction
[EL Finest]: connection: 2016-09-21 06:35:36.037--ClientSession(70709467)--Thread(Thread[Test worker,5,main])--reconnecting to external connection pool
[EL Finest]: transaction: 2016-09-21 06:35:36.039--UnitOfWork(855555078)--Thread(Thread[Test worker,5,main])--Merge clone with references 13KeETRGEFOURDBOoREv77O8NgHmLp532V3PARYqloFKtwpwo0
[EL Finest]: query: 2016-09-21 06:35:36.039--UnitOfWork(855555078)--Thread(Thread[Test worker,5,main])--Execute query ReadObjectQuery(referenceClass=SocialCategory )
[EL Fine]: sql: 2016-09-21 06:35:36.04--ClientSession(70709467)--Connection(1760933917)--Thread(Thread[Test worker,5,main])--SELECT socialCatId, socialCatName, versionId, createdBy, createdDate, updatedBy, updatedDate, activeStatus, txnAccessCode FROM SocialCategory WHERE (socialCatId = ?)
	bind => [F40115F8-5643-4B46-BB63-63BFFDA6C79F]
Wed Sep 21 06:35:36 UTC 2016|Unknown Alarm = ORGCM321100200 Alarm Split = ORG-CM-3-2-1-100-200
[EL Finer]: transaction: 2016-09-21 06:35:36.041--UnitOfWork(855555078)--Thread(Thread[Test worker,5,main])--begin unit of work commit
[EL Finest]: query: 2016-09-21 06:35:36.042--UnitOfWork(855555078)--Thread(Thread[Test worker,5,main])--Execute query UpdateObjectQuery(13KeETRGEFOURDBOoREv77O8NgHmLp532V3PARYqloFKtwpwo0)
[EL Fine]: sql: 2016-09-21 06:35:36.042--ClientSession(70709467)--Connection(1760933917)--Thread(Thread[Test worker,5,main])--UPDATE SocialCategory SET socialCatName = ?, versionId = ? WHERE ((socialCatId = ?) AND (versionId = ?))
	bind => [13KeETRGEFOURDBOoREv77O8NgHmLp532V3PARYqloFKtwpwo0, 2, F40115F8-5643-4B46-BB63-63BFFDA6C79F, 1]
[EL Finer]: transaction: 2016-09-21 06:35:36.043--ClientSession(70709467)--Connection(1760933917)--Thread(Thread[Test worker,5,main])--commit transaction
[EL Finest]: connection: 2016-09-21 06:35:36.092--ServerSession(993367760)--Connection(1911179281)--Thread(Thread[Test worker,5,main])--Connection released to connection pool [default].
[EL Finer]: transaction: 2016-09-21 06:35:36.092--UnitOfWork(855555078)--Thread(Thread[Test worker,5,main])--end unit of work commit
[EL Finer]: transaction: 2016-09-21 06:35:36.092--UnitOfWork(855555078)--Thread(Thread[Test worker,5,main])--resume unit of work
[EL Finer]: transaction: 2016-09-21 06:35:36.092--UnitOfWork(855555078)--Thread(Thread[Test worker,5,main])--release unit of work
[EL Finer]: connection: 2016-09-21 06:35:36.092--ClientSession(70709467)--Thread(Thread[Test worker,5,main])--client released
[EL Finer]: connection: 2016-09-21 06:35:36.121--ServerSession(993367760)--Thread(Thread[Test worker,5,main])--client acquired: 632536687
[EL Finer]: transaction: 2016-09-21 06:35:36.121--ClientSession(632536687)--Thread(Thread[Test worker,5,main])--acquire unit of work: 1000045759
[EL Finest]: connection: 2016-09-21 06:35:36.121--ServerSession(993367760)--Connection(1562050091)--Thread(Thread[Test worker,5,main])--Connection acquired from connection pool [default].
[EL Finer]: transaction: 2016-09-21 06:35:36.121--ClientSession(632536687)--Connection(1562050091)--Thread(Thread[Test worker,5,main])--begin transaction
[EL Finest]: connection: 2016-09-21 06:35:36.121--ClientSession(632536687)--Thread(Thread[Test worker,5,main])--reconnecting to external connection pool
[EL Finer]: transaction: 2016-09-21 06:35:36.122--UnitOfWork(1000045759)--Thread(Thread[Test worker,5,main])--begin unit of work flush
[EL Finer]: transaction: 2016-09-21 06:35:36.122--UnitOfWork(1000045759)--Thread(Thread[Test worker,5,main])--end unit of work flush
[EL Finest]: query: 2016-09-21 06:35:36.122--UnitOfWork(1000045759)--Thread(Thread[Test worker,5,main])--Execute query ReadAllQuery(name="SocialCategory.findById" referenceClass=SocialCategory sql="SELECT socialCatId, socialCatName, versionId, createdBy, createdDate, updatedBy, updatedDate, activeStatus, txnAccessCode FROM SocialCategory WHERE ((activeStatus = ?) AND (socialCatId = ?))")
[EL Fine]: sql: 2016-09-21 06:35:36.122--ClientSession(632536687)--Connection(2016426048)--Thread(Thread[Test worker,5,main])--SELECT socialCatId, socialCatName, versionId, createdBy, createdDate, updatedBy, updatedDate, activeStatus, txnAccessCode FROM SocialCategory WHERE ((activeStatus = ?) AND (socialCatId = ?))
	bind => [1, F40115F8-5643-4B46-BB63-63BFFDA6C79F]
Wed Sep 21 06:35:36 UTC 2016|Unknown Alarm = ORGCM324100200 Alarm Split = ORG-CM-3-2-4-100-200
[EL Finer]: transaction: 2016-09-21 06:35:36.124--UnitOfWork(1000045759)--Thread(Thread[Test worker,5,main])--begin unit of work commit
[EL Finer]: transaction: 2016-09-21 06:35:36.124--ClientSession(632536687)--Connection(2016426048)--Thread(Thread[Test worker,5,main])--commit transaction
[EL Finest]: connection: 2016-09-21 06:35:36.124--ServerSession(993367760)--Connection(1562050091)--Thread(Thread[Test worker,5,main])--Connection released to connection pool [default].
[EL Finer]: transaction: 2016-09-21 06:35:36.124--UnitOfWork(1000045759)--Thread(Thread[Test worker,5,main])--end unit of work commit
[EL Finer]: transaction: 2016-09-21 06:35:36.124--UnitOfWork(1000045759)--Thread(Thread[Test worker,5,main])--resume unit of work
[EL Finer]: transaction: 2016-09-21 06:35:36.124--UnitOfWork(1000045759)--Thread(Thread[Test worker,5,main])--release unit of work
[EL Finer]: connection: 2016-09-21 06:35:36.124--ClientSession(632536687)--Thread(Thread[Test worker,5,main])--client released
[EL Finer]: connection: 2016-09-21 06:35:36.168--ServerSession(993367760)--Thread(Thread[Test worker,5,main])--client acquired: 483220305
[EL Finer]: transaction: 2016-09-21 06:35:36.168--ClientSession(483220305)--Thread(Thread[Test worker,5,main])--acquire unit of work: 1847996828
[EL Finest]: connection: 2016-09-21 06:35:36.168--ServerSession(993367760)--Connection(226701635)--Thread(Thread[Test worker,5,main])--Connection acquired from connection pool [default].
[EL Finer]: transaction: 2016-09-21 06:35:36.168--ClientSession(483220305)--Connection(226701635)--Thread(Thread[Test worker,5,main])--begin transaction
[EL Finest]: connection: 2016-09-21 06:35:36.168--ClientSession(483220305)--Thread(Thread[Test worker,5,main])--reconnecting to external connection pool
[EL Finest]: query: 2016-09-21 06:35:36.169--UnitOfWork(1847996828)--Thread(Thread[Test worker,5,main])--Execute query ReadObjectQuery(name="readSocialCategory" referenceClass=SocialCategory sql="SELECT socialCatId, socialCatName, versionId, createdBy, createdDate, updatedBy, updatedDate, activeStatus, txnAccessCode FROM SocialCategory WHERE (socialCatId = ?)")
[EL Fine]: sql: 2016-09-21 06:35:36.17--ClientSession(483220305)--Connection(1366528458)--Thread(Thread[Test worker,5,main])--SELECT socialCatId, socialCatName, versionId, createdBy, createdDate, updatedBy, updatedDate, activeStatus, txnAccessCode FROM SocialCategory WHERE (socialCatId = ?)
	bind => [F40115F8-5643-4B46-BB63-63BFFDA6C79F]
[EL Finest]: transaction: 2016-09-21 06:35:36.171--UnitOfWork(1847996828)--Thread(Thread[Test worker,5,main])--remove() operation called on: 13KeETRGEFOURDBOoREv77O8NgHmLp532V3PARYqloFKtwpwo0
Wed Sep 21 06:35:36 UTC 2016|Unknown Alarm = ORGCM328100200 Alarm Split = ORG-CM-3-2-8-100-200
[EL Finer]: transaction: 2016-09-21 06:35:36.171--UnitOfWork(1847996828)--Thread(Thread[Test worker,5,main])--begin unit of work commit
[EL Finest]: query: 2016-09-21 06:35:36.171--UnitOfWork(1847996828)--Thread(Thread[Test worker,5,main])--Execute query DoesExistQuery(referenceClass=SocialCategory )
[EL Finest]: query: 2016-09-21 06:35:36.172--UnitOfWork(1847996828)--Thread(Thread[Test worker,5,main])--Execute query DeleteObjectQuery(13KeETRGEFOURDBOoREv77O8NgHmLp532V3PARYqloFKtwpwo0)
[EL Fine]: sql: 2016-09-21 06:35:36.172--ClientSession(483220305)--Connection(1366528458)--Thread(Thread[Test worker,5,main])--DELETE FROM SocialCategory WHERE ((socialCatId = ?) AND (versionId = ?))
	bind => [F40115F8-5643-4B46-BB63-63BFFDA6C79F, 2]
[EL Finer]: transaction: 2016-09-21 06:35:36.173--ClientSession(483220305)--Connection(1366528458)--Thread(Thread[Test worker,5,main])--commit transaction
[EL Finest]: connection: 2016-09-21 06:35:36.273--ServerSession(993367760)--Connection(226701635)--Thread(Thread[Test worker,5,main])--Connection released to connection pool [default].
[EL Finer]: transaction: 2016-09-21 06:35:36.273--UnitOfWork(1847996828)--Thread(Thread[Test worker,5,main])--end unit of work commit
[EL Finer]: transaction: 2016-09-21 06:35:36.273--UnitOfWork(1847996828)--Thread(Thread[Test worker,5,main])--resume unit of work
[EL Finer]: transaction: 2016-09-21 06:35:36.273--UnitOfWork(1847996828)--Thread(Thread[Test worker,5,main])--release unit of work
[EL Finer]: connection: 2016-09-21 06:35:36.273--ClientSession(483220305)--Thread(Thread[Test worker,5,main])--client released
]]></system-out>
  <system-err><![CDATA[SocialCategory.socialCatName may not be null
java.lang.SecurityException: SocialCategory.socialCatName may not be null
	at com.athena.server.pluggable.utils.helper.EntityValidatorHelper.validateEntity(EntityValidatorHelper.java:37)
	at com.app.shared.organization.contactmanagement.SocialCategory.isValid(SocialCategory.java:147)
	at com.app.server.service.organization.contactmanagement.SocialCategoryTestCase.validateSocialCategory(SocialCategoryTestCase.java:207)
	at com.app.server.service.organization.contactmanagement.SocialCategoryTestCase.test5NegativeTesting(SocialCategoryTestCase.java:238)
	at sun.reflect.NativeMethodAccessorImpl.invoke0(Native Method)
	at sun.reflect.NativeMethodAccessorImpl.invoke(NativeMethodAccessorImpl.java:57)
	at sun.reflect.DelegatingMethodAccessorImpl.invoke(DelegatingMethodAccessorImpl.java:43)
	at java.lang.reflect.Method.invoke(Method.java:606)
	at org.junit.runners.model.FrameworkMethod$1.runReflectiveCall(FrameworkMethod.java:47)
	at org.junit.internal.runners.model.ReflectiveCallable.run(ReflectiveCallable.java:12)
	at org.junit.runners.model.FrameworkMethod.invokeExplosively(FrameworkMethod.java:44)
	at org.junit.internal.runners.statements.InvokeMethod.evaluate(InvokeMethod.java:17)
	at org.junit.internal.runners.statements.RunBefores.evaluate(RunBefores.java:26)
	at org.springframework.test.context.junit4.statements.RunBeforeTestMethodCallbacks.evaluate(RunBeforeTestMethodCallbacks.java:74)
	at org.junit.internal.runners.statements.RunAfters.evaluate(RunAfters.java:27)
	at org.springframework.test.context.junit4.statements.RunAfterTestMethodCallbacks.evaluate(RunAfterTestMethodCallbacks.java:83)
	at org.springframework.test.context.junit4.statements.SpringRepeat.evaluate(SpringRepeat.java:72)
	at org.springframework.test.context.junit4.SpringJUnit4ClassRunner.runChild(SpringJUnit4ClassRunner.java:233)
	at org.springframework.test.context.junit4.SpringJUnit4ClassRunner.runChild(SpringJUnit4ClassRunner.java:87)
	at org.junit.runners.ParentRunner$3.run(ParentRunner.java:238)
	at org.junit.runners.ParentRunner$1.schedule(ParentRunner.java:63)
	at org.junit.runners.ParentRunner.runChildren(ParentRunner.java:236)
	at org.junit.runners.ParentRunner.access$000(ParentRunner.java:53)
	at org.junit.runners.ParentRunner$2.evaluate(ParentRunner.java:229)
	at org.junit.internal.runners.statements.RunBefores.evaluate(RunBefores.java:26)
	at org.springframework.test.context.junit4.statements.RunBeforeTestClassCallbacks.evaluate(RunBeforeTestClassCallbacks.java:61)
	at org.springframework.test.context.junit4.statements.RunAfterTestClassCallbacks.evaluate(RunAfterTestClassCallbacks.java:71)
	at org.junit.runners.ParentRunner.run(ParentRunner.java:309)
	at org.springframework.test.context.junit4.SpringJUnit4ClassRunner.run(SpringJUnit4ClassRunner.java:176)
	at org.gradle.api.internal.tasks.testing.junit.JUnitTestClassExecuter.runTestClass(JUnitTestClassExecuter.java:86)
	at org.gradle.api.internal.tasks.testing.junit.JUnitTestClassExecuter.execute(JUnitTestClassExecuter.java:49)
	at org.gradle.api.internal.tasks.testing.junit.JUnitTestClassProcessor.processTestClass(JUnitTestClassProcessor.java:64)
	at org.gradle.api.internal.tasks.testing.SuiteTestClassProcessor.processTestClass(SuiteTestClassProcessor.java:50)
	at sun.reflect.GeneratedMethodAccessor126.invoke(Unknown Source)
	at sun.reflect.DelegatingMethodAccessorImpl.invoke(DelegatingMethodAccessorImpl.java:43)
	at java.lang.reflect.Method.invoke(Method.java:606)
	at org.gradle.messaging.dispatch.ReflectionDispatch.dispatch(ReflectionDispatch.java:35)
	at org.gradle.messaging.dispatch.ReflectionDispatch.dispatch(ReflectionDispatch.java:24)
	at org.gradle.messaging.dispatch.ContextClassLoaderDispatch.dispatch(ContextClassLoaderDispatch.java:32)
	at org.gradle.messaging.dispatch.ProxyDispatchAdapter$DispatchingInvocationHandler.invoke(ProxyDispatchAdapter.java:93)
	at com.sun.proxy.$Proxy2.processTestClass(Unknown Source)
	at org.gradle.api.internal.tasks.testing.worker.TestWorker.processTestClass(TestWorker.java:106)
	at sun.reflect.GeneratedMethodAccessor125.invoke(Unknown Source)
	at sun.reflect.DelegatingMethodAccessorImpl.invoke(DelegatingMethodAccessorImpl.java:43)
	at java.lang.reflect.Method.invoke(Method.java:606)
	at org.gradle.messaging.dispatch.ReflectionDispatch.dispatch(ReflectionDispatch.java:35)
	at org.gradle.messaging.dispatch.ReflectionDispatch.dispatch(ReflectionDispatch.java:24)
	at org.gradle.messaging.remote.internal.hub.MessageHub$Handler.run(MessageHub.java:360)
	at org.gradle.internal.concurrent.DefaultExecutorFactory$StoppableExecutorImpl$1.run(DefaultExecutorFactory.java:64)
	at java.util.concurrent.ThreadPoolExecutor.runWorker(ThreadPoolExecutor.java:1145)
	at java.util.concurrent.ThreadPoolExecutor$Worker.run(ThreadPoolExecutor.java:615)
	at java.lang.Thread.run(Thread.java:745)
SocialCategory.socialCatName size must be between 1 and 256
java.lang.SecurityException: SocialCategory.socialCatName size must be between 1 and 256
	at com.athena.server.pluggable.utils.helper.EntityValidatorHelper.validateEntity(EntityValidatorHelper.java:37)
	at com.app.shared.organization.contactmanagement.SocialCategory.isValid(SocialCategory.java:147)
	at com.app.server.service.organization.contactmanagement.SocialCategoryTestCase.validateSocialCategory(SocialCategoryTestCase.java:205)
	at com.app.server.service.organization.contactmanagement.SocialCategoryTestCase.test5NegativeTesting(SocialCategoryTestCase.java:243)
	at sun.reflect.NativeMethodAccessorImpl.invoke0(Native Method)
	at sun.reflect.NativeMethodAccessorImpl.invoke(NativeMethodAccessorImpl.java:57)
	at sun.reflect.DelegatingMethodAccessorImpl.invoke(DelegatingMethodAccessorImpl.java:43)
	at java.lang.reflect.Method.invoke(Method.java:606)
	at org.junit.runners.model.FrameworkMethod$1.runReflectiveCall(FrameworkMethod.java:47)
	at org.junit.internal.runners.model.ReflectiveCallable.run(ReflectiveCallable.java:12)
	at org.junit.runners.model.FrameworkMethod.invokeExplosively(FrameworkMethod.java:44)
	at org.junit.internal.runners.statements.InvokeMethod.evaluate(InvokeMethod.java:17)
	at org.junit.internal.runners.statements.RunBefores.evaluate(RunBefores.java:26)
	at org.springframework.test.context.junit4.statements.RunBeforeTestMethodCallbacks.evaluate(RunBeforeTestMethodCallbacks.java:74)
	at org.junit.internal.runners.statements.RunAfters.evaluate(RunAfters.java:27)
	at org.springframework.test.context.junit4.statements.RunAfterTestMethodCallbacks.evaluate(RunAfterTestMethodCallbacks.java:83)
	at org.springframework.test.context.junit4.statements.SpringRepeat.evaluate(SpringRepeat.java:72)
	at org.springframework.test.context.junit4.SpringJUnit4ClassRunner.runChild(SpringJUnit4ClassRunner.java:233)
	at org.springframework.test.context.junit4.SpringJUnit4ClassRunner.runChild(SpringJUnit4ClassRunner.java:87)
	at org.junit.runners.ParentRunner$3.run(ParentRunner.java:238)
	at org.junit.runners.ParentRunner$1.schedule(ParentRunner.java:63)
	at org.junit.runners.ParentRunner.runChildren(ParentRunner.java:236)
	at org.junit.runners.ParentRunner.access$000(ParentRunner.java:53)
	at org.junit.runners.ParentRunner$2.evaluate(ParentRunner.java:229)
	at org.junit.internal.runners.statements.RunBefores.evaluate(RunBefores.java:26)
	at org.springframework.test.context.junit4.statements.RunBeforeTestClassCallbacks.evaluate(RunBeforeTestClassCallbacks.java:61)
	at org.springframework.test.context.junit4.statements.RunAfterTestClassCallbacks.evaluate(RunAfterTestClassCallbacks.java:71)
	at org.junit.runners.ParentRunner.run(ParentRunner.java:309)
	at org.springframework.test.context.junit4.SpringJUnit4ClassRunner.run(SpringJUnit4ClassRunner.java:176)
	at org.gradle.api.internal.tasks.testing.junit.JUnitTestClassExecuter.runTestClass(JUnitTestClassExecuter.java:86)
	at org.gradle.api.internal.tasks.testing.junit.JUnitTestClassExecuter.execute(JUnitTestClassExecuter.java:49)
	at org.gradle.api.internal.tasks.testing.junit.JUnitTestClassProcessor.processTestClass(JUnitTestClassProcessor.java:64)
	at org.gradle.api.internal.tasks.testing.SuiteTestClassProcessor.processTestClass(SuiteTestClassProcessor.java:50)
	at sun.reflect.GeneratedMethodAccessor126.invoke(Unknown Source)
	at sun.reflect.DelegatingMethodAccessorImpl.invoke(DelegatingMethodAccessorImpl.java:43)
	at java.lang.reflect.Method.invoke(Method.java:606)
	at org.gradle.messaging.dispatch.ReflectionDispatch.dispatch(ReflectionDispatch.java:35)
	at org.gradle.messaging.dispatch.ReflectionDispatch.dispatch(ReflectionDispatch.java:24)
	at org.gradle.messaging.dispatch.ContextClassLoaderDispatch.dispatch(ContextClassLoaderDispatch.java:32)
	at org.gradle.messaging.dispatch.ProxyDispatchAdapter$DispatchingInvocationHandler.invoke(ProxyDispatchAdapter.java:93)
	at com.sun.proxy.$Proxy2.processTestClass(Unknown Source)
	at org.gradle.api.internal.tasks.testing.worker.TestWorker.processTestClass(TestWorker.java:106)
	at sun.reflect.GeneratedMethodAccessor125.invoke(Unknown Source)
	at sun.reflect.DelegatingMethodAccessorImpl.invoke(DelegatingMethodAccessorImpl.java:43)
	at java.lang.reflect.Method.invoke(Method.java:606)
	at org.gradle.messaging.dispatch.ReflectionDispatch.dispatch(ReflectionDispatch.java:35)
	at org.gradle.messaging.dispatch.ReflectionDispatch.dispatch(ReflectionDispatch.java:24)
	at org.gradle.messaging.remote.internal.hub.MessageHub$Handler.run(MessageHub.java:360)
	at org.gradle.internal.concurrent.DefaultExecutorFactory$StoppableExecutorImpl$1.run(DefaultExecutorFactory.java:64)
	at java.util.concurrent.ThreadPoolExecutor.runWorker(ThreadPoolExecutor.java:1145)
	at java.util.concurrent.ThreadPoolExecutor$Worker.run(ThreadPoolExecutor.java:615)
	at java.lang.Thread.run(Thread.java:745)
]]></system-err>
</testsuite>
